01/28/2019 08:50:24 PM first6months...........Calculate EKE.............0
01/28/2019 08:50:24 PM imported nc file
01/28/2019 08:50:26 PM imported coordinates
01/28/2019 08:51:10 PM last6months...........Calculate EKE.............0
01/28/2019 08:51:10 PM imported nc file
01/28/2019 08:51:14 PM imported coordinates
01/28/2019 08:56:12 PM first6months...........Calculate EKE.............0
01/28/2019 08:56:12 PM imported nc file
01/28/2019 08:56:14 PM imported coordinates
01/28/2019 08:59:44 PM imported pressure
01/28/2019 09:01:27 PM saved v_comp
01/28/2019 09:03:15 PM saved u_comp
01/28/2019 09:05:02 PM saved Z
01/28/2019 09:05:02 PM Filtering signal now
01/28/2019 09:26:08 PM Filtering u and v at plevel 2.710462927265426e-05
01/28/2019 09:26:19 PM calculated EKE
01/28/2019 09:26:50 PM saved EKE data
01/28/2019 09:26:51 PM EKE calculated !! Great !!
01/28/2019 09:27:01 PM first6months...........Calculate EKE.............1
01/28/2019 09:27:01 PM imported nc file
01/28/2019 09:27:05 PM imported coordinates
01/28/2019 09:30:42 PM imported pressure
01/28/2019 09:32:28 PM saved v_comp
01/28/2019 09:34:24 PM saved u_comp
01/28/2019 09:36:20 PM saved Z
01/28/2019 09:36:20 PM Filtering signal now
01/28/2019 09:56:30 PM Filtering u and v at plevel 2.710462927265426e-05
01/28/2019 09:56:41 PM calculated EKE
01/28/2019 09:57:12 PM saved EKE data
01/28/2019 09:57:12 PM EKE calculated !! Great !!
01/28/2019 09:57:21 PM first6months...........Calculate EKE.............2
01/28/2019 09:57:21 PM imported nc file
01/28/2019 09:57:27 PM imported coordinates
01/28/2019 10:02:13 PM imported pressure
01/28/2019 10:04:24 PM saved v_comp
01/28/2019 10:06:19 PM saved u_comp
01/28/2019 10:08:13 PM saved Z
01/28/2019 10:08:13 PM Filtering signal now
01/28/2019 10:28:55 PM Filtering u and v at plevel 2.710462927265426e-05
01/28/2019 10:29:05 PM calculated EKE
01/28/2019 10:29:37 PM saved EKE data
01/28/2019 10:29:37 PM EKE calculated !! Great !!
01/28/2019 10:29:44 PM first6months...........Calculate EKE.............3
01/28/2019 10:29:44 PM imported nc file
01/28/2019 10:29:48 PM imported coordinates
01/28/2019 10:33:33 PM imported pressure
01/28/2019 10:35:41 PM saved v_comp
01/28/2019 10:37:47 PM saved u_comp
01/28/2019 10:39:38 PM saved Z
01/28/2019 10:39:38 PM Filtering signal now
01/28/2019 11:00:36 PM Filtering u and v at plevel 2.710462927265426e-05
01/28/2019 11:00:47 PM calculated EKE
01/28/2019 11:01:18 PM saved EKE data
01/28/2019 11:01:18 PM EKE calculated !! Great !!
01/28/2019 11:01:24 PM first6months...........Calculate EKE.............4
01/28/2019 11:01:24 PM imported nc file
01/28/2019 11:01:28 PM imported coordinates
01/28/2019 11:04:05 PM imported pressure
01/28/2019 11:05:43 PM saved v_comp
01/28/2019 11:07:26 PM saved u_comp
01/28/2019 11:09:16 PM saved Z
01/28/2019 11:09:16 PM Filtering signal now
01/28/2019 11:18:49 PM last6months...........Calculate EKE.............0
01/28/2019 11:18:49 PM imported nc file
01/28/2019 11:18:53 PM imported coordinates
01/28/2019 11:21:43 PM imported pressure
01/28/2019 11:22:53 PM saved v_comp
01/28/2019 11:24:17 PM saved u_comp
01/28/2019 11:25:55 PM saved Z
01/28/2019 11:25:55 PM Filtering signal now
01/28/2019 11:29:17 PM Filtering u and v at plevel 2.710462927265426e-05
01/28/2019 11:29:28 PM calculated EKE
01/28/2019 11:29:59 PM saved EKE data
01/28/2019 11:29:59 PM EKE calculated !! Great !!
01/28/2019 11:30:05 PM first6months...........Calculate EKE.............5
01/28/2019 11:30:05 PM imported nc file
01/28/2019 11:30:09 PM imported coordinates
01/28/2019 11:32:16 PM imported pressure
01/28/2019 11:34:11 PM saved v_comp
01/28/2019 11:36:08 PM saved u_comp
01/28/2019 11:37:59 PM saved Z
01/28/2019 11:37:59 PM Filtering signal now
01/28/2019 11:47:13 PM Filtering u and v at plevel 2.710462927265426e-05
01/28/2019 11:47:24 PM calculated EKE
01/28/2019 11:47:55 PM saved EKE data
01/28/2019 11:47:55 PM EKE calculated !! Great !!
01/28/2019 11:48:03 PM last6months...........Calculate EKE.............1
01/28/2019 11:48:03 PM imported nc file
01/28/2019 11:48:06 PM imported coordinates
01/28/2019 11:51:31 PM imported pressure
01/28/2019 11:53:11 PM saved v_comp
01/28/2019 11:54:48 PM saved u_comp
01/28/2019 11:56:19 PM saved Z
01/28/2019 11:56:19 PM Filtering signal now
01/28/2019 11:57:27 PM Filtering u and v at plevel 2.710462927265426e-05
01/28/2019 11:57:37 PM calculated EKE
01/28/2019 11:58:09 PM saved EKE data
01/28/2019 11:58:09 PM EKE calculated !! Great !!
01/28/2019 11:58:15 PM first6months...........Calculate EKE.............6
01/28/2019 11:58:15 PM imported nc file
01/28/2019 11:58:17 PM imported coordinates
01/29/2019 12:01:18 AM imported pressure
01/29/2019 12:02:58 AM saved v_comp
01/29/2019 12:04:38 AM saved u_comp
01/29/2019 12:06:21 AM saved Z
01/29/2019 12:06:21 AM Filtering signal now
01/29/2019 12:17:08 AM Filtering u and v at plevel 2.710462927265426e-05
01/29/2019 12:17:19 AM calculated EKE
01/29/2019 12:17:51 AM saved EKE data
01/29/2019 12:17:51 AM EKE calculated !! Great !!
01/29/2019 12:17:59 AM last6months...........Calculate EKE.............2
01/29/2019 12:17:59 AM imported nc file
01/29/2019 12:18:02 AM imported coordinates
01/29/2019 12:20:23 AM imported pressure
01/29/2019 12:22:03 AM saved v_comp
01/29/2019 12:23:29 AM saved u_comp
01/29/2019 12:25:02 AM saved Z
01/29/2019 12:25:02 AM Filtering signal now
01/29/2019 12:26:53 AM Filtering u and v at plevel 2.710462927265426e-05
01/29/2019 12:27:04 AM calculated EKE
01/29/2019 12:27:35 AM saved EKE data
01/29/2019 12:27:36 AM EKE calculated !! Great !!
01/29/2019 12:27:41 AM first6months...........Calculate EKE.............7
01/29/2019 12:27:41 AM imported nc file
01/29/2019 12:27:45 AM imported coordinates
01/29/2019 12:31:09 AM imported pressure
01/29/2019 12:32:50 AM saved v_comp
01/29/2019 12:34:50 AM saved u_comp
01/29/2019 12:36:34 AM saved Z
01/29/2019 12:36:34 AM Filtering signal now
01/29/2019 12:46:33 AM Filtering u and v at plevel 2.710462927265426e-05
01/29/2019 12:46:44 AM calculated EKE
01/29/2019 12:47:15 AM saved EKE data
01/29/2019 12:47:15 AM EKE calculated !! Great !!
01/29/2019 12:47:24 AM last6months...........Calculate EKE.............3
01/29/2019 12:47:24 AM imported nc file
01/29/2019 12:47:26 AM imported coordinates
01/29/2019 12:48:48 AM imported pressure
01/29/2019 12:49:59 AM saved v_comp
01/29/2019 12:51:25 AM saved u_comp
01/29/2019 12:52:50 AM saved Z
01/29/2019 12:52:50 AM Filtering signal now
01/29/2019 12:57:12 AM Filtering u and v at plevel 2.710462927265426e-05
01/29/2019 12:57:23 AM calculated EKE
01/29/2019 12:57:55 AM saved EKE data
01/29/2019 12:57:55 AM EKE calculated !! Great !!
01/29/2019 12:58:01 AM first6months...........Calculate EKE.............8
01/29/2019 12:58:01 AM imported nc file
01/29/2019 12:58:03 AM imported coordinates
01/29/2019 01:01:04 AM imported pressure
01/29/2019 01:02:40 AM saved v_comp
01/29/2019 01:04:15 AM saved u_comp
01/29/2019 01:05:48 AM saved Z
01/29/2019 01:05:48 AM Filtering signal now
01/29/2019 01:12:08 AM Filtering u and v at plevel 2.710462927265426e-05
01/29/2019 01:12:18 AM calculated EKE
01/29/2019 01:12:49 AM saved EKE data
01/29/2019 01:12:49 AM EKE calculated !! Great !!
01/29/2019 01:12:56 AM last6months...........Calculate EKE.............4
01/29/2019 01:12:56 AM imported nc file
01/29/2019 01:12:59 AM imported coordinates
01/29/2019 01:15:57 AM imported pressure
01/29/2019 01:17:48 AM saved v_comp
01/29/2019 01:19:16 AM saved u_comp
01/29/2019 01:20:56 AM saved Z
01/29/2019 01:20:56 AM Filtering signal now
01/29/2019 01:27:37 AM Filtering u and v at plevel 2.710462927265426e-05
01/29/2019 01:27:47 AM calculated EKE
01/29/2019 01:28:19 AM saved EKE data
01/29/2019 01:28:19 AM EKE calculated !! Great !!
01/29/2019 01:28:26 AM first6months...........Calculate EKE.............9
01/29/2019 01:28:26 AM imported nc file
01/29/2019 01:28:29 AM imported coordinates
01/29/2019 01:31:57 AM imported pressure
01/29/2019 01:33:49 AM saved v_comp
01/29/2019 01:35:29 AM saved u_comp
01/29/2019 01:37:01 AM saved Z
01/29/2019 01:37:01 AM Filtering signal now
01/29/2019 01:41:54 AM Filtering u and v at plevel 2.710462927265426e-05
01/29/2019 01:42:04 AM calculated EKE
01/29/2019 01:42:36 AM saved EKE data
01/29/2019 01:42:36 AM EKE calculated !! Great !!
01/29/2019 01:42:42 AM last6months...........Calculate EKE.............5
01/29/2019 01:42:42 AM imported nc file
01/29/2019 01:42:45 AM imported coordinates
01/29/2019 01:45:47 AM imported pressure
01/29/2019 01:47:17 AM saved v_comp
01/29/2019 01:48:38 AM saved u_comp
01/29/2019 01:50:25 AM saved Z
01/29/2019 01:50:25 AM Filtering signal now
01/29/2019 01:58:25 AM Filtering u and v at plevel 2.710462927265426e-05
01/29/2019 01:58:36 AM calculated EKE
01/29/2019 01:59:07 AM saved EKE data
01/29/2019 01:59:07 AM EKE calculated !! Great !!
01/29/2019 02:12:14 AM Filtering u and v at plevel 2.710462927265426e-05
01/29/2019 02:12:25 AM calculated EKE
01/29/2019 02:12:57 AM saved EKE data
01/29/2019 02:12:57 AM EKE calculated !! Great !!
01/29/2019 02:13:02 AM last6months...........Calculate EKE.............6
01/29/2019 02:13:02 AM imported nc file
01/29/2019 02:13:04 AM imported coordinates
01/29/2019 02:15:26 AM imported pressure
01/29/2019 02:16:30 AM saved v_comp
01/29/2019 02:18:13 AM saved u_comp
01/29/2019 02:19:32 AM saved Z
01/29/2019 02:19:32 AM Filtering signal now
01/29/2019 02:40:32 AM Filtering u and v at plevel 2.710462927265426e-05
01/29/2019 02:40:43 AM calculated EKE
01/29/2019 02:41:14 AM saved EKE data
01/29/2019 02:41:14 AM EKE calculated !! Great !!
01/29/2019 02:41:21 AM last6months...........Calculate EKE.............7
01/29/2019 02:41:21 AM imported nc file
01/29/2019 02:41:23 AM imported coordinates
01/29/2019 02:44:41 AM imported pressure
01/29/2019 02:46:07 AM saved v_comp
01/29/2019 02:47:23 AM saved u_comp
01/29/2019 02:48:59 AM saved Z
01/29/2019 02:48:59 AM Filtering signal now
01/29/2019 03:10:49 AM Filtering u and v at plevel 2.710462927265426e-05
01/29/2019 03:10:59 AM calculated EKE
01/29/2019 03:11:31 AM saved EKE data
01/29/2019 03:11:31 AM EKE calculated !! Great !!
01/29/2019 03:11:36 AM last6months...........Calculate EKE.............8
01/29/2019 03:11:36 AM imported nc file
01/29/2019 03:11:39 AM imported coordinates
01/29/2019 03:14:21 AM imported pressure
01/29/2019 03:15:33 AM saved v_comp
01/29/2019 03:17:25 AM saved u_comp
01/29/2019 03:19:02 AM saved Z
01/29/2019 03:19:02 AM Filtering signal now
01/29/2019 03:40:13 AM Filtering u and v at plevel 2.710462927265426e-05
01/29/2019 03:40:24 AM calculated EKE
01/29/2019 03:40:55 AM saved EKE data
01/29/2019 03:40:55 AM EKE calculated !! Great !!
01/29/2019 03:41:01 AM last6months...........Calculate EKE.............9
01/29/2019 03:41:01 AM imported nc file
01/29/2019 03:41:04 AM imported coordinates
01/29/2019 03:42:24 AM imported pressure
01/29/2019 03:43:43 AM saved v_comp
01/29/2019 03:45:03 AM saved u_comp
01/29/2019 03:46:27 AM saved Z
01/29/2019 03:46:27 AM Filtering signal now
01/29/2019 04:07:53 AM Filtering u and v at plevel 2.710462927265426e-05
01/29/2019 04:08:03 AM calculated EKE
01/29/2019 04:08:34 AM saved EKE data
01/29/2019 04:08:34 AM EKE calculated !! Great !!
01/30/2019 01:04:58 PM ** INTERPOLATION ** 
01/30/2019 01:32:43 PM ** INTERPOLATION ** 
01/30/2019 01:32:44 PM ----0----
01/30/2019 01:32:44 PM ----1----
01/30/2019 01:32:44 PM ----2----
01/30/2019 01:32:44 PM ----3----
01/30/2019 01:32:44 PM ----4----
01/30/2019 01:32:44 PM ----5----
01/30/2019 01:32:44 PM ----6----
01/30/2019 01:32:44 PM ----7----
01/30/2019 01:32:44 PM ----8----
01/30/2019 01:32:44 PM ----9----
01/30/2019 01:32:46 PM Calculated interpolation
01/30/2019 01:32:46 PM Saved raw data interp dictionary
