01/28/2019 02:43:21 PM ...........Extract_ncfile_save_fluxes_radiation.py.............0
01/28/2019 02:43:21 PM imported nc file
01/28/2019 02:43:25 PM imported coordinates
01/28/2019 02:47:00 PM imported pressure
01/28/2019 02:48:49 PM saved temp
01/28/2019 02:50:36 PM saved v_comp
01/28/2019 02:52:20 PM saved u_comp
01/28/2019 02:54:09 PM saved Z
01/28/2019 02:55:52 PM saved q
01/28/2019 02:55:56 PM saved EKE
01/28/2019 02:56:02 PM calculated KE
01/28/2019 02:56:14 PM calculated MSE fluxes
01/28/2019 02:56:37 PM saved raw data
01/28/2019 02:56:44 PM vertical integartion : MSE fluxes
01/28/2019 02:56:54 PM vertical integration : sensible fluxes
01/28/2019 02:57:03 PM vertical integration : latent fluxes
01/28/2019 02:57:12 PM vertical integration : nc potential fluxes
01/28/2019 02:57:22 PM vertical integration : kinetic energy fluxes
01/28/2019 02:57:31 PM vertical integration : Enthalpy 
01/28/2019 03:03:11 PM saved radiation
01/28/2019 03:03:17 PM saved flux_oceanq
01/28/2019 03:03:20 PM precipitation
01/28/2019 03:03:21 PM radiation-- I think its right now !
01/28/2019 03:03:23 PM calculated dh_by_dt
01/28/2019 03:03:23 PM loaded coordinates dictionary
01/28/2019 03:03:23 PM loaded MSE_flux dictionary
01/28/2019 03:03:23 PM loaded rad_dic dictionary
01/28/2019 03:03:25 PM successfully saved dictionaries in files
01/28/2019 03:03:25 PM Begins calculating TE, SE and MM fluxes ....
01/28/2019 03:03:28 PM calculated dh_by_dt dictionary
01/28/2019 03:09:06 PM loaded zonal decomposed fluxes dictionary
01/28/2019 03:09:06 PM loaded zonal decomposed fluxes without vertical avg dictionary
01/28/2019 03:09:07 PM loaded zonal radiation dictionary
01/28/2019 03:09:18 PM destination folder created !
01/28/2019 03:09:18 PM ...........Extract_ncfile_save_fluxes_radiation.py.............1
01/28/2019 03:09:18 PM imported nc file
01/28/2019 03:09:22 PM imported coordinates
01/28/2019 03:13:02 PM imported pressure
01/28/2019 03:14:52 PM saved temp
01/28/2019 03:16:37 PM saved v_comp
01/28/2019 03:18:30 PM saved u_comp
01/28/2019 03:20:34 PM saved Z
01/28/2019 03:22:31 PM saved q
01/28/2019 03:22:36 PM saved EKE
01/28/2019 03:22:42 PM calculated KE
01/28/2019 03:22:53 PM calculated MSE fluxes
01/28/2019 03:23:17 PM saved raw data
01/28/2019 03:23:23 PM vertical integartion : MSE fluxes
01/28/2019 03:23:32 PM vertical integration : sensible fluxes
01/28/2019 03:23:42 PM vertical integration : latent fluxes
01/28/2019 03:23:51 PM vertical integration : nc potential fluxes
01/28/2019 03:24:00 PM vertical integration : kinetic energy fluxes
01/28/2019 03:24:09 PM vertical integration : Enthalpy 
01/28/2019 03:30:31 PM saved radiation
01/28/2019 03:30:38 PM saved flux_oceanq
01/28/2019 03:30:42 PM precipitation
01/28/2019 03:30:42 PM radiation-- I think its right now !
01/28/2019 03:30:45 PM calculated dh_by_dt
01/28/2019 03:30:45 PM loaded coordinates dictionary
01/28/2019 03:30:45 PM loaded MSE_flux dictionary
01/28/2019 03:30:45 PM loaded rad_dic dictionary
01/28/2019 03:30:47 PM successfully saved dictionaries in files
01/28/2019 03:30:47 PM Begins calculating TE, SE and MM fluxes ....
01/28/2019 03:30:51 PM calculated dh_by_dt dictionary
01/28/2019 03:36:31 PM loaded zonal decomposed fluxes dictionary
01/28/2019 03:36:31 PM loaded zonal decomposed fluxes without vertical avg dictionary
01/28/2019 03:36:32 PM loaded zonal radiation dictionary
01/28/2019 03:36:42 PM destination folder created !
01/28/2019 03:36:42 PM ...........Extract_ncfile_save_fluxes_radiation.py.............2
01/28/2019 03:36:42 PM imported nc file
01/28/2019 03:36:46 PM imported coordinates
01/28/2019 03:40:18 PM imported pressure
01/28/2019 03:42:16 PM saved temp
01/28/2019 03:44:02 PM saved v_comp
01/28/2019 03:45:49 PM saved u_comp
01/28/2019 03:47:38 PM saved Z
01/28/2019 03:49:20 PM saved q
01/28/2019 03:49:23 PM saved EKE
01/28/2019 03:49:30 PM calculated KE
01/28/2019 03:49:41 PM calculated MSE fluxes
01/28/2019 03:50:04 PM saved raw data
01/28/2019 03:50:11 PM vertical integartion : MSE fluxes
01/28/2019 03:50:20 PM vertical integration : sensible fluxes
01/28/2019 03:50:29 PM vertical integration : latent fluxes
01/28/2019 03:50:39 PM vertical integration : nc potential fluxes
01/28/2019 03:50:48 PM vertical integration : kinetic energy fluxes
01/28/2019 03:50:57 PM vertical integration : Enthalpy 
01/28/2019 03:56:39 PM saved radiation
01/28/2019 03:56:47 PM saved flux_oceanq
01/28/2019 03:56:51 PM precipitation
01/28/2019 03:56:51 PM radiation-- I think its right now !
01/28/2019 03:56:54 PM calculated dh_by_dt
01/28/2019 03:56:54 PM loaded coordinates dictionary
01/28/2019 03:56:54 PM loaded MSE_flux dictionary
01/28/2019 03:56:54 PM loaded rad_dic dictionary
01/28/2019 03:56:56 PM successfully saved dictionaries in files
01/28/2019 03:56:56 PM Begins calculating TE, SE and MM fluxes ....
01/28/2019 03:56:59 PM calculated dh_by_dt dictionary
01/28/2019 04:02:42 PM loaded zonal decomposed fluxes dictionary
01/28/2019 04:02:42 PM loaded zonal decomposed fluxes without vertical avg dictionary
01/28/2019 04:02:43 PM loaded zonal radiation dictionary
01/28/2019 04:02:53 PM destination folder created !
01/28/2019 04:02:53 PM ...........Extract_ncfile_save_fluxes_radiation.py.............3
01/28/2019 04:02:53 PM imported nc file
01/28/2019 04:02:56 PM imported coordinates
01/28/2019 04:06:40 PM imported pressure
01/28/2019 04:08:27 PM saved temp
01/28/2019 04:10:13 PM saved v_comp
01/28/2019 04:12:06 PM saved u_comp
01/28/2019 04:13:54 PM saved Z
01/28/2019 04:15:42 PM saved q
01/28/2019 04:15:45 PM saved EKE
01/28/2019 04:15:52 PM calculated KE
01/28/2019 04:16:03 PM calculated MSE fluxes
01/28/2019 04:16:26 PM saved raw data
01/28/2019 04:16:33 PM vertical integartion : MSE fluxes
01/28/2019 04:16:42 PM vertical integration : sensible fluxes
01/28/2019 04:16:51 PM vertical integration : latent fluxes
01/28/2019 04:17:00 PM vertical integration : nc potential fluxes
01/28/2019 04:17:10 PM vertical integration : kinetic energy fluxes
01/28/2019 04:17:19 PM vertical integration : Enthalpy 
01/28/2019 04:23:18 PM saved radiation
01/28/2019 04:23:23 PM saved flux_oceanq
01/28/2019 04:23:26 PM precipitation
01/28/2019 04:23:26 PM radiation-- I think its right now !
01/28/2019 04:23:29 PM calculated dh_by_dt
01/28/2019 04:23:29 PM loaded coordinates dictionary
01/28/2019 04:23:29 PM loaded MSE_flux dictionary
01/28/2019 04:23:29 PM loaded rad_dic dictionary
01/28/2019 04:23:30 PM successfully saved dictionaries in files
01/28/2019 04:23:30 PM Begins calculating TE, SE and MM fluxes ....
01/28/2019 04:23:33 PM calculated dh_by_dt dictionary
01/28/2019 04:29:08 PM loaded zonal decomposed fluxes dictionary
01/28/2019 04:29:08 PM loaded zonal decomposed fluxes without vertical avg dictionary
01/28/2019 04:29:08 PM loaded zonal radiation dictionary
01/28/2019 04:29:20 PM destination folder created !
01/28/2019 04:29:20 PM ...........Extract_ncfile_save_fluxes_radiation.py.............4
01/28/2019 04:29:20 PM imported nc file
01/28/2019 04:29:23 PM imported coordinates
01/28/2019 04:32:56 PM imported pressure
01/28/2019 04:34:37 PM saved temp
01/28/2019 04:36:24 PM saved v_comp
01/28/2019 04:38:05 PM saved u_comp
01/28/2019 04:39:50 PM saved Z
01/28/2019 04:41:59 PM saved q
01/28/2019 04:42:02 PM saved EKE
01/28/2019 04:42:09 PM calculated KE
01/28/2019 04:42:20 PM calculated MSE fluxes
01/28/2019 04:42:43 PM saved raw data
01/28/2019 04:42:50 PM vertical integartion : MSE fluxes
01/28/2019 04:42:59 PM vertical integration : sensible fluxes
01/28/2019 04:43:08 PM vertical integration : latent fluxes
01/28/2019 04:43:18 PM vertical integration : nc potential fluxes
01/28/2019 04:43:27 PM vertical integration : kinetic energy fluxes
01/28/2019 04:43:36 PM vertical integration : Enthalpy 
01/28/2019 04:49:26 PM saved radiation
01/28/2019 04:49:32 PM saved flux_oceanq
01/28/2019 04:49:35 PM precipitation
01/28/2019 04:49:35 PM radiation-- I think its right now !
01/28/2019 04:49:38 PM calculated dh_by_dt
01/28/2019 04:49:38 PM loaded coordinates dictionary
01/28/2019 04:49:38 PM loaded MSE_flux dictionary
01/28/2019 04:49:38 PM loaded rad_dic dictionary
01/28/2019 04:49:39 PM successfully saved dictionaries in files
01/28/2019 04:49:39 PM Begins calculating TE, SE and MM fluxes ....
01/28/2019 04:49:42 PM calculated dh_by_dt dictionary
01/28/2019 04:55:27 PM loaded zonal decomposed fluxes dictionary
01/28/2019 04:55:27 PM loaded zonal decomposed fluxes without vertical avg dictionary
01/28/2019 04:55:27 PM loaded zonal radiation dictionary
01/28/2019 04:55:38 PM destination folder created !
01/28/2019 04:55:38 PM ...........Extract_ncfile_save_fluxes_radiation.py.............5
01/28/2019 04:55:38 PM imported nc file
01/28/2019 04:55:41 PM imported coordinates
01/28/2019 04:59:13 PM imported pressure
01/28/2019 05:00:56 PM saved temp
01/28/2019 05:02:49 PM saved v_comp
01/28/2019 05:04:31 PM saved u_comp
01/28/2019 05:06:23 PM saved Z
01/28/2019 05:08:14 PM saved q
01/28/2019 05:08:17 PM saved EKE
01/28/2019 05:08:23 PM calculated KE
01/28/2019 05:08:35 PM calculated MSE fluxes
01/28/2019 05:08:58 PM saved raw data
01/28/2019 05:09:05 PM vertical integartion : MSE fluxes
01/28/2019 05:09:14 PM vertical integration : sensible fluxes
01/28/2019 05:09:24 PM vertical integration : latent fluxes
01/28/2019 05:09:33 PM vertical integration : nc potential fluxes
01/28/2019 05:09:43 PM vertical integration : kinetic energy fluxes
01/28/2019 05:09:52 PM vertical integration : Enthalpy 
01/28/2019 05:15:08 PM saved radiation
01/28/2019 05:15:13 PM saved flux_oceanq
01/28/2019 05:15:15 PM precipitation
01/28/2019 05:15:16 PM radiation-- I think its right now !
01/28/2019 05:15:18 PM calculated dh_by_dt
01/28/2019 05:15:18 PM loaded coordinates dictionary
01/28/2019 05:15:18 PM loaded MSE_flux dictionary
01/28/2019 05:15:18 PM loaded rad_dic dictionary
01/28/2019 05:15:20 PM successfully saved dictionaries in files
01/28/2019 05:15:20 PM Begins calculating TE, SE and MM fluxes ....
01/28/2019 05:15:23 PM calculated dh_by_dt dictionary
01/28/2019 05:21:05 PM loaded zonal decomposed fluxes dictionary
01/28/2019 05:21:05 PM loaded zonal decomposed fluxes without vertical avg dictionary
01/28/2019 05:21:06 PM loaded zonal radiation dictionary
01/28/2019 05:21:17 PM destination folder created !
01/28/2019 05:21:17 PM ...........Extract_ncfile_save_fluxes_radiation.py.............6
01/28/2019 05:21:17 PM imported nc file
01/28/2019 05:21:20 PM imported coordinates
01/28/2019 05:24:43 PM imported pressure
01/28/2019 05:26:26 PM saved temp
01/28/2019 05:28:14 PM saved v_comp
01/28/2019 05:29:58 PM saved u_comp
01/28/2019 05:31:33 PM saved Z
01/28/2019 05:33:18 PM saved q
01/28/2019 05:33:21 PM saved EKE
01/28/2019 05:33:27 PM calculated KE
01/28/2019 05:33:39 PM calculated MSE fluxes
01/28/2019 05:34:02 PM saved raw data
01/28/2019 05:34:08 PM vertical integartion : MSE fluxes
01/28/2019 05:34:18 PM vertical integration : sensible fluxes
01/28/2019 05:34:27 PM vertical integration : latent fluxes
01/28/2019 05:34:36 PM vertical integration : nc potential fluxes
01/28/2019 05:34:45 PM vertical integration : kinetic energy fluxes
01/28/2019 05:34:54 PM vertical integration : Enthalpy 
01/28/2019 05:40:05 PM saved radiation
01/28/2019 05:40:10 PM saved flux_oceanq
01/28/2019 05:40:12 PM precipitation
01/28/2019 05:40:13 PM radiation-- I think its right now !
01/28/2019 05:40:15 PM calculated dh_by_dt
01/28/2019 05:40:15 PM loaded coordinates dictionary
01/28/2019 05:40:15 PM loaded MSE_flux dictionary
01/28/2019 05:40:15 PM loaded rad_dic dictionary
01/28/2019 05:40:16 PM successfully saved dictionaries in files
01/28/2019 05:40:16 PM Begins calculating TE, SE and MM fluxes ....
01/28/2019 05:40:19 PM calculated dh_by_dt dictionary
01/28/2019 05:46:01 PM loaded zonal decomposed fluxes dictionary
01/28/2019 05:46:01 PM loaded zonal decomposed fluxes without vertical avg dictionary
01/28/2019 05:46:01 PM loaded zonal radiation dictionary
01/28/2019 05:46:11 PM destination folder created !
01/28/2019 05:46:11 PM ...........Extract_ncfile_save_fluxes_radiation.py.............7
01/28/2019 05:46:11 PM imported nc file
01/28/2019 05:46:14 PM imported coordinates
01/28/2019 05:49:58 PM imported pressure
01/28/2019 05:51:57 PM saved temp
01/28/2019 05:53:52 PM saved v_comp
01/28/2019 05:55:35 PM saved u_comp
01/28/2019 05:57:20 PM saved Z
01/28/2019 05:59:08 PM saved q
01/28/2019 05:59:11 PM saved EKE
01/28/2019 05:59:18 PM calculated KE
01/28/2019 05:59:29 PM calculated MSE fluxes
01/28/2019 05:59:52 PM saved raw data
01/28/2019 05:59:59 PM vertical integartion : MSE fluxes
01/28/2019 06:00:08 PM vertical integration : sensible fluxes
01/28/2019 06:00:17 PM vertical integration : latent fluxes
01/28/2019 06:00:26 PM vertical integration : nc potential fluxes
01/28/2019 06:00:36 PM vertical integration : kinetic energy fluxes
01/28/2019 06:00:45 PM vertical integration : Enthalpy 
01/28/2019 06:05:53 PM saved radiation
01/28/2019 06:05:58 PM saved flux_oceanq
01/28/2019 06:06:00 PM precipitation
01/28/2019 06:06:01 PM radiation-- I think its right now !
01/28/2019 06:06:03 PM calculated dh_by_dt
01/28/2019 06:06:03 PM loaded coordinates dictionary
01/28/2019 06:06:03 PM loaded MSE_flux dictionary
01/28/2019 06:06:03 PM loaded rad_dic dictionary
01/28/2019 06:06:05 PM successfully saved dictionaries in files
01/28/2019 06:06:05 PM Begins calculating TE, SE and MM fluxes ....
01/28/2019 06:06:08 PM calculated dh_by_dt dictionary
01/28/2019 06:11:49 PM loaded zonal decomposed fluxes dictionary
01/28/2019 06:11:49 PM loaded zonal decomposed fluxes without vertical avg dictionary
01/28/2019 06:11:49 PM loaded zonal radiation dictionary
01/28/2019 06:12:00 PM destination folder created !
01/28/2019 06:12:00 PM ...........Extract_ncfile_save_fluxes_radiation.py.............8
01/28/2019 06:12:00 PM imported nc file
01/28/2019 06:12:03 PM imported coordinates
01/28/2019 06:15:59 PM imported pressure
01/28/2019 06:17:52 PM saved temp
01/28/2019 06:19:53 PM saved v_comp
01/28/2019 06:21:41 PM saved u_comp
01/28/2019 06:23:22 PM saved Z
01/28/2019 06:25:09 PM saved q
01/28/2019 06:25:12 PM saved EKE
01/28/2019 06:25:19 PM calculated KE
01/28/2019 06:25:30 PM calculated MSE fluxes
01/28/2019 06:25:54 PM saved raw data
01/28/2019 06:26:00 PM vertical integartion : MSE fluxes
01/28/2019 06:26:10 PM vertical integration : sensible fluxes
01/28/2019 06:26:19 PM vertical integration : latent fluxes
01/28/2019 06:26:29 PM vertical integration : nc potential fluxes
01/28/2019 06:26:38 PM vertical integration : kinetic energy fluxes
01/28/2019 06:26:48 PM vertical integration : Enthalpy 
01/28/2019 06:32:22 PM saved radiation
01/28/2019 06:32:28 PM saved flux_oceanq
01/28/2019 06:32:31 PM precipitation
01/28/2019 06:32:31 PM radiation-- I think its right now !
01/28/2019 06:32:34 PM calculated dh_by_dt
01/28/2019 06:32:34 PM loaded coordinates dictionary
01/28/2019 06:32:34 PM loaded MSE_flux dictionary
01/28/2019 06:32:34 PM loaded rad_dic dictionary
01/28/2019 06:32:35 PM successfully saved dictionaries in files
01/28/2019 06:32:35 PM Begins calculating TE, SE and MM fluxes ....
01/28/2019 06:32:38 PM calculated dh_by_dt dictionary
01/28/2019 06:38:27 PM loaded zonal decomposed fluxes dictionary
01/28/2019 06:38:27 PM loaded zonal decomposed fluxes without vertical avg dictionary
01/28/2019 06:38:27 PM loaded zonal radiation dictionary
01/28/2019 06:38:42 PM destination folder created !
01/28/2019 06:38:42 PM ...........Extract_ncfile_save_fluxes_radiation.py.............9
01/28/2019 06:38:42 PM imported nc file
01/28/2019 06:38:45 PM imported coordinates
01/28/2019 06:42:08 PM imported pressure
01/28/2019 06:44:00 PM saved temp
01/28/2019 06:45:41 PM saved v_comp
01/28/2019 06:47:23 PM saved u_comp
01/28/2019 06:49:05 PM saved Z
01/28/2019 06:50:48 PM saved q
01/28/2019 06:50:51 PM saved EKE
01/28/2019 06:50:58 PM calculated KE
01/28/2019 06:51:09 PM calculated MSE fluxes
01/28/2019 06:51:33 PM saved raw data
01/28/2019 06:51:39 PM vertical integartion : MSE fluxes
01/28/2019 06:51:48 PM vertical integration : sensible fluxes
01/28/2019 06:51:58 PM vertical integration : latent fluxes
01/28/2019 06:52:07 PM vertical integration : nc potential fluxes
01/28/2019 06:52:17 PM vertical integration : kinetic energy fluxes
01/28/2019 06:52:26 PM vertical integration : Enthalpy 
01/28/2019 06:58:14 PM saved radiation
01/28/2019 06:58:20 PM saved flux_oceanq
01/28/2019 06:58:23 PM precipitation
01/28/2019 06:58:24 PM radiation-- I think its right now !
01/28/2019 06:58:26 PM calculated dh_by_dt
01/28/2019 06:58:26 PM loaded coordinates dictionary
01/28/2019 06:58:26 PM loaded MSE_flux dictionary
01/28/2019 06:58:26 PM loaded rad_dic dictionary
01/28/2019 06:58:27 PM successfully saved dictionaries in files
01/28/2019 06:58:27 PM Begins calculating TE, SE and MM fluxes ....
01/28/2019 06:58:31 PM calculated dh_by_dt dictionary
01/28/2019 07:04:15 PM loaded zonal decomposed fluxes dictionary
01/28/2019 07:04:15 PM loaded zonal decomposed fluxes without vertical avg dictionary
01/28/2019 07:04:15 PM loaded zonal radiation dictionary
01/28/2019 07:04:26 PM destination folder created !
01/28/2019 07:04:26 PM ...........Extract_ncfile_save_fluxes_radiation.py.............0
01/28/2019 07:04:26 PM imported nc file
01/28/2019 07:04:29 PM imported coordinates
01/28/2019 07:07:41 PM imported pressure
01/28/2019 07:09:18 PM saved temp
01/28/2019 07:10:57 PM saved v_comp
01/28/2019 07:12:33 PM saved u_comp
01/28/2019 07:14:15 PM saved Z
01/28/2019 07:15:56 PM saved q
01/28/2019 07:15:59 PM saved EKE
01/28/2019 07:16:05 PM calculated KE
01/28/2019 07:16:17 PM calculated MSE fluxes
01/28/2019 07:16:40 PM saved raw data
01/28/2019 07:16:46 PM vertical integartion : MSE fluxes
01/28/2019 07:16:55 PM vertical integration : sensible fluxes
01/28/2019 07:17:04 PM vertical integration : latent fluxes
01/28/2019 07:17:13 PM vertical integration : nc potential fluxes
01/28/2019 07:17:23 PM vertical integration : kinetic energy fluxes
01/28/2019 07:17:32 PM vertical integration : Enthalpy 
01/28/2019 07:22:22 PM saved radiation
01/28/2019 07:22:27 PM saved flux_oceanq
01/28/2019 07:22:30 PM precipitation
01/28/2019 07:22:36 PM destination folder created !
01/28/2019 07:22:36 PM ...........Extract_ncfile_save_fluxes_radiation.py.............1
01/28/2019 07:22:36 PM imported nc file
01/28/2019 07:22:39 PM imported coordinates
01/28/2019 07:26:02 PM imported pressure
01/28/2019 07:27:47 PM saved temp
01/28/2019 07:29:39 PM saved v_comp
01/28/2019 07:31:33 PM saved u_comp
01/28/2019 07:33:26 PM saved Z
01/28/2019 07:35:12 PM saved q
01/28/2019 07:35:15 PM saved EKE
01/28/2019 07:35:22 PM calculated KE
01/28/2019 07:35:33 PM calculated MSE fluxes
01/28/2019 07:35:57 PM saved raw data
01/28/2019 07:36:03 PM vertical integartion : MSE fluxes
01/28/2019 07:36:13 PM vertical integration : sensible fluxes
01/28/2019 07:36:22 PM vertical integration : latent fluxes
01/28/2019 07:36:31 PM vertical integration : nc potential fluxes
01/28/2019 07:36:41 PM vertical integration : kinetic energy fluxes
01/28/2019 07:36:50 PM vertical integration : Enthalpy 
01/28/2019 07:41:37 PM saved radiation
01/28/2019 07:41:43 PM saved flux_oceanq
01/28/2019 07:41:46 PM precipitation
01/28/2019 07:41:52 PM destination folder created !
01/28/2019 07:41:52 PM ...........Extract_ncfile_save_fluxes_radiation.py.............2
01/28/2019 07:41:52 PM imported nc file
01/28/2019 07:41:55 PM imported coordinates
01/28/2019 07:45:03 PM imported pressure
01/28/2019 07:46:42 PM saved temp
01/28/2019 07:48:20 PM saved v_comp
01/28/2019 07:50:03 PM saved u_comp
01/28/2019 07:51:46 PM saved Z
01/28/2019 07:53:41 PM saved q
01/28/2019 07:53:44 PM saved EKE
01/28/2019 07:53:50 PM calculated KE
01/28/2019 07:54:02 PM calculated MSE fluxes
01/28/2019 07:54:25 PM saved raw data
01/28/2019 07:54:31 PM vertical integartion : MSE fluxes
01/28/2019 07:54:41 PM vertical integration : sensible fluxes
01/28/2019 07:54:50 PM vertical integration : latent fluxes
01/28/2019 07:54:59 PM vertical integration : nc potential fluxes
01/28/2019 07:55:09 PM vertical integration : kinetic energy fluxes
01/28/2019 07:55:18 PM vertical integration : Enthalpy 
01/28/2019 08:00:43 PM saved radiation
01/28/2019 08:00:50 PM saved flux_oceanq
01/28/2019 08:00:53 PM precipitation
01/28/2019 08:01:02 PM destination folder created !
01/28/2019 08:01:02 PM ...........Extract_ncfile_save_fluxes_radiation.py.............3
01/28/2019 08:01:02 PM imported nc file
01/28/2019 08:01:06 PM imported coordinates
01/28/2019 08:04:14 PM imported pressure
01/28/2019 08:05:48 PM saved temp
01/28/2019 08:07:23 PM saved v_comp
01/28/2019 08:08:57 PM saved u_comp
01/28/2019 08:10:28 PM saved Z
01/28/2019 08:12:02 PM saved q
01/28/2019 08:12:05 PM saved EKE
01/28/2019 08:12:11 PM calculated KE
01/28/2019 08:12:23 PM calculated MSE fluxes
01/28/2019 08:12:46 PM saved raw data
01/28/2019 08:12:53 PM vertical integartion : MSE fluxes
01/28/2019 08:13:02 PM vertical integration : sensible fluxes
01/28/2019 08:13:11 PM vertical integration : latent fluxes
01/28/2019 08:13:21 PM vertical integration : nc potential fluxes
01/28/2019 08:13:30 PM vertical integration : kinetic energy fluxes
01/28/2019 08:13:39 PM vertical integration : Enthalpy 
01/28/2019 08:18:18 PM saved radiation
01/28/2019 08:18:25 PM saved flux_oceanq
01/28/2019 08:18:29 PM precipitation
01/28/2019 08:18:37 PM destination folder created !
01/28/2019 08:18:37 PM ...........Extract_ncfile_save_fluxes_radiation.py.............4
01/28/2019 08:18:37 PM imported nc file
01/28/2019 08:18:41 PM imported coordinates
01/28/2019 08:21:57 PM imported pressure
01/28/2019 08:23:40 PM saved temp
01/28/2019 08:25:15 PM saved v_comp
01/28/2019 08:27:05 PM saved u_comp
01/28/2019 08:49:06 PM first6months...........Extract_ncfile_save_fluxes_radiation.py.............0
01/28/2019 08:49:06 PM imported nc file
01/28/2019 08:49:09 PM imported coordinates
01/28/2019 08:51:10 PM last6months...........Extract_ncfile_save_fluxes_radiation.py.............0
01/28/2019 08:51:10 PM imported nc file
01/28/2019 08:51:14 PM imported coordinates
01/28/2019 08:51:51 PM imported pressure
01/28/2019 08:53:34 PM saved temp
01/28/2019 08:54:19 PM imported pressure
01/28/2019 08:55:14 PM saved v_comp
01/28/2019 08:55:58 PM saved temp
01/28/2019 08:56:55 PM saved u_comp
01/28/2019 08:57:43 PM saved v_comp
01/28/2019 08:58:43 PM saved Z
01/28/2019 08:59:30 PM saved u_comp
01/28/2019 09:00:32 PM saved q
01/28/2019 09:00:35 PM saved EKE
01/28/2019 09:00:42 PM calculated KE
01/28/2019 09:00:53 PM calculated MSE fluxes
01/28/2019 09:01:17 PM saved raw data
01/28/2019 09:01:20 PM saved Z
01/28/2019 09:01:24 PM vertical integartion : MSE fluxes
01/28/2019 09:01:33 PM vertical integration : sensible fluxes
01/28/2019 09:01:42 PM vertical integration : latent fluxes
01/28/2019 09:01:52 PM vertical integration : nc potential fluxes
01/28/2019 09:02:01 PM vertical integration : kinetic energy fluxes
01/28/2019 09:02:10 PM vertical integration : Enthalpy 
01/28/2019 09:03:08 PM saved q
01/28/2019 09:03:12 PM saved EKE
01/28/2019 09:03:19 PM calculated KE
01/28/2019 09:03:30 PM calculated MSE fluxes
01/28/2019 09:03:55 PM saved raw data
01/28/2019 09:04:02 PM vertical integartion : MSE fluxes
01/28/2019 09:04:12 PM vertical integration : sensible fluxes
01/28/2019 09:04:21 PM vertical integration : latent fluxes
01/28/2019 09:04:31 PM vertical integration : nc potential fluxes
01/28/2019 09:04:41 PM vertical integration : kinetic energy fluxes
01/28/2019 09:04:50 PM vertical integration : Enthalpy 
01/28/2019 09:07:35 PM saved radiation
01/28/2019 09:07:41 PM saved flux_oceanq
01/28/2019 09:07:45 PM precipitation
01/28/2019 09:07:46 PM radiation-- I think its right now !
01/28/2019 09:07:48 PM calculated dh_by_dt
01/28/2019 09:07:48 PM loaded coordinates dictionary
01/28/2019 09:07:48 PM loaded MSE_flux dictionary
01/28/2019 09:07:48 PM loaded rad_dic dictionary
01/28/2019 09:07:50 PM successfully saved dictionaries in files
01/28/2019 09:07:50 PM Begins calculating TE, SE and MM fluxes ....
01/28/2019 09:07:53 PM calculated dh_by_dt dictionary
01/28/2019 09:10:14 PM saved radiation
01/28/2019 09:10:20 PM saved flux_oceanq
01/28/2019 09:10:25 PM precipitation
01/28/2019 09:10:25 PM radiation-- I think its right now !
01/28/2019 09:10:28 PM calculated dh_by_dt
01/28/2019 09:10:28 PM loaded coordinates dictionary
01/28/2019 09:10:28 PM loaded MSE_flux dictionary
01/28/2019 09:10:28 PM loaded rad_dic dictionary
01/28/2019 09:10:30 PM successfully saved dictionaries in files
01/28/2019 09:10:30 PM Begins calculating TE, SE and MM fluxes ....
01/28/2019 09:10:33 PM calculated dh_by_dt dictionary
01/28/2019 09:13:38 PM loaded zonal decomposed fluxes dictionary
01/28/2019 09:13:38 PM loaded zonal decomposed fluxes without vertical avg dictionary
01/28/2019 09:13:38 PM loaded zonal radiation dictionary
01/28/2019 09:16:19 PM loaded zonal decomposed fluxes dictionary
01/28/2019 09:16:19 PM loaded zonal decomposed fluxes without vertical avg dictionary
01/28/2019 09:16:20 PM loaded zonal radiation dictionary
01/28/2019 09:18:21 PM loaded MMC_thermo_dynamic dictionary
01/28/2019 09:18:21 PM loaded MMC_thermo_dynamic_vert dictionary
01/28/2019 09:18:28 PM first6months...........Extract_ncfile_save_fluxes_radiation.py.............1
01/28/2019 09:18:28 PM imported nc file
01/28/2019 09:18:31 PM imported coordinates
01/28/2019 09:21:01 PM loaded MMC_thermo_dynamic dictionary
01/28/2019 09:21:01 PM loaded MMC_thermo_dynamic_vert dictionary
01/28/2019 09:21:11 PM last6months...........Extract_ncfile_save_fluxes_radiation.py.............1
01/28/2019 09:21:11 PM imported nc file
01/28/2019 09:21:14 PM imported coordinates
01/28/2019 09:22:13 PM imported pressure
01/28/2019 09:23:52 PM saved temp
01/28/2019 09:24:36 PM imported pressure
01/28/2019 09:25:38 PM saved v_comp
01/28/2019 09:26:18 PM saved temp
01/28/2019 09:27:20 PM saved u_comp
01/28/2019 09:28:02 PM saved v_comp
01/28/2019 09:29:07 PM saved Z
01/28/2019 09:29:56 PM saved u_comp
01/28/2019 09:31:06 PM saved q
01/28/2019 09:31:10 PM saved EKE
01/28/2019 09:31:17 PM calculated KE
01/28/2019 09:31:28 PM calculated MSE fluxes
01/28/2019 09:31:44 PM saved Z
01/28/2019 09:31:52 PM saved raw data
01/28/2019 09:31:59 PM vertical integartion : MSE fluxes
01/28/2019 09:32:08 PM vertical integration : sensible fluxes
01/28/2019 09:32:17 PM vertical integration : latent fluxes
01/28/2019 09:32:27 PM vertical integration : nc potential fluxes
01/28/2019 09:32:36 PM vertical integration : kinetic energy fluxes
01/28/2019 09:32:46 PM vertical integration : Enthalpy 
01/28/2019 09:33:38 PM saved q
01/28/2019 09:33:42 PM saved EKE
01/28/2019 09:33:49 PM calculated KE
01/28/2019 09:34:00 PM calculated MSE fluxes
01/28/2019 09:34:25 PM saved raw data
01/28/2019 09:34:32 PM vertical integartion : MSE fluxes
01/28/2019 09:34:41 PM vertical integration : sensible fluxes
01/28/2019 09:34:51 PM vertical integration : latent fluxes
01/28/2019 09:35:00 PM vertical integration : nc potential fluxes
01/28/2019 09:35:10 PM vertical integration : kinetic energy fluxes
01/28/2019 09:35:19 PM vertical integration : Enthalpy 
01/28/2019 09:38:36 PM saved radiation
01/28/2019 09:38:43 PM saved flux_oceanq
01/28/2019 09:38:47 PM precipitation
01/28/2019 09:38:47 PM radiation-- I think its right now !
01/28/2019 09:38:50 PM calculated dh_by_dt
01/28/2019 09:38:50 PM loaded coordinates dictionary
01/28/2019 09:38:50 PM loaded MSE_flux dictionary
01/28/2019 09:38:50 PM loaded rad_dic dictionary
01/28/2019 09:38:52 PM successfully saved dictionaries in files
01/28/2019 09:38:52 PM Begins calculating TE, SE and MM fluxes ....
01/28/2019 09:38:55 PM calculated dh_by_dt dictionary
01/28/2019 09:41:17 PM saved radiation
01/28/2019 09:41:26 PM saved flux_oceanq
01/28/2019 09:41:30 PM precipitation
01/28/2019 09:41:31 PM radiation-- I think its right now !
01/28/2019 09:41:33 PM calculated dh_by_dt
01/28/2019 09:41:33 PM loaded coordinates dictionary
01/28/2019 09:41:33 PM loaded MSE_flux dictionary
01/28/2019 09:41:33 PM loaded rad_dic dictionary
01/28/2019 09:41:35 PM successfully saved dictionaries in files
01/28/2019 09:41:35 PM Begins calculating TE, SE and MM fluxes ....
01/28/2019 09:41:38 PM calculated dh_by_dt dictionary
01/28/2019 09:44:40 PM loaded zonal decomposed fluxes dictionary
01/28/2019 09:44:40 PM loaded zonal decomposed fluxes without vertical avg dictionary
01/28/2019 09:44:40 PM loaded zonal radiation dictionary
01/28/2019 09:47:23 PM loaded zonal decomposed fluxes dictionary
01/28/2019 09:47:23 PM loaded zonal decomposed fluxes without vertical avg dictionary
01/28/2019 09:47:23 PM loaded zonal radiation dictionary
01/28/2019 09:49:22 PM loaded MMC_thermo_dynamic dictionary
01/28/2019 09:49:22 PM loaded MMC_thermo_dynamic_vert dictionary
01/28/2019 09:49:29 PM first6months...........Extract_ncfile_save_fluxes_radiation.py.............2
01/28/2019 09:49:29 PM imported nc file
01/28/2019 09:49:33 PM imported coordinates
01/28/2019 09:52:03 PM loaded MMC_thermo_dynamic dictionary
01/28/2019 09:52:03 PM loaded MMC_thermo_dynamic_vert dictionary
01/28/2019 09:52:10 PM last6months...........Extract_ncfile_save_fluxes_radiation.py.............2
01/28/2019 09:52:10 PM imported nc file
01/28/2019 09:52:14 PM imported coordinates
01/28/2019 09:54:16 PM imported pressure
01/28/2019 09:56:37 PM saved temp
01/28/2019 09:56:49 PM imported pressure
01/28/2019 09:59:11 PM saved v_comp
01/28/2019 09:59:24 PM saved temp
01/28/2019 10:01:31 PM saved u_comp
01/28/2019 10:01:44 PM saved v_comp
01/28/2019 10:03:42 PM saved Z
01/28/2019 10:03:54 PM saved u_comp
01/28/2019 10:05:38 PM saved q
01/28/2019 10:05:43 PM saved EKE
01/28/2019 10:05:50 PM calculated KE
01/28/2019 10:05:50 PM saved Z
01/28/2019 10:06:01 PM calculated MSE fluxes
01/28/2019 10:06:25 PM saved raw data
01/28/2019 10:06:31 PM vertical integartion : MSE fluxes
01/28/2019 10:06:41 PM vertical integration : sensible fluxes
01/28/2019 10:06:50 PM vertical integration : latent fluxes
01/28/2019 10:07:00 PM vertical integration : nc potential fluxes
01/28/2019 10:07:09 PM vertical integration : kinetic energy fluxes
01/28/2019 10:07:19 PM vertical integration : Enthalpy 
01/28/2019 10:07:48 PM saved q
01/28/2019 10:07:52 PM saved EKE
01/28/2019 10:07:58 PM calculated KE
01/28/2019 10:08:10 PM calculated MSE fluxes
01/28/2019 10:08:34 PM saved raw data
01/28/2019 10:08:41 PM vertical integartion : MSE fluxes
01/28/2019 10:08:50 PM vertical integration : sensible fluxes
01/28/2019 10:09:00 PM vertical integration : latent fluxes
01/28/2019 10:09:10 PM vertical integration : nc potential fluxes
01/28/2019 10:09:19 PM vertical integration : kinetic energy fluxes
01/28/2019 10:09:29 PM vertical integration : Enthalpy 
01/28/2019 10:13:48 PM saved radiation
01/28/2019 10:13:57 PM saved flux_oceanq
01/28/2019 10:14:02 PM precipitation
01/28/2019 10:14:03 PM radiation-- I think its right now !
01/28/2019 10:14:05 PM calculated dh_by_dt
01/28/2019 10:14:05 PM loaded coordinates dictionary
01/28/2019 10:14:05 PM loaded MSE_flux dictionary
01/28/2019 10:14:05 PM loaded rad_dic dictionary
01/28/2019 10:14:08 PM successfully saved dictionaries in files
01/28/2019 10:14:08 PM Begins calculating TE, SE and MM fluxes ....
01/28/2019 10:14:11 PM calculated dh_by_dt dictionary
01/28/2019 10:16:44 PM saved radiation
01/28/2019 10:16:53 PM saved flux_oceanq
01/28/2019 10:16:59 PM precipitation
01/28/2019 10:17:00 PM radiation-- I think its right now !
01/28/2019 10:17:02 PM calculated dh_by_dt
01/28/2019 10:17:02 PM loaded coordinates dictionary
01/28/2019 10:17:02 PM loaded MSE_flux dictionary
01/28/2019 10:17:02 PM loaded rad_dic dictionary
01/28/2019 10:17:04 PM successfully saved dictionaries in files
01/28/2019 10:17:04 PM Begins calculating TE, SE and MM fluxes ....
01/28/2019 10:17:07 PM calculated dh_by_dt dictionary
01/28/2019 10:19:58 PM loaded zonal decomposed fluxes dictionary
01/28/2019 10:19:58 PM loaded zonal decomposed fluxes without vertical avg dictionary
01/28/2019 10:19:58 PM loaded zonal radiation dictionary
01/28/2019 10:22:53 PM loaded zonal decomposed fluxes dictionary
01/28/2019 10:22:53 PM loaded zonal decomposed fluxes without vertical avg dictionary
01/28/2019 10:22:53 PM loaded zonal radiation dictionary
01/28/2019 10:24:38 PM loaded MMC_thermo_dynamic dictionary
01/28/2019 10:24:38 PM loaded MMC_thermo_dynamic_vert dictionary
01/28/2019 10:24:45 PM first6months...........Extract_ncfile_save_fluxes_radiation.py.............3
01/28/2019 10:24:45 PM imported nc file
01/28/2019 10:24:49 PM imported coordinates
01/28/2019 10:27:31 PM loaded MMC_thermo_dynamic dictionary
01/28/2019 10:27:31 PM loaded MMC_thermo_dynamic_vert dictionary
01/28/2019 10:27:38 PM last6months...........Extract_ncfile_save_fluxes_radiation.py.............3
01/28/2019 10:27:38 PM imported nc file
01/28/2019 10:27:41 PM imported coordinates
01/28/2019 10:28:28 PM imported pressure
01/28/2019 10:30:18 PM saved temp
01/28/2019 10:31:09 PM imported pressure
01/28/2019 10:32:14 PM saved v_comp
01/28/2019 10:33:04 PM saved temp
01/28/2019 10:33:33 PM saved u_comp
01/28/2019 10:35:09 PM saved v_comp
01/28/2019 10:35:42 PM saved Z
01/28/2019 10:37:20 PM saved u_comp
01/28/2019 10:37:48 PM saved q
01/28/2019 10:37:52 PM saved EKE
01/28/2019 10:37:59 PM calculated KE
01/28/2019 10:38:10 PM calculated MSE fluxes
01/28/2019 10:38:33 PM saved raw data
01/28/2019 10:38:40 PM vertical integartion : MSE fluxes
01/28/2019 10:38:49 PM vertical integration : sensible fluxes
01/28/2019 10:38:59 PM vertical integration : latent fluxes
01/28/2019 10:39:08 PM vertical integration : nc potential fluxes
01/28/2019 10:39:14 PM saved Z
01/28/2019 10:39:18 PM vertical integration : kinetic energy fluxes
01/28/2019 10:39:27 PM vertical integration : Enthalpy 
01/28/2019 10:41:18 PM saved q
01/28/2019 10:41:22 PM saved EKE
01/28/2019 10:41:28 PM calculated KE
01/28/2019 10:41:40 PM calculated MSE fluxes
01/28/2019 10:42:04 PM saved raw data
01/28/2019 10:42:11 PM vertical integartion : MSE fluxes
01/28/2019 10:42:21 PM vertical integration : sensible fluxes
01/28/2019 10:42:31 PM vertical integration : latent fluxes
01/28/2019 10:42:40 PM vertical integration : nc potential fluxes
01/28/2019 10:42:50 PM vertical integration : kinetic energy fluxes
01/28/2019 10:43:00 PM vertical integration : Enthalpy 
01/28/2019 10:45:09 PM saved radiation
01/28/2019 10:45:16 PM saved flux_oceanq
01/28/2019 10:45:20 PM precipitation
01/28/2019 10:45:20 PM radiation-- I think its right now !
01/28/2019 10:45:23 PM calculated dh_by_dt
01/28/2019 10:45:23 PM loaded coordinates dictionary
01/28/2019 10:45:23 PM loaded MSE_flux dictionary
01/28/2019 10:45:23 PM loaded rad_dic dictionary
01/28/2019 10:45:25 PM successfully saved dictionaries in files
01/28/2019 10:45:25 PM Begins calculating TE, SE and MM fluxes ....
01/28/2019 10:45:28 PM calculated dh_by_dt dictionary
01/28/2019 10:48:18 PM saved radiation
01/28/2019 10:48:23 PM saved flux_oceanq
01/28/2019 10:48:27 PM precipitation
01/28/2019 10:48:27 PM radiation-- I think its right now !
01/28/2019 10:48:30 PM calculated dh_by_dt
01/28/2019 10:48:30 PM loaded coordinates dictionary
01/28/2019 10:48:30 PM loaded MSE_flux dictionary
01/28/2019 10:48:30 PM loaded rad_dic dictionary
01/28/2019 10:48:31 PM successfully saved dictionaries in files
01/28/2019 10:48:31 PM Begins calculating TE, SE and MM fluxes ....
01/28/2019 10:48:34 PM calculated dh_by_dt dictionary
01/28/2019 10:51:11 PM loaded zonal decomposed fluxes dictionary
01/28/2019 10:51:11 PM loaded zonal decomposed fluxes without vertical avg dictionary
01/28/2019 10:51:11 PM loaded zonal radiation dictionary
01/28/2019 10:54:23 PM loaded zonal decomposed fluxes dictionary
01/28/2019 10:54:23 PM loaded zonal decomposed fluxes without vertical avg dictionary
01/28/2019 10:54:23 PM loaded zonal radiation dictionary
01/28/2019 10:55:53 PM loaded MMC_thermo_dynamic dictionary
01/28/2019 10:55:53 PM loaded MMC_thermo_dynamic_vert dictionary
01/28/2019 10:56:00 PM first6months...........Extract_ncfile_save_fluxes_radiation.py.............4
01/28/2019 10:56:00 PM imported nc file
01/28/2019 10:56:02 PM imported coordinates
01/28/2019 10:58:08 PM imported pressure
01/28/2019 10:59:06 PM loaded MMC_thermo_dynamic dictionary
01/28/2019 10:59:06 PM loaded MMC_thermo_dynamic_vert dictionary
01/28/2019 10:59:14 PM last6months...........Extract_ncfile_save_fluxes_radiation.py.............4
01/28/2019 10:59:14 PM imported nc file
01/28/2019 10:59:16 PM imported coordinates
01/28/2019 10:59:34 PM saved temp
01/28/2019 11:00:59 PM saved v_comp
01/28/2019 11:01:06 PM imported pressure
01/28/2019 11:02:29 PM saved u_comp
01/28/2019 11:02:36 PM saved temp
01/28/2019 11:04:05 PM saved Z
01/28/2019 11:04:12 PM saved v_comp
01/28/2019 11:05:43 PM saved q
01/28/2019 11:05:46 PM saved EKE
01/28/2019 11:05:51 PM saved u_comp
01/28/2019 11:05:53 PM calculated KE
01/28/2019 11:06:05 PM calculated MSE fluxes
01/28/2019 11:06:28 PM saved raw data
01/28/2019 11:06:35 PM vertical integartion : MSE fluxes
01/28/2019 11:06:44 PM vertical integration : sensible fluxes
01/28/2019 11:06:53 PM vertical integration : latent fluxes
01/28/2019 11:07:03 PM vertical integration : nc potential fluxes
01/28/2019 11:07:12 PM vertical integration : kinetic energy fluxes
01/28/2019 11:07:22 PM vertical integration : Enthalpy 
01/28/2019 11:07:35 PM saved Z
01/28/2019 11:09:22 PM saved q
01/28/2019 11:09:26 PM saved EKE
01/28/2019 11:09:33 PM calculated KE
01/28/2019 11:09:44 PM calculated MSE fluxes
01/28/2019 11:10:09 PM saved raw data
01/28/2019 11:10:16 PM vertical integartion : MSE fluxes
01/28/2019 11:10:25 PM vertical integration : sensible fluxes
01/28/2019 11:10:35 PM vertical integration : latent fluxes
01/28/2019 11:10:44 PM vertical integration : nc potential fluxes
01/28/2019 11:10:54 PM vertical integration : kinetic energy fluxes
01/28/2019 11:11:03 PM vertical integration : Enthalpy 
01/28/2019 11:12:47 PM saved radiation
01/28/2019 11:12:54 PM saved flux_oceanq
01/28/2019 11:12:58 PM precipitation
01/28/2019 11:12:58 PM radiation-- I think its right now !
01/28/2019 11:13:01 PM calculated dh_by_dt
01/28/2019 11:13:01 PM loaded coordinates dictionary
01/28/2019 11:13:01 PM loaded MSE_flux dictionary
01/28/2019 11:13:01 PM loaded rad_dic dictionary
01/28/2019 11:13:02 PM successfully saved dictionaries in files
01/28/2019 11:13:02 PM Begins calculating TE, SE and MM fluxes ....
01/28/2019 11:13:05 PM calculated dh_by_dt dictionary
01/28/2019 11:15:22 PM saved radiation
01/28/2019 11:15:28 PM saved flux_oceanq
01/28/2019 11:15:32 PM precipitation
01/28/2019 11:15:32 PM radiation-- I think its right now !
01/28/2019 11:15:35 PM calculated dh_by_dt
01/28/2019 11:15:35 PM loaded coordinates dictionary
01/28/2019 11:15:35 PM loaded MSE_flux dictionary
01/28/2019 11:15:35 PM loaded rad_dic dictionary
01/28/2019 11:15:37 PM successfully saved dictionaries in files
01/28/2019 11:15:37 PM Begins calculating TE, SE and MM fluxes ....
01/28/2019 11:15:40 PM calculated dh_by_dt dictionary
01/28/2019 11:18:51 PM loaded zonal decomposed fluxes dictionary
01/28/2019 11:18:51 PM loaded zonal decomposed fluxes without vertical avg dictionary
01/28/2019 11:18:51 PM loaded zonal radiation dictionary
01/28/2019 11:21:22 PM loaded zonal decomposed fluxes dictionary
01/28/2019 11:21:22 PM loaded zonal decomposed fluxes without vertical avg dictionary
01/28/2019 11:21:23 PM loaded zonal radiation dictionary
01/28/2019 11:23:33 PM loaded MMC_thermo_dynamic dictionary
01/28/2019 11:23:33 PM loaded MMC_thermo_dynamic_vert dictionary
01/28/2019 11:23:40 PM first6months...........Extract_ncfile_save_fluxes_radiation.py.............5
01/28/2019 11:23:40 PM imported nc file
01/28/2019 11:23:43 PM imported coordinates
01/28/2019 11:26:04 PM loaded MMC_thermo_dynamic dictionary
01/28/2019 11:26:04 PM loaded MMC_thermo_dynamic_vert dictionary
01/28/2019 11:26:11 PM destination folder created !
01/28/2019 11:26:11 PM last6months...........Extract_ncfile_save_fluxes_radiation.py.............5
01/28/2019 11:26:11 PM imported nc file
01/28/2019 11:26:14 PM imported coordinates
01/28/2019 11:26:26 PM imported pressure
01/28/2019 11:28:01 PM saved temp
01/28/2019 11:28:24 PM imported pressure
01/28/2019 11:29:28 PM saved v_comp
01/28/2019 11:29:53 PM saved temp
01/28/2019 11:30:55 PM saved u_comp
01/28/2019 11:31:19 PM saved v_comp
01/28/2019 11:32:32 PM saved Z
01/28/2019 11:33:00 PM saved u_comp
01/28/2019 11:34:11 PM saved q
01/28/2019 11:34:14 PM saved EKE
01/28/2019 11:34:21 PM calculated KE
01/28/2019 11:34:33 PM calculated MSE fluxes
01/28/2019 11:34:54 PM saved Z
01/28/2019 11:34:56 PM saved raw data
01/28/2019 11:35:03 PM vertical integartion : MSE fluxes
01/28/2019 11:35:12 PM vertical integration : sensible fluxes
01/28/2019 11:35:22 PM vertical integration : latent fluxes
01/28/2019 11:35:31 PM vertical integration : nc potential fluxes
01/28/2019 11:35:40 PM vertical integration : kinetic energy fluxes
01/28/2019 11:35:50 PM vertical integration : Enthalpy 
01/28/2019 11:36:54 PM saved q
01/28/2019 11:36:59 PM saved EKE
01/28/2019 11:37:05 PM calculated KE
01/28/2019 11:37:17 PM calculated MSE fluxes
01/28/2019 11:37:41 PM saved raw data
01/28/2019 11:37:48 PM vertical integartion : MSE fluxes
01/28/2019 11:37:58 PM vertical integration : sensible fluxes
01/28/2019 11:38:07 PM vertical integration : latent fluxes
01/28/2019 11:38:17 PM vertical integration : nc potential fluxes
01/28/2019 11:38:27 PM vertical integration : kinetic energy fluxes
01/28/2019 11:38:36 PM vertical integration : Enthalpy 
01/28/2019 11:41:12 PM saved radiation
01/28/2019 11:41:18 PM saved flux_oceanq
01/28/2019 11:41:22 PM precipitation
01/28/2019 11:41:22 PM radiation-- I think its right now !
01/28/2019 11:41:25 PM calculated dh_by_dt
01/28/2019 11:41:25 PM loaded coordinates dictionary
01/28/2019 11:41:25 PM loaded MSE_flux dictionary
01/28/2019 11:41:25 PM loaded rad_dic dictionary
01/28/2019 11:41:26 PM successfully saved dictionaries in files
01/28/2019 11:41:26 PM Begins calculating TE, SE and MM fluxes ....
01/28/2019 11:41:30 PM calculated dh_by_dt dictionary
01/28/2019 11:44:21 PM saved radiation
01/28/2019 11:44:28 PM saved flux_oceanq
01/28/2019 11:44:33 PM precipitation
01/28/2019 11:44:33 PM radiation-- I think its right now !
01/28/2019 11:44:36 PM calculated dh_by_dt
01/28/2019 11:44:36 PM loaded coordinates dictionary
01/28/2019 11:44:36 PM loaded MSE_flux dictionary
01/28/2019 11:44:36 PM loaded rad_dic dictionary
01/28/2019 11:44:37 PM successfully saved dictionaries in files
01/28/2019 11:44:37 PM Begins calculating TE, SE and MM fluxes ....
01/28/2019 11:44:41 PM calculated dh_by_dt dictionary
01/28/2019 11:47:19 PM loaded zonal decomposed fluxes dictionary
01/28/2019 11:47:19 PM loaded zonal decomposed fluxes without vertical avg dictionary
01/28/2019 11:47:20 PM loaded zonal radiation dictionary
01/28/2019 11:50:25 PM loaded zonal decomposed fluxes dictionary
01/28/2019 11:50:25 PM loaded zonal decomposed fluxes without vertical avg dictionary
01/28/2019 11:50:25 PM loaded zonal radiation dictionary
01/28/2019 11:52:07 PM loaded MMC_thermo_dynamic dictionary
01/28/2019 11:52:07 PM loaded MMC_thermo_dynamic_vert dictionary
01/28/2019 11:52:15 PM first6months...........Extract_ncfile_save_fluxes_radiation.py.............6
01/28/2019 11:52:15 PM imported nc file
01/28/2019 11:52:18 PM imported coordinates
01/28/2019 11:55:09 PM loaded MMC_thermo_dynamic dictionary
01/28/2019 11:55:09 PM loaded MMC_thermo_dynamic_vert dictionary
01/28/2019 11:55:16 PM destination folder created !
01/28/2019 11:55:16 PM last6months...........Extract_ncfile_save_fluxes_radiation.py.............6
01/28/2019 11:55:16 PM imported nc file
01/28/2019 11:55:19 PM imported coordinates
01/28/2019 11:55:23 PM imported pressure
01/28/2019 11:56:54 PM saved temp
01/28/2019 11:57:31 PM imported pressure
01/28/2019 11:58:23 PM saved v_comp
01/28/2019 11:59:04 PM saved temp
01/28/2019 11:59:41 PM saved u_comp
01/29/2019 12:00:37 AM saved v_comp
01/29/2019 12:01:18 AM saved Z
01/29/2019 12:02:19 AM saved u_comp
01/29/2019 12:02:57 AM saved q
01/29/2019 12:03:00 AM saved EKE
01/29/2019 12:03:07 AM calculated KE
01/29/2019 12:03:18 AM calculated MSE fluxes
01/29/2019 12:03:42 AM saved raw data
01/29/2019 12:03:48 AM vertical integartion : MSE fluxes
01/29/2019 12:03:57 AM saved Z
01/29/2019 12:03:58 AM vertical integration : sensible fluxes
01/29/2019 12:04:07 AM vertical integration : latent fluxes
01/29/2019 12:04:17 AM vertical integration : nc potential fluxes
01/29/2019 12:04:26 AM vertical integration : kinetic energy fluxes
01/29/2019 12:04:36 AM vertical integration : Enthalpy 
01/29/2019 12:05:41 AM saved q
01/29/2019 12:05:44 AM saved EKE
01/29/2019 12:05:51 AM calculated KE
01/29/2019 12:06:02 AM calculated MSE fluxes
01/29/2019 12:06:26 AM saved raw data
01/29/2019 12:06:33 AM vertical integartion : MSE fluxes
01/29/2019 12:06:43 AM vertical integration : sensible fluxes
01/29/2019 12:06:52 AM vertical integration : latent fluxes
01/29/2019 12:07:02 AM vertical integration : nc potential fluxes
01/29/2019 12:07:12 AM vertical integration : kinetic energy fluxes
01/29/2019 12:07:21 AM vertical integration : Enthalpy 
01/29/2019 12:09:35 AM saved radiation
01/29/2019 12:09:40 AM saved flux_oceanq
01/29/2019 12:09:43 AM precipitation
01/29/2019 12:09:43 AM radiation-- I think its right now !
01/29/2019 12:09:46 AM calculated dh_by_dt
01/29/2019 12:09:46 AM loaded coordinates dictionary
01/29/2019 12:09:46 AM loaded MSE_flux dictionary
01/29/2019 12:09:46 AM loaded rad_dic dictionary
01/29/2019 12:09:47 AM successfully saved dictionaries in files
01/29/2019 12:09:47 AM Begins calculating TE, SE and MM fluxes ....
01/29/2019 12:09:50 AM calculated dh_by_dt dictionary
01/29/2019 12:12:05 AM saved radiation
01/29/2019 12:12:10 AM saved flux_oceanq
01/29/2019 12:12:14 AM precipitation
01/29/2019 12:12:14 AM radiation-- I think its right now !
01/29/2019 12:12:17 AM calculated dh_by_dt
01/29/2019 12:12:17 AM loaded coordinates dictionary
01/29/2019 12:12:17 AM loaded MSE_flux dictionary
01/29/2019 12:12:17 AM loaded rad_dic dictionary
01/29/2019 12:12:18 AM successfully saved dictionaries in files
01/29/2019 12:12:18 AM Begins calculating TE, SE and MM fluxes ....
01/29/2019 12:12:22 AM calculated dh_by_dt dictionary
01/29/2019 12:15:36 AM loaded zonal decomposed fluxes dictionary
01/29/2019 12:15:36 AM loaded zonal decomposed fluxes without vertical avg dictionary
01/29/2019 12:15:37 AM loaded zonal radiation dictionary
01/29/2019 12:18:07 AM loaded zonal decomposed fluxes dictionary
01/29/2019 12:18:07 AM loaded zonal decomposed fluxes without vertical avg dictionary
01/29/2019 12:18:08 AM loaded zonal radiation dictionary
01/29/2019 12:20:19 AM loaded MMC_thermo_dynamic dictionary
01/29/2019 12:20:19 AM loaded MMC_thermo_dynamic_vert dictionary
01/29/2019 12:20:29 AM first6months...........Extract_ncfile_save_fluxes_radiation.py.............7
01/29/2019 12:20:29 AM imported nc file
01/29/2019 12:20:32 AM imported coordinates
01/29/2019 12:22:51 AM loaded MMC_thermo_dynamic dictionary
01/29/2019 12:22:51 AM loaded MMC_thermo_dynamic_vert dictionary
01/29/2019 12:22:59 AM destination folder created !
01/29/2019 12:22:59 AM last6months...........Extract_ncfile_save_fluxes_radiation.py.............7
01/29/2019 12:22:59 AM imported nc file
01/29/2019 12:23:01 AM imported coordinates
01/29/2019 12:23:27 AM imported pressure
01/29/2019 12:25:02 AM saved temp
01/29/2019 12:25:45 AM imported pressure
01/29/2019 12:26:27 AM saved v_comp
01/29/2019 12:27:08 AM saved temp
01/29/2019 12:28:02 AM saved u_comp
01/29/2019 12:28:57 AM saved v_comp
01/29/2019 12:29:49 AM saved Z
01/29/2019 12:30:40 AM saved u_comp
01/29/2019 12:31:33 AM saved q
01/29/2019 12:31:37 AM saved EKE
01/29/2019 12:31:44 AM calculated KE
01/29/2019 12:31:56 AM calculated MSE fluxes
01/29/2019 12:32:19 AM saved raw data
01/29/2019 12:32:22 AM saved Z
01/29/2019 12:32:26 AM vertical integartion : MSE fluxes
01/29/2019 12:32:35 AM vertical integration : sensible fluxes
01/29/2019 12:32:44 AM vertical integration : latent fluxes
01/29/2019 12:32:54 AM vertical integration : nc potential fluxes
01/29/2019 12:33:03 AM vertical integration : kinetic energy fluxes
01/29/2019 12:33:13 AM vertical integration : Enthalpy 
01/29/2019 12:34:16 AM saved q
01/29/2019 12:34:20 AM saved EKE
01/29/2019 12:34:27 AM calculated KE
01/29/2019 12:34:38 AM calculated MSE fluxes
01/29/2019 12:35:03 AM saved raw data
01/29/2019 12:35:09 AM vertical integartion : MSE fluxes
01/29/2019 12:35:19 AM vertical integration : sensible fluxes
01/29/2019 12:35:29 AM vertical integration : latent fluxes
01/29/2019 12:35:38 AM vertical integration : nc potential fluxes
01/29/2019 12:35:48 AM vertical integration : kinetic energy fluxes
01/29/2019 12:35:57 AM vertical integration : Enthalpy 
01/29/2019 12:38:21 AM saved radiation
01/29/2019 12:38:27 AM saved flux_oceanq
01/29/2019 12:38:31 AM precipitation
01/29/2019 12:38:31 AM radiation-- I think its right now !
01/29/2019 12:38:34 AM calculated dh_by_dt
01/29/2019 12:38:34 AM loaded coordinates dictionary
01/29/2019 12:38:34 AM loaded MSE_flux dictionary
01/29/2019 12:38:34 AM loaded rad_dic dictionary
01/29/2019 12:38:36 AM successfully saved dictionaries in files
01/29/2019 12:38:36 AM Begins calculating TE, SE and MM fluxes ....
01/29/2019 12:38:39 AM calculated dh_by_dt dictionary
01/29/2019 12:40:47 AM saved radiation
01/29/2019 12:40:52 AM saved flux_oceanq
01/29/2019 12:40:55 AM precipitation
01/29/2019 12:40:55 AM radiation-- I think its right now !
01/29/2019 12:40:58 AM calculated dh_by_dt
01/29/2019 12:40:58 AM loaded coordinates dictionary
01/29/2019 12:40:58 AM loaded MSE_flux dictionary
01/29/2019 12:40:58 AM loaded rad_dic dictionary
01/29/2019 12:40:59 AM successfully saved dictionaries in files
01/29/2019 12:40:59 AM Begins calculating TE, SE and MM fluxes ....
01/29/2019 12:41:02 AM calculated dh_by_dt dictionary
01/29/2019 12:44:26 AM loaded zonal decomposed fluxes dictionary
01/29/2019 12:44:27 AM loaded zonal decomposed fluxes without vertical avg dictionary
01/29/2019 12:44:27 AM loaded zonal radiation dictionary
01/29/2019 12:46:47 AM loaded zonal decomposed fluxes dictionary
01/29/2019 12:46:47 AM loaded zonal decomposed fluxes without vertical avg dictionary
01/29/2019 12:46:47 AM loaded zonal radiation dictionary
01/29/2019 12:49:10 AM loaded MMC_thermo_dynamic dictionary
01/29/2019 12:49:10 AM loaded MMC_thermo_dynamic_vert dictionary
01/29/2019 12:49:19 AM first6months...........Extract_ncfile_save_fluxes_radiation.py.............8
01/29/2019 12:49:19 AM imported nc file
01/29/2019 12:49:21 AM imported coordinates
01/29/2019 12:51:22 AM loaded MMC_thermo_dynamic dictionary
01/29/2019 12:51:22 AM loaded MMC_thermo_dynamic_vert dictionary
01/29/2019 12:51:28 AM destination folder created !
01/29/2019 12:51:28 AM last6months...........Extract_ncfile_save_fluxes_radiation.py.............8
01/29/2019 12:51:28 AM imported nc file
01/29/2019 12:51:30 AM imported coordinates
01/29/2019 12:51:47 AM imported pressure
01/29/2019 12:53:13 AM saved temp
01/29/2019 12:54:06 AM imported pressure
01/29/2019 12:54:37 AM saved v_comp
01/29/2019 12:55:33 AM saved temp
01/29/2019 12:56:04 AM saved u_comp
01/29/2019 12:57:00 AM saved v_comp
01/29/2019 12:57:27 AM saved Z
01/29/2019 12:58:30 AM saved u_comp
01/29/2019 12:59:00 AM saved q
01/29/2019 12:59:04 AM saved EKE
01/29/2019 12:59:11 AM calculated KE
01/29/2019 12:59:23 AM calculated MSE fluxes
01/29/2019 12:59:46 AM saved raw data
01/29/2019 12:59:53 AM vertical integartion : MSE fluxes
01/29/2019 01:00:02 AM vertical integration : sensible fluxes
01/29/2019 01:00:03 AM saved Z
01/29/2019 01:00:11 AM vertical integration : latent fluxes
01/29/2019 01:00:21 AM vertical integration : nc potential fluxes
01/29/2019 01:00:30 AM vertical integration : kinetic energy fluxes
01/29/2019 01:00:40 AM vertical integration : Enthalpy 
01/29/2019 01:01:37 AM saved q
01/29/2019 01:01:41 AM saved EKE
01/29/2019 01:01:48 AM calculated KE
01/29/2019 01:01:59 AM calculated MSE fluxes
01/29/2019 01:02:24 AM saved raw data
01/29/2019 01:02:30 AM vertical integartion : MSE fluxes
01/29/2019 01:02:40 AM vertical integration : sensible fluxes
01/29/2019 01:02:49 AM vertical integration : latent fluxes
01/29/2019 01:02:59 AM vertical integration : nc potential fluxes
01/29/2019 01:03:09 AM vertical integration : kinetic energy fluxes
01/29/2019 01:03:18 AM vertical integration : Enthalpy 
01/29/2019 01:05:25 AM saved radiation
01/29/2019 01:05:30 AM saved flux_oceanq
01/29/2019 01:05:33 AM precipitation
01/29/2019 01:05:34 AM radiation-- I think its right now !
01/29/2019 01:05:36 AM calculated dh_by_dt
01/29/2019 01:05:36 AM loaded coordinates dictionary
01/29/2019 01:05:36 AM loaded MSE_flux dictionary
01/29/2019 01:05:36 AM loaded rad_dic dictionary
01/29/2019 01:05:38 AM successfully saved dictionaries in files
01/29/2019 01:05:38 AM Begins calculating TE, SE and MM fluxes ....
01/29/2019 01:05:41 AM calculated dh_by_dt dictionary
01/29/2019 01:07:04 AM saved radiation
01/29/2019 01:07:08 AM saved flux_oceanq
01/29/2019 01:07:11 AM precipitation
01/29/2019 01:07:12 AM radiation-- I think its right now !
01/29/2019 01:07:14 AM calculated dh_by_dt
01/29/2019 01:07:14 AM loaded coordinates dictionary
01/29/2019 01:07:14 AM loaded MSE_flux dictionary
01/29/2019 01:07:14 AM loaded rad_dic dictionary
01/29/2019 01:07:16 AM successfully saved dictionaries in files
01/29/2019 01:07:16 AM Begins calculating TE, SE and MM fluxes ....
01/29/2019 01:07:19 AM calculated dh_by_dt dictionary
01/29/2019 01:11:27 AM loaded zonal decomposed fluxes dictionary
01/29/2019 01:11:27 AM loaded zonal decomposed fluxes without vertical avg dictionary
01/29/2019 01:11:27 AM loaded zonal radiation dictionary
01/29/2019 01:13:02 AM loaded zonal decomposed fluxes dictionary
01/29/2019 01:13:02 AM loaded zonal decomposed fluxes without vertical avg dictionary
01/29/2019 01:13:02 AM loaded zonal radiation dictionary
01/29/2019 01:16:12 AM loaded MMC_thermo_dynamic dictionary
01/29/2019 01:16:12 AM loaded MMC_thermo_dynamic_vert dictionary
01/29/2019 01:16:22 AM first6months...........Extract_ncfile_save_fluxes_radiation.py.............9
01/29/2019 01:16:22 AM imported nc file
01/29/2019 01:16:25 AM imported coordinates
01/29/2019 01:17:43 AM loaded MMC_thermo_dynamic dictionary
01/29/2019 01:17:43 AM loaded MMC_thermo_dynamic_vert dictionary
01/29/2019 01:17:50 AM destination folder created !
01/29/2019 01:17:50 AM last6months...........Extract_ncfile_save_fluxes_radiation.py.............9
01/29/2019 01:17:50 AM imported nc file
01/29/2019 01:17:53 AM imported coordinates
01/29/2019 01:19:34 AM imported pressure
01/29/2019 01:20:48 AM imported pressure
01/29/2019 01:21:12 AM saved temp
01/29/2019 01:22:12 AM saved temp
01/29/2019 01:22:33 AM saved v_comp
01/29/2019 01:23:32 AM saved v_comp
01/29/2019 01:23:54 AM saved u_comp
01/29/2019 01:25:15 AM saved u_comp
01/29/2019 01:25:48 AM saved Z
01/29/2019 01:26:58 AM saved Z
01/29/2019 01:27:32 AM saved q
01/29/2019 01:27:36 AM saved EKE
01/29/2019 01:27:43 AM calculated KE
01/29/2019 01:27:54 AM calculated MSE fluxes
01/29/2019 01:28:18 AM saved raw data
01/29/2019 01:28:24 AM vertical integartion : MSE fluxes
01/29/2019 01:28:34 AM vertical integration : sensible fluxes
01/29/2019 01:28:43 AM vertical integration : latent fluxes
01/29/2019 01:28:44 AM saved q
01/29/2019 01:28:48 AM saved EKE
01/29/2019 01:28:53 AM vertical integration : nc potential fluxes
01/29/2019 01:28:54 AM calculated KE
01/29/2019 01:29:02 AM vertical integration : kinetic energy fluxes
01/29/2019 01:29:06 AM calculated MSE fluxes
01/29/2019 01:29:11 AM vertical integration : Enthalpy 
01/29/2019 01:29:30 AM saved raw data
01/29/2019 01:29:37 AM vertical integartion : MSE fluxes
01/29/2019 01:29:46 AM vertical integration : sensible fluxes
01/29/2019 01:29:56 AM vertical integration : latent fluxes
01/29/2019 01:30:06 AM vertical integration : nc potential fluxes
01/29/2019 01:30:15 AM vertical integration : kinetic energy fluxes
01/29/2019 01:30:25 AM vertical integration : Enthalpy 
01/29/2019 01:34:29 AM saved radiation
01/29/2019 01:34:37 AM saved flux_oceanq
01/29/2019 01:34:41 AM precipitation
01/29/2019 01:34:42 AM radiation-- I think its right now !
01/29/2019 01:34:44 AM calculated dh_by_dt
01/29/2019 01:34:44 AM loaded coordinates dictionary
01/29/2019 01:34:44 AM loaded MSE_flux dictionary
01/29/2019 01:34:44 AM loaded rad_dic dictionary
01/29/2019 01:34:46 AM successfully saved dictionaries in files
01/29/2019 01:34:46 AM Begins calculating TE, SE and MM fluxes ....
01/29/2019 01:34:49 AM calculated dh_by_dt dictionary
01/29/2019 01:35:38 AM saved radiation
01/29/2019 01:35:43 AM saved flux_oceanq
01/29/2019 01:35:47 AM precipitation
01/29/2019 01:35:47 AM radiation-- I think its right now !
01/29/2019 01:35:50 AM calculated dh_by_dt
01/29/2019 01:35:50 AM loaded coordinates dictionary
01/29/2019 01:35:50 AM loaded MSE_flux dictionary
01/29/2019 01:35:50 AM loaded rad_dic dictionary
01/29/2019 01:35:51 AM successfully saved dictionaries in files
01/29/2019 01:35:51 AM Begins calculating TE, SE and MM fluxes ....
01/29/2019 01:35:55 AM calculated dh_by_dt dictionary
01/29/2019 01:40:36 AM loaded zonal decomposed fluxes dictionary
01/29/2019 01:40:36 AM loaded zonal decomposed fluxes without vertical avg dictionary
01/29/2019 01:40:36 AM loaded zonal radiation dictionary
01/29/2019 01:41:40 AM loaded zonal decomposed fluxes dictionary
01/29/2019 01:41:40 AM loaded zonal decomposed fluxes without vertical avg dictionary
01/29/2019 01:41:40 AM loaded zonal radiation dictionary
01/29/2019 01:45:21 AM loaded MMC_thermo_dynamic dictionary
01/29/2019 01:45:21 AM loaded MMC_thermo_dynamic_vert dictionary
01/29/2019 01:46:23 AM loaded MMC_thermo_dynamic dictionary
01/29/2019 01:46:23 AM loaded MMC_thermo_dynamic_vert dictionary
01/30/2019 01:04:53 PM ** INTERPOLATION ** 
01/30/2019 01:04:55 PM destination folder created !
01/30/2019 01:32:32 PM ** INTERPOLATION ** 
01/30/2019 01:32:33 PM ----0----
01/30/2019 01:32:34 PM ----1----
01/30/2019 01:32:34 PM ----2----
01/30/2019 01:32:34 PM ----3----
01/30/2019 01:32:34 PM ----4----
01/30/2019 01:32:34 PM ----5----
01/30/2019 01:32:35 PM ----6----
01/30/2019 01:32:35 PM ----7----
01/30/2019 01:32:35 PM ----8----
01/30/2019 01:32:35 PM ----9----
01/30/2019 01:32:37 PM Calculated interpolation
01/30/2019 01:32:37 PM Calculated divergence
01/30/2019 01:32:37 PM Saved raw data interp dictionary
01/30/2019 01:32:37 PM Saved flux interp dictionary
01/30/2019 01:32:37 PM Saved flux divergence interp
01/30/2019 01:32:38 PM Saved flux vert dictionary
01/30/2019 01:32:38 PM Saved flux divergence vert interp
01/30/2019 01:32:38 PM Looks great !!
