/tmp/slurmd/job47366169/slurm_script: line 12: 27286 Killed                  python $sum18/codes/python_scripts/Extract_ncfile_save_fluxes_radiation_snowball.py $1 $i
Traceback (most recent call last):
  File "/project2/tas1/pragallva/Summer_quarter_2018//codes/python_scripts/Extract_ncfile_save_fluxes_radiation_snowball.py", line 183, in <module>
    raw_data_dic      ={'Cp':Cp,"temp":R(temp),"u":R(u_comp),'v':R(v_comp),'L':L,'q':R(q),'g':g,'Z':R(Z) }
  File "/project2/tas1/pragallva/Summer_quarter_2018//codes/python_scripts/Extract_ncfile_save_fluxes_radiation_snowball.py", line 180, in R
    y1=y.reshape((no_of_years,no_of_months,days,hours,len(hyam),len(lat),len(lon)))
ValueError: cannot reshape array of size 312735744 into shape (1,12,30,1,47,96,192) 
/tmp/slurmd/job47366169/slurm_script: line 12: 27897 Killed                  python $sum18/codes/python_scripts/Extract_ncfile_save_fluxes_radiation_snowball.py $1 $i
Traceback (most recent call last):
  File "/project2/tas1/pragallva/Summer_quarter_2018//codes/python_scripts/Extract_ncfile_save_fluxes_radiation_snowball.py", line 183, in <module>
    raw_data_dic      ={'Cp':Cp,"temp":R(temp),"u":R(u_comp),'v':R(v_comp),'L':L,'q':R(q),'g':g,'Z':R(Z) }
  File "/project2/tas1/pragallva/Summer_quarter_2018//codes/python_scripts/Extract_ncfile_save_fluxes_radiation_snowball.py", line 180, in R
    y1=y.reshape((no_of_years,no_of_months,days,hours,len(hyam),len(lat),len(lon)))
ValueError: cannot reshape array of size 312735744 into shape (1,12,30,1,47,96,192)
/tmp/slurmd/job47366169/slurm_script: line 12: 28699 Killed                  python $sum18/codes/python_scripts/Extract_ncfile_save_fluxes_radiation_snowball.py $1 $i
Traceback (most recent call last):
  File "/project2/tas1/pragallva/Summer_quarter_2018//codes/python_scripts/Extract_ncfile_save_fluxes_radiation_snowball.py", line 183, in <module>
    raw_data_dic      ={'Cp':Cp,"temp":R(temp),"u":R(u_comp),'v':R(v_comp),'L':L,'q':R(q),'g':g,'Z':R(Z) }
  File "/project2/tas1/pragallva/Summer_quarter_2018//codes/python_scripts/Extract_ncfile_save_fluxes_radiation_snowball.py", line 180, in R
    y1=y.reshape((no_of_years,no_of_months,days,hours,len(hyam),len(lat),len(lon)))
ValueError: cannot reshape array of size 312735744 into shape (1,12,30,1,47,96,192)
/tmp/slurmd/job47366169/slurm_script: line 12: 29173 Killed                  python $sum18/codes/python_scripts/Extract_ncfile_save_fluxes_radiation_snowball.py $1 $i
Traceback (most recent call last):
  File "/project2/tas1/pragallva/Summer_quarter_2018//codes/python_scripts/Extract_ncfile_save_fluxes_radiation_snowball.py", line 183, in <module>
    raw_data_dic      ={'Cp':Cp,"temp":R(temp),"u":R(u_comp),'v':R(v_comp),'L':L,'q':R(q),'g':g,'Z':R(Z) }
  File "/project2/tas1/pragallva/Summer_quarter_2018//codes/python_scripts/Extract_ncfile_save_fluxes_radiation_snowball.py", line 180, in R
    y1=y.reshape((no_of_years,no_of_months,days,hours,len(hyam),len(lat),len(lon)))
ValueError: cannot reshape array of size 312735744 into shape (1,12,30,1,47,96,192)
/tmp/slurmd/job47366169/slurm_script: line 12: 29641 Killed                  python $sum18/codes/python_scripts/Extract_ncfile_save_fluxes_radiation_snowball.py $1 $i
Traceback (most recent call last):
  File "/project2/tas1/pragallva/Summer_quarter_2018//codes/python_scripts/Extract_ncfile_save_fluxes_radiation_snowball.py", line 183, in <module>
    raw_data_dic      ={'Cp':Cp,"temp":R(temp),"u":R(u_comp),'v':R(v_comp),'L':L,'q':R(q),'g':g,'Z':R(Z) }
  File "/project2/tas1/pragallva/Summer_quarter_2018//codes/python_scripts/Extract_ncfile_save_fluxes_radiation_snowball.py", line 180, in R
    y1=y.reshape((no_of_years,no_of_months,days,hours,len(hyam),len(lat),len(lon)))
ValueError: cannot reshape array of size 312735744 into shape (1,12,30,1,47,96,192)
Traceback (most recent call last):
  File "/project2/tas1/pragallva/Summer_quarter_2018//codes/python_scripts/Reload_save_interpolated.py", line 55, in <module>
    num=str(dirc[3]) ## represents an annual year of data
IndexError: list index out of range
slurmstepd-midway803: error: Detected 5 oom-kill event(s) in step 47366169.batch cgroup.
