2019-08-17 17:00:29,248 - gfdl - WARNING - Working directory for exp '5m' already exists
2019-08-17 17:00:30,665 - gfdl - INFO - Writing path_names to '/project2/tas1/pragallva/isca_sim/gfdl_work/5m/path_names'
2019-08-17 17:00:30,865 - gfdl - INFO - Running compiler
2019-08-17 17:00:30,901 - gfdl - DEBUG - loadmodules
2019-08-17 17:00:31,163 - gfdl - DEBUG - ERROR: The software directory /software/git-2.10-el6-x86_64 does not exist.
2019-08-17 17:00:31,163 - gfdl - DEBUG - ERROR: This module is not functional.
2019-08-17 17:00:31,342 - gfdl - DEBUG - ERROR: The software directory /software/git-2.10-el6-x86_64 does not exist.
2019-08-17 17:00:31,342 - gfdl - DEBUG - ERROR: This module is not functional.
2019-08-17 17:00:31,660 - gfdl - DEBUG - ERROR: The software directory /software/git-2.10-el6-x86_64 does not exist.
2019-08-17 17:00:31,660 - gfdl - DEBUG - ERROR: This module is not functional.
2019-08-17 17:00:32,056 - gfdl - DEBUG - Currently Loaded Modulefiles:
2019-08-17 17:00:32,065 - gfdl - DEBUG - 1) serf/1.3.9              7) emacs/24
2019-08-17 17:00:32,066 - gfdl - DEBUG - 2) subversion/1.9.4        8) intel/12.1
2019-08-17 17:00:32,066 - gfdl - DEBUG - 3) git/2.10                9) hdf5/1.8
2019-08-17 17:00:32,066 - gfdl - DEBUG - 4) env/rcc                10) netcdf/4.2+intel-12.1
2019-08-17 17:00:32,066 - gfdl - DEBUG - 5) texlive/2016           11) openmpi/1.6+intel-12.1
2019-08-17 17:00:32,066 - gfdl - DEBUG - 6) vim/7.4                12) slurm/current
2019-08-17 17:00:32,345 - gfdl - DEBUG - ERROR: The software directory /software/git-2.10-el6-x86_64 does not exist.
2019-08-17 17:00:32,345 - gfdl - DEBUG - ERROR: This module is not functional.
2019-08-17 17:00:32,346 - gfdl - DEBUG - loadmodules
2019-08-17 17:00:32,555 - gfdl - DEBUG - ERROR: The software directory /software/git-2.10-el6-x86_64 does not exist.
2019-08-17 17:00:32,556 - gfdl - DEBUG - ERROR: This module is not functional.
2019-08-17 17:00:32,765 - gfdl - DEBUG - ERROR: The software directory /software/git-2.10-el6-x86_64 does not exist.
2019-08-17 17:00:32,765 - gfdl - DEBUG - ERROR: This module is not functional.
2019-08-17 17:00:33,033 - gfdl - DEBUG - ERROR: The software directory /software/git-2.10-el6-x86_64 does not exist.
2019-08-17 17:00:33,033 - gfdl - DEBUG - ERROR: This module is not functional.
2019-08-17 17:00:33,421 - gfdl - DEBUG - Currently Loaded Modulefiles:
2019-08-17 17:00:33,425 - gfdl - DEBUG - 1) serf/1.3.9              7) emacs/24
2019-08-17 17:00:33,425 - gfdl - DEBUG - 2) subversion/1.9.4        8) intel/12.1
2019-08-17 17:00:33,425 - gfdl - DEBUG - 3) git/2.10                9) hdf5/1.8
2019-08-17 17:00:33,426 - gfdl - DEBUG - 4) env/rcc                10) netcdf/4.2+intel-12.1
2019-08-17 17:00:33,426 - gfdl - DEBUG - 5) texlive/2016           11) openmpi/1.6+intel-12.1
2019-08-17 17:00:33,426 - gfdl - DEBUG - 6) vim/7.4                12) slurm/current
2019-08-17 17:00:34,693 - gfdl - DEBUG - ln: creating symbolic link `/project2/tas1/pragallva/isca_sim/gfdl_work/5m/exec/mppnccombine.x': File exists
2019-08-17 17:00:39,332 - gfdl - DEBUG - Makefile is ready.
2019-08-17 17:00:39,509 - gfdl - DEBUG - make: Nothing to be done for `all'.
2019-08-17 17:00:39,602 - gfdl - DEBUG - make: `fms_moist.x' is up to date.
2019-08-17 17:00:39,603 - gfdl - DEBUG - ..................................................................................................................................................................................................
2019-08-17 17:00:39,696 - gfdl - DEBUG - Compilation complete.
2019-08-17 17:00:39,774 - gfdl - INFO - Emptied run directory '/project2/tas1/pragallva/isca_sim/gfdl_work/5m/run'
2019-08-17 17:00:39,791 - gfdl - ERROR - Data for month 1 already exists but overwrite_data is False. Stopping.
2019-08-17 17:00:39,793 - gfdl - ERROR - Data for month 2 already exists but overwrite_data is False. Stopping.
2019-08-17 17:00:39,795 - gfdl - ERROR - Data for month 3 already exists but overwrite_data is False. Stopping.
2019-08-17 17:00:39,797 - gfdl - ERROR - Data for month 4 already exists but overwrite_data is False. Stopping.
2019-08-17 17:00:39,798 - gfdl - ERROR - Data for month 5 already exists but overwrite_data is False. Stopping.
2019-08-17 17:00:39,800 - gfdl - ERROR - Data for month 6 already exists but overwrite_data is False. Stopping.
2019-08-17 17:00:39,802 - gfdl - ERROR - Data for month 7 already exists but overwrite_data is False. Stopping.
2019-08-17 17:00:39,804 - gfdl - ERROR - Data for month 8 already exists but overwrite_data is False. Stopping.
2019-08-17 17:00:39,805 - gfdl - ERROR - Data for month 9 already exists but overwrite_data is False. Stopping.
2019-08-17 17:00:39,807 - gfdl - ERROR - Data for month 10 already exists but overwrite_data is False. Stopping.
2019-08-17 17:00:39,808 - gfdl - ERROR - Data for month 11 already exists but overwrite_data is False. Stopping.
2019-08-17 17:00:39,810 - gfdl - ERROR - Data for month 12 already exists but overwrite_data is False. Stopping.
2019-08-17 17:00:39,812 - gfdl - ERROR - Data for month 13 already exists but overwrite_data is False. Stopping.
2019-08-17 17:00:39,814 - gfdl - ERROR - Data for month 14 already exists but overwrite_data is False. Stopping.
2019-08-17 17:00:39,815 - gfdl - ERROR - Data for month 15 already exists but overwrite_data is False. Stopping.
2019-08-17 17:00:39,816 - gfdl - ERROR - Data for month 16 already exists but overwrite_data is False. Stopping.
2019-08-17 17:00:39,818 - gfdl - ERROR - Data for month 17 already exists but overwrite_data is False. Stopping.
2019-08-17 17:00:39,819 - gfdl - ERROR - Data for month 18 already exists but overwrite_data is False. Stopping.
2019-08-17 17:00:39,821 - gfdl - ERROR - Data for month 19 already exists but overwrite_data is False. Stopping.
2019-08-17 17:00:39,822 - gfdl - ERROR - Data for month 20 already exists but overwrite_data is False. Stopping.
2019-08-17 17:00:39,824 - gfdl - ERROR - Data for month 21 already exists but overwrite_data is False. Stopping.
2019-08-17 17:00:39,825 - gfdl - ERROR - Data for month 22 already exists but overwrite_data is False. Stopping.
2019-08-17 17:00:39,827 - gfdl - ERROR - Data for month 23 already exists but overwrite_data is False. Stopping.
2019-08-17 17:00:39,829 - gfdl - ERROR - Data for month 24 already exists but overwrite_data is False. Stopping.
2019-08-17 17:00:39,830 - gfdl - ERROR - Data for month 25 already exists but overwrite_data is False. Stopping.
2019-08-17 17:00:39,832 - gfdl - ERROR - Data for month 26 already exists but overwrite_data is False. Stopping.
2019-08-17 17:00:39,833 - gfdl - ERROR - Data for month 27 already exists but overwrite_data is False. Stopping.
2019-08-17 17:00:39,834 - gfdl - ERROR - Data for month 28 already exists but overwrite_data is False. Stopping.
2019-08-17 17:00:39,836 - gfdl - ERROR - Data for month 29 already exists but overwrite_data is False. Stopping.
2019-08-17 17:00:39,837 - gfdl - ERROR - Data for month 30 already exists but overwrite_data is False. Stopping.
2019-08-17 17:00:39,838 - gfdl - ERROR - Data for month 31 already exists but overwrite_data is False. Stopping.
2019-08-17 17:00:39,840 - gfdl - ERROR - Data for month 32 already exists but overwrite_data is False. Stopping.
2019-08-17 17:00:39,841 - gfdl - ERROR - Data for month 33 already exists but overwrite_data is False. Stopping.
2019-08-17 17:00:39,842 - gfdl - ERROR - Data for month 34 already exists but overwrite_data is False. Stopping.
2019-08-17 17:00:39,844 - gfdl - ERROR - Data for month 35 already exists but overwrite_data is False. Stopping.
2019-08-17 17:00:39,845 - gfdl - ERROR - Data for month 36 already exists but overwrite_data is False. Stopping.
2019-08-17 17:00:39,846 - gfdl - ERROR - Data for month 37 already exists but overwrite_data is False. Stopping.
2019-08-17 17:00:39,848 - gfdl - ERROR - Data for month 38 already exists but overwrite_data is False. Stopping.
2019-08-17 17:00:39,849 - gfdl - ERROR - Data for month 39 already exists but overwrite_data is False. Stopping.
2019-08-17 17:00:39,850 - gfdl - ERROR - Data for month 40 already exists but overwrite_data is False. Stopping.
2019-08-17 17:00:39,851 - gfdl - ERROR - Data for month 41 already exists but overwrite_data is False. Stopping.
2019-08-17 17:00:39,852 - gfdl - ERROR - Data for month 42 already exists but overwrite_data is False. Stopping.
2019-08-17 17:00:39,854 - gfdl - ERROR - Data for month 43 already exists but overwrite_data is False. Stopping.
2019-08-17 17:00:39,855 - gfdl - ERROR - Data for month 44 already exists but overwrite_data is False. Stopping.
2019-08-17 17:00:39,868 - gfdl - ERROR - Data for month 45 already exists but overwrite_data is False. Stopping.
2019-08-17 17:00:39,869 - gfdl - ERROR - Data for month 46 already exists but overwrite_data is False. Stopping.
2019-08-17 17:00:39,870 - gfdl - ERROR - Data for month 47 already exists but overwrite_data is False. Stopping.
2019-08-17 17:00:39,872 - gfdl - ERROR - Data for month 48 already exists but overwrite_data is False. Stopping.
2019-08-17 17:00:39,873 - gfdl - ERROR - Data for month 49 already exists but overwrite_data is False. Stopping.
2019-08-17 17:00:39,875 - gfdl - ERROR - Data for month 50 already exists but overwrite_data is False. Stopping.
2019-08-17 17:00:39,876 - gfdl - ERROR - Data for month 51 already exists but overwrite_data is False. Stopping.
2019-08-17 17:00:39,878 - gfdl - ERROR - Data for month 52 already exists but overwrite_data is False. Stopping.
2019-08-17 17:00:39,879 - gfdl - ERROR - Data for month 53 already exists but overwrite_data is False. Stopping.
2019-08-17 17:00:39,880 - gfdl - ERROR - Data for month 54 already exists but overwrite_data is False. Stopping.
2019-08-17 17:00:39,882 - gfdl - ERROR - Data for month 55 already exists but overwrite_data is False. Stopping.
2019-08-17 17:00:39,883 - gfdl - ERROR - Data for month 56 already exists but overwrite_data is False. Stopping.
2019-08-17 17:00:39,884 - gfdl - ERROR - Data for month 57 already exists but overwrite_data is False. Stopping.
2019-08-17 17:00:39,886 - gfdl - ERROR - Data for month 58 already exists but overwrite_data is False. Stopping.
2019-08-17 17:00:39,887 - gfdl - ERROR - Data for month 59 already exists but overwrite_data is False. Stopping.
2019-08-17 17:00:39,888 - gfdl - ERROR - Data for month 60 already exists but overwrite_data is False. Stopping.
2019-08-17 17:00:39,890 - gfdl - ERROR - Data for month 61 already exists but overwrite_data is False. Stopping.
2019-08-17 17:00:39,892 - gfdl - ERROR - Data for month 62 already exists but overwrite_data is False. Stopping.
2019-08-17 17:00:39,893 - gfdl - ERROR - Data for month 63 already exists but overwrite_data is False. Stopping.
2019-08-17 17:00:39,895 - gfdl - ERROR - Data for month 64 already exists but overwrite_data is False. Stopping.
2019-08-17 17:00:39,896 - gfdl - ERROR - Data for month 65 already exists but overwrite_data is False. Stopping.
2019-08-17 17:00:39,897 - gfdl - ERROR - Data for month 66 already exists but overwrite_data is False. Stopping.
2019-08-17 17:00:39,898 - gfdl - ERROR - Data for month 67 already exists but overwrite_data is False. Stopping.
2019-08-17 17:00:39,900 - gfdl - ERROR - Data for month 68 already exists but overwrite_data is False. Stopping.
2019-08-17 17:00:39,901 - gfdl - ERROR - Data for month 69 already exists but overwrite_data is False. Stopping.
2019-08-17 17:00:39,902 - gfdl - ERROR - Data for month 70 already exists but overwrite_data is False. Stopping.
2019-08-17 17:00:39,904 - gfdl - ERROR - Data for month 71 already exists but overwrite_data is False. Stopping.
2019-08-17 17:00:39,905 - gfdl - ERROR - Data for month 72 already exists but overwrite_data is False. Stopping.
2019-08-17 17:00:39,906 - gfdl - ERROR - Data for month 73 already exists but overwrite_data is False. Stopping.
2019-08-17 17:00:39,907 - gfdl - ERROR - Data for month 74 already exists but overwrite_data is False. Stopping.
2019-08-17 17:00:39,908 - gfdl - ERROR - Data for month 75 already exists but overwrite_data is False. Stopping.
2019-08-17 17:00:39,910 - gfdl - ERROR - Data for month 76 already exists but overwrite_data is False. Stopping.
2019-08-17 17:00:39,911 - gfdl - ERROR - Data for month 77 already exists but overwrite_data is False. Stopping.
2019-08-17 17:00:39,912 - gfdl - ERROR - Data for month 78 already exists but overwrite_data is False. Stopping.
2019-08-17 17:00:39,915 - gfdl - ERROR - Data for month 79 already exists but overwrite_data is False. Stopping.
2019-08-17 17:00:39,916 - gfdl - ERROR - Data for month 80 already exists but overwrite_data is False. Stopping.
2019-08-17 17:00:39,918 - gfdl - ERROR - Data for month 81 already exists but overwrite_data is False. Stopping.
2019-08-17 17:00:39,919 - gfdl - ERROR - Data for month 82 already exists but overwrite_data is False. Stopping.
2019-08-17 17:00:39,921 - gfdl - ERROR - Data for month 83 already exists but overwrite_data is False. Stopping.
2019-08-17 17:00:39,922 - gfdl - ERROR - Data for month 84 already exists but overwrite_data is False. Stopping.
2019-08-17 17:00:39,923 - gfdl - ERROR - Data for month 85 already exists but overwrite_data is False. Stopping.
2019-08-17 17:00:39,925 - gfdl - ERROR - Data for month 86 already exists but overwrite_data is False. Stopping.
2019-08-17 17:00:39,926 - gfdl - ERROR - Data for month 87 already exists but overwrite_data is False. Stopping.
2019-08-17 17:00:39,927 - gfdl - ERROR - Data for month 88 already exists but overwrite_data is False. Stopping.
2019-08-17 17:00:39,929 - gfdl - ERROR - Data for month 89 already exists but overwrite_data is False. Stopping.
2019-08-17 17:00:39,930 - gfdl - ERROR - Data for month 90 already exists but overwrite_data is False. Stopping.
2019-08-17 17:00:39,931 - gfdl - ERROR - Data for month 91 already exists but overwrite_data is False. Stopping.
2019-08-17 17:00:39,932 - gfdl - ERROR - Data for month 92 already exists but overwrite_data is False. Stopping.
2019-08-17 17:00:39,934 - gfdl - ERROR - Data for month 93 already exists but overwrite_data is False. Stopping.
2019-08-17 17:00:39,935 - gfdl - ERROR - Data for month 94 already exists but overwrite_data is False. Stopping.
2019-08-17 17:00:39,937 - gfdl - ERROR - Data for month 95 already exists but overwrite_data is False. Stopping.
2019-08-17 17:00:39,938 - gfdl - ERROR - Data for month 96 already exists but overwrite_data is False. Stopping.
2019-08-17 17:00:39,939 - gfdl - ERROR - Data for month 97 already exists but overwrite_data is False. Stopping.
2019-08-17 17:00:39,941 - gfdl - ERROR - Data for month 98 already exists but overwrite_data is False. Stopping.
2019-08-17 17:00:39,942 - gfdl - ERROR - Data for month 99 already exists but overwrite_data is False. Stopping.
2019-08-17 17:00:39,943 - gfdl - ERROR - Data for month 100 already exists but overwrite_data is False. Stopping.
2019-08-17 17:00:39,945 - gfdl - ERROR - Data for month 101 already exists but overwrite_data is False. Stopping.
2019-08-17 17:00:39,946 - gfdl - ERROR - Data for month 102 already exists but overwrite_data is False. Stopping.
2019-08-17 17:00:39,948 - gfdl - ERROR - Data for month 103 already exists but overwrite_data is False. Stopping.
2019-08-17 17:00:39,949 - gfdl - ERROR - Data for month 104 already exists but overwrite_data is False. Stopping.
2019-08-17 17:00:39,951 - gfdl - ERROR - Data for month 105 already exists but overwrite_data is False. Stopping.
2019-08-17 17:00:39,952 - gfdl - ERROR - Data for month 106 already exists but overwrite_data is False. Stopping.
2019-08-17 17:00:39,953 - gfdl - ERROR - Data for month 107 already exists but overwrite_data is False. Stopping.
2019-08-17 17:00:39,954 - gfdl - ERROR - Data for month 108 already exists but overwrite_data is False. Stopping.
2019-08-17 17:00:39,956 - gfdl - ERROR - Data for month 109 already exists but overwrite_data is False. Stopping.
2019-08-17 17:00:39,958 - gfdl - ERROR - Data for month 110 already exists but overwrite_data is False. Stopping.
2019-08-17 17:00:39,959 - gfdl - ERROR - Data for month 111 already exists but overwrite_data is False. Stopping.
2019-08-17 17:00:39,960 - gfdl - ERROR - Data for month 112 already exists but overwrite_data is False. Stopping.
2019-08-17 17:00:39,962 - gfdl - ERROR - Data for month 113 already exists but overwrite_data is False. Stopping.
2019-08-17 17:00:39,963 - gfdl - ERROR - Data for month 114 already exists but overwrite_data is False. Stopping.
2019-08-17 17:00:39,964 - gfdl - ERROR - Data for month 115 already exists but overwrite_data is False. Stopping.
2019-08-17 17:00:39,966 - gfdl - ERROR - Data for month 116 already exists but overwrite_data is False. Stopping.
2019-08-17 17:00:39,967 - gfdl - ERROR - Data for month 117 already exists but overwrite_data is False. Stopping.
2019-08-17 17:00:39,968 - gfdl - ERROR - Data for month 118 already exists but overwrite_data is False. Stopping.
2019-08-17 17:00:39,970 - gfdl - ERROR - Data for month 119 already exists but overwrite_data is False. Stopping.
2019-08-17 17:00:39,971 - gfdl - ERROR - Data for month 120 already exists but overwrite_data is False. Stopping.
2019-08-17 17:00:39,972 - gfdl - ERROR - Data for month 121 already exists but overwrite_data is False. Stopping.
2019-08-17 17:00:39,973 - gfdl - ERROR - Data for month 122 already exists but overwrite_data is False. Stopping.
2019-08-17 17:00:39,975 - gfdl - ERROR - Data for month 123 already exists but overwrite_data is False. Stopping.
2019-08-17 17:00:39,976 - gfdl - ERROR - Data for month 124 already exists but overwrite_data is False. Stopping.
2019-08-17 17:00:39,977 - gfdl - ERROR - Data for month 125 already exists but overwrite_data is False. Stopping.
2019-08-17 17:00:39,979 - gfdl - ERROR - Data for month 126 already exists but overwrite_data is False. Stopping.
2019-08-17 17:00:39,980 - gfdl - ERROR - Data for month 127 already exists but overwrite_data is False. Stopping.
2019-08-17 17:00:39,982 - gfdl - ERROR - Data for month 128 already exists but overwrite_data is False. Stopping.
2019-08-17 17:00:39,983 - gfdl - ERROR - Data for month 129 already exists but overwrite_data is False. Stopping.
2019-08-17 17:00:39,985 - gfdl - ERROR - Data for month 130 already exists but overwrite_data is False. Stopping.
2019-08-17 17:00:39,986 - gfdl - ERROR - Data for month 131 already exists but overwrite_data is False. Stopping.
2019-08-17 17:00:39,987 - gfdl - ERROR - Data for month 132 already exists but overwrite_data is False. Stopping.
2019-08-17 17:00:39,988 - gfdl - ERROR - Data for month 133 already exists but overwrite_data is False. Stopping.
2019-08-17 17:00:39,989 - gfdl - ERROR - Data for month 134 already exists but overwrite_data is False. Stopping.
2019-08-17 17:00:39,991 - gfdl - ERROR - Data for month 135 already exists but overwrite_data is False. Stopping.
2019-08-17 17:00:39,992 - gfdl - ERROR - Data for month 136 already exists but overwrite_data is False. Stopping.
2019-08-17 17:00:39,993 - gfdl - ERROR - Data for month 137 already exists but overwrite_data is False. Stopping.
2019-08-17 17:00:39,995 - gfdl - ERROR - Data for month 138 already exists but overwrite_data is False. Stopping.
2019-08-17 17:00:39,998 - gfdl - ERROR - Data for month 139 already exists but overwrite_data is False. Stopping.
2019-08-17 17:00:39,999 - gfdl - ERROR - Data for month 140 already exists but overwrite_data is False. Stopping.
2019-08-17 17:00:40,001 - gfdl - ERROR - Data for month 141 already exists but overwrite_data is False. Stopping.
2019-08-17 17:00:40,002 - gfdl - ERROR - Data for month 142 already exists but overwrite_data is False. Stopping.
2019-08-17 17:00:40,003 - gfdl - ERROR - Data for month 143 already exists but overwrite_data is False. Stopping.
2019-08-17 17:00:40,004 - gfdl - ERROR - Data for month 144 already exists but overwrite_data is False. Stopping.
2019-08-17 17:00:40,006 - gfdl - ERROR - Data for month 145 already exists but overwrite_data is False. Stopping.
2019-08-17 17:00:40,007 - gfdl - ERROR - Data for month 146 already exists but overwrite_data is False. Stopping.
2019-08-17 17:00:40,008 - gfdl - ERROR - Data for month 147 already exists but overwrite_data is False. Stopping.
2019-08-17 17:00:40,013 - gfdl - ERROR - Data for month 148 already exists but overwrite_data is False. Stopping.
2019-08-17 17:00:40,014 - gfdl - ERROR - Data for month 149 already exists but overwrite_data is False. Stopping.
2019-08-17 17:00:40,015 - gfdl - ERROR - Data for month 150 already exists but overwrite_data is False. Stopping.
2019-08-17 17:00:40,016 - gfdl - ERROR - Data for month 151 already exists but overwrite_data is False. Stopping.
2019-08-17 17:00:40,018 - gfdl - ERROR - Data for month 152 already exists but overwrite_data is False. Stopping.
2019-08-17 17:00:40,019 - gfdl - ERROR - Data for month 153 already exists but overwrite_data is False. Stopping.
2019-08-17 17:00:40,020 - gfdl - ERROR - Data for month 154 already exists but overwrite_data is False. Stopping.
2019-08-17 17:00:40,021 - gfdl - ERROR - Data for month 155 already exists but overwrite_data is False. Stopping.
2019-08-17 17:00:40,023 - gfdl - ERROR - Data for month 156 already exists but overwrite_data is False. Stopping.
2019-08-17 17:00:40,024 - gfdl - ERROR - Data for month 157 already exists but overwrite_data is False. Stopping.
2019-08-17 17:00:40,025 - gfdl - ERROR - Data for month 158 already exists but overwrite_data is False. Stopping.
2019-08-17 17:00:40,026 - gfdl - ERROR - Data for month 159 already exists but overwrite_data is False. Stopping.
2019-08-17 17:00:40,028 - gfdl - ERROR - Data for month 160 already exists but overwrite_data is False. Stopping.
2019-08-17 17:00:40,029 - gfdl - ERROR - Data for month 161 already exists but overwrite_data is False. Stopping.
2019-08-17 17:00:40,030 - gfdl - ERROR - Data for month 162 already exists but overwrite_data is False. Stopping.
2019-08-17 17:00:40,031 - gfdl - ERROR - Data for month 163 already exists but overwrite_data is False. Stopping.
2019-08-17 17:00:40,033 - gfdl - ERROR - Data for month 164 already exists but overwrite_data is False. Stopping.
2019-08-17 17:00:40,035 - gfdl - ERROR - Data for month 165 already exists but overwrite_data is False. Stopping.
2019-08-17 17:00:40,036 - gfdl - ERROR - Data for month 166 already exists but overwrite_data is False. Stopping.
2019-08-17 17:00:40,037 - gfdl - ERROR - Data for month 167 already exists but overwrite_data is False. Stopping.
2019-08-17 17:00:40,039 - gfdl - ERROR - Data for month 168 already exists but overwrite_data is False. Stopping.
2019-08-17 17:00:40,040 - gfdl - ERROR - Data for month 169 already exists but overwrite_data is False. Stopping.
2019-08-17 17:00:40,042 - gfdl - ERROR - Data for month 170 already exists but overwrite_data is False. Stopping.
2019-08-17 17:00:40,043 - gfdl - ERROR - Data for month 171 already exists but overwrite_data is False. Stopping.
2019-08-17 17:00:40,045 - gfdl - ERROR - Data for month 172 already exists but overwrite_data is False. Stopping.
2019-08-17 17:00:40,046 - gfdl - ERROR - Data for month 173 already exists but overwrite_data is False. Stopping.
2019-08-17 17:00:40,047 - gfdl - ERROR - Data for month 174 already exists but overwrite_data is False. Stopping.
2019-08-17 17:00:40,048 - gfdl - ERROR - Data for month 175 already exists but overwrite_data is False. Stopping.
2019-08-17 17:00:40,049 - gfdl - ERROR - Data for month 176 already exists but overwrite_data is False. Stopping.
2019-08-17 17:00:40,050 - gfdl - ERROR - Data for month 177 already exists but overwrite_data is False. Stopping.
2019-08-17 17:00:40,052 - gfdl - ERROR - Data for month 178 already exists but overwrite_data is False. Stopping.
2019-08-17 17:00:40,053 - gfdl - ERROR - Data for month 179 already exists but overwrite_data is False. Stopping.
2019-08-17 17:00:40,055 - gfdl - ERROR - Data for month 180 already exists but overwrite_data is False. Stopping.
2019-08-17 17:00:40,057 - gfdl - ERROR - Data for month 181 already exists but overwrite_data is False. Stopping.
2019-08-17 17:00:40,060 - gfdl - ERROR - Data for month 182 already exists but overwrite_data is False. Stopping.
2019-08-17 17:00:40,061 - gfdl - ERROR - Data for month 183 already exists but overwrite_data is False. Stopping.
2019-08-17 17:00:40,063 - gfdl - ERROR - Data for month 184 already exists but overwrite_data is False. Stopping.
2019-08-17 17:00:40,064 - gfdl - ERROR - Data for month 185 already exists but overwrite_data is False. Stopping.
2019-08-17 17:00:40,066 - gfdl - ERROR - Data for month 186 already exists but overwrite_data is False. Stopping.
2019-08-17 17:00:40,066 - gfdl - ERROR - Data for month 187 already exists but overwrite_data is False. Stopping.
2019-08-17 17:00:40,068 - gfdl - ERROR - Data for month 188 already exists but overwrite_data is False. Stopping.
2019-08-17 17:00:40,068 - gfdl - ERROR - Data for month 189 already exists but overwrite_data is False. Stopping.
2019-08-17 17:00:40,070 - gfdl - ERROR - Data for month 190 already exists but overwrite_data is False. Stopping.
2019-08-17 17:00:40,071 - gfdl - ERROR - Data for month 191 already exists but overwrite_data is False. Stopping.
2019-08-17 17:00:40,071 - gfdl - ERROR - Data for month 192 already exists but overwrite_data is False. Stopping.
2019-08-17 17:00:40,073 - gfdl - ERROR - Data for month 193 already exists but overwrite_data is False. Stopping.
2019-08-17 17:00:40,073 - gfdl - ERROR - Data for month 194 already exists but overwrite_data is False. Stopping.
2019-08-17 17:00:40,075 - gfdl - ERROR - Data for month 195 already exists but overwrite_data is False. Stopping.
2019-08-17 17:00:40,076 - gfdl - ERROR - Data for month 196 already exists but overwrite_data is False. Stopping.
2019-08-17 17:00:40,077 - gfdl - ERROR - Data for month 197 already exists but overwrite_data is False. Stopping.
2019-08-17 17:00:40,078 - gfdl - ERROR - Data for month 198 already exists but overwrite_data is False. Stopping.
2019-08-17 17:00:40,079 - gfdl - ERROR - Data for month 199 already exists but overwrite_data is False. Stopping.
2019-08-17 17:00:40,080 - gfdl - ERROR - Data for month 200 already exists but overwrite_data is False. Stopping.
2019-08-17 17:00:40,081 - gfdl - ERROR - Data for month 201 already exists but overwrite_data is False. Stopping.
2019-08-17 17:00:40,082 - gfdl - ERROR - Data for month 202 already exists but overwrite_data is False. Stopping.
2019-08-17 17:00:40,084 - gfdl - ERROR - Data for month 203 already exists but overwrite_data is False. Stopping.
2019-08-17 17:00:40,085 - gfdl - ERROR - Data for month 204 already exists but overwrite_data is False. Stopping.
2019-08-17 17:00:40,087 - gfdl - ERROR - Data for month 205 already exists but overwrite_data is False. Stopping.
2019-08-17 17:00:40,089 - gfdl - ERROR - Data for month 206 already exists but overwrite_data is False. Stopping.
2019-08-17 17:00:40,090 - gfdl - ERROR - Data for month 207 already exists but overwrite_data is False. Stopping.
2019-08-17 17:00:40,091 - gfdl - ERROR - Data for month 208 already exists but overwrite_data is False. Stopping.
2019-08-17 17:00:40,092 - gfdl - ERROR - Data for month 209 already exists but overwrite_data is False. Stopping.
2019-08-17 17:00:40,094 - gfdl - ERROR - Data for month 210 already exists but overwrite_data is False. Stopping.
2019-08-17 17:00:40,097 - gfdl - ERROR - Data for month 211 already exists but overwrite_data is False. Stopping.
2019-08-17 17:00:40,099 - gfdl - ERROR - Data for month 212 already exists but overwrite_data is False. Stopping.
2019-08-17 17:00:40,100 - gfdl - ERROR - Data for month 213 already exists but overwrite_data is False. Stopping.
2019-08-17 17:00:40,101 - gfdl - ERROR - Data for month 214 already exists but overwrite_data is False. Stopping.
2019-08-17 17:00:40,103 - gfdl - ERROR - Data for month 215 already exists but overwrite_data is False. Stopping.
2019-08-17 17:00:40,104 - gfdl - ERROR - Data for month 216 already exists but overwrite_data is False. Stopping.
2019-08-17 17:00:40,105 - gfdl - ERROR - Data for month 217 already exists but overwrite_data is False. Stopping.
2019-08-17 17:00:40,106 - gfdl - ERROR - Data for month 218 already exists but overwrite_data is False. Stopping.
2019-08-17 17:00:40,107 - gfdl - ERROR - Data for month 219 already exists but overwrite_data is False. Stopping.
2019-08-17 17:00:40,108 - gfdl - ERROR - Data for month 220 already exists but overwrite_data is False. Stopping.
2019-08-17 17:00:40,109 - gfdl - ERROR - Data for month 221 already exists but overwrite_data is False. Stopping.
2019-08-17 17:00:40,110 - gfdl - ERROR - Data for month 222 already exists but overwrite_data is False. Stopping.
2019-08-17 17:00:40,111 - gfdl - ERROR - Data for month 223 already exists but overwrite_data is False. Stopping.
2019-08-17 17:00:40,113 - gfdl - ERROR - Data for month 224 already exists but overwrite_data is False. Stopping.
2019-08-17 17:00:40,114 - gfdl - ERROR - Data for month 225 already exists but overwrite_data is False. Stopping.
2019-08-17 17:00:40,115 - gfdl - ERROR - Data for month 226 already exists but overwrite_data is False. Stopping.
2019-08-17 17:00:40,116 - gfdl - ERROR - Data for month 227 already exists but overwrite_data is False. Stopping.
2019-08-17 17:00:40,118 - gfdl - ERROR - Data for month 228 already exists but overwrite_data is False. Stopping.
2019-08-17 17:00:40,119 - gfdl - ERROR - Data for month 229 already exists but overwrite_data is False. Stopping.
2019-08-17 17:00:40,121 - gfdl - ERROR - Data for month 230 already exists but overwrite_data is False. Stopping.
2019-08-17 17:00:40,122 - gfdl - ERROR - Data for month 231 already exists but overwrite_data is False. Stopping.
2019-08-17 17:00:40,123 - gfdl - ERROR - Data for month 232 already exists but overwrite_data is False. Stopping.
2019-08-17 17:00:40,125 - gfdl - ERROR - Data for month 233 already exists but overwrite_data is False. Stopping.
2019-08-17 17:00:40,125 - gfdl - ERROR - Data for month 234 already exists but overwrite_data is False. Stopping.
2019-08-17 17:00:40,126 - gfdl - ERROR - Data for month 235 already exists but overwrite_data is False. Stopping.
2019-08-17 17:00:40,128 - gfdl - ERROR - Data for month 236 already exists but overwrite_data is False. Stopping.
2019-08-17 17:00:40,128 - gfdl - ERROR - Data for month 237 already exists but overwrite_data is False. Stopping.
2019-08-17 17:00:40,129 - gfdl - ERROR - Data for month 238 already exists but overwrite_data is False. Stopping.
2019-08-17 17:00:40,131 - gfdl - ERROR - Data for month 239 already exists but overwrite_data is False. Stopping.
2019-08-17 17:00:40,132 - gfdl - ERROR - Data for month 240 already exists but overwrite_data is False. Stopping.
2019-08-17 17:00:40,133 - gfdl - ERROR - Data for month 241 already exists but overwrite_data is False. Stopping.
2019-08-17 17:00:40,134 - gfdl - ERROR - Data for month 242 already exists but overwrite_data is False. Stopping.
2019-08-17 17:00:40,135 - gfdl - ERROR - Data for month 243 already exists but overwrite_data is False. Stopping.
2019-08-17 17:00:40,137 - gfdl - ERROR - Data for month 244 already exists but overwrite_data is False. Stopping.
2019-08-17 17:00:40,138 - gfdl - ERROR - Data for month 245 already exists but overwrite_data is False. Stopping.
2019-08-17 17:00:40,139 - gfdl - ERROR - Data for month 246 already exists but overwrite_data is False. Stopping.
2019-08-17 17:00:40,141 - gfdl - ERROR - Data for month 247 already exists but overwrite_data is False. Stopping.
2019-08-17 17:00:40,142 - gfdl - ERROR - Data for month 248 already exists but overwrite_data is False. Stopping.
2019-08-17 17:00:40,144 - gfdl - ERROR - Data for month 249 already exists but overwrite_data is False. Stopping.
2019-08-17 17:00:40,145 - gfdl - ERROR - Data for month 250 already exists but overwrite_data is False. Stopping.
2019-08-17 17:00:40,147 - gfdl - ERROR - Data for month 251 already exists but overwrite_data is False. Stopping.
2019-08-17 17:00:40,148 - gfdl - ERROR - Data for month 252 already exists but overwrite_data is False. Stopping.
2019-08-17 17:00:40,149 - gfdl - ERROR - Data for month 253 already exists but overwrite_data is False. Stopping.
2019-08-17 17:00:40,151 - gfdl - ERROR - Data for month 254 already exists but overwrite_data is False. Stopping.
2019-08-17 17:00:40,152 - gfdl - ERROR - Data for month 255 already exists but overwrite_data is False. Stopping.
2019-08-17 17:00:40,154 - gfdl - ERROR - Data for month 256 already exists but overwrite_data is False. Stopping.
2019-08-17 17:00:40,168 - gfdl - ERROR - Data for month 257 already exists but overwrite_data is False. Stopping.
2019-08-17 17:00:40,170 - gfdl - ERROR - Data for month 258 already exists but overwrite_data is False. Stopping.
2019-08-17 17:00:40,172 - gfdl - ERROR - Data for month 259 already exists but overwrite_data is False. Stopping.
2019-08-17 17:00:40,174 - gfdl - ERROR - Data for month 260 already exists but overwrite_data is False. Stopping.
2019-08-17 17:00:40,175 - gfdl - ERROR - Data for month 261 already exists but overwrite_data is False. Stopping.
2019-08-17 17:00:40,176 - gfdl - ERROR - Data for month 262 already exists but overwrite_data is False. Stopping.
2019-08-17 17:00:40,178 - gfdl - ERROR - Data for month 263 already exists but overwrite_data is False. Stopping.
2019-08-17 17:00:40,180 - gfdl - ERROR - Data for month 264 already exists but overwrite_data is False. Stopping.
2019-08-17 17:00:40,189 - gfdl - ERROR - Data for month 265 already exists but overwrite_data is False. Stopping.
2019-08-17 17:00:40,190 - gfdl - ERROR - Data for month 266 already exists but overwrite_data is False. Stopping.
2019-08-17 17:00:40,191 - gfdl - ERROR - Data for month 267 already exists but overwrite_data is False. Stopping.
2019-08-17 17:00:40,193 - gfdl - ERROR - Data for month 268 already exists but overwrite_data is False. Stopping.
2019-08-17 17:00:40,194 - gfdl - ERROR - Data for month 269 already exists but overwrite_data is False. Stopping.
2019-08-17 17:00:40,196 - gfdl - ERROR - Data for month 270 already exists but overwrite_data is False. Stopping.
2019-08-17 17:00:40,197 - gfdl - ERROR - Data for month 271 already exists but overwrite_data is False. Stopping.
2019-08-17 17:00:40,199 - gfdl - ERROR - Data for month 272 already exists but overwrite_data is False. Stopping.
2019-08-17 17:00:40,200 - gfdl - ERROR - Data for month 273 already exists but overwrite_data is False. Stopping.
2019-08-17 17:00:40,202 - gfdl - ERROR - Data for month 274 already exists but overwrite_data is False. Stopping.
2019-08-17 17:00:40,204 - gfdl - ERROR - Data for month 275 already exists but overwrite_data is False. Stopping.
2019-08-17 17:00:40,207 - gfdl - ERROR - Data for month 276 already exists but overwrite_data is False. Stopping.
2019-08-17 17:00:40,224 - gfdl - ERROR - Data for month 277 already exists but overwrite_data is False. Stopping.
2019-08-17 17:00:40,225 - gfdl - ERROR - Data for month 278 already exists but overwrite_data is False. Stopping.
2019-08-17 17:00:40,242 - gfdl - ERROR - Data for month 279 already exists but overwrite_data is False. Stopping.
2019-08-17 17:00:40,243 - gfdl - ERROR - Data for month 280 already exists but overwrite_data is False. Stopping.
2019-08-17 17:00:40,257 - gfdl - ERROR - Data for month 281 already exists but overwrite_data is False. Stopping.
2019-08-17 17:00:40,258 - gfdl - ERROR - Data for month 282 already exists but overwrite_data is False. Stopping.
2019-08-17 17:00:40,260 - gfdl - ERROR - Data for month 283 already exists but overwrite_data is False. Stopping.
2019-08-17 17:00:40,261 - gfdl - ERROR - Data for month 284 already exists but overwrite_data is False. Stopping.
2019-08-17 17:00:40,263 - gfdl - ERROR - Data for month 285 already exists but overwrite_data is False. Stopping.
2019-08-17 17:00:40,284 - gfdl - ERROR - Data for month 286 already exists but overwrite_data is False. Stopping.
2019-08-17 17:00:40,286 - gfdl - ERROR - Data for month 287 already exists but overwrite_data is False. Stopping.
2019-08-17 17:00:40,287 - gfdl - ERROR - Data for month 288 already exists but overwrite_data is False. Stopping.
2019-08-17 17:00:40,289 - gfdl - ERROR - Data for month 289 already exists but overwrite_data is False. Stopping.
2019-08-17 17:00:40,290 - gfdl - ERROR - Data for month 290 already exists but overwrite_data is False. Stopping.
2019-08-17 17:00:40,292 - gfdl - ERROR - Data for month 291 already exists but overwrite_data is False. Stopping.
2019-08-17 17:00:40,313 - gfdl - ERROR - Data for month 292 already exists but overwrite_data is False. Stopping.
2019-08-17 17:00:40,328 - gfdl - ERROR - Data for month 293 already exists but overwrite_data is False. Stopping.
2019-08-17 17:00:40,330 - gfdl - ERROR - Data for month 294 already exists but overwrite_data is False. Stopping.
2019-08-17 17:00:40,331 - gfdl - ERROR - Data for month 295 already exists but overwrite_data is False. Stopping.
2019-08-17 17:00:40,334 - gfdl - ERROR - Data for month 296 already exists but overwrite_data is False. Stopping.
2019-08-17 17:00:40,335 - gfdl - ERROR - Data for month 297 already exists but overwrite_data is False. Stopping.
2019-08-17 17:00:40,337 - gfdl - ERROR - Data for month 298 already exists but overwrite_data is False. Stopping.
2019-08-17 17:00:40,339 - gfdl - ERROR - Data for month 299 already exists but overwrite_data is False. Stopping.
2019-08-17 17:00:40,340 - gfdl - ERROR - Data for month 300 already exists but overwrite_data is False. Stopping.
2019-08-17 17:00:40,342 - gfdl - ERROR - Data for month 301 already exists but overwrite_data is False. Stopping.
2019-08-17 17:00:40,362 - gfdl - ERROR - Data for month 302 already exists but overwrite_data is False. Stopping.
2019-08-17 17:00:40,364 - gfdl - ERROR - Data for month 303 already exists but overwrite_data is False. Stopping.
2019-08-17 17:00:40,365 - gfdl - ERROR - Data for month 304 already exists but overwrite_data is False. Stopping.
2019-08-17 17:00:40,367 - gfdl - ERROR - Data for month 305 already exists but overwrite_data is False. Stopping.
2019-08-17 17:00:40,368 - gfdl - ERROR - Data for month 306 already exists but overwrite_data is False. Stopping.
2019-08-17 17:00:40,370 - gfdl - ERROR - Data for month 307 already exists but overwrite_data is False. Stopping.
2019-08-17 17:00:40,372 - gfdl - ERROR - Data for month 308 already exists but overwrite_data is False. Stopping.
2019-08-17 17:00:40,373 - gfdl - ERROR - Data for month 309 already exists but overwrite_data is False. Stopping.
2019-08-17 17:00:40,375 - gfdl - ERROR - Data for month 310 already exists but overwrite_data is False. Stopping.
2019-08-17 17:00:40,386 - gfdl - ERROR - Data for month 311 already exists but overwrite_data is False. Stopping.
2019-08-17 17:00:40,388 - gfdl - ERROR - Data for month 312 already exists but overwrite_data is False. Stopping.
2019-08-17 17:00:40,390 - gfdl - ERROR - Data for month 313 already exists but overwrite_data is False. Stopping.
2019-08-17 17:00:40,391 - gfdl - ERROR - Data for month 314 already exists but overwrite_data is False. Stopping.
2019-08-17 17:00:40,392 - gfdl - ERROR - Data for month 315 already exists but overwrite_data is False. Stopping.
2019-08-17 17:00:40,394 - gfdl - ERROR - Data for month 316 already exists but overwrite_data is False. Stopping.
2019-08-17 17:00:40,395 - gfdl - ERROR - Data for month 317 already exists but overwrite_data is False. Stopping.
2019-08-17 17:00:40,411 - gfdl - ERROR - Data for month 318 already exists but overwrite_data is False. Stopping.
2019-08-17 17:00:40,413 - gfdl - ERROR - Data for month 319 already exists but overwrite_data is False. Stopping.
2019-08-17 17:00:40,414 - gfdl - ERROR - Data for month 320 already exists but overwrite_data is False. Stopping.
2019-08-17 17:00:40,416 - gfdl - ERROR - Data for month 321 already exists but overwrite_data is False. Stopping.
2019-08-17 17:00:40,417 - gfdl - ERROR - Data for month 322 already exists but overwrite_data is False. Stopping.
2019-08-17 17:00:40,426 - gfdl - ERROR - Data for month 323 already exists but overwrite_data is False. Stopping.
2019-08-17 17:00:40,427 - gfdl - ERROR - Data for month 324 already exists but overwrite_data is False. Stopping.
2019-08-17 17:00:40,429 - gfdl - ERROR - Data for month 325 already exists but overwrite_data is False. Stopping.
2019-08-17 17:00:40,430 - gfdl - ERROR - Data for month 326 already exists but overwrite_data is False. Stopping.
2019-08-17 17:00:40,431 - gfdl - ERROR - Data for month 327 already exists but overwrite_data is False. Stopping.
2019-08-17 17:00:40,433 - gfdl - ERROR - Data for month 328 already exists but overwrite_data is False. Stopping.
2019-08-17 17:00:40,434 - gfdl - ERROR - Data for month 329 already exists but overwrite_data is False. Stopping.
2019-08-17 17:00:40,436 - gfdl - ERROR - Data for month 330 already exists but overwrite_data is False. Stopping.
2019-08-17 17:00:40,437 - gfdl - ERROR - Data for month 331 already exists but overwrite_data is False. Stopping.
2019-08-17 17:00:40,452 - gfdl - ERROR - Data for month 332 already exists but overwrite_data is False. Stopping.
2019-08-17 17:00:40,454 - gfdl - ERROR - Data for month 333 already exists but overwrite_data is False. Stopping.
2019-08-17 17:00:40,455 - gfdl - ERROR - Data for month 334 already exists but overwrite_data is False. Stopping.
2019-08-17 17:00:40,457 - gfdl - ERROR - Data for month 335 already exists but overwrite_data is False. Stopping.
2019-08-17 17:00:40,458 - gfdl - ERROR - Data for month 336 already exists but overwrite_data is False. Stopping.
2019-08-17 17:00:40,459 - gfdl - ERROR - Data for month 337 already exists but overwrite_data is False. Stopping.
2019-08-17 17:00:40,461 - gfdl - ERROR - Data for month 338 already exists but overwrite_data is False. Stopping.
2019-08-17 17:00:40,462 - gfdl - ERROR - Data for month 339 already exists but overwrite_data is False. Stopping.
2019-08-17 17:00:40,464 - gfdl - ERROR - Data for month 340 already exists but overwrite_data is False. Stopping.
2019-08-17 17:00:40,465 - gfdl - ERROR - Data for month 341 already exists but overwrite_data is False. Stopping.
2019-08-17 17:00:40,467 - gfdl - ERROR - Data for month 342 already exists but overwrite_data is False. Stopping.
2019-08-17 17:00:40,468 - gfdl - ERROR - Data for month 343 already exists but overwrite_data is False. Stopping.
2019-08-17 17:00:40,470 - gfdl - ERROR - Data for month 344 already exists but overwrite_data is False. Stopping.
2019-08-17 17:00:40,472 - gfdl - ERROR - Data for month 345 already exists but overwrite_data is False. Stopping.
2019-08-17 17:00:40,473 - gfdl - ERROR - Data for month 346 already exists but overwrite_data is False. Stopping.
2019-08-17 17:00:40,475 - gfdl - ERROR - Data for month 347 already exists but overwrite_data is False. Stopping.
2019-08-17 17:00:40,476 - gfdl - ERROR - Data for month 348 already exists but overwrite_data is False. Stopping.
2019-08-17 17:00:40,478 - gfdl - ERROR - Data for month 349 already exists but overwrite_data is False. Stopping.
2019-08-17 17:00:40,479 - gfdl - ERROR - Data for month 350 already exists but overwrite_data is False. Stopping.
2019-08-17 17:00:40,481 - gfdl - ERROR - Data for month 351 already exists but overwrite_data is False. Stopping.
2019-08-17 17:00:40,482 - gfdl - ERROR - Data for month 352 already exists but overwrite_data is False. Stopping.
2019-08-17 17:00:40,484 - gfdl - ERROR - Data for month 353 already exists but overwrite_data is False. Stopping.
2019-08-17 17:00:40,485 - gfdl - ERROR - Data for month 354 already exists but overwrite_data is False. Stopping.
2019-08-17 17:00:40,488 - gfdl - ERROR - Data for month 355 already exists but overwrite_data is False. Stopping.
2019-08-17 17:00:40,489 - gfdl - ERROR - Data for month 356 already exists but overwrite_data is False. Stopping.
2019-08-17 17:00:40,491 - gfdl - ERROR - Data for month 357 already exists but overwrite_data is False. Stopping.
2019-08-17 17:00:40,492 - gfdl - ERROR - Data for month 358 already exists but overwrite_data is False. Stopping.
2019-08-17 17:00:40,493 - gfdl - ERROR - Data for month 359 already exists but overwrite_data is False. Stopping.
2019-08-17 17:00:40,495 - gfdl - ERROR - Data for month 360 already exists but overwrite_data is False. Stopping.
2019-08-17 17:00:40,496 - gfdl - ERROR - Data for month 361 already exists but overwrite_data is False. Stopping.
2019-08-17 17:00:40,497 - gfdl - ERROR - Data for month 362 already exists but overwrite_data is False. Stopping.
2019-08-17 17:00:40,500 - gfdl - ERROR - Data for month 363 already exists but overwrite_data is False. Stopping.
2019-08-17 17:00:40,502 - gfdl - ERROR - Data for month 364 already exists but overwrite_data is False. Stopping.
2019-08-17 17:00:40,503 - gfdl - ERROR - Data for month 365 already exists but overwrite_data is False. Stopping.
2019-08-17 17:00:40,505 - gfdl - ERROR - Data for month 366 already exists but overwrite_data is False. Stopping.
2019-08-17 17:00:40,506 - gfdl - ERROR - Data for month 367 already exists but overwrite_data is False. Stopping.
2019-08-17 17:00:40,509 - gfdl - ERROR - Data for month 368 already exists but overwrite_data is False. Stopping.
2019-08-17 17:00:40,510 - gfdl - ERROR - Data for month 369 already exists but overwrite_data is False. Stopping.
2019-08-17 17:00:40,512 - gfdl - ERROR - Data for month 370 already exists but overwrite_data is False. Stopping.
2019-08-17 17:00:40,513 - gfdl - ERROR - Data for month 371 already exists but overwrite_data is False. Stopping.
2019-08-17 17:00:40,515 - gfdl - ERROR - Data for month 372 already exists but overwrite_data is False. Stopping.
2019-08-17 17:00:40,516 - gfdl - ERROR - Data for month 373 already exists but overwrite_data is False. Stopping.
2019-08-17 17:00:40,517 - gfdl - ERROR - Data for month 374 already exists but overwrite_data is False. Stopping.
2019-08-17 17:00:40,519 - gfdl - ERROR - Data for month 375 already exists but overwrite_data is False. Stopping.
2019-08-17 17:00:40,520 - gfdl - ERROR - Data for month 376 already exists but overwrite_data is False. Stopping.
2019-08-17 17:00:40,522 - gfdl - ERROR - Data for month 377 already exists but overwrite_data is False. Stopping.
2019-08-17 17:00:40,523 - gfdl - ERROR - Data for month 378 already exists but overwrite_data is False. Stopping.
2019-08-17 17:00:40,524 - gfdl - ERROR - Data for month 379 already exists but overwrite_data is False. Stopping.
2019-08-17 17:00:40,526 - gfdl - ERROR - Data for month 380 already exists but overwrite_data is False. Stopping.
2019-08-17 17:00:40,527 - gfdl - ERROR - Data for month 381 already exists but overwrite_data is False. Stopping.
2019-08-17 17:00:40,528 - gfdl - ERROR - Data for month 382 already exists but overwrite_data is False. Stopping.
2019-08-17 17:00:40,530 - gfdl - ERROR - Data for month 383 already exists but overwrite_data is False. Stopping.
2019-08-17 17:00:40,531 - gfdl - ERROR - Data for month 384 already exists but overwrite_data is False. Stopping.
2019-08-17 17:00:40,533 - gfdl - ERROR - Data for month 385 already exists but overwrite_data is False. Stopping.
2019-08-17 17:00:40,534 - gfdl - ERROR - Data for month 386 already exists but overwrite_data is False. Stopping.
2019-08-17 17:00:40,535 - gfdl - ERROR - Data for month 387 already exists but overwrite_data is False. Stopping.
2019-08-17 17:00:40,537 - gfdl - ERROR - Data for month 388 already exists but overwrite_data is False. Stopping.
2019-08-17 17:00:40,538 - gfdl - ERROR - Data for month 389 already exists but overwrite_data is False. Stopping.
2019-08-17 17:00:40,539 - gfdl - ERROR - Data for month 390 already exists but overwrite_data is False. Stopping.
2019-08-17 17:00:40,540 - gfdl - ERROR - Data for month 391 already exists but overwrite_data is False. Stopping.
2019-08-17 17:00:40,542 - gfdl - ERROR - Data for month 392 already exists but overwrite_data is False. Stopping.
2019-08-17 17:00:40,543 - gfdl - ERROR - Data for month 393 already exists but overwrite_data is False. Stopping.
2019-08-17 17:00:40,544 - gfdl - ERROR - Data for month 394 already exists but overwrite_data is False. Stopping.
2019-08-17 17:00:40,547 - gfdl - ERROR - Data for month 395 already exists but overwrite_data is False. Stopping.
2019-08-17 17:00:40,548 - gfdl - ERROR - Data for month 396 already exists but overwrite_data is False. Stopping.
2019-08-17 17:00:40,550 - gfdl - ERROR - Data for month 397 already exists but overwrite_data is False. Stopping.
2019-08-17 17:00:40,551 - gfdl - ERROR - Data for month 398 already exists but overwrite_data is False. Stopping.
2019-08-17 17:00:40,552 - gfdl - ERROR - Data for month 399 already exists but overwrite_data is False. Stopping.
2019-08-17 17:00:40,554 - gfdl - ERROR - Data for month 400 already exists but overwrite_data is False. Stopping.
2019-08-17 17:00:40,555 - gfdl - ERROR - Data for month 401 already exists but overwrite_data is False. Stopping.
2019-08-17 17:00:40,556 - gfdl - ERROR - Data for month 402 already exists but overwrite_data is False. Stopping.
2019-08-17 17:00:40,558 - gfdl - ERROR - Data for month 403 already exists but overwrite_data is False. Stopping.
2019-08-17 17:00:40,559 - gfdl - ERROR - Data for month 404 already exists but overwrite_data is False. Stopping.
2019-08-17 17:00:40,561 - gfdl - ERROR - Data for month 405 already exists but overwrite_data is False. Stopping.
2019-08-17 17:00:40,562 - gfdl - ERROR - Data for month 406 already exists but overwrite_data is False. Stopping.
2019-08-17 17:00:40,564 - gfdl - ERROR - Data for month 407 already exists but overwrite_data is False. Stopping.
2019-08-17 17:00:40,566 - gfdl - ERROR - Data for month 408 already exists but overwrite_data is False. Stopping.
2019-08-17 17:00:40,567 - gfdl - ERROR - Data for month 409 already exists but overwrite_data is False. Stopping.
2019-08-17 17:00:40,568 - gfdl - ERROR - Data for month 410 already exists but overwrite_data is False. Stopping.
2019-08-17 17:00:40,570 - gfdl - ERROR - Data for month 411 already exists but overwrite_data is False. Stopping.
2019-08-17 17:00:40,572 - gfdl - ERROR - Data for month 412 already exists but overwrite_data is False. Stopping.
2019-08-17 17:00:40,574 - gfdl - ERROR - Data for month 413 already exists but overwrite_data is False. Stopping.
2019-08-17 17:00:40,575 - gfdl - ERROR - Data for month 414 already exists but overwrite_data is False. Stopping.
2019-08-17 17:00:40,577 - gfdl - ERROR - Data for month 415 already exists but overwrite_data is False. Stopping.
2019-08-17 17:00:40,578 - gfdl - ERROR - Data for month 416 already exists but overwrite_data is False. Stopping.
2019-08-17 17:00:40,579 - gfdl - ERROR - Data for month 417 already exists but overwrite_data is False. Stopping.
2019-08-17 17:00:40,580 - gfdl - ERROR - Data for month 418 already exists but overwrite_data is False. Stopping.
2019-08-17 17:00:40,582 - gfdl - ERROR - Data for month 419 already exists but overwrite_data is False. Stopping.
2019-08-17 17:00:40,583 - gfdl - ERROR - Data for month 420 already exists but overwrite_data is False. Stopping.
2019-08-17 17:00:40,585 - gfdl - ERROR - Data for month 421 already exists but overwrite_data is False. Stopping.
2019-08-17 17:00:40,587 - gfdl - ERROR - Data for month 422 already exists but overwrite_data is False. Stopping.
2019-08-17 17:00:40,588 - gfdl - ERROR - Data for month 423 already exists but overwrite_data is False. Stopping.
2019-08-17 17:00:40,589 - gfdl - ERROR - Data for month 424 already exists but overwrite_data is False. Stopping.
2019-08-17 17:00:40,591 - gfdl - ERROR - Data for month 425 already exists but overwrite_data is False. Stopping.
2019-08-17 17:00:40,592 - gfdl - ERROR - Data for month 426 already exists but overwrite_data is False. Stopping.
2019-08-17 17:00:40,593 - gfdl - ERROR - Data for month 427 already exists but overwrite_data is False. Stopping.
2019-08-17 17:00:40,595 - gfdl - ERROR - Data for month 428 already exists but overwrite_data is False. Stopping.
2019-08-17 17:00:40,596 - gfdl - ERROR - Data for month 429 already exists but overwrite_data is False. Stopping.
2019-08-17 17:00:40,597 - gfdl - ERROR - Data for month 430 already exists but overwrite_data is False. Stopping.
2019-08-17 17:00:40,598 - gfdl - ERROR - Data for month 431 already exists but overwrite_data is False. Stopping.
2019-08-17 17:00:40,599 - gfdl - ERROR - Data for month 432 already exists but overwrite_data is False. Stopping.
2019-08-17 17:00:40,600 - gfdl - ERROR - Data for month 433 already exists but overwrite_data is False. Stopping.
2019-08-17 17:00:40,602 - gfdl - ERROR - Data for month 434 already exists but overwrite_data is False. Stopping.
2019-08-17 17:00:40,603 - gfdl - ERROR - Data for month 435 already exists but overwrite_data is False. Stopping.
2019-08-17 17:00:40,604 - gfdl - ERROR - Data for month 436 already exists but overwrite_data is False. Stopping.
2019-08-17 17:00:40,605 - gfdl - ERROR - Data for month 437 already exists but overwrite_data is False. Stopping.
2019-08-17 17:00:40,606 - gfdl - ERROR - Data for month 438 already exists but overwrite_data is False. Stopping.
2019-08-17 17:00:40,607 - gfdl - ERROR - Data for month 439 already exists but overwrite_data is False. Stopping.
2019-08-17 17:00:40,609 - gfdl - ERROR - Data for month 440 already exists but overwrite_data is False. Stopping.
2019-08-17 17:00:40,610 - gfdl - ERROR - Data for month 441 already exists but overwrite_data is False. Stopping.
2019-08-17 17:00:40,611 - gfdl - ERROR - Data for month 442 already exists but overwrite_data is False. Stopping.
2019-08-17 17:00:40,612 - gfdl - ERROR - Data for month 443 already exists but overwrite_data is False. Stopping.
2019-08-17 17:00:40,613 - gfdl - ERROR - Data for month 444 already exists but overwrite_data is False. Stopping.
2019-08-17 17:00:40,615 - gfdl - ERROR - Data for month 445 already exists but overwrite_data is False. Stopping.
2019-08-17 17:00:40,616 - gfdl - ERROR - Data for month 446 already exists but overwrite_data is False. Stopping.
2019-08-17 17:00:40,617 - gfdl - ERROR - Data for month 447 already exists but overwrite_data is False. Stopping.
2019-08-17 17:00:40,618 - gfdl - ERROR - Data for month 448 already exists but overwrite_data is False. Stopping.
2019-08-17 17:00:40,619 - gfdl - ERROR - Data for month 449 already exists but overwrite_data is False. Stopping.
2019-08-17 17:00:40,621 - gfdl - ERROR - Data for month 450 already exists but overwrite_data is False. Stopping.
2019-08-17 17:00:40,622 - gfdl - ERROR - Data for month 451 already exists but overwrite_data is False. Stopping.
2019-08-17 17:00:40,623 - gfdl - ERROR - Data for month 452 already exists but overwrite_data is False. Stopping.
2019-08-17 17:00:40,624 - gfdl - ERROR - Data for month 453 already exists but overwrite_data is False. Stopping.
2019-08-17 17:00:40,626 - gfdl - ERROR - Data for month 454 already exists but overwrite_data is False. Stopping.
2019-08-17 17:00:40,627 - gfdl - ERROR - Data for month 455 already exists but overwrite_data is False. Stopping.
2019-08-17 17:00:40,628 - gfdl - ERROR - Data for month 456 already exists but overwrite_data is False. Stopping.
2019-08-17 17:00:40,629 - gfdl - ERROR - Data for month 457 already exists but overwrite_data is False. Stopping.
2019-08-17 17:00:40,631 - gfdl - ERROR - Data for month 458 already exists but overwrite_data is False. Stopping.
2019-08-17 17:00:40,632 - gfdl - ERROR - Data for month 459 already exists but overwrite_data is False. Stopping.
2019-08-17 17:00:40,633 - gfdl - ERROR - Data for month 460 already exists but overwrite_data is False. Stopping.
2019-08-17 17:00:40,635 - gfdl - ERROR - Data for month 461 already exists but overwrite_data is False. Stopping.
2019-08-17 17:00:40,636 - gfdl - ERROR - Data for month 462 already exists but overwrite_data is False. Stopping.
2019-08-17 17:00:40,637 - gfdl - ERROR - Data for month 463 already exists but overwrite_data is False. Stopping.
2019-08-17 17:00:40,638 - gfdl - ERROR - Data for month 464 already exists but overwrite_data is False. Stopping.
2019-08-17 17:00:40,639 - gfdl - ERROR - Data for month 465 already exists but overwrite_data is False. Stopping.
2019-08-17 17:00:40,641 - gfdl - ERROR - Data for month 466 already exists but overwrite_data is False. Stopping.
2019-08-17 17:00:40,642 - gfdl - ERROR - Data for month 467 already exists but overwrite_data is False. Stopping.
2019-08-17 17:00:40,643 - gfdl - ERROR - Data for month 468 already exists but overwrite_data is False. Stopping.
2019-08-17 17:00:40,645 - gfdl - ERROR - Data for month 469 already exists but overwrite_data is False. Stopping.
2019-08-17 17:00:40,646 - gfdl - ERROR - Data for month 470 already exists but overwrite_data is False. Stopping.
2019-08-17 17:00:40,647 - gfdl - ERROR - Data for month 471 already exists but overwrite_data is False. Stopping.
2019-08-17 17:00:40,648 - gfdl - ERROR - Data for month 472 already exists but overwrite_data is False. Stopping.
2019-08-17 17:00:40,649 - gfdl - ERROR - Data for month 473 already exists but overwrite_data is False. Stopping.
2019-08-17 17:00:40,650 - gfdl - ERROR - Data for month 474 already exists but overwrite_data is False. Stopping.
2019-08-17 17:00:40,652 - gfdl - ERROR - Data for month 475 already exists but overwrite_data is False. Stopping.
2019-08-17 17:00:40,653 - gfdl - ERROR - Data for month 476 already exists but overwrite_data is False. Stopping.
2019-08-17 17:00:40,654 - gfdl - ERROR - Data for month 477 already exists but overwrite_data is False. Stopping.
2019-08-17 17:00:40,655 - gfdl - ERROR - Data for month 478 already exists but overwrite_data is False. Stopping.
2019-08-17 17:00:40,657 - gfdl - ERROR - Data for month 479 already exists but overwrite_data is False. Stopping.
2019-08-17 17:00:40,658 - gfdl - ERROR - Data for month 480 already exists but overwrite_data is False. Stopping.
