05/18/2019 03:16:03 PM /project2/tas1/pragallva/Fall_quarter_2018/exp_data/am2/HC0_la5m_oc5m/HC0_la5m_oc5m0.nc
05/18/2019 03:16:03 PM 0...........interpolation_from_sigma_to_pres_coord.py.............
05/18/2019 03:16:03 PM 0imported nc file
05/18/2019 03:17:10 PM 0imported coordinates, height
05/18/2019 03:18:39 PM 0imported u
05/18/2019 03:20:10 PM 0imported ht
05/18/2019 03:21:39 PM 0imported temp
05/18/2019 03:21:45 PM 0imported pressure
05/18/2019 04:08:19 PM /project2/tas1/pragallva/Fall_quarter_2018/exp_data/am2/HC0_la5m_oc5m/HC0_la5m_oc5m0.nc
05/18/2019 04:08:20 PM 0...........interpolation_from_sigma_to_pres_coord.py.............
05/18/2019 04:08:20 PM 0imported nc file
05/18/2019 04:09:18 PM 0imported coordinates, height
05/18/2019 04:15:05 PM /project2/tas1/pragallva/Fall_quarter_2018/exp_data/am2/HC0_la5m_oc5m/HC0_la5m_oc5m0.nc
05/18/2019 04:15:05 PM 0...........interpolation_from_sigma_to_pres_coord.py.............
05/18/2019 04:15:05 PM 0imported nc file
05/18/2019 04:16:04 PM 0imported coordinates, height
05/18/2019 04:17:39 PM 0imported u, 90,24,1464,144
05/18/2019 04:22:17 PM 0imported ht, 90,24,1464,144
05/18/2019 04:23:51 PM 0imported temp, 90,24,1464,144
05/18/2019 04:23:57 PM 0imported pressure
05/18/2019 05:49:08 PM /project2/tas1/pragallva/Fall_quarter_2018/exp_data/am2/HC0_la5m_oc5m/HC0_la5m_oc5m0.nc
05/18/2019 05:49:09 PM 0...........interpolation_from_sigma_to_pres_coord.py.............
05/18/2019 05:49:09 PM 0imported nc file
05/18/2019 05:50:40 PM 0imported coordinates, height
05/18/2019 05:52:26 PM 0imported u, 90,24,1464,144
05/18/2019 05:54:01 PM 0imported ht, 90,24,1464,144
05/18/2019 05:55:33 PM 0imported temp, 90,24,1464,144
05/18/2019 05:55:40 PM 0imported pres, 1464,24,90,144
05/18/2019 05:55:40 PM 0imported pressure
05/18/2019 06:05:01 PM /project2/tas1/pragallva/Fall_quarter_2018/exp_data/am2/HC0_la5m_oc5m/HC0_la5m_oc5m0.nc
05/18/2019 06:05:01 PM 0...........interpolation_from_sigma_to_pres_coord.py.............
05/18/2019 06:05:01 PM 0imported nc file
05/18/2019 06:06:05 PM 0imported coordinates, height
05/18/2019 06:07:35 PM 0imported u, 1464,24,90,144
05/18/2019 06:09:03 PM 0imported ht, 1464,24,90,144
05/18/2019 06:10:22 PM 0imported temp, 1464,24,90,144
05/18/2019 06:10:29 PM 0imported pres, 1464,24,90,144
05/18/2019 06:10:29 PM 0imported pressure
05/18/2019 06:23:01 PM /project2/tas1/pragallva/Fall_quarter_2018/exp_data/am2/HC0_la5m_oc5m/HC0_la5m_oc5m0.nc
05/18/2019 06:23:01 PM 0...........interpolation_from_sigma_to_pres_coord.py.............
05/18/2019 06:23:01 PM 0imported nc file
05/18/2019 06:24:04 PM 0imported coordinates, height
05/18/2019 06:25:31 PM 0imported u, 1464,24,90,144
05/18/2019 06:26:42 PM 0imported ht, 1464,24,90,144
05/18/2019 06:28:01 PM 0imported temp, 1464,24,90,144
05/18/2019 06:28:07 PM 0imported pres, 1464,24,90,144
05/18/2019 06:28:07 PM 0imported pressure
05/18/2019 06:31:51 PM 0interpolation done
05/18/2019 06:32:01 PM 0formed dictionaries
05/18/2019 06:32:01 PM 0saved velocity and others in pressure coordinates
05/18/2019 06:38:05 PM /project2/tas1/pragallva/Fall_quarter_2018/exp_data/am2/HC0_la5m_oc5m/HC0_la5m_oc5m0.nc
05/18/2019 06:38:05 PM 0...........interpolation_from_sigma_to_pres_coord.py.............
05/18/2019 06:38:05 PM 0imported nc file
05/18/2019 06:39:03 PM 0imported coordinates, height
05/18/2019 06:40:34 PM 0imported u, 1464,24,90,144
05/18/2019 06:41:54 PM 0imported ht, 1464,24,90,144
05/18/2019 06:43:12 PM 0imported temp, 1464,24,90,144
05/18/2019 06:43:18 PM 0imported pres, 1464,24,90,144
05/18/2019 06:43:18 PM 0imported pressure
05/18/2019 06:47:02 PM 0interpolation done
05/18/2019 06:47:11 PM 0formed dictionaries
05/18/2019 06:47:11 PM 0saved velocity and others in pressure coordinates
05/18/2019 06:47:19 PM /project2/tas1/pragallva/Fall_quarter_2018/exp_data/am2/HC0_la5m_oc5m/HC0_la5m_oc5m1.nc
05/18/2019 06:47:19 PM destination folder created !
05/18/2019 06:47:19 PM 1...........interpolation_from_sigma_to_pres_coord.py.............
05/18/2019 06:47:19 PM 1imported nc file
05/18/2019 06:48:39 PM 1imported coordinates, height
05/18/2019 06:50:04 PM 1imported u, 1460,24,90,144
05/18/2019 06:51:38 PM 1imported ht, 1460,24,90,144
05/18/2019 06:53:29 PM 1imported temp, 1460,24,90,144
05/18/2019 06:53:36 PM 1imported pres, 1460,24,90,144
05/18/2019 06:53:36 PM 1imported pressure
05/18/2019 06:57:22 PM 1interpolation done
05/18/2019 06:57:31 PM 1formed dictionaries
05/18/2019 06:57:31 PM 1saved velocity and others in pressure coordinates
05/18/2019 06:57:40 PM /project2/tas1/pragallva/Fall_quarter_2018/exp_data/am2/HC0_la5m_oc5m/HC0_la5m_oc5m2.nc
05/18/2019 06:57:40 PM destination folder created !
05/18/2019 06:57:40 PM 2...........interpolation_from_sigma_to_pres_coord.py.............
05/18/2019 06:57:40 PM 2imported nc file
05/18/2019 06:59:27 PM 2imported coordinates, height
05/18/2019 07:01:18 PM 2imported u, 1460,24,90,144
05/18/2019 07:02:49 PM 2imported ht, 1460,24,90,144
05/18/2019 07:04:22 PM 2imported temp, 1460,24,90,144
05/18/2019 07:04:29 PM 2imported pres, 1460,24,90,144
05/18/2019 07:04:29 PM 2imported pressure
05/18/2019 07:08:14 PM 2interpolation done
05/18/2019 07:08:23 PM 2formed dictionaries
05/18/2019 07:08:23 PM 2saved velocity and others in pressure coordinates
05/18/2019 07:08:31 PM /project2/tas1/pragallva/Fall_quarter_2018/exp_data/am2/HC0_la5m_oc5m/HC0_la5m_oc5m3.nc
05/18/2019 07:08:31 PM destination folder created !
05/18/2019 07:08:31 PM 3...........interpolation_from_sigma_to_pres_coord.py.............
05/18/2019 07:08:31 PM 3imported nc file
05/18/2019 07:09:51 PM 3imported coordinates, height
05/18/2019 07:11:23 PM 3imported u, 1460,24,90,144
05/18/2019 07:12:59 PM 3imported ht, 1460,24,90,144
05/18/2019 07:14:31 PM 3imported temp, 1460,24,90,144
05/18/2019 07:14:38 PM 3imported pres, 1460,24,90,144
05/18/2019 07:14:38 PM 3imported pressure
05/18/2019 07:18:30 PM 3interpolation done
05/18/2019 07:18:39 PM 3formed dictionaries
05/18/2019 07:18:41 PM 3saved velocity and others in pressure coordinates
05/18/2019 07:18:49 PM /project2/tas1/pragallva/Fall_quarter_2018/exp_data/am2/HC0_la5m_oc5m/HC0_la5m_oc5m4.nc
05/18/2019 07:18:50 PM destination folder created !
05/18/2019 07:18:50 PM 4...........interpolation_from_sigma_to_pres_coord.py.............
05/18/2019 07:18:50 PM 4imported nc file
05/18/2019 07:19:51 PM 4imported coordinates, height
05/18/2019 07:21:25 PM 4imported u, 1464,24,90,144
05/18/2019 07:22:58 PM 4imported ht, 1464,24,90,144
05/18/2019 07:24:39 PM 4imported temp, 1464,24,90,144
05/18/2019 07:24:46 PM 4imported pres, 1464,24,90,144
05/18/2019 07:24:46 PM 4imported pressure
05/18/2019 07:28:31 PM 4interpolation done
05/18/2019 07:28:40 PM 4formed dictionaries
05/18/2019 07:28:40 PM 4saved velocity and others in pressure coordinates
05/18/2019 07:28:48 PM /project2/tas1/pragallva/Fall_quarter_2018/exp_data/am2/HC0_la5m_oc5m/HC0_la5m_oc5m5.nc
05/18/2019 07:28:48 PM destination folder created !
05/18/2019 07:28:48 PM 5...........interpolation_from_sigma_to_pres_coord.py.............
05/18/2019 07:28:48 PM 5imported nc file
05/18/2019 07:29:44 PM 5imported coordinates, height
05/18/2019 07:31:11 PM 5imported u, 1460,24,90,144
05/18/2019 07:32:19 PM 5imported ht, 1460,24,90,144
05/18/2019 07:33:35 PM 5imported temp, 1460,24,90,144
05/18/2019 07:33:42 PM 5imported pres, 1460,24,90,144
05/18/2019 07:33:42 PM 5imported pressure
05/18/2019 07:37:25 PM 5interpolation done
05/18/2019 07:37:34 PM 5formed dictionaries
05/18/2019 07:37:34 PM 5saved velocity and others in pressure coordinates
05/18/2019 07:37:42 PM /project2/tas1/pragallva/Fall_quarter_2018/exp_data/am2/HC0_la5m_oc5m/HC0_la5m_oc5m6.nc
05/18/2019 07:37:42 PM destination folder created !
05/18/2019 07:37:42 PM 6...........interpolation_from_sigma_to_pres_coord.py.............
05/18/2019 07:37:42 PM 6imported nc file
05/18/2019 07:38:36 PM 6imported coordinates, height
05/18/2019 07:40:02 PM 6imported u, 1460,24,90,144
05/18/2019 07:41:10 PM 6imported ht, 1460,24,90,144
05/18/2019 07:42:24 PM 6imported temp, 1460,24,90,144
05/18/2019 07:42:31 PM 6imported pres, 1460,24,90,144
05/18/2019 07:42:31 PM 6imported pressure
05/18/2019 07:46:14 PM 6interpolation done
05/18/2019 07:46:23 PM 6formed dictionaries
05/18/2019 07:46:23 PM 6saved velocity and others in pressure coordinates
05/18/2019 07:46:31 PM /project2/tas1/pragallva/Fall_quarter_2018/exp_data/am2/HC0_la5m_oc5m/HC0_la5m_oc5m7.nc
05/18/2019 07:46:31 PM destination folder created !
05/18/2019 07:46:31 PM 7...........interpolation_from_sigma_to_pres_coord.py.............
05/18/2019 07:46:31 PM 7imported nc file
05/18/2019 07:47:25 PM 7imported coordinates, height
05/18/2019 07:48:53 PM 7imported u, 1460,24,90,144
05/18/2019 07:50:04 PM 7imported ht, 1460,24,90,144
05/18/2019 07:51:18 PM 7imported temp, 1460,24,90,144
05/18/2019 07:51:24 PM 7imported pres, 1460,24,90,144
05/18/2019 07:51:24 PM 7imported pressure
05/18/2019 07:55:23 PM 7interpolation done
05/18/2019 07:55:32 PM 7formed dictionaries
05/18/2019 07:55:32 PM 7saved velocity and others in pressure coordinates
05/18/2019 07:55:39 PM /project2/tas1/pragallva/Fall_quarter_2018/exp_data/am2/HC0_la5m_oc5m/HC0_la5m_oc5m8.nc
05/18/2019 07:55:39 PM destination folder created !
05/18/2019 07:55:39 PM 8...........interpolation_from_sigma_to_pres_coord.py.............
05/18/2019 07:55:39 PM 8imported nc file
05/18/2019 07:56:36 PM 8imported coordinates, height
05/18/2019 07:58:39 PM 8imported u, 1464,24,90,144
05/18/2019 08:00:40 PM 8imported ht, 1464,24,90,144
05/18/2019 08:02:10 PM 8imported temp, 1464,24,90,144
05/18/2019 08:02:17 PM 8imported pres, 1464,24,90,144
05/18/2019 08:02:17 PM 8imported pressure
05/18/2019 08:06:11 PM 8interpolation done
05/18/2019 08:06:20 PM 8formed dictionaries
05/18/2019 08:06:20 PM 8saved velocity and others in pressure coordinates
05/18/2019 08:06:27 PM /project2/tas1/pragallva/Fall_quarter_2018/exp_data/am2/HC0_la5m_oc5m/HC0_la5m_oc5m9.nc
05/18/2019 08:06:28 PM destination folder created !
05/18/2019 08:06:28 PM 9...........interpolation_from_sigma_to_pres_coord.py.............
05/18/2019 08:06:28 PM 9imported nc file
05/18/2019 08:07:52 PM 9imported coordinates, height
05/18/2019 08:09:33 PM 9imported u, 1460,24,90,144
05/18/2019 08:10:57 PM 9imported ht, 1460,24,90,144
05/18/2019 08:12:12 PM 9imported temp, 1460,24,90,144
05/18/2019 08:12:19 PM 9imported pres, 1460,24,90,144
05/18/2019 08:12:19 PM 9imported pressure
05/18/2019 08:16:03 PM 9interpolation done
05/18/2019 08:16:12 PM 9formed dictionaries
05/18/2019 08:16:13 PM 9saved velocity and others in pressure coordinates
05/18/2019 08:16:15 PM ** INTERPOLATION ** 
05/18/2019 08:16:20 PM ----0----T, U, Z 
05/18/2019 08:16:20 PM ----1----T, U, Z 
05/18/2019 08:16:20 PM ----2----T, U, Z 
05/18/2019 08:16:20 PM ----3----T, U, Z 
05/18/2019 08:16:20 PM ----4----T, U, Z 
05/18/2019 08:16:20 PM ----5----T, U, Z 
05/18/2019 08:16:20 PM ----6----T, U, Z 
05/18/2019 08:16:20 PM ----7----T, U, Z 
05/18/2019 08:16:20 PM ----8----T, U, Z 
05/18/2019 08:16:20 PM ----9----T, U, Z 
05/18/2019 08:16:20 PM  Loaded T U Z P
05/18/2019 08:16:20 PM Defined constants
05/18/2019 08:16:20 PM Interpolate T
05/18/2019 08:16:20 PM Interpolate U
05/18/2019 08:16:20 PM Interpolate Z
05/18/2019 08:16:20 PM Calculated theta
05/18/2019 08:16:20 PM Calculated N_sq_sfc
05/18/2019 08:16:20 PM Calculated dtheta_dy_sfc
05/18/2019 08:16:20 PM Calculated fo_dUdz_sfc
05/18/2019 08:16:20 PM Dictionary surface baroclinicity
05/18/2019 08:16:23 PM Calculated dUdz
05/18/2019 08:16:25 PM Calculated N_sq
05/18/2019 08:16:25 PM Dictionary baroclinicity
05/18/2019 08:16:25 PM destination folder created !
05/18/2019 08:16:25 PM Saved baroclinicity
05/18/2019 08:16:25 PM Looks great !!
