12/04/2018 01:31:52 AM destination folder created !
12/04/2018 01:31:54 AM ...........Shape correction.py.............0
12/04/2018 01:31:54 AM imported nc file
12/04/2018 01:31:54 AM imported coordinates
12/04/2018 01:31:54 AM imported pressure
12/04/2018 01:32:21 AM ps
12/04/2018 01:32:26 AM saved temp
12/04/2018 01:32:32 AM saved v_comp
12/04/2018 01:32:38 AM saved u_comp
12/04/2018 01:32:44 AM saved Z
12/04/2018 01:32:49 AM saved q
12/04/2018 01:32:51 AM regrid temp:(1460, 24, 90, 144)
12/04/2018 01:32:52 AM regrid u:(1460, 24, 90, 144)
12/04/2018 01:32:54 AM regrid v:(1460, 24, 90, 144)
12/04/2018 01:32:55 AM regrid Z:(1460, 24, 90, 144)
12/04/2018 01:32:57 AM regrid q:(1460, 24, 90, 144)
12/04/2018 01:32:57 AM regrid psfc:(1460, 90, 144)
12/04/2018 01:33:02 AM calculated pressure from sigma levels
12/04/2018 01:33:05 AM calculated KE
12/04/2018 01:33:11 AM calculated MSE fluxes
12/04/2018 01:33:21 AM saved raw data
12/04/2018 01:33:25 AM vertical integartion : MSE fluxes
12/04/2018 01:33:31 AM vertical integration : sensible fluxes
12/04/2018 01:33:36 AM vertical integration : latent fluxes
12/04/2018 01:33:41 AM vertical integration : nc potential fluxes
12/04/2018 01:33:46 AM vertical integration : kinetic energy fluxes
12/04/2018 01:33:52 AM vertical integration : Enthalpy 
12/04/2018 01:34:24 AM saved radiation
12/04/2018 01:34:28 AM precipitation
12/04/2018 01:34:28 AM radiation-- I think its right now !
12/04/2018 01:34:29 AM calculated dh_by_dt
12/04/2018 01:34:29 AM loaded coordinates dictionary
12/04/2018 01:34:29 AM loaded MSE_flux dictionary
12/04/2018 01:34:29 AM loaded rad_dic dictionary
12/04/2018 01:34:30 AM successfully saved dictionaries in files
12/04/2018 01:34:30 AM Begins calculating TE, SE and MM fluxes ....
12/04/2018 01:34:32 AM calculated dh_by_dt dictionary
12/04/2018 01:36:35 AM loaded zonal decomposed fluxes dictionary
12/04/2018 01:36:35 AM loaded zonal decomposed fluxes without vertical avg dictionary
12/04/2018 01:36:36 AM loaded zonal radiation dictionary
12/04/2018 01:37:09 AM loaded MMC_thermo_dynamic dictionary
12/04/2018 01:37:09 AM loaded MMC_thermo_dynamic_vert dictionary
12/04/2018 01:37:15 AM destination folder created !
12/04/2018 01:37:15 AM ...........Shape correction.py.............1
12/04/2018 01:37:15 AM imported nc file
12/04/2018 01:37:15 AM imported coordinates
12/04/2018 01:37:15 AM imported pressure
12/04/2018 01:37:41 AM ps
12/04/2018 01:37:47 AM saved temp
12/04/2018 01:37:52 AM saved v_comp
12/04/2018 01:37:58 AM saved u_comp
12/04/2018 01:38:03 AM saved Z
12/04/2018 01:38:09 AM saved q
12/04/2018 01:38:10 AM regrid temp:(1460, 24, 90, 144)
12/04/2018 01:38:12 AM regrid u:(1460, 24, 90, 144)
12/04/2018 01:38:13 AM regrid v:(1460, 24, 90, 144)
12/04/2018 01:38:15 AM regrid Z:(1460, 24, 90, 144)
12/04/2018 01:38:16 AM regrid q:(1460, 24, 90, 144)
12/04/2018 01:38:16 AM regrid psfc:(1460, 90, 144)
12/04/2018 01:38:21 AM calculated pressure from sigma levels
12/04/2018 01:38:24 AM calculated KE
12/04/2018 01:38:30 AM calculated MSE fluxes
12/04/2018 01:38:40 AM saved raw data
12/04/2018 01:38:45 AM vertical integartion : MSE fluxes
12/04/2018 01:38:50 AM vertical integration : sensible fluxes
12/04/2018 01:38:55 AM vertical integration : latent fluxes
12/04/2018 01:39:00 AM vertical integration : nc potential fluxes
12/04/2018 01:39:06 AM vertical integration : kinetic energy fluxes
12/04/2018 01:39:11 AM vertical integration : Enthalpy 
12/04/2018 01:39:42 AM saved radiation
12/04/2018 01:39:46 AM precipitation
12/04/2018 01:39:46 AM radiation-- I think its right now !
12/04/2018 01:39:47 AM calculated dh_by_dt
12/04/2018 01:39:47 AM loaded coordinates dictionary
12/04/2018 01:39:47 AM loaded MSE_flux dictionary
12/04/2018 01:39:47 AM loaded rad_dic dictionary
12/04/2018 01:39:49 AM successfully saved dictionaries in files
12/04/2018 01:39:49 AM Begins calculating TE, SE and MM fluxes ....
12/04/2018 01:39:51 AM calculated dh_by_dt dictionary
12/04/2018 01:41:49 AM loaded zonal decomposed fluxes dictionary
12/04/2018 01:41:49 AM loaded zonal decomposed fluxes without vertical avg dictionary
12/04/2018 01:41:50 AM loaded zonal radiation dictionary
12/04/2018 01:42:21 AM loaded MMC_thermo_dynamic dictionary
12/04/2018 01:42:21 AM loaded MMC_thermo_dynamic_vert dictionary
12/04/2018 01:42:26 AM destination folder created !
12/04/2018 01:42:26 AM ...........Shape correction.py.............2
12/04/2018 01:42:26 AM imported nc file
12/04/2018 01:42:26 AM imported coordinates
12/04/2018 01:42:26 AM imported pressure
12/04/2018 01:42:51 AM ps
12/04/2018 01:42:57 AM saved temp
12/04/2018 01:43:02 AM saved v_comp
12/04/2018 01:43:08 AM saved u_comp
12/04/2018 01:43:14 AM saved Z
12/04/2018 01:43:20 AM saved q
12/04/2018 01:43:21 AM regrid temp:(1460, 24, 90, 144)
12/04/2018 01:43:23 AM regrid u:(1460, 24, 90, 144)
12/04/2018 01:43:24 AM regrid v:(1460, 24, 90, 144)
12/04/2018 01:43:26 AM regrid Z:(1460, 24, 90, 144)
12/04/2018 01:43:27 AM regrid q:(1460, 24, 90, 144)
12/04/2018 01:43:27 AM regrid psfc:(1460, 90, 144)
12/04/2018 01:43:32 AM calculated pressure from sigma levels
12/04/2018 01:43:36 AM calculated KE
12/04/2018 01:43:41 AM calculated MSE fluxes
12/04/2018 01:43:52 AM saved raw data
12/04/2018 01:43:56 AM vertical integartion : MSE fluxes
12/04/2018 01:44:02 AM vertical integration : sensible fluxes
12/04/2018 01:44:07 AM vertical integration : latent fluxes
12/04/2018 01:44:12 AM vertical integration : nc potential fluxes
12/04/2018 01:44:18 AM vertical integration : kinetic energy fluxes
12/04/2018 01:44:23 AM vertical integration : Enthalpy 
12/04/2018 01:44:55 AM saved radiation
12/04/2018 01:44:59 AM precipitation
12/04/2018 01:44:59 AM radiation-- I think its right now !
12/04/2018 01:45:00 AM calculated dh_by_dt
12/04/2018 01:45:00 AM loaded coordinates dictionary
12/04/2018 01:45:00 AM loaded MSE_flux dictionary
12/04/2018 01:45:00 AM loaded rad_dic dictionary
12/04/2018 01:45:01 AM successfully saved dictionaries in files
12/04/2018 01:45:01 AM Begins calculating TE, SE and MM fluxes ....
12/04/2018 01:45:03 AM calculated dh_by_dt dictionary
12/04/2018 01:47:03 AM loaded zonal decomposed fluxes dictionary
12/04/2018 01:47:04 AM loaded zonal decomposed fluxes without vertical avg dictionary
12/04/2018 01:47:04 AM loaded zonal radiation dictionary
12/04/2018 01:47:36 AM loaded MMC_thermo_dynamic dictionary
12/04/2018 01:47:36 AM loaded MMC_thermo_dynamic_vert dictionary
12/04/2018 01:47:41 AM destination folder created !
12/04/2018 01:47:42 AM ...........Shape correction.py.............3
12/04/2018 01:47:42 AM imported nc file
12/04/2018 01:47:42 AM imported coordinates
12/04/2018 01:47:42 AM imported pressure
12/04/2018 01:48:04 AM ps
12/04/2018 01:48:10 AM saved temp
12/04/2018 01:48:16 AM saved v_comp
12/04/2018 01:48:22 AM saved u_comp
12/04/2018 01:48:27 AM saved Z
12/04/2018 01:48:33 AM saved q
12/04/2018 01:48:35 AM regrid temp:(1460, 24, 90, 144)
12/04/2018 01:48:36 AM regrid u:(1460, 24, 90, 144)
12/04/2018 01:48:37 AM regrid v:(1460, 24, 90, 144)
12/04/2018 01:48:39 AM regrid Z:(1460, 24, 90, 144)
12/04/2018 01:48:40 AM regrid q:(1460, 24, 90, 144)
12/04/2018 01:48:40 AM regrid psfc:(1460, 90, 144)
12/04/2018 01:48:45 AM calculated pressure from sigma levels
12/04/2018 01:48:48 AM calculated KE
12/04/2018 01:48:54 AM calculated MSE fluxes
12/04/2018 01:49:04 AM saved raw data
12/04/2018 01:49:08 AM vertical integartion : MSE fluxes
12/04/2018 01:49:14 AM vertical integration : sensible fluxes
12/04/2018 01:49:19 AM vertical integration : latent fluxes
12/04/2018 01:49:24 AM vertical integration : nc potential fluxes
12/04/2018 01:49:30 AM vertical integration : kinetic energy fluxes
12/04/2018 01:49:35 AM vertical integration : Enthalpy 
12/04/2018 01:50:06 AM saved radiation
12/04/2018 01:50:10 AM precipitation
12/04/2018 01:50:10 AM radiation-- I think its right now !
12/04/2018 01:50:11 AM calculated dh_by_dt
12/04/2018 01:50:11 AM loaded coordinates dictionary
12/04/2018 01:50:11 AM loaded MSE_flux dictionary
12/04/2018 01:50:11 AM loaded rad_dic dictionary
12/04/2018 01:50:12 AM successfully saved dictionaries in files
12/04/2018 01:50:12 AM Begins calculating TE, SE and MM fluxes ....
12/04/2018 01:50:14 AM calculated dh_by_dt dictionary
12/04/2018 01:52:11 AM loaded zonal decomposed fluxes dictionary
12/04/2018 01:52:11 AM loaded zonal decomposed fluxes without vertical avg dictionary
12/04/2018 01:52:11 AM loaded zonal radiation dictionary
12/04/2018 01:52:42 AM loaded MMC_thermo_dynamic dictionary
12/04/2018 01:52:42 AM loaded MMC_thermo_dynamic_vert dictionary
12/04/2018 01:52:47 AM destination folder created !
12/04/2018 01:52:48 AM ...........Shape correction.py.............4
12/04/2018 01:52:48 AM imported nc file
12/04/2018 01:52:48 AM imported coordinates
12/04/2018 01:52:48 AM imported pressure
12/04/2018 01:53:10 AM ps
12/04/2018 01:53:15 AM saved temp
12/04/2018 01:53:21 AM saved v_comp
12/04/2018 01:53:27 AM saved u_comp
12/04/2018 01:53:33 AM saved Z
12/04/2018 01:53:39 AM saved q
12/04/2018 01:53:40 AM regrid temp:(1460, 24, 90, 144)
12/04/2018 01:53:42 AM regrid u:(1460, 24, 90, 144)
12/04/2018 01:53:43 AM regrid v:(1460, 24, 90, 144)
12/04/2018 01:53:44 AM regrid Z:(1460, 24, 90, 144)
12/04/2018 01:53:46 AM regrid q:(1460, 24, 90, 144)
12/04/2018 01:53:46 AM regrid psfc:(1460, 90, 144)
12/04/2018 01:53:51 AM calculated pressure from sigma levels
12/04/2018 01:53:54 AM calculated KE
12/04/2018 01:53:59 AM calculated MSE fluxes
12/04/2018 01:54:10 AM saved raw data
12/04/2018 01:54:14 AM vertical integartion : MSE fluxes
12/04/2018 01:54:19 AM vertical integration : sensible fluxes
12/04/2018 01:54:25 AM vertical integration : latent fluxes
12/04/2018 01:54:30 AM vertical integration : nc potential fluxes
12/04/2018 01:54:35 AM vertical integration : kinetic energy fluxes
12/04/2018 01:54:41 AM vertical integration : Enthalpy 
12/04/2018 01:55:09 AM saved radiation
12/04/2018 01:55:12 AM precipitation
12/04/2018 01:55:12 AM radiation-- I think its right now !
12/04/2018 01:55:13 AM calculated dh_by_dt
12/04/2018 01:55:13 AM loaded coordinates dictionary
12/04/2018 01:55:13 AM loaded MSE_flux dictionary
12/04/2018 01:55:13 AM loaded rad_dic dictionary
12/04/2018 01:55:14 AM successfully saved dictionaries in files
12/04/2018 01:55:14 AM Begins calculating TE, SE and MM fluxes ....
12/04/2018 01:55:16 AM calculated dh_by_dt dictionary
12/04/2018 01:57:14 AM loaded zonal decomposed fluxes dictionary
12/04/2018 01:57:14 AM loaded zonal decomposed fluxes without vertical avg dictionary
12/04/2018 01:57:14 AM loaded zonal radiation dictionary
12/04/2018 01:57:46 AM loaded MMC_thermo_dynamic dictionary
12/04/2018 01:57:46 AM loaded MMC_thermo_dynamic_vert dictionary
12/04/2018 01:57:50 AM destination folder created !
12/04/2018 01:57:51 AM ...........Shape correction.py.............5
12/04/2018 01:57:51 AM imported nc file
12/04/2018 01:57:51 AM imported coordinates
12/04/2018 01:57:51 AM imported pressure
12/04/2018 01:58:14 AM ps
12/04/2018 01:58:20 AM saved temp
12/04/2018 01:58:26 AM saved v_comp
12/04/2018 01:58:33 AM saved u_comp
12/04/2018 01:58:39 AM saved Z
12/04/2018 01:58:45 AM saved q
12/04/2018 01:58:46 AM regrid temp:(1460, 24, 90, 144)
12/04/2018 01:58:48 AM regrid u:(1460, 24, 90, 144)
12/04/2018 01:58:49 AM regrid v:(1460, 24, 90, 144)
12/04/2018 01:58:50 AM regrid Z:(1460, 24, 90, 144)
12/04/2018 01:58:51 AM regrid q:(1460, 24, 90, 144)
12/04/2018 01:58:52 AM regrid psfc:(1460, 90, 144)
12/04/2018 01:58:57 AM calculated pressure from sigma levels
12/04/2018 01:59:00 AM calculated KE
12/04/2018 01:59:05 AM calculated MSE fluxes
12/04/2018 01:59:16 AM saved raw data
12/04/2018 01:59:20 AM vertical integartion : MSE fluxes
12/04/2018 01:59:25 AM vertical integration : sensible fluxes
12/04/2018 01:59:30 AM vertical integration : latent fluxes
12/04/2018 01:59:35 AM vertical integration : nc potential fluxes
12/04/2018 01:59:40 AM vertical integration : kinetic energy fluxes
12/04/2018 01:59:46 AM vertical integration : Enthalpy 
12/04/2018 02:00:16 AM saved radiation
12/04/2018 02:00:20 AM precipitation
12/04/2018 02:00:20 AM radiation-- I think its right now !
12/04/2018 02:00:21 AM calculated dh_by_dt
12/04/2018 02:00:21 AM loaded coordinates dictionary
12/04/2018 02:00:21 AM loaded MSE_flux dictionary
12/04/2018 02:00:21 AM loaded rad_dic dictionary
12/04/2018 02:00:22 AM successfully saved dictionaries in files
12/04/2018 02:00:22 AM Begins calculating TE, SE and MM fluxes ....
12/04/2018 02:00:24 AM calculated dh_by_dt dictionary
12/04/2018 02:02:24 AM loaded zonal decomposed fluxes dictionary
12/04/2018 02:02:24 AM loaded zonal decomposed fluxes without vertical avg dictionary
12/04/2018 02:02:24 AM loaded zonal radiation dictionary
12/04/2018 02:02:55 AM loaded MMC_thermo_dynamic dictionary
12/04/2018 02:02:55 AM loaded MMC_thermo_dynamic_vert dictionary
12/04/2018 02:03:00 AM destination folder created !
12/04/2018 02:03:01 AM ...........Shape correction.py.............6
12/04/2018 02:03:01 AM imported nc file
12/04/2018 02:03:01 AM imported coordinates
12/04/2018 02:03:01 AM imported pressure
12/04/2018 02:03:23 AM ps
12/04/2018 02:03:29 AM saved temp
12/04/2018 02:03:34 AM saved v_comp
12/04/2018 02:03:40 AM saved u_comp
12/04/2018 02:03:45 AM saved Z
12/04/2018 02:03:50 AM saved q
12/04/2018 02:03:52 AM regrid temp:(1460, 24, 90, 144)
12/04/2018 02:03:53 AM regrid u:(1460, 24, 90, 144)
12/04/2018 02:03:55 AM regrid v:(1460, 24, 90, 144)
12/04/2018 02:03:56 AM regrid Z:(1460, 24, 90, 144)
12/04/2018 02:03:57 AM regrid q:(1460, 24, 90, 144)
12/04/2018 02:03:57 AM regrid psfc:(1460, 90, 144)
12/04/2018 02:04:03 AM calculated pressure from sigma levels
12/04/2018 02:04:06 AM calculated KE
12/04/2018 02:04:11 AM calculated MSE fluxes
12/04/2018 02:04:22 AM saved raw data
12/04/2018 02:04:26 AM vertical integartion : MSE fluxes
12/04/2018 02:04:32 AM vertical integration : sensible fluxes
12/04/2018 02:04:37 AM vertical integration : latent fluxes
12/04/2018 02:04:43 AM vertical integration : nc potential fluxes
12/04/2018 02:04:48 AM vertical integration : kinetic energy fluxes
12/04/2018 02:04:53 AM vertical integration : Enthalpy 
12/04/2018 02:05:22 AM saved radiation
12/04/2018 02:05:26 AM precipitation
12/04/2018 02:05:26 AM radiation-- I think its right now !
12/04/2018 02:05:27 AM calculated dh_by_dt
12/04/2018 02:05:27 AM loaded coordinates dictionary
12/04/2018 02:05:27 AM loaded MSE_flux dictionary
12/04/2018 02:05:27 AM loaded rad_dic dictionary
12/04/2018 02:05:28 AM successfully saved dictionaries in files
12/04/2018 02:05:28 AM Begins calculating TE, SE and MM fluxes ....
12/04/2018 02:05:30 AM calculated dh_by_dt dictionary
12/04/2018 02:07:31 AM loaded zonal decomposed fluxes dictionary
12/04/2018 02:07:32 AM loaded zonal decomposed fluxes without vertical avg dictionary
12/04/2018 02:07:32 AM loaded zonal radiation dictionary
12/04/2018 02:08:06 AM loaded MMC_thermo_dynamic dictionary
12/04/2018 02:08:06 AM loaded MMC_thermo_dynamic_vert dictionary
12/04/2018 02:08:11 AM destination folder created !
12/04/2018 02:08:11 AM ...........Shape correction.py.............7
12/04/2018 02:08:11 AM imported nc file
12/04/2018 02:08:11 AM imported coordinates
12/04/2018 02:08:11 AM imported pressure
12/04/2018 02:08:32 AM ps
12/04/2018 02:08:38 AM saved temp
12/04/2018 02:08:44 AM saved v_comp
12/04/2018 02:08:50 AM saved u_comp
12/04/2018 02:08:56 AM saved Z
12/04/2018 02:09:02 AM saved q
12/04/2018 02:09:04 AM regrid temp:(1460, 24, 90, 144)
12/04/2018 02:09:05 AM regrid u:(1460, 24, 90, 144)
12/04/2018 02:09:07 AM regrid v:(1460, 24, 90, 144)
12/04/2018 02:09:08 AM regrid Z:(1460, 24, 90, 144)
12/04/2018 02:09:09 AM regrid q:(1460, 24, 90, 144)
12/04/2018 02:09:09 AM regrid psfc:(1460, 90, 144)
12/04/2018 02:09:15 AM calculated pressure from sigma levels
12/04/2018 02:09:18 AM calculated KE
12/04/2018 02:09:23 AM calculated MSE fluxes
12/04/2018 02:09:34 AM saved raw data
12/04/2018 02:09:38 AM vertical integartion : MSE fluxes
12/04/2018 02:09:44 AM vertical integration : sensible fluxes
12/04/2018 02:09:49 AM vertical integration : latent fluxes
12/04/2018 02:09:54 AM vertical integration : nc potential fluxes
12/04/2018 02:10:00 AM vertical integration : kinetic energy fluxes
12/04/2018 02:10:05 AM vertical integration : Enthalpy 
12/04/2018 02:10:38 AM saved radiation
12/04/2018 02:10:41 AM precipitation
12/04/2018 02:10:41 AM radiation-- I think its right now !
12/04/2018 02:10:42 AM calculated dh_by_dt
12/04/2018 02:10:42 AM loaded coordinates dictionary
12/04/2018 02:10:42 AM loaded MSE_flux dictionary
12/04/2018 02:10:42 AM loaded rad_dic dictionary
12/04/2018 02:10:44 AM successfully saved dictionaries in files
12/04/2018 02:10:44 AM Begins calculating TE, SE and MM fluxes ....
12/04/2018 02:10:45 AM calculated dh_by_dt dictionary
12/04/2018 02:12:48 AM loaded zonal decomposed fluxes dictionary
12/04/2018 02:12:48 AM loaded zonal decomposed fluxes without vertical avg dictionary
12/04/2018 02:12:49 AM loaded zonal radiation dictionary
12/04/2018 02:13:22 AM loaded MMC_thermo_dynamic dictionary
12/04/2018 02:13:22 AM loaded MMC_thermo_dynamic_vert dictionary
12/04/2018 02:13:26 AM destination folder created !
12/04/2018 02:13:26 AM ...........Shape correction.py.............8
12/04/2018 02:13:26 AM imported nc file
12/04/2018 02:13:26 AM imported coordinates
12/04/2018 02:13:26 AM imported pressure
12/04/2018 02:13:48 AM ps
12/04/2018 02:13:53 AM saved temp
12/04/2018 02:13:59 AM saved v_comp
12/04/2018 02:14:04 AM saved u_comp
12/04/2018 02:14:10 AM saved Z
12/04/2018 02:14:16 AM saved q
12/04/2018 02:14:18 AM regrid temp:(1460, 24, 90, 144)
12/04/2018 02:14:19 AM regrid u:(1460, 24, 90, 144)
12/04/2018 02:14:21 AM regrid v:(1460, 24, 90, 144)
12/04/2018 02:14:22 AM regrid Z:(1460, 24, 90, 144)
12/04/2018 02:14:24 AM regrid q:(1460, 24, 90, 144)
12/04/2018 02:14:24 AM regrid psfc:(1460, 90, 144)
12/04/2018 02:14:29 AM calculated pressure from sigma levels
12/04/2018 02:14:32 AM calculated KE
12/04/2018 02:14:38 AM calculated MSE fluxes
12/04/2018 02:14:48 AM saved raw data
12/04/2018 02:14:52 AM vertical integartion : MSE fluxes
12/04/2018 02:14:57 AM vertical integration : sensible fluxes
12/04/2018 02:15:03 AM vertical integration : latent fluxes
12/04/2018 02:15:08 AM vertical integration : nc potential fluxes
12/04/2018 02:15:13 AM vertical integration : kinetic energy fluxes
12/04/2018 02:15:19 AM vertical integration : Enthalpy 
12/04/2018 02:15:47 AM saved radiation
12/04/2018 02:15:51 AM precipitation
12/04/2018 02:15:51 AM radiation-- I think its right now !
12/04/2018 02:15:51 AM calculated dh_by_dt
12/04/2018 02:15:51 AM loaded coordinates dictionary
12/04/2018 02:15:51 AM loaded MSE_flux dictionary
12/04/2018 02:15:51 AM loaded rad_dic dictionary
12/04/2018 02:15:53 AM successfully saved dictionaries in files
12/04/2018 02:15:53 AM Begins calculating TE, SE and MM fluxes ....
12/04/2018 02:15:54 AM calculated dh_by_dt dictionary
12/04/2018 02:18:00 AM loaded zonal decomposed fluxes dictionary
12/04/2018 02:18:00 AM loaded zonal decomposed fluxes without vertical avg dictionary
12/04/2018 02:18:00 AM loaded zonal radiation dictionary
12/04/2018 02:18:34 AM loaded MMC_thermo_dynamic dictionary
12/04/2018 02:18:34 AM loaded MMC_thermo_dynamic_vert dictionary
12/04/2018 02:18:38 AM destination folder created !
12/04/2018 02:18:38 AM ...........Shape correction.py.............9
12/04/2018 02:18:38 AM imported nc file
12/04/2018 02:18:38 AM imported coordinates
12/04/2018 02:18:38 AM imported pressure
12/04/2018 02:19:00 AM ps
12/04/2018 02:19:06 AM saved temp
12/04/2018 02:19:11 AM saved v_comp
12/04/2018 02:19:17 AM saved u_comp
12/04/2018 02:19:24 AM saved Z
12/04/2018 02:19:30 AM saved q
12/04/2018 02:19:32 AM regrid temp:(1460, 24, 90, 144)
12/04/2018 02:19:33 AM regrid u:(1460, 24, 90, 144)
12/04/2018 02:19:34 AM regrid v:(1460, 24, 90, 144)
12/04/2018 02:19:36 AM regrid Z:(1460, 24, 90, 144)
12/04/2018 02:19:37 AM regrid q:(1460, 24, 90, 144)
12/04/2018 02:19:37 AM regrid psfc:(1460, 90, 144)
12/04/2018 02:19:42 AM calculated pressure from sigma levels
12/04/2018 02:19:46 AM calculated KE
12/04/2018 02:19:51 AM calculated MSE fluxes
12/04/2018 02:20:02 AM saved raw data
12/04/2018 02:20:06 AM vertical integartion : MSE fluxes
12/04/2018 02:20:11 AM vertical integration : sensible fluxes
12/04/2018 02:20:17 AM vertical integration : latent fluxes
12/04/2018 02:20:22 AM vertical integration : nc potential fluxes
12/04/2018 02:20:27 AM vertical integration : kinetic energy fluxes
12/04/2018 02:20:33 AM vertical integration : Enthalpy 
12/04/2018 02:21:02 AM saved radiation
12/04/2018 02:21:05 AM precipitation
12/04/2018 02:21:05 AM radiation-- I think its right now !
12/04/2018 02:21:06 AM calculated dh_by_dt
12/04/2018 02:21:06 AM loaded coordinates dictionary
12/04/2018 02:21:06 AM loaded MSE_flux dictionary
12/04/2018 02:21:06 AM loaded rad_dic dictionary
12/04/2018 02:21:08 AM successfully saved dictionaries in files
12/04/2018 02:21:08 AM Begins calculating TE, SE and MM fluxes ....
12/04/2018 02:21:09 AM calculated dh_by_dt dictionary
12/04/2018 02:23:14 AM loaded zonal decomposed fluxes dictionary
12/04/2018 02:23:14 AM loaded zonal decomposed fluxes without vertical avg dictionary
12/04/2018 02:23:15 AM loaded zonal radiation dictionary
12/04/2018 02:23:48 AM loaded MMC_thermo_dynamic dictionary
12/04/2018 02:23:48 AM loaded MMC_thermo_dynamic_vert dictionary
