12/27/2018 05:11:35 PM ...........Calculate EKE.............0
12/27/2018 05:11:35 PM imported nc file
12/27/2018 05:12:10 PM imported coordinates
12/27/2018 05:12:15 PM calculated pressure from sigma levels
12/27/2018 05:13:33 PM saved v_comp regrid:(1464, 24, 90, 144)
12/27/2018 05:14:44 PM saved u_comp regrid:(1464, 24, 90, 144)
12/27/2018 05:15:20 PM saved z regrid:(1464, 24, 90, 144)
12/27/2018 05:15:20 PM Filtering signal now
12/27/2018 05:15:29 PM ...........Calculate EKE.............1
12/27/2018 05:15:29 PM imported nc file
12/27/2018 05:16:27 PM imported coordinates
12/27/2018 05:16:32 PM calculated pressure from sigma levels
12/27/2018 05:18:00 PM saved v_comp regrid:(1460, 24, 90, 144)
12/27/2018 05:18:27 PM saved u_comp regrid:(1460, 24, 90, 144)
12/27/2018 05:19:05 PM saved z regrid:(1460, 24, 90, 144)
12/27/2018 05:19:05 PM Filtering signal now
12/27/2018 05:19:15 PM ...........Calculate EKE.............2
12/27/2018 05:19:15 PM imported nc file
12/27/2018 05:20:13 PM imported coordinates
12/27/2018 05:20:18 PM calculated pressure from sigma levels
12/27/2018 05:21:47 PM saved v_comp regrid:(1460, 24, 90, 144)
12/27/2018 05:22:43 PM saved u_comp regrid:(1460, 24, 90, 144)
12/27/2018 05:23:19 PM saved z regrid:(1460, 24, 90, 144)
12/27/2018 05:23:19 PM Filtering signal now
12/27/2018 05:23:27 PM ...........Calculate EKE.............3
12/27/2018 05:23:27 PM imported nc file
12/27/2018 05:24:20 PM imported coordinates
12/27/2018 05:24:25 PM calculated pressure from sigma levels
12/27/2018 05:25:54 PM saved v_comp regrid:(1460, 24, 90, 144)
12/27/2018 05:26:52 PM saved u_comp regrid:(1460, 24, 90, 144)
12/27/2018 05:27:28 PM saved z regrid:(1460, 24, 90, 144)
12/27/2018 05:27:28 PM Filtering signal now
12/27/2018 05:27:36 PM ...........Calculate EKE.............4
12/27/2018 05:27:36 PM imported nc file
12/27/2018 05:28:29 PM imported coordinates
12/27/2018 05:28:34 PM calculated pressure from sigma levels
12/27/2018 05:30:02 PM saved v_comp regrid:(1464, 24, 90, 144)
12/27/2018 05:31:06 PM saved u_comp regrid:(1464, 24, 90, 144)
12/27/2018 05:31:45 PM saved z regrid:(1464, 24, 90, 144)
12/27/2018 05:31:45 PM Filtering signal now
12/27/2018 05:31:52 PM ...........Calculate EKE.............5
12/27/2018 05:31:52 PM imported nc file
12/27/2018 05:32:46 PM imported coordinates
12/27/2018 05:32:51 PM calculated pressure from sigma levels
12/27/2018 05:34:23 PM saved v_comp regrid:(1460, 24, 90, 144)
12/27/2018 05:35:50 PM saved u_comp regrid:(1460, 24, 90, 144)
12/27/2018 05:37:12 PM saved z regrid:(1460, 24, 90, 144)
12/27/2018 05:37:12 PM Filtering signal now
12/27/2018 05:37:19 PM ...........Calculate EKE.............6
12/27/2018 05:37:19 PM imported nc file
12/27/2018 05:38:15 PM imported coordinates
12/27/2018 05:38:20 PM calculated pressure from sigma levels
12/27/2018 05:39:44 PM saved v_comp regrid:(1460, 24, 90, 144)
12/27/2018 05:41:09 PM saved u_comp regrid:(1460, 24, 90, 144)
12/27/2018 05:42:37 PM saved z regrid:(1460, 24, 90, 144)
12/27/2018 05:42:37 PM Filtering signal now
12/27/2018 05:42:44 PM ...........Calculate EKE.............7
12/27/2018 05:42:44 PM imported nc file
12/27/2018 05:43:41 PM imported coordinates
12/27/2018 05:43:46 PM calculated pressure from sigma levels
12/27/2018 05:45:09 PM saved v_comp regrid:(1460, 24, 90, 144)
12/27/2018 05:46:00 PM saved u_comp regrid:(1460, 24, 90, 144)
12/27/2018 05:47:11 PM saved z regrid:(1460, 24, 90, 144)
12/27/2018 05:47:11 PM Filtering signal now
12/27/2018 05:47:18 PM ...........Calculate EKE.............8
12/27/2018 05:47:18 PM imported nc file
12/27/2018 05:48:12 PM imported coordinates
12/27/2018 05:48:18 PM calculated pressure from sigma levels
12/27/2018 05:49:45 PM saved v_comp regrid:(1464, 24, 90, 144)
12/27/2018 05:51:12 PM saved u_comp regrid:(1464, 24, 90, 144)
12/27/2018 05:52:42 PM saved z regrid:(1464, 24, 90, 144)
12/27/2018 05:52:42 PM Filtering signal now
12/27/2018 05:52:50 PM ...........Calculate EKE.............9
12/27/2018 05:52:50 PM imported nc file
12/27/2018 05:53:44 PM imported coordinates
12/27/2018 05:53:49 PM calculated pressure from sigma levels
12/27/2018 05:55:17 PM saved v_comp regrid:(1460, 24, 90, 144)
12/27/2018 05:56:47 PM saved u_comp regrid:(1460, 24, 90, 144)
12/27/2018 05:58:21 PM saved z regrid:(1460, 24, 90, 144)
12/27/2018 05:58:21 PM Filtering signal now
12/27/2018 05:58:26 PM ** INTERPOLATION ** 
12/27/2018 09:45:50 PM ** INTERPOLATION ** 
12/28/2018 04:02:33 AM ...........Calculate EKE.............0
12/28/2018 04:02:33 AM imported nc file
12/28/2018 04:03:25 AM imported coordinates
12/28/2018 04:03:30 AM calculated pressure from sigma levels
12/28/2018 04:04:51 AM saved v_comp regrid:(1464, 24, 90, 144)
12/28/2018 04:05:42 AM saved u_comp regrid:(1464, 24, 90, 144)
12/28/2018 04:06:18 AM saved z regrid:(1464, 24, 90, 144)
12/28/2018 04:06:18 AM Filtering signal now
12/28/2018 04:06:32 AM Filtering u and v at plevel 0.9961083984375
12/28/2018 04:06:43 AM Filtering u and v at plevel 0.9873693237304687
12/28/2018 04:06:54 AM Filtering u and v at plevel 0.9765033569335938
12/28/2018 04:07:05 AM Filtering u and v at plevel 0.963111328125
12/28/2018 04:07:15 AM Filtering u and v at plevel 0.94679345703125
12/28/2018 04:07:26 AM Filtering u and v at plevel 0.9271495361328125
12/28/2018 04:07:37 AM Filtering u and v at plevel 0.9037782592773438
12/28/2018 04:07:48 AM Filtering u and v at plevel 0.8762772216796875
12/28/2018 04:07:58 AM Filtering u and v at plevel 0.8442423706054687
12/28/2018 04:08:09 AM Filtering u and v at plevel 0.8072677001953125
12/28/2018 04:08:20 AM Filtering u and v at plevel 0.7649443969726563
12/28/2018 04:08:31 AM Filtering u and v at plevel 0.7168593139648437
12/28/2018 04:08:41 AM Filtering u and v at plevel 0.6625931396484375
12/28/2018 04:08:52 AM Filtering u and v at plevel 0.6017172241210937
12/28/2018 04:09:03 AM Filtering u and v at plevel 0.533786376953125
12/28/2018 04:09:14 AM Filtering u and v at plevel 0.4583251342773437
12/28/2018 04:09:25 AM Filtering u and v at plevel 0.3780865783691406
12/28/2018 04:09:35 AM Filtering u and v at plevel 0.29894439697265623
12/28/2018 04:09:46 AM Filtering u and v at plevel 0.22474922180175783
12/28/2018 04:09:57 AM Filtering u and v at plevel 0.15738101196289062
12/28/2018 04:10:08 AM Filtering u and v at plevel 0.09912992095947265
12/28/2018 04:10:18 AM Filtering u and v at plevel 0.052340194702148436
12/28/2018 04:10:29 AM Filtering u and v at plevel 0.019088397979736327
12/28/2018 04:10:40 AM Filtering u and v at plevel 0.0036502928733825684
12/28/2018 04:10:46 AM calculated EKE
12/28/2018 04:10:57 AM saved EKE data
12/28/2018 04:10:57 AM EKE calculated !! Great !!
12/28/2018 04:11:04 AM ...........Calculate EKE.............1
12/28/2018 04:11:04 AM imported nc file
12/28/2018 04:11:56 AM imported coordinates
12/28/2018 04:12:00 AM calculated pressure from sigma levels
12/28/2018 04:13:24 AM saved v_comp regrid:(1460, 24, 90, 144)
12/28/2018 04:14:14 AM saved u_comp regrid:(1460, 24, 90, 144)
12/28/2018 04:14:51 AM saved z regrid:(1460, 24, 90, 144)
12/28/2018 04:14:51 AM Filtering signal now
12/28/2018 04:15:06 AM Filtering u and v at plevel 0.9961083984375
12/28/2018 04:15:19 AM Filtering u and v at plevel 0.9873693237304687
12/28/2018 04:15:31 AM Filtering u and v at plevel 0.9765033569335938
12/28/2018 04:15:43 AM Filtering u and v at plevel 0.963111328125
12/28/2018 04:15:55 AM Filtering u and v at plevel 0.94679345703125
12/28/2018 04:16:08 AM Filtering u and v at plevel 0.9271495361328125
12/28/2018 04:16:20 AM Filtering u and v at plevel 0.9037782592773438
12/28/2018 04:16:32 AM Filtering u and v at plevel 0.8762772216796875
12/28/2018 04:16:44 AM Filtering u and v at plevel 0.8442423706054687
12/28/2018 04:16:57 AM Filtering u and v at plevel 0.8072677001953125
12/28/2018 04:17:09 AM Filtering u and v at plevel 0.7649443969726563
12/28/2018 04:17:21 AM Filtering u and v at plevel 0.7168593139648437
12/28/2018 04:17:33 AM Filtering u and v at plevel 0.6625931396484375
12/28/2018 04:17:46 AM Filtering u and v at plevel 0.6017172241210937
12/28/2018 04:17:58 AM Filtering u and v at plevel 0.533786376953125
12/28/2018 04:18:10 AM Filtering u and v at plevel 0.4583251342773437
12/28/2018 04:18:22 AM Filtering u and v at plevel 0.3780865783691406
12/28/2018 04:18:35 AM Filtering u and v at plevel 0.29894439697265623
12/28/2018 04:18:47 AM Filtering u and v at plevel 0.22474922180175783
12/28/2018 04:18:59 AM Filtering u and v at plevel 0.15738101196289062
12/28/2018 04:19:11 AM Filtering u and v at plevel 0.09912992095947265
12/28/2018 04:19:24 AM Filtering u and v at plevel 0.052340194702148436
12/28/2018 04:19:36 AM Filtering u and v at plevel 0.019088397979736327
12/28/2018 04:19:48 AM Filtering u and v at plevel 0.0036502928733825684
12/28/2018 04:19:53 AM calculated EKE
12/28/2018 04:20:04 AM saved EKE data
12/28/2018 04:20:04 AM EKE calculated !! Great !!
12/28/2018 04:20:08 AM ...........Calculate EKE.............2
12/28/2018 04:20:08 AM imported nc file
12/28/2018 04:21:02 AM imported coordinates
12/28/2018 04:21:06 AM calculated pressure from sigma levels
12/28/2018 04:22:29 AM saved v_comp regrid:(1460, 24, 90, 144)
12/28/2018 04:23:21 AM saved u_comp regrid:(1460, 24, 90, 144)
12/28/2018 04:23:57 AM saved z regrid:(1460, 24, 90, 144)
12/28/2018 04:23:57 AM Filtering signal now
12/28/2018 04:24:11 AM Filtering u and v at plevel 0.9961083984375
12/28/2018 04:24:23 AM Filtering u and v at plevel 0.9873693237304687
12/28/2018 04:24:34 AM Filtering u and v at plevel 0.9765033569335938
12/28/2018 04:24:45 AM Filtering u and v at plevel 0.963111328125
12/28/2018 04:24:56 AM Filtering u and v at plevel 0.94679345703125
12/28/2018 04:25:08 AM Filtering u and v at plevel 0.9271495361328125
12/28/2018 04:25:19 AM Filtering u and v at plevel 0.9037782592773438
12/28/2018 04:25:30 AM Filtering u and v at plevel 0.8762772216796875
12/28/2018 04:25:41 AM Filtering u and v at plevel 0.8442423706054687
12/28/2018 04:25:53 AM Filtering u and v at plevel 0.8072677001953125
12/28/2018 04:26:04 AM Filtering u and v at plevel 0.7649443969726563
12/28/2018 04:26:15 AM Filtering u and v at plevel 0.7168593139648437
12/28/2018 04:26:27 AM Filtering u and v at plevel 0.6625931396484375
12/28/2018 04:26:38 AM Filtering u and v at plevel 0.6017172241210937
12/28/2018 04:26:49 AM Filtering u and v at plevel 0.533786376953125
12/28/2018 04:27:00 AM Filtering u and v at plevel 0.4583251342773437
12/28/2018 04:27:12 AM Filtering u and v at plevel 0.3780865783691406
12/28/2018 04:27:23 AM Filtering u and v at plevel 0.29894439697265623
12/28/2018 04:27:34 AM Filtering u and v at plevel 0.22474922180175783
12/28/2018 04:27:45 AM Filtering u and v at plevel 0.15738101196289062
12/28/2018 04:27:57 AM Filtering u and v at plevel 0.09912992095947265
12/28/2018 04:28:08 AM Filtering u and v at plevel 0.052340194702148436
12/28/2018 04:28:19 AM Filtering u and v at plevel 0.019088397979736327
12/28/2018 04:28:30 AM Filtering u and v at plevel 0.0036502928733825684
12/28/2018 04:28:35 AM calculated EKE
12/28/2018 04:28:46 AM saved EKE data
12/28/2018 04:28:46 AM EKE calculated !! Great !!
12/28/2018 04:28:49 AM ...........Calculate EKE.............3
12/28/2018 04:28:49 AM imported nc file
12/28/2018 04:29:41 AM imported coordinates
12/28/2018 04:29:46 AM calculated pressure from sigma levels
12/28/2018 04:31:10 AM saved v_comp regrid:(1460, 24, 90, 144)
12/28/2018 04:32:00 AM saved u_comp regrid:(1460, 24, 90, 144)
12/28/2018 04:32:37 AM saved z regrid:(1460, 24, 90, 144)
12/28/2018 04:32:37 AM Filtering signal now
12/28/2018 04:32:51 AM Filtering u and v at plevel 0.9961083984375
12/28/2018 04:33:02 AM Filtering u and v at plevel 0.9873693237304687
12/28/2018 04:33:13 AM Filtering u and v at plevel 0.9765033569335938
12/28/2018 04:33:23 AM Filtering u and v at plevel 0.963111328125
12/28/2018 04:33:34 AM Filtering u and v at plevel 0.94679345703125
12/28/2018 04:33:45 AM Filtering u and v at plevel 0.9271495361328125
12/28/2018 04:33:56 AM Filtering u and v at plevel 0.9037782592773438
12/28/2018 04:34:07 AM Filtering u and v at plevel 0.8762772216796875
12/28/2018 04:34:18 AM Filtering u and v at plevel 0.8442423706054687
12/28/2018 04:34:29 AM Filtering u and v at plevel 0.8072677001953125
12/28/2018 04:34:40 AM Filtering u and v at plevel 0.7649443969726563
12/28/2018 04:34:51 AM Filtering u and v at plevel 0.7168593139648437
12/28/2018 04:35:02 AM Filtering u and v at plevel 0.6625931396484375
12/28/2018 04:35:12 AM Filtering u and v at plevel 0.6017172241210937
12/28/2018 04:35:23 AM Filtering u and v at plevel 0.533786376953125
12/28/2018 04:35:34 AM Filtering u and v at plevel 0.4583251342773437
12/28/2018 04:35:45 AM Filtering u and v at plevel 0.3780865783691406
12/28/2018 04:35:56 AM Filtering u and v at plevel 0.29894439697265623
12/28/2018 04:36:07 AM Filtering u and v at plevel 0.22474922180175783
12/28/2018 04:36:18 AM Filtering u and v at plevel 0.15738101196289062
12/28/2018 04:36:29 AM Filtering u and v at plevel 0.09912992095947265
12/28/2018 04:36:40 AM Filtering u and v at plevel 0.052340194702148436
12/28/2018 04:36:51 AM Filtering u and v at plevel 0.019088397979736327
12/28/2018 04:37:02 AM Filtering u and v at plevel 0.0036502928733825684
12/28/2018 04:37:07 AM calculated EKE
12/28/2018 04:37:18 AM saved EKE data
12/28/2018 04:37:18 AM EKE calculated !! Great !!
12/28/2018 04:37:21 AM ...........Calculate EKE.............4
12/28/2018 04:37:21 AM imported nc file
12/28/2018 04:38:15 AM imported coordinates
12/28/2018 04:38:19 AM calculated pressure from sigma levels
12/28/2018 04:39:43 AM saved v_comp regrid:(1464, 24, 90, 144)
12/28/2018 04:40:34 AM saved u_comp regrid:(1464, 24, 90, 144)
12/28/2018 04:41:12 AM saved z regrid:(1464, 24, 90, 144)
12/28/2018 04:41:12 AM Filtering signal now
12/28/2018 04:41:26 AM Filtering u and v at plevel 0.9961083984375
12/28/2018 04:41:38 AM Filtering u and v at plevel 0.9873693237304687
12/28/2018 04:41:49 AM Filtering u and v at plevel 0.9765033569335938
12/28/2018 04:42:00 AM Filtering u and v at plevel 0.963111328125
12/28/2018 04:42:12 AM Filtering u and v at plevel 0.94679345703125
12/28/2018 04:42:23 AM Filtering u and v at plevel 0.9271495361328125
12/28/2018 04:42:35 AM Filtering u and v at plevel 0.9037782592773438
12/28/2018 04:42:46 AM Filtering u and v at plevel 0.8762772216796875
12/28/2018 04:42:58 AM Filtering u and v at plevel 0.8442423706054687
12/28/2018 04:43:09 AM Filtering u and v at plevel 0.8072677001953125
12/28/2018 04:43:21 AM Filtering u and v at plevel 0.7649443969726563
12/28/2018 04:43:32 AM Filtering u and v at plevel 0.7168593139648437
12/28/2018 04:43:44 AM Filtering u and v at plevel 0.6625931396484375
12/28/2018 04:43:55 AM Filtering u and v at plevel 0.6017172241210937
12/28/2018 04:44:06 AM Filtering u and v at plevel 0.533786376953125
12/28/2018 04:44:18 AM Filtering u and v at plevel 0.4583251342773437
12/28/2018 04:44:29 AM Filtering u and v at plevel 0.3780865783691406
12/28/2018 04:44:41 AM Filtering u and v at plevel 0.29894439697265623
12/28/2018 04:44:52 AM Filtering u and v at plevel 0.22474922180175783
12/28/2018 04:45:04 AM Filtering u and v at plevel 0.15738101196289062
12/28/2018 04:45:15 AM Filtering u and v at plevel 0.09912992095947265
12/28/2018 04:45:27 AM Filtering u and v at plevel 0.052340194702148436
12/28/2018 04:45:38 AM Filtering u and v at plevel 0.019088397979736327
12/28/2018 04:45:50 AM Filtering u and v at plevel 0.0036502928733825684
12/28/2018 04:45:55 AM calculated EKE
12/28/2018 04:46:06 AM saved EKE data
12/28/2018 04:46:06 AM EKE calculated !! Great !!
12/28/2018 04:46:09 AM ...........Calculate EKE.............5
12/28/2018 04:46:09 AM imported nc file
12/28/2018 04:47:03 AM imported coordinates
12/28/2018 04:47:07 AM calculated pressure from sigma levels
12/28/2018 04:48:30 AM saved v_comp regrid:(1460, 24, 90, 144)
12/28/2018 04:49:19 AM saved u_comp regrid:(1460, 24, 90, 144)
12/28/2018 04:49:54 AM saved z regrid:(1460, 24, 90, 144)
12/28/2018 04:49:54 AM Filtering signal now
12/28/2018 04:50:08 AM Filtering u and v at plevel 0.9961083984375
12/28/2018 04:50:19 AM Filtering u and v at plevel 0.9873693237304687
12/28/2018 04:50:30 AM Filtering u and v at plevel 0.9765033569335938
12/28/2018 04:50:41 AM Filtering u and v at plevel 0.963111328125
12/28/2018 04:50:52 AM Filtering u and v at plevel 0.94679345703125
12/28/2018 04:51:04 AM Filtering u and v at plevel 0.9271495361328125
12/28/2018 04:51:15 AM Filtering u and v at plevel 0.9037782592773438
12/28/2018 04:51:26 AM Filtering u and v at plevel 0.8762772216796875
12/28/2018 04:51:37 AM Filtering u and v at plevel 0.8442423706054687
12/28/2018 04:51:48 AM Filtering u and v at plevel 0.8072677001953125
12/28/2018 04:51:59 AM Filtering u and v at plevel 0.7649443969726563
12/28/2018 04:52:10 AM Filtering u and v at plevel 0.7168593139648437
12/28/2018 04:52:21 AM Filtering u and v at plevel 0.6625931396484375
12/28/2018 04:52:32 AM Filtering u and v at plevel 0.6017172241210937
12/28/2018 04:52:43 AM Filtering u and v at plevel 0.533786376953125
12/28/2018 04:52:54 AM Filtering u and v at plevel 0.4583251342773437
12/28/2018 04:53:05 AM Filtering u and v at plevel 0.3780865783691406
12/28/2018 04:53:16 AM Filtering u and v at plevel 0.29894439697265623
12/28/2018 04:53:27 AM Filtering u and v at plevel 0.22474922180175783
12/28/2018 04:53:38 AM Filtering u and v at plevel 0.15738101196289062
12/28/2018 04:53:49 AM Filtering u and v at plevel 0.09912992095947265
12/28/2018 04:54:00 AM Filtering u and v at plevel 0.052340194702148436
12/28/2018 04:54:11 AM Filtering u and v at plevel 0.019088397979736327
12/28/2018 04:54:22 AM Filtering u and v at plevel 0.0036502928733825684
12/28/2018 04:54:28 AM calculated EKE
12/28/2018 04:54:38 AM saved EKE data
12/28/2018 04:54:38 AM EKE calculated !! Great !!
12/28/2018 04:54:42 AM ...........Calculate EKE.............6
12/28/2018 04:54:42 AM imported nc file
12/28/2018 04:55:33 AM imported coordinates
12/28/2018 04:55:37 AM calculated pressure from sigma levels
12/28/2018 04:56:59 AM saved v_comp regrid:(1460, 24, 90, 144)
12/28/2018 04:57:49 AM saved u_comp regrid:(1460, 24, 90, 144)
12/28/2018 04:58:27 AM saved z regrid:(1460, 24, 90, 144)
12/28/2018 04:58:27 AM Filtering signal now
12/28/2018 04:58:41 AM Filtering u and v at plevel 0.9961083984375
12/28/2018 04:58:52 AM Filtering u and v at plevel 0.9873693237304687
12/28/2018 04:59:03 AM Filtering u and v at plevel 0.9765033569335938
12/28/2018 04:59:14 AM Filtering u and v at plevel 0.963111328125
12/28/2018 04:59:25 AM Filtering u and v at plevel 0.94679345703125
12/28/2018 04:59:36 AM Filtering u and v at plevel 0.9271495361328125
12/28/2018 04:59:47 AM Filtering u and v at plevel 0.9037782592773438
12/28/2018 04:59:58 AM Filtering u and v at plevel 0.8762772216796875
12/28/2018 05:00:09 AM Filtering u and v at plevel 0.8442423706054687
12/28/2018 05:00:20 AM Filtering u and v at plevel 0.8072677001953125
12/28/2018 05:00:31 AM Filtering u and v at plevel 0.7649443969726563
12/28/2018 05:00:42 AM Filtering u and v at plevel 0.7168593139648437
12/28/2018 05:00:53 AM Filtering u and v at plevel 0.6625931396484375
12/28/2018 05:01:04 AM Filtering u and v at plevel 0.6017172241210937
12/28/2018 05:01:15 AM Filtering u and v at plevel 0.533786376953125
12/28/2018 05:01:26 AM Filtering u and v at plevel 0.4583251342773437
12/28/2018 05:01:37 AM Filtering u and v at plevel 0.3780865783691406
12/28/2018 05:01:48 AM Filtering u and v at plevel 0.29894439697265623
12/28/2018 05:02:00 AM Filtering u and v at plevel 0.22474922180175783
12/28/2018 05:02:11 AM Filtering u and v at plevel 0.15738101196289062
12/28/2018 05:02:22 AM Filtering u and v at plevel 0.09912992095947265
12/28/2018 05:02:33 AM Filtering u and v at plevel 0.052340194702148436
12/28/2018 05:02:44 AM Filtering u and v at plevel 0.019088397979736327
12/28/2018 05:02:55 AM Filtering u and v at plevel 0.0036502928733825684
12/28/2018 05:03:00 AM calculated EKE
12/28/2018 05:03:11 AM saved EKE data
12/28/2018 05:03:11 AM EKE calculated !! Great !!
12/28/2018 05:03:14 AM ...........Calculate EKE.............7
12/28/2018 05:03:14 AM imported nc file
12/28/2018 05:04:07 AM imported coordinates
12/28/2018 05:04:11 AM calculated pressure from sigma levels
12/28/2018 05:05:35 AM saved v_comp regrid:(1460, 24, 90, 144)
12/28/2018 05:06:25 AM saved u_comp regrid:(1460, 24, 90, 144)
12/28/2018 05:07:02 AM saved z regrid:(1460, 24, 90, 144)
12/28/2018 05:07:02 AM Filtering signal now
12/28/2018 05:07:16 AM Filtering u and v at plevel 0.9961083984375
12/28/2018 05:07:27 AM Filtering u and v at plevel 0.9873693237304687
12/28/2018 05:07:38 AM Filtering u and v at plevel 0.9765033569335938
12/28/2018 05:07:49 AM Filtering u and v at plevel 0.963111328125
12/28/2018 05:08:00 AM Filtering u and v at plevel 0.94679345703125
12/28/2018 05:08:11 AM Filtering u and v at plevel 0.9271495361328125
12/28/2018 05:08:22 AM Filtering u and v at plevel 0.9037782592773438
12/28/2018 05:08:33 AM Filtering u and v at plevel 0.8762772216796875
12/28/2018 05:08:44 AM Filtering u and v at plevel 0.8442423706054687
12/28/2018 05:08:55 AM Filtering u and v at plevel 0.8072677001953125
12/28/2018 05:09:06 AM Filtering u and v at plevel 0.7649443969726563
12/28/2018 05:09:17 AM Filtering u and v at plevel 0.7168593139648437
12/28/2018 05:09:28 AM Filtering u and v at plevel 0.6625931396484375
12/28/2018 05:09:39 AM Filtering u and v at plevel 0.6017172241210937
12/28/2018 05:09:50 AM Filtering u and v at plevel 0.533786376953125
12/28/2018 05:10:01 AM Filtering u and v at plevel 0.4583251342773437
12/28/2018 05:10:12 AM Filtering u and v at plevel 0.3780865783691406
12/28/2018 05:10:23 AM Filtering u and v at plevel 0.29894439697265623
12/28/2018 05:10:34 AM Filtering u and v at plevel 0.22474922180175783
12/28/2018 05:10:46 AM Filtering u and v at plevel 0.15738101196289062
12/28/2018 05:10:58 AM Filtering u and v at plevel 0.09912992095947265
12/28/2018 05:11:10 AM Filtering u and v at plevel 0.052340194702148436
12/28/2018 05:11:22 AM Filtering u and v at plevel 0.019088397979736327
12/28/2018 05:11:34 AM Filtering u and v at plevel 0.0036502928733825684
12/28/2018 05:11:40 AM calculated EKE
12/28/2018 05:11:50 AM saved EKE data
12/28/2018 05:11:50 AM EKE calculated !! Great !!
12/28/2018 05:11:54 AM ...........Calculate EKE.............8
12/28/2018 05:11:54 AM imported nc file
12/28/2018 05:12:49 AM imported coordinates
12/28/2018 05:12:53 AM calculated pressure from sigma levels
12/28/2018 05:14:21 AM saved v_comp regrid:(1464, 24, 90, 144)
12/28/2018 05:15:12 AM saved u_comp regrid:(1464, 24, 90, 144)
12/28/2018 05:15:49 AM saved z regrid:(1464, 24, 90, 144)
12/28/2018 05:15:49 AM Filtering signal now
12/28/2018 05:16:03 AM Filtering u and v at plevel 0.9961083984375
12/28/2018 05:16:13 AM Filtering u and v at plevel 0.9873693237304687
12/28/2018 05:16:24 AM Filtering u and v at plevel 0.9765033569335938
12/28/2018 05:16:34 AM Filtering u and v at plevel 0.963111328125
12/28/2018 05:16:45 AM Filtering u and v at plevel 0.94679345703125
12/28/2018 05:16:55 AM Filtering u and v at plevel 0.9271495361328125
12/28/2018 05:17:06 AM Filtering u and v at plevel 0.9037782592773438
12/28/2018 05:17:16 AM Filtering u and v at plevel 0.8762772216796875
12/28/2018 05:17:27 AM Filtering u and v at plevel 0.8442423706054687
12/28/2018 05:17:37 AM Filtering u and v at plevel 0.8072677001953125
12/28/2018 05:17:48 AM Filtering u and v at plevel 0.7649443969726563
12/28/2018 05:17:58 AM Filtering u and v at plevel 0.7168593139648437
12/28/2018 05:18:09 AM Filtering u and v at plevel 0.6625931396484375
12/28/2018 05:18:19 AM Filtering u and v at plevel 0.6017172241210937
12/28/2018 05:18:30 AM Filtering u and v at plevel 0.533786376953125
12/28/2018 05:18:40 AM Filtering u and v at plevel 0.4583251342773437
12/28/2018 05:18:51 AM Filtering u and v at plevel 0.3780865783691406
12/28/2018 05:19:02 AM Filtering u and v at plevel 0.29894439697265623
12/28/2018 05:19:12 AM Filtering u and v at plevel 0.22474922180175783
12/28/2018 05:19:23 AM Filtering u and v at plevel 0.15738101196289062
12/28/2018 05:19:33 AM Filtering u and v at plevel 0.09912992095947265
12/28/2018 05:19:44 AM Filtering u and v at plevel 0.052340194702148436
12/28/2018 05:19:54 AM Filtering u and v at plevel 0.019088397979736327
12/28/2018 05:20:05 AM Filtering u and v at plevel 0.0036502928733825684
12/28/2018 05:20:10 AM calculated EKE
12/28/2018 05:20:21 AM saved EKE data
12/28/2018 05:20:21 AM EKE calculated !! Great !!
12/28/2018 05:20:28 AM ...........Calculate EKE.............9
12/28/2018 05:20:28 AM imported nc file
12/28/2018 05:21:22 AM imported coordinates
12/28/2018 05:21:26 AM calculated pressure from sigma levels
12/28/2018 05:22:53 AM saved v_comp regrid:(1460, 24, 90, 144)
12/28/2018 05:23:46 AM saved u_comp regrid:(1460, 24, 90, 144)
12/28/2018 05:24:28 AM saved z regrid:(1460, 24, 90, 144)
12/28/2018 05:24:28 AM Filtering signal now
12/28/2018 05:24:43 AM Filtering u and v at plevel 0.9961083984375
12/28/2018 05:24:55 AM Filtering u and v at plevel 0.9873693237304687
12/28/2018 05:25:07 AM Filtering u and v at plevel 0.9765033569335938
12/28/2018 05:25:18 AM Filtering u and v at plevel 0.963111328125
12/28/2018 05:25:30 AM Filtering u and v at plevel 0.94679345703125
12/28/2018 05:25:42 AM Filtering u and v at plevel 0.9271495361328125
12/28/2018 05:25:54 AM Filtering u and v at plevel 0.9037782592773438
12/28/2018 05:26:05 AM Filtering u and v at plevel 0.8762772216796875
12/28/2018 05:26:17 AM Filtering u and v at plevel 0.8442423706054687
12/28/2018 05:26:29 AM Filtering u and v at plevel 0.8072677001953125
12/28/2018 05:26:41 AM Filtering u and v at plevel 0.7649443969726563
12/28/2018 05:26:52 AM Filtering u and v at plevel 0.7168593139648437
12/28/2018 05:27:04 AM Filtering u and v at plevel 0.6625931396484375
12/28/2018 05:27:16 AM Filtering u and v at plevel 0.6017172241210937
12/28/2018 05:27:27 AM Filtering u and v at plevel 0.533786376953125
12/28/2018 05:27:39 AM Filtering u and v at plevel 0.4583251342773437
12/28/2018 05:27:51 AM Filtering u and v at plevel 0.3780865783691406
12/28/2018 05:28:03 AM Filtering u and v at plevel 0.29894439697265623
12/28/2018 05:28:14 AM Filtering u and v at plevel 0.22474922180175783
12/28/2018 05:28:26 AM Filtering u and v at plevel 0.15738101196289062
12/28/2018 05:28:38 AM Filtering u and v at plevel 0.09912992095947265
12/28/2018 05:28:50 AM Filtering u and v at plevel 0.052340194702148436
12/28/2018 05:29:01 AM Filtering u and v at plevel 0.019088397979736327
12/28/2018 05:29:13 AM Filtering u and v at plevel 0.0036502928733825684
12/28/2018 05:29:19 AM calculated EKE
12/28/2018 05:29:30 AM saved EKE data
12/28/2018 05:29:30 AM EKE calculated !! Great !!
12/28/2018 05:29:31 AM ** INTERPOLATION ** 
12/28/2018 05:29:33 AM ----0----
12/28/2018 05:29:33 AM ----1----
12/28/2018 05:29:33 AM ----2----
12/28/2018 05:29:33 AM ----3----
12/28/2018 05:29:33 AM ----4----
12/28/2018 05:29:33 AM ----5----
12/28/2018 05:29:33 AM ----6----
12/28/2018 05:29:33 AM ----7----
12/28/2018 05:29:33 AM ----8----
12/28/2018 05:29:33 AM ----9----
12/28/2018 05:29:33 AM Calculated interpolation
12/28/2018 05:29:33 AM Saved raw data interp dictionary
12/28/2018 05:29:33 AM Looks great !!
