12/03/2018 11:01:59 PM ...........Calculate EKE.............0
12/03/2018 11:01:59 PM imported nc file
12/03/2018 11:02:05 PM imported coordinates
12/03/2018 11:02:10 PM calculated pressure from sigma levels
12/03/2018 11:02:33 PM saved v_comp
12/03/2018 11:02:54 PM saved u_comp
12/03/2018 11:03:07 PM saved z
12/03/2018 11:03:07 PM Filtering signal now
12/03/2018 11:03:19 PM Filtering u and v at plevel 0.9961083984375
12/03/2018 11:03:28 PM Filtering u and v at plevel 0.9873693237304687
12/03/2018 11:03:37 PM Filtering u and v at plevel 0.9765033569335938
12/03/2018 11:03:47 PM Filtering u and v at plevel 0.963111328125
12/03/2018 11:03:56 PM Filtering u and v at plevel 0.94679345703125
12/03/2018 11:04:05 PM Filtering u and v at plevel 0.9271495361328125
12/03/2018 11:04:14 PM Filtering u and v at plevel 0.9037782592773438
12/03/2018 11:04:23 PM Filtering u and v at plevel 0.8762772216796875
12/03/2018 11:04:33 PM Filtering u and v at plevel 0.8442423706054687
12/03/2018 11:04:42 PM Filtering u and v at plevel 0.8072677001953125
12/03/2018 11:04:51 PM Filtering u and v at plevel 0.7649443969726563
12/03/2018 11:05:00 PM Filtering u and v at plevel 0.7168593139648437
12/03/2018 11:05:10 PM Filtering u and v at plevel 0.6625931396484375
12/03/2018 11:05:19 PM Filtering u and v at plevel 0.6017172241210937
12/03/2018 11:05:28 PM Filtering u and v at plevel 0.533786376953125
12/03/2018 11:05:37 PM Filtering u and v at plevel 0.4583251342773437
12/03/2018 11:05:46 PM Filtering u and v at plevel 0.3780865783691406
12/03/2018 11:05:56 PM Filtering u and v at plevel 0.29894439697265623
12/03/2018 11:06:05 PM Filtering u and v at plevel 0.22474922180175783
12/03/2018 11:06:14 PM Filtering u and v at plevel 0.15738101196289062
12/03/2018 11:06:23 PM Filtering u and v at plevel 0.09912992095947265
12/03/2018 11:06:32 PM Filtering u and v at plevel 0.052340194702148436
12/03/2018 11:06:42 PM Filtering u and v at plevel 0.019088397979736327
12/03/2018 11:06:51 PM Filtering u and v at plevel 0.0036502928733825684
12/03/2018 11:06:56 PM calculated EKE
12/03/2018 11:07:08 PM saved EKE data
12/03/2018 11:07:08 PM EKE calculated !! Great !!
12/03/2018 11:07:15 PM ...........Calculate EKE.............1
12/03/2018 11:07:15 PM imported nc file
12/03/2018 11:07:20 PM imported coordinates
12/03/2018 11:07:26 PM calculated pressure from sigma levels
12/03/2018 11:07:50 PM saved v_comp
12/03/2018 11:08:14 PM saved u_comp
12/03/2018 11:08:26 PM saved z
12/03/2018 11:08:26 PM Filtering signal now
12/03/2018 11:08:38 PM Filtering u and v at plevel 0.9961083984375
12/03/2018 11:08:47 PM Filtering u and v at plevel 0.9873693237304687
12/03/2018 11:08:56 PM Filtering u and v at plevel 0.9765033569335938
12/03/2018 11:09:06 PM Filtering u and v at plevel 0.963111328125
12/03/2018 11:09:15 PM Filtering u and v at plevel 0.94679345703125
12/03/2018 11:09:24 PM Filtering u and v at plevel 0.9271495361328125
12/03/2018 11:09:33 PM Filtering u and v at plevel 0.9037782592773438
12/03/2018 11:09:42 PM Filtering u and v at plevel 0.8762772216796875
12/03/2018 11:09:51 PM Filtering u and v at plevel 0.8442423706054687
12/03/2018 11:10:01 PM Filtering u and v at plevel 0.8072677001953125
12/03/2018 11:10:10 PM Filtering u and v at plevel 0.7649443969726563
12/03/2018 11:10:19 PM Filtering u and v at plevel 0.7168593139648437
12/03/2018 11:10:28 PM Filtering u and v at plevel 0.6625931396484375
12/03/2018 11:10:37 PM Filtering u and v at plevel 0.6017172241210937
12/03/2018 11:10:46 PM Filtering u and v at plevel 0.533786376953125
12/03/2018 11:10:56 PM Filtering u and v at plevel 0.4583251342773437
12/03/2018 11:11:05 PM Filtering u and v at plevel 0.3780865783691406
12/03/2018 11:11:14 PM Filtering u and v at plevel 0.29894439697265623
12/03/2018 11:11:23 PM Filtering u and v at plevel 0.22474922180175783
12/03/2018 11:11:32 PM Filtering u and v at plevel 0.15738101196289062
12/03/2018 11:11:41 PM Filtering u and v at plevel 0.09912992095947265
12/03/2018 11:11:51 PM Filtering u and v at plevel 0.052340194702148436
12/03/2018 11:12:00 PM Filtering u and v at plevel 0.019088397979736327
12/03/2018 11:12:09 PM Filtering u and v at plevel 0.0036502928733825684
12/03/2018 11:12:14 PM calculated EKE
12/03/2018 11:12:26 PM saved EKE data
12/03/2018 11:12:26 PM EKE calculated !! Great !!
12/03/2018 11:12:32 PM ...........Calculate EKE.............2
12/03/2018 11:12:32 PM imported nc file
12/03/2018 11:12:38 PM imported coordinates
12/03/2018 11:12:43 PM calculated pressure from sigma levels
12/03/2018 11:13:06 PM saved v_comp
12/03/2018 11:13:29 PM saved u_comp
12/03/2018 11:13:39 PM saved z
12/03/2018 11:13:39 PM Filtering signal now
12/03/2018 11:13:52 PM Filtering u and v at plevel 0.9961083984375
12/03/2018 11:14:02 PM Filtering u and v at plevel 0.9873693237304687
12/03/2018 11:14:12 PM Filtering u and v at plevel 0.9765033569335938
12/03/2018 11:14:22 PM Filtering u and v at plevel 0.963111328125
12/03/2018 11:14:32 PM Filtering u and v at plevel 0.94679345703125
12/03/2018 11:14:42 PM Filtering u and v at plevel 0.9271495361328125
12/03/2018 11:14:52 PM Filtering u and v at plevel 0.9037782592773438
12/03/2018 11:15:01 PM Filtering u and v at plevel 0.8762772216796875
12/03/2018 11:15:10 PM Filtering u and v at plevel 0.8442423706054687
12/03/2018 11:15:20 PM Filtering u and v at plevel 0.8072677001953125
12/03/2018 11:15:30 PM Filtering u and v at plevel 0.7649443969726563
12/03/2018 11:15:40 PM Filtering u and v at plevel 0.7168593139648437
12/03/2018 11:15:50 PM Filtering u and v at plevel 0.6625931396484375
12/03/2018 11:16:00 PM Filtering u and v at plevel 0.6017172241210937
12/03/2018 11:16:10 PM Filtering u and v at plevel 0.533786376953125
12/03/2018 11:16:20 PM Filtering u and v at plevel 0.4583251342773437
12/03/2018 11:16:30 PM Filtering u and v at plevel 0.3780865783691406
12/03/2018 11:16:40 PM Filtering u and v at plevel 0.29894439697265623
12/03/2018 11:16:50 PM Filtering u and v at plevel 0.22474922180175783
12/03/2018 11:17:00 PM Filtering u and v at plevel 0.15738101196289062
12/03/2018 11:17:10 PM Filtering u and v at plevel 0.09912992095947265
12/03/2018 11:17:20 PM Filtering u and v at plevel 0.052340194702148436
12/03/2018 11:17:30 PM Filtering u and v at plevel 0.019088397979736327
12/03/2018 11:17:40 PM Filtering u and v at plevel 0.0036502928733825684
12/03/2018 11:17:45 PM calculated EKE
12/03/2018 11:17:57 PM saved EKE data
12/03/2018 11:17:57 PM EKE calculated !! Great !!
12/03/2018 11:18:04 PM ...........Calculate EKE.............3
12/03/2018 11:18:04 PM imported nc file
12/03/2018 11:18:05 PM imported coordinates
12/03/2018 11:18:10 PM calculated pressure from sigma levels
12/03/2018 11:18:14 PM saved v_comp
12/03/2018 11:18:18 PM saved u_comp
12/03/2018 11:18:23 PM saved z
12/03/2018 11:18:23 PM Filtering signal now
12/03/2018 11:18:35 PM Filtering u and v at plevel 0.9961083984375
12/03/2018 11:18:44 PM Filtering u and v at plevel 0.9873693237304687
12/03/2018 11:18:53 PM Filtering u and v at plevel 0.9765033569335938
12/03/2018 11:19:03 PM Filtering u and v at plevel 0.963111328125
12/03/2018 11:19:12 PM Filtering u and v at plevel 0.94679345703125
12/03/2018 11:19:21 PM Filtering u and v at plevel 0.9271495361328125
12/03/2018 11:19:31 PM Filtering u and v at plevel 0.9037782592773438
12/03/2018 11:19:40 PM Filtering u and v at plevel 0.8762772216796875
12/03/2018 11:19:49 PM Filtering u and v at plevel 0.8442423706054687
12/03/2018 11:19:58 PM Filtering u and v at plevel 0.8072677001953125
12/03/2018 11:20:08 PM Filtering u and v at plevel 0.7649443969726563
12/03/2018 11:20:17 PM Filtering u and v at plevel 0.7168593139648437
12/03/2018 11:20:26 PM Filtering u and v at plevel 0.6625931396484375
12/03/2018 11:20:36 PM Filtering u and v at plevel 0.6017172241210937
12/03/2018 11:20:45 PM Filtering u and v at plevel 0.533786376953125
12/03/2018 11:20:54 PM Filtering u and v at plevel 0.4583251342773437
12/03/2018 11:21:04 PM Filtering u and v at plevel 0.3780865783691406
12/03/2018 11:21:13 PM Filtering u and v at plevel 0.29894439697265623
12/03/2018 11:21:22 PM Filtering u and v at plevel 0.22474922180175783
12/03/2018 11:21:31 PM Filtering u and v at plevel 0.15738101196289062
12/03/2018 11:21:41 PM Filtering u and v at plevel 0.09912992095947265
12/03/2018 11:21:50 PM Filtering u and v at plevel 0.052340194702148436
12/03/2018 11:21:59 PM Filtering u and v at plevel 0.019088397979736327
12/03/2018 11:22:08 PM Filtering u and v at plevel 0.0036502928733825684
12/03/2018 11:22:14 PM calculated EKE
12/03/2018 11:22:26 PM saved EKE data
12/03/2018 11:22:26 PM EKE calculated !! Great !!
12/03/2018 11:22:31 PM ...........Calculate EKE.............4
12/03/2018 11:22:31 PM imported nc file
12/03/2018 11:22:37 PM imported coordinates
12/03/2018 11:22:43 PM calculated pressure from sigma levels
12/03/2018 11:23:08 PM saved v_comp
12/03/2018 11:23:34 PM saved u_comp
12/03/2018 11:23:44 PM saved z
12/03/2018 11:23:44 PM Filtering signal now
12/03/2018 11:23:56 PM Filtering u and v at plevel 0.9961083984375
12/03/2018 11:24:05 PM Filtering u and v at plevel 0.9873693237304687
12/03/2018 11:24:14 PM Filtering u and v at plevel 0.9765033569335938
12/03/2018 11:24:24 PM Filtering u and v at plevel 0.963111328125
12/03/2018 11:24:33 PM Filtering u and v at plevel 0.94679345703125
12/03/2018 11:24:42 PM Filtering u and v at plevel 0.9271495361328125
12/03/2018 11:24:51 PM Filtering u and v at plevel 0.9037782592773438
12/03/2018 11:25:00 PM Filtering u and v at plevel 0.8762772216796875
12/03/2018 11:25:09 PM Filtering u and v at plevel 0.8442423706054687
12/03/2018 11:25:18 PM Filtering u and v at plevel 0.8072677001953125
12/03/2018 11:25:28 PM Filtering u and v at plevel 0.7649443969726563
12/03/2018 11:25:37 PM Filtering u and v at plevel 0.7168593139648437
12/03/2018 11:25:46 PM Filtering u and v at plevel 0.6625931396484375
12/03/2018 11:25:55 PM Filtering u and v at plevel 0.6017172241210937
12/03/2018 11:26:04 PM Filtering u and v at plevel 0.533786376953125
12/03/2018 11:26:13 PM Filtering u and v at plevel 0.4583251342773437
12/03/2018 11:26:22 PM Filtering u and v at plevel 0.3780865783691406
12/03/2018 11:26:31 PM Filtering u and v at plevel 0.29894439697265623
12/03/2018 11:26:41 PM Filtering u and v at plevel 0.22474922180175783
12/03/2018 11:26:50 PM Filtering u and v at plevel 0.15738101196289062
12/03/2018 11:26:59 PM Filtering u and v at plevel 0.09912992095947265
12/03/2018 11:27:08 PM Filtering u and v at plevel 0.052340194702148436
12/03/2018 11:27:17 PM Filtering u and v at plevel 0.019088397979736327
12/03/2018 11:27:26 PM Filtering u and v at plevel 0.0036502928733825684
12/03/2018 11:27:32 PM calculated EKE
12/03/2018 11:27:44 PM saved EKE data
12/03/2018 11:27:44 PM EKE calculated !! Great !!
12/03/2018 11:27:49 PM ...........Calculate EKE.............5
12/03/2018 11:27:49 PM imported nc file
12/03/2018 11:27:54 PM imported coordinates
12/03/2018 11:28:00 PM calculated pressure from sigma levels
12/03/2018 11:28:21 PM saved v_comp
12/03/2018 11:28:42 PM saved u_comp
12/03/2018 11:28:50 PM saved z
12/03/2018 11:28:50 PM Filtering signal now
12/03/2018 11:29:02 PM Filtering u and v at plevel 0.9961083984375
12/03/2018 11:29:10 PM Filtering u and v at plevel 0.9873693237304687
12/03/2018 11:29:19 PM Filtering u and v at plevel 0.9765033569335938
12/03/2018 11:29:28 PM Filtering u and v at plevel 0.963111328125
12/03/2018 11:29:36 PM Filtering u and v at plevel 0.94679345703125
12/03/2018 11:29:45 PM Filtering u and v at plevel 0.9271495361328125
12/03/2018 11:29:54 PM Filtering u and v at plevel 0.9037782592773438
12/03/2018 11:30:03 PM Filtering u and v at plevel 0.8762772216796875
12/03/2018 11:30:11 PM Filtering u and v at plevel 0.8442423706054687
12/03/2018 11:30:20 PM Filtering u and v at plevel 0.8072677001953125
12/03/2018 11:30:29 PM Filtering u and v at plevel 0.7649443969726563
12/03/2018 11:30:37 PM Filtering u and v at plevel 0.7168593139648437
12/03/2018 11:30:46 PM Filtering u and v at plevel 0.6625931396484375
12/03/2018 11:30:55 PM Filtering u and v at plevel 0.6017172241210937
12/03/2018 11:31:04 PM Filtering u and v at plevel 0.533786376953125
12/03/2018 11:31:12 PM Filtering u and v at plevel 0.4583251342773437
12/03/2018 11:31:21 PM Filtering u and v at plevel 0.3780865783691406
12/03/2018 11:31:30 PM Filtering u and v at plevel 0.29894439697265623
12/03/2018 11:31:38 PM Filtering u and v at plevel 0.22474922180175783
12/03/2018 11:31:47 PM Filtering u and v at plevel 0.15738101196289062
12/03/2018 11:31:56 PM Filtering u and v at plevel 0.09912992095947265
12/03/2018 11:32:04 PM Filtering u and v at plevel 0.052340194702148436
12/03/2018 11:32:13 PM Filtering u and v at plevel 0.019088397979736327
12/03/2018 11:32:22 PM Filtering u and v at plevel 0.0036502928733825684
12/03/2018 11:32:27 PM calculated EKE
12/03/2018 11:32:39 PM saved EKE data
12/03/2018 11:32:39 PM EKE calculated !! Great !!
12/03/2018 11:32:45 PM ...........Calculate EKE.............6
12/03/2018 11:32:45 PM imported nc file
12/03/2018 11:32:47 PM imported coordinates
12/03/2018 11:32:52 PM calculated pressure from sigma levels
12/03/2018 11:32:56 PM saved v_comp
12/03/2018 11:33:00 PM saved u_comp
12/03/2018 11:33:06 PM saved z
12/03/2018 11:33:06 PM Filtering signal now
12/03/2018 11:33:18 PM Filtering u and v at plevel 0.9961083984375
12/03/2018 11:33:27 PM Filtering u and v at plevel 0.9873693237304687
12/03/2018 11:33:36 PM Filtering u and v at plevel 0.9765033569335938
12/03/2018 11:33:45 PM Filtering u and v at plevel 0.963111328125
12/03/2018 11:33:54 PM Filtering u and v at plevel 0.94679345703125
12/03/2018 11:34:03 PM Filtering u and v at plevel 0.9271495361328125
12/03/2018 11:34:12 PM Filtering u and v at plevel 0.9037782592773438
12/03/2018 11:34:20 PM Filtering u and v at plevel 0.8762772216796875
12/03/2018 11:34:29 PM Filtering u and v at plevel 0.8442423706054687
12/03/2018 11:34:38 PM Filtering u and v at plevel 0.8072677001953125
12/03/2018 11:34:47 PM Filtering u and v at plevel 0.7649443969726563
12/03/2018 11:34:56 PM Filtering u and v at plevel 0.7168593139648437
12/03/2018 11:35:05 PM Filtering u and v at plevel 0.6625931396484375
12/03/2018 11:35:14 PM Filtering u and v at plevel 0.6017172241210937
12/03/2018 11:35:23 PM Filtering u and v at plevel 0.533786376953125
12/03/2018 11:35:32 PM Filtering u and v at plevel 0.4583251342773437
12/03/2018 11:35:41 PM Filtering u and v at plevel 0.3780865783691406
12/03/2018 11:35:50 PM Filtering u and v at plevel 0.29894439697265623
12/03/2018 11:35:59 PM Filtering u and v at plevel 0.22474922180175783
12/03/2018 11:36:08 PM Filtering u and v at plevel 0.15738101196289062
12/03/2018 11:36:17 PM Filtering u and v at plevel 0.09912992095947265
12/03/2018 11:36:26 PM Filtering u and v at plevel 0.052340194702148436
12/03/2018 11:36:35 PM Filtering u and v at plevel 0.019088397979736327
12/03/2018 11:36:44 PM Filtering u and v at plevel 0.0036502928733825684
12/03/2018 11:36:49 PM calculated EKE
12/03/2018 11:37:01 PM saved EKE data
12/03/2018 11:37:01 PM EKE calculated !! Great !!
12/03/2018 11:37:06 PM ...........Calculate EKE.............7
12/03/2018 11:37:06 PM imported nc file
12/03/2018 11:37:07 PM imported coordinates
12/03/2018 11:37:12 PM calculated pressure from sigma levels
12/03/2018 11:37:16 PM saved v_comp
12/03/2018 11:37:20 PM saved u_comp
12/03/2018 11:37:24 PM saved z
12/03/2018 11:37:24 PM Filtering signal now
12/03/2018 11:37:36 PM Filtering u and v at plevel 0.9961083984375
12/03/2018 11:37:45 PM Filtering u and v at plevel 0.9873693237304687
12/03/2018 11:37:54 PM Filtering u and v at plevel 0.9765033569335938
12/03/2018 11:38:03 PM Filtering u and v at plevel 0.963111328125
12/03/2018 11:38:11 PM Filtering u and v at plevel 0.94679345703125
12/03/2018 11:38:19 PM Filtering u and v at plevel 0.9271495361328125
12/03/2018 11:38:28 PM Filtering u and v at plevel 0.9037782592773438
12/03/2018 11:38:36 PM Filtering u and v at plevel 0.8762772216796875
12/03/2018 11:38:44 PM Filtering u and v at plevel 0.8442423706054687
12/03/2018 11:38:52 PM Filtering u and v at plevel 0.8072677001953125
12/03/2018 11:39:01 PM Filtering u and v at plevel 0.7649443969726563
12/03/2018 11:39:10 PM Filtering u and v at plevel 0.7168593139648437
12/03/2018 11:39:19 PM Filtering u and v at plevel 0.6625931396484375
12/03/2018 11:39:28 PM Filtering u and v at plevel 0.6017172241210937
12/03/2018 11:39:37 PM Filtering u and v at plevel 0.533786376953125
12/03/2018 11:39:46 PM Filtering u and v at plevel 0.4583251342773437
12/03/2018 11:39:55 PM Filtering u and v at plevel 0.3780865783691406
12/03/2018 11:40:04 PM Filtering u and v at plevel 0.29894439697265623
12/03/2018 11:40:13 PM Filtering u and v at plevel 0.22474922180175783
12/03/2018 11:40:22 PM Filtering u and v at plevel 0.15738101196289062
12/03/2018 11:40:31 PM Filtering u and v at plevel 0.09912992095947265
12/03/2018 11:40:40 PM Filtering u and v at plevel 0.052340194702148436
12/03/2018 11:40:50 PM Filtering u and v at plevel 0.019088397979736327
12/03/2018 11:40:58 PM Filtering u and v at plevel 0.0036502928733825684
12/03/2018 11:41:04 PM calculated EKE
12/03/2018 11:41:16 PM saved EKE data
12/03/2018 11:41:16 PM EKE calculated !! Great !!
12/03/2018 11:41:22 PM ...........Calculate EKE.............8
12/03/2018 11:41:22 PM imported nc file
12/03/2018 11:41:23 PM imported coordinates
12/03/2018 11:41:28 PM calculated pressure from sigma levels
12/03/2018 11:41:32 PM saved v_comp
12/03/2018 11:41:37 PM saved u_comp
12/03/2018 11:41:41 PM saved z
12/03/2018 11:41:41 PM Filtering signal now
12/03/2018 11:41:52 PM Filtering u and v at plevel 0.9961083984375
12/03/2018 11:42:00 PM Filtering u and v at plevel 0.9873693237304687
12/03/2018 11:42:09 PM Filtering u and v at plevel 0.9765033569335938
12/03/2018 11:42:17 PM Filtering u and v at plevel 0.963111328125
12/03/2018 11:42:26 PM Filtering u and v at plevel 0.94679345703125
12/03/2018 11:42:34 PM Filtering u and v at plevel 0.9271495361328125
12/03/2018 11:42:43 PM Filtering u and v at plevel 0.9037782592773438
12/03/2018 11:42:51 PM Filtering u and v at plevel 0.8762772216796875
12/03/2018 11:43:00 PM Filtering u and v at plevel 0.8442423706054687
12/03/2018 11:43:08 PM Filtering u and v at plevel 0.8072677001953125
12/03/2018 11:43:16 PM Filtering u and v at plevel 0.7649443969726563
12/03/2018 11:43:25 PM Filtering u and v at plevel 0.7168593139648437
12/03/2018 11:43:33 PM Filtering u and v at plevel 0.6625931396484375
12/03/2018 11:43:42 PM Filtering u and v at plevel 0.6017172241210937
12/03/2018 11:43:50 PM Filtering u and v at plevel 0.533786376953125
12/03/2018 11:43:59 PM Filtering u and v at plevel 0.4583251342773437
12/03/2018 11:44:07 PM Filtering u and v at plevel 0.3780865783691406
12/03/2018 11:44:16 PM Filtering u and v at plevel 0.29894439697265623
12/03/2018 11:44:24 PM Filtering u and v at plevel 0.22474922180175783
12/03/2018 11:44:32 PM Filtering u and v at plevel 0.15738101196289062
12/03/2018 11:44:41 PM Filtering u and v at plevel 0.09912992095947265
12/03/2018 11:44:49 PM Filtering u and v at plevel 0.052340194702148436
12/03/2018 11:44:58 PM Filtering u and v at plevel 0.019088397979736327
12/03/2018 11:45:06 PM Filtering u and v at plevel 0.0036502928733825684
12/03/2018 11:45:11 PM calculated EKE
12/03/2018 11:45:23 PM saved EKE data
12/03/2018 11:45:23 PM EKE calculated !! Great !!
12/03/2018 11:45:28 PM ...........Calculate EKE.............9
12/03/2018 11:45:28 PM imported nc file
12/03/2018 11:45:29 PM imported coordinates
12/03/2018 11:45:34 PM calculated pressure from sigma levels
12/03/2018 11:45:38 PM saved v_comp
12/03/2018 11:45:43 PM saved u_comp
12/03/2018 11:45:47 PM saved z
12/03/2018 11:45:47 PM Filtering signal now
12/03/2018 11:45:59 PM Filtering u and v at plevel 0.9961083984375
12/03/2018 11:46:08 PM Filtering u and v at plevel 0.9873693237304687
12/03/2018 11:46:18 PM Filtering u and v at plevel 0.9765033569335938
12/03/2018 11:46:27 PM Filtering u and v at plevel 0.963111328125
12/03/2018 11:46:36 PM Filtering u and v at plevel 0.94679345703125
12/03/2018 11:46:46 PM Filtering u and v at plevel 0.9271495361328125
12/03/2018 11:46:55 PM Filtering u and v at plevel 0.9037782592773438
12/03/2018 11:47:04 PM Filtering u and v at plevel 0.8762772216796875
12/03/2018 11:47:14 PM Filtering u and v at plevel 0.8442423706054687
12/03/2018 11:47:23 PM Filtering u and v at plevel 0.8072677001953125
12/03/2018 11:47:32 PM Filtering u and v at plevel 0.7649443969726563
12/03/2018 11:47:41 PM Filtering u and v at plevel 0.7168593139648437
12/03/2018 11:47:51 PM Filtering u and v at plevel 0.6625931396484375
12/03/2018 11:48:00 PM Filtering u and v at plevel 0.6017172241210937
12/03/2018 11:48:09 PM Filtering u and v at plevel 0.533786376953125
12/03/2018 11:48:19 PM Filtering u and v at plevel 0.4583251342773437
12/03/2018 11:48:28 PM Filtering u and v at plevel 0.3780865783691406
12/03/2018 11:48:37 PM Filtering u and v at plevel 0.29894439697265623
12/03/2018 11:48:47 PM Filtering u and v at plevel 0.22474922180175783
12/03/2018 11:48:56 PM Filtering u and v at plevel 0.15738101196289062
12/03/2018 11:49:05 PM Filtering u and v at plevel 0.09912992095947265
12/03/2018 11:49:15 PM Filtering u and v at plevel 0.052340194702148436
12/03/2018 11:49:24 PM Filtering u and v at plevel 0.019088397979736327
12/03/2018 11:49:33 PM Filtering u and v at plevel 0.0036502928733825684
12/03/2018 11:49:38 PM calculated EKE
12/03/2018 11:49:50 PM saved EKE data
12/03/2018 11:49:50 PM EKE calculated !! Great !!
12/03/2018 11:49:53 PM ** INTERPOLATION ** 
12/03/2018 11:49:55 PM ----0----
12/03/2018 11:49:55 PM ----1----
12/03/2018 11:49:55 PM ----2----
12/03/2018 11:49:55 PM ----3----
12/03/2018 11:49:55 PM ----4----
12/03/2018 11:49:55 PM ----5----
12/03/2018 11:49:55 PM ----6----
12/03/2018 11:49:55 PM ----7----
12/03/2018 11:49:55 PM ----8----
12/03/2018 11:49:55 PM ----9----
12/04/2018 12:02:10 AM ** INTERPOLATION ** 
12/04/2018 12:02:14 AM ----0----
12/04/2018 12:02:14 AM ----1----
12/04/2018 12:02:14 AM ----2----
12/04/2018 12:02:14 AM ----3----
12/04/2018 12:02:14 AM ----4----
12/04/2018 12:02:14 AM ----5----
12/04/2018 12:02:14 AM ----6----
12/04/2018 12:02:14 AM ----7----
12/04/2018 12:02:14 AM ----8----
12/04/2018 12:02:14 AM ----9----
12/04/2018 12:04:52 AM ** INTERPOLATION ** 
12/04/2018 12:04:53 AM ----0----
12/04/2018 12:04:53 AM ----1----
12/04/2018 12:04:53 AM ----2----
12/04/2018 12:04:53 AM ----3----
12/04/2018 12:04:53 AM ----4----
12/04/2018 12:04:53 AM ----5----
12/04/2018 12:04:53 AM ----6----
12/04/2018 12:04:53 AM ----7----
12/04/2018 12:04:53 AM ----8----
12/04/2018 12:04:53 AM ----9----
12/04/2018 12:04:54 AM Calculated interpolation
12/04/2018 12:04:54 AM Saved raw data interp dictionary
12/04/2018 12:04:54 AM Looks great !!
