12/27/2018 05:58:47 PM ...........Calculate EKE.............0
12/27/2018 05:58:47 PM imported nc file
12/27/2018 05:59:42 PM imported coordinates
12/27/2018 05:59:47 PM calculated pressure from sigma levels
12/27/2018 06:01:19 PM saved v_comp regrid:(1464, 24, 90, 144)
12/27/2018 06:02:34 PM saved u_comp regrid:(1464, 24, 90, 144)
12/27/2018 06:03:45 PM saved z regrid:(1464, 24, 90, 144)
12/27/2018 06:03:45 PM Filtering signal now
12/27/2018 06:03:52 PM ...........Calculate EKE.............1
12/27/2018 06:03:52 PM imported nc file
12/27/2018 06:04:46 PM imported coordinates
12/27/2018 06:04:51 PM calculated pressure from sigma levels
12/27/2018 06:06:18 PM saved v_comp regrid:(1460, 24, 90, 144)
12/27/2018 06:07:40 PM saved u_comp regrid:(1460, 24, 90, 144)
12/27/2018 06:08:50 PM saved z regrid:(1460, 24, 90, 144)
12/27/2018 06:08:50 PM Filtering signal now
12/27/2018 06:09:00 PM ...........Calculate EKE.............2
12/27/2018 06:09:00 PM imported nc file
12/27/2018 06:09:25 PM imported coordinates
12/27/2018 06:09:31 PM calculated pressure from sigma levels
12/27/2018 06:10:57 PM saved v_comp regrid:(1460, 24, 90, 144)
12/27/2018 06:12:26 PM saved u_comp regrid:(1460, 24, 90, 144)
12/27/2018 06:13:53 PM saved z regrid:(1460, 24, 90, 144)
12/27/2018 06:13:53 PM Filtering signal now
12/27/2018 06:14:02 PM ...........Calculate EKE.............3
12/27/2018 06:14:02 PM imported nc file
12/27/2018 06:14:55 PM imported coordinates
12/27/2018 06:15:00 PM calculated pressure from sigma levels
12/27/2018 06:16:10 PM saved v_comp regrid:(1460, 24, 90, 144)
12/27/2018 06:17:16 PM saved u_comp regrid:(1460, 24, 90, 144)
12/27/2018 06:18:28 PM saved z regrid:(1460, 24, 90, 144)
12/27/2018 06:18:28 PM Filtering signal now
12/27/2018 06:18:35 PM ...........Calculate EKE.............4
12/27/2018 06:18:35 PM imported nc file
12/27/2018 06:18:45 PM imported coordinates
12/27/2018 06:18:50 PM calculated pressure from sigma levels
12/27/2018 06:20:04 PM saved v_comp regrid:(1464, 24, 90, 144)
12/27/2018 06:20:20 PM saved u_comp regrid:(1464, 24, 90, 144)
12/27/2018 06:20:56 PM saved z regrid:(1464, 24, 90, 144)
12/27/2018 06:20:56 PM Filtering signal now
12/27/2018 06:21:04 PM ...........Calculate EKE.............5
12/27/2018 06:21:04 PM imported nc file
12/27/2018 06:21:56 PM imported coordinates
12/27/2018 06:22:01 PM calculated pressure from sigma levels
12/27/2018 06:23:26 PM saved v_comp regrid:(1460, 24, 90, 144)
12/27/2018 06:23:47 PM saved u_comp regrid:(1460, 24, 90, 144)
12/27/2018 06:24:26 PM saved z regrid:(1460, 24, 90, 144)
12/27/2018 06:24:26 PM Filtering signal now
12/27/2018 06:24:33 PM ...........Calculate EKE.............6
12/27/2018 06:24:33 PM imported nc file
12/27/2018 06:25:25 PM imported coordinates
12/27/2018 06:25:30 PM calculated pressure from sigma levels
12/27/2018 06:26:55 PM saved v_comp regrid:(1460, 24, 90, 144)
12/27/2018 06:27:53 PM saved u_comp regrid:(1460, 24, 90, 144)
12/27/2018 06:28:29 PM saved z regrid:(1460, 24, 90, 144)
12/27/2018 06:28:29 PM Filtering signal now
12/27/2018 06:28:36 PM ...........Calculate EKE.............7
12/27/2018 06:28:36 PM imported nc file
12/27/2018 06:29:30 PM imported coordinates
12/27/2018 06:29:35 PM calculated pressure from sigma levels
12/27/2018 06:31:02 PM saved v_comp regrid:(1460, 24, 90, 144)
12/27/2018 06:32:08 PM saved u_comp regrid:(1460, 24, 90, 144)
12/27/2018 06:32:45 PM saved z regrid:(1460, 24, 90, 144)
12/27/2018 06:32:45 PM Filtering signal now
12/27/2018 06:32:55 PM ...........Calculate EKE.............8
12/27/2018 06:32:55 PM imported nc file
12/27/2018 06:33:47 PM imported coordinates
12/27/2018 06:33:53 PM calculated pressure from sigma levels
12/27/2018 06:35:17 PM saved v_comp regrid:(1464, 24, 90, 144)
12/27/2018 06:36:23 PM saved u_comp regrid:(1464, 24, 90, 144)
12/27/2018 06:37:05 PM saved z regrid:(1464, 24, 90, 144)
12/27/2018 06:37:05 PM Filtering signal now
12/27/2018 06:37:14 PM ...........Calculate EKE.............9
12/27/2018 06:37:14 PM imported nc file
12/27/2018 06:38:16 PM imported coordinates
12/27/2018 06:38:22 PM calculated pressure from sigma levels
12/27/2018 06:39:46 PM saved v_comp regrid:(1460, 24, 90, 144)
12/27/2018 06:40:37 PM saved u_comp regrid:(1460, 24, 90, 144)
12/27/2018 06:41:47 PM saved z regrid:(1460, 24, 90, 144)
12/27/2018 06:41:47 PM Filtering signal now
12/27/2018 06:41:53 PM ** INTERPOLATION ** 
12/27/2018 09:45:32 PM ** INTERPOLATION ** 
12/28/2018 04:02:33 AM ...........Calculate EKE.............0
12/28/2018 04:02:33 AM imported nc file
12/28/2018 04:03:24 AM imported coordinates
12/28/2018 04:03:29 AM calculated pressure from sigma levels
12/28/2018 04:04:51 AM saved v_comp regrid:(1464, 24, 90, 144)
12/28/2018 04:05:41 AM saved u_comp regrid:(1464, 24, 90, 144)
12/28/2018 04:06:16 AM saved z regrid:(1464, 24, 90, 144)
12/28/2018 04:06:16 AM Filtering signal now
12/28/2018 04:06:31 AM Filtering u and v at plevel 0.9961083984375
12/28/2018 04:06:43 AM Filtering u and v at plevel 0.9873693237304687
12/28/2018 04:06:55 AM Filtering u and v at plevel 0.9765033569335938
12/28/2018 04:07:07 AM Filtering u and v at plevel 0.963111328125
12/28/2018 04:07:19 AM Filtering u and v at plevel 0.94679345703125
12/28/2018 04:07:31 AM Filtering u and v at plevel 0.9271495361328125
12/28/2018 04:07:43 AM Filtering u and v at plevel 0.9037782592773438
12/28/2018 04:07:55 AM Filtering u and v at plevel 0.8762772216796875
12/28/2018 04:08:07 AM Filtering u and v at plevel 0.8442423706054687
12/28/2018 04:08:19 AM Filtering u and v at plevel 0.8072677001953125
12/28/2018 04:08:31 AM Filtering u and v at plevel 0.7649443969726563
12/28/2018 04:08:42 AM Filtering u and v at plevel 0.7168593139648437
12/28/2018 04:08:54 AM Filtering u and v at plevel 0.6625931396484375
12/28/2018 04:09:06 AM Filtering u and v at plevel 0.6017172241210937
12/28/2018 04:09:18 AM Filtering u and v at plevel 0.533786376953125
12/28/2018 04:09:30 AM Filtering u and v at plevel 0.4583251342773437
12/28/2018 04:09:43 AM Filtering u and v at plevel 0.3780865783691406
12/28/2018 04:09:55 AM Filtering u and v at plevel 0.29894439697265623
12/28/2018 04:10:07 AM Filtering u and v at plevel 0.22474922180175783
12/28/2018 04:10:18 AM Filtering u and v at plevel 0.15738101196289062
12/28/2018 04:10:30 AM Filtering u and v at plevel 0.09912992095947265
12/28/2018 04:10:42 AM Filtering u and v at plevel 0.052340194702148436
12/28/2018 04:10:54 AM Filtering u and v at plevel 0.019088397979736327
12/28/2018 04:11:06 AM Filtering u and v at plevel 0.0036502928733825684
12/28/2018 04:11:11 AM calculated EKE
12/28/2018 04:11:22 AM saved EKE data
12/28/2018 04:11:22 AM EKE calculated !! Great !!
12/28/2018 04:11:29 AM ...........Calculate EKE.............1
12/28/2018 04:11:29 AM imported nc file
12/28/2018 04:12:21 AM imported coordinates
12/28/2018 04:12:25 AM calculated pressure from sigma levels
12/28/2018 04:13:49 AM saved v_comp regrid:(1460, 24, 90, 144)
12/28/2018 04:14:39 AM saved u_comp regrid:(1460, 24, 90, 144)
12/28/2018 04:15:16 AM saved z regrid:(1460, 24, 90, 144)
12/28/2018 04:15:16 AM Filtering signal now
12/28/2018 04:15:30 AM Filtering u and v at plevel 0.9961083984375
12/28/2018 04:15:41 AM Filtering u and v at plevel 0.9873693237304687
12/28/2018 04:15:53 AM Filtering u and v at plevel 0.9765033569335938
12/28/2018 04:16:04 AM Filtering u and v at plevel 0.963111328125
12/28/2018 04:16:15 AM Filtering u and v at plevel 0.94679345703125
12/28/2018 04:16:27 AM Filtering u and v at plevel 0.9271495361328125
12/28/2018 04:16:38 AM Filtering u and v at plevel 0.9037782592773438
12/28/2018 04:16:49 AM Filtering u and v at plevel 0.8762772216796875
12/28/2018 04:17:01 AM Filtering u and v at plevel 0.8442423706054687
12/28/2018 04:17:12 AM Filtering u and v at plevel 0.8072677001953125
12/28/2018 04:17:23 AM Filtering u and v at plevel 0.7649443969726563
12/28/2018 04:17:34 AM Filtering u and v at plevel 0.7168593139648437
12/28/2018 04:17:46 AM Filtering u and v at plevel 0.6625931396484375
12/28/2018 04:17:57 AM Filtering u and v at plevel 0.6017172241210937
12/28/2018 04:18:08 AM Filtering u and v at plevel 0.533786376953125
12/28/2018 04:18:20 AM Filtering u and v at plevel 0.4583251342773437
12/28/2018 04:18:31 AM Filtering u and v at plevel 0.3780865783691406
12/28/2018 04:18:42 AM Filtering u and v at plevel 0.29894439697265623
12/28/2018 04:18:53 AM Filtering u and v at plevel 0.22474922180175783
12/28/2018 04:19:05 AM Filtering u and v at plevel 0.15738101196289062
12/28/2018 04:19:16 AM Filtering u and v at plevel 0.09912992095947265
12/28/2018 04:19:27 AM Filtering u and v at plevel 0.052340194702148436
12/28/2018 04:19:39 AM Filtering u and v at plevel 0.019088397979736327
12/28/2018 04:19:50 AM Filtering u and v at plevel 0.0036502928733825684
12/28/2018 04:19:55 AM calculated EKE
12/28/2018 04:20:06 AM saved EKE data
12/28/2018 04:20:06 AM EKE calculated !! Great !!
12/28/2018 04:20:09 AM ...........Calculate EKE.............2
12/28/2018 04:20:09 AM imported nc file
12/28/2018 04:21:03 AM imported coordinates
12/28/2018 04:21:07 AM calculated pressure from sigma levels
12/28/2018 04:22:30 AM saved v_comp regrid:(1460, 24, 90, 144)
12/28/2018 04:23:21 AM saved u_comp regrid:(1460, 24, 90, 144)
12/28/2018 04:23:57 AM saved z regrid:(1460, 24, 90, 144)
12/28/2018 04:23:57 AM Filtering signal now
12/28/2018 04:24:12 AM Filtering u and v at plevel 0.9961083984375
12/28/2018 04:24:24 AM Filtering u and v at plevel 0.9873693237304687
12/28/2018 04:24:36 AM Filtering u and v at plevel 0.9765033569335938
12/28/2018 04:24:47 AM Filtering u and v at plevel 0.963111328125
12/28/2018 04:24:59 AM Filtering u and v at plevel 0.94679345703125
12/28/2018 04:25:11 AM Filtering u and v at plevel 0.9271495361328125
12/28/2018 04:25:23 AM Filtering u and v at plevel 0.9037782592773438
12/28/2018 04:25:35 AM Filtering u and v at plevel 0.8762772216796875
12/28/2018 04:25:47 AM Filtering u and v at plevel 0.8442423706054687
12/28/2018 04:25:59 AM Filtering u and v at plevel 0.8072677001953125
12/28/2018 04:26:11 AM Filtering u and v at plevel 0.7649443969726563
12/28/2018 04:26:23 AM Filtering u and v at plevel 0.7168593139648437
12/28/2018 04:26:35 AM Filtering u and v at plevel 0.6625931396484375
12/28/2018 04:26:47 AM Filtering u and v at plevel 0.6017172241210937
12/28/2018 04:26:58 AM Filtering u and v at plevel 0.533786376953125
12/28/2018 04:27:10 AM Filtering u and v at plevel 0.4583251342773437
12/28/2018 04:27:22 AM Filtering u and v at plevel 0.3780865783691406
12/28/2018 04:27:34 AM Filtering u and v at plevel 0.29894439697265623
12/28/2018 04:27:46 AM Filtering u and v at plevel 0.22474922180175783
12/28/2018 04:27:58 AM Filtering u and v at plevel 0.15738101196289062
12/28/2018 04:28:10 AM Filtering u and v at plevel 0.09912992095947265
12/28/2018 04:28:22 AM Filtering u and v at plevel 0.052340194702148436
12/28/2018 04:28:34 AM Filtering u and v at plevel 0.019088397979736327
12/28/2018 04:28:46 AM Filtering u and v at plevel 0.0036502928733825684
12/28/2018 04:28:51 AM calculated EKE
12/28/2018 04:29:02 AM saved EKE data
12/28/2018 04:29:02 AM EKE calculated !! Great !!
12/28/2018 04:29:05 AM ...........Calculate EKE.............3
12/28/2018 04:29:05 AM imported nc file
12/28/2018 04:29:58 AM imported coordinates
12/28/2018 04:30:02 AM calculated pressure from sigma levels
12/28/2018 04:31:26 AM saved v_comp regrid:(1460, 24, 90, 144)
12/28/2018 04:32:15 AM saved u_comp regrid:(1460, 24, 90, 144)
12/28/2018 04:32:51 AM saved z regrid:(1460, 24, 90, 144)
12/28/2018 04:32:51 AM Filtering signal now
12/28/2018 04:33:05 AM Filtering u and v at plevel 0.9961083984375
12/28/2018 04:33:16 AM Filtering u and v at plevel 0.9873693237304687
12/28/2018 04:33:27 AM Filtering u and v at plevel 0.9765033569335938
12/28/2018 04:33:38 AM Filtering u and v at plevel 0.963111328125
12/28/2018 04:33:49 AM Filtering u and v at plevel 0.94679345703125
12/28/2018 04:34:00 AM Filtering u and v at plevel 0.9271495361328125
12/28/2018 04:34:10 AM Filtering u and v at plevel 0.9037782592773438
12/28/2018 04:34:21 AM Filtering u and v at plevel 0.8762772216796875
12/28/2018 04:34:32 AM Filtering u and v at plevel 0.8442423706054687
12/28/2018 04:34:43 AM Filtering u and v at plevel 0.8072677001953125
12/28/2018 04:34:54 AM Filtering u and v at plevel 0.7649443969726563
12/28/2018 04:35:05 AM Filtering u and v at plevel 0.7168593139648437
12/28/2018 04:35:16 AM Filtering u and v at plevel 0.6625931396484375
12/28/2018 04:35:27 AM Filtering u and v at plevel 0.6017172241210937
12/28/2018 04:35:38 AM Filtering u and v at plevel 0.533786376953125
12/28/2018 04:35:49 AM Filtering u and v at plevel 0.4583251342773437
12/28/2018 04:36:00 AM Filtering u and v at plevel 0.3780865783691406
12/28/2018 04:36:10 AM Filtering u and v at plevel 0.29894439697265623
12/28/2018 04:36:21 AM Filtering u and v at plevel 0.22474922180175783
12/28/2018 04:36:32 AM Filtering u and v at plevel 0.15738101196289062
12/28/2018 04:36:43 AM Filtering u and v at plevel 0.09912992095947265
12/28/2018 04:36:54 AM Filtering u and v at plevel 0.052340194702148436
12/28/2018 04:37:05 AM Filtering u and v at plevel 0.019088397979736327
12/28/2018 04:37:16 AM Filtering u and v at plevel 0.0036502928733825684
12/28/2018 04:37:21 AM calculated EKE
12/28/2018 04:37:32 AM saved EKE data
12/28/2018 04:37:32 AM EKE calculated !! Great !!
12/28/2018 04:37:36 AM ...........Calculate EKE.............4
12/28/2018 04:37:36 AM imported nc file
12/28/2018 04:38:30 AM imported coordinates
12/28/2018 04:38:34 AM calculated pressure from sigma levels
12/28/2018 04:39:58 AM saved v_comp regrid:(1464, 24, 90, 144)
12/28/2018 04:40:50 AM saved u_comp regrid:(1464, 24, 90, 144)
12/28/2018 04:41:28 AM saved z regrid:(1464, 24, 90, 144)
12/28/2018 04:41:28 AM Filtering signal now
12/28/2018 04:41:42 AM Filtering u and v at plevel 0.9961083984375
12/28/2018 04:41:53 AM Filtering u and v at plevel 0.9873693237304687
12/28/2018 04:42:05 AM Filtering u and v at plevel 0.9765033569335938
12/28/2018 04:42:16 AM Filtering u and v at plevel 0.963111328125
12/28/2018 04:42:27 AM Filtering u and v at plevel 0.94679345703125
12/28/2018 04:42:38 AM Filtering u and v at plevel 0.9271495361328125
12/28/2018 04:42:49 AM Filtering u and v at plevel 0.9037782592773438
12/28/2018 04:43:01 AM Filtering u and v at plevel 0.8762772216796875
12/28/2018 04:43:12 AM Filtering u and v at plevel 0.8442423706054687
12/28/2018 04:43:23 AM Filtering u and v at plevel 0.8072677001953125
12/28/2018 04:43:34 AM Filtering u and v at plevel 0.7649443969726563
12/28/2018 04:43:45 AM Filtering u and v at plevel 0.7168593139648437
12/28/2018 04:43:56 AM Filtering u and v at plevel 0.6625931396484375
12/28/2018 04:44:08 AM Filtering u and v at plevel 0.6017172241210937
12/28/2018 04:44:19 AM Filtering u and v at plevel 0.533786376953125
12/28/2018 04:44:30 AM Filtering u and v at plevel 0.4583251342773437
12/28/2018 04:44:41 AM Filtering u and v at plevel 0.3780865783691406
12/28/2018 04:44:52 AM Filtering u and v at plevel 0.29894439697265623
12/28/2018 04:45:04 AM Filtering u and v at plevel 0.22474922180175783
12/28/2018 04:45:15 AM Filtering u and v at plevel 0.15738101196289062
12/28/2018 04:45:26 AM Filtering u and v at plevel 0.09912992095947265
12/28/2018 04:45:37 AM Filtering u and v at plevel 0.052340194702148436
12/28/2018 04:45:48 AM Filtering u and v at plevel 0.019088397979736327
12/28/2018 04:46:00 AM Filtering u and v at plevel 0.0036502928733825684
12/28/2018 04:46:05 AM calculated EKE
12/28/2018 04:46:16 AM saved EKE data
12/28/2018 04:46:16 AM EKE calculated !! Great !!
12/28/2018 04:46:19 AM ...........Calculate EKE.............5
12/28/2018 04:46:19 AM imported nc file
12/28/2018 04:47:11 AM imported coordinates
12/28/2018 04:47:16 AM calculated pressure from sigma levels
12/28/2018 04:48:39 AM saved v_comp regrid:(1460, 24, 90, 144)
12/28/2018 04:49:28 AM saved u_comp regrid:(1460, 24, 90, 144)
12/28/2018 04:50:04 AM saved z regrid:(1460, 24, 90, 144)
12/28/2018 04:50:04 AM Filtering signal now
12/28/2018 04:50:18 AM Filtering u and v at plevel 0.9961083984375
12/28/2018 04:50:29 AM Filtering u and v at plevel 0.9873693237304687
12/28/2018 04:50:40 AM Filtering u and v at plevel 0.9765033569335938
12/28/2018 04:50:51 AM Filtering u and v at plevel 0.963111328125
12/28/2018 04:51:02 AM Filtering u and v at plevel 0.94679345703125
12/28/2018 04:51:12 AM Filtering u and v at plevel 0.9271495361328125
12/28/2018 04:51:23 AM Filtering u and v at plevel 0.9037782592773438
12/28/2018 04:51:34 AM Filtering u and v at plevel 0.8762772216796875
12/28/2018 04:51:45 AM Filtering u and v at plevel 0.8442423706054687
12/28/2018 04:51:56 AM Filtering u and v at plevel 0.8072677001953125
12/28/2018 04:52:07 AM Filtering u and v at plevel 0.7649443969726563
12/28/2018 04:52:18 AM Filtering u and v at plevel 0.7168593139648437
12/28/2018 04:52:29 AM Filtering u and v at plevel 0.6625931396484375
12/28/2018 04:52:40 AM Filtering u and v at plevel 0.6017172241210937
12/28/2018 04:52:50 AM Filtering u and v at plevel 0.533786376953125
12/28/2018 04:53:01 AM Filtering u and v at plevel 0.4583251342773437
12/28/2018 04:53:12 AM Filtering u and v at plevel 0.3780865783691406
12/28/2018 04:53:23 AM Filtering u and v at plevel 0.29894439697265623
12/28/2018 04:53:34 AM Filtering u and v at plevel 0.22474922180175783
12/28/2018 04:53:45 AM Filtering u and v at plevel 0.15738101196289062
12/28/2018 04:53:56 AM Filtering u and v at plevel 0.09912992095947265
12/28/2018 04:54:07 AM Filtering u and v at plevel 0.052340194702148436
12/28/2018 04:54:18 AM Filtering u and v at plevel 0.019088397979736327
12/28/2018 04:54:29 AM Filtering u and v at plevel 0.0036502928733825684
12/28/2018 04:54:34 AM calculated EKE
12/28/2018 04:54:45 AM saved EKE data
12/28/2018 04:54:45 AM EKE calculated !! Great !!
12/28/2018 04:54:48 AM ...........Calculate EKE.............6
12/28/2018 04:54:48 AM imported nc file
12/28/2018 04:55:40 AM imported coordinates
12/28/2018 04:55:45 AM calculated pressure from sigma levels
12/28/2018 04:57:08 AM saved v_comp regrid:(1460, 24, 90, 144)
12/28/2018 04:57:57 AM saved u_comp regrid:(1460, 24, 90, 144)
12/28/2018 04:58:34 AM saved z regrid:(1460, 24, 90, 144)
12/28/2018 04:58:34 AM Filtering signal now
12/28/2018 04:58:47 AM Filtering u and v at plevel 0.9961083984375
12/28/2018 04:58:58 AM Filtering u and v at plevel 0.9873693237304687
12/28/2018 04:59:09 AM Filtering u and v at plevel 0.9765033569335938
12/28/2018 04:59:19 AM Filtering u and v at plevel 0.963111328125
12/28/2018 04:59:30 AM Filtering u and v at plevel 0.94679345703125
12/28/2018 04:59:41 AM Filtering u and v at plevel 0.9271495361328125
12/28/2018 04:59:52 AM Filtering u and v at plevel 0.9037782592773438
12/28/2018 05:00:02 AM Filtering u and v at plevel 0.8762772216796875
12/28/2018 05:00:13 AM Filtering u and v at plevel 0.8442423706054687
12/28/2018 05:00:24 AM Filtering u and v at plevel 0.8072677001953125
12/28/2018 05:00:34 AM Filtering u and v at plevel 0.7649443969726563
12/28/2018 05:00:45 AM Filtering u and v at plevel 0.7168593139648437
12/28/2018 05:00:56 AM Filtering u and v at plevel 0.6625931396484375
12/28/2018 05:01:07 AM Filtering u and v at plevel 0.6017172241210937
12/28/2018 05:01:17 AM Filtering u and v at plevel 0.533786376953125
12/28/2018 05:01:28 AM Filtering u and v at plevel 0.4583251342773437
12/28/2018 05:01:39 AM Filtering u and v at plevel 0.3780865783691406
12/28/2018 05:01:50 AM Filtering u and v at plevel 0.29894439697265623
12/28/2018 05:02:00 AM Filtering u and v at plevel 0.22474922180175783
12/28/2018 05:02:11 AM Filtering u and v at plevel 0.15738101196289062
12/28/2018 05:02:22 AM Filtering u and v at plevel 0.09912992095947265
12/28/2018 05:02:32 AM Filtering u and v at plevel 0.052340194702148436
12/28/2018 05:02:43 AM Filtering u and v at plevel 0.019088397979736327
12/28/2018 05:02:54 AM Filtering u and v at plevel 0.0036502928733825684
12/28/2018 05:02:59 AM calculated EKE
12/28/2018 05:03:10 AM saved EKE data
12/28/2018 05:03:10 AM EKE calculated !! Great !!
12/28/2018 05:03:13 AM ...........Calculate EKE.............7
12/28/2018 05:03:13 AM imported nc file
12/28/2018 05:04:05 AM imported coordinates
12/28/2018 05:04:09 AM calculated pressure from sigma levels
12/28/2018 05:05:33 AM saved v_comp regrid:(1460, 24, 90, 144)
12/28/2018 05:06:23 AM saved u_comp regrid:(1460, 24, 90, 144)
12/28/2018 05:07:01 AM saved z regrid:(1460, 24, 90, 144)
12/28/2018 05:07:01 AM Filtering signal now
12/28/2018 05:07:15 AM Filtering u and v at plevel 0.9961083984375
12/28/2018 05:07:26 AM Filtering u and v at plevel 0.9873693237304687
12/28/2018 05:07:37 AM Filtering u and v at plevel 0.9765033569335938
12/28/2018 05:07:48 AM Filtering u and v at plevel 0.963111328125
12/28/2018 05:07:59 AM Filtering u and v at plevel 0.94679345703125
12/28/2018 05:08:11 AM Filtering u and v at plevel 0.9271495361328125
12/28/2018 05:08:22 AM Filtering u and v at plevel 0.9037782592773438
12/28/2018 05:08:33 AM Filtering u and v at plevel 0.8762772216796875
12/28/2018 05:08:44 AM Filtering u and v at plevel 0.8442423706054687
12/28/2018 05:08:55 AM Filtering u and v at plevel 0.8072677001953125
12/28/2018 05:09:07 AM Filtering u and v at plevel 0.7649443969726563
12/28/2018 05:09:18 AM Filtering u and v at plevel 0.7168593139648437
12/28/2018 05:09:29 AM Filtering u and v at plevel 0.6625931396484375
12/28/2018 05:09:40 AM Filtering u and v at plevel 0.6017172241210937
12/28/2018 05:09:51 AM Filtering u and v at plevel 0.533786376953125
12/28/2018 05:10:02 AM Filtering u and v at plevel 0.4583251342773437
12/28/2018 05:10:14 AM Filtering u and v at plevel 0.3780865783691406
12/28/2018 05:10:25 AM Filtering u and v at plevel 0.29894439697265623
12/28/2018 05:10:36 AM Filtering u and v at plevel 0.22474922180175783
12/28/2018 05:10:47 AM Filtering u and v at plevel 0.15738101196289062
12/28/2018 05:10:58 AM Filtering u and v at plevel 0.09912992095947265
12/28/2018 05:11:09 AM Filtering u and v at plevel 0.052340194702148436
12/28/2018 05:11:21 AM Filtering u and v at plevel 0.019088397979736327
12/28/2018 05:11:32 AM Filtering u and v at plevel 0.0036502928733825684
12/28/2018 05:11:37 AM calculated EKE
12/28/2018 05:11:48 AM saved EKE data
12/28/2018 05:11:48 AM EKE calculated !! Great !!
12/28/2018 05:11:51 AM ...........Calculate EKE.............8
12/28/2018 05:11:51 AM imported nc file
12/28/2018 05:12:45 AM imported coordinates
12/28/2018 05:12:49 AM calculated pressure from sigma levels
12/28/2018 05:14:16 AM saved v_comp regrid:(1464, 24, 90, 144)
12/28/2018 05:15:07 AM saved u_comp regrid:(1464, 24, 90, 144)
12/28/2018 05:15:43 AM saved z regrid:(1464, 24, 90, 144)
12/28/2018 05:15:43 AM Filtering signal now
12/28/2018 05:15:58 AM Filtering u and v at plevel 0.9961083984375
12/28/2018 05:16:09 AM Filtering u and v at plevel 0.9873693237304687
12/28/2018 05:16:20 AM Filtering u and v at plevel 0.9765033569335938
12/28/2018 05:16:31 AM Filtering u and v at plevel 0.963111328125
12/28/2018 05:16:43 AM Filtering u and v at plevel 0.94679345703125
12/28/2018 05:16:54 AM Filtering u and v at plevel 0.9271495361328125
12/28/2018 05:17:05 AM Filtering u and v at plevel 0.9037782592773438
12/28/2018 05:17:16 AM Filtering u and v at plevel 0.8762772216796875
12/28/2018 05:17:28 AM Filtering u and v at plevel 0.8442423706054687
12/28/2018 05:17:39 AM Filtering u and v at plevel 0.8072677001953125
12/28/2018 05:17:51 AM Filtering u and v at plevel 0.7649443969726563
12/28/2018 05:18:02 AM Filtering u and v at plevel 0.7168593139648437
12/28/2018 05:18:13 AM Filtering u and v at plevel 0.6625931396484375
12/28/2018 05:18:24 AM Filtering u and v at plevel 0.6017172241210937
12/28/2018 05:18:35 AM Filtering u and v at plevel 0.533786376953125
12/28/2018 05:18:47 AM Filtering u and v at plevel 0.4583251342773437
12/28/2018 05:18:58 AM Filtering u and v at plevel 0.3780865783691406
12/28/2018 05:19:09 AM Filtering u and v at plevel 0.29894439697265623
12/28/2018 05:19:21 AM Filtering u and v at plevel 0.22474922180175783
12/28/2018 05:19:32 AM Filtering u and v at plevel 0.15738101196289062
12/28/2018 05:19:43 AM Filtering u and v at plevel 0.09912992095947265
12/28/2018 05:19:54 AM Filtering u and v at plevel 0.052340194702148436
12/28/2018 05:20:06 AM Filtering u and v at plevel 0.019088397979736327
12/28/2018 05:20:17 AM Filtering u and v at plevel 0.0036502928733825684
12/28/2018 05:20:22 AM calculated EKE
12/28/2018 05:20:33 AM saved EKE data
12/28/2018 05:20:33 AM EKE calculated !! Great !!
12/28/2018 05:20:41 AM ...........Calculate EKE.............9
12/28/2018 05:20:41 AM imported nc file
12/28/2018 05:21:35 AM imported coordinates
12/28/2018 05:21:39 AM calculated pressure from sigma levels
12/28/2018 05:23:05 AM saved v_comp regrid:(1460, 24, 90, 144)
12/28/2018 05:23:58 AM saved u_comp regrid:(1460, 24, 90, 144)
12/28/2018 05:24:37 AM saved z regrid:(1460, 24, 90, 144)
12/28/2018 05:24:37 AM Filtering signal now
12/28/2018 05:24:51 AM Filtering u and v at plevel 0.9961083984375
12/28/2018 05:25:02 AM Filtering u and v at plevel 0.9873693237304687
12/28/2018 05:25:13 AM Filtering u and v at plevel 0.9765033569335938
12/28/2018 05:25:24 AM Filtering u and v at plevel 0.963111328125
12/28/2018 05:25:35 AM Filtering u and v at plevel 0.94679345703125
12/28/2018 05:25:47 AM Filtering u and v at plevel 0.9271495361328125
12/28/2018 05:25:58 AM Filtering u and v at plevel 0.9037782592773438
12/28/2018 05:26:09 AM Filtering u and v at plevel 0.8762772216796875
12/28/2018 05:26:20 AM Filtering u and v at plevel 0.8442423706054687
12/28/2018 05:26:31 AM Filtering u and v at plevel 0.8072677001953125
12/28/2018 05:26:42 AM Filtering u and v at plevel 0.7649443969726563
12/28/2018 05:26:54 AM Filtering u and v at plevel 0.7168593139648437
12/28/2018 05:27:05 AM Filtering u and v at plevel 0.6625931396484375
12/28/2018 05:27:16 AM Filtering u and v at plevel 0.6017172241210937
12/28/2018 05:27:27 AM Filtering u and v at plevel 0.533786376953125
12/28/2018 05:27:38 AM Filtering u and v at plevel 0.4583251342773437
12/28/2018 05:27:49 AM Filtering u and v at plevel 0.3780865783691406
12/28/2018 05:28:00 AM Filtering u and v at plevel 0.29894439697265623
12/28/2018 05:28:12 AM Filtering u and v at plevel 0.22474922180175783
12/28/2018 05:28:23 AM Filtering u and v at plevel 0.15738101196289062
12/28/2018 05:28:34 AM Filtering u and v at plevel 0.09912992095947265
12/28/2018 05:28:45 AM Filtering u and v at plevel 0.052340194702148436
12/28/2018 05:28:56 AM Filtering u and v at plevel 0.019088397979736327
12/28/2018 05:29:07 AM Filtering u and v at plevel 0.0036502928733825684
12/28/2018 05:29:13 AM calculated EKE
12/28/2018 05:29:23 AM saved EKE data
12/28/2018 05:29:23 AM EKE calculated !! Great !!
12/28/2018 05:29:26 AM ** INTERPOLATION ** 
12/28/2018 05:29:27 AM ----0----
12/28/2018 05:29:27 AM ----1----
12/28/2018 05:29:27 AM ----2----
12/28/2018 05:29:27 AM ----3----
12/28/2018 05:29:27 AM ----4----
12/28/2018 05:29:27 AM ----5----
12/28/2018 05:29:27 AM ----6----
12/28/2018 05:29:27 AM ----7----
12/28/2018 05:29:27 AM ----8----
12/28/2018 05:29:27 AM ----9----
12/28/2018 05:29:28 AM Calculated interpolation
12/28/2018 05:29:28 AM Saved raw data interp dictionary
12/28/2018 05:29:28 AM Looks great !!
