12/22/2018 03:48:19 PM ** INTERPOLATION ** 
12/22/2018 03:48:22 PM destination folder created !
12/22/2018 03:51:35 PM ** INTERPOLATION ** 
12/22/2018 03:56:05 PM ...........Calculate EKE.............0
12/22/2018 03:56:05 PM imported nc file
12/22/2018 03:56:11 PM imported coordinates
12/22/2018 03:56:17 PM calculated pressure from sigma levels
12/22/2018 03:56:42 PM saved v_comp regrid:(111, 24, 1460, 144)
12/22/2018 03:57:06 PM saved u_comp regrid:(111, 24, 1460, 144)
12/22/2018 03:57:12 PM saved z regrid:(111, 24, 1460, 144)
12/22/2018 03:57:12 PM Filtering signal now
12/22/2018 03:57:26 PM Filtering u and v at plevel 0.9961083984375
12/22/2018 03:57:35 PM Filtering u and v at plevel 0.9873693237304687
12/22/2018 03:57:45 PM Filtering u and v at plevel 0.9765033569335938
12/22/2018 03:57:55 PM Filtering u and v at plevel 0.963111328125
12/22/2018 03:58:04 PM Filtering u and v at plevel 0.94679345703125
12/22/2018 03:58:14 PM Filtering u and v at plevel 0.9271495361328125
12/22/2018 03:58:23 PM Filtering u and v at plevel 0.9037782592773438
12/22/2018 03:58:33 PM Filtering u and v at plevel 0.8762772216796875
12/22/2018 03:58:43 PM Filtering u and v at plevel 0.8442423706054687
12/22/2018 03:58:52 PM Filtering u and v at plevel 0.8072677001953125
12/22/2018 03:59:02 PM Filtering u and v at plevel 0.7649443969726563
12/22/2018 03:59:12 PM Filtering u and v at plevel 0.7168593139648437
12/22/2018 03:59:21 PM Filtering u and v at plevel 0.6625931396484375
12/22/2018 03:59:31 PM Filtering u and v at plevel 0.6017172241210937
12/22/2018 03:59:40 PM Filtering u and v at plevel 0.533786376953125
12/22/2018 03:59:50 PM Filtering u and v at plevel 0.4583251342773437
12/22/2018 04:00:00 PM Filtering u and v at plevel 0.3780865783691406
12/22/2018 04:00:09 PM Filtering u and v at plevel 0.29894439697265623
12/22/2018 04:00:19 PM Filtering u and v at plevel 0.22474922180175783
12/22/2018 04:00:29 PM Filtering u and v at plevel 0.15738101196289062
12/22/2018 04:00:38 PM Filtering u and v at plevel 0.09912992095947265
12/22/2018 04:00:48 PM Filtering u and v at plevel 0.052340194702148436
12/22/2018 04:00:57 PM Filtering u and v at plevel 0.019088397979736327
12/22/2018 04:01:07 PM Filtering u and v at plevel 0.0036502928733825684
12/22/2018 04:01:13 PM calculated EKE
12/22/2018 04:01:22 PM ...........Calculate EKE.............1
12/22/2018 04:01:22 PM imported nc file
12/22/2018 04:01:28 PM imported coordinates
12/22/2018 04:01:33 PM calculated pressure from sigma levels
12/22/2018 04:01:53 PM saved v_comp regrid:(90, 24, 1460, 144)
12/22/2018 04:02:11 PM saved u_comp regrid:(90, 24, 1460, 144)
12/22/2018 04:02:16 PM saved z regrid:(90, 24, 1460, 144)
12/22/2018 04:02:16 PM Filtering signal now
12/22/2018 04:02:27 PM Filtering u and v at plevel 0.9961083984375
12/22/2018 04:02:35 PM Filtering u and v at plevel 0.9873693237304687
12/22/2018 04:02:43 PM Filtering u and v at plevel 0.9765033569335938
12/22/2018 04:02:51 PM Filtering u and v at plevel 0.963111328125
12/22/2018 04:02:59 PM Filtering u and v at plevel 0.94679345703125
12/22/2018 04:03:06 PM Filtering u and v at plevel 0.9271495361328125
12/22/2018 04:03:14 PM Filtering u and v at plevel 0.9037782592773438
12/22/2018 04:03:22 PM Filtering u and v at plevel 0.8762772216796875
12/22/2018 04:03:30 PM Filtering u and v at plevel 0.8442423706054687
12/22/2018 04:03:38 PM Filtering u and v at plevel 0.8072677001953125
12/22/2018 04:03:46 PM Filtering u and v at plevel 0.7649443969726563
12/22/2018 04:03:54 PM Filtering u and v at plevel 0.7168593139648437
12/22/2018 04:04:02 PM Filtering u and v at plevel 0.6625931396484375
12/22/2018 04:04:10 PM Filtering u and v at plevel 0.6017172241210937
12/22/2018 04:04:18 PM Filtering u and v at plevel 0.533786376953125
12/22/2018 04:04:25 PM Filtering u and v at plevel 0.4583251342773437
12/22/2018 04:04:33 PM Filtering u and v at plevel 0.3780865783691406
12/22/2018 04:04:41 PM Filtering u and v at plevel 0.29894439697265623
12/22/2018 04:04:49 PM Filtering u and v at plevel 0.22474922180175783
12/22/2018 04:04:57 PM Filtering u and v at plevel 0.15738101196289062
12/22/2018 04:05:05 PM Filtering u and v at plevel 0.09912992095947265
12/22/2018 04:05:13 PM Filtering u and v at plevel 0.052340194702148436
12/22/2018 04:05:21 PM Filtering u and v at plevel 0.019088397979736327
12/22/2018 04:05:29 PM Filtering u and v at plevel 0.0036502928733825684
12/22/2018 04:05:34 PM calculated EKE
12/22/2018 04:05:40 PM ...........Calculate EKE.............2
12/22/2018 04:05:40 PM imported nc file
12/22/2018 04:05:46 PM imported coordinates
12/22/2018 04:05:51 PM calculated pressure from sigma levels
12/22/2018 04:06:11 PM saved v_comp regrid:(90, 24, 1460, 144)
12/22/2018 04:06:28 PM saved u_comp regrid:(90, 24, 1460, 144)
12/22/2018 04:06:33 PM saved z regrid:(90, 24, 1460, 144)
12/22/2018 04:06:33 PM Filtering signal now
12/22/2018 04:06:44 PM Filtering u and v at plevel 0.9961083984375
12/22/2018 04:06:52 PM Filtering u and v at plevel 0.9873693237304687
12/22/2018 04:06:59 PM Filtering u and v at plevel 0.9765033569335938
12/22/2018 04:07:07 PM Filtering u and v at plevel 0.963111328125
12/22/2018 04:07:15 PM Filtering u and v at plevel 0.94679345703125
12/22/2018 04:07:23 PM Filtering u and v at plevel 0.9271495361328125
12/22/2018 04:07:31 PM Filtering u and v at plevel 0.9037782592773438
12/22/2018 04:07:39 PM Filtering u and v at plevel 0.8762772216796875
12/22/2018 04:07:47 PM Filtering u and v at plevel 0.8442423706054687
12/22/2018 04:07:55 PM Filtering u and v at plevel 0.8072677001953125
12/22/2018 04:08:03 PM Filtering u and v at plevel 0.7649443969726563
12/22/2018 04:08:11 PM Filtering u and v at plevel 0.7168593139648437
12/22/2018 04:08:19 PM Filtering u and v at plevel 0.6625931396484375
12/22/2018 04:08:27 PM Filtering u and v at plevel 0.6017172241210937
12/22/2018 04:08:34 PM Filtering u and v at plevel 0.533786376953125
12/22/2018 04:08:42 PM Filtering u and v at plevel 0.4583251342773437
12/22/2018 04:08:50 PM Filtering u and v at plevel 0.3780865783691406
12/22/2018 04:08:58 PM Filtering u and v at plevel 0.29894439697265623
12/22/2018 04:09:06 PM Filtering u and v at plevel 0.22474922180175783
12/22/2018 04:09:14 PM Filtering u and v at plevel 0.15738101196289062
12/22/2018 04:09:22 PM Filtering u and v at plevel 0.09912992095947265
12/22/2018 04:09:30 PM Filtering u and v at plevel 0.052340194702148436
12/22/2018 04:09:38 PM Filtering u and v at plevel 0.019088397979736327
12/22/2018 04:09:46 PM Filtering u and v at plevel 0.0036502928733825684
12/22/2018 04:09:51 PM calculated EKE
12/22/2018 04:09:56 PM ...........Calculate EKE.............3
12/22/2018 04:09:56 PM imported nc file
12/22/2018 04:10:02 PM imported coordinates
12/22/2018 04:10:07 PM calculated pressure from sigma levels
12/22/2018 04:10:27 PM saved v_comp regrid:(90, 24, 1460, 144)
12/22/2018 04:10:47 PM saved u_comp regrid:(90, 24, 1460, 144)
12/22/2018 04:11:05 PM saved z regrid:(90, 24, 1460, 144)
12/22/2018 04:11:05 PM Filtering signal now
12/22/2018 04:11:16 PM Filtering u and v at plevel 0.9961083984375
12/22/2018 04:11:24 PM Filtering u and v at plevel 0.9873693237304687
12/22/2018 04:11:33 PM Filtering u and v at plevel 0.9765033569335938
12/22/2018 04:11:41 PM Filtering u and v at plevel 0.963111328125
12/22/2018 04:11:49 PM Filtering u and v at plevel 0.94679345703125
12/22/2018 04:11:58 PM Filtering u and v at plevel 0.9271495361328125
12/22/2018 04:12:06 PM Filtering u and v at plevel 0.9037782592773438
12/22/2018 04:12:14 PM Filtering u and v at plevel 0.8762772216796875
12/22/2018 04:12:22 PM Filtering u and v at plevel 0.8442423706054687
12/22/2018 04:12:31 PM Filtering u and v at plevel 0.8072677001953125
12/22/2018 04:12:39 PM Filtering u and v at plevel 0.7649443969726563
12/22/2018 04:12:47 PM Filtering u and v at plevel 0.7168593139648437
12/22/2018 04:12:55 PM Filtering u and v at plevel 0.6625931396484375
12/22/2018 04:13:04 PM Filtering u and v at plevel 0.6017172241210937
12/22/2018 04:13:12 PM Filtering u and v at plevel 0.533786376953125
12/22/2018 04:13:20 PM Filtering u and v at plevel 0.4583251342773437
12/22/2018 04:13:29 PM Filtering u and v at plevel 0.3780865783691406
12/22/2018 04:13:37 PM Filtering u and v at plevel 0.29894439697265623
12/22/2018 04:13:45 PM Filtering u and v at plevel 0.22474922180175783
12/22/2018 04:13:53 PM Filtering u and v at plevel 0.15738101196289062
12/22/2018 04:14:02 PM Filtering u and v at plevel 0.09912992095947265
12/22/2018 04:14:10 PM Filtering u and v at plevel 0.052340194702148436
12/22/2018 04:14:18 PM Filtering u and v at plevel 0.019088397979736327
12/22/2018 04:14:26 PM Filtering u and v at plevel 0.0036502928733825684
12/22/2018 04:14:32 PM calculated EKE
12/22/2018 04:14:37 PM ...........Calculate EKE.............4
12/22/2018 04:14:37 PM imported nc file
12/22/2018 04:14:43 PM imported coordinates
12/22/2018 04:14:48 PM calculated pressure from sigma levels
12/22/2018 04:15:06 PM saved v_comp regrid:(90, 24, 1460, 144)
12/22/2018 04:15:25 PM saved u_comp regrid:(90, 24, 1460, 144)
12/22/2018 04:15:30 PM saved z regrid:(90, 24, 1460, 144)
12/22/2018 04:15:30 PM Filtering signal now
12/22/2018 04:15:41 PM Filtering u and v at plevel 0.9961083984375
12/22/2018 04:15:49 PM Filtering u and v at plevel 0.9873693237304687
12/22/2018 04:15:56 PM Filtering u and v at plevel 0.9765033569335938
12/22/2018 04:16:04 PM Filtering u and v at plevel 0.963111328125
12/22/2018 04:16:12 PM Filtering u and v at plevel 0.94679345703125
12/22/2018 04:16:19 PM Filtering u and v at plevel 0.9271495361328125
12/22/2018 04:16:27 PM Filtering u and v at plevel 0.9037782592773438
12/22/2018 04:16:35 PM Filtering u and v at plevel 0.8762772216796875
12/22/2018 04:16:43 PM Filtering u and v at plevel 0.8442423706054687
12/22/2018 04:16:50 PM Filtering u and v at plevel 0.8072677001953125
12/22/2018 04:16:58 PM Filtering u and v at plevel 0.7649443969726563
12/22/2018 04:17:06 PM Filtering u and v at plevel 0.7168593139648437
12/22/2018 04:17:14 PM Filtering u and v at plevel 0.6625931396484375
12/22/2018 04:17:21 PM Filtering u and v at plevel 0.6017172241210937
12/22/2018 04:17:29 PM Filtering u and v at plevel 0.533786376953125
12/22/2018 04:17:37 PM Filtering u and v at plevel 0.4583251342773437
12/22/2018 04:17:45 PM Filtering u and v at plevel 0.3780865783691406
12/22/2018 04:17:52 PM Filtering u and v at plevel 0.29894439697265623
12/22/2018 04:18:00 PM Filtering u and v at plevel 0.22474922180175783
12/22/2018 04:18:08 PM Filtering u and v at plevel 0.15738101196289062
12/22/2018 04:18:15 PM Filtering u and v at plevel 0.09912992095947265
12/22/2018 04:18:23 PM Filtering u and v at plevel 0.052340194702148436
12/22/2018 04:18:31 PM Filtering u and v at plevel 0.019088397979736327
12/22/2018 04:18:39 PM Filtering u and v at plevel 0.0036502928733825684
12/22/2018 04:18:44 PM calculated EKE
12/22/2018 04:18:49 PM ...........Calculate EKE.............5
12/22/2018 04:18:49 PM imported nc file
12/22/2018 04:18:55 PM imported coordinates
12/22/2018 04:19:00 PM calculated pressure from sigma levels
12/22/2018 04:19:17 PM saved v_comp regrid:(90, 24, 1460, 144)
12/22/2018 04:19:35 PM saved u_comp regrid:(90, 24, 1460, 144)
12/22/2018 04:19:40 PM saved z regrid:(90, 24, 1460, 144)
12/22/2018 04:19:40 PM Filtering signal now
12/22/2018 04:19:50 PM Filtering u and v at plevel 0.9961083984375
12/22/2018 04:19:58 PM Filtering u and v at plevel 0.9873693237304687
12/22/2018 04:20:06 PM Filtering u and v at plevel 0.9765033569335938
12/22/2018 04:20:14 PM Filtering u and v at plevel 0.963111328125
12/22/2018 04:20:22 PM Filtering u and v at plevel 0.94679345703125
12/22/2018 04:20:30 PM Filtering u and v at plevel 0.9271495361328125
12/22/2018 04:20:38 PM Filtering u and v at plevel 0.9037782592773438
12/22/2018 04:20:46 PM Filtering u and v at plevel 0.8762772216796875
12/22/2018 04:20:54 PM Filtering u and v at plevel 0.8442423706054687
12/22/2018 04:21:02 PM Filtering u and v at plevel 0.8072677001953125
12/22/2018 04:21:10 PM Filtering u and v at plevel 0.7649443969726563
12/22/2018 04:21:18 PM Filtering u and v at plevel 0.7168593139648437
12/22/2018 04:21:25 PM Filtering u and v at plevel 0.6625931396484375
12/22/2018 04:21:33 PM Filtering u and v at plevel 0.6017172241210937
12/22/2018 04:21:41 PM Filtering u and v at plevel 0.533786376953125
12/22/2018 04:21:49 PM Filtering u and v at plevel 0.4583251342773437
12/22/2018 04:21:57 PM Filtering u and v at plevel 0.3780865783691406
12/22/2018 04:22:05 PM Filtering u and v at plevel 0.29894439697265623
12/22/2018 04:22:13 PM Filtering u and v at plevel 0.22474922180175783
12/22/2018 04:22:21 PM Filtering u and v at plevel 0.15738101196289062
12/22/2018 04:22:29 PM Filtering u and v at plevel 0.09912992095947265
12/22/2018 04:22:37 PM Filtering u and v at plevel 0.052340194702148436
12/22/2018 04:22:45 PM Filtering u and v at plevel 0.019088397979736327
12/22/2018 04:22:53 PM Filtering u and v at plevel 0.0036502928733825684
12/22/2018 04:22:58 PM calculated EKE
12/22/2018 04:23:03 PM ...........Calculate EKE.............6
12/22/2018 04:23:03 PM imported nc file
12/22/2018 04:23:09 PM imported coordinates
12/22/2018 04:23:14 PM calculated pressure from sigma levels
12/22/2018 04:23:34 PM saved v_comp regrid:(90, 24, 1460, 144)
12/22/2018 04:23:51 PM saved u_comp regrid:(90, 24, 1460, 144)
12/22/2018 04:23:55 PM saved z regrid:(90, 24, 1460, 144)
12/22/2018 04:23:55 PM Filtering signal now
12/22/2018 04:24:06 PM Filtering u and v at plevel 0.9961083984375
12/22/2018 04:24:14 PM Filtering u and v at plevel 0.9873693237304687
12/22/2018 04:24:22 PM Filtering u and v at plevel 0.9765033569335938
12/22/2018 04:24:31 PM Filtering u and v at plevel 0.963111328125
12/22/2018 04:24:39 PM Filtering u and v at plevel 0.94679345703125
12/22/2018 04:24:47 PM Filtering u and v at plevel 0.9271495361328125
12/22/2018 04:24:55 PM Filtering u and v at plevel 0.9037782592773438
12/22/2018 04:25:03 PM Filtering u and v at plevel 0.8762772216796875
12/22/2018 04:25:11 PM Filtering u and v at plevel 0.8442423706054687
12/22/2018 04:25:19 PM Filtering u and v at plevel 0.8072677001953125
12/22/2018 04:25:27 PM Filtering u and v at plevel 0.7649443969726563
12/22/2018 04:25:35 PM Filtering u and v at plevel 0.7168593139648437
12/22/2018 04:25:43 PM Filtering u and v at plevel 0.6625931396484375
12/22/2018 04:25:51 PM Filtering u and v at plevel 0.6017172241210937
12/22/2018 04:25:59 PM Filtering u and v at plevel 0.533786376953125
12/22/2018 04:26:07 PM Filtering u and v at plevel 0.4583251342773437
12/22/2018 04:26:15 PM Filtering u and v at plevel 0.3780865783691406
12/22/2018 04:26:23 PM Filtering u and v at plevel 0.29894439697265623
12/22/2018 04:26:31 PM Filtering u and v at plevel 0.22474922180175783
12/22/2018 04:26:39 PM Filtering u and v at plevel 0.15738101196289062
12/22/2018 04:26:47 PM Filtering u and v at plevel 0.09912992095947265
12/22/2018 04:26:55 PM Filtering u and v at plevel 0.052340194702148436
12/22/2018 04:27:03 PM Filtering u and v at plevel 0.019088397979736327
12/22/2018 04:27:11 PM Filtering u and v at plevel 0.0036502928733825684
12/22/2018 04:27:17 PM calculated EKE
12/22/2018 04:27:22 PM ...........Calculate EKE.............7
12/22/2018 04:27:22 PM imported nc file
12/22/2018 04:27:28 PM imported coordinates
12/22/2018 04:27:33 PM calculated pressure from sigma levels
12/22/2018 04:27:50 PM saved v_comp regrid:(90, 24, 1460, 144)
12/22/2018 04:28:08 PM saved u_comp regrid:(90, 24, 1460, 144)
12/22/2018 04:28:12 PM saved z regrid:(90, 24, 1460, 144)
12/22/2018 04:28:12 PM Filtering signal now
12/22/2018 04:28:23 PM Filtering u and v at plevel 0.9961083984375
12/22/2018 04:28:31 PM Filtering u and v at plevel 0.9873693237304687
12/22/2018 04:28:39 PM Filtering u and v at plevel 0.9765033569335938
12/22/2018 04:28:47 PM Filtering u and v at plevel 0.963111328125
12/22/2018 04:28:54 PM Filtering u and v at plevel 0.94679345703125
12/22/2018 04:29:02 PM Filtering u and v at plevel 0.9271495361328125
12/22/2018 04:29:10 PM Filtering u and v at plevel 0.9037782592773438
12/22/2018 04:29:18 PM Filtering u and v at plevel 0.8762772216796875
12/22/2018 04:29:26 PM Filtering u and v at plevel 0.8442423706054687
12/22/2018 04:29:34 PM Filtering u and v at plevel 0.8072677001953125
12/22/2018 04:29:41 PM Filtering u and v at plevel 0.7649443969726563
12/22/2018 04:29:49 PM Filtering u and v at plevel 0.7168593139648437
12/22/2018 04:29:57 PM Filtering u and v at plevel 0.6625931396484375
12/22/2018 04:30:05 PM Filtering u and v at plevel 0.6017172241210937
12/22/2018 04:30:13 PM Filtering u and v at plevel 0.533786376953125
12/22/2018 04:30:21 PM Filtering u and v at plevel 0.4583251342773437
12/22/2018 04:30:29 PM Filtering u and v at plevel 0.3780865783691406
12/22/2018 04:30:36 PM Filtering u and v at plevel 0.29894439697265623
12/22/2018 04:30:44 PM Filtering u and v at plevel 0.22474922180175783
12/22/2018 04:30:52 PM Filtering u and v at plevel 0.15738101196289062
12/22/2018 04:31:00 PM Filtering u and v at plevel 0.09912992095947265
12/22/2018 04:31:08 PM Filtering u and v at plevel 0.052340194702148436
12/22/2018 04:31:16 PM Filtering u and v at plevel 0.019088397979736327
12/22/2018 04:31:23 PM Filtering u and v at plevel 0.0036502928733825684
12/22/2018 04:31:29 PM calculated EKE
12/22/2018 04:31:34 PM ...........Calculate EKE.............8
12/22/2018 04:31:34 PM imported nc file
12/22/2018 04:31:36 PM imported coordinates
12/22/2018 04:31:41 PM calculated pressure from sigma levels
12/22/2018 04:31:45 PM saved v_comp regrid:(90, 24, 1460, 144)
12/22/2018 04:31:50 PM saved u_comp regrid:(90, 24, 1460, 144)
12/22/2018 04:31:54 PM saved z regrid:(90, 24, 1460, 144)
12/22/2018 04:31:54 PM Filtering signal now
12/22/2018 04:32:04 PM Filtering u and v at plevel 0.9961083984375
12/22/2018 04:32:12 PM Filtering u and v at plevel 0.9873693237304687
12/22/2018 04:32:19 PM Filtering u and v at plevel 0.9765033569335938
12/22/2018 04:32:27 PM Filtering u and v at plevel 0.963111328125
12/22/2018 04:32:34 PM Filtering u and v at plevel 0.94679345703125
12/22/2018 04:32:41 PM Filtering u and v at plevel 0.9271495361328125
12/22/2018 04:32:49 PM Filtering u and v at plevel 0.9037782592773438
12/22/2018 04:32:56 PM Filtering u and v at plevel 0.8762772216796875
12/22/2018 04:33:04 PM Filtering u and v at plevel 0.8442423706054687
12/22/2018 04:33:11 PM Filtering u and v at plevel 0.8072677001953125
12/22/2018 04:33:18 PM Filtering u and v at plevel 0.7649443969726563
12/22/2018 04:33:26 PM Filtering u and v at plevel 0.7168593139648437
12/22/2018 04:33:33 PM Filtering u and v at plevel 0.6625931396484375
12/22/2018 04:33:41 PM Filtering u and v at plevel 0.6017172241210937
12/22/2018 04:33:48 PM Filtering u and v at plevel 0.533786376953125
12/22/2018 04:33:55 PM Filtering u and v at plevel 0.4583251342773437
12/22/2018 04:34:03 PM Filtering u and v at plevel 0.3780865783691406
12/22/2018 04:34:10 PM Filtering u and v at plevel 0.29894439697265623
12/22/2018 04:34:18 PM Filtering u and v at plevel 0.22474922180175783
12/22/2018 04:34:25 PM Filtering u and v at plevel 0.15738101196289062
12/22/2018 04:34:33 PM Filtering u and v at plevel 0.09912992095947265
12/22/2018 04:34:40 PM Filtering u and v at plevel 0.052340194702148436
12/22/2018 04:34:47 PM Filtering u and v at plevel 0.019088397979736327
12/22/2018 04:34:55 PM Filtering u and v at plevel 0.0036502928733825684
12/22/2018 04:35:00 PM calculated EKE
12/22/2018 04:35:05 PM ...........Calculate EKE.............9
12/22/2018 04:35:05 PM imported nc file
12/22/2018 04:35:06 PM imported coordinates
12/22/2018 04:35:11 PM calculated pressure from sigma levels
12/22/2018 04:35:27 PM saved v_comp regrid:(90, 24, 1460, 144)
12/22/2018 04:35:31 PM saved u_comp regrid:(90, 24, 1460, 144)
12/22/2018 04:35:36 PM saved z regrid:(90, 24, 1460, 144)
12/22/2018 04:35:36 PM Filtering signal now
12/22/2018 04:35:46 PM Filtering u and v at plevel 0.9961083984375
12/22/2018 04:35:54 PM Filtering u and v at plevel 0.9873693237304687
12/22/2018 04:36:02 PM Filtering u and v at plevel 0.9765033569335938
12/22/2018 04:36:10 PM Filtering u and v at plevel 0.963111328125
12/22/2018 04:36:18 PM Filtering u and v at plevel 0.94679345703125
12/22/2018 04:36:26 PM Filtering u and v at plevel 0.9271495361328125
12/22/2018 04:36:33 PM Filtering u and v at plevel 0.9037782592773438
12/22/2018 04:36:41 PM Filtering u and v at plevel 0.8762772216796875
12/22/2018 04:36:49 PM Filtering u and v at plevel 0.8442423706054687
12/22/2018 04:36:57 PM Filtering u and v at plevel 0.8072677001953125
12/22/2018 04:37:05 PM Filtering u and v at plevel 0.7649443969726563
12/22/2018 04:37:13 PM Filtering u and v at plevel 0.7168593139648437
12/22/2018 04:37:21 PM Filtering u and v at plevel 0.6625931396484375
12/22/2018 04:37:28 PM Filtering u and v at plevel 0.6017172241210937
12/22/2018 04:37:36 PM Filtering u and v at plevel 0.533786376953125
12/22/2018 04:37:44 PM Filtering u and v at plevel 0.4583251342773437
12/22/2018 04:37:52 PM Filtering u and v at plevel 0.3780865783691406
12/22/2018 04:38:00 PM Filtering u and v at plevel 0.29894439697265623
12/22/2018 04:38:08 PM Filtering u and v at plevel 0.22474922180175783
12/22/2018 04:38:16 PM Filtering u and v at plevel 0.15738101196289062
12/22/2018 04:38:23 PM Filtering u and v at plevel 0.09912992095947265
12/22/2018 04:38:31 PM Filtering u and v at plevel 0.052340194702148436
12/22/2018 04:38:39 PM Filtering u and v at plevel 0.019088397979736327
12/22/2018 04:38:47 PM Filtering u and v at plevel 0.0036502928733825684
12/22/2018 04:38:52 PM calculated EKE
12/22/2018 04:38:56 PM ** INTERPOLATION ** 
12/24/2018 01:19:08 PM ...........Calculate EKE.............0
12/24/2018 01:19:08 PM imported nc file
12/24/2018 01:19:08 PM imported coordinates
12/24/2018 01:19:14 PM calculated pressure from sigma levels
12/24/2018 01:19:18 PM saved v_comp regrid:(90, 24, 1460, 144)
12/24/2018 01:19:22 PM saved u_comp regrid:(90, 24, 1460, 144)
12/24/2018 01:19:26 PM saved z regrid:(90, 24, 1460, 144)
12/24/2018 01:19:26 PM Filtering signal now
12/24/2018 01:19:36 PM Filtering u and v at plevel 0.9961083984375
12/24/2018 01:19:43 PM Filtering u and v at plevel 0.9873693237304687
12/24/2018 01:19:50 PM Filtering u and v at plevel 0.9765033569335938
12/24/2018 01:19:57 PM Filtering u and v at plevel 0.963111328125
12/24/2018 01:20:04 PM Filtering u and v at plevel 0.94679345703125
12/24/2018 01:20:12 PM Filtering u and v at plevel 0.9271495361328125
12/24/2018 01:20:19 PM Filtering u and v at plevel 0.9037782592773438
12/24/2018 01:20:26 PM Filtering u and v at plevel 0.8762772216796875
12/24/2018 01:20:33 PM Filtering u and v at plevel 0.8442423706054687
12/24/2018 01:20:40 PM Filtering u and v at plevel 0.8072677001953125
12/24/2018 01:20:47 PM Filtering u and v at plevel 0.7649443969726563
12/24/2018 01:20:54 PM Filtering u and v at plevel 0.7168593139648437
12/24/2018 01:21:02 PM Filtering u and v at plevel 0.6625931396484375
12/24/2018 01:21:09 PM Filtering u and v at plevel 0.6017172241210937
12/24/2018 01:21:16 PM Filtering u and v at plevel 0.533786376953125
12/24/2018 01:21:23 PM Filtering u and v at plevel 0.4583251342773437
12/24/2018 01:21:30 PM Filtering u and v at plevel 0.3780865783691406
12/24/2018 01:21:37 PM Filtering u and v at plevel 0.29894439697265623
12/24/2018 01:21:45 PM Filtering u and v at plevel 0.22474922180175783
12/24/2018 01:21:52 PM Filtering u and v at plevel 0.15738101196289062
12/24/2018 01:21:59 PM Filtering u and v at plevel 0.09912992095947265
12/24/2018 01:22:06 PM Filtering u and v at plevel 0.052340194702148436
12/24/2018 01:22:13 PM Filtering u and v at plevel 0.019088397979736327
12/24/2018 01:22:20 PM Filtering u and v at plevel 0.0036502928733825684
12/24/2018 01:22:25 PM calculated EKE
12/24/2018 01:22:32 PM ...........Calculate EKE.............1
12/24/2018 01:22:32 PM imported nc file
12/24/2018 01:22:37 PM imported coordinates
12/24/2018 01:22:42 PM calculated pressure from sigma levels
12/24/2018 01:23:00 PM saved v_comp regrid:(90, 24, 1460, 144)
12/24/2018 01:23:14 PM saved u_comp regrid:(90, 24, 1460, 144)
12/24/2018 01:23:19 PM saved z regrid:(90, 24, 1460, 144)
12/24/2018 01:23:19 PM Filtering signal now
12/24/2018 01:23:30 PM Filtering u and v at plevel 0.9961083984375
12/24/2018 01:23:38 PM Filtering u and v at plevel 0.9873693237304687
12/24/2018 01:23:46 PM Filtering u and v at plevel 0.9765033569335938
12/24/2018 01:23:54 PM Filtering u and v at plevel 0.963111328125
12/24/2018 01:24:02 PM Filtering u and v at plevel 0.94679345703125
12/24/2018 01:24:10 PM Filtering u and v at plevel 0.9271495361328125
12/24/2018 01:24:18 PM Filtering u and v at plevel 0.9037782592773438
12/24/2018 01:24:26 PM Filtering u and v at plevel 0.8762772216796875
12/24/2018 01:24:34 PM Filtering u and v at plevel 0.8442423706054687
12/24/2018 01:24:42 PM Filtering u and v at plevel 0.8072677001953125
12/24/2018 01:24:51 PM Filtering u and v at plevel 0.7649443969726563
12/24/2018 01:24:59 PM Filtering u and v at plevel 0.7168593139648437
12/24/2018 01:25:07 PM Filtering u and v at plevel 0.6625931396484375
12/24/2018 01:25:15 PM Filtering u and v at plevel 0.6017172241210937
12/24/2018 01:25:23 PM Filtering u and v at plevel 0.533786376953125
12/24/2018 01:25:31 PM Filtering u and v at plevel 0.4583251342773437
12/24/2018 01:25:39 PM Filtering u and v at plevel 0.3780865783691406
12/24/2018 01:25:47 PM Filtering u and v at plevel 0.29894439697265623
12/24/2018 01:25:55 PM Filtering u and v at plevel 0.22474922180175783
12/24/2018 01:26:03 PM Filtering u and v at plevel 0.15738101196289062
12/24/2018 01:26:11 PM Filtering u and v at plevel 0.09912992095947265
12/24/2018 01:26:19 PM Filtering u and v at plevel 0.052340194702148436
12/24/2018 01:26:27 PM Filtering u and v at plevel 0.019088397979736327
12/24/2018 01:26:35 PM Filtering u and v at plevel 0.0036502928733825684
12/24/2018 01:26:40 PM calculated EKE
12/24/2018 01:26:46 PM ...........Calculate EKE.............2
12/24/2018 01:26:46 PM imported nc file
12/24/2018 01:26:51 PM imported coordinates
12/24/2018 01:26:56 PM calculated pressure from sigma levels
12/24/2018 01:27:14 PM saved v_comp regrid:(90, 24, 1460, 144)
12/24/2018 01:27:32 PM saved u_comp regrid:(90, 24, 1460, 144)
12/24/2018 01:27:36 PM saved z regrid:(90, 24, 1460, 144)
12/24/2018 01:27:36 PM Filtering signal now
12/24/2018 01:27:48 PM Filtering u and v at plevel 0.9961083984375
12/24/2018 01:27:56 PM Filtering u and v at plevel 0.9873693237304687
12/24/2018 01:28:05 PM Filtering u and v at plevel 0.9765033569335938
12/24/2018 01:28:14 PM Filtering u and v at plevel 0.963111328125
12/24/2018 01:28:22 PM Filtering u and v at plevel 0.94679345703125
12/24/2018 01:28:31 PM Filtering u and v at plevel 0.9271495361328125
12/24/2018 01:28:39 PM Filtering u and v at plevel 0.9037782592773438
12/24/2018 01:28:48 PM Filtering u and v at plevel 0.8762772216796875
12/24/2018 01:28:56 PM Filtering u and v at plevel 0.8442423706054687
12/24/2018 01:29:05 PM Filtering u and v at plevel 0.8072677001953125
12/24/2018 01:29:13 PM Filtering u and v at plevel 0.7649443969726563
12/24/2018 01:29:22 PM Filtering u and v at plevel 0.7168593139648437
12/24/2018 01:29:30 PM Filtering u and v at plevel 0.6625931396484375
12/24/2018 01:29:39 PM Filtering u and v at plevel 0.6017172241210937
12/24/2018 01:29:47 PM Filtering u and v at plevel 0.533786376953125
12/24/2018 01:29:56 PM Filtering u and v at plevel 0.4583251342773437
12/24/2018 01:30:05 PM Filtering u and v at plevel 0.3780865783691406
12/24/2018 01:30:13 PM Filtering u and v at plevel 0.29894439697265623
12/24/2018 01:30:22 PM Filtering u and v at plevel 0.22474922180175783
12/24/2018 01:30:30 PM Filtering u and v at plevel 0.15738101196289062
12/24/2018 01:30:39 PM Filtering u and v at plevel 0.09912992095947265
12/24/2018 01:30:47 PM Filtering u and v at plevel 0.052340194702148436
12/24/2018 01:30:56 PM Filtering u and v at plevel 0.019088397979736327
12/24/2018 01:31:04 PM Filtering u and v at plevel 0.0036502928733825684
12/24/2018 01:31:10 PM calculated EKE
12/24/2018 01:31:16 PM ...........Calculate EKE.............3
12/24/2018 01:31:16 PM imported nc file
12/24/2018 01:31:22 PM imported coordinates
12/24/2018 01:31:27 PM calculated pressure from sigma levels
12/24/2018 01:31:48 PM saved v_comp regrid:(90, 24, 1460, 144)
12/24/2018 01:32:09 PM saved u_comp regrid:(90, 24, 1460, 144)
12/24/2018 01:32:22 PM saved z regrid:(90, 24, 1460, 144)
12/24/2018 01:32:22 PM Filtering signal now
12/24/2018 01:32:33 PM Filtering u and v at plevel 0.9961083984375
12/24/2018 01:32:41 PM Filtering u and v at plevel 0.9873693237304687
12/24/2018 01:32:50 PM Filtering u and v at plevel 0.9765033569335938
12/24/2018 01:32:58 PM Filtering u and v at plevel 0.963111328125
12/24/2018 01:33:06 PM Filtering u and v at plevel 0.94679345703125
12/24/2018 01:33:14 PM Filtering u and v at plevel 0.9271495361328125
12/24/2018 01:33:23 PM Filtering u and v at plevel 0.9037782592773438
12/24/2018 01:33:31 PM Filtering u and v at plevel 0.8762772216796875
12/24/2018 01:33:39 PM Filtering u and v at plevel 0.8442423706054687
12/24/2018 01:33:47 PM Filtering u and v at plevel 0.8072677001953125
12/24/2018 01:33:55 PM Filtering u and v at plevel 0.7649443969726563
12/24/2018 01:34:04 PM Filtering u and v at plevel 0.7168593139648437
12/24/2018 01:34:12 PM Filtering u and v at plevel 0.6625931396484375
12/24/2018 01:34:20 PM Filtering u and v at plevel 0.6017172241210937
12/24/2018 01:34:28 PM Filtering u and v at plevel 0.533786376953125
12/24/2018 01:34:36 PM Filtering u and v at plevel 0.4583251342773437
12/24/2018 01:34:45 PM Filtering u and v at plevel 0.3780865783691406
12/24/2018 01:34:53 PM Filtering u and v at plevel 0.29894439697265623
12/24/2018 01:35:01 PM Filtering u and v at plevel 0.22474922180175783
12/24/2018 01:35:09 PM Filtering u and v at plevel 0.15738101196289062
12/24/2018 01:35:17 PM Filtering u and v at plevel 0.09912992095947265
12/24/2018 01:35:26 PM Filtering u and v at plevel 0.052340194702148436
12/24/2018 01:35:34 PM Filtering u and v at plevel 0.019088397979736327
12/24/2018 01:35:42 PM Filtering u and v at plevel 0.0036502928733825684
12/24/2018 01:35:47 PM calculated EKE
12/24/2018 01:35:54 PM ...........Calculate EKE.............4
12/24/2018 01:35:54 PM imported nc file
12/24/2018 01:36:00 PM imported coordinates
12/24/2018 01:36:05 PM calculated pressure from sigma levels
12/24/2018 01:36:22 PM saved v_comp regrid:(90, 24, 1460, 144)
12/24/2018 01:36:40 PM saved u_comp regrid:(90, 24, 1460, 144)
12/24/2018 01:36:45 PM saved z regrid:(90, 24, 1460, 144)
12/24/2018 01:36:45 PM Filtering signal now
12/24/2018 01:36:55 PM Filtering u and v at plevel 0.9961083984375
12/24/2018 01:37:02 PM Filtering u and v at plevel 0.9873693237304687
12/24/2018 01:37:09 PM Filtering u and v at plevel 0.9765033569335938
12/24/2018 01:37:16 PM Filtering u and v at plevel 0.963111328125
12/24/2018 01:37:23 PM Filtering u and v at plevel 0.94679345703125
12/24/2018 01:37:30 PM Filtering u and v at plevel 0.9271495361328125
12/24/2018 01:37:38 PM Filtering u and v at plevel 0.9037782592773438
12/24/2018 01:37:45 PM Filtering u and v at plevel 0.8762772216796875
12/24/2018 01:37:52 PM Filtering u and v at plevel 0.8442423706054687
12/24/2018 01:37:59 PM Filtering u and v at plevel 0.8072677001953125
12/24/2018 01:38:06 PM Filtering u and v at plevel 0.7649443969726563
12/24/2018 01:38:13 PM Filtering u and v at plevel 0.7168593139648437
12/24/2018 01:38:20 PM Filtering u and v at plevel 0.6625931396484375
12/24/2018 01:38:27 PM Filtering u and v at plevel 0.6017172241210937
12/24/2018 01:38:34 PM Filtering u and v at plevel 0.533786376953125
12/24/2018 01:38:42 PM Filtering u and v at plevel 0.4583251342773437
12/24/2018 01:38:49 PM Filtering u and v at plevel 0.3780865783691406
12/24/2018 01:38:56 PM Filtering u and v at plevel 0.29894439697265623
12/24/2018 01:39:03 PM Filtering u and v at plevel 0.22474922180175783
12/24/2018 01:39:10 PM Filtering u and v at plevel 0.15738101196289062
12/24/2018 01:39:17 PM Filtering u and v at plevel 0.09912992095947265
12/24/2018 01:39:24 PM Filtering u and v at plevel 0.052340194702148436
12/24/2018 01:39:31 PM Filtering u and v at plevel 0.019088397979736327
12/24/2018 01:39:38 PM Filtering u and v at plevel 0.0036502928733825684
12/24/2018 01:39:44 PM calculated EKE
12/24/2018 01:39:49 PM ...........Calculate EKE.............5
12/24/2018 01:39:49 PM imported nc file
12/24/2018 01:39:54 PM imported coordinates
12/24/2018 01:39:59 PM calculated pressure from sigma levels
12/24/2018 01:40:17 PM saved v_comp regrid:(90, 24, 1460, 144)
12/24/2018 01:40:33 PM saved u_comp regrid:(90, 24, 1460, 144)
12/24/2018 01:40:38 PM saved z regrid:(90, 24, 1460, 144)
12/24/2018 01:40:38 PM Filtering signal now
12/24/2018 01:40:49 PM Filtering u and v at plevel 0.9961083984375
12/24/2018 01:40:56 PM Filtering u and v at plevel 0.9873693237304687
12/24/2018 01:41:04 PM Filtering u and v at plevel 0.9765033569335938
12/24/2018 01:41:12 PM Filtering u and v at plevel 0.963111328125
12/24/2018 01:41:20 PM Filtering u and v at plevel 0.94679345703125
12/24/2018 01:41:28 PM Filtering u and v at plevel 0.9271495361328125
12/24/2018 01:41:36 PM Filtering u and v at plevel 0.9037782592773438
12/24/2018 01:41:44 PM Filtering u and v at plevel 0.8762772216796875
12/24/2018 01:41:52 PM Filtering u and v at plevel 0.8442423706054687
12/24/2018 01:42:00 PM Filtering u and v at plevel 0.8072677001953125
12/24/2018 01:42:08 PM Filtering u and v at plevel 0.7649443969726563
12/24/2018 01:42:16 PM Filtering u and v at plevel 0.7168593139648437
12/24/2018 01:42:24 PM Filtering u and v at plevel 0.6625931396484375
12/24/2018 01:42:32 PM Filtering u and v at plevel 0.6017172241210937
12/24/2018 01:42:40 PM Filtering u and v at plevel 0.533786376953125
12/24/2018 01:42:48 PM Filtering u and v at plevel 0.4583251342773437
12/24/2018 01:42:56 PM Filtering u and v at plevel 0.3780865783691406
12/24/2018 01:43:04 PM Filtering u and v at plevel 0.29894439697265623
12/24/2018 01:43:12 PM Filtering u and v at plevel 0.22474922180175783
12/24/2018 01:43:19 PM Filtering u and v at plevel 0.15738101196289062
12/24/2018 01:43:27 PM Filtering u and v at plevel 0.09912992095947265
12/24/2018 01:43:35 PM Filtering u and v at plevel 0.052340194702148436
12/24/2018 01:43:43 PM Filtering u and v at plevel 0.019088397979736327
12/24/2018 01:43:51 PM Filtering u and v at plevel 0.0036502928733825684
12/24/2018 01:43:56 PM calculated EKE
12/24/2018 01:44:02 PM ...........Calculate EKE.............6
12/24/2018 01:44:02 PM imported nc file
12/24/2018 01:44:07 PM imported coordinates
12/24/2018 01:44:12 PM calculated pressure from sigma levels
12/24/2018 01:44:30 PM saved v_comp regrid:(90, 24, 1460, 144)
12/24/2018 01:44:47 PM saved u_comp regrid:(90, 24, 1460, 144)
12/24/2018 01:44:52 PM saved z regrid:(90, 24, 1460, 144)
12/24/2018 01:44:52 PM Filtering signal now
12/24/2018 01:45:03 PM Filtering u and v at plevel 0.9961083984375
12/24/2018 01:45:12 PM Filtering u and v at plevel 0.9873693237304687
12/24/2018 01:45:20 PM Filtering u and v at plevel 0.9765033569335938
12/24/2018 01:45:28 PM Filtering u and v at plevel 0.963111328125
12/24/2018 01:45:37 PM Filtering u and v at plevel 0.94679345703125
12/24/2018 01:45:45 PM Filtering u and v at plevel 0.9271495361328125
12/24/2018 01:45:54 PM Filtering u and v at plevel 0.9037782592773438
12/24/2018 01:46:02 PM Filtering u and v at plevel 0.8762772216796875
12/24/2018 01:46:11 PM Filtering u and v at plevel 0.8442423706054687
12/24/2018 01:46:19 PM Filtering u and v at plevel 0.8072677001953125
12/24/2018 01:46:28 PM Filtering u and v at plevel 0.7649443969726563
12/24/2018 01:46:36 PM Filtering u and v at plevel 0.7168593139648437
12/24/2018 01:46:45 PM Filtering u and v at plevel 0.6625931396484375
12/24/2018 01:46:53 PM Filtering u and v at plevel 0.6017172241210937
12/24/2018 01:47:02 PM Filtering u and v at plevel 0.533786376953125
12/24/2018 01:47:10 PM Filtering u and v at plevel 0.4583251342773437
12/24/2018 01:47:19 PM Filtering u and v at plevel 0.3780865783691406
12/24/2018 01:47:27 PM Filtering u and v at plevel 0.29894439697265623
12/24/2018 01:47:36 PM Filtering u and v at plevel 0.22474922180175783
12/24/2018 01:47:44 PM Filtering u and v at plevel 0.15738101196289062
12/24/2018 01:47:52 PM Filtering u and v at plevel 0.09912992095947265
12/24/2018 01:48:01 PM Filtering u and v at plevel 0.052340194702148436
12/24/2018 01:48:09 PM Filtering u and v at plevel 0.019088397979736327
12/24/2018 01:48:18 PM Filtering u and v at plevel 0.0036502928733825684
12/24/2018 01:48:23 PM calculated EKE
12/24/2018 01:48:28 PM ...........Calculate EKE.............7
12/24/2018 01:48:28 PM imported nc file
12/24/2018 01:48:33 PM imported coordinates
12/24/2018 01:48:38 PM calculated pressure from sigma levels
12/24/2018 01:48:56 PM saved v_comp regrid:(90, 24, 1460, 144)
12/24/2018 01:49:12 PM saved u_comp regrid:(90, 24, 1460, 144)
12/24/2018 01:49:17 PM saved z regrid:(90, 24, 1460, 144)
12/24/2018 01:49:17 PM Filtering signal now
12/24/2018 01:49:28 PM Filtering u and v at plevel 0.9961083984375
12/24/2018 01:49:36 PM Filtering u and v at plevel 0.9873693237304687
12/24/2018 01:49:45 PM Filtering u and v at plevel 0.9765033569335938
12/24/2018 01:49:53 PM Filtering u and v at plevel 0.963111328125
12/24/2018 01:50:02 PM Filtering u and v at plevel 0.94679345703125
12/24/2018 01:50:10 PM Filtering u and v at plevel 0.9271495361328125
12/24/2018 01:50:18 PM Filtering u and v at plevel 0.9037782592773438
12/24/2018 01:50:27 PM Filtering u and v at plevel 0.8762772216796875
12/24/2018 01:50:35 PM Filtering u and v at plevel 0.8442423706054687
12/24/2018 01:50:43 PM Filtering u and v at plevel 0.8072677001953125
12/24/2018 01:50:52 PM Filtering u and v at plevel 0.7649443969726563
12/24/2018 01:51:00 PM Filtering u and v at plevel 0.7168593139648437
12/24/2018 01:51:08 PM Filtering u and v at plevel 0.6625931396484375
12/24/2018 01:51:17 PM Filtering u and v at plevel 0.6017172241210937
12/24/2018 01:51:25 PM Filtering u and v at plevel 0.533786376953125
12/24/2018 01:51:33 PM Filtering u and v at plevel 0.4583251342773437
12/24/2018 01:51:42 PM Filtering u and v at plevel 0.3780865783691406
12/24/2018 01:51:50 PM Filtering u and v at plevel 0.29894439697265623
12/24/2018 01:51:59 PM Filtering u and v at plevel 0.22474922180175783
12/24/2018 01:52:07 PM Filtering u and v at plevel 0.15738101196289062
12/24/2018 01:52:15 PM Filtering u and v at plevel 0.09912992095947265
12/24/2018 01:52:24 PM Filtering u and v at plevel 0.052340194702148436
12/24/2018 01:52:32 PM Filtering u and v at plevel 0.019088397979736327
12/24/2018 01:52:40 PM Filtering u and v at plevel 0.0036502928733825684
12/24/2018 01:52:45 PM calculated EKE
12/24/2018 01:52:52 PM ...........Calculate EKE.............8
12/24/2018 01:52:52 PM imported nc file
12/24/2018 01:52:56 PM imported coordinates
12/24/2018 01:53:02 PM calculated pressure from sigma levels
12/24/2018 01:53:19 PM saved v_comp regrid:(90, 24, 1460, 144)
12/24/2018 01:53:36 PM saved u_comp regrid:(90, 24, 1460, 144)
12/24/2018 01:53:40 PM saved z regrid:(90, 24, 1460, 144)
12/24/2018 01:53:40 PM Filtering signal now
12/24/2018 01:53:51 PM Filtering u and v at plevel 0.9961083984375
12/24/2018 01:54:00 PM Filtering u and v at plevel 0.9873693237304687
12/24/2018 01:54:08 PM Filtering u and v at plevel 0.9765033569335938
12/24/2018 01:54:16 PM Filtering u and v at plevel 0.963111328125
12/24/2018 01:54:25 PM Filtering u and v at plevel 0.94679345703125
12/24/2018 01:54:33 PM Filtering u and v at plevel 0.9271495361328125
12/24/2018 01:54:41 PM Filtering u and v at plevel 0.9037782592773438
12/24/2018 01:54:50 PM Filtering u and v at plevel 0.8762772216796875
12/24/2018 01:54:58 PM Filtering u and v at plevel 0.8442423706054687
12/24/2018 01:55:06 PM Filtering u and v at plevel 0.8072677001953125
12/24/2018 01:55:15 PM Filtering u and v at plevel 0.7649443969726563
12/24/2018 01:55:23 PM Filtering u and v at plevel 0.7168593139648437
12/24/2018 01:55:31 PM Filtering u and v at plevel 0.6625931396484375
12/24/2018 01:55:39 PM Filtering u and v at plevel 0.6017172241210937
12/24/2018 01:55:48 PM Filtering u and v at plevel 0.533786376953125
12/24/2018 01:55:56 PM Filtering u and v at plevel 0.4583251342773437
12/24/2018 01:56:04 PM Filtering u and v at plevel 0.3780865783691406
12/24/2018 01:56:13 PM Filtering u and v at plevel 0.29894439697265623
12/24/2018 01:56:21 PM Filtering u and v at plevel 0.22474922180175783
12/24/2018 01:56:29 PM Filtering u and v at plevel 0.15738101196289062
12/24/2018 01:56:38 PM Filtering u and v at plevel 0.09912992095947265
12/24/2018 01:56:46 PM Filtering u and v at plevel 0.052340194702148436
12/24/2018 01:56:54 PM Filtering u and v at plevel 0.019088397979736327
12/24/2018 01:57:02 PM Filtering u and v at plevel 0.0036502928733825684
12/24/2018 01:57:08 PM calculated EKE
12/24/2018 01:57:13 PM ...........Calculate EKE.............9
12/24/2018 01:57:13 PM imported nc file
12/24/2018 01:57:18 PM imported coordinates
12/24/2018 01:57:23 PM calculated pressure from sigma levels
12/24/2018 01:57:41 PM saved v_comp regrid:(90, 24, 1460, 144)
12/24/2018 01:57:57 PM saved u_comp regrid:(90, 24, 1460, 144)
12/24/2018 01:58:02 PM saved z regrid:(90, 24, 1460, 144)
12/24/2018 01:58:02 PM Filtering signal now
12/24/2018 01:58:12 PM Filtering u and v at plevel 0.9961083984375
12/24/2018 01:58:20 PM Filtering u and v at plevel 0.9873693237304687
12/24/2018 01:58:27 PM Filtering u and v at plevel 0.9765033569335938
12/24/2018 01:58:35 PM Filtering u and v at plevel 0.963111328125
12/24/2018 01:58:42 PM Filtering u and v at plevel 0.94679345703125
12/24/2018 01:58:50 PM Filtering u and v at plevel 0.9271495361328125
12/24/2018 01:58:57 PM Filtering u and v at plevel 0.9037782592773438
12/24/2018 01:59:05 PM Filtering u and v at plevel 0.8762772216796875
12/24/2018 01:59:12 PM Filtering u and v at plevel 0.8442423706054687
12/24/2018 01:59:20 PM Filtering u and v at plevel 0.8072677001953125
12/24/2018 01:59:27 PM Filtering u and v at plevel 0.7649443969726563
12/24/2018 01:59:34 PM Filtering u and v at plevel 0.7168593139648437
12/24/2018 01:59:42 PM Filtering u and v at plevel 0.6625931396484375
12/24/2018 01:59:49 PM Filtering u and v at plevel 0.6017172241210937
12/24/2018 01:59:57 PM Filtering u and v at plevel 0.533786376953125
12/24/2018 02:00:04 PM Filtering u and v at plevel 0.4583251342773437
12/24/2018 02:00:12 PM Filtering u and v at plevel 0.3780865783691406
12/24/2018 02:00:19 PM Filtering u and v at plevel 0.29894439697265623
12/24/2018 02:00:27 PM Filtering u and v at plevel 0.22474922180175783
12/24/2018 02:00:34 PM Filtering u and v at plevel 0.15738101196289062
12/24/2018 02:00:42 PM Filtering u and v at plevel 0.09912992095947265
12/24/2018 02:00:49 PM Filtering u and v at plevel 0.052340194702148436
12/24/2018 02:00:57 PM Filtering u and v at plevel 0.019088397979736327
12/24/2018 02:01:04 PM Filtering u and v at plevel 0.0036502928733825684
12/24/2018 02:01:09 PM calculated EKE
12/24/2018 02:01:13 PM ** INTERPOLATION ** 
