12/22/2018 03:48:25 PM ** INTERPOLATION ** 
12/22/2018 03:48:27 PM destination folder created !
12/22/2018 03:51:29 PM ** INTERPOLATION ** 
12/22/2018 03:55:07 PM ...........Calculate EKE.............0
12/22/2018 03:55:07 PM imported nc file
12/22/2018 03:55:13 PM imported coordinates
12/22/2018 03:55:20 PM calculated pressure from sigma levels
12/22/2018 03:55:44 PM saved v_comp regrid:(111, 24, 1460, 144)
12/22/2018 03:56:07 PM saved u_comp regrid:(111, 24, 1460, 144)
12/22/2018 03:56:14 PM saved z regrid:(111, 24, 1460, 144)
12/22/2018 03:56:14 PM Filtering signal now
12/22/2018 03:56:27 PM Filtering u and v at plevel 0.9961083984375
12/22/2018 03:56:36 PM Filtering u and v at plevel 0.9873693237304687
12/22/2018 03:56:45 PM Filtering u and v at plevel 0.9765033569335938
12/22/2018 03:56:55 PM Filtering u and v at plevel 0.963111328125
12/22/2018 03:57:04 PM Filtering u and v at plevel 0.94679345703125
12/22/2018 03:57:13 PM Filtering u and v at plevel 0.9271495361328125
12/22/2018 03:57:22 PM Filtering u and v at plevel 0.9037782592773438
12/22/2018 03:57:32 PM Filtering u and v at plevel 0.8762772216796875
12/22/2018 03:57:41 PM Filtering u and v at plevel 0.8442423706054687
12/22/2018 03:57:50 PM Filtering u and v at plevel 0.8072677001953125
12/22/2018 03:58:00 PM Filtering u and v at plevel 0.7649443969726563
12/22/2018 03:58:09 PM Filtering u and v at plevel 0.7168593139648437
12/22/2018 03:58:18 PM Filtering u and v at plevel 0.6625931396484375
12/22/2018 03:58:28 PM Filtering u and v at plevel 0.6017172241210937
12/22/2018 03:58:37 PM Filtering u and v at plevel 0.533786376953125
12/22/2018 03:58:46 PM Filtering u and v at plevel 0.4583251342773437
12/22/2018 03:58:56 PM Filtering u and v at plevel 0.3780865783691406
12/22/2018 03:59:05 PM Filtering u and v at plevel 0.29894439697265623
12/22/2018 03:59:14 PM Filtering u and v at plevel 0.22474922180175783
12/22/2018 03:59:24 PM Filtering u and v at plevel 0.15738101196289062
12/22/2018 03:59:33 PM Filtering u and v at plevel 0.09912992095947265
12/22/2018 03:59:42 PM Filtering u and v at plevel 0.052340194702148436
12/22/2018 03:59:52 PM Filtering u and v at plevel 0.019088397979736327
12/22/2018 04:00:01 PM Filtering u and v at plevel 0.0036502928733825684
12/22/2018 04:00:07 PM calculated EKE
12/22/2018 04:00:14 PM ...........Calculate EKE.............1
12/22/2018 04:00:14 PM imported nc file
12/22/2018 04:00:20 PM imported coordinates
12/22/2018 04:00:25 PM calculated pressure from sigma levels
12/22/2018 04:00:44 PM saved v_comp regrid:(90, 24, 1460, 144)
12/22/2018 04:01:01 PM saved u_comp regrid:(90, 24, 1460, 144)
12/22/2018 04:01:07 PM saved z regrid:(90, 24, 1460, 144)
12/22/2018 04:01:07 PM Filtering signal now
12/22/2018 04:01:17 PM Filtering u and v at plevel 0.9961083984375
12/22/2018 04:01:24 PM Filtering u and v at plevel 0.9873693237304687
12/22/2018 04:01:31 PM Filtering u and v at plevel 0.9765033569335938
12/22/2018 04:01:38 PM Filtering u and v at plevel 0.963111328125
12/22/2018 04:01:45 PM Filtering u and v at plevel 0.94679345703125
12/22/2018 04:01:52 PM Filtering u and v at plevel 0.9271495361328125
12/22/2018 04:02:00 PM Filtering u and v at plevel 0.9037782592773438
12/22/2018 04:02:07 PM Filtering u and v at plevel 0.8762772216796875
12/22/2018 04:02:14 PM Filtering u and v at plevel 0.8442423706054687
12/22/2018 04:02:21 PM Filtering u and v at plevel 0.8072677001953125
12/22/2018 04:02:28 PM Filtering u and v at plevel 0.7649443969726563
12/22/2018 04:02:35 PM Filtering u and v at plevel 0.7168593139648437
12/22/2018 04:02:42 PM Filtering u and v at plevel 0.6625931396484375
12/22/2018 04:02:50 PM Filtering u and v at plevel 0.6017172241210937
12/22/2018 04:02:57 PM Filtering u and v at plevel 0.533786376953125
12/22/2018 04:03:04 PM Filtering u and v at plevel 0.4583251342773437
12/22/2018 04:03:11 PM Filtering u and v at plevel 0.3780865783691406
12/22/2018 04:03:18 PM Filtering u and v at plevel 0.29894439697265623
12/22/2018 04:03:25 PM Filtering u and v at plevel 0.22474922180175783
12/22/2018 04:03:32 PM Filtering u and v at plevel 0.15738101196289062
12/22/2018 04:03:40 PM Filtering u and v at plevel 0.09912992095947265
12/22/2018 04:03:47 PM Filtering u and v at plevel 0.052340194702148436
12/22/2018 04:03:54 PM Filtering u and v at plevel 0.019088397979736327
12/22/2018 04:04:01 PM Filtering u and v at plevel 0.0036502928733825684
12/22/2018 04:04:06 PM calculated EKE
12/22/2018 04:04:11 PM ...........Calculate EKE.............2
12/22/2018 04:04:11 PM imported nc file
12/22/2018 04:04:17 PM imported coordinates
12/22/2018 04:04:22 PM calculated pressure from sigma levels
12/22/2018 04:04:42 PM saved v_comp regrid:(90, 24, 1460, 144)
12/22/2018 04:05:00 PM saved u_comp regrid:(90, 24, 1460, 144)
12/22/2018 04:05:05 PM saved z regrid:(90, 24, 1460, 144)
12/22/2018 04:05:05 PM Filtering signal now
12/22/2018 04:05:15 PM Filtering u and v at plevel 0.9961083984375
12/22/2018 04:05:22 PM Filtering u and v at plevel 0.9873693237304687
12/22/2018 04:05:30 PM Filtering u and v at plevel 0.9765033569335938
12/22/2018 04:05:37 PM Filtering u and v at plevel 0.963111328125
12/22/2018 04:05:44 PM Filtering u and v at plevel 0.94679345703125
12/22/2018 04:05:51 PM Filtering u and v at plevel 0.9271495361328125
12/22/2018 04:05:59 PM Filtering u and v at plevel 0.9037782592773438
12/22/2018 04:06:06 PM Filtering u and v at plevel 0.8762772216796875
12/22/2018 04:06:13 PM Filtering u and v at plevel 0.8442423706054687
12/22/2018 04:06:21 PM Filtering u and v at plevel 0.8072677001953125
12/22/2018 04:06:28 PM Filtering u and v at plevel 0.7649443969726563
12/22/2018 04:06:35 PM Filtering u and v at plevel 0.7168593139648437
12/22/2018 04:06:43 PM Filtering u and v at plevel 0.6625931396484375
12/22/2018 04:06:50 PM Filtering u and v at plevel 0.6017172241210937
12/22/2018 04:06:57 PM Filtering u and v at plevel 0.533786376953125
12/22/2018 04:07:04 PM Filtering u and v at plevel 0.4583251342773437
12/22/2018 04:07:12 PM Filtering u and v at plevel 0.3780865783691406
12/22/2018 04:07:19 PM Filtering u and v at plevel 0.29894439697265623
12/22/2018 04:07:26 PM Filtering u and v at plevel 0.22474922180175783
12/22/2018 04:07:34 PM Filtering u and v at plevel 0.15738101196289062
12/22/2018 04:07:41 PM Filtering u and v at plevel 0.09912992095947265
12/22/2018 04:07:48 PM Filtering u and v at plevel 0.052340194702148436
12/22/2018 04:07:55 PM Filtering u and v at plevel 0.019088397979736327
12/22/2018 04:08:03 PM Filtering u and v at plevel 0.0036502928733825684
12/22/2018 04:08:08 PM calculated EKE
12/22/2018 04:08:13 PM ...........Calculate EKE.............3
12/22/2018 04:08:13 PM imported nc file
12/22/2018 04:08:19 PM imported coordinates
12/22/2018 04:08:24 PM calculated pressure from sigma levels
12/22/2018 04:08:42 PM saved v_comp regrid:(90, 24, 1460, 144)
12/22/2018 04:08:59 PM saved u_comp regrid:(90, 24, 1460, 144)
12/22/2018 04:09:03 PM saved z regrid:(90, 24, 1460, 144)
12/22/2018 04:09:03 PM Filtering signal now
12/22/2018 04:09:14 PM Filtering u and v at plevel 0.9961083984375
12/22/2018 04:09:23 PM Filtering u and v at plevel 0.9873693237304687
12/22/2018 04:09:31 PM Filtering u and v at plevel 0.9765033569335938
12/22/2018 04:09:39 PM Filtering u and v at plevel 0.963111328125
12/22/2018 04:09:47 PM Filtering u and v at plevel 0.94679345703125
12/22/2018 04:09:55 PM Filtering u and v at plevel 0.9271495361328125
12/22/2018 04:10:03 PM Filtering u and v at plevel 0.9037782592773438
12/22/2018 04:10:11 PM Filtering u and v at plevel 0.8762772216796875
12/22/2018 04:10:19 PM Filtering u and v at plevel 0.8442423706054687
12/22/2018 04:10:27 PM Filtering u and v at plevel 0.8072677001953125
12/22/2018 04:10:35 PM Filtering u and v at plevel 0.7649443969726563
12/22/2018 04:10:43 PM Filtering u and v at plevel 0.7168593139648437
12/22/2018 04:10:52 PM Filtering u and v at plevel 0.6625931396484375
12/22/2018 04:10:59 PM Filtering u and v at plevel 0.6017172241210937
12/22/2018 04:11:07 PM Filtering u and v at plevel 0.533786376953125
12/22/2018 04:11:15 PM Filtering u and v at plevel 0.4583251342773437
12/22/2018 04:11:23 PM Filtering u and v at plevel 0.3780865783691406
12/22/2018 04:11:31 PM Filtering u and v at plevel 0.29894439697265623
12/22/2018 04:11:39 PM Filtering u and v at plevel 0.22474922180175783
12/22/2018 04:11:47 PM Filtering u and v at plevel 0.15738101196289062
12/22/2018 04:11:55 PM Filtering u and v at plevel 0.09912992095947265
12/22/2018 04:12:03 PM Filtering u and v at plevel 0.052340194702148436
12/22/2018 04:12:11 PM Filtering u and v at plevel 0.019088397979736327
12/22/2018 04:12:19 PM Filtering u and v at plevel 0.0036502928733825684
12/22/2018 04:12:24 PM calculated EKE
12/22/2018 04:12:30 PM ...........Calculate EKE.............4
12/22/2018 04:12:30 PM imported nc file
12/22/2018 04:12:34 PM imported coordinates
12/22/2018 04:12:39 PM calculated pressure from sigma levels
12/22/2018 04:12:57 PM saved v_comp regrid:(90, 24, 1460, 144)
12/22/2018 04:13:18 PM saved u_comp regrid:(90, 24, 1460, 144)
12/22/2018 04:13:22 PM saved z regrid:(90, 24, 1460, 144)
12/22/2018 04:13:22 PM Filtering signal now
12/22/2018 04:13:32 PM Filtering u and v at plevel 0.9961083984375
12/22/2018 04:13:39 PM Filtering u and v at plevel 0.9873693237304687
12/22/2018 04:13:47 PM Filtering u and v at plevel 0.9765033569335938
12/22/2018 04:13:54 PM Filtering u and v at plevel 0.963111328125
12/22/2018 04:14:02 PM Filtering u and v at plevel 0.94679345703125
12/22/2018 04:14:09 PM Filtering u and v at plevel 0.9271495361328125
12/22/2018 04:14:16 PM Filtering u and v at plevel 0.9037782592773438
12/22/2018 04:14:24 PM Filtering u and v at plevel 0.8762772216796875
12/22/2018 04:14:31 PM Filtering u and v at plevel 0.8442423706054687
12/22/2018 04:14:38 PM Filtering u and v at plevel 0.8072677001953125
12/22/2018 04:14:46 PM Filtering u and v at plevel 0.7649443969726563
12/22/2018 04:14:53 PM Filtering u and v at plevel 0.7168593139648437
12/22/2018 04:15:01 PM Filtering u and v at plevel 0.6625931396484375
12/22/2018 04:15:08 PM Filtering u and v at plevel 0.6017172241210937
12/22/2018 04:15:15 PM Filtering u and v at plevel 0.533786376953125
12/22/2018 04:15:23 PM Filtering u and v at plevel 0.4583251342773437
12/22/2018 04:15:30 PM Filtering u and v at plevel 0.3780865783691406
12/22/2018 04:15:37 PM Filtering u and v at plevel 0.29894439697265623
12/22/2018 04:15:45 PM Filtering u and v at plevel 0.22474922180175783
12/22/2018 04:15:52 PM Filtering u and v at plevel 0.15738101196289062
12/22/2018 04:16:00 PM Filtering u and v at plevel 0.09912992095947265
12/22/2018 04:16:07 PM Filtering u and v at plevel 0.052340194702148436
12/22/2018 04:16:14 PM Filtering u and v at plevel 0.019088397979736327
12/22/2018 04:16:22 PM Filtering u and v at plevel 0.0036502928733825684
12/22/2018 04:16:27 PM calculated EKE
12/22/2018 04:16:33 PM ...........Calculate EKE.............5
12/22/2018 04:16:33 PM imported nc file
12/22/2018 04:16:35 PM imported coordinates
12/22/2018 04:16:40 PM calculated pressure from sigma levels
12/22/2018 04:16:58 PM saved v_comp regrid:(90, 24, 1460, 144)
12/22/2018 04:17:16 PM saved u_comp regrid:(90, 24, 1460, 144)
12/22/2018 04:17:20 PM saved z regrid:(90, 24, 1460, 144)
12/22/2018 04:17:20 PM Filtering signal now
12/22/2018 04:17:30 PM Filtering u and v at plevel 0.9961083984375
12/22/2018 04:17:37 PM Filtering u and v at plevel 0.9873693237304687
12/22/2018 04:17:45 PM Filtering u and v at plevel 0.9765033569335938
12/22/2018 04:17:52 PM Filtering u and v at plevel 0.963111328125
12/22/2018 04:17:59 PM Filtering u and v at plevel 0.94679345703125
12/22/2018 04:18:06 PM Filtering u and v at plevel 0.9271495361328125
12/22/2018 04:18:13 PM Filtering u and v at plevel 0.9037782592773438
12/22/2018 04:18:20 PM Filtering u and v at plevel 0.8762772216796875
12/22/2018 04:18:28 PM Filtering u and v at plevel 0.8442423706054687
12/22/2018 04:18:35 PM Filtering u and v at plevel 0.8072677001953125
12/22/2018 04:18:42 PM Filtering u and v at plevel 0.7649443969726563
12/22/2018 04:18:49 PM Filtering u and v at plevel 0.7168593139648437
12/22/2018 04:18:56 PM Filtering u and v at plevel 0.6625931396484375
12/22/2018 04:19:04 PM Filtering u and v at plevel 0.6017172241210937
12/22/2018 04:19:11 PM Filtering u and v at plevel 0.533786376953125
12/22/2018 04:19:18 PM Filtering u and v at plevel 0.4583251342773437
12/22/2018 04:19:25 PM Filtering u and v at plevel 0.3780865783691406
12/22/2018 04:19:32 PM Filtering u and v at plevel 0.29894439697265623
12/22/2018 04:19:39 PM Filtering u and v at plevel 0.22474922180175783
12/22/2018 04:19:47 PM Filtering u and v at plevel 0.15738101196289062
12/22/2018 04:19:54 PM Filtering u and v at plevel 0.09912992095947265
12/22/2018 04:20:01 PM Filtering u and v at plevel 0.052340194702148436
12/22/2018 04:20:08 PM Filtering u and v at plevel 0.019088397979736327
12/22/2018 04:20:15 PM Filtering u and v at plevel 0.0036502928733825684
12/22/2018 04:20:20 PM calculated EKE
12/22/2018 04:20:26 PM ...........Calculate EKE.............6
12/22/2018 04:20:26 PM imported nc file
12/22/2018 04:20:26 PM imported coordinates
12/22/2018 04:20:31 PM calculated pressure from sigma levels
12/22/2018 04:20:51 PM saved v_comp regrid:(90, 24, 1460, 144)
12/22/2018 04:20:57 PM saved u_comp regrid:(90, 24, 1460, 144)
12/22/2018 04:21:02 PM saved z regrid:(90, 24, 1460, 144)
12/22/2018 04:21:02 PM Filtering signal now
12/22/2018 04:21:13 PM Filtering u and v at plevel 0.9961083984375
12/22/2018 04:21:21 PM Filtering u and v at plevel 0.9873693237304687
12/22/2018 04:21:29 PM Filtering u and v at plevel 0.9765033569335938
12/22/2018 04:21:38 PM Filtering u and v at plevel 0.963111328125
12/22/2018 04:21:46 PM Filtering u and v at plevel 0.94679345703125
12/22/2018 04:21:54 PM Filtering u and v at plevel 0.9271495361328125
12/22/2018 04:22:02 PM Filtering u and v at plevel 0.9037782592773438
12/22/2018 04:22:10 PM Filtering u and v at plevel 0.8762772216796875
12/22/2018 04:22:19 PM Filtering u and v at plevel 0.8442423706054687
12/22/2018 04:22:27 PM Filtering u and v at plevel 0.8072677001953125
12/22/2018 04:22:35 PM Filtering u and v at plevel 0.7649443969726563
12/22/2018 04:22:43 PM Filtering u and v at plevel 0.7168593139648437
12/22/2018 04:22:52 PM Filtering u and v at plevel 0.6625931396484375
12/22/2018 04:23:00 PM Filtering u and v at plevel 0.6017172241210937
12/22/2018 04:23:08 PM Filtering u and v at plevel 0.533786376953125
12/22/2018 04:23:16 PM Filtering u and v at plevel 0.4583251342773437
12/22/2018 04:23:25 PM Filtering u and v at plevel 0.3780865783691406
12/22/2018 04:23:33 PM Filtering u and v at plevel 0.29894439697265623
12/22/2018 04:23:41 PM Filtering u and v at plevel 0.22474922180175783
12/22/2018 04:23:49 PM Filtering u and v at plevel 0.15738101196289062
12/22/2018 04:23:57 PM Filtering u and v at plevel 0.09912992095947265
12/22/2018 04:24:06 PM Filtering u and v at plevel 0.052340194702148436
12/22/2018 04:24:14 PM Filtering u and v at plevel 0.019088397979736327
12/22/2018 04:24:22 PM Filtering u and v at plevel 0.0036502928733825684
12/22/2018 04:24:27 PM calculated EKE
12/22/2018 04:24:32 PM destination folder created !
12/22/2018 04:24:32 PM ...........Calculate EKE.............7
12/22/2018 04:24:32 PM imported nc file
12/22/2018 04:24:37 PM imported coordinates
12/22/2018 04:24:43 PM calculated pressure from sigma levels
12/22/2018 04:24:59 PM saved v_comp regrid:(90, 24, 1460, 144)
12/22/2018 04:25:18 PM saved u_comp regrid:(90, 24, 1460, 144)
12/22/2018 04:25:22 PM saved z regrid:(90, 24, 1460, 144)
12/22/2018 04:25:22 PM Filtering signal now
12/22/2018 04:25:33 PM Filtering u and v at plevel 0.9961083984375
12/22/2018 04:25:41 PM Filtering u and v at plevel 0.9873693237304687
12/22/2018 04:25:49 PM Filtering u and v at plevel 0.9765033569335938
12/22/2018 04:25:56 PM Filtering u and v at plevel 0.963111328125
12/22/2018 04:26:04 PM Filtering u and v at plevel 0.94679345703125
12/22/2018 04:26:12 PM Filtering u and v at plevel 0.9271495361328125
12/22/2018 04:26:19 PM Filtering u and v at plevel 0.9037782592773438
12/22/2018 04:26:27 PM Filtering u and v at plevel 0.8762772216796875
12/22/2018 04:26:35 PM Filtering u and v at plevel 0.8442423706054687
12/22/2018 04:26:42 PM Filtering u and v at plevel 0.8072677001953125
12/22/2018 04:26:50 PM Filtering u and v at plevel 0.7649443969726563
12/22/2018 04:26:57 PM Filtering u and v at plevel 0.7168593139648437
12/22/2018 04:27:05 PM Filtering u and v at plevel 0.6625931396484375
12/22/2018 04:27:13 PM Filtering u and v at plevel 0.6017172241210937
12/22/2018 04:27:20 PM Filtering u and v at plevel 0.533786376953125
12/22/2018 04:27:28 PM Filtering u and v at plevel 0.4583251342773437
12/22/2018 04:27:36 PM Filtering u and v at plevel 0.3780865783691406
12/22/2018 04:27:44 PM Filtering u and v at plevel 0.29894439697265623
12/22/2018 04:27:51 PM Filtering u and v at plevel 0.22474922180175783
12/22/2018 04:27:59 PM Filtering u and v at plevel 0.15738101196289062
12/22/2018 04:28:06 PM Filtering u and v at plevel 0.09912992095947265
12/22/2018 04:28:14 PM Filtering u and v at plevel 0.052340194702148436
12/22/2018 04:28:22 PM Filtering u and v at plevel 0.019088397979736327
12/22/2018 04:28:29 PM Filtering u and v at plevel 0.0036502928733825684
12/22/2018 04:28:35 PM calculated EKE
12/22/2018 04:28:40 PM destination folder created !
12/22/2018 04:28:40 PM ...........Calculate EKE.............8
12/22/2018 04:28:40 PM imported nc file
12/22/2018 04:28:46 PM imported coordinates
12/22/2018 04:28:51 PM calculated pressure from sigma levels
12/22/2018 04:29:09 PM saved v_comp regrid:(90, 24, 1460, 144)
12/22/2018 04:29:28 PM saved u_comp regrid:(90, 24, 1460, 144)
12/22/2018 04:29:32 PM saved z regrid:(90, 24, 1460, 144)
12/22/2018 04:29:32 PM Filtering signal now
12/22/2018 04:29:44 PM Filtering u and v at plevel 0.9961083984375
12/22/2018 04:29:53 PM Filtering u and v at plevel 0.9873693237304687
12/22/2018 04:30:02 PM Filtering u and v at plevel 0.9765033569335938
12/22/2018 04:30:11 PM Filtering u and v at plevel 0.963111328125
12/22/2018 04:30:20 PM Filtering u and v at plevel 0.94679345703125
12/22/2018 04:30:29 PM Filtering u and v at plevel 0.9271495361328125
12/22/2018 04:30:38 PM Filtering u and v at plevel 0.9037782592773438
12/22/2018 04:30:47 PM Filtering u and v at plevel 0.8762772216796875
12/22/2018 04:30:56 PM Filtering u and v at plevel 0.8442423706054687
12/22/2018 04:31:05 PM Filtering u and v at plevel 0.8072677001953125
12/22/2018 04:31:14 PM Filtering u and v at plevel 0.7649443969726563
12/22/2018 04:31:23 PM Filtering u and v at plevel 0.7168593139648437
12/22/2018 04:31:32 PM Filtering u and v at plevel 0.6625931396484375
12/22/2018 04:31:41 PM Filtering u and v at plevel 0.6017172241210937
12/22/2018 04:31:50 PM Filtering u and v at plevel 0.533786376953125
12/22/2018 04:31:59 PM Filtering u and v at plevel 0.4583251342773437
12/22/2018 04:32:08 PM Filtering u and v at plevel 0.3780865783691406
12/22/2018 04:32:17 PM Filtering u and v at plevel 0.29894439697265623
12/22/2018 04:32:25 PM Filtering u and v at plevel 0.22474922180175783
12/22/2018 04:32:34 PM Filtering u and v at plevel 0.15738101196289062
12/22/2018 04:32:43 PM Filtering u and v at plevel 0.09912992095947265
12/22/2018 04:32:52 PM Filtering u and v at plevel 0.052340194702148436
12/22/2018 04:33:01 PM Filtering u and v at plevel 0.019088397979736327
12/22/2018 04:33:10 PM Filtering u and v at plevel 0.0036502928733825684
12/22/2018 04:33:15 PM calculated EKE
12/22/2018 04:33:20 PM destination folder created !
12/22/2018 04:33:21 PM ...........Calculate EKE.............9
12/22/2018 04:33:21 PM imported nc file
12/22/2018 04:33:26 PM imported coordinates
12/22/2018 04:33:31 PM calculated pressure from sigma levels
12/22/2018 04:33:49 PM saved v_comp regrid:(90, 24, 1460, 144)
12/22/2018 04:34:07 PM saved u_comp regrid:(90, 24, 1460, 144)
12/22/2018 04:34:11 PM saved z regrid:(90, 24, 1460, 144)
12/22/2018 04:34:11 PM Filtering signal now
12/22/2018 04:34:22 PM Filtering u and v at plevel 0.9961083984375
12/22/2018 04:34:30 PM Filtering u and v at plevel 0.9873693237304687
12/22/2018 04:34:38 PM Filtering u and v at plevel 0.9765033569335938
12/22/2018 04:34:46 PM Filtering u and v at plevel 0.963111328125
12/22/2018 04:34:54 PM Filtering u and v at plevel 0.94679345703125
12/22/2018 04:35:02 PM Filtering u and v at plevel 0.9271495361328125
12/22/2018 04:35:10 PM Filtering u and v at plevel 0.9037782592773438
12/22/2018 04:35:18 PM Filtering u and v at plevel 0.8762772216796875
12/22/2018 04:35:25 PM Filtering u and v at plevel 0.8442423706054687
12/22/2018 04:35:33 PM Filtering u and v at plevel 0.8072677001953125
12/22/2018 04:35:41 PM Filtering u and v at plevel 0.7649443969726563
12/22/2018 04:35:49 PM Filtering u and v at plevel 0.7168593139648437
12/22/2018 04:35:57 PM Filtering u and v at plevel 0.6625931396484375
12/22/2018 04:36:05 PM Filtering u and v at plevel 0.6017172241210937
12/22/2018 04:36:13 PM Filtering u and v at plevel 0.533786376953125
12/22/2018 04:36:21 PM Filtering u and v at plevel 0.4583251342773437
12/22/2018 04:36:29 PM Filtering u and v at plevel 0.3780865783691406
12/22/2018 04:36:37 PM Filtering u and v at plevel 0.29894439697265623
12/22/2018 04:36:45 PM Filtering u and v at plevel 0.22474922180175783
12/22/2018 04:36:53 PM Filtering u and v at plevel 0.15738101196289062
12/22/2018 04:37:01 PM Filtering u and v at plevel 0.09912992095947265
12/22/2018 04:37:08 PM Filtering u and v at plevel 0.052340194702148436
12/22/2018 04:37:16 PM Filtering u and v at plevel 0.019088397979736327
12/22/2018 04:37:24 PM Filtering u and v at plevel 0.0036502928733825684
12/22/2018 04:37:29 PM calculated EKE
12/22/2018 04:37:33 PM ** INTERPOLATION ** 
12/24/2018 01:19:05 PM ...........Calculate EKE.............0
12/24/2018 01:19:05 PM imported nc file
12/24/2018 01:19:06 PM imported coordinates
12/24/2018 01:19:11 PM calculated pressure from sigma levels
12/24/2018 01:19:15 PM saved v_comp regrid:(90, 24, 1460, 144)
12/24/2018 01:19:19 PM saved u_comp regrid:(90, 24, 1460, 144)
12/24/2018 01:19:23 PM saved z regrid:(90, 24, 1460, 144)
12/24/2018 01:19:23 PM Filtering signal now
12/24/2018 01:19:34 PM Filtering u and v at plevel 0.9961083984375
12/24/2018 01:19:43 PM Filtering u and v at plevel 0.9873693237304687
12/24/2018 01:19:51 PM Filtering u and v at plevel 0.9765033569335938
12/24/2018 01:19:59 PM Filtering u and v at plevel 0.963111328125
12/24/2018 01:20:07 PM Filtering u and v at plevel 0.94679345703125
12/24/2018 01:20:15 PM Filtering u and v at plevel 0.9271495361328125
12/24/2018 01:20:24 PM Filtering u and v at plevel 0.9037782592773438
12/24/2018 01:20:32 PM Filtering u and v at plevel 0.8762772216796875
12/24/2018 01:20:40 PM Filtering u and v at plevel 0.8442423706054687
12/24/2018 01:20:48 PM Filtering u and v at plevel 0.8072677001953125
12/24/2018 01:20:56 PM Filtering u and v at plevel 0.7649443969726563
12/24/2018 01:21:04 PM Filtering u and v at plevel 0.7168593139648437
12/24/2018 01:21:13 PM Filtering u and v at plevel 0.6625931396484375
12/24/2018 01:21:21 PM Filtering u and v at plevel 0.6017172241210937
12/24/2018 01:21:29 PM Filtering u and v at plevel 0.533786376953125
12/24/2018 01:21:37 PM Filtering u and v at plevel 0.4583251342773437
12/24/2018 01:21:45 PM Filtering u and v at plevel 0.3780865783691406
12/24/2018 01:21:54 PM Filtering u and v at plevel 0.29894439697265623
12/24/2018 01:22:02 PM Filtering u and v at plevel 0.22474922180175783
12/24/2018 01:22:10 PM Filtering u and v at plevel 0.15738101196289062
12/24/2018 01:22:18 PM Filtering u and v at plevel 0.09912992095947265
12/24/2018 01:22:26 PM Filtering u and v at plevel 0.052340194702148436
12/24/2018 01:22:34 PM Filtering u and v at plevel 0.019088397979736327
12/24/2018 01:22:43 PM Filtering u and v at plevel 0.0036502928733825684
12/24/2018 01:22:48 PM calculated EKE
12/24/2018 01:22:53 PM ...........Calculate EKE.............1
12/24/2018 01:22:53 PM imported nc file
12/24/2018 01:22:54 PM imported coordinates
12/24/2018 01:22:59 PM calculated pressure from sigma levels
12/24/2018 01:23:03 PM saved v_comp regrid:(90, 24, 1460, 144)
12/24/2018 01:23:07 PM saved u_comp regrid:(90, 24, 1460, 144)
12/24/2018 01:23:11 PM saved z regrid:(90, 24, 1460, 144)
12/24/2018 01:23:11 PM Filtering signal now
12/24/2018 01:23:22 PM Filtering u and v at plevel 0.9961083984375
12/24/2018 01:23:30 PM Filtering u and v at plevel 0.9873693237304687
12/24/2018 01:23:38 PM Filtering u and v at plevel 0.9765033569335938
12/24/2018 01:23:46 PM Filtering u and v at plevel 0.963111328125
12/24/2018 01:23:54 PM Filtering u and v at plevel 0.94679345703125
12/24/2018 01:24:02 PM Filtering u and v at plevel 0.9271495361328125
12/24/2018 01:24:10 PM Filtering u and v at plevel 0.9037782592773438
12/24/2018 01:24:18 PM Filtering u and v at plevel 0.8762772216796875
12/24/2018 01:24:26 PM Filtering u and v at plevel 0.8442423706054687
12/24/2018 01:24:34 PM Filtering u and v at plevel 0.8072677001953125
12/24/2018 01:24:41 PM Filtering u and v at plevel 0.7649443969726563
12/24/2018 01:24:49 PM Filtering u and v at plevel 0.7168593139648437
12/24/2018 01:24:57 PM Filtering u and v at plevel 0.6625931396484375
12/24/2018 01:25:05 PM Filtering u and v at plevel 0.6017172241210937
12/24/2018 01:25:13 PM Filtering u and v at plevel 0.533786376953125
12/24/2018 01:25:21 PM Filtering u and v at plevel 0.4583251342773437
12/24/2018 01:25:29 PM Filtering u and v at plevel 0.3780865783691406
12/24/2018 01:25:37 PM Filtering u and v at plevel 0.29894439697265623
12/24/2018 01:25:45 PM Filtering u and v at plevel 0.22474922180175783
12/24/2018 01:25:53 PM Filtering u and v at plevel 0.15738101196289062
12/24/2018 01:26:01 PM Filtering u and v at plevel 0.09912992095947265
12/24/2018 01:26:09 PM Filtering u and v at plevel 0.052340194702148436
12/24/2018 01:26:17 PM Filtering u and v at plevel 0.019088397979736327
12/24/2018 01:26:25 PM Filtering u and v at plevel 0.0036502928733825684
12/24/2018 01:26:30 PM calculated EKE
12/24/2018 01:26:35 PM ...........Calculate EKE.............2
12/24/2018 01:26:35 PM imported nc file
12/24/2018 01:26:40 PM imported coordinates
12/24/2018 01:26:45 PM calculated pressure from sigma levels
12/24/2018 01:27:03 PM saved v_comp regrid:(90, 24, 1460, 144)
12/24/2018 01:27:09 PM saved u_comp regrid:(90, 24, 1460, 144)
12/24/2018 01:27:13 PM saved z regrid:(90, 24, 1460, 144)
12/24/2018 01:27:13 PM Filtering signal now
12/24/2018 01:27:24 PM Filtering u and v at plevel 0.9961083984375
12/24/2018 01:27:31 PM Filtering u and v at plevel 0.9873693237304687
12/24/2018 01:27:39 PM Filtering u and v at plevel 0.9765033569335938
12/24/2018 01:27:46 PM Filtering u and v at plevel 0.963111328125
12/24/2018 01:27:54 PM Filtering u and v at plevel 0.94679345703125
12/24/2018 01:28:01 PM Filtering u and v at plevel 0.9271495361328125
12/24/2018 01:28:08 PM Filtering u and v at plevel 0.9037782592773438
12/24/2018 01:28:16 PM Filtering u and v at plevel 0.8762772216796875
12/24/2018 01:28:23 PM Filtering u and v at plevel 0.8442423706054687
12/24/2018 01:28:31 PM Filtering u and v at plevel 0.8072677001953125
12/24/2018 01:28:38 PM Filtering u and v at plevel 0.7649443969726563
12/24/2018 01:28:46 PM Filtering u and v at plevel 0.7168593139648437
12/24/2018 01:28:53 PM Filtering u and v at plevel 0.6625931396484375
12/24/2018 01:29:01 PM Filtering u and v at plevel 0.6017172241210937
12/24/2018 01:29:08 PM Filtering u and v at plevel 0.533786376953125
12/24/2018 01:29:16 PM Filtering u and v at plevel 0.4583251342773437
12/24/2018 01:29:23 PM Filtering u and v at plevel 0.3780865783691406
12/24/2018 01:29:31 PM Filtering u and v at plevel 0.29894439697265623
12/24/2018 01:29:38 PM Filtering u and v at plevel 0.22474922180175783
12/24/2018 01:29:46 PM Filtering u and v at plevel 0.15738101196289062
12/24/2018 01:29:53 PM Filtering u and v at plevel 0.09912992095947265
12/24/2018 01:30:01 PM Filtering u and v at plevel 0.052340194702148436
12/24/2018 01:30:08 PM Filtering u and v at plevel 0.019088397979736327
12/24/2018 01:30:15 PM Filtering u and v at plevel 0.0036502928733825684
12/24/2018 01:30:21 PM calculated EKE
12/24/2018 01:30:27 PM ...........Calculate EKE.............3
12/24/2018 01:30:27 PM imported nc file
12/24/2018 01:30:32 PM imported coordinates
12/24/2018 01:30:37 PM calculated pressure from sigma levels
12/24/2018 01:30:55 PM saved v_comp regrid:(90, 24, 1460, 144)
12/24/2018 01:31:12 PM saved u_comp regrid:(90, 24, 1460, 144)
12/24/2018 01:31:17 PM saved z regrid:(90, 24, 1460, 144)
12/24/2018 01:31:17 PM Filtering signal now
12/24/2018 01:31:28 PM Filtering u and v at plevel 0.9961083984375
12/24/2018 01:31:36 PM Filtering u and v at plevel 0.9873693237304687
12/24/2018 01:31:43 PM Filtering u and v at plevel 0.9765033569335938
12/24/2018 01:31:51 PM Filtering u and v at plevel 0.963111328125
12/24/2018 01:31:59 PM Filtering u and v at plevel 0.94679345703125
12/24/2018 01:32:07 PM Filtering u and v at plevel 0.9271495361328125
12/24/2018 01:32:15 PM Filtering u and v at plevel 0.9037782592773438
12/24/2018 01:32:23 PM Filtering u and v at plevel 0.8762772216796875
12/24/2018 01:32:31 PM Filtering u and v at plevel 0.8442423706054687
12/24/2018 01:32:39 PM Filtering u and v at plevel 0.8072677001953125
12/24/2018 01:32:46 PM Filtering u and v at plevel 0.7649443969726563
12/24/2018 01:32:54 PM Filtering u and v at plevel 0.7168593139648437
12/24/2018 01:33:02 PM Filtering u and v at plevel 0.6625931396484375
12/24/2018 01:33:10 PM Filtering u and v at plevel 0.6017172241210937
12/24/2018 01:33:18 PM Filtering u and v at plevel 0.533786376953125
12/24/2018 01:33:26 PM Filtering u and v at plevel 0.4583251342773437
12/24/2018 01:33:34 PM Filtering u and v at plevel 0.3780865783691406
12/24/2018 01:33:41 PM Filtering u and v at plevel 0.29894439697265623
12/24/2018 01:33:49 PM Filtering u and v at plevel 0.22474922180175783
12/24/2018 01:33:57 PM Filtering u and v at plevel 0.15738101196289062
12/24/2018 01:34:05 PM Filtering u and v at plevel 0.09912992095947265
12/24/2018 01:34:13 PM Filtering u and v at plevel 0.052340194702148436
12/24/2018 01:34:21 PM Filtering u and v at plevel 0.019088397979736327
12/24/2018 01:34:29 PM Filtering u and v at plevel 0.0036502928733825684
12/24/2018 01:34:34 PM calculated EKE
12/24/2018 01:34:40 PM ...........Calculate EKE.............4
12/24/2018 01:34:40 PM imported nc file
12/24/2018 01:34:45 PM imported coordinates
12/24/2018 01:34:51 PM calculated pressure from sigma levels
12/24/2018 01:35:08 PM saved v_comp regrid:(90, 24, 1460, 144)
12/24/2018 01:35:27 PM saved u_comp regrid:(90, 24, 1460, 144)
12/24/2018 01:35:31 PM saved z regrid:(90, 24, 1460, 144)
12/24/2018 01:35:31 PM Filtering signal now
12/24/2018 01:35:42 PM Filtering u and v at plevel 0.9961083984375
12/24/2018 01:35:51 PM Filtering u and v at plevel 0.9873693237304687
12/24/2018 01:35:59 PM Filtering u and v at plevel 0.9765033569335938
12/24/2018 01:36:07 PM Filtering u and v at plevel 0.963111328125
12/24/2018 01:36:15 PM Filtering u and v at plevel 0.94679345703125
12/24/2018 01:36:23 PM Filtering u and v at plevel 0.9271495361328125
12/24/2018 01:36:32 PM Filtering u and v at plevel 0.9037782592773438
12/24/2018 01:36:40 PM Filtering u and v at plevel 0.8762772216796875
12/24/2018 01:36:48 PM Filtering u and v at plevel 0.8442423706054687
12/24/2018 01:36:56 PM Filtering u and v at plevel 0.8072677001953125
12/24/2018 01:37:05 PM Filtering u and v at plevel 0.7649443969726563
12/24/2018 01:37:13 PM Filtering u and v at plevel 0.7168593139648437
12/24/2018 01:37:21 PM Filtering u and v at plevel 0.6625931396484375
12/24/2018 01:37:29 PM Filtering u and v at plevel 0.6017172241210937
12/24/2018 01:37:38 PM Filtering u and v at plevel 0.533786376953125
12/24/2018 01:37:46 PM Filtering u and v at plevel 0.4583251342773437
12/24/2018 01:37:54 PM Filtering u and v at plevel 0.3780865783691406
12/24/2018 01:38:02 PM Filtering u and v at plevel 0.29894439697265623
12/24/2018 01:38:11 PM Filtering u and v at plevel 0.22474922180175783
12/24/2018 01:38:19 PM Filtering u and v at plevel 0.15738101196289062
12/24/2018 01:38:27 PM Filtering u and v at plevel 0.09912992095947265
12/24/2018 01:38:35 PM Filtering u and v at plevel 0.052340194702148436
12/24/2018 01:38:44 PM Filtering u and v at plevel 0.019088397979736327
12/24/2018 01:38:52 PM Filtering u and v at plevel 0.0036502928733825684
12/24/2018 01:38:57 PM calculated EKE
12/24/2018 01:39:03 PM ...........Calculate EKE.............5
12/24/2018 01:39:03 PM imported nc file
12/24/2018 01:39:07 PM imported coordinates
12/24/2018 01:39:13 PM calculated pressure from sigma levels
12/24/2018 01:39:31 PM saved v_comp regrid:(90, 24, 1460, 144)
12/24/2018 01:39:48 PM saved u_comp regrid:(90, 24, 1460, 144)
12/24/2018 01:39:53 PM saved z regrid:(90, 24, 1460, 144)
12/24/2018 01:39:53 PM Filtering signal now
12/24/2018 01:40:05 PM Filtering u and v at plevel 0.9961083984375
12/24/2018 01:40:14 PM Filtering u and v at plevel 0.9873693237304687
12/24/2018 01:40:23 PM Filtering u and v at plevel 0.9765033569335938
12/24/2018 01:40:32 PM Filtering u and v at plevel 0.963111328125
12/24/2018 01:40:41 PM Filtering u and v at plevel 0.94679345703125
12/24/2018 01:40:50 PM Filtering u and v at plevel 0.9271495361328125
12/24/2018 01:40:59 PM Filtering u and v at plevel 0.9037782592773438
12/24/2018 01:41:08 PM Filtering u and v at plevel 0.8762772216796875
12/24/2018 01:41:17 PM Filtering u and v at plevel 0.8442423706054687
12/24/2018 01:41:26 PM Filtering u and v at plevel 0.8072677001953125
12/24/2018 01:41:35 PM Filtering u and v at plevel 0.7649443969726563
12/24/2018 01:41:44 PM Filtering u and v at plevel 0.7168593139648437
12/24/2018 01:41:53 PM Filtering u and v at plevel 0.6625931396484375
12/24/2018 01:42:02 PM Filtering u and v at plevel 0.6017172241210937
12/24/2018 01:42:11 PM Filtering u and v at plevel 0.533786376953125
12/24/2018 01:42:20 PM Filtering u and v at plevel 0.4583251342773437
12/24/2018 01:42:29 PM Filtering u and v at plevel 0.3780865783691406
12/24/2018 01:42:38 PM Filtering u and v at plevel 0.29894439697265623
12/24/2018 01:42:47 PM Filtering u and v at plevel 0.22474922180175783
12/24/2018 01:42:56 PM Filtering u and v at plevel 0.15738101196289062
12/24/2018 01:43:05 PM Filtering u and v at plevel 0.09912992095947265
12/24/2018 01:43:14 PM Filtering u and v at plevel 0.052340194702148436
12/24/2018 01:43:23 PM Filtering u and v at plevel 0.019088397979736327
12/24/2018 01:43:32 PM Filtering u and v at plevel 0.0036502928733825684
12/24/2018 01:43:37 PM calculated EKE
12/24/2018 01:43:42 PM ...........Calculate EKE.............6
12/24/2018 01:43:42 PM imported nc file
12/24/2018 01:43:48 PM imported coordinates
12/24/2018 01:43:53 PM calculated pressure from sigma levels
12/24/2018 01:44:11 PM saved v_comp regrid:(90, 24, 1460, 144)
12/24/2018 01:44:29 PM saved u_comp regrid:(90, 24, 1460, 144)
12/24/2018 01:44:34 PM saved z regrid:(90, 24, 1460, 144)
12/24/2018 01:44:34 PM Filtering signal now
12/24/2018 01:44:44 PM Filtering u and v at plevel 0.9961083984375
12/24/2018 01:44:52 PM Filtering u and v at plevel 0.9873693237304687
12/24/2018 01:44:59 PM Filtering u and v at plevel 0.9765033569335938
12/24/2018 01:45:07 PM Filtering u and v at plevel 0.963111328125
12/24/2018 01:45:14 PM Filtering u and v at plevel 0.94679345703125
12/24/2018 01:45:22 PM Filtering u and v at plevel 0.9271495361328125
12/24/2018 01:45:29 PM Filtering u and v at plevel 0.9037782592773438
12/24/2018 01:45:37 PM Filtering u and v at plevel 0.8762772216796875
12/24/2018 01:45:44 PM Filtering u and v at plevel 0.8442423706054687
12/24/2018 01:45:52 PM Filtering u and v at plevel 0.8072677001953125
12/24/2018 01:45:59 PM Filtering u and v at plevel 0.7649443969726563
12/24/2018 01:46:07 PM Filtering u and v at plevel 0.7168593139648437
12/24/2018 01:46:14 PM Filtering u and v at plevel 0.6625931396484375
12/24/2018 01:46:22 PM Filtering u and v at plevel 0.6017172241210937
12/24/2018 01:46:29 PM Filtering u and v at plevel 0.533786376953125
12/24/2018 01:46:37 PM Filtering u and v at plevel 0.4583251342773437
12/24/2018 01:46:44 PM Filtering u and v at plevel 0.3780865783691406
12/24/2018 01:46:52 PM Filtering u and v at plevel 0.29894439697265623
12/24/2018 01:47:00 PM Filtering u and v at plevel 0.22474922180175783
12/24/2018 01:47:07 PM Filtering u and v at plevel 0.15738101196289062
12/24/2018 01:47:15 PM Filtering u and v at plevel 0.09912992095947265
12/24/2018 01:47:22 PM Filtering u and v at plevel 0.052340194702148436
12/24/2018 01:47:30 PM Filtering u and v at plevel 0.019088397979736327
12/24/2018 01:47:37 PM Filtering u and v at plevel 0.0036502928733825684
12/24/2018 01:47:42 PM calculated EKE
12/24/2018 01:47:48 PM ...........Calculate EKE.............7
12/24/2018 01:47:48 PM imported nc file
12/24/2018 01:47:53 PM imported coordinates
12/24/2018 01:47:58 PM calculated pressure from sigma levels
12/24/2018 01:48:16 PM saved v_comp regrid:(90, 24, 1460, 144)
12/24/2018 01:48:32 PM saved u_comp regrid:(90, 24, 1460, 144)
12/24/2018 01:48:36 PM saved z regrid:(90, 24, 1460, 144)
12/24/2018 01:48:36 PM Filtering signal now
12/24/2018 01:48:47 PM Filtering u and v at plevel 0.9961083984375
12/24/2018 01:48:54 PM Filtering u and v at plevel 0.9873693237304687
12/24/2018 01:49:01 PM Filtering u and v at plevel 0.9765033569335938
12/24/2018 01:49:09 PM Filtering u and v at plevel 0.963111328125
12/24/2018 01:49:16 PM Filtering u and v at plevel 0.94679345703125
12/24/2018 01:49:23 PM Filtering u and v at plevel 0.9271495361328125
12/24/2018 01:49:31 PM Filtering u and v at plevel 0.9037782592773438
12/24/2018 01:49:38 PM Filtering u and v at plevel 0.8762772216796875
12/24/2018 01:49:45 PM Filtering u and v at plevel 0.8442423706054687
12/24/2018 01:49:53 PM Filtering u and v at plevel 0.8072677001953125
12/24/2018 01:50:00 PM Filtering u and v at plevel 0.7649443969726563
12/24/2018 01:50:07 PM Filtering u and v at plevel 0.7168593139648437
12/24/2018 01:50:15 PM Filtering u and v at plevel 0.6625931396484375
12/24/2018 01:50:22 PM Filtering u and v at plevel 0.6017172241210937
12/24/2018 01:50:29 PM Filtering u and v at plevel 0.533786376953125
12/24/2018 01:50:37 PM Filtering u and v at plevel 0.4583251342773437
12/24/2018 01:50:44 PM Filtering u and v at plevel 0.3780865783691406
12/24/2018 01:50:51 PM Filtering u and v at plevel 0.29894439697265623
12/24/2018 01:50:59 PM Filtering u and v at plevel 0.22474922180175783
12/24/2018 01:51:06 PM Filtering u and v at plevel 0.15738101196289062
12/24/2018 01:51:13 PM Filtering u and v at plevel 0.09912992095947265
12/24/2018 01:51:21 PM Filtering u and v at plevel 0.052340194702148436
12/24/2018 01:51:28 PM Filtering u and v at plevel 0.019088397979736327
12/24/2018 01:51:35 PM Filtering u and v at plevel 0.0036502928733825684
12/24/2018 01:51:40 PM calculated EKE
12/24/2018 01:51:47 PM ...........Calculate EKE.............8
12/24/2018 01:51:47 PM imported nc file
12/24/2018 01:51:51 PM imported coordinates
12/24/2018 01:51:57 PM calculated pressure from sigma levels
12/24/2018 01:52:14 PM saved v_comp regrid:(90, 24, 1460, 144)
12/24/2018 01:52:29 PM saved u_comp regrid:(90, 24, 1460, 144)
12/24/2018 01:52:34 PM saved z regrid:(90, 24, 1460, 144)
12/24/2018 01:52:34 PM Filtering signal now
12/24/2018 01:52:44 PM Filtering u and v at plevel 0.9961083984375
12/24/2018 01:52:52 PM Filtering u and v at plevel 0.9873693237304687
12/24/2018 01:53:00 PM Filtering u and v at plevel 0.9765033569335938
12/24/2018 01:53:07 PM Filtering u and v at plevel 0.963111328125
12/24/2018 01:53:15 PM Filtering u and v at plevel 0.94679345703125
12/24/2018 01:53:22 PM Filtering u and v at plevel 0.9271495361328125
12/24/2018 01:53:30 PM Filtering u and v at plevel 0.9037782592773438
12/24/2018 01:53:37 PM Filtering u and v at plevel 0.8762772216796875
12/24/2018 01:53:45 PM Filtering u and v at plevel 0.8442423706054687
12/24/2018 01:53:53 PM Filtering u and v at plevel 0.8072677001953125
12/24/2018 01:54:00 PM Filtering u and v at plevel 0.7649443969726563
12/24/2018 01:54:08 PM Filtering u and v at plevel 0.7168593139648437
12/24/2018 01:54:15 PM Filtering u and v at plevel 0.6625931396484375
12/24/2018 01:54:23 PM Filtering u and v at plevel 0.6017172241210937
12/24/2018 01:54:31 PM Filtering u and v at plevel 0.533786376953125
12/24/2018 01:54:38 PM Filtering u and v at plevel 0.4583251342773437
12/24/2018 01:54:46 PM Filtering u and v at plevel 0.3780865783691406
12/24/2018 01:54:53 PM Filtering u and v at plevel 0.29894439697265623
12/24/2018 01:55:01 PM Filtering u and v at plevel 0.22474922180175783
12/24/2018 01:55:09 PM Filtering u and v at plevel 0.15738101196289062
12/24/2018 01:55:16 PM Filtering u and v at plevel 0.09912992095947265
12/24/2018 01:55:24 PM Filtering u and v at plevel 0.052340194702148436
12/24/2018 01:55:31 PM Filtering u and v at plevel 0.019088397979736327
12/24/2018 01:55:39 PM Filtering u and v at plevel 0.0036502928733825684
12/24/2018 01:55:44 PM calculated EKE
12/24/2018 01:55:49 PM ...........Calculate EKE.............9
12/24/2018 01:55:49 PM imported nc file
12/24/2018 01:55:55 PM imported coordinates
12/24/2018 01:56:00 PM calculated pressure from sigma levels
12/24/2018 01:56:17 PM saved v_comp regrid:(90, 24, 1460, 144)
12/24/2018 01:56:33 PM saved u_comp regrid:(90, 24, 1460, 144)
12/24/2018 01:56:38 PM saved z regrid:(90, 24, 1460, 144)
12/24/2018 01:56:38 PM Filtering signal now
12/24/2018 01:56:48 PM Filtering u and v at plevel 0.9961083984375
12/24/2018 01:56:55 PM Filtering u and v at plevel 0.9873693237304687
12/24/2018 01:57:03 PM Filtering u and v at plevel 0.9765033569335938
12/24/2018 01:57:10 PM Filtering u and v at plevel 0.963111328125
12/24/2018 01:57:17 PM Filtering u and v at plevel 0.94679345703125
12/24/2018 01:57:24 PM Filtering u and v at plevel 0.9271495361328125
12/24/2018 01:57:31 PM Filtering u and v at plevel 0.9037782592773438
12/24/2018 01:57:39 PM Filtering u and v at plevel 0.8762772216796875
12/24/2018 01:57:46 PM Filtering u and v at plevel 0.8442423706054687
12/24/2018 01:57:53 PM Filtering u and v at plevel 0.8072677001953125
12/24/2018 01:58:00 PM Filtering u and v at plevel 0.7649443969726563
12/24/2018 01:58:08 PM Filtering u and v at plevel 0.7168593139648437
12/24/2018 01:58:15 PM Filtering u and v at plevel 0.6625931396484375
12/24/2018 01:58:22 PM Filtering u and v at plevel 0.6017172241210937
12/24/2018 01:58:29 PM Filtering u and v at plevel 0.533786376953125
12/24/2018 01:58:36 PM Filtering u and v at plevel 0.4583251342773437
12/24/2018 01:58:44 PM Filtering u and v at plevel 0.3780865783691406
12/24/2018 01:58:51 PM Filtering u and v at plevel 0.29894439697265623
12/24/2018 01:58:58 PM Filtering u and v at plevel 0.22474922180175783
12/24/2018 01:59:05 PM Filtering u and v at plevel 0.15738101196289062
12/24/2018 01:59:13 PM Filtering u and v at plevel 0.09912992095947265
12/24/2018 01:59:20 PM Filtering u and v at plevel 0.052340194702148436
12/24/2018 01:59:27 PM Filtering u and v at plevel 0.019088397979736327
12/24/2018 01:59:34 PM Filtering u and v at plevel 0.0036502928733825684
12/24/2018 01:59:39 PM calculated EKE
12/24/2018 01:59:43 PM ** INTERPOLATION ** 
