12/27/2018 05:44:54 PM ...........Extract_ncfile_save_fluxes_radiation.py.............0
12/27/2018 05:44:54 PM imported nc file
12/27/2018 05:45:48 PM imported coordinates
12/27/2018 05:45:48 PM imported pressure
12/27/2018 05:47:08 PM saved temp
12/27/2018 05:48:24 PM saved v_comp
12/27/2018 05:49:53 PM saved u_comp
12/27/2018 05:51:19 PM saved Z
12/27/2018 05:52:49 PM saved q
12/27/2018 05:52:54 PM calculated pressure from sigma levels
12/27/2018 05:52:57 PM calculated KE
12/27/2018 05:53:03 PM calculated MSE fluxes
12/27/2018 05:53:06 PM ...........Extract_ncfile_save_fluxes_radiation.py.............1
12/27/2018 05:53:06 PM imported nc file
12/27/2018 05:54:01 PM imported coordinates
12/27/2018 05:54:01 PM imported pressure
12/27/2018 05:55:27 PM saved temp
12/27/2018 05:56:58 PM saved v_comp
12/27/2018 05:58:30 PM saved u_comp
12/27/2018 05:59:56 PM saved Z
12/27/2018 06:01:27 PM saved q
12/27/2018 06:01:32 PM calculated pressure from sigma levels
12/27/2018 06:01:35 PM calculated KE
12/27/2018 06:01:41 PM calculated MSE fluxes
12/27/2018 06:01:44 PM ...........Extract_ncfile_save_fluxes_radiation.py.............2
12/27/2018 06:01:44 PM imported nc file
12/27/2018 06:02:39 PM imported coordinates
12/27/2018 06:02:39 PM imported pressure
12/27/2018 06:03:58 PM saved temp
12/27/2018 06:05:19 PM saved v_comp
12/27/2018 06:06:40 PM saved u_comp
12/27/2018 06:07:46 PM saved Z
12/27/2018 06:08:57 PM saved q
12/27/2018 06:09:02 PM calculated pressure from sigma levels
12/27/2018 06:09:05 PM calculated KE
12/27/2018 06:09:11 PM calculated MSE fluxes
12/27/2018 06:09:14 PM ...........Extract_ncfile_save_fluxes_radiation.py.............3
12/27/2018 06:09:14 PM imported nc file
12/27/2018 06:10:12 PM imported coordinates
12/27/2018 06:10:12 PM imported pressure
12/27/2018 06:11:36 PM saved temp
12/27/2018 06:13:04 PM saved v_comp
12/27/2018 06:14:22 PM saved u_comp
12/27/2018 06:15:00 PM saved Z
12/27/2018 06:16:13 PM saved q
12/27/2018 06:16:18 PM calculated pressure from sigma levels
12/27/2018 06:16:21 PM calculated KE
12/27/2018 06:16:27 PM calculated MSE fluxes
12/27/2018 06:16:30 PM ...........Extract_ncfile_save_fluxes_radiation.py.............4
12/27/2018 06:16:30 PM imported nc file
12/27/2018 06:17:27 PM imported coordinates
12/27/2018 06:17:27 PM imported pressure
12/27/2018 06:18:48 PM saved temp
12/27/2018 06:20:00 PM saved v_comp
12/27/2018 06:20:51 PM saved u_comp
12/27/2018 06:21:31 PM saved Z
12/27/2018 06:22:13 PM saved q
12/27/2018 06:22:18 PM calculated pressure from sigma levels
12/27/2018 06:22:21 PM calculated KE
12/27/2018 06:22:27 PM calculated MSE fluxes
12/27/2018 06:22:30 PM ...........Extract_ncfile_save_fluxes_radiation.py.............5
12/27/2018 06:22:30 PM imported nc file
12/27/2018 06:23:23 PM imported coordinates
12/27/2018 06:23:23 PM imported pressure
12/27/2018 06:24:42 PM saved temp
12/27/2018 06:25:58 PM saved v_comp
12/27/2018 06:27:17 PM saved u_comp
12/27/2018 06:28:32 PM saved Z
12/27/2018 06:29:28 PM saved q
12/27/2018 06:29:33 PM calculated pressure from sigma levels
12/27/2018 06:29:37 PM calculated KE
12/27/2018 06:29:42 PM calculated MSE fluxes
12/27/2018 06:29:45 PM ...........Extract_ncfile_save_fluxes_radiation.py.............6
12/27/2018 06:29:45 PM imported nc file
12/27/2018 06:30:38 PM imported coordinates
12/27/2018 06:30:38 PM imported pressure
12/27/2018 06:32:01 PM saved temp
12/27/2018 06:33:14 PM saved v_comp
12/27/2018 06:34:05 PM saved u_comp
12/27/2018 06:35:16 PM saved Z
12/27/2018 06:36:00 PM saved q
12/27/2018 06:36:05 PM calculated pressure from sigma levels
12/27/2018 06:36:09 PM calculated KE
12/27/2018 06:36:14 PM calculated MSE fluxes
12/27/2018 06:36:17 PM ...........Extract_ncfile_save_fluxes_radiation.py.............7
12/27/2018 06:36:17 PM imported nc file
12/27/2018 06:37:19 PM imported coordinates
12/27/2018 06:37:19 PM imported pressure
12/27/2018 06:38:50 PM saved temp
12/27/2018 06:40:09 PM saved v_comp
12/27/2018 06:41:00 PM saved u_comp
12/27/2018 06:42:09 PM saved Z
12/27/2018 06:43:20 PM saved q
12/27/2018 06:43:26 PM calculated pressure from sigma levels
12/27/2018 06:43:29 PM calculated KE
12/27/2018 06:43:35 PM calculated MSE fluxes
12/27/2018 06:43:38 PM ...........Extract_ncfile_save_fluxes_radiation.py.............8
12/27/2018 06:43:38 PM imported nc file
12/27/2018 06:44:30 PM imported coordinates
12/27/2018 06:44:30 PM imported pressure
12/27/2018 06:45:50 PM saved temp
12/27/2018 06:47:00 PM saved v_comp
12/27/2018 06:47:34 PM saved u_comp
12/27/2018 06:48:25 PM saved Z
12/27/2018 06:49:41 PM saved q
12/27/2018 06:49:46 PM calculated pressure from sigma levels
12/27/2018 06:49:49 PM calculated KE
12/27/2018 06:49:55 PM calculated MSE fluxes
12/27/2018 06:49:58 PM ...........Extract_ncfile_save_fluxes_radiation.py.............9
12/27/2018 06:49:58 PM imported nc file
12/27/2018 06:50:55 PM imported coordinates
12/27/2018 06:50:55 PM imported pressure
12/27/2018 06:52:14 PM saved temp
12/27/2018 06:53:26 PM saved v_comp
12/27/2018 06:54:26 PM saved u_comp
12/27/2018 06:55:36 PM saved Z
12/27/2018 06:56:53 PM saved q
12/27/2018 06:56:58 PM calculated pressure from sigma levels
12/27/2018 06:57:01 PM calculated KE
12/27/2018 06:57:06 PM calculated MSE fluxes
12/27/2018 06:57:09 PM ** INTERPOLATION ** 
12/27/2018 06:57:10 PM ** INTERPOLATION ** 
12/27/2018 10:50:21 PM ...........Extract_ncfile_save_fluxes_radiation.py.............0
12/27/2018 10:50:21 PM imported nc file
12/27/2018 10:51:21 PM imported coordinates
12/27/2018 10:51:21 PM imported pressure
12/27/2018 10:52:45 PM saved temp
12/27/2018 10:54:03 PM saved v_comp
12/27/2018 10:55:00 PM saved u_comp
12/27/2018 10:56:19 PM saved Z
12/27/2018 10:57:38 PM saved q
12/27/2018 10:57:42 PM calculated pressure from sigma levels
12/27/2018 10:57:46 PM calculated KE
12/27/2018 10:57:51 PM calculated MSE fluxes
12/27/2018 10:58:02 PM saved raw data
12/27/2018 10:58:04 PM vertical integartion : MSE fluxes
12/27/2018 10:58:08 PM vertical integration : sensible fluxes
12/27/2018 10:58:11 PM vertical integration : latent fluxes
12/27/2018 10:58:14 PM vertical integration : nc potential fluxes
12/27/2018 10:58:18 PM vertical integration : kinetic energy fluxes
12/27/2018 10:58:21 PM vertical integration : Enthalpy 
12/27/2018 11:00:06 PM saved radiation
12/27/2018 11:00:26 PM precipitation
12/27/2018 11:00:26 PM radiation-- I think its right now !
12/27/2018 11:00:27 PM calculated dh_by_dt
12/27/2018 11:00:27 PM loaded coordinates dictionary
12/27/2018 11:00:27 PM loaded MSE_flux dictionary
12/27/2018 11:00:27 PM loaded rad_dic dictionary
12/27/2018 11:00:28 PM successfully saved dictionaries in files
12/27/2018 11:00:28 PM Begins calculating TE, SE and MM fluxes ....
12/27/2018 11:00:30 PM calculated dh_by_dt dictionary
12/27/2018 11:02:43 PM loaded zonal decomposed fluxes dictionary
12/27/2018 11:02:43 PM loaded zonal decomposed fluxes without vertical avg dictionary
12/27/2018 11:02:43 PM loaded zonal radiation dictionary
12/27/2018 11:03:19 PM loaded MMC_thermo_dynamic dictionary
12/27/2018 11:03:20 PM loaded MMC_thermo_dynamic_vert dictionary
12/27/2018 11:03:25 PM ...........Extract_ncfile_save_fluxes_radiation.py.............1
12/27/2018 11:03:25 PM imported nc file
12/27/2018 11:04:24 PM imported coordinates
12/27/2018 11:04:24 PM imported pressure
12/27/2018 11:05:47 PM saved temp
12/27/2018 11:07:06 PM saved v_comp
12/27/2018 11:07:57 PM saved u_comp
12/27/2018 11:09:13 PM saved Z
12/27/2018 11:10:30 PM saved q
12/27/2018 11:10:34 PM calculated pressure from sigma levels
12/27/2018 11:10:37 PM calculated KE
12/27/2018 11:10:43 PM calculated MSE fluxes
12/27/2018 11:10:54 PM saved raw data
12/27/2018 11:10:56 PM vertical integartion : MSE fluxes
12/27/2018 11:10:59 PM vertical integration : sensible fluxes
12/27/2018 11:11:03 PM vertical integration : latent fluxes
12/27/2018 11:11:06 PM vertical integration : nc potential fluxes
12/27/2018 11:11:09 PM vertical integration : kinetic energy fluxes
12/27/2018 11:11:13 PM vertical integration : Enthalpy 
12/27/2018 11:12:19 PM saved radiation
12/27/2018 11:12:37 PM precipitation
12/27/2018 11:12:37 PM radiation-- I think its right now !
12/27/2018 11:12:38 PM calculated dh_by_dt
12/27/2018 11:12:38 PM loaded coordinates dictionary
12/27/2018 11:12:38 PM loaded MSE_flux dictionary
12/27/2018 11:12:38 PM loaded rad_dic dictionary
12/27/2018 11:12:39 PM successfully saved dictionaries in files
12/27/2018 11:12:39 PM Begins calculating TE, SE and MM fluxes ....
12/27/2018 11:12:40 PM calculated dh_by_dt dictionary
12/27/2018 11:14:48 PM loaded zonal decomposed fluxes dictionary
12/27/2018 11:14:48 PM loaded zonal decomposed fluxes without vertical avg dictionary
12/27/2018 11:14:48 PM loaded zonal radiation dictionary
12/27/2018 11:15:21 PM loaded MMC_thermo_dynamic dictionary
12/27/2018 11:15:21 PM loaded MMC_thermo_dynamic_vert dictionary
12/27/2018 11:15:26 PM ...........Extract_ncfile_save_fluxes_radiation.py.............2
12/27/2018 11:15:26 PM imported nc file
12/27/2018 11:16:31 PM imported coordinates
12/27/2018 11:16:31 PM imported pressure
12/27/2018 11:18:02 PM saved temp
12/27/2018 11:19:27 PM saved v_comp
12/27/2018 11:20:25 PM saved u_comp
12/27/2018 11:21:59 PM saved Z
12/27/2018 11:23:36 PM saved q
12/27/2018 11:23:41 PM calculated pressure from sigma levels
12/27/2018 11:23:44 PM calculated KE
12/27/2018 11:23:50 PM calculated MSE fluxes
12/27/2018 11:24:01 PM saved raw data
12/27/2018 11:24:03 PM vertical integartion : MSE fluxes
12/27/2018 11:24:06 PM vertical integration : sensible fluxes
12/27/2018 11:24:10 PM vertical integration : latent fluxes
12/27/2018 11:24:13 PM vertical integration : nc potential fluxes
12/27/2018 11:24:16 PM vertical integration : kinetic energy fluxes
12/27/2018 11:24:20 PM vertical integration : Enthalpy 
12/27/2018 11:25:45 PM saved radiation
12/27/2018 11:26:03 PM precipitation
12/27/2018 11:26:03 PM radiation-- I think its right now !
12/27/2018 11:26:05 PM calculated dh_by_dt
12/27/2018 11:26:05 PM loaded coordinates dictionary
12/27/2018 11:26:05 PM loaded MSE_flux dictionary
12/27/2018 11:26:05 PM loaded rad_dic dictionary
12/27/2018 11:26:05 PM successfully saved dictionaries in files
12/27/2018 11:26:05 PM Begins calculating TE, SE and MM fluxes ....
12/27/2018 11:26:06 PM calculated dh_by_dt dictionary
12/27/2018 11:28:18 PM loaded zonal decomposed fluxes dictionary
12/27/2018 11:28:19 PM loaded zonal decomposed fluxes without vertical avg dictionary
12/27/2018 11:28:19 PM loaded zonal radiation dictionary
12/27/2018 11:28:53 PM loaded MMC_thermo_dynamic dictionary
12/27/2018 11:28:54 PM loaded MMC_thermo_dynamic_vert dictionary
12/27/2018 11:28:58 PM ...........Extract_ncfile_save_fluxes_radiation.py.............3
12/27/2018 11:28:58 PM imported nc file
12/27/2018 11:29:51 PM imported coordinates
12/27/2018 11:29:51 PM imported pressure
12/27/2018 11:31:14 PM saved temp
12/27/2018 11:32:30 PM saved v_comp
12/27/2018 11:33:14 PM saved u_comp
12/27/2018 11:33:55 PM saved Z
12/27/2018 11:35:10 PM saved q
12/27/2018 11:35:14 PM calculated pressure from sigma levels
12/27/2018 11:35:17 PM calculated KE
12/27/2018 11:35:23 PM calculated MSE fluxes
12/27/2018 11:35:33 PM saved raw data
12/27/2018 11:35:36 PM vertical integartion : MSE fluxes
12/27/2018 11:35:39 PM vertical integration : sensible fluxes
12/27/2018 11:35:43 PM vertical integration : latent fluxes
12/27/2018 11:35:46 PM vertical integration : nc potential fluxes
12/27/2018 11:35:49 PM vertical integration : kinetic energy fluxes
12/27/2018 11:35:53 PM vertical integration : Enthalpy 
12/27/2018 11:37:01 PM saved radiation
12/27/2018 11:37:18 PM precipitation
12/27/2018 11:37:18 PM radiation-- I think its right now !
12/27/2018 11:37:19 PM calculated dh_by_dt
12/27/2018 11:37:19 PM loaded coordinates dictionary
12/27/2018 11:37:19 PM loaded MSE_flux dictionary
12/27/2018 11:37:19 PM loaded rad_dic dictionary
12/27/2018 11:37:20 PM successfully saved dictionaries in files
12/27/2018 11:37:20 PM Begins calculating TE, SE and MM fluxes ....
12/27/2018 11:37:21 PM calculated dh_by_dt dictionary
12/27/2018 11:39:29 PM loaded zonal decomposed fluxes dictionary
12/27/2018 11:39:30 PM loaded zonal decomposed fluxes without vertical avg dictionary
12/27/2018 11:39:30 PM loaded zonal radiation dictionary
12/27/2018 11:40:04 PM loaded MMC_thermo_dynamic dictionary
12/27/2018 11:40:04 PM loaded MMC_thermo_dynamic_vert dictionary
12/27/2018 11:40:09 PM ...........Extract_ncfile_save_fluxes_radiation.py.............4
12/27/2018 11:40:09 PM imported nc file
12/27/2018 11:41:05 PM imported coordinates
12/27/2018 11:41:05 PM imported pressure
12/27/2018 11:42:28 PM saved temp
12/27/2018 11:43:40 PM saved v_comp
12/27/2018 11:43:57 PM saved u_comp
12/27/2018 11:44:33 PM saved Z
12/27/2018 11:45:16 PM saved q
12/27/2018 11:45:20 PM calculated pressure from sigma levels
12/27/2018 11:45:23 PM calculated KE
12/27/2018 11:45:29 PM calculated MSE fluxes
12/27/2018 11:45:39 PM saved raw data
12/27/2018 11:45:42 PM vertical integartion : MSE fluxes
12/27/2018 11:45:45 PM vertical integration : sensible fluxes
12/27/2018 11:45:49 PM vertical integration : latent fluxes
12/27/2018 11:45:52 PM vertical integration : nc potential fluxes
12/27/2018 11:45:55 PM vertical integration : kinetic energy fluxes
12/27/2018 11:45:59 PM vertical integration : Enthalpy 
12/27/2018 11:46:43 PM saved radiation
12/27/2018 11:46:46 PM precipitation
12/27/2018 11:46:46 PM radiation-- I think its right now !
12/27/2018 11:46:47 PM calculated dh_by_dt
12/27/2018 11:46:47 PM loaded coordinates dictionary
12/27/2018 11:46:47 PM loaded MSE_flux dictionary
12/27/2018 11:46:47 PM loaded rad_dic dictionary
12/27/2018 11:46:48 PM successfully saved dictionaries in files
12/27/2018 11:46:48 PM Begins calculating TE, SE and MM fluxes ....
12/27/2018 11:46:49 PM calculated dh_by_dt dictionary
12/27/2018 11:48:56 PM loaded zonal decomposed fluxes dictionary
12/27/2018 11:48:57 PM loaded zonal decomposed fluxes without vertical avg dictionary
12/27/2018 11:48:57 PM loaded zonal radiation dictionary
12/27/2018 11:49:31 PM loaded MMC_thermo_dynamic dictionary
12/27/2018 11:49:32 PM loaded MMC_thermo_dynamic_vert dictionary
12/27/2018 11:49:36 PM ...........Extract_ncfile_save_fluxes_radiation.py.............5
12/27/2018 11:49:36 PM imported nc file
12/27/2018 11:50:37 PM imported coordinates
12/27/2018 11:50:37 PM imported pressure
12/27/2018 11:51:59 PM saved temp
12/27/2018 11:53:11 PM saved v_comp
12/27/2018 11:53:28 PM saved u_comp
12/27/2018 11:54:03 PM saved Z
12/27/2018 11:54:42 PM saved q
12/27/2018 11:54:46 PM calculated pressure from sigma levels
12/27/2018 11:54:49 PM calculated KE
12/27/2018 11:54:55 PM calculated MSE fluxes
12/27/2018 11:55:05 PM saved raw data
12/27/2018 11:55:08 PM vertical integartion : MSE fluxes
12/27/2018 11:55:11 PM vertical integration : sensible fluxes
12/27/2018 11:55:15 PM vertical integration : latent fluxes
12/27/2018 11:55:18 PM vertical integration : nc potential fluxes
12/27/2018 11:55:21 PM vertical integration : kinetic energy fluxes
12/27/2018 11:55:25 PM vertical integration : Enthalpy 
12/27/2018 11:56:09 PM saved radiation
12/27/2018 11:56:12 PM precipitation
12/27/2018 11:56:12 PM radiation-- I think its right now !
12/27/2018 11:56:14 PM calculated dh_by_dt
12/27/2018 11:56:14 PM loaded coordinates dictionary
12/27/2018 11:56:14 PM loaded MSE_flux dictionary
12/27/2018 11:56:14 PM loaded rad_dic dictionary
12/27/2018 11:56:14 PM successfully saved dictionaries in files
12/27/2018 11:56:14 PM Begins calculating TE, SE and MM fluxes ....
12/27/2018 11:56:15 PM calculated dh_by_dt dictionary
12/27/2018 11:58:25 PM loaded zonal decomposed fluxes dictionary
12/27/2018 11:58:25 PM loaded zonal decomposed fluxes without vertical avg dictionary
12/27/2018 11:58:26 PM loaded zonal radiation dictionary
12/27/2018 11:58:59 PM loaded MMC_thermo_dynamic dictionary
12/27/2018 11:58:59 PM loaded MMC_thermo_dynamic_vert dictionary
12/27/2018 11:59:03 PM ...........Extract_ncfile_save_fluxes_radiation.py.............6
12/27/2018 11:59:03 PM imported nc file
12/28/2018 12:00:05 AM imported coordinates
12/28/2018 12:00:05 AM imported pressure
12/28/2018 12:01:24 AM saved temp
12/28/2018 12:02:33 AM saved v_comp
12/28/2018 12:02:49 AM saved u_comp
12/28/2018 12:03:26 AM saved Z
12/28/2018 12:03:42 AM saved q
12/28/2018 12:03:46 AM calculated pressure from sigma levels
12/28/2018 12:03:49 AM calculated KE
12/28/2018 12:03:55 AM calculated MSE fluxes
12/28/2018 12:04:05 AM saved raw data
12/28/2018 12:04:08 AM vertical integartion : MSE fluxes
12/28/2018 12:04:11 AM vertical integration : sensible fluxes
12/28/2018 12:04:14 AM vertical integration : latent fluxes
12/28/2018 12:04:18 AM vertical integration : nc potential fluxes
12/28/2018 12:04:21 AM vertical integration : kinetic energy fluxes
12/28/2018 12:04:24 AM vertical integration : Enthalpy 
12/28/2018 12:04:50 AM saved radiation
12/28/2018 12:04:53 AM precipitation
12/28/2018 12:04:53 AM radiation-- I think its right now !
12/28/2018 12:04:55 AM calculated dh_by_dt
12/28/2018 12:04:55 AM loaded coordinates dictionary
12/28/2018 12:04:55 AM loaded MSE_flux dictionary
12/28/2018 12:04:55 AM loaded rad_dic dictionary
12/28/2018 12:04:55 AM successfully saved dictionaries in files
12/28/2018 12:04:55 AM Begins calculating TE, SE and MM fluxes ....
12/28/2018 12:04:56 AM calculated dh_by_dt dictionary
12/28/2018 12:07:05 AM loaded zonal decomposed fluxes dictionary
12/28/2018 12:07:05 AM loaded zonal decomposed fluxes without vertical avg dictionary
12/28/2018 12:07:06 AM loaded zonal radiation dictionary
12/28/2018 12:07:39 AM loaded MMC_thermo_dynamic dictionary
12/28/2018 12:07:39 AM loaded MMC_thermo_dynamic_vert dictionary
12/28/2018 12:07:43 AM ...........Extract_ncfile_save_fluxes_radiation.py.............7
12/28/2018 12:07:43 AM imported nc file
12/28/2018 12:08:37 AM imported coordinates
12/28/2018 12:08:37 AM imported pressure
12/28/2018 12:09:54 AM saved temp
12/28/2018 12:11:05 AM saved v_comp
12/28/2018 12:11:21 AM saved u_comp
12/28/2018 12:11:57 AM saved Z
12/28/2018 12:12:13 AM saved q
12/28/2018 12:12:18 AM calculated pressure from sigma levels
12/28/2018 12:12:21 AM calculated KE
12/28/2018 12:12:27 AM calculated MSE fluxes
12/28/2018 12:12:37 AM saved raw data
12/28/2018 12:12:40 AM vertical integartion : MSE fluxes
12/28/2018 12:12:43 AM vertical integration : sensible fluxes
12/28/2018 12:12:46 AM vertical integration : latent fluxes
12/28/2018 12:12:50 AM vertical integration : nc potential fluxes
12/28/2018 12:12:53 AM vertical integration : kinetic energy fluxes
12/28/2018 12:12:56 AM vertical integration : Enthalpy 
12/28/2018 12:13:23 AM saved radiation
12/28/2018 12:13:26 AM precipitation
12/28/2018 12:13:26 AM radiation-- I think its right now !
12/28/2018 12:13:27 AM calculated dh_by_dt
12/28/2018 12:13:27 AM loaded coordinates dictionary
12/28/2018 12:13:27 AM loaded MSE_flux dictionary
12/28/2018 12:13:27 AM loaded rad_dic dictionary
12/28/2018 12:13:28 AM successfully saved dictionaries in files
12/28/2018 12:13:28 AM Begins calculating TE, SE and MM fluxes ....
12/28/2018 12:13:29 AM calculated dh_by_dt dictionary
12/28/2018 12:15:42 AM loaded zonal decomposed fluxes dictionary
12/28/2018 12:15:42 AM loaded zonal decomposed fluxes without vertical avg dictionary
12/28/2018 12:15:43 AM loaded zonal radiation dictionary
12/28/2018 12:16:18 AM loaded MMC_thermo_dynamic dictionary
12/28/2018 12:16:18 AM loaded MMC_thermo_dynamic_vert dictionary
12/28/2018 12:16:22 AM ...........Extract_ncfile_save_fluxes_radiation.py.............8
12/28/2018 12:16:22 AM imported nc file
12/28/2018 12:17:18 AM imported coordinates
12/28/2018 12:17:18 AM imported pressure
12/28/2018 12:18:34 AM saved temp
12/28/2018 12:19:43 AM saved v_comp
12/28/2018 12:20:00 AM saved u_comp
12/28/2018 12:20:37 AM saved Z
12/28/2018 12:20:53 AM saved q
12/28/2018 12:20:57 AM calculated pressure from sigma levels
12/28/2018 12:21:00 AM calculated KE
12/28/2018 12:21:06 AM calculated MSE fluxes
12/28/2018 12:21:17 AM saved raw data
12/28/2018 12:21:19 AM vertical integartion : MSE fluxes
12/28/2018 12:21:22 AM vertical integration : sensible fluxes
12/28/2018 12:21:26 AM vertical integration : latent fluxes
12/28/2018 12:21:29 AM vertical integration : nc potential fluxes
12/28/2018 12:21:32 AM vertical integration : kinetic energy fluxes
12/28/2018 12:21:36 AM vertical integration : Enthalpy 
12/28/2018 12:22:03 AM saved radiation
12/28/2018 12:22:06 AM precipitation
12/28/2018 12:22:06 AM radiation-- I think its right now !
12/28/2018 12:22:07 AM calculated dh_by_dt
12/28/2018 12:22:07 AM loaded coordinates dictionary
12/28/2018 12:22:07 AM loaded MSE_flux dictionary
12/28/2018 12:22:07 AM loaded rad_dic dictionary
12/28/2018 12:22:08 AM successfully saved dictionaries in files
12/28/2018 12:22:08 AM Begins calculating TE, SE and MM fluxes ....
12/28/2018 12:22:09 AM calculated dh_by_dt dictionary
12/28/2018 12:24:17 AM loaded zonal decomposed fluxes dictionary
12/28/2018 12:24:17 AM loaded zonal decomposed fluxes without vertical avg dictionary
12/28/2018 12:24:17 AM loaded zonal radiation dictionary
12/28/2018 12:24:50 AM loaded MMC_thermo_dynamic dictionary
12/28/2018 12:24:50 AM loaded MMC_thermo_dynamic_vert dictionary
12/28/2018 12:24:54 AM ...........Extract_ncfile_save_fluxes_radiation.py.............9
12/28/2018 12:24:54 AM imported nc file
12/28/2018 12:25:47 AM imported coordinates
12/28/2018 12:25:47 AM imported pressure
12/28/2018 12:27:04 AM saved temp
12/28/2018 12:28:14 AM saved v_comp
12/28/2018 12:28:31 AM saved u_comp
12/28/2018 12:29:06 AM saved Z
12/28/2018 12:29:23 AM saved q
12/28/2018 12:29:27 AM calculated pressure from sigma levels
12/28/2018 12:29:30 AM calculated KE
12/28/2018 12:29:36 AM calculated MSE fluxes
12/28/2018 12:29:46 AM saved raw data
12/28/2018 12:29:49 AM vertical integartion : MSE fluxes
12/28/2018 12:29:52 AM vertical integration : sensible fluxes
12/28/2018 12:29:55 AM vertical integration : latent fluxes
12/28/2018 12:29:59 AM vertical integration : nc potential fluxes
12/28/2018 12:30:02 AM vertical integration : kinetic energy fluxes
12/28/2018 12:30:05 AM vertical integration : Enthalpy 
12/28/2018 12:30:32 AM saved radiation
12/28/2018 12:30:35 AM precipitation
12/28/2018 12:30:35 AM radiation-- I think its right now !
12/28/2018 12:30:37 AM calculated dh_by_dt
12/28/2018 12:30:37 AM loaded coordinates dictionary
12/28/2018 12:30:37 AM loaded MSE_flux dictionary
12/28/2018 12:30:37 AM loaded rad_dic dictionary
12/28/2018 12:30:37 AM successfully saved dictionaries in files
12/28/2018 12:30:37 AM Begins calculating TE, SE and MM fluxes ....
12/28/2018 12:30:39 AM calculated dh_by_dt dictionary
12/28/2018 12:32:46 AM loaded zonal decomposed fluxes dictionary
12/28/2018 12:32:46 AM loaded zonal decomposed fluxes without vertical avg dictionary
12/28/2018 12:32:47 AM loaded zonal radiation dictionary
12/28/2018 12:33:20 AM loaded MMC_thermo_dynamic dictionary
12/28/2018 12:33:20 AM loaded MMC_thermo_dynamic_vert dictionary
12/28/2018 12:33:22 AM ** INTERPOLATION ** 
12/28/2018 12:33:25 AM ----0----
12/28/2018 12:33:25 AM ----1----
12/28/2018 12:33:25 AM ----2----
12/28/2018 12:33:25 AM ----3----
12/28/2018 12:33:26 AM ----4----
12/28/2018 12:33:26 AM ----5----
12/28/2018 12:33:26 AM ----6----
12/28/2018 12:33:26 AM ----7----
12/28/2018 12:33:26 AM ----8----
12/28/2018 12:33:26 AM ----9----
12/28/2018 12:33:27 AM Calculated interpolation
12/28/2018 12:33:27 AM Calculated divergence
12/28/2018 12:33:27 AM Saved raw data interp dictionary
12/28/2018 12:33:27 AM Saved flux interp dictionary
12/28/2018 12:33:27 AM Saved flux divergence interp
12/28/2018 12:33:27 AM Saved flux vert dictionary
12/28/2018 12:33:28 AM Saved flux divergence vert interp
12/28/2018 12:33:28 AM Looks great !!
12/28/2018 12:33:28 AM ** INTERPOLATION ** 
12/28/2018 12:33:30 AM ----0----
12/28/2018 12:33:30 AM ----1----
12/28/2018 12:33:30 AM ----2----
12/28/2018 12:33:30 AM ----3----
12/28/2018 12:33:30 AM ----4----
12/28/2018 12:33:30 AM ----5----
12/28/2018 12:33:30 AM ----6----
12/28/2018 12:33:30 AM ----7----
12/28/2018 12:33:30 AM ----8----
12/28/2018 12:33:30 AM ----9----
12/28/2018 12:33:31 AM Calculated interpolation
12/28/2018 12:33:31 AM Saved decompose mmc dictionary
12/28/2018 12:33:31 AM Saved decompose mmc dictionary
12/28/2018 12:33:31 AM Looks great !!
