12/03/2018 10:57:58 PM ...........Extract_ncfile_save_fluxes_radiation.py.............0
12/03/2018 10:57:58 PM imported nc file
12/03/2018 10:58:04 PM imported coordinates
12/03/2018 10:58:04 PM imported pressure
12/03/2018 10:58:25 PM saved temp
12/03/2018 10:58:45 PM saved v_comp
12/03/2018 10:58:50 PM saved u_comp
12/03/2018 10:58:56 PM saved Z
12/03/2018 10:59:15 PM saved q
12/03/2018 10:59:20 PM calculated pressure from sigma levels
12/03/2018 10:59:24 PM calculated KE
12/03/2018 10:59:29 PM calculated MSE fluxes
12/03/2018 10:59:40 PM saved raw data
12/03/2018 10:59:43 PM vertical integartion : MSE fluxes
12/03/2018 10:59:48 PM vertical integration : sensible fluxes
12/03/2018 10:59:53 PM vertical integration : latent fluxes
12/03/2018 10:59:57 PM vertical integration : nc potential fluxes
12/03/2018 11:00:02 PM vertical integration : kinetic energy fluxes
12/03/2018 11:00:07 PM vertical integration : Enthalpy 
12/03/2018 11:00:17 PM saved radiation
12/03/2018 11:00:18 PM precipitation
12/03/2018 11:00:18 PM radiation-- I think its right now !
12/03/2018 11:00:19 PM calculated dh_by_dt
12/03/2018 11:00:19 PM loaded coordinates dictionary
12/03/2018 11:00:19 PM loaded MSE_flux dictionary
12/03/2018 11:00:19 PM loaded rad_dic dictionary
12/03/2018 11:00:20 PM successfully saved dictionaries in files
12/03/2018 11:00:20 PM Begins calculating TE, SE and MM fluxes ....
12/03/2018 11:00:22 PM calculated dh_by_dt dictionary
12/03/2018 11:02:25 PM loaded zonal decomposed fluxes dictionary
12/03/2018 11:02:25 PM loaded zonal decomposed fluxes without vertical avg dictionary
12/03/2018 11:02:25 PM loaded zonal radiation dictionary
12/03/2018 11:03:01 PM loaded MMC_thermo_dynamic dictionary
12/03/2018 11:03:01 PM loaded MMC_thermo_dynamic_vert dictionary
12/03/2018 11:03:07 PM ...........Extract_ncfile_save_fluxes_radiation.py.............1
12/03/2018 11:03:07 PM imported nc file
12/03/2018 11:03:14 PM imported coordinates
12/03/2018 11:03:14 PM imported pressure
12/03/2018 11:03:36 PM saved temp
12/03/2018 11:03:57 PM saved v_comp
12/03/2018 11:04:02 PM saved u_comp
12/03/2018 11:04:07 PM saved Z
12/03/2018 11:04:27 PM saved q
12/03/2018 11:04:32 PM calculated pressure from sigma levels
12/03/2018 11:04:35 PM calculated KE
12/03/2018 11:04:41 PM calculated MSE fluxes
12/03/2018 11:04:51 PM saved raw data
12/03/2018 11:04:55 PM vertical integartion : MSE fluxes
12/03/2018 11:04:59 PM vertical integration : sensible fluxes
12/03/2018 11:05:04 PM vertical integration : latent fluxes
12/03/2018 11:05:09 PM vertical integration : nc potential fluxes
12/03/2018 11:05:13 PM vertical integration : kinetic energy fluxes
12/03/2018 11:05:18 PM vertical integration : Enthalpy 
12/03/2018 11:05:36 PM saved radiation
12/03/2018 11:05:39 PM precipitation
12/03/2018 11:05:39 PM radiation-- I think its right now !
12/03/2018 11:05:40 PM calculated dh_by_dt
12/03/2018 11:05:40 PM loaded coordinates dictionary
12/03/2018 11:05:40 PM loaded MSE_flux dictionary
12/03/2018 11:05:40 PM loaded rad_dic dictionary
12/03/2018 11:05:42 PM successfully saved dictionaries in files
12/03/2018 11:05:42 PM Begins calculating TE, SE and MM fluxes ....
12/03/2018 11:05:43 PM calculated dh_by_dt dictionary
12/03/2018 11:07:45 PM loaded zonal decomposed fluxes dictionary
12/03/2018 11:07:45 PM loaded zonal decomposed fluxes without vertical avg dictionary
12/03/2018 11:07:45 PM loaded zonal radiation dictionary
12/03/2018 11:08:21 PM loaded MMC_thermo_dynamic dictionary
12/03/2018 11:08:21 PM loaded MMC_thermo_dynamic_vert dictionary
12/03/2018 11:08:26 PM ...........Extract_ncfile_save_fluxes_radiation.py.............2
12/03/2018 11:08:26 PM imported nc file
12/03/2018 11:08:34 PM imported coordinates
12/03/2018 11:08:34 PM imported pressure
12/03/2018 11:08:55 PM saved temp
12/03/2018 11:09:14 PM saved v_comp
12/03/2018 11:09:19 PM saved u_comp
12/03/2018 11:09:24 PM saved Z
12/03/2018 11:09:42 PM saved q
12/03/2018 11:09:47 PM calculated pressure from sigma levels
12/03/2018 11:09:51 PM calculated KE
12/03/2018 11:09:56 PM calculated MSE fluxes
12/03/2018 11:10:07 PM saved raw data
12/03/2018 11:10:10 PM vertical integartion : MSE fluxes
12/03/2018 11:10:15 PM vertical integration : sensible fluxes
12/03/2018 11:10:20 PM vertical integration : latent fluxes
12/03/2018 11:10:24 PM vertical integration : nc potential fluxes
12/03/2018 11:10:29 PM vertical integration : kinetic energy fluxes
12/03/2018 11:10:34 PM vertical integration : Enthalpy 
12/03/2018 11:10:43 PM saved radiation
12/03/2018 11:10:43 PM precipitation
12/03/2018 11:10:43 PM radiation-- I think its right now !
12/03/2018 11:10:44 PM calculated dh_by_dt
12/03/2018 11:10:44 PM loaded coordinates dictionary
12/03/2018 11:10:44 PM loaded MSE_flux dictionary
12/03/2018 11:10:44 PM loaded rad_dic dictionary
12/03/2018 11:10:46 PM successfully saved dictionaries in files
12/03/2018 11:10:46 PM Begins calculating TE, SE and MM fluxes ....
12/03/2018 11:10:48 PM calculated dh_by_dt dictionary
12/03/2018 11:12:58 PM loaded zonal decomposed fluxes dictionary
12/03/2018 11:12:58 PM loaded zonal decomposed fluxes without vertical avg dictionary
12/03/2018 11:12:58 PM loaded zonal radiation dictionary
12/03/2018 11:13:38 PM loaded MMC_thermo_dynamic dictionary
12/03/2018 11:13:38 PM loaded MMC_thermo_dynamic_vert dictionary
12/03/2018 11:13:43 PM ...........Extract_ncfile_save_fluxes_radiation.py.............3
12/03/2018 11:13:43 PM imported nc file
12/03/2018 11:13:49 PM imported coordinates
12/03/2018 11:13:49 PM imported pressure
12/03/2018 11:14:14 PM saved temp
12/03/2018 11:14:35 PM saved v_comp
12/03/2018 11:14:39 PM saved u_comp
12/03/2018 11:14:44 PM saved Z
12/03/2018 11:15:07 PM saved q
12/03/2018 11:15:12 PM calculated pressure from sigma levels
12/03/2018 11:15:15 PM calculated KE
12/03/2018 11:15:21 PM calculated MSE fluxes
12/03/2018 11:15:32 PM saved raw data
12/03/2018 11:15:35 PM vertical integartion : MSE fluxes
12/03/2018 11:15:40 PM vertical integration : sensible fluxes
12/03/2018 11:15:45 PM vertical integration : latent fluxes
12/03/2018 11:15:50 PM vertical integration : nc potential fluxes
12/03/2018 11:15:54 PM vertical integration : kinetic energy fluxes
12/03/2018 11:15:59 PM vertical integration : Enthalpy 
12/03/2018 11:16:23 PM saved radiation
12/03/2018 11:16:27 PM precipitation
12/03/2018 11:16:27 PM radiation-- I think its right now !
12/03/2018 11:16:28 PM calculated dh_by_dt
12/03/2018 11:16:28 PM loaded coordinates dictionary
12/03/2018 11:16:28 PM loaded MSE_flux dictionary
12/03/2018 11:16:28 PM loaded rad_dic dictionary
12/03/2018 11:16:29 PM successfully saved dictionaries in files
12/03/2018 11:16:29 PM Begins calculating TE, SE and MM fluxes ....
12/03/2018 11:16:31 PM calculated dh_by_dt dictionary
12/03/2018 11:18:36 PM loaded zonal decomposed fluxes dictionary
12/03/2018 11:18:36 PM loaded zonal decomposed fluxes without vertical avg dictionary
12/03/2018 11:18:36 PM loaded zonal radiation dictionary
12/03/2018 11:19:14 PM loaded MMC_thermo_dynamic dictionary
12/03/2018 11:19:14 PM loaded MMC_thermo_dynamic_vert dictionary
12/03/2018 11:19:20 PM ...........Extract_ncfile_save_fluxes_radiation.py.............4
12/03/2018 11:19:20 PM imported nc file
12/03/2018 11:19:20 PM imported coordinates
12/03/2018 11:19:20 PM imported pressure
12/03/2018 11:19:43 PM saved temp
12/03/2018 11:19:47 PM saved v_comp
12/03/2018 11:19:51 PM saved u_comp
12/03/2018 11:19:55 PM saved Z
12/03/2018 11:20:15 PM saved q
12/03/2018 11:20:21 PM calculated pressure from sigma levels
12/03/2018 11:20:24 PM calculated KE
12/03/2018 11:20:29 PM calculated MSE fluxes
12/03/2018 11:20:39 PM saved raw data
12/03/2018 11:20:43 PM vertical integartion : MSE fluxes
12/03/2018 11:20:48 PM vertical integration : sensible fluxes
12/03/2018 11:20:52 PM vertical integration : latent fluxes
12/03/2018 11:20:57 PM vertical integration : nc potential fluxes
12/03/2018 11:21:02 PM vertical integration : kinetic energy fluxes
12/03/2018 11:21:06 PM vertical integration : Enthalpy 
12/03/2018 11:21:14 PM saved radiation
12/03/2018 11:21:14 PM precipitation
12/03/2018 11:21:14 PM radiation-- I think its right now !
12/03/2018 11:21:15 PM calculated dh_by_dt
12/03/2018 11:21:15 PM loaded coordinates dictionary
12/03/2018 11:21:15 PM loaded MSE_flux dictionary
12/03/2018 11:21:15 PM loaded rad_dic dictionary
12/03/2018 11:21:16 PM successfully saved dictionaries in files
12/03/2018 11:21:16 PM Begins calculating TE, SE and MM fluxes ....
12/03/2018 11:21:18 PM calculated dh_by_dt dictionary
12/03/2018 11:23:23 PM loaded zonal decomposed fluxes dictionary
12/03/2018 11:23:23 PM loaded zonal decomposed fluxes without vertical avg dictionary
12/03/2018 11:23:23 PM loaded zonal radiation dictionary
12/03/2018 11:24:02 PM loaded MMC_thermo_dynamic dictionary
12/03/2018 11:24:02 PM loaded MMC_thermo_dynamic_vert dictionary
12/03/2018 11:24:08 PM ...........Extract_ncfile_save_fluxes_radiation.py.............5
12/03/2018 11:24:08 PM imported nc file
12/03/2018 11:24:14 PM imported coordinates
12/03/2018 11:24:14 PM imported pressure
12/03/2018 11:24:39 PM saved temp
12/03/2018 11:24:58 PM saved v_comp
12/03/2018 11:25:02 PM saved u_comp
12/03/2018 11:25:07 PM saved Z
12/03/2018 11:25:28 PM saved q
12/03/2018 11:25:33 PM calculated pressure from sigma levels
12/03/2018 11:25:36 PM calculated KE
12/03/2018 11:25:42 PM calculated MSE fluxes
12/03/2018 11:25:52 PM saved raw data
12/03/2018 11:25:56 PM vertical integartion : MSE fluxes
12/03/2018 11:26:01 PM vertical integration : sensible fluxes
12/03/2018 11:26:05 PM vertical integration : latent fluxes
12/03/2018 11:26:10 PM vertical integration : nc potential fluxes
12/03/2018 11:26:15 PM vertical integration : kinetic energy fluxes
12/03/2018 11:26:19 PM vertical integration : Enthalpy 
12/03/2018 11:26:27 PM saved radiation
12/03/2018 11:26:28 PM precipitation
12/03/2018 11:26:28 PM radiation-- I think its right now !
12/03/2018 11:26:28 PM calculated dh_by_dt
12/03/2018 11:26:28 PM loaded coordinates dictionary
12/03/2018 11:26:28 PM loaded MSE_flux dictionary
12/03/2018 11:26:28 PM loaded rad_dic dictionary
12/03/2018 11:26:29 PM successfully saved dictionaries in files
12/03/2018 11:26:29 PM Begins calculating TE, SE and MM fluxes ....
12/03/2018 11:26:31 PM calculated dh_by_dt dictionary
12/03/2018 11:28:31 PM loaded zonal decomposed fluxes dictionary
12/03/2018 11:28:31 PM loaded zonal decomposed fluxes without vertical avg dictionary
12/03/2018 11:28:31 PM loaded zonal radiation dictionary
12/03/2018 11:29:07 PM loaded MMC_thermo_dynamic dictionary
12/03/2018 11:29:07 PM loaded MMC_thermo_dynamic_vert dictionary
12/03/2018 11:29:12 PM ...........Extract_ncfile_save_fluxes_radiation.py.............6
12/03/2018 11:29:12 PM imported nc file
12/03/2018 11:29:18 PM imported coordinates
12/03/2018 11:29:18 PM imported pressure
12/03/2018 11:29:39 PM saved temp
12/03/2018 11:29:55 PM saved v_comp
12/03/2018 11:30:00 PM saved u_comp
12/03/2018 11:30:04 PM saved Z
12/03/2018 11:30:21 PM saved q
12/03/2018 11:30:27 PM calculated pressure from sigma levels
12/03/2018 11:30:30 PM calculated KE
12/03/2018 11:30:35 PM calculated MSE fluxes
12/03/2018 11:30:46 PM saved raw data
12/03/2018 11:30:50 PM vertical integartion : MSE fluxes
12/03/2018 11:30:54 PM vertical integration : sensible fluxes
12/03/2018 11:30:59 PM vertical integration : latent fluxes
12/03/2018 11:31:04 PM vertical integration : nc potential fluxes
12/03/2018 11:31:08 PM vertical integration : kinetic energy fluxes
12/03/2018 11:31:13 PM vertical integration : Enthalpy 
12/03/2018 11:31:19 PM saved radiation
12/03/2018 11:31:20 PM precipitation
12/03/2018 11:31:20 PM radiation-- I think its right now !
12/03/2018 11:31:21 PM calculated dh_by_dt
12/03/2018 11:31:21 PM loaded coordinates dictionary
12/03/2018 11:31:21 PM loaded MSE_flux dictionary
12/03/2018 11:31:21 PM loaded rad_dic dictionary
12/03/2018 11:31:22 PM successfully saved dictionaries in files
12/03/2018 11:31:22 PM Begins calculating TE, SE and MM fluxes ....
12/03/2018 11:31:24 PM calculated dh_by_dt dictionary
12/03/2018 11:33:29 PM loaded zonal decomposed fluxes dictionary
12/03/2018 11:33:29 PM loaded zonal decomposed fluxes without vertical avg dictionary
12/03/2018 11:33:30 PM loaded zonal radiation dictionary
12/03/2018 11:34:09 PM loaded MMC_thermo_dynamic dictionary
12/03/2018 11:34:09 PM loaded MMC_thermo_dynamic_vert dictionary
12/03/2018 11:34:15 PM ...........Extract_ncfile_save_fluxes_radiation.py.............7
12/03/2018 11:34:15 PM imported nc file
12/03/2018 11:34:20 PM imported coordinates
12/03/2018 11:34:20 PM imported pressure
12/03/2018 11:34:43 PM saved temp
12/03/2018 11:35:00 PM saved v_comp
12/03/2018 11:35:05 PM saved u_comp
12/03/2018 11:35:10 PM saved Z
12/03/2018 11:35:27 PM saved q
12/03/2018 11:35:32 PM calculated pressure from sigma levels
12/03/2018 11:35:35 PM calculated KE
12/03/2018 11:35:41 PM calculated MSE fluxes
12/03/2018 11:35:51 PM saved raw data
12/03/2018 11:35:55 PM vertical integartion : MSE fluxes
12/03/2018 11:35:59 PM vertical integration : sensible fluxes
12/03/2018 11:36:04 PM vertical integration : latent fluxes
12/03/2018 11:36:09 PM vertical integration : nc potential fluxes
12/03/2018 11:36:13 PM vertical integration : kinetic energy fluxes
12/03/2018 11:36:18 PM vertical integration : Enthalpy 
12/03/2018 11:36:24 PM saved radiation
12/03/2018 11:36:25 PM precipitation
12/03/2018 11:36:25 PM radiation-- I think its right now !
12/03/2018 11:36:26 PM calculated dh_by_dt
12/03/2018 11:36:26 PM loaded coordinates dictionary
12/03/2018 11:36:26 PM loaded MSE_flux dictionary
12/03/2018 11:36:26 PM loaded rad_dic dictionary
12/03/2018 11:36:27 PM successfully saved dictionaries in files
12/03/2018 11:36:27 PM Begins calculating TE, SE and MM fluxes ....
12/03/2018 11:36:28 PM calculated dh_by_dt dictionary
12/03/2018 11:38:28 PM loaded zonal decomposed fluxes dictionary
12/03/2018 11:38:28 PM loaded zonal decomposed fluxes without vertical avg dictionary
12/03/2018 11:38:28 PM loaded zonal radiation dictionary
12/03/2018 11:39:03 PM loaded MMC_thermo_dynamic dictionary
12/03/2018 11:39:03 PM loaded MMC_thermo_dynamic_vert dictionary
12/03/2018 11:39:08 PM destination folder created !
12/03/2018 11:39:08 PM ...........Extract_ncfile_save_fluxes_radiation.py.............8
12/03/2018 11:39:08 PM imported nc file
12/03/2018 11:39:14 PM imported coordinates
12/03/2018 11:39:14 PM imported pressure
12/03/2018 11:39:38 PM saved temp
12/03/2018 11:39:57 PM saved v_comp
12/03/2018 11:40:01 PM saved u_comp
12/03/2018 11:40:05 PM saved Z
12/03/2018 11:40:21 PM saved q
12/03/2018 11:40:27 PM calculated pressure from sigma levels
12/03/2018 11:40:30 PM calculated KE
12/03/2018 11:40:35 PM calculated MSE fluxes
12/03/2018 11:40:46 PM saved raw data
12/03/2018 11:40:49 PM vertical integartion : MSE fluxes
12/03/2018 11:40:54 PM vertical integration : sensible fluxes
12/03/2018 11:40:59 PM vertical integration : latent fluxes
12/03/2018 11:41:03 PM vertical integration : nc potential fluxes
12/03/2018 11:41:08 PM vertical integration : kinetic energy fluxes
12/03/2018 11:41:12 PM vertical integration : Enthalpy 
12/03/2018 11:41:20 PM saved radiation
12/03/2018 11:41:21 PM precipitation
12/03/2018 11:41:21 PM radiation-- I think its right now !
12/03/2018 11:41:21 PM calculated dh_by_dt
12/03/2018 11:41:21 PM loaded coordinates dictionary
12/03/2018 11:41:21 PM loaded MSE_flux dictionary
12/03/2018 11:41:21 PM loaded rad_dic dictionary
12/03/2018 11:41:22 PM successfully saved dictionaries in files
12/03/2018 11:41:22 PM Begins calculating TE, SE and MM fluxes ....
12/03/2018 11:41:24 PM calculated dh_by_dt dictionary
12/03/2018 11:43:26 PM loaded zonal decomposed fluxes dictionary
12/03/2018 11:43:26 PM loaded zonal decomposed fluxes without vertical avg dictionary
12/03/2018 11:43:26 PM loaded zonal radiation dictionary
12/03/2018 11:44:01 PM loaded MMC_thermo_dynamic dictionary
12/03/2018 11:44:01 PM loaded MMC_thermo_dynamic_vert dictionary
12/03/2018 11:44:06 PM destination folder created !
12/03/2018 11:44:06 PM ...........Extract_ncfile_save_fluxes_radiation.py.............9
12/03/2018 11:44:06 PM imported nc file
12/03/2018 11:44:12 PM imported coordinates
12/03/2018 11:44:12 PM imported pressure
12/03/2018 11:44:34 PM saved temp
12/03/2018 11:44:54 PM saved v_comp
12/03/2018 11:44:58 PM saved u_comp
12/03/2018 11:45:02 PM saved Z
12/03/2018 11:45:18 PM saved q
12/03/2018 11:45:23 PM calculated pressure from sigma levels
12/03/2018 11:45:26 PM calculated KE
12/03/2018 11:45:32 PM calculated MSE fluxes
12/03/2018 11:45:42 PM saved raw data
12/03/2018 11:45:46 PM vertical integartion : MSE fluxes
12/03/2018 11:45:50 PM vertical integration : sensible fluxes
12/03/2018 11:45:55 PM vertical integration : latent fluxes
12/03/2018 11:46:00 PM vertical integration : nc potential fluxes
12/03/2018 11:46:04 PM vertical integration : kinetic energy fluxes
12/03/2018 11:46:09 PM vertical integration : Enthalpy 
12/03/2018 11:46:16 PM saved radiation
12/03/2018 11:46:16 PM precipitation
12/03/2018 11:46:16 PM radiation-- I think its right now !
12/03/2018 11:46:17 PM calculated dh_by_dt
12/03/2018 11:46:17 PM loaded coordinates dictionary
12/03/2018 11:46:17 PM loaded MSE_flux dictionary
12/03/2018 11:46:17 PM loaded rad_dic dictionary
12/03/2018 11:46:18 PM successfully saved dictionaries in files
12/03/2018 11:46:18 PM Begins calculating TE, SE and MM fluxes ....
12/03/2018 11:46:20 PM calculated dh_by_dt dictionary
12/03/2018 11:48:26 PM loaded zonal decomposed fluxes dictionary
12/03/2018 11:48:26 PM loaded zonal decomposed fluxes without vertical avg dictionary
12/03/2018 11:48:27 PM loaded zonal radiation dictionary
12/03/2018 11:49:06 PM loaded MMC_thermo_dynamic dictionary
12/03/2018 11:49:06 PM loaded MMC_thermo_dynamic_vert dictionary
12/03/2018 11:49:09 PM ** INTERPOLATION ** 
12/03/2018 11:49:10 PM ----0----
12/03/2018 11:49:10 PM ----1----
12/03/2018 11:49:11 PM ----2----
12/03/2018 11:49:11 PM ----3----
12/03/2018 11:49:11 PM ----4----
12/03/2018 11:49:11 PM ----5----
12/03/2018 11:49:11 PM ----6----
12/03/2018 11:49:11 PM ----7----
12/03/2018 11:49:11 PM ----8----
12/03/2018 11:49:11 PM ----9----
12/03/2018 11:49:12 PM Calculated interpolation
12/03/2018 11:49:12 PM Calculated divergence
12/03/2018 11:49:12 PM Saved raw data interp dictionary
12/03/2018 11:49:12 PM Saved flux interp dictionary
12/03/2018 11:49:12 PM Saved flux divergence interp
12/03/2018 11:49:12 PM Saved flux vert dictionary
12/03/2018 11:49:12 PM Saved flux divergence vert interp
12/03/2018 11:49:12 PM Looks great !!
12/03/2018 11:49:13 PM ** INTERPOLATION ** 
12/03/2018 11:49:14 PM ----0----
12/03/2018 11:49:14 PM ----1----
12/03/2018 11:49:14 PM ----2----
12/03/2018 11:49:14 PM ----3----
12/03/2018 11:49:15 PM ----4----
12/03/2018 11:49:15 PM ----5----
12/03/2018 11:49:15 PM ----6----
12/03/2018 11:49:15 PM ----7----
12/03/2018 11:49:15 PM ----8----
12/03/2018 11:49:15 PM ----9----
12/03/2018 11:49:15 PM Calculated interpolation
12/03/2018 11:49:15 PM Saved decompose mmc dictionary
12/03/2018 11:49:15 PM Saved decompose mmc dictionary
12/03/2018 11:49:15 PM Looks great !!
