12/27/2018 05:11:32 PM ...........Extract_ncfile_save_fluxes_radiation.py.............0
12/27/2018 05:11:32 PM imported nc file
12/27/2018 05:12:27 PM imported coordinates
12/27/2018 05:12:27 PM imported pressure
12/27/2018 05:13:52 PM saved temp
12/27/2018 05:14:48 PM saved v_comp
12/27/2018 05:14:58 PM saved u_comp
12/27/2018 05:15:26 PM saved Z
12/27/2018 05:16:43 PM saved q
12/27/2018 05:16:49 PM calculated pressure from sigma levels
12/27/2018 05:16:52 PM calculated KE
12/27/2018 05:16:57 PM calculated MSE fluxes
12/27/2018 05:17:02 PM ...........Extract_ncfile_save_fluxes_radiation.py.............1
12/27/2018 05:17:02 PM imported nc file
12/27/2018 05:17:25 PM imported coordinates
12/27/2018 05:17:25 PM imported pressure
12/27/2018 05:18:33 PM saved temp
12/27/2018 05:19:02 PM saved v_comp
12/27/2018 05:19:12 PM saved u_comp
12/27/2018 05:19:22 PM saved Z
12/27/2018 05:20:44 PM saved q
12/27/2018 05:20:49 PM calculated pressure from sigma levels
12/27/2018 05:20:52 PM calculated KE
12/27/2018 05:20:58 PM calculated MSE fluxes
12/27/2018 05:21:02 PM ...........Extract_ncfile_save_fluxes_radiation.py.............2
12/27/2018 05:21:02 PM imported nc file
12/27/2018 05:21:54 PM imported coordinates
12/27/2018 05:21:54 PM imported pressure
12/27/2018 05:22:51 PM saved temp
12/27/2018 05:23:25 PM saved v_comp
12/27/2018 05:23:35 PM saved u_comp
12/27/2018 05:23:44 PM saved Z
12/27/2018 05:24:51 PM saved q
12/27/2018 05:24:56 PM calculated pressure from sigma levels
12/27/2018 05:24:59 PM calculated KE
12/27/2018 05:25:05 PM calculated MSE fluxes
12/27/2018 05:25:09 PM ...........Extract_ncfile_save_fluxes_radiation.py.............3
12/27/2018 05:25:09 PM imported nc file
12/27/2018 05:26:02 PM imported coordinates
12/27/2018 05:26:02 PM imported pressure
12/27/2018 05:27:07 PM saved temp
12/27/2018 05:27:43 PM saved v_comp
12/27/2018 05:27:55 PM saved u_comp
12/27/2018 05:28:05 PM saved Z
12/27/2018 05:29:14 PM saved q
12/27/2018 05:29:19 PM calculated pressure from sigma levels
12/27/2018 05:29:22 PM calculated KE
12/27/2018 05:29:28 PM calculated MSE fluxes
12/27/2018 05:29:31 PM ...........Extract_ncfile_save_fluxes_radiation.py.............4
12/27/2018 05:29:31 PM imported nc file
12/27/2018 05:30:21 PM imported coordinates
12/27/2018 05:30:21 PM imported pressure
12/27/2018 05:31:21 PM saved temp
12/27/2018 05:32:01 PM saved v_comp
12/27/2018 05:32:52 PM saved u_comp
12/27/2018 05:34:16 PM saved Z
12/27/2018 05:35:44 PM saved q
12/27/2018 05:35:49 PM calculated pressure from sigma levels
12/27/2018 05:35:53 PM calculated KE
12/27/2018 05:35:58 PM calculated MSE fluxes
12/27/2018 05:36:01 PM ...........Extract_ncfile_save_fluxes_radiation.py.............5
12/27/2018 05:36:01 PM imported nc file
12/27/2018 05:36:55 PM imported coordinates
12/27/2018 05:36:55 PM imported pressure
12/27/2018 05:38:12 PM saved temp
12/27/2018 05:39:24 PM saved v_comp
12/27/2018 05:40:16 PM saved u_comp
12/27/2018 05:41:29 PM saved Z
12/27/2018 05:42:47 PM saved q
12/27/2018 05:42:52 PM calculated pressure from sigma levels
12/27/2018 05:42:55 PM calculated KE
12/27/2018 05:43:01 PM calculated MSE fluxes
12/27/2018 05:43:04 PM ...........Extract_ncfile_save_fluxes_radiation.py.............6
12/27/2018 05:43:04 PM imported nc file
12/27/2018 05:43:58 PM imported coordinates
12/27/2018 05:43:58 PM imported pressure
12/27/2018 05:45:16 PM saved temp
12/27/2018 05:46:40 PM saved v_comp
12/27/2018 05:48:05 PM saved u_comp
12/27/2018 05:49:31 PM saved Z
12/27/2018 05:50:58 PM saved q
12/27/2018 05:51:03 PM calculated pressure from sigma levels
12/27/2018 05:51:06 PM calculated KE
12/27/2018 05:51:12 PM calculated MSE fluxes
12/27/2018 05:51:15 PM ...........Extract_ncfile_save_fluxes_radiation.py.............7
12/27/2018 05:51:15 PM imported nc file
12/27/2018 05:52:13 PM imported coordinates
12/27/2018 05:52:13 PM imported pressure
12/27/2018 05:53:34 PM saved temp
12/27/2018 05:55:01 PM saved v_comp
12/27/2018 05:56:30 PM saved u_comp
12/27/2018 05:58:06 PM saved Z
12/27/2018 05:59:33 PM saved q
12/27/2018 05:59:38 PM calculated pressure from sigma levels
12/27/2018 05:59:41 PM calculated KE
12/27/2018 05:59:47 PM calculated MSE fluxes
12/27/2018 05:59:49 PM ...........Extract_ncfile_save_fluxes_radiation.py.............8
12/27/2018 05:59:49 PM imported nc file
12/27/2018 06:00:47 PM imported coordinates
12/27/2018 06:00:47 PM imported pressure
12/27/2018 06:02:10 PM saved temp
12/27/2018 06:03:22 PM saved v_comp
12/27/2018 06:04:12 PM saved u_comp
12/27/2018 06:05:30 PM saved Z
12/27/2018 06:06:56 PM saved q
12/27/2018 06:07:01 PM calculated pressure from sigma levels
12/27/2018 06:07:04 PM calculated KE
12/27/2018 06:07:10 PM calculated MSE fluxes
12/27/2018 06:07:13 PM ...........Extract_ncfile_save_fluxes_radiation.py.............9
12/27/2018 06:07:13 PM imported nc file
12/27/2018 06:08:07 PM imported coordinates
12/27/2018 06:08:07 PM imported pressure
12/27/2018 06:09:28 PM saved temp
12/27/2018 06:10:55 PM saved v_comp
12/27/2018 06:12:24 PM saved u_comp
12/27/2018 06:13:51 PM saved Z
12/27/2018 06:15:12 PM saved q
12/27/2018 06:15:17 PM calculated pressure from sigma levels
12/27/2018 06:15:20 PM calculated KE
12/27/2018 06:15:26 PM calculated MSE fluxes
12/27/2018 06:15:28 PM ** INTERPOLATION ** 
12/27/2018 06:15:29 PM ** INTERPOLATION ** 
12/27/2018 10:50:19 PM ...........Extract_ncfile_save_fluxes_radiation.py.............0
12/27/2018 10:50:19 PM imported nc file
12/27/2018 10:51:17 PM imported coordinates
12/27/2018 10:51:17 PM imported pressure
12/27/2018 10:52:42 PM saved temp
12/27/2018 10:54:00 PM saved v_comp
12/27/2018 10:54:57 PM saved u_comp
12/27/2018 10:56:16 PM saved Z
12/27/2018 10:57:34 PM saved q
12/27/2018 10:57:38 PM calculated pressure from sigma levels
12/27/2018 10:57:41 PM calculated KE
12/27/2018 10:57:47 PM calculated MSE fluxes
12/27/2018 10:57:57 PM saved raw data
12/27/2018 10:58:00 PM vertical integartion : MSE fluxes
12/27/2018 10:58:03 PM vertical integration : sensible fluxes
12/27/2018 10:58:07 PM vertical integration : latent fluxes
12/27/2018 10:58:10 PM vertical integration : nc potential fluxes
12/27/2018 10:58:13 PM vertical integration : kinetic energy fluxes
12/27/2018 10:58:17 PM vertical integration : Enthalpy 
12/27/2018 10:59:56 PM saved radiation
12/27/2018 11:00:16 PM precipitation
12/27/2018 11:00:16 PM radiation-- I think its right now !
12/27/2018 11:00:17 PM calculated dh_by_dt
12/27/2018 11:00:17 PM loaded coordinates dictionary
12/27/2018 11:00:17 PM loaded MSE_flux dictionary
12/27/2018 11:00:17 PM loaded rad_dic dictionary
12/27/2018 11:00:19 PM successfully saved dictionaries in files
12/27/2018 11:00:19 PM Begins calculating TE, SE and MM fluxes ....
12/27/2018 11:00:20 PM calculated dh_by_dt dictionary
12/27/2018 11:02:27 PM loaded zonal decomposed fluxes dictionary
12/27/2018 11:02:27 PM loaded zonal decomposed fluxes without vertical avg dictionary
12/27/2018 11:02:28 PM loaded zonal radiation dictionary
12/27/2018 11:03:00 PM loaded MMC_thermo_dynamic dictionary
12/27/2018 11:03:00 PM loaded MMC_thermo_dynamic_vert dictionary
12/27/2018 11:03:05 PM ...........Extract_ncfile_save_fluxes_radiation.py.............1
12/27/2018 11:03:05 PM imported nc file
12/27/2018 11:04:02 PM imported coordinates
12/27/2018 11:04:02 PM imported pressure
12/27/2018 11:05:28 PM saved temp
12/27/2018 11:06:47 PM saved v_comp
12/27/2018 11:07:38 PM saved u_comp
12/27/2018 11:08:52 PM saved Z
12/27/2018 11:10:10 PM saved q
12/27/2018 11:10:14 PM calculated pressure from sigma levels
12/27/2018 11:10:17 PM calculated KE
12/27/2018 11:10:23 PM calculated MSE fluxes
12/27/2018 11:10:33 PM saved raw data
12/27/2018 11:10:37 PM vertical integartion : MSE fluxes
12/27/2018 11:10:40 PM vertical integration : sensible fluxes
12/27/2018 11:10:43 PM vertical integration : latent fluxes
12/27/2018 11:10:47 PM vertical integration : nc potential fluxes
12/27/2018 11:10:50 PM vertical integration : kinetic energy fluxes
12/27/2018 11:10:53 PM vertical integration : Enthalpy 
12/27/2018 11:11:59 PM saved radiation
12/27/2018 11:12:17 PM precipitation
12/27/2018 11:12:17 PM radiation-- I think its right now !
12/27/2018 11:12:19 PM calculated dh_by_dt
12/27/2018 11:12:19 PM loaded coordinates dictionary
12/27/2018 11:12:19 PM loaded MSE_flux dictionary
12/27/2018 11:12:19 PM loaded rad_dic dictionary
12/27/2018 11:12:20 PM successfully saved dictionaries in files
12/27/2018 11:12:20 PM Begins calculating TE, SE and MM fluxes ....
12/27/2018 11:12:21 PM calculated dh_by_dt dictionary
12/27/2018 11:14:29 PM loaded zonal decomposed fluxes dictionary
12/27/2018 11:14:29 PM loaded zonal decomposed fluxes without vertical avg dictionary
12/27/2018 11:14:29 PM loaded zonal radiation dictionary
12/27/2018 11:15:02 PM loaded MMC_thermo_dynamic dictionary
12/27/2018 11:15:02 PM loaded MMC_thermo_dynamic_vert dictionary
12/27/2018 11:15:06 PM ...........Extract_ncfile_save_fluxes_radiation.py.............2
12/27/2018 11:15:06 PM imported nc file
12/27/2018 11:16:11 PM imported coordinates
12/27/2018 11:16:11 PM imported pressure
12/27/2018 11:17:43 PM saved temp
12/27/2018 11:19:06 PM saved v_comp
12/27/2018 11:20:04 PM saved u_comp
12/27/2018 11:21:36 PM saved Z
12/27/2018 11:23:15 PM saved q
12/27/2018 11:23:19 PM calculated pressure from sigma levels
12/27/2018 11:23:22 PM calculated KE
12/27/2018 11:23:27 PM calculated MSE fluxes
12/27/2018 11:23:38 PM saved raw data
12/27/2018 11:23:42 PM vertical integartion : MSE fluxes
12/27/2018 11:23:45 PM vertical integration : sensible fluxes
12/27/2018 11:23:48 PM vertical integration : latent fluxes
12/27/2018 11:23:52 PM vertical integration : nc potential fluxes
12/27/2018 11:23:55 PM vertical integration : kinetic energy fluxes
12/27/2018 11:23:58 PM vertical integration : Enthalpy 
12/27/2018 11:25:27 PM saved radiation
12/27/2018 11:25:45 PM precipitation
12/27/2018 11:25:45 PM radiation-- I think its right now !
12/27/2018 11:25:46 PM calculated dh_by_dt
12/27/2018 11:25:46 PM loaded coordinates dictionary
12/27/2018 11:25:46 PM loaded MSE_flux dictionary
12/27/2018 11:25:46 PM loaded rad_dic dictionary
12/27/2018 11:25:47 PM successfully saved dictionaries in files
12/27/2018 11:25:47 PM Begins calculating TE, SE and MM fluxes ....
12/27/2018 11:25:49 PM calculated dh_by_dt dictionary
12/27/2018 11:27:58 PM loaded zonal decomposed fluxes dictionary
12/27/2018 11:27:58 PM loaded zonal decomposed fluxes without vertical avg dictionary
12/27/2018 11:27:58 PM loaded zonal radiation dictionary
12/27/2018 11:28:31 PM loaded MMC_thermo_dynamic dictionary
12/27/2018 11:28:31 PM loaded MMC_thermo_dynamic_vert dictionary
12/27/2018 11:28:35 PM ...........Extract_ncfile_save_fluxes_radiation.py.............3
12/27/2018 11:28:35 PM imported nc file
12/27/2018 11:29:33 PM imported coordinates
12/27/2018 11:29:33 PM imported pressure
12/27/2018 11:30:55 PM saved temp
12/27/2018 11:32:10 PM saved v_comp
12/27/2018 11:32:55 PM saved u_comp
12/27/2018 11:33:34 PM saved Z
12/27/2018 11:34:51 PM saved q
12/27/2018 11:34:56 PM calculated pressure from sigma levels
12/27/2018 11:34:59 PM calculated KE
12/27/2018 11:35:04 PM calculated MSE fluxes
12/27/2018 11:35:15 PM saved raw data
12/27/2018 11:35:17 PM vertical integartion : MSE fluxes
12/27/2018 11:35:20 PM vertical integration : sensible fluxes
12/27/2018 11:35:24 PM vertical integration : latent fluxes
12/27/2018 11:35:27 PM vertical integration : nc potential fluxes
12/27/2018 11:35:30 PM vertical integration : kinetic energy fluxes
12/27/2018 11:35:34 PM vertical integration : Enthalpy 
12/27/2018 11:36:43 PM saved radiation
12/27/2018 11:37:01 PM precipitation
12/27/2018 11:37:01 PM radiation-- I think its right now !
12/27/2018 11:37:03 PM calculated dh_by_dt
12/27/2018 11:37:03 PM loaded coordinates dictionary
12/27/2018 11:37:03 PM loaded MSE_flux dictionary
12/27/2018 11:37:03 PM loaded rad_dic dictionary
12/27/2018 11:37:04 PM successfully saved dictionaries in files
12/27/2018 11:37:04 PM Begins calculating TE, SE and MM fluxes ....
12/27/2018 11:37:05 PM calculated dh_by_dt dictionary
12/27/2018 11:39:11 PM loaded zonal decomposed fluxes dictionary
12/27/2018 11:39:11 PM loaded zonal decomposed fluxes without vertical avg dictionary
12/27/2018 11:39:12 PM loaded zonal radiation dictionary
12/27/2018 11:39:45 PM loaded MMC_thermo_dynamic dictionary
12/27/2018 11:39:45 PM loaded MMC_thermo_dynamic_vert dictionary
12/27/2018 11:39:49 PM ...........Extract_ncfile_save_fluxes_radiation.py.............4
12/27/2018 11:39:49 PM imported nc file
12/27/2018 11:40:46 PM imported coordinates
12/27/2018 11:40:46 PM imported pressure
12/27/2018 11:42:11 PM saved temp
12/27/2018 11:43:24 PM saved v_comp
12/27/2018 11:43:41 PM saved u_comp
12/27/2018 11:44:17 PM saved Z
12/27/2018 11:45:06 PM saved q
12/27/2018 11:45:10 PM calculated pressure from sigma levels
12/27/2018 11:45:13 PM calculated KE
12/27/2018 11:45:18 PM calculated MSE fluxes
12/27/2018 11:45:29 PM saved raw data
12/27/2018 11:45:31 PM vertical integartion : MSE fluxes
12/27/2018 11:45:35 PM vertical integration : sensible fluxes
12/27/2018 11:45:38 PM vertical integration : latent fluxes
12/27/2018 11:45:41 PM vertical integration : nc potential fluxes
12/27/2018 11:45:45 PM vertical integration : kinetic energy fluxes
12/27/2018 11:45:48 PM vertical integration : Enthalpy 
12/27/2018 11:46:34 PM saved radiation
12/27/2018 11:46:37 PM precipitation
12/27/2018 11:46:37 PM radiation-- I think its right now !
12/27/2018 11:46:38 PM calculated dh_by_dt
12/27/2018 11:46:38 PM loaded coordinates dictionary
12/27/2018 11:46:38 PM loaded MSE_flux dictionary
12/27/2018 11:46:38 PM loaded rad_dic dictionary
12/27/2018 11:46:40 PM successfully saved dictionaries in files
12/27/2018 11:46:40 PM Begins calculating TE, SE and MM fluxes ....
12/27/2018 11:46:41 PM calculated dh_by_dt dictionary
12/27/2018 11:48:50 PM loaded zonal decomposed fluxes dictionary
12/27/2018 11:48:50 PM loaded zonal decomposed fluxes without vertical avg dictionary
12/27/2018 11:48:51 PM loaded zonal radiation dictionary
12/27/2018 11:49:24 PM loaded MMC_thermo_dynamic dictionary
12/27/2018 11:49:24 PM loaded MMC_thermo_dynamic_vert dictionary
12/27/2018 11:49:28 PM ...........Extract_ncfile_save_fluxes_radiation.py.............5
12/27/2018 11:49:28 PM imported nc file
12/27/2018 11:50:27 PM imported coordinates
12/27/2018 11:50:27 PM imported pressure
12/27/2018 11:51:51 PM saved temp
12/27/2018 11:53:03 PM saved v_comp
12/27/2018 11:53:20 PM saved u_comp
12/27/2018 11:53:55 PM saved Z
12/27/2018 11:54:34 PM saved q
12/27/2018 11:54:38 PM calculated pressure from sigma levels
12/27/2018 11:54:41 PM calculated KE
12/27/2018 11:54:46 PM calculated MSE fluxes
12/27/2018 11:54:57 PM saved raw data
12/27/2018 11:54:59 PM vertical integartion : MSE fluxes
12/27/2018 11:55:03 PM vertical integration : sensible fluxes
12/27/2018 11:55:06 PM vertical integration : latent fluxes
12/27/2018 11:55:09 PM vertical integration : nc potential fluxes
12/27/2018 11:55:12 PM vertical integration : kinetic energy fluxes
12/27/2018 11:55:16 PM vertical integration : Enthalpy 
12/27/2018 11:56:01 PM saved radiation
12/27/2018 11:56:04 PM precipitation
12/27/2018 11:56:04 PM radiation-- I think its right now !
12/27/2018 11:56:06 PM calculated dh_by_dt
12/27/2018 11:56:06 PM loaded coordinates dictionary
12/27/2018 11:56:06 PM loaded MSE_flux dictionary
12/27/2018 11:56:06 PM loaded rad_dic dictionary
12/27/2018 11:56:06 PM successfully saved dictionaries in files
12/27/2018 11:56:06 PM Begins calculating TE, SE and MM fluxes ....
12/27/2018 11:56:08 PM calculated dh_by_dt dictionary
12/27/2018 11:58:17 PM loaded zonal decomposed fluxes dictionary
12/27/2018 11:58:17 PM loaded zonal decomposed fluxes without vertical avg dictionary
12/27/2018 11:58:17 PM loaded zonal radiation dictionary
12/27/2018 11:58:50 PM loaded MMC_thermo_dynamic dictionary
12/27/2018 11:58:50 PM loaded MMC_thermo_dynamic_vert dictionary
12/27/2018 11:58:54 PM ...........Extract_ncfile_save_fluxes_radiation.py.............6
12/27/2018 11:58:54 PM imported nc file
12/27/2018 11:59:57 PM imported coordinates
12/27/2018 11:59:57 PM imported pressure
12/28/2018 12:01:15 AM saved temp
12/28/2018 12:02:24 AM saved v_comp
12/28/2018 12:02:41 AM saved u_comp
12/28/2018 12:03:17 AM saved Z
12/28/2018 12:03:33 AM saved q
12/28/2018 12:03:37 AM calculated pressure from sigma levels
12/28/2018 12:03:40 AM calculated KE
12/28/2018 12:03:46 AM calculated MSE fluxes
12/28/2018 12:03:56 AM saved raw data
12/28/2018 12:03:59 AM vertical integartion : MSE fluxes
12/28/2018 12:04:02 AM vertical integration : sensible fluxes
12/28/2018 12:04:05 AM vertical integration : latent fluxes
12/28/2018 12:04:09 AM vertical integration : nc potential fluxes
12/28/2018 12:04:12 AM vertical integration : kinetic energy fluxes
12/28/2018 12:04:15 AM vertical integration : Enthalpy 
12/28/2018 12:04:42 AM saved radiation
12/28/2018 12:04:44 AM precipitation
12/28/2018 12:04:44 AM radiation-- I think its right now !
12/28/2018 12:04:46 AM calculated dh_by_dt
12/28/2018 12:04:46 AM loaded coordinates dictionary
12/28/2018 12:04:46 AM loaded MSE_flux dictionary
12/28/2018 12:04:46 AM loaded rad_dic dictionary
12/28/2018 12:04:46 AM successfully saved dictionaries in files
12/28/2018 12:04:46 AM Begins calculating TE, SE and MM fluxes ....
12/28/2018 12:04:48 AM calculated dh_by_dt dictionary
12/28/2018 12:06:55 AM loaded zonal decomposed fluxes dictionary
12/28/2018 12:06:55 AM loaded zonal decomposed fluxes without vertical avg dictionary
12/28/2018 12:06:55 AM loaded zonal radiation dictionary
12/28/2018 12:07:28 AM loaded MMC_thermo_dynamic dictionary
12/28/2018 12:07:28 AM loaded MMC_thermo_dynamic_vert dictionary
12/28/2018 12:07:33 AM ...........Extract_ncfile_save_fluxes_radiation.py.............7
12/28/2018 12:07:33 AM imported nc file
12/28/2018 12:08:29 AM imported coordinates
12/28/2018 12:08:29 AM imported pressure
12/28/2018 12:09:45 AM saved temp
12/28/2018 12:10:56 AM saved v_comp
12/28/2018 12:11:12 AM saved u_comp
12/28/2018 12:11:48 AM saved Z
12/28/2018 12:12:04 AM saved q
12/28/2018 12:12:08 AM calculated pressure from sigma levels
12/28/2018 12:12:11 AM calculated KE
12/28/2018 12:12:16 AM calculated MSE fluxes
12/28/2018 12:12:27 AM saved raw data
12/28/2018 12:12:29 AM vertical integartion : MSE fluxes
12/28/2018 12:12:33 AM vertical integration : sensible fluxes
12/28/2018 12:12:36 AM vertical integration : latent fluxes
12/28/2018 12:12:39 AM vertical integration : nc potential fluxes
12/28/2018 12:12:43 AM vertical integration : kinetic energy fluxes
12/28/2018 12:12:46 AM vertical integration : Enthalpy 
12/28/2018 12:13:13 AM saved radiation
12/28/2018 12:13:15 AM precipitation
12/28/2018 12:13:15 AM radiation-- I think its right now !
12/28/2018 12:13:17 AM calculated dh_by_dt
12/28/2018 12:13:17 AM loaded coordinates dictionary
12/28/2018 12:13:17 AM loaded MSE_flux dictionary
12/28/2018 12:13:17 AM loaded rad_dic dictionary
12/28/2018 12:13:17 AM successfully saved dictionaries in files
12/28/2018 12:13:17 AM Begins calculating TE, SE and MM fluxes ....
12/28/2018 12:13:19 AM calculated dh_by_dt dictionary
12/28/2018 12:15:27 AM loaded zonal decomposed fluxes dictionary
12/28/2018 12:15:27 AM loaded zonal decomposed fluxes without vertical avg dictionary
12/28/2018 12:15:27 AM loaded zonal radiation dictionary
12/28/2018 12:16:00 AM loaded MMC_thermo_dynamic dictionary
12/28/2018 12:16:00 AM loaded MMC_thermo_dynamic_vert dictionary
12/28/2018 12:16:04 AM ...........Extract_ncfile_save_fluxes_radiation.py.............8
12/28/2018 12:16:04 AM imported nc file
12/28/2018 12:16:57 AM imported coordinates
12/28/2018 12:16:57 AM imported pressure
12/28/2018 12:18:16 AM saved temp
12/28/2018 12:19:26 AM saved v_comp
12/28/2018 12:19:42 AM saved u_comp
12/28/2018 12:20:18 AM saved Z
12/28/2018 12:20:35 AM saved q
12/28/2018 12:20:39 AM calculated pressure from sigma levels
12/28/2018 12:20:42 AM calculated KE
12/28/2018 12:20:48 AM calculated MSE fluxes
12/28/2018 12:20:58 AM saved raw data
12/28/2018 12:21:01 AM vertical integartion : MSE fluxes
12/28/2018 12:21:04 AM vertical integration : sensible fluxes
12/28/2018 12:21:07 AM vertical integration : latent fluxes
12/28/2018 12:21:10 AM vertical integration : nc potential fluxes
12/28/2018 12:21:14 AM vertical integration : kinetic energy fluxes
12/28/2018 12:21:17 AM vertical integration : Enthalpy 
12/28/2018 12:21:44 AM saved radiation
12/28/2018 12:21:47 AM precipitation
12/28/2018 12:21:47 AM radiation-- I think its right now !
12/28/2018 12:21:48 AM calculated dh_by_dt
12/28/2018 12:21:48 AM loaded coordinates dictionary
12/28/2018 12:21:48 AM loaded MSE_flux dictionary
12/28/2018 12:21:48 AM loaded rad_dic dictionary
12/28/2018 12:21:49 AM successfully saved dictionaries in files
12/28/2018 12:21:49 AM Begins calculating TE, SE and MM fluxes ....
12/28/2018 12:21:50 AM calculated dh_by_dt dictionary
12/28/2018 12:23:59 AM loaded zonal decomposed fluxes dictionary
12/28/2018 12:23:59 AM loaded zonal decomposed fluxes without vertical avg dictionary
12/28/2018 12:23:59 AM loaded zonal radiation dictionary
12/28/2018 12:24:32 AM loaded MMC_thermo_dynamic dictionary
12/28/2018 12:24:32 AM loaded MMC_thermo_dynamic_vert dictionary
12/28/2018 12:24:36 AM ...........Extract_ncfile_save_fluxes_radiation.py.............9
12/28/2018 12:24:36 AM imported nc file
12/28/2018 12:25:27 AM imported coordinates
12/28/2018 12:25:27 AM imported pressure
12/28/2018 12:26:44 AM saved temp
12/28/2018 12:27:52 AM saved v_comp
12/28/2018 12:28:09 AM saved u_comp
12/28/2018 12:28:45 AM saved Z
12/28/2018 12:29:01 AM saved q
12/28/2018 12:29:05 AM calculated pressure from sigma levels
12/28/2018 12:29:08 AM calculated KE
12/28/2018 12:29:13 AM calculated MSE fluxes
12/28/2018 12:29:24 AM saved raw data
12/28/2018 12:29:26 AM vertical integartion : MSE fluxes
12/28/2018 12:29:29 AM vertical integration : sensible fluxes
12/28/2018 12:29:33 AM vertical integration : latent fluxes
12/28/2018 12:29:36 AM vertical integration : nc potential fluxes
12/28/2018 12:29:39 AM vertical integration : kinetic energy fluxes
12/28/2018 12:29:43 AM vertical integration : Enthalpy 
12/28/2018 12:30:09 AM saved radiation
12/28/2018 12:30:12 AM precipitation
12/28/2018 12:30:12 AM radiation-- I think its right now !
12/28/2018 12:30:13 AM calculated dh_by_dt
12/28/2018 12:30:13 AM loaded coordinates dictionary
12/28/2018 12:30:13 AM loaded MSE_flux dictionary
12/28/2018 12:30:13 AM loaded rad_dic dictionary
12/28/2018 12:30:14 AM successfully saved dictionaries in files
12/28/2018 12:30:14 AM Begins calculating TE, SE and MM fluxes ....
12/28/2018 12:30:15 AM calculated dh_by_dt dictionary
12/28/2018 12:32:22 AM loaded zonal decomposed fluxes dictionary
12/28/2018 12:32:22 AM loaded zonal decomposed fluxes without vertical avg dictionary
12/28/2018 12:32:23 AM loaded zonal radiation dictionary
12/28/2018 12:32:55 AM loaded MMC_thermo_dynamic dictionary
12/28/2018 12:32:55 AM loaded MMC_thermo_dynamic_vert dictionary
12/28/2018 12:32:58 AM ** INTERPOLATION ** 
12/28/2018 12:32:59 AM ----0----
12/28/2018 12:32:59 AM ----1----
12/28/2018 12:32:59 AM ----2----
12/28/2018 12:32:59 AM ----3----
12/28/2018 12:33:00 AM ----4----
12/28/2018 12:33:00 AM ----5----
12/28/2018 12:33:00 AM ----6----
12/28/2018 12:33:00 AM ----7----
12/28/2018 12:33:00 AM ----8----
12/28/2018 12:33:00 AM ----9----
12/28/2018 12:33:01 AM Calculated interpolation
12/28/2018 12:33:01 AM Calculated divergence
12/28/2018 12:33:01 AM Saved raw data interp dictionary
12/28/2018 12:33:01 AM Saved flux interp dictionary
12/28/2018 12:33:01 AM Saved flux divergence interp
12/28/2018 12:33:01 AM Saved flux vert dictionary
12/28/2018 12:33:01 AM Saved flux divergence vert interp
12/28/2018 12:33:02 AM Looks great !!
12/28/2018 12:33:02 AM ** INTERPOLATION ** 
12/28/2018 12:33:03 AM ----0----
12/28/2018 12:33:03 AM ----1----
12/28/2018 12:33:03 AM ----2----
12/28/2018 12:33:03 AM ----3----
12/28/2018 12:33:04 AM ----4----
12/28/2018 12:33:04 AM ----5----
12/28/2018 12:33:04 AM ----6----
12/28/2018 12:33:04 AM ----7----
12/28/2018 12:33:04 AM ----8----
12/28/2018 12:33:04 AM ----9----
12/28/2018 12:33:04 AM Calculated interpolation
12/28/2018 12:33:04 AM Saved decompose mmc dictionary
12/28/2018 12:33:04 AM Saved decompose mmc dictionary
12/28/2018 12:33:04 AM Looks great !!
