12/27/2018 05:44:54 PM ...........Extract_ncfile_save_fluxes_radiation.py.............0
12/27/2018 05:44:54 PM imported nc file
12/27/2018 05:45:48 PM imported coordinates
12/27/2018 05:45:48 PM imported pressure
12/27/2018 05:47:08 PM saved temp
12/27/2018 05:48:33 PM saved v_comp
12/27/2018 05:50:03 PM saved u_comp
12/27/2018 05:51:29 PM saved Z
12/27/2018 05:52:59 PM saved q
12/27/2018 05:53:05 PM calculated pressure from sigma levels
12/27/2018 05:53:08 PM calculated KE
12/27/2018 05:53:13 PM calculated MSE fluxes
12/27/2018 05:53:17 PM ...........Extract_ncfile_save_fluxes_radiation.py.............1
12/27/2018 05:53:17 PM imported nc file
12/27/2018 05:54:12 PM imported coordinates
12/27/2018 05:54:12 PM imported pressure
12/27/2018 05:55:36 PM saved temp
12/27/2018 05:57:09 PM saved v_comp
12/27/2018 05:58:40 PM saved u_comp
12/27/2018 06:00:08 PM saved Z
12/27/2018 06:01:38 PM saved q
12/27/2018 06:01:43 PM calculated pressure from sigma levels
12/27/2018 06:01:46 PM calculated KE
12/27/2018 06:01:52 PM calculated MSE fluxes
12/27/2018 06:01:55 PM ...........Extract_ncfile_save_fluxes_radiation.py.............2
12/27/2018 06:01:55 PM imported nc file
12/27/2018 06:02:48 PM imported coordinates
12/27/2018 06:02:48 PM imported pressure
12/27/2018 06:04:07 PM saved temp
12/27/2018 06:05:30 PM saved v_comp
12/27/2018 06:06:56 PM saved u_comp
12/27/2018 06:08:12 PM saved Z
12/27/2018 06:09:26 PM saved q
12/27/2018 06:09:31 PM calculated pressure from sigma levels
12/27/2018 06:09:34 PM calculated KE
12/27/2018 06:09:39 PM calculated MSE fluxes
12/27/2018 06:09:42 PM ...........Extract_ncfile_save_fluxes_radiation.py.............3
12/27/2018 06:09:42 PM imported nc file
12/27/2018 06:10:37 PM imported coordinates
12/27/2018 06:10:37 PM imported pressure
12/27/2018 06:12:01 PM saved temp
12/27/2018 06:13:28 PM saved v_comp
12/27/2018 06:14:54 PM saved u_comp
12/27/2018 06:16:10 PM saved Z
12/27/2018 06:17:31 PM saved q
12/27/2018 06:17:36 PM calculated pressure from sigma levels
12/27/2018 06:17:39 PM calculated KE
12/27/2018 06:17:44 PM calculated MSE fluxes
12/27/2018 06:17:48 PM ...........Extract_ncfile_save_fluxes_radiation.py.............4
12/27/2018 06:17:48 PM imported nc file
12/27/2018 06:18:45 PM imported coordinates
12/27/2018 06:18:45 PM imported pressure
12/27/2018 06:20:03 PM saved temp
12/27/2018 06:20:13 PM saved v_comp
12/27/2018 06:20:23 PM saved u_comp
12/27/2018 06:20:56 PM saved Z
12/27/2018 06:22:06 PM saved q
12/27/2018 06:22:11 PM calculated pressure from sigma levels
12/27/2018 06:22:14 PM calculated KE
12/27/2018 06:22:20 PM calculated MSE fluxes
12/27/2018 06:22:22 PM ...........Extract_ncfile_save_fluxes_radiation.py.............5
12/27/2018 06:22:22 PM imported nc file
12/27/2018 06:22:27 PM imported coordinates
12/27/2018 06:22:27 PM imported pressure
12/27/2018 06:23:47 PM saved temp
12/27/2018 06:24:20 PM saved v_comp
12/27/2018 06:24:30 PM saved u_comp
12/27/2018 06:24:39 PM saved Z
12/27/2018 06:25:49 PM saved q
12/27/2018 06:25:54 PM calculated pressure from sigma levels
12/27/2018 06:25:57 PM calculated KE
12/27/2018 06:26:02 PM calculated MSE fluxes
12/27/2018 06:26:06 PM ...........Extract_ncfile_save_fluxes_radiation.py.............6
12/27/2018 06:26:06 PM imported nc file
12/27/2018 06:26:43 PM imported coordinates
12/27/2018 06:26:43 PM imported pressure
12/27/2018 06:27:53 PM saved temp
12/27/2018 06:28:29 PM saved v_comp
12/27/2018 06:28:43 PM saved u_comp
12/27/2018 06:28:53 PM saved Z
12/27/2018 06:30:02 PM saved q
12/27/2018 06:30:07 PM calculated pressure from sigma levels
12/27/2018 06:30:10 PM calculated KE
12/27/2018 06:30:15 PM calculated MSE fluxes
12/27/2018 06:30:18 PM ...........Extract_ncfile_save_fluxes_radiation.py.............7
12/27/2018 06:30:18 PM imported nc file
12/27/2018 06:30:57 PM imported coordinates
12/27/2018 06:30:57 PM imported pressure
12/27/2018 06:32:08 PM saved temp
12/27/2018 06:32:45 PM saved v_comp
12/27/2018 06:33:07 PM saved u_comp
12/27/2018 06:33:17 PM saved Z
12/27/2018 06:34:22 PM saved q
12/27/2018 06:34:27 PM calculated pressure from sigma levels
12/27/2018 06:34:30 PM calculated KE
12/27/2018 06:34:36 PM calculated MSE fluxes
12/27/2018 06:34:39 PM ...........Extract_ncfile_save_fluxes_radiation.py.............8
12/27/2018 06:34:39 PM imported nc file
12/27/2018 06:35:16 PM imported coordinates
12/27/2018 06:35:16 PM imported pressure
12/27/2018 06:36:23 PM saved temp
12/27/2018 06:37:04 PM saved v_comp
12/27/2018 06:38:28 PM saved u_comp
12/27/2018 06:39:51 PM saved Z
12/27/2018 06:41:06 PM saved q
12/27/2018 06:41:11 PM calculated pressure from sigma levels
12/27/2018 06:41:14 PM calculated KE
12/27/2018 06:41:20 PM calculated MSE fluxes
12/27/2018 06:41:23 PM ...........Extract_ncfile_save_fluxes_radiation.py.............9
12/27/2018 06:41:23 PM imported nc file
12/27/2018 06:42:09 PM imported coordinates
12/27/2018 06:42:09 PM imported pressure
12/27/2018 06:43:23 PM saved temp
12/27/2018 06:44:21 PM saved v_comp
12/27/2018 06:44:38 PM saved u_comp
12/27/2018 06:45:16 PM saved Z
12/27/2018 06:46:25 PM saved q
12/27/2018 06:46:30 PM calculated pressure from sigma levels
12/27/2018 06:46:33 PM calculated KE
12/27/2018 06:46:38 PM calculated MSE fluxes
12/27/2018 06:46:41 PM ** INTERPOLATION ** 
12/27/2018 06:46:42 PM ** INTERPOLATION ** 
12/27/2018 09:45:38 PM ...........Extract_ncfile_save_fluxes_radiation.py.............0
12/27/2018 09:45:38 PM imported nc file
12/27/2018 09:46:37 PM imported coordinates
12/27/2018 09:46:37 PM imported pressure
12/27/2018 09:48:11 PM saved temp
12/27/2018 09:49:52 PM saved v_comp
12/27/2018 09:51:29 PM saved u_comp
12/27/2018 09:53:01 PM saved Z
12/27/2018 09:54:35 PM saved q
12/27/2018 09:54:39 PM calculated pressure from sigma levels
12/27/2018 09:54:42 PM calculated KE
12/27/2018 09:54:48 PM calculated MSE fluxes
12/27/2018 09:54:59 PM saved raw data
12/27/2018 09:55:01 PM vertical integartion : MSE fluxes
12/27/2018 09:55:04 PM vertical integration : sensible fluxes
12/27/2018 09:55:08 PM vertical integration : latent fluxes
12/27/2018 09:55:11 PM vertical integration : nc potential fluxes
12/27/2018 09:55:15 PM vertical integration : kinetic energy fluxes
12/27/2018 09:55:18 PM vertical integration : Enthalpy 
12/27/2018 09:56:54 PM saved radiation
12/27/2018 09:57:11 PM precipitation
12/27/2018 09:57:11 PM radiation-- I think its right now !
12/27/2018 09:57:12 PM calculated dh_by_dt
12/27/2018 09:57:12 PM loaded coordinates dictionary
12/27/2018 09:57:12 PM loaded MSE_flux dictionary
12/27/2018 09:57:12 PM loaded rad_dic dictionary
12/27/2018 09:57:13 PM successfully saved dictionaries in files
12/27/2018 09:57:13 PM Begins calculating TE, SE and MM fluxes ....
12/27/2018 09:57:15 PM calculated dh_by_dt dictionary
12/27/2018 09:59:22 PM loaded zonal decomposed fluxes dictionary
12/27/2018 09:59:22 PM loaded zonal decomposed fluxes without vertical avg dictionary
12/27/2018 09:59:23 PM loaded zonal radiation dictionary
12/27/2018 09:59:56 PM loaded MMC_thermo_dynamic dictionary
12/27/2018 09:59:56 PM loaded MMC_thermo_dynamic_vert dictionary
12/27/2018 10:00:03 PM ...........Extract_ncfile_save_fluxes_radiation.py.............1
12/27/2018 10:00:03 PM imported nc file
12/27/2018 10:01:04 PM imported coordinates
12/27/2018 10:01:04 PM imported pressure
12/27/2018 10:02:30 PM saved temp
12/27/2018 10:03:59 PM saved v_comp
12/27/2018 10:05:34 PM saved u_comp
12/27/2018 10:06:59 PM saved Z
12/27/2018 10:08:21 PM saved q
12/27/2018 10:08:26 PM calculated pressure from sigma levels
12/27/2018 10:08:29 PM calculated KE
12/27/2018 10:08:34 PM calculated MSE fluxes
12/27/2018 10:08:45 PM saved raw data
12/27/2018 10:08:47 PM vertical integartion : MSE fluxes
12/27/2018 10:08:51 PM vertical integration : sensible fluxes
12/27/2018 10:08:54 PM vertical integration : latent fluxes
12/27/2018 10:08:58 PM vertical integration : nc potential fluxes
12/27/2018 10:09:01 PM vertical integration : kinetic energy fluxes
12/27/2018 10:09:04 PM vertical integration : Enthalpy 
12/27/2018 10:10:49 PM saved radiation
12/27/2018 10:11:07 PM precipitation
12/27/2018 10:11:07 PM radiation-- I think its right now !
12/27/2018 10:11:08 PM calculated dh_by_dt
12/27/2018 10:11:08 PM loaded coordinates dictionary
12/27/2018 10:11:08 PM loaded MSE_flux dictionary
12/27/2018 10:11:08 PM loaded rad_dic dictionary
12/27/2018 10:11:09 PM successfully saved dictionaries in files
12/27/2018 10:11:09 PM Begins calculating TE, SE and MM fluxes ....
12/27/2018 10:11:10 PM calculated dh_by_dt dictionary
12/27/2018 10:13:20 PM loaded zonal decomposed fluxes dictionary
12/27/2018 10:13:20 PM loaded zonal decomposed fluxes without vertical avg dictionary
12/27/2018 10:13:20 PM loaded zonal radiation dictionary
12/27/2018 10:13:54 PM loaded MMC_thermo_dynamic dictionary
12/27/2018 10:13:54 PM loaded MMC_thermo_dynamic_vert dictionary
12/27/2018 10:13:59 PM ...........Extract_ncfile_save_fluxes_radiation.py.............2
12/27/2018 10:13:59 PM imported nc file
12/27/2018 10:15:02 PM imported coordinates
12/27/2018 10:15:02 PM imported pressure
12/27/2018 10:16:38 PM saved temp
12/27/2018 10:18:19 PM saved v_comp
12/27/2018 10:20:05 PM saved u_comp
12/27/2018 10:21:44 PM saved Z
12/27/2018 10:23:16 PM saved q
12/27/2018 10:23:20 PM calculated pressure from sigma levels
12/27/2018 10:23:24 PM calculated KE
12/27/2018 10:23:29 PM calculated MSE fluxes
12/27/2018 10:23:40 PM saved raw data
12/27/2018 10:23:42 PM vertical integartion : MSE fluxes
12/27/2018 10:23:46 PM vertical integration : sensible fluxes
12/27/2018 10:23:49 PM vertical integration : latent fluxes
12/27/2018 10:23:52 PM vertical integration : nc potential fluxes
12/27/2018 10:23:56 PM vertical integration : kinetic energy fluxes
12/27/2018 10:23:59 PM vertical integration : Enthalpy 
12/27/2018 10:25:38 PM saved radiation
12/27/2018 10:25:55 PM precipitation
12/27/2018 10:25:55 PM radiation-- I think its right now !
12/27/2018 10:25:56 PM calculated dh_by_dt
12/27/2018 10:25:56 PM loaded coordinates dictionary
12/27/2018 10:25:56 PM loaded MSE_flux dictionary
12/27/2018 10:25:56 PM loaded rad_dic dictionary
12/27/2018 10:25:57 PM successfully saved dictionaries in files
12/27/2018 10:25:57 PM Begins calculating TE, SE and MM fluxes ....
12/27/2018 10:25:58 PM calculated dh_by_dt dictionary
12/27/2018 10:28:07 PM loaded zonal decomposed fluxes dictionary
12/27/2018 10:28:07 PM loaded zonal decomposed fluxes without vertical avg dictionary
12/27/2018 10:28:07 PM loaded zonal radiation dictionary
12/27/2018 10:28:41 PM loaded MMC_thermo_dynamic dictionary
12/27/2018 10:28:41 PM loaded MMC_thermo_dynamic_vert dictionary
12/27/2018 10:28:47 PM ...........Extract_ncfile_save_fluxes_radiation.py.............3
12/27/2018 10:28:47 PM imported nc file
12/27/2018 10:29:52 PM imported coordinates
12/27/2018 10:29:52 PM imported pressure
12/27/2018 10:31:28 PM saved temp
12/27/2018 10:33:02 PM saved v_comp
12/27/2018 10:34:37 PM saved u_comp
12/27/2018 10:36:05 PM saved Z
12/27/2018 10:37:23 PM saved q
12/27/2018 10:37:27 PM calculated pressure from sigma levels
12/27/2018 10:37:30 PM calculated KE
12/27/2018 10:37:36 PM calculated MSE fluxes
12/27/2018 10:37:47 PM saved raw data
12/27/2018 10:37:49 PM vertical integartion : MSE fluxes
12/27/2018 10:37:52 PM vertical integration : sensible fluxes
12/27/2018 10:37:56 PM vertical integration : latent fluxes
12/27/2018 10:37:59 PM vertical integration : nc potential fluxes
12/27/2018 10:38:03 PM vertical integration : kinetic energy fluxes
12/27/2018 10:38:06 PM vertical integration : Enthalpy 
12/27/2018 10:39:17 PM saved radiation
12/27/2018 10:39:34 PM precipitation
12/27/2018 10:39:34 PM radiation-- I think its right now !
12/27/2018 10:39:36 PM calculated dh_by_dt
12/27/2018 10:39:36 PM loaded coordinates dictionary
12/27/2018 10:39:36 PM loaded MSE_flux dictionary
12/27/2018 10:39:36 PM loaded rad_dic dictionary
12/27/2018 10:39:36 PM successfully saved dictionaries in files
12/27/2018 10:39:36 PM Begins calculating TE, SE and MM fluxes ....
12/27/2018 10:39:38 PM calculated dh_by_dt dictionary
12/27/2018 10:41:48 PM loaded zonal decomposed fluxes dictionary
12/27/2018 10:41:48 PM loaded zonal decomposed fluxes without vertical avg dictionary
12/27/2018 10:41:48 PM loaded zonal radiation dictionary
12/27/2018 10:42:23 PM loaded MMC_thermo_dynamic dictionary
12/27/2018 10:42:23 PM loaded MMC_thermo_dynamic_vert dictionary
12/27/2018 10:42:27 PM ...........Extract_ncfile_save_fluxes_radiation.py.............4
12/27/2018 10:42:27 PM imported nc file
12/27/2018 10:43:22 PM imported coordinates
12/27/2018 10:43:22 PM imported pressure
12/27/2018 10:44:46 PM saved temp
12/27/2018 10:46:05 PM saved v_comp
12/27/2018 10:47:02 PM saved u_comp
12/27/2018 10:48:21 PM saved Z
12/27/2018 10:49:38 PM saved q
12/27/2018 10:49:42 PM calculated pressure from sigma levels
12/27/2018 10:49:45 PM calculated KE
12/27/2018 10:49:51 PM calculated MSE fluxes
12/27/2018 10:50:02 PM saved raw data
12/27/2018 10:50:04 PM vertical integartion : MSE fluxes
12/27/2018 10:50:07 PM vertical integration : sensible fluxes
12/27/2018 10:50:11 PM vertical integration : latent fluxes
12/27/2018 10:50:14 PM vertical integration : nc potential fluxes
12/27/2018 10:50:18 PM vertical integration : kinetic energy fluxes
12/27/2018 10:50:21 PM vertical integration : Enthalpy 
12/27/2018 10:51:51 PM saved radiation
12/27/2018 10:52:09 PM precipitation
12/27/2018 10:52:09 PM radiation-- I think its right now !
12/27/2018 10:52:10 PM calculated dh_by_dt
12/27/2018 10:52:10 PM loaded coordinates dictionary
12/27/2018 10:52:10 PM loaded MSE_flux dictionary
12/27/2018 10:52:10 PM loaded rad_dic dictionary
12/27/2018 10:52:11 PM successfully saved dictionaries in files
12/27/2018 10:52:11 PM Begins calculating TE, SE and MM fluxes ....
12/27/2018 10:52:12 PM calculated dh_by_dt dictionary
12/27/2018 10:54:20 PM loaded zonal decomposed fluxes dictionary
12/27/2018 10:54:20 PM loaded zonal decomposed fluxes without vertical avg dictionary
12/27/2018 10:54:20 PM loaded zonal radiation dictionary
12/27/2018 10:54:53 PM loaded MMC_thermo_dynamic dictionary
12/27/2018 10:54:53 PM loaded MMC_thermo_dynamic_vert dictionary
12/27/2018 10:54:57 PM ...........Extract_ncfile_save_fluxes_radiation.py.............5
12/27/2018 10:54:57 PM imported nc file
12/27/2018 10:55:56 PM imported coordinates
12/27/2018 10:55:56 PM imported pressure
12/27/2018 10:57:21 PM saved temp
12/27/2018 10:58:38 PM saved v_comp
12/27/2018 10:59:37 PM saved u_comp
12/27/2018 11:01:05 PM saved Z
12/27/2018 11:02:19 PM saved q
12/27/2018 11:02:23 PM calculated pressure from sigma levels
12/27/2018 11:02:26 PM calculated KE
12/27/2018 11:02:32 PM calculated MSE fluxes
12/27/2018 11:02:42 PM saved raw data
12/27/2018 11:02:45 PM vertical integartion : MSE fluxes
12/27/2018 11:02:48 PM vertical integration : sensible fluxes
12/27/2018 11:02:51 PM vertical integration : latent fluxes
12/27/2018 11:02:55 PM vertical integration : nc potential fluxes
12/27/2018 11:02:58 PM vertical integration : kinetic energy fluxes
12/27/2018 11:03:01 PM vertical integration : Enthalpy 
12/27/2018 11:04:09 PM saved radiation
12/27/2018 11:04:27 PM precipitation
12/27/2018 11:04:27 PM radiation-- I think its right now !
12/27/2018 11:04:28 PM calculated dh_by_dt
12/27/2018 11:04:28 PM loaded coordinates dictionary
12/27/2018 11:04:28 PM loaded MSE_flux dictionary
12/27/2018 11:04:28 PM loaded rad_dic dictionary
12/27/2018 11:04:29 PM successfully saved dictionaries in files
12/27/2018 11:04:29 PM Begins calculating TE, SE and MM fluxes ....
12/27/2018 11:04:30 PM calculated dh_by_dt dictionary
12/27/2018 11:06:36 PM loaded zonal decomposed fluxes dictionary
12/27/2018 11:06:36 PM loaded zonal decomposed fluxes without vertical avg dictionary
12/27/2018 11:06:36 PM loaded zonal radiation dictionary
12/27/2018 11:07:08 PM loaded MMC_thermo_dynamic dictionary
12/27/2018 11:07:08 PM loaded MMC_thermo_dynamic_vert dictionary
12/27/2018 11:07:12 PM ...........Extract_ncfile_save_fluxes_radiation.py.............6
12/27/2018 11:07:12 PM imported nc file
12/27/2018 11:08:07 PM imported coordinates
12/27/2018 11:08:07 PM imported pressure
12/27/2018 11:09:32 PM saved temp
12/27/2018 11:10:48 PM saved v_comp
12/27/2018 11:11:29 PM saved u_comp
12/27/2018 11:12:08 PM saved Z
12/27/2018 11:13:22 PM saved q
12/27/2018 11:13:27 PM calculated pressure from sigma levels
12/27/2018 11:13:30 PM calculated KE
12/27/2018 11:13:35 PM calculated MSE fluxes
12/27/2018 11:13:46 PM saved raw data
12/27/2018 11:13:48 PM vertical integartion : MSE fluxes
12/27/2018 11:13:52 PM vertical integration : sensible fluxes
12/27/2018 11:13:55 PM vertical integration : latent fluxes
12/27/2018 11:13:58 PM vertical integration : nc potential fluxes
12/27/2018 11:14:02 PM vertical integration : kinetic energy fluxes
12/27/2018 11:14:05 PM vertical integration : Enthalpy 
12/27/2018 11:15:22 PM saved radiation
12/27/2018 11:15:43 PM precipitation
12/27/2018 11:15:43 PM radiation-- I think its right now !
12/27/2018 11:15:44 PM calculated dh_by_dt
12/27/2018 11:15:44 PM loaded coordinates dictionary
12/27/2018 11:15:44 PM loaded MSE_flux dictionary
12/27/2018 11:15:44 PM loaded rad_dic dictionary
12/27/2018 11:15:45 PM successfully saved dictionaries in files
12/27/2018 11:15:45 PM Begins calculating TE, SE and MM fluxes ....
12/27/2018 11:15:46 PM calculated dh_by_dt dictionary
12/27/2018 11:17:55 PM loaded zonal decomposed fluxes dictionary
12/27/2018 11:17:55 PM loaded zonal decomposed fluxes without vertical avg dictionary
12/27/2018 11:17:55 PM loaded zonal radiation dictionary
12/27/2018 11:18:28 PM loaded MMC_thermo_dynamic dictionary
12/27/2018 11:18:28 PM loaded MMC_thermo_dynamic_vert dictionary
12/27/2018 11:18:33 PM ...........Extract_ncfile_save_fluxes_radiation.py.............7
12/27/2018 11:18:33 PM imported nc file
12/27/2018 11:19:36 PM imported coordinates
12/27/2018 11:19:36 PM imported pressure
12/27/2018 11:21:15 PM saved temp
12/27/2018 11:22:53 PM saved v_comp
12/27/2018 11:24:18 PM saved u_comp
12/27/2018 11:25:35 PM saved Z
12/27/2018 11:26:51 PM saved q
12/27/2018 11:26:56 PM calculated pressure from sigma levels
12/27/2018 11:26:59 PM calculated KE
12/27/2018 11:27:04 PM calculated MSE fluxes
12/27/2018 11:27:15 PM saved raw data
12/27/2018 11:27:18 PM vertical integartion : MSE fluxes
12/27/2018 11:27:21 PM vertical integration : sensible fluxes
12/27/2018 11:27:24 PM vertical integration : latent fluxes
12/27/2018 11:27:28 PM vertical integration : nc potential fluxes
12/27/2018 11:27:31 PM vertical integration : kinetic energy fluxes
12/27/2018 11:27:34 PM vertical integration : Enthalpy 
12/27/2018 11:28:42 PM saved radiation
12/27/2018 11:29:00 PM precipitation
12/27/2018 11:29:00 PM radiation-- I think its right now !
12/27/2018 11:29:01 PM calculated dh_by_dt
12/27/2018 11:29:01 PM loaded coordinates dictionary
12/27/2018 11:29:01 PM loaded MSE_flux dictionary
12/27/2018 11:29:01 PM loaded rad_dic dictionary
12/27/2018 11:29:02 PM successfully saved dictionaries in files
12/27/2018 11:29:02 PM Begins calculating TE, SE and MM fluxes ....
12/27/2018 11:29:03 PM calculated dh_by_dt dictionary
12/27/2018 11:31:12 PM loaded zonal decomposed fluxes dictionary
12/27/2018 11:31:12 PM loaded zonal decomposed fluxes without vertical avg dictionary
12/27/2018 11:31:12 PM loaded zonal radiation dictionary
12/27/2018 11:31:45 PM loaded MMC_thermo_dynamic dictionary
12/27/2018 11:31:45 PM loaded MMC_thermo_dynamic_vert dictionary
12/27/2018 11:31:49 PM ...........Extract_ncfile_save_fluxes_radiation.py.............8
12/27/2018 11:31:49 PM imported nc file
12/27/2018 11:32:47 PM imported coordinates
12/27/2018 11:32:47 PM imported pressure
12/27/2018 11:34:13 PM saved temp
12/27/2018 11:35:26 PM saved v_comp
12/27/2018 11:36:04 PM saved u_comp
12/27/2018 11:36:43 PM saved Z
12/27/2018 11:38:00 PM saved q
12/27/2018 11:38:04 PM calculated pressure from sigma levels
12/27/2018 11:38:07 PM calculated KE
12/27/2018 11:38:13 PM calculated MSE fluxes
12/27/2018 11:38:24 PM saved raw data
12/27/2018 11:38:26 PM vertical integartion : MSE fluxes
12/27/2018 11:38:29 PM vertical integration : sensible fluxes
12/27/2018 11:38:33 PM vertical integration : latent fluxes
12/27/2018 11:38:36 PM vertical integration : nc potential fluxes
12/27/2018 11:38:40 PM vertical integration : kinetic energy fluxes
12/27/2018 11:38:43 PM vertical integration : Enthalpy 
12/27/2018 11:39:49 PM saved radiation
12/27/2018 11:40:05 PM precipitation
12/27/2018 11:40:05 PM radiation-- I think its right now !
12/27/2018 11:40:07 PM calculated dh_by_dt
12/27/2018 11:40:07 PM loaded coordinates dictionary
12/27/2018 11:40:07 PM loaded MSE_flux dictionary
12/27/2018 11:40:07 PM loaded rad_dic dictionary
12/27/2018 11:40:07 PM successfully saved dictionaries in files
12/27/2018 11:40:07 PM Begins calculating TE, SE and MM fluxes ....
12/27/2018 11:40:09 PM calculated dh_by_dt dictionary
12/27/2018 11:42:16 PM loaded zonal decomposed fluxes dictionary
12/27/2018 11:42:17 PM loaded zonal decomposed fluxes without vertical avg dictionary
12/27/2018 11:42:17 PM loaded zonal radiation dictionary
12/27/2018 11:42:50 PM loaded MMC_thermo_dynamic dictionary
12/27/2018 11:42:50 PM loaded MMC_thermo_dynamic_vert dictionary
12/27/2018 11:42:55 PM ...........Extract_ncfile_save_fluxes_radiation.py.............9
12/27/2018 11:42:55 PM imported nc file
12/27/2018 11:43:48 PM imported coordinates
12/27/2018 11:43:48 PM imported pressure
12/27/2018 11:45:08 PM saved temp
12/27/2018 11:46:20 PM saved v_comp
12/27/2018 11:46:37 PM saved u_comp
12/27/2018 11:47:13 PM saved Z
12/27/2018 11:47:51 PM saved q
12/27/2018 11:47:55 PM calculated pressure from sigma levels
12/27/2018 11:47:58 PM calculated KE
12/27/2018 11:48:04 PM calculated MSE fluxes
12/27/2018 11:48:15 PM saved raw data
12/27/2018 11:48:17 PM vertical integartion : MSE fluxes
12/27/2018 11:48:21 PM vertical integration : sensible fluxes
12/27/2018 11:48:24 PM vertical integration : latent fluxes
12/27/2018 11:48:27 PM vertical integration : nc potential fluxes
12/27/2018 11:48:31 PM vertical integration : kinetic energy fluxes
12/27/2018 11:48:34 PM vertical integration : Enthalpy 
12/27/2018 11:49:18 PM saved radiation
12/27/2018 11:49:20 PM precipitation
12/27/2018 11:49:20 PM radiation-- I think its right now !
12/27/2018 11:49:22 PM calculated dh_by_dt
12/27/2018 11:49:22 PM loaded coordinates dictionary
12/27/2018 11:49:22 PM loaded MSE_flux dictionary
12/27/2018 11:49:22 PM loaded rad_dic dictionary
12/27/2018 11:49:22 PM successfully saved dictionaries in files
12/27/2018 11:49:22 PM Begins calculating TE, SE and MM fluxes ....
12/27/2018 11:49:24 PM calculated dh_by_dt dictionary
12/27/2018 11:51:32 PM loaded zonal decomposed fluxes dictionary
12/27/2018 11:51:32 PM loaded zonal decomposed fluxes without vertical avg dictionary
12/27/2018 11:51:33 PM loaded zonal radiation dictionary
12/27/2018 11:52:06 PM loaded MMC_thermo_dynamic dictionary
12/27/2018 11:52:06 PM loaded MMC_thermo_dynamic_vert dictionary
12/27/2018 11:52:09 PM ** INTERPOLATION ** 
12/27/2018 11:52:11 PM ----0----
12/27/2018 11:52:11 PM ----1----
12/27/2018 11:52:11 PM ----2----
12/27/2018 11:52:12 PM ----3----
12/27/2018 11:52:12 PM ----4----
12/27/2018 11:52:12 PM ----5----
12/27/2018 11:52:12 PM ----6----
12/27/2018 11:52:12 PM ----7----
12/27/2018 11:52:12 PM ----8----
12/27/2018 11:52:12 PM ----9----
12/27/2018 11:52:13 PM Calculated interpolation
12/27/2018 11:52:13 PM Calculated divergence
12/27/2018 11:52:14 PM Saved raw data interp dictionary
12/27/2018 11:52:14 PM Saved flux interp dictionary
12/27/2018 11:52:14 PM Saved flux divergence interp
12/27/2018 11:52:14 PM Saved flux vert dictionary
12/27/2018 11:52:14 PM Saved flux divergence vert interp
12/27/2018 11:52:14 PM Looks great !!
12/27/2018 11:52:15 PM ** INTERPOLATION ** 
12/27/2018 11:52:16 PM ----0----
12/27/2018 11:52:16 PM ----1----
12/27/2018 11:52:16 PM ----2----
12/27/2018 11:52:17 PM ----3----
12/27/2018 11:52:17 PM ----4----
12/27/2018 11:52:17 PM ----5----
12/27/2018 11:52:17 PM ----6----
12/27/2018 11:52:17 PM ----7----
12/27/2018 11:52:17 PM ----8----
12/27/2018 11:52:17 PM ----9----
12/27/2018 11:52:17 PM Calculated interpolation
12/27/2018 11:52:17 PM Saved decompose mmc dictionary
12/27/2018 11:52:18 PM Saved decompose mmc dictionary
12/27/2018 11:52:18 PM Looks great !!
