12/03/2018 11:01:12 PM ...........Calculate EKE.............0
12/03/2018 11:01:12 PM imported nc file
12/03/2018 11:01:18 PM imported coordinates
12/03/2018 11:01:23 PM calculated pressure from sigma levels
12/03/2018 11:01:45 PM saved v_comp
12/03/2018 11:02:05 PM saved u_comp
12/03/2018 11:02:14 PM saved z
12/03/2018 11:02:14 PM Filtering signal now
12/03/2018 11:02:27 PM Filtering u and v at plevel 0.9961083984375
12/03/2018 11:02:37 PM Filtering u and v at plevel 0.9873693237304687
12/03/2018 11:02:46 PM Filtering u and v at plevel 0.9765033569335938
12/03/2018 11:02:56 PM Filtering u and v at plevel 0.963111328125
12/03/2018 11:03:06 PM Filtering u and v at plevel 0.94679345703125
12/03/2018 11:03:15 PM Filtering u and v at plevel 0.9271495361328125
12/03/2018 11:03:25 PM Filtering u and v at plevel 0.9037782592773438
12/03/2018 11:03:35 PM Filtering u and v at plevel 0.8762772216796875
12/03/2018 11:03:44 PM Filtering u and v at plevel 0.8442423706054687
12/03/2018 11:03:54 PM Filtering u and v at plevel 0.8072677001953125
12/03/2018 11:04:03 PM Filtering u and v at plevel 0.7649443969726563
12/03/2018 11:04:13 PM Filtering u and v at plevel 0.7168593139648437
12/03/2018 11:04:23 PM Filtering u and v at plevel 0.6625931396484375
12/03/2018 11:04:32 PM Filtering u and v at plevel 0.6017172241210937
12/03/2018 11:04:42 PM Filtering u and v at plevel 0.533786376953125
12/03/2018 11:04:52 PM Filtering u and v at plevel 0.4583251342773437
12/03/2018 11:05:01 PM Filtering u and v at plevel 0.3780865783691406
12/03/2018 11:05:11 PM Filtering u and v at plevel 0.29894439697265623
12/03/2018 11:05:21 PM Filtering u and v at plevel 0.22474922180175783
12/03/2018 11:05:30 PM Filtering u and v at plevel 0.15738101196289062
12/03/2018 11:05:40 PM Filtering u and v at plevel 0.09912992095947265
12/03/2018 11:05:50 PM Filtering u and v at plevel 0.052340194702148436
12/03/2018 11:05:59 PM Filtering u and v at plevel 0.019088397979736327
12/03/2018 11:06:09 PM Filtering u and v at plevel 0.0036502928733825684
12/03/2018 11:06:14 PM calculated EKE
12/03/2018 11:06:26 PM saved EKE data
12/03/2018 11:06:26 PM EKE calculated !! Great !!
12/03/2018 11:06:32 PM ...........Calculate EKE.............1
12/03/2018 11:06:32 PM imported nc file
12/03/2018 11:06:39 PM imported coordinates
12/03/2018 11:06:44 PM calculated pressure from sigma levels
12/03/2018 11:07:05 PM saved v_comp
12/03/2018 11:07:26 PM saved u_comp
12/03/2018 11:07:35 PM saved z
12/03/2018 11:07:35 PM Filtering signal now
12/03/2018 11:07:48 PM Filtering u and v at plevel 0.9961083984375
12/03/2018 11:07:58 PM Filtering u and v at plevel 0.9873693237304687
12/03/2018 11:08:08 PM Filtering u and v at plevel 0.9765033569335938
12/03/2018 11:08:17 PM Filtering u and v at plevel 0.963111328125
12/03/2018 11:08:27 PM Filtering u and v at plevel 0.94679345703125
12/03/2018 11:08:37 PM Filtering u and v at plevel 0.9271495361328125
12/03/2018 11:08:46 PM Filtering u and v at plevel 0.9037782592773438
12/03/2018 11:08:56 PM Filtering u and v at plevel 0.8762772216796875
12/03/2018 11:09:06 PM Filtering u and v at plevel 0.8442423706054687
12/03/2018 11:09:16 PM Filtering u and v at plevel 0.8072677001953125
12/03/2018 11:09:25 PM Filtering u and v at plevel 0.7649443969726563
12/03/2018 11:09:35 PM Filtering u and v at plevel 0.7168593139648437
12/03/2018 11:09:45 PM Filtering u and v at plevel 0.6625931396484375
12/03/2018 11:09:54 PM Filtering u and v at plevel 0.6017172241210937
12/03/2018 11:10:04 PM Filtering u and v at plevel 0.533786376953125
12/03/2018 11:10:14 PM Filtering u and v at plevel 0.4583251342773437
12/03/2018 11:10:24 PM Filtering u and v at plevel 0.3780865783691406
12/03/2018 11:10:33 PM Filtering u and v at plevel 0.29894439697265623
12/03/2018 11:10:43 PM Filtering u and v at plevel 0.22474922180175783
12/03/2018 11:10:53 PM Filtering u and v at plevel 0.15738101196289062
12/03/2018 11:11:03 PM Filtering u and v at plevel 0.09912992095947265
12/03/2018 11:11:12 PM Filtering u and v at plevel 0.052340194702148436
12/03/2018 11:11:22 PM Filtering u and v at plevel 0.019088397979736327
12/03/2018 11:11:32 PM Filtering u and v at plevel 0.0036502928733825684
12/03/2018 11:11:37 PM calculated EKE
12/03/2018 11:11:49 PM saved EKE data
12/03/2018 11:11:49 PM EKE calculated !! Great !!
12/03/2018 11:11:53 PM ...........Calculate EKE.............2
12/03/2018 11:11:53 PM imported nc file
12/03/2018 11:11:59 PM imported coordinates
12/03/2018 11:12:04 PM calculated pressure from sigma levels
12/03/2018 11:12:26 PM saved v_comp
12/03/2018 11:12:47 PM saved u_comp
12/03/2018 11:12:56 PM saved z
12/03/2018 11:12:56 PM Filtering signal now
12/03/2018 11:13:08 PM Filtering u and v at plevel 0.9961083984375
12/03/2018 11:13:17 PM Filtering u and v at plevel 0.9873693237304687
12/03/2018 11:13:26 PM Filtering u and v at plevel 0.9765033569335938
12/03/2018 11:13:36 PM Filtering u and v at plevel 0.963111328125
12/03/2018 11:13:45 PM Filtering u and v at plevel 0.94679345703125
12/03/2018 11:13:54 PM Filtering u and v at plevel 0.9271495361328125
12/03/2018 11:14:03 PM Filtering u and v at plevel 0.9037782592773438
12/03/2018 11:14:12 PM Filtering u and v at plevel 0.8762772216796875
12/03/2018 11:14:22 PM Filtering u and v at plevel 0.8442423706054687
12/03/2018 11:14:31 PM Filtering u and v at plevel 0.8072677001953125
12/03/2018 11:14:40 PM Filtering u and v at plevel 0.7649443969726563
12/03/2018 11:14:49 PM Filtering u and v at plevel 0.7168593139648437
12/03/2018 11:14:58 PM Filtering u and v at plevel 0.6625931396484375
12/03/2018 11:15:08 PM Filtering u and v at plevel 0.6017172241210937
12/03/2018 11:15:17 PM Filtering u and v at plevel 0.533786376953125
12/03/2018 11:15:26 PM Filtering u and v at plevel 0.4583251342773437
12/03/2018 11:15:35 PM Filtering u and v at plevel 0.3780865783691406
12/03/2018 11:15:44 PM Filtering u and v at plevel 0.29894439697265623
12/03/2018 11:15:54 PM Filtering u and v at plevel 0.22474922180175783
12/03/2018 11:16:03 PM Filtering u and v at plevel 0.15738101196289062
12/03/2018 11:16:12 PM Filtering u and v at plevel 0.09912992095947265
12/03/2018 11:16:21 PM Filtering u and v at plevel 0.052340194702148436
12/03/2018 11:16:31 PM Filtering u and v at plevel 0.019088397979736327
12/03/2018 11:16:40 PM Filtering u and v at plevel 0.0036502928733825684
12/03/2018 11:16:45 PM calculated EKE
12/03/2018 11:16:57 PM saved EKE data
12/03/2018 11:16:57 PM EKE calculated !! Great !!
12/03/2018 11:17:03 PM ...........Calculate EKE.............3
12/03/2018 11:17:03 PM imported nc file
12/03/2018 11:17:10 PM imported coordinates
12/03/2018 11:17:15 PM calculated pressure from sigma levels
12/03/2018 11:17:39 PM saved v_comp
12/03/2018 11:18:01 PM saved u_comp
12/03/2018 11:18:09 PM saved z
12/03/2018 11:18:09 PM Filtering signal now
12/03/2018 11:18:23 PM Filtering u and v at plevel 0.9961083984375
12/03/2018 11:18:33 PM Filtering u and v at plevel 0.9873693237304687
12/03/2018 11:18:43 PM Filtering u and v at plevel 0.9765033569335938
12/03/2018 11:18:53 PM Filtering u and v at plevel 0.963111328125
12/03/2018 11:19:04 PM Filtering u and v at plevel 0.94679345703125
12/03/2018 11:19:14 PM Filtering u and v at plevel 0.9271495361328125
12/03/2018 11:19:24 PM Filtering u and v at plevel 0.9037782592773438
12/03/2018 11:19:35 PM Filtering u and v at plevel 0.8762772216796875
12/03/2018 11:19:45 PM Filtering u and v at plevel 0.8442423706054687
12/03/2018 11:19:55 PM Filtering u and v at plevel 0.8072677001953125
12/03/2018 11:20:05 PM Filtering u and v at plevel 0.7649443969726563
12/03/2018 11:20:16 PM Filtering u and v at plevel 0.7168593139648437
12/03/2018 11:20:26 PM Filtering u and v at plevel 0.6625931396484375
12/03/2018 11:20:36 PM Filtering u and v at plevel 0.6017172241210937
12/03/2018 11:20:47 PM Filtering u and v at plevel 0.533786376953125
12/03/2018 11:20:57 PM Filtering u and v at plevel 0.4583251342773437
12/03/2018 11:21:07 PM Filtering u and v at plevel 0.3780865783691406
12/03/2018 11:21:17 PM Filtering u and v at plevel 0.29894439697265623
12/03/2018 11:21:28 PM Filtering u and v at plevel 0.22474922180175783
12/03/2018 11:21:38 PM Filtering u and v at plevel 0.15738101196289062
12/03/2018 11:21:48 PM Filtering u and v at plevel 0.09912992095947265
12/03/2018 11:21:59 PM Filtering u and v at plevel 0.052340194702148436
12/03/2018 11:22:08 PM Filtering u and v at plevel 0.019088397979736327
12/03/2018 11:22:18 PM Filtering u and v at plevel 0.0036502928733825684
12/03/2018 11:22:23 PM calculated EKE
12/03/2018 11:22:34 PM saved EKE data
12/03/2018 11:22:34 PM EKE calculated !! Great !!
12/03/2018 11:22:40 PM ...........Calculate EKE.............4
12/03/2018 11:22:40 PM imported nc file
12/03/2018 11:22:47 PM imported coordinates
12/03/2018 11:22:52 PM calculated pressure from sigma levels
12/03/2018 11:23:24 PM saved v_comp
12/03/2018 11:23:51 PM saved u_comp
12/03/2018 11:24:10 PM saved z
12/03/2018 11:24:10 PM Filtering signal now
12/03/2018 11:24:22 PM Filtering u and v at plevel 0.9961083984375
12/03/2018 11:24:31 PM Filtering u and v at plevel 0.9873693237304687
12/03/2018 11:24:40 PM Filtering u and v at plevel 0.9765033569335938
12/03/2018 11:24:48 PM Filtering u and v at plevel 0.963111328125
12/03/2018 11:24:57 PM Filtering u and v at plevel 0.94679345703125
12/03/2018 11:25:06 PM Filtering u and v at plevel 0.9271495361328125
12/03/2018 11:25:14 PM Filtering u and v at plevel 0.9037782592773438
12/03/2018 11:25:23 PM Filtering u and v at plevel 0.8762772216796875
12/03/2018 11:25:32 PM Filtering u and v at plevel 0.8442423706054687
12/03/2018 11:25:41 PM Filtering u and v at plevel 0.8072677001953125
12/03/2018 11:25:49 PM Filtering u and v at plevel 0.7649443969726563
12/03/2018 11:25:58 PM Filtering u and v at plevel 0.7168593139648437
12/03/2018 11:26:07 PM Filtering u and v at plevel 0.6625931396484375
12/03/2018 11:26:15 PM Filtering u and v at plevel 0.6017172241210937
12/03/2018 11:26:24 PM Filtering u and v at plevel 0.533786376953125
12/03/2018 11:26:33 PM Filtering u and v at plevel 0.4583251342773437
12/03/2018 11:26:42 PM Filtering u and v at plevel 0.3780865783691406
12/03/2018 11:26:50 PM Filtering u and v at plevel 0.29894439697265623
12/03/2018 11:26:59 PM Filtering u and v at plevel 0.22474922180175783
12/03/2018 11:27:08 PM Filtering u and v at plevel 0.15738101196289062
12/03/2018 11:27:16 PM Filtering u and v at plevel 0.09912992095947265
12/03/2018 11:27:25 PM Filtering u and v at plevel 0.052340194702148436
12/03/2018 11:27:34 PM Filtering u and v at plevel 0.019088397979736327
12/03/2018 11:27:43 PM Filtering u and v at plevel 0.0036502928733825684
12/03/2018 11:27:48 PM calculated EKE
12/03/2018 11:27:59 PM saved EKE data
12/03/2018 11:27:59 PM EKE calculated !! Great !!
12/03/2018 11:28:07 PM ...........Calculate EKE.............5
12/03/2018 11:28:07 PM imported nc file
12/03/2018 11:28:12 PM imported coordinates
12/03/2018 11:28:18 PM calculated pressure from sigma levels
12/03/2018 11:28:40 PM saved v_comp
12/03/2018 11:29:02 PM saved u_comp
12/03/2018 11:29:13 PM saved z
12/03/2018 11:29:13 PM Filtering signal now
12/03/2018 11:29:26 PM Filtering u and v at plevel 0.9961083984375
12/03/2018 11:29:36 PM Filtering u and v at plevel 0.9873693237304687
12/03/2018 11:29:46 PM Filtering u and v at plevel 0.9765033569335938
12/03/2018 11:29:56 PM Filtering u and v at plevel 0.963111328125
12/03/2018 11:30:06 PM Filtering u and v at plevel 0.94679345703125
12/03/2018 11:30:16 PM Filtering u and v at plevel 0.9271495361328125
12/03/2018 11:30:26 PM Filtering u and v at plevel 0.9037782592773438
12/03/2018 11:30:36 PM Filtering u and v at plevel 0.8762772216796875
12/03/2018 11:30:47 PM Filtering u and v at plevel 0.8442423706054687
12/03/2018 11:30:57 PM Filtering u and v at plevel 0.8072677001953125
12/03/2018 11:31:07 PM Filtering u and v at plevel 0.7649443969726563
12/03/2018 11:31:17 PM Filtering u and v at plevel 0.7168593139648437
12/03/2018 11:31:27 PM Filtering u and v at plevel 0.6625931396484375
12/03/2018 11:31:37 PM Filtering u and v at plevel 0.6017172241210937
12/03/2018 11:31:47 PM Filtering u and v at plevel 0.533786376953125
12/03/2018 11:31:57 PM Filtering u and v at plevel 0.4583251342773437
12/03/2018 11:32:07 PM Filtering u and v at plevel 0.3780865783691406
12/03/2018 11:32:18 PM Filtering u and v at plevel 0.29894439697265623
12/03/2018 11:32:28 PM Filtering u and v at plevel 0.22474922180175783
12/03/2018 11:32:38 PM Filtering u and v at plevel 0.15738101196289062
12/03/2018 11:32:48 PM Filtering u and v at plevel 0.09912992095947265
12/03/2018 11:32:58 PM Filtering u and v at plevel 0.052340194702148436
12/03/2018 11:33:08 PM Filtering u and v at plevel 0.019088397979736327
12/03/2018 11:33:18 PM Filtering u and v at plevel 0.0036502928733825684
12/03/2018 11:33:23 PM calculated EKE
12/03/2018 11:33:35 PM saved EKE data
12/03/2018 11:33:35 PM EKE calculated !! Great !!
12/03/2018 11:33:41 PM ...........Calculate EKE.............6
12/03/2018 11:33:41 PM imported nc file
12/03/2018 11:33:48 PM imported coordinates
12/03/2018 11:33:53 PM calculated pressure from sigma levels
12/03/2018 11:34:14 PM saved v_comp
12/03/2018 11:34:37 PM saved u_comp
12/03/2018 11:34:48 PM saved z
12/03/2018 11:34:48 PM Filtering signal now
12/03/2018 11:35:01 PM Filtering u and v at plevel 0.9961083984375
12/03/2018 11:35:11 PM Filtering u and v at plevel 0.9873693237304687
12/03/2018 11:35:20 PM Filtering u and v at plevel 0.9765033569335938
12/03/2018 11:35:30 PM Filtering u and v at plevel 0.963111328125
12/03/2018 11:35:39 PM Filtering u and v at plevel 0.94679345703125
12/03/2018 11:35:49 PM Filtering u and v at plevel 0.9271495361328125
12/03/2018 11:35:58 PM Filtering u and v at plevel 0.9037782592773438
12/03/2018 11:36:08 PM Filtering u and v at plevel 0.8762772216796875
12/03/2018 11:36:18 PM Filtering u and v at plevel 0.8442423706054687
12/03/2018 11:36:27 PM Filtering u and v at plevel 0.8072677001953125
12/03/2018 11:36:37 PM Filtering u and v at plevel 0.7649443969726563
12/03/2018 11:36:46 PM Filtering u and v at plevel 0.7168593139648437
12/03/2018 11:36:56 PM Filtering u and v at plevel 0.6625931396484375
12/03/2018 11:37:06 PM Filtering u and v at plevel 0.6017172241210937
12/03/2018 11:37:15 PM Filtering u and v at plevel 0.533786376953125
12/03/2018 11:37:25 PM Filtering u and v at plevel 0.4583251342773437
12/03/2018 11:37:34 PM Filtering u and v at plevel 0.3780865783691406
12/03/2018 11:37:44 PM Filtering u and v at plevel 0.29894439697265623
12/03/2018 11:37:53 PM Filtering u and v at plevel 0.22474922180175783
12/03/2018 11:38:03 PM Filtering u and v at plevel 0.15738101196289062
12/03/2018 11:38:13 PM Filtering u and v at plevel 0.09912992095947265
12/03/2018 11:38:22 PM Filtering u and v at plevel 0.052340194702148436
12/03/2018 11:38:32 PM Filtering u and v at plevel 0.019088397979736327
12/03/2018 11:38:41 PM Filtering u and v at plevel 0.0036502928733825684
12/03/2018 11:38:47 PM calculated EKE
12/03/2018 11:38:58 PM saved EKE data
12/03/2018 11:38:58 PM EKE calculated !! Great !!
12/03/2018 11:39:04 PM ...........Calculate EKE.............7
12/03/2018 11:39:04 PM imported nc file
12/03/2018 11:39:10 PM imported coordinates
12/03/2018 11:39:15 PM calculated pressure from sigma levels
12/03/2018 11:39:40 PM saved v_comp
12/03/2018 11:40:01 PM saved u_comp
12/03/2018 11:40:12 PM saved z
12/03/2018 11:40:12 PM Filtering signal now
12/03/2018 11:40:25 PM Filtering u and v at plevel 0.9961083984375
12/03/2018 11:40:34 PM Filtering u and v at plevel 0.9873693237304687
12/03/2018 11:40:43 PM Filtering u and v at plevel 0.9765033569335938
12/03/2018 11:40:52 PM Filtering u and v at plevel 0.963111328125
12/03/2018 11:41:02 PM Filtering u and v at plevel 0.94679345703125
12/03/2018 11:41:11 PM Filtering u and v at plevel 0.9271495361328125
12/03/2018 11:41:20 PM Filtering u and v at plevel 0.9037782592773438
12/03/2018 11:41:29 PM Filtering u and v at plevel 0.8762772216796875
12/03/2018 11:41:39 PM Filtering u and v at plevel 0.8442423706054687
12/03/2018 11:41:48 PM Filtering u and v at plevel 0.8072677001953125
12/03/2018 11:41:57 PM Filtering u and v at plevel 0.7649443969726563
12/03/2018 11:42:06 PM Filtering u and v at plevel 0.7168593139648437
12/03/2018 11:42:16 PM Filtering u and v at plevel 0.6625931396484375
12/03/2018 11:42:25 PM Filtering u and v at plevel 0.6017172241210937
12/03/2018 11:42:34 PM Filtering u and v at plevel 0.533786376953125
12/03/2018 11:42:43 PM Filtering u and v at plevel 0.4583251342773437
12/03/2018 11:42:53 PM Filtering u and v at plevel 0.3780865783691406
12/03/2018 11:43:02 PM Filtering u and v at plevel 0.29894439697265623
12/03/2018 11:43:11 PM Filtering u and v at plevel 0.22474922180175783
12/03/2018 11:43:20 PM Filtering u and v at plevel 0.15738101196289062
12/03/2018 11:43:30 PM Filtering u and v at plevel 0.09912992095947265
12/03/2018 11:43:39 PM Filtering u and v at plevel 0.052340194702148436
12/03/2018 11:43:48 PM Filtering u and v at plevel 0.019088397979736327
12/03/2018 11:43:57 PM Filtering u and v at plevel 0.0036502928733825684
12/03/2018 11:44:03 PM calculated EKE
12/03/2018 11:44:15 PM saved EKE data
12/03/2018 11:44:15 PM EKE calculated !! Great !!
12/03/2018 11:44:20 PM ...........Calculate EKE.............8
12/03/2018 11:44:20 PM imported nc file
12/03/2018 11:44:27 PM imported coordinates
12/03/2018 11:44:32 PM calculated pressure from sigma levels
12/03/2018 11:44:55 PM saved v_comp
12/03/2018 11:45:15 PM saved u_comp
12/03/2018 11:45:25 PM saved z
12/03/2018 11:45:25 PM Filtering signal now
12/03/2018 11:45:37 PM Filtering u and v at plevel 0.9961083984375
12/03/2018 11:45:46 PM Filtering u and v at plevel 0.9873693237304687
12/03/2018 11:45:55 PM Filtering u and v at plevel 0.9765033569335938
12/03/2018 11:46:04 PM Filtering u and v at plevel 0.963111328125
12/03/2018 11:46:13 PM Filtering u and v at plevel 0.94679345703125
12/03/2018 11:46:22 PM Filtering u and v at plevel 0.9271495361328125
12/03/2018 11:46:31 PM Filtering u and v at plevel 0.9037782592773438
12/03/2018 11:46:39 PM Filtering u and v at plevel 0.8762772216796875
12/03/2018 11:46:47 PM Filtering u and v at plevel 0.8442423706054687
12/03/2018 11:46:55 PM Filtering u and v at plevel 0.8072677001953125
12/03/2018 11:47:03 PM Filtering u and v at plevel 0.7649443969726563
12/03/2018 11:47:11 PM Filtering u and v at plevel 0.7168593139648437
12/03/2018 11:47:20 PM Filtering u and v at plevel 0.6625931396484375
12/03/2018 11:47:29 PM Filtering u and v at plevel 0.6017172241210937
12/03/2018 11:47:38 PM Filtering u and v at plevel 0.533786376953125
12/03/2018 11:47:47 PM Filtering u and v at plevel 0.4583251342773437
12/03/2018 11:47:55 PM Filtering u and v at plevel 0.3780865783691406
12/03/2018 11:48:04 PM Filtering u and v at plevel 0.29894439697265623
12/03/2018 11:48:13 PM Filtering u and v at plevel 0.22474922180175783
12/03/2018 11:48:22 PM Filtering u and v at plevel 0.15738101196289062
12/03/2018 11:48:31 PM Filtering u and v at plevel 0.09912992095947265
12/03/2018 11:48:40 PM Filtering u and v at plevel 0.052340194702148436
12/03/2018 11:48:49 PM Filtering u and v at plevel 0.019088397979736327
12/03/2018 11:48:58 PM Filtering u and v at plevel 0.0036502928733825684
12/03/2018 11:49:03 PM calculated EKE
12/03/2018 11:49:15 PM saved EKE data
12/03/2018 11:49:15 PM EKE calculated !! Great !!
12/03/2018 11:49:22 PM ...........Calculate EKE.............9
12/03/2018 11:49:22 PM imported nc file
12/03/2018 11:49:28 PM imported coordinates
12/03/2018 11:49:33 PM calculated pressure from sigma levels
12/03/2018 11:49:55 PM saved v_comp
12/03/2018 11:50:18 PM saved u_comp
12/03/2018 11:50:31 PM saved z
12/03/2018 11:50:31 PM Filtering signal now
12/03/2018 11:50:44 PM Filtering u and v at plevel 0.9961083984375
12/03/2018 11:50:53 PM Filtering u and v at plevel 0.9873693237304687
12/03/2018 11:51:03 PM Filtering u and v at plevel 0.9765033569335938
12/03/2018 11:51:13 PM Filtering u and v at plevel 0.963111328125
12/03/2018 11:51:22 PM Filtering u and v at plevel 0.94679345703125
12/03/2018 11:51:32 PM Filtering u and v at plevel 0.9271495361328125
12/03/2018 11:51:41 PM Filtering u and v at plevel 0.9037782592773438
12/03/2018 11:51:51 PM Filtering u and v at plevel 0.8762772216796875
12/03/2018 11:52:01 PM Filtering u and v at plevel 0.8442423706054687
12/03/2018 11:52:10 PM Filtering u and v at plevel 0.8072677001953125
12/03/2018 11:52:20 PM Filtering u and v at plevel 0.7649443969726563
12/03/2018 11:52:29 PM Filtering u and v at plevel 0.7168593139648437
12/03/2018 11:52:39 PM Filtering u and v at plevel 0.6625931396484375
12/03/2018 11:52:48 PM Filtering u and v at plevel 0.6017172241210937
12/03/2018 11:52:58 PM Filtering u and v at plevel 0.533786376953125
12/03/2018 11:53:08 PM Filtering u and v at plevel 0.4583251342773437
12/03/2018 11:53:17 PM Filtering u and v at plevel 0.3780865783691406
12/03/2018 11:53:27 PM Filtering u and v at plevel 0.29894439697265623
12/03/2018 11:53:36 PM Filtering u and v at plevel 0.22474922180175783
12/03/2018 11:53:46 PM Filtering u and v at plevel 0.15738101196289062
12/03/2018 11:53:55 PM Filtering u and v at plevel 0.09912992095947265
12/03/2018 11:54:05 PM Filtering u and v at plevel 0.052340194702148436
12/03/2018 11:54:15 PM Filtering u and v at plevel 0.019088397979736327
12/03/2018 11:54:24 PM Filtering u and v at plevel 0.0036502928733825684
12/03/2018 11:54:29 PM calculated EKE
12/03/2018 11:54:41 PM saved EKE data
12/03/2018 11:54:41 PM EKE calculated !! Great !!
12/03/2018 11:54:44 PM ** INTERPOLATION ** 
12/03/2018 11:54:47 PM ----0----
12/03/2018 11:54:47 PM ----1----
12/03/2018 11:54:47 PM ----2----
12/03/2018 11:54:47 PM ----3----
12/03/2018 11:54:47 PM ----4----
12/03/2018 11:54:47 PM ----5----
12/03/2018 11:54:47 PM ----6----
12/03/2018 11:54:47 PM ----7----
12/03/2018 11:54:47 PM ----8----
12/03/2018 11:54:47 PM ----9----
12/04/2018 12:01:50 AM ** INTERPOLATION ** 
12/04/2018 12:01:54 AM ----0----
12/04/2018 12:01:54 AM ----1----
12/04/2018 12:01:54 AM ----2----
12/04/2018 12:01:54 AM ----3----
12/04/2018 12:01:54 AM ----4----
12/04/2018 12:01:54 AM ----5----
12/04/2018 12:01:54 AM ----6----
12/04/2018 12:01:54 AM ----7----
12/04/2018 12:01:54 AM ----8----
12/04/2018 12:01:54 AM ----9----
12/04/2018 12:03:49 AM ** INTERPOLATION ** 
12/04/2018 12:03:52 AM ----0----
12/04/2018 12:03:52 AM ----1----
12/04/2018 12:03:52 AM ----2----
12/04/2018 12:03:52 AM ----3----
12/04/2018 12:03:52 AM ----4----
12/04/2018 12:03:52 AM ----5----
12/04/2018 12:03:52 AM ----6----
12/04/2018 12:03:52 AM ----7----
12/04/2018 12:03:52 AM ----8----
12/04/2018 12:03:52 AM ----9----
12/04/2018 12:03:54 AM Calculated interpolation
12/04/2018 12:03:54 AM Saved raw data interp dictionary
12/04/2018 12:03:54 AM Looks great !!
