12/04/2018 12:30:46 PM ...........Calculate EKE.............0
12/04/2018 12:30:46 PM imported nc file
12/04/2018 12:30:46 PM imported coordinates
12/04/2018 12:31:26 PM calculated pressure from sigma levels
12/04/2018 12:32:07 PM saved v_comp
12/04/2018 12:32:49 PM saved u_comp
12/04/2018 12:33:31 PM saved z
12/04/2018 12:33:31 PM Filtering signal now
12/04/2018 12:33:33 PM Filtering u and v at plevel 0.9961083984375
12/04/2018 12:33:33 PM Filtering u and v at plevel 0.9873693237304687
12/04/2018 12:33:33 PM Filtering u and v at plevel 0.9765033569335938
12/04/2018 12:33:34 PM Filtering u and v at plevel 0.963111328125
12/04/2018 12:33:34 PM Filtering u and v at plevel 0.94679345703125
12/04/2018 12:33:34 PM Filtering u and v at plevel 0.9271495361328125
12/04/2018 12:33:34 PM Filtering u and v at plevel 0.9037782592773438
12/04/2018 12:33:34 PM Filtering u and v at plevel 0.8762772216796875
12/04/2018 12:33:34 PM Filtering u and v at plevel 0.8442423706054687
12/04/2018 12:33:35 PM Filtering u and v at plevel 0.8072677001953125
12/04/2018 12:33:35 PM Filtering u and v at plevel 0.7649443969726563
12/04/2018 12:33:35 PM Filtering u and v at plevel 0.7168593139648437
12/04/2018 12:33:35 PM Filtering u and v at plevel 0.6625931396484375
12/04/2018 12:33:35 PM Filtering u and v at plevel 0.6017172241210937
12/04/2018 12:33:35 PM Filtering u and v at plevel 0.533786376953125
12/04/2018 12:33:36 PM Filtering u and v at plevel 0.4583251342773437
12/04/2018 12:33:36 PM Filtering u and v at plevel 0.3780865783691406
12/04/2018 12:33:36 PM Filtering u and v at plevel 0.29894439697265623
12/04/2018 12:33:36 PM Filtering u and v at plevel 0.22474922180175783
12/04/2018 12:33:36 PM Filtering u and v at plevel 0.15738101196289062
12/04/2018 12:33:36 PM Filtering u and v at plevel 0.09912992095947265
12/04/2018 12:33:37 PM Filtering u and v at plevel 0.052340194702148436
12/04/2018 12:33:37 PM Filtering u and v at plevel 0.019088397979736327
12/04/2018 12:33:37 PM Filtering u and v at plevel 0.0036502928733825684
12/04/2018 12:33:45 PM ...........Calculate EKE.............1
12/04/2018 12:33:45 PM imported nc file
12/04/2018 12:33:45 PM imported coordinates
12/04/2018 12:34:30 PM calculated pressure from sigma levels
12/04/2018 12:50:41 PM ...........Calculate EKE.............0
12/04/2018 12:50:41 PM imported nc file
12/04/2018 12:50:41 PM imported coordinates
12/04/2018 12:51:21 PM calculated pressure from sigma levels
12/04/2018 12:51:59 PM saved v_comp
12/04/2018 12:52:43 PM saved u_comp
12/04/2018 12:53:23 PM saved z
12/04/2018 12:53:23 PM Filtering signal now
12/04/2018 12:53:27 PM Filtering u and v at plevel 0.9961083984375
12/04/2018 12:53:27 PM Filtering u and v at plevel 0.9873693237304687
12/04/2018 12:53:27 PM Filtering u and v at plevel 0.9765033569335938
12/04/2018 12:53:28 PM Filtering u and v at plevel 0.963111328125
12/04/2018 12:53:28 PM Filtering u and v at plevel 0.94679345703125
12/04/2018 12:53:28 PM Filtering u and v at plevel 0.9271495361328125
12/04/2018 12:53:29 PM Filtering u and v at plevel 0.9037782592773438
12/04/2018 12:53:29 PM Filtering u and v at plevel 0.8762772216796875
12/04/2018 12:53:29 PM Filtering u and v at plevel 0.8442423706054687
12/04/2018 12:53:30 PM Filtering u and v at plevel 0.8072677001953125
12/04/2018 12:53:30 PM Filtering u and v at plevel 0.7649443969726563
12/04/2018 12:53:30 PM Filtering u and v at plevel 0.7168593139648437
12/04/2018 12:53:31 PM Filtering u and v at plevel 0.6625931396484375
12/04/2018 12:53:31 PM Filtering u and v at plevel 0.6017172241210937
12/04/2018 12:53:31 PM Filtering u and v at plevel 0.533786376953125
12/04/2018 12:53:32 PM Filtering u and v at plevel 0.4583251342773437
12/04/2018 12:53:32 PM Filtering u and v at plevel 0.3780865783691406
12/04/2018 12:53:32 PM Filtering u and v at plevel 0.29894439697265623
12/04/2018 12:53:33 PM Filtering u and v at plevel 0.22474922180175783
12/04/2018 12:53:33 PM Filtering u and v at plevel 0.15738101196289062
12/04/2018 12:53:33 PM Filtering u and v at plevel 0.09912992095947265
12/04/2018 12:53:34 PM Filtering u and v at plevel 0.052340194702148436
12/04/2018 12:53:34 PM Filtering u and v at plevel 0.019088397979736327
12/04/2018 12:53:34 PM Filtering u and v at plevel 0.0036502928733825684
12/04/2018 12:53:39 PM calculated EKE
12/04/2018 12:53:44 PM ...........Calculate EKE.............1
12/04/2018 12:53:44 PM imported nc file
12/04/2018 12:53:44 PM imported coordinates
12/04/2018 12:54:32 PM calculated pressure from sigma levels
12/04/2018 12:56:03 PM saved v_comp
12/04/2018 01:09:44 PM ...........Calculate EKE.............0
12/04/2018 01:09:44 PM imported nc file
12/04/2018 01:09:44 PM imported coordinates
12/04/2018 01:10:18 PM calculated pressure from sigma levels
12/04/2018 01:10:50 PM saved v_comp
12/04/2018 01:11:21 PM saved u_comp
12/04/2018 01:11:52 PM saved z
12/04/2018 01:11:52 PM Filtering signal now
12/04/2018 01:11:56 PM Filtering u and v at plevel 0.9961083984375
12/04/2018 01:11:56 PM Filtering u and v at plevel 0.9873693237304687
12/04/2018 01:11:57 PM Filtering u and v at plevel 0.9765033569335938
12/04/2018 01:11:57 PM Filtering u and v at plevel 0.963111328125
12/04/2018 01:11:58 PM Filtering u and v at plevel 0.94679345703125
12/04/2018 01:11:58 PM Filtering u and v at plevel 0.9271495361328125
12/04/2018 01:11:58 PM Filtering u and v at plevel 0.9037782592773438
12/04/2018 01:11:59 PM Filtering u and v at plevel 0.8762772216796875
12/04/2018 01:11:59 PM Filtering u and v at plevel 0.8442423706054687
12/04/2018 01:12:00 PM Filtering u and v at plevel 0.8072677001953125
12/04/2018 01:12:00 PM Filtering u and v at plevel 0.7649443969726563
12/04/2018 01:12:00 PM Filtering u and v at plevel 0.7168593139648437
12/04/2018 01:12:01 PM Filtering u and v at plevel 0.6625931396484375
12/04/2018 01:12:01 PM Filtering u and v at plevel 0.6017172241210937
12/04/2018 01:12:02 PM Filtering u and v at plevel 0.533786376953125
12/04/2018 01:12:02 PM Filtering u and v at plevel 0.4583251342773437
12/04/2018 01:12:02 PM Filtering u and v at plevel 0.3780865783691406
12/04/2018 01:12:03 PM Filtering u and v at plevel 0.29894439697265623
12/04/2018 01:12:03 PM Filtering u and v at plevel 0.22474922180175783
12/04/2018 01:12:04 PM Filtering u and v at plevel 0.15738101196289062
12/04/2018 01:12:04 PM Filtering u and v at plevel 0.09912992095947265
12/04/2018 01:12:04 PM Filtering u and v at plevel 0.052340194702148436
12/04/2018 01:12:05 PM Filtering u and v at plevel 0.019088397979736327
12/04/2018 01:12:05 PM Filtering u and v at plevel 0.0036502928733825684
12/04/2018 01:12:11 PM calculated EKE
12/04/2018 01:12:17 PM ...........Calculate EKE.............1
12/04/2018 01:12:17 PM imported nc file
12/04/2018 01:12:17 PM imported coordinates
12/04/2018 01:12:51 PM calculated pressure from sigma levels
12/04/2018 01:13:23 PM saved v_comp
12/04/2018 01:13:58 PM saved u_comp
12/04/2018 01:14:33 PM saved z
12/04/2018 01:14:33 PM Filtering signal now
12/04/2018 01:14:37 PM Filtering u and v at plevel 0.9961083984375
12/04/2018 01:14:37 PM Filtering u and v at plevel 0.9873693237304687
12/04/2018 01:14:38 PM Filtering u and v at plevel 0.9765033569335938
12/04/2018 01:14:38 PM Filtering u and v at plevel 0.963111328125
12/04/2018 01:14:39 PM Filtering u and v at plevel 0.94679345703125
12/04/2018 01:14:39 PM Filtering u and v at plevel 0.9271495361328125
12/04/2018 01:14:39 PM Filtering u and v at plevel 0.9037782592773438
12/04/2018 01:14:40 PM Filtering u and v at plevel 0.8762772216796875
12/04/2018 01:14:40 PM Filtering u and v at plevel 0.8442423706054687
12/04/2018 01:14:40 PM Filtering u and v at plevel 0.8072677001953125
12/04/2018 01:14:41 PM Filtering u and v at plevel 0.7649443969726563
12/04/2018 01:14:41 PM Filtering u and v at plevel 0.7168593139648437
12/04/2018 01:14:41 PM Filtering u and v at plevel 0.6625931396484375
12/04/2018 01:14:42 PM Filtering u and v at plevel 0.6017172241210937
12/04/2018 01:14:42 PM Filtering u and v at plevel 0.533786376953125
12/04/2018 01:14:42 PM Filtering u and v at plevel 0.4583251342773437
12/04/2018 01:14:43 PM Filtering u and v at plevel 0.3780865783691406
12/04/2018 01:14:43 PM Filtering u and v at plevel 0.29894439697265623
12/04/2018 01:14:44 PM Filtering u and v at plevel 0.22474922180175783
12/04/2018 01:14:44 PM Filtering u and v at plevel 0.15738101196289062
12/04/2018 01:14:44 PM Filtering u and v at plevel 0.09912992095947265
12/04/2018 01:14:45 PM Filtering u and v at plevel 0.052340194702148436
12/04/2018 01:14:45 PM Filtering u and v at plevel 0.019088397979736327
12/04/2018 01:14:45 PM Filtering u and v at plevel 0.0036502928733825684
12/04/2018 01:14:51 PM calculated EKE
12/04/2018 01:14:57 PM ...........Calculate EKE.............2
12/04/2018 01:14:57 PM imported nc file
12/04/2018 01:14:57 PM imported coordinates
12/04/2018 01:15:33 PM calculated pressure from sigma levels
12/04/2018 01:16:08 PM saved v_comp
12/04/2018 01:16:42 PM saved u_comp
12/04/2018 01:17:13 PM saved z
12/04/2018 01:17:13 PM Filtering signal now
12/04/2018 01:17:16 PM Filtering u and v at plevel 0.9961083984375
12/04/2018 01:17:17 PM Filtering u and v at plevel 0.9873693237304687
12/04/2018 01:17:17 PM Filtering u and v at plevel 0.9765033569335938
12/04/2018 01:17:17 PM Filtering u and v at plevel 0.963111328125
12/04/2018 01:17:18 PM Filtering u and v at plevel 0.94679345703125
12/04/2018 01:17:18 PM Filtering u and v at plevel 0.9271495361328125
12/04/2018 01:17:18 PM Filtering u and v at plevel 0.9037782592773438
12/04/2018 01:17:19 PM Filtering u and v at plevel 0.8762772216796875
12/04/2018 01:17:19 PM Filtering u and v at plevel 0.8442423706054687
12/04/2018 01:17:19 PM Filtering u and v at plevel 0.8072677001953125
12/04/2018 01:17:20 PM Filtering u and v at plevel 0.7649443969726563
12/04/2018 01:17:20 PM Filtering u and v at plevel 0.7168593139648437
12/04/2018 01:17:20 PM Filtering u and v at plevel 0.6625931396484375
12/04/2018 01:17:20 PM Filtering u and v at plevel 0.6017172241210937
12/04/2018 01:17:21 PM Filtering u and v at plevel 0.533786376953125
12/04/2018 01:17:21 PM Filtering u and v at plevel 0.4583251342773437
12/04/2018 01:17:21 PM Filtering u and v at plevel 0.3780865783691406
12/04/2018 01:17:22 PM Filtering u and v at plevel 0.29894439697265623
12/04/2018 01:17:22 PM Filtering u and v at plevel 0.22474922180175783
12/04/2018 01:17:22 PM Filtering u and v at plevel 0.15738101196289062
12/04/2018 01:17:23 PM Filtering u and v at plevel 0.09912992095947265
12/04/2018 01:17:23 PM Filtering u and v at plevel 0.052340194702148436
12/04/2018 01:17:23 PM Filtering u and v at plevel 0.019088397979736327
12/04/2018 01:17:24 PM Filtering u and v at plevel 0.0036502928733825684
12/04/2018 01:17:29 PM calculated EKE
12/04/2018 01:17:33 PM ...........Calculate EKE.............3
12/04/2018 01:17:33 PM imported nc file
12/04/2018 01:17:33 PM imported coordinates
12/04/2018 01:18:09 PM calculated pressure from sigma levels
12/04/2018 01:18:45 PM saved v_comp
12/04/2018 01:19:20 PM saved u_comp
12/04/2018 01:19:54 PM saved z
12/04/2018 01:19:54 PM Filtering signal now
12/04/2018 01:19:57 PM Filtering u and v at plevel 0.9961083984375
12/04/2018 01:19:57 PM Filtering u and v at plevel 0.9873693237304687
12/04/2018 01:19:58 PM Filtering u and v at plevel 0.9765033569335938
12/04/2018 01:19:58 PM Filtering u and v at plevel 0.963111328125
12/04/2018 01:19:58 PM Filtering u and v at plevel 0.94679345703125
12/04/2018 01:19:59 PM Filtering u and v at plevel 0.9271495361328125
12/04/2018 01:19:59 PM Filtering u and v at plevel 0.9037782592773438
12/04/2018 01:19:59 PM Filtering u and v at plevel 0.8762772216796875
12/04/2018 01:20:00 PM Filtering u and v at plevel 0.8442423706054687
12/04/2018 01:20:00 PM Filtering u and v at plevel 0.8072677001953125
12/04/2018 01:20:00 PM Filtering u and v at plevel 0.7649443969726563
12/04/2018 01:20:01 PM Filtering u and v at plevel 0.7168593139648437
12/04/2018 01:20:01 PM Filtering u and v at plevel 0.6625931396484375
12/04/2018 01:20:01 PM Filtering u and v at plevel 0.6017172241210937
12/04/2018 01:20:02 PM Filtering u and v at plevel 0.533786376953125
12/04/2018 01:20:02 PM Filtering u and v at plevel 0.4583251342773437
12/04/2018 01:20:02 PM Filtering u and v at plevel 0.3780865783691406
12/04/2018 01:20:03 PM Filtering u and v at plevel 0.29894439697265623
12/04/2018 01:20:03 PM Filtering u and v at plevel 0.22474922180175783
12/04/2018 01:20:03 PM Filtering u and v at plevel 0.15738101196289062
12/04/2018 01:20:04 PM Filtering u and v at plevel 0.09912992095947265
12/04/2018 01:20:04 PM Filtering u and v at plevel 0.052340194702148436
12/04/2018 01:20:04 PM Filtering u and v at plevel 0.019088397979736327
12/04/2018 01:20:05 PM Filtering u and v at plevel 0.0036502928733825684
12/04/2018 01:34:52 PM ...........Calculate EKE.............0
12/04/2018 01:34:52 PM imported nc file
12/04/2018 01:34:53 PM imported coordinates
12/04/2018 01:36:02 PM saved psfc regrid:(1460, 90, 144)
12/04/2018 01:36:07 PM calculated pressure from sigma levels
12/04/2018 01:37:37 PM saved v_comp regrid:(1460, 24, 90, 144)
12/04/2018 01:38:49 PM saved u_comp regrid:(1460, 24, 90, 144)
12/04/2018 01:39:55 PM saved z regrid:(1460, 24, 90, 144)
12/04/2018 01:39:55 PM Filtering signal now
12/04/2018 01:40:09 PM Filtering u and v at plevel 0.9961083984375
12/04/2018 01:40:20 PM Filtering u and v at plevel 0.9873693237304687
12/04/2018 01:40:31 PM Filtering u and v at plevel 0.9765033569335938
12/04/2018 01:40:42 PM Filtering u and v at plevel 0.963111328125
12/04/2018 01:40:54 PM Filtering u and v at plevel 0.94679345703125
12/04/2018 01:41:05 PM Filtering u and v at plevel 0.9271495361328125
12/04/2018 01:41:16 PM Filtering u and v at plevel 0.9037782592773438
12/04/2018 01:41:27 PM Filtering u and v at plevel 0.8762772216796875
12/04/2018 01:41:38 PM Filtering u and v at plevel 0.8442423706054687
12/04/2018 01:41:49 PM Filtering u and v at plevel 0.8072677001953125
12/04/2018 01:42:00 PM Filtering u and v at plevel 0.7649443969726563
12/04/2018 01:42:11 PM Filtering u and v at plevel 0.7168593139648437
12/04/2018 01:42:22 PM Filtering u and v at plevel 0.6625931396484375
12/04/2018 01:42:33 PM Filtering u and v at plevel 0.6017172241210937
12/04/2018 01:42:44 PM Filtering u and v at plevel 0.533786376953125
12/04/2018 01:42:56 PM Filtering u and v at plevel 0.4583251342773437
12/04/2018 01:43:07 PM Filtering u and v at plevel 0.3780865783691406
12/04/2018 01:43:18 PM Filtering u and v at plevel 0.29894439697265623
12/04/2018 01:43:29 PM Filtering u and v at plevel 0.22474922180175783
12/04/2018 01:43:40 PM Filtering u and v at plevel 0.15738101196289062
12/04/2018 01:43:51 PM Filtering u and v at plevel 0.09912992095947265
12/04/2018 01:44:02 PM Filtering u and v at plevel 0.052340194702148436
12/04/2018 01:44:13 PM Filtering u and v at plevel 0.019088397979736327
12/04/2018 01:44:24 PM Filtering u and v at plevel 0.0036502928733825684
12/04/2018 01:44:29 PM calculated EKE
12/04/2018 01:44:41 PM saved EKE data
12/04/2018 01:44:41 PM EKE calculated !! Great !!
12/04/2018 01:44:47 PM ...........Calculate EKE.............1
12/04/2018 01:44:47 PM imported nc file
12/04/2018 01:44:48 PM imported coordinates
12/04/2018 01:45:42 PM saved psfc regrid:(1460, 90, 144)
12/04/2018 01:45:47 PM calculated pressure from sigma levels
12/04/2018 01:46:50 PM saved v_comp regrid:(1460, 24, 90, 144)
12/04/2018 01:47:50 PM saved u_comp regrid:(1460, 24, 90, 144)
12/04/2018 01:48:52 PM saved z regrid:(1460, 24, 90, 144)
12/04/2018 01:48:52 PM Filtering signal now
12/04/2018 01:49:06 PM Filtering u and v at plevel 0.9961083984375
12/04/2018 01:49:18 PM Filtering u and v at plevel 0.9873693237304687
12/04/2018 01:49:29 PM Filtering u and v at plevel 0.9765033569335938
12/04/2018 01:49:40 PM Filtering u and v at plevel 0.963111328125
12/04/2018 01:49:51 PM Filtering u and v at plevel 0.94679345703125
12/04/2018 01:50:03 PM Filtering u and v at plevel 0.9271495361328125
12/04/2018 01:50:13 PM Filtering u and v at plevel 0.9037782592773438
12/04/2018 01:50:23 PM Filtering u and v at plevel 0.8762772216796875
12/04/2018 01:50:33 PM Filtering u and v at plevel 0.8442423706054687
12/04/2018 01:50:43 PM Filtering u and v at plevel 0.8072677001953125
12/04/2018 01:50:53 PM Filtering u and v at plevel 0.7649443969726563
12/04/2018 01:51:03 PM Filtering u and v at plevel 0.7168593139648437
12/04/2018 01:51:14 PM Filtering u and v at plevel 0.6625931396484375
12/04/2018 01:51:24 PM Filtering u and v at plevel 0.6017172241210937
12/04/2018 01:51:34 PM Filtering u and v at plevel 0.533786376953125
12/04/2018 01:51:44 PM Filtering u and v at plevel 0.4583251342773437
12/04/2018 01:51:54 PM Filtering u and v at plevel 0.3780865783691406
12/04/2018 01:52:04 PM Filtering u and v at plevel 0.29894439697265623
12/04/2018 01:52:14 PM Filtering u and v at plevel 0.22474922180175783
12/04/2018 01:52:24 PM Filtering u and v at plevel 0.15738101196289062
12/04/2018 01:52:34 PM Filtering u and v at plevel 0.09912992095947265
12/04/2018 01:52:44 PM Filtering u and v at plevel 0.052340194702148436
12/04/2018 01:52:54 PM Filtering u and v at plevel 0.019088397979736327
12/04/2018 01:53:04 PM Filtering u and v at plevel 0.0036502928733825684
12/04/2018 01:53:10 PM calculated EKE
12/04/2018 01:53:20 PM saved EKE data
12/04/2018 01:53:20 PM EKE calculated !! Great !!
12/04/2018 01:53:25 PM ...........Calculate EKE.............2
12/04/2018 01:53:25 PM imported nc file
12/04/2018 01:53:25 PM imported coordinates
12/04/2018 01:53:54 PM saved psfc regrid:(1460, 90, 144)
12/04/2018 01:53:59 PM calculated pressure from sigma levels
12/04/2018 01:54:06 PM saved v_comp regrid:(1460, 24, 90, 144)
12/04/2018 01:54:12 PM saved u_comp regrid:(1460, 24, 90, 144)
12/04/2018 01:54:19 PM saved z regrid:(1460, 24, 90, 144)
12/04/2018 01:54:19 PM Filtering signal now
12/04/2018 01:54:31 PM Filtering u and v at plevel 0.9961083984375
12/04/2018 01:54:40 PM Filtering u and v at plevel 0.9873693237304687
12/04/2018 01:54:49 PM Filtering u and v at plevel 0.9765033569335938
12/04/2018 01:54:58 PM Filtering u and v at plevel 0.963111328125
12/04/2018 01:55:08 PM Filtering u and v at plevel 0.94679345703125
12/04/2018 01:55:17 PM Filtering u and v at plevel 0.9271495361328125
12/04/2018 01:55:26 PM Filtering u and v at plevel 0.9037782592773438
12/04/2018 01:55:35 PM Filtering u and v at plevel 0.8762772216796875
12/04/2018 01:55:44 PM Filtering u and v at plevel 0.8442423706054687
12/04/2018 01:55:53 PM Filtering u and v at plevel 0.8072677001953125
12/04/2018 01:56:02 PM Filtering u and v at plevel 0.7649443969726563
12/04/2018 01:56:12 PM Filtering u and v at plevel 0.7168593139648437
12/04/2018 01:56:21 PM Filtering u and v at plevel 0.6625931396484375
12/04/2018 01:56:30 PM Filtering u and v at plevel 0.6017172241210937
12/04/2018 01:56:39 PM Filtering u and v at plevel 0.533786376953125
12/04/2018 01:56:48 PM Filtering u and v at plevel 0.4583251342773437
12/04/2018 01:56:57 PM Filtering u and v at plevel 0.3780865783691406
12/04/2018 01:57:07 PM Filtering u and v at plevel 0.29894439697265623
12/04/2018 01:57:16 PM Filtering u and v at plevel 0.22474922180175783
12/04/2018 01:57:25 PM Filtering u and v at plevel 0.15738101196289062
12/04/2018 01:57:34 PM Filtering u and v at plevel 0.09912992095947265
12/04/2018 01:57:43 PM Filtering u and v at plevel 0.052340194702148436
12/04/2018 01:57:52 PM Filtering u and v at plevel 0.019088397979736327
12/04/2018 01:58:01 PM Filtering u and v at plevel 0.0036502928733825684
12/04/2018 01:58:07 PM calculated EKE
12/04/2018 01:58:17 PM saved EKE data
12/04/2018 01:58:17 PM EKE calculated !! Great !!
12/04/2018 01:58:21 PM ...........Calculate EKE.............3
12/04/2018 01:58:21 PM imported nc file
12/04/2018 01:58:22 PM imported coordinates
12/04/2018 01:58:45 PM saved psfc regrid:(1460, 90, 144)
12/04/2018 01:58:50 PM calculated pressure from sigma levels
12/04/2018 01:58:57 PM saved v_comp regrid:(1460, 24, 90, 144)
12/04/2018 01:59:04 PM saved u_comp regrid:(1460, 24, 90, 144)
12/04/2018 01:59:11 PM saved z regrid:(1460, 24, 90, 144)
12/04/2018 01:59:11 PM Filtering signal now
12/04/2018 01:59:24 PM Filtering u and v at plevel 0.9961083984375
12/04/2018 01:59:34 PM Filtering u and v at plevel 0.9873693237304687
12/04/2018 01:59:44 PM Filtering u and v at plevel 0.9765033569335938
12/04/2018 01:59:53 PM Filtering u and v at plevel 0.963111328125
12/04/2018 02:00:03 PM Filtering u and v at plevel 0.94679345703125
12/04/2018 02:00:13 PM Filtering u and v at plevel 0.9271495361328125
12/04/2018 02:00:23 PM Filtering u and v at plevel 0.9037782592773438
12/04/2018 02:00:32 PM Filtering u and v at plevel 0.8762772216796875
12/04/2018 02:00:42 PM Filtering u and v at plevel 0.8442423706054687
12/04/2018 02:00:52 PM Filtering u and v at plevel 0.8072677001953125
12/04/2018 02:01:02 PM Filtering u and v at plevel 0.7649443969726563
12/04/2018 02:01:11 PM Filtering u and v at plevel 0.7168593139648437
12/04/2018 02:01:21 PM Filtering u and v at plevel 0.6625931396484375
12/04/2018 02:01:31 PM Filtering u and v at plevel 0.6017172241210937
12/04/2018 02:01:41 PM Filtering u and v at plevel 0.533786376953125
12/04/2018 02:01:50 PM Filtering u and v at plevel 0.4583251342773437
12/04/2018 02:02:00 PM Filtering u and v at plevel 0.3780865783691406
12/04/2018 02:02:10 PM Filtering u and v at plevel 0.29894439697265623
12/04/2018 02:02:20 PM Filtering u and v at plevel 0.22474922180175783
12/04/2018 02:02:29 PM Filtering u and v at plevel 0.15738101196289062
12/04/2018 02:02:39 PM Filtering u and v at plevel 0.09912992095947265
12/04/2018 02:02:49 PM Filtering u and v at plevel 0.052340194702148436
12/04/2018 02:02:59 PM Filtering u and v at plevel 0.019088397979736327
12/04/2018 02:03:08 PM Filtering u and v at plevel 0.0036502928733825684
12/04/2018 02:03:13 PM calculated EKE
12/04/2018 02:03:24 PM saved EKE data
12/04/2018 02:03:24 PM EKE calculated !! Great !!
12/04/2018 02:03:27 PM ...........Calculate EKE.............4
12/04/2018 02:03:27 PM imported nc file
12/04/2018 02:03:27 PM imported coordinates
12/04/2018 02:03:54 PM saved psfc regrid:(1460, 90, 144)
12/04/2018 02:03:59 PM calculated pressure from sigma levels
12/04/2018 02:04:30 PM saved v_comp regrid:(1460, 24, 90, 144)
12/04/2018 02:05:03 PM saved u_comp regrid:(1460, 24, 90, 144)
12/04/2018 02:05:36 PM saved z regrid:(1460, 24, 90, 144)
12/04/2018 02:05:36 PM Filtering signal now
12/04/2018 02:05:48 PM Filtering u and v at plevel 0.9961083984375
12/04/2018 02:05:58 PM Filtering u and v at plevel 0.9873693237304687
12/04/2018 02:06:07 PM Filtering u and v at plevel 0.9765033569335938
12/04/2018 02:06:17 PM Filtering u and v at plevel 0.963111328125
12/04/2018 02:06:26 PM Filtering u and v at plevel 0.94679345703125
12/04/2018 02:06:36 PM Filtering u and v at plevel 0.9271495361328125
12/04/2018 02:06:45 PM Filtering u and v at plevel 0.9037782592773438
12/04/2018 02:06:55 PM Filtering u and v at plevel 0.8762772216796875
12/04/2018 02:07:04 PM Filtering u and v at plevel 0.8442423706054687
12/04/2018 02:07:14 PM Filtering u and v at plevel 0.8072677001953125
12/04/2018 02:07:23 PM Filtering u and v at plevel 0.7649443969726563
12/04/2018 02:07:33 PM Filtering u and v at plevel 0.7168593139648437
12/04/2018 02:07:42 PM Filtering u and v at plevel 0.6625931396484375
12/04/2018 02:07:52 PM Filtering u and v at plevel 0.6017172241210937
12/04/2018 02:08:01 PM Filtering u and v at plevel 0.533786376953125
12/04/2018 02:08:11 PM Filtering u and v at plevel 0.4583251342773437
12/04/2018 02:08:20 PM Filtering u and v at plevel 0.3780865783691406
12/04/2018 02:08:30 PM Filtering u and v at plevel 0.29894439697265623
12/04/2018 02:08:39 PM Filtering u and v at plevel 0.22474922180175783
12/04/2018 02:08:49 PM Filtering u and v at plevel 0.15738101196289062
12/04/2018 02:08:58 PM Filtering u and v at plevel 0.09912992095947265
12/04/2018 02:09:07 PM Filtering u and v at plevel 0.052340194702148436
12/04/2018 02:09:17 PM Filtering u and v at plevel 0.019088397979736327
12/04/2018 02:09:26 PM Filtering u and v at plevel 0.0036502928733825684
12/04/2018 02:09:32 PM calculated EKE
12/04/2018 02:09:42 PM saved EKE data
12/04/2018 02:09:42 PM EKE calculated !! Great !!
12/04/2018 02:09:47 PM ...........Calculate EKE.............5
12/04/2018 02:09:47 PM imported nc file
12/04/2018 02:09:48 PM imported coordinates
12/04/2018 02:10:13 PM saved psfc regrid:(1460, 90, 144)
12/04/2018 02:10:18 PM calculated pressure from sigma levels
12/04/2018 02:10:49 PM saved v_comp regrid:(1460, 24, 90, 144)
12/04/2018 02:11:21 PM saved u_comp regrid:(1460, 24, 90, 144)
12/04/2018 02:11:54 PM saved z regrid:(1460, 24, 90, 144)
12/04/2018 02:11:54 PM Filtering signal now
12/04/2018 02:12:06 PM Filtering u and v at plevel 0.9961083984375
12/04/2018 02:12:15 PM Filtering u and v at plevel 0.9873693237304687
12/04/2018 02:12:25 PM Filtering u and v at plevel 0.9765033569335938
12/04/2018 02:12:34 PM Filtering u and v at plevel 0.963111328125
12/04/2018 02:12:43 PM Filtering u and v at plevel 0.94679345703125
12/04/2018 02:12:52 PM Filtering u and v at plevel 0.9271495361328125
12/04/2018 02:13:01 PM Filtering u and v at plevel 0.9037782592773438
12/04/2018 02:13:10 PM Filtering u and v at plevel 0.8762772216796875
12/04/2018 02:13:19 PM Filtering u and v at plevel 0.8442423706054687
12/04/2018 02:13:28 PM Filtering u and v at plevel 0.8072677001953125
12/04/2018 02:13:38 PM Filtering u and v at plevel 0.7649443969726563
12/04/2018 02:13:47 PM Filtering u and v at plevel 0.7168593139648437
12/04/2018 02:13:56 PM Filtering u and v at plevel 0.6625931396484375
12/04/2018 02:14:05 PM Filtering u and v at plevel 0.6017172241210937
12/04/2018 02:14:14 PM Filtering u and v at plevel 0.533786376953125
12/04/2018 02:14:23 PM Filtering u and v at plevel 0.4583251342773437
12/04/2018 02:14:32 PM Filtering u and v at plevel 0.3780865783691406
12/04/2018 02:14:41 PM Filtering u and v at plevel 0.29894439697265623
12/04/2018 02:14:51 PM Filtering u and v at plevel 0.22474922180175783
12/04/2018 02:15:00 PM Filtering u and v at plevel 0.15738101196289062
12/04/2018 02:15:09 PM Filtering u and v at plevel 0.09912992095947265
12/04/2018 02:15:18 PM Filtering u and v at plevel 0.052340194702148436
12/04/2018 02:15:27 PM Filtering u and v at plevel 0.019088397979736327
12/04/2018 02:15:36 PM Filtering u and v at plevel 0.0036502928733825684
12/04/2018 02:15:41 PM calculated EKE
12/04/2018 02:15:52 PM saved EKE data
12/04/2018 02:15:52 PM EKE calculated !! Great !!
12/04/2018 02:15:57 PM ...........Calculate EKE.............6
12/04/2018 02:15:57 PM imported nc file
12/04/2018 02:15:58 PM imported coordinates
12/04/2018 02:16:23 PM saved psfc regrid:(1460, 90, 144)
12/04/2018 02:16:29 PM calculated pressure from sigma levels
12/04/2018 02:16:59 PM saved v_comp regrid:(1460, 24, 90, 144)
12/04/2018 02:17:31 PM saved u_comp regrid:(1460, 24, 90, 144)
12/04/2018 02:18:03 PM saved z regrid:(1460, 24, 90, 144)
12/04/2018 02:18:03 PM Filtering signal now
12/04/2018 02:18:15 PM Filtering u and v at plevel 0.9961083984375
12/04/2018 02:18:25 PM Filtering u and v at plevel 0.9873693237304687
12/04/2018 02:18:34 PM Filtering u and v at plevel 0.9765033569335938
12/04/2018 02:18:43 PM Filtering u and v at plevel 0.963111328125
12/04/2018 02:18:52 PM Filtering u and v at plevel 0.94679345703125
12/04/2018 02:19:02 PM Filtering u and v at plevel 0.9271495361328125
12/04/2018 02:19:11 PM Filtering u and v at plevel 0.9037782592773438
12/04/2018 02:19:20 PM Filtering u and v at plevel 0.8762772216796875
12/04/2018 02:19:29 PM Filtering u and v at plevel 0.8442423706054687
12/04/2018 02:19:39 PM Filtering u and v at plevel 0.8072677001953125
12/04/2018 02:19:48 PM Filtering u and v at plevel 0.7649443969726563
12/04/2018 02:19:57 PM Filtering u and v at plevel 0.7168593139648437
12/04/2018 02:20:06 PM Filtering u and v at plevel 0.6625931396484375
12/04/2018 02:20:16 PM Filtering u and v at plevel 0.6017172241210937
12/04/2018 02:20:25 PM Filtering u and v at plevel 0.533786376953125
12/04/2018 02:20:34 PM Filtering u and v at plevel 0.4583251342773437
12/04/2018 02:20:43 PM Filtering u and v at plevel 0.3780865783691406
12/04/2018 02:20:53 PM Filtering u and v at plevel 0.29894439697265623
12/04/2018 02:21:02 PM Filtering u and v at plevel 0.22474922180175783
12/04/2018 02:21:11 PM Filtering u and v at plevel 0.15738101196289062
12/04/2018 02:21:20 PM Filtering u and v at plevel 0.09912992095947265
12/04/2018 02:21:30 PM Filtering u and v at plevel 0.052340194702148436
12/04/2018 02:21:39 PM Filtering u and v at plevel 0.019088397979736327
12/04/2018 02:21:48 PM Filtering u and v at plevel 0.0036502928733825684
12/04/2018 02:21:53 PM calculated EKE
12/04/2018 02:22:04 PM saved EKE data
12/04/2018 02:22:04 PM EKE calculated !! Great !!
12/04/2018 02:22:07 PM ...........Calculate EKE.............7
12/04/2018 02:22:07 PM imported nc file
12/04/2018 02:22:08 PM imported coordinates
12/04/2018 02:22:35 PM saved psfc regrid:(1460, 90, 144)
12/04/2018 02:22:40 PM calculated pressure from sigma levels
12/04/2018 02:23:06 PM saved v_comp regrid:(1460, 24, 90, 144)
12/04/2018 02:23:13 PM saved u_comp regrid:(1460, 24, 90, 144)
12/04/2018 02:23:20 PM saved z regrid:(1460, 24, 90, 144)
12/04/2018 02:23:20 PM Filtering signal now
12/04/2018 02:23:32 PM Filtering u and v at plevel 0.9961083984375
12/04/2018 02:23:42 PM Filtering u and v at plevel 0.9873693237304687
12/04/2018 02:23:51 PM Filtering u and v at plevel 0.9765033569335938
12/04/2018 02:24:00 PM Filtering u and v at plevel 0.963111328125
12/04/2018 02:24:10 PM Filtering u and v at plevel 0.94679345703125
12/04/2018 02:24:19 PM Filtering u and v at plevel 0.9271495361328125
12/04/2018 02:24:28 PM Filtering u and v at plevel 0.9037782592773438
12/04/2018 02:24:38 PM Filtering u and v at plevel 0.8762772216796875
12/04/2018 02:24:47 PM Filtering u and v at plevel 0.8442423706054687
12/04/2018 02:24:56 PM Filtering u and v at plevel 0.8072677001953125
12/04/2018 02:25:06 PM Filtering u and v at plevel 0.7649443969726563
12/04/2018 02:25:15 PM Filtering u and v at plevel 0.7168593139648437
12/04/2018 02:25:24 PM Filtering u and v at plevel 0.6625931396484375
12/04/2018 02:25:34 PM Filtering u and v at plevel 0.6017172241210937
12/04/2018 02:25:43 PM Filtering u and v at plevel 0.533786376953125
12/04/2018 02:25:52 PM Filtering u and v at plevel 0.4583251342773437
12/04/2018 02:26:02 PM Filtering u and v at plevel 0.3780865783691406
12/04/2018 02:26:11 PM Filtering u and v at plevel 0.29894439697265623
12/04/2018 02:26:20 PM Filtering u and v at plevel 0.22474922180175783
12/04/2018 02:26:30 PM Filtering u and v at plevel 0.15738101196289062
12/04/2018 02:26:39 PM Filtering u and v at plevel 0.09912992095947265
12/04/2018 02:26:48 PM Filtering u and v at plevel 0.052340194702148436
12/04/2018 02:26:58 PM Filtering u and v at plevel 0.019088397979736327
12/04/2018 02:27:07 PM Filtering u and v at plevel 0.0036502928733825684
12/04/2018 02:27:12 PM calculated EKE
12/04/2018 02:27:23 PM saved EKE data
12/04/2018 02:27:23 PM EKE calculated !! Great !!
12/04/2018 02:27:26 PM ...........Calculate EKE.............8
12/04/2018 02:27:26 PM imported nc file
12/04/2018 02:27:27 PM imported coordinates
12/04/2018 02:27:52 PM saved psfc regrid:(1460, 90, 144)
12/04/2018 02:27:58 PM calculated pressure from sigma levels
12/04/2018 02:28:05 PM saved v_comp regrid:(1460, 24, 90, 144)
12/04/2018 02:28:12 PM saved u_comp regrid:(1460, 24, 90, 144)
12/04/2018 02:28:19 PM saved z regrid:(1460, 24, 90, 144)
12/04/2018 02:28:19 PM Filtering signal now
12/04/2018 02:28:32 PM Filtering u and v at plevel 0.9961083984375
12/04/2018 02:28:41 PM Filtering u and v at plevel 0.9873693237304687
12/04/2018 02:28:51 PM Filtering u and v at plevel 0.9765033569335938
12/04/2018 02:29:01 PM Filtering u and v at plevel 0.963111328125
12/04/2018 02:29:10 PM Filtering u and v at plevel 0.94679345703125
12/04/2018 02:29:20 PM Filtering u and v at plevel 0.9271495361328125
12/04/2018 02:29:30 PM Filtering u and v at plevel 0.9037782592773438
12/04/2018 02:29:39 PM Filtering u and v at plevel 0.8762772216796875
12/04/2018 02:29:49 PM Filtering u and v at plevel 0.8442423706054687
12/04/2018 02:29:58 PM Filtering u and v at plevel 0.8072677001953125
12/04/2018 02:30:08 PM Filtering u and v at plevel 0.7649443969726563
12/04/2018 02:30:18 PM Filtering u and v at plevel 0.7168593139648437
12/04/2018 02:30:27 PM Filtering u and v at plevel 0.6625931396484375
12/04/2018 02:30:37 PM Filtering u and v at plevel 0.6017172241210937
12/04/2018 02:30:47 PM Filtering u and v at plevel 0.533786376953125
12/04/2018 02:30:56 PM Filtering u and v at plevel 0.4583251342773437
12/04/2018 02:31:06 PM Filtering u and v at plevel 0.3780865783691406
12/04/2018 02:31:15 PM Filtering u and v at plevel 0.29894439697265623
12/04/2018 02:31:25 PM Filtering u and v at plevel 0.22474922180175783
12/04/2018 02:31:35 PM Filtering u and v at plevel 0.15738101196289062
12/04/2018 02:31:44 PM Filtering u and v at plevel 0.09912992095947265
12/04/2018 02:31:54 PM Filtering u and v at plevel 0.052340194702148436
12/04/2018 02:32:04 PM Filtering u and v at plevel 0.019088397979736327
12/04/2018 02:32:13 PM Filtering u and v at plevel 0.0036502928733825684
12/04/2018 02:32:18 PM calculated EKE
12/04/2018 02:32:29 PM saved EKE data
12/04/2018 02:32:29 PM EKE calculated !! Great !!
12/04/2018 02:32:32 PM ...........Calculate EKE.............9
12/04/2018 02:32:32 PM imported nc file
12/04/2018 02:32:33 PM imported coordinates
12/04/2018 02:32:59 PM saved psfc regrid:(1460, 90, 144)
12/04/2018 02:33:04 PM calculated pressure from sigma levels
12/04/2018 02:33:34 PM saved v_comp regrid:(1460, 24, 90, 144)
12/04/2018 02:34:03 PM saved u_comp regrid:(1460, 24, 90, 144)
12/04/2018 02:34:33 PM saved z regrid:(1460, 24, 90, 144)
12/04/2018 02:34:33 PM Filtering signal now
12/04/2018 02:34:46 PM Filtering u and v at plevel 0.9961083984375
12/04/2018 02:34:56 PM Filtering u and v at plevel 0.9873693237304687
12/04/2018 02:35:06 PM Filtering u and v at plevel 0.9765033569335938
12/04/2018 02:35:16 PM Filtering u and v at plevel 0.963111328125
12/04/2018 02:35:26 PM Filtering u and v at plevel 0.94679345703125
12/04/2018 02:35:36 PM Filtering u and v at plevel 0.9271495361328125
12/04/2018 02:35:46 PM Filtering u and v at plevel 0.9037782592773438
12/04/2018 02:35:56 PM Filtering u and v at plevel 0.8762772216796875
12/04/2018 02:36:06 PM Filtering u and v at plevel 0.8442423706054687
12/04/2018 02:36:16 PM Filtering u and v at plevel 0.8072677001953125
12/04/2018 02:36:26 PM Filtering u and v at plevel 0.7649443969726563
12/04/2018 02:36:36 PM Filtering u and v at plevel 0.7168593139648437
12/04/2018 02:36:47 PM Filtering u and v at plevel 0.6625931396484375
12/04/2018 02:36:57 PM Filtering u and v at plevel 0.6017172241210937
12/04/2018 02:37:07 PM Filtering u and v at plevel 0.533786376953125
12/04/2018 02:37:17 PM Filtering u and v at plevel 0.4583251342773437
12/04/2018 02:37:27 PM Filtering u and v at plevel 0.3780865783691406
12/04/2018 02:37:37 PM Filtering u and v at plevel 0.29894439697265623
12/04/2018 02:37:47 PM Filtering u and v at plevel 0.22474922180175783
12/04/2018 02:37:57 PM Filtering u and v at plevel 0.15738101196289062
12/04/2018 02:38:07 PM Filtering u and v at plevel 0.09912992095947265
12/04/2018 02:38:17 PM Filtering u and v at plevel 0.052340194702148436
12/04/2018 02:38:27 PM Filtering u and v at plevel 0.019088397979736327
12/04/2018 02:38:37 PM Filtering u and v at plevel 0.0036502928733825684
12/04/2018 02:38:42 PM calculated EKE
12/04/2018 02:38:53 PM saved EKE data
12/04/2018 02:38:53 PM EKE calculated !! Great !!
12/04/2018 02:38:55 PM ** INTERPOLATION ** 
12/04/2018 02:38:57 PM ----0----
12/04/2018 02:38:57 PM ----1----
12/04/2018 02:38:57 PM ----2----
12/04/2018 02:38:57 PM ----3----
12/04/2018 02:38:57 PM ----4----
12/04/2018 02:38:57 PM ----5----
12/04/2018 02:38:57 PM ----6----
12/04/2018 02:38:57 PM ----7----
12/04/2018 02:38:57 PM ----8----
12/04/2018 02:38:57 PM ----9----
12/04/2018 02:39:00 PM Calculated interpolation
12/04/2018 02:39:00 PM Saved raw data interp dictionary
12/04/2018 02:39:00 PM Looks great !!
