12/04/2018 12:28:47 PM ...........Calculate EKE.............0
12/04/2018 12:28:47 PM imported nc file
12/04/2018 12:28:47 PM imported coordinates
12/04/2018 12:29:20 PM calculated pressure from sigma levels
12/04/2018 12:29:54 PM saved v_comp
12/04/2018 12:30:28 PM saved u_comp
12/04/2018 12:31:06 PM saved z
12/04/2018 12:31:06 PM Filtering signal now
12/04/2018 12:31:08 PM Filtering u and v at plevel 0.9961083984375
12/04/2018 12:31:08 PM Filtering u and v at plevel 0.9873693237304687
12/04/2018 12:31:09 PM Filtering u and v at plevel 0.9765033569335938
12/04/2018 12:31:09 PM Filtering u and v at plevel 0.963111328125
12/04/2018 12:31:09 PM Filtering u and v at plevel 0.94679345703125
12/04/2018 12:31:09 PM Filtering u and v at plevel 0.9271495361328125
12/04/2018 12:31:09 PM Filtering u and v at plevel 0.9037782592773438
12/04/2018 12:31:10 PM Filtering u and v at plevel 0.8762772216796875
12/04/2018 12:31:10 PM Filtering u and v at plevel 0.8442423706054687
12/04/2018 12:31:10 PM Filtering u and v at plevel 0.8072677001953125
12/04/2018 12:31:10 PM Filtering u and v at plevel 0.7649443969726563
12/04/2018 12:31:10 PM Filtering u and v at plevel 0.7168593139648437
12/04/2018 12:31:10 PM Filtering u and v at plevel 0.6625931396484375
12/04/2018 12:31:11 PM Filtering u and v at plevel 0.6017172241210937
12/04/2018 12:31:11 PM Filtering u and v at plevel 0.533786376953125
12/04/2018 12:31:11 PM Filtering u and v at plevel 0.4583251342773437
12/04/2018 12:31:11 PM Filtering u and v at plevel 0.3780865783691406
12/04/2018 12:31:11 PM Filtering u and v at plevel 0.29894439697265623
12/04/2018 12:31:12 PM Filtering u and v at plevel 0.22474922180175783
12/04/2018 12:31:12 PM Filtering u and v at plevel 0.15738101196289062
12/04/2018 12:31:12 PM Filtering u and v at plevel 0.09912992095947265
12/04/2018 12:31:12 PM Filtering u and v at plevel 0.052340194702148436
12/04/2018 12:31:12 PM Filtering u and v at plevel 0.019088397979736327
12/04/2018 12:31:13 PM Filtering u and v at plevel 0.0036502928733825684
12/04/2018 12:31:21 PM ...........Calculate EKE.............1
12/04/2018 12:31:21 PM imported nc file
12/04/2018 12:31:21 PM imported coordinates
12/04/2018 12:32:02 PM calculated pressure from sigma levels
12/04/2018 12:32:44 PM saved v_comp
12/04/2018 12:33:25 PM saved u_comp
12/04/2018 12:34:04 PM saved z
12/04/2018 12:34:04 PM Filtering signal now
12/04/2018 12:34:07 PM Filtering u and v at plevel 0.9961083984375
12/04/2018 12:34:07 PM Filtering u and v at plevel 0.9873693237304687
12/04/2018 12:34:07 PM Filtering u and v at plevel 0.9765033569335938
12/04/2018 12:34:07 PM Filtering u and v at plevel 0.963111328125
12/04/2018 12:34:07 PM Filtering u and v at plevel 0.94679345703125
12/04/2018 12:34:08 PM Filtering u and v at plevel 0.9271495361328125
12/04/2018 12:34:08 PM Filtering u and v at plevel 0.9037782592773438
12/04/2018 12:34:08 PM Filtering u and v at plevel 0.8762772216796875
12/04/2018 12:34:08 PM Filtering u and v at plevel 0.8442423706054687
12/04/2018 12:34:08 PM Filtering u and v at plevel 0.8072677001953125
12/04/2018 12:34:08 PM Filtering u and v at plevel 0.7649443969726563
12/04/2018 12:34:09 PM Filtering u and v at plevel 0.7168593139648437
12/04/2018 12:34:09 PM Filtering u and v at plevel 0.6625931396484375
12/04/2018 12:34:09 PM Filtering u and v at plevel 0.6017172241210937
12/04/2018 12:34:09 PM Filtering u and v at plevel 0.533786376953125
12/04/2018 12:34:09 PM Filtering u and v at plevel 0.4583251342773437
12/04/2018 12:34:09 PM Filtering u and v at plevel 0.3780865783691406
12/04/2018 12:34:10 PM Filtering u and v at plevel 0.29894439697265623
12/04/2018 12:34:10 PM Filtering u and v at plevel 0.22474922180175783
12/04/2018 12:34:10 PM Filtering u and v at plevel 0.15738101196289062
12/04/2018 12:34:10 PM Filtering u and v at plevel 0.09912992095947265
12/04/2018 12:34:10 PM Filtering u and v at plevel 0.052340194702148436
12/04/2018 12:34:10 PM Filtering u and v at plevel 0.019088397979736327
12/04/2018 12:34:11 PM Filtering u and v at plevel 0.0036502928733825684
12/04/2018 12:34:17 PM ...........Calculate EKE.............2
12/04/2018 12:34:17 PM imported nc file
12/04/2018 12:34:17 PM imported coordinates
12/04/2018 12:35:01 PM calculated pressure from sigma levels
12/04/2018 12:39:40 PM ...........Calculate EKE.............0
12/04/2018 12:39:40 PM imported nc file
12/04/2018 12:39:40 PM imported coordinates
12/04/2018 12:40:15 PM calculated pressure from sigma levels
12/04/2018 12:40:48 PM saved v_comp
12/04/2018 12:41:20 PM saved u_comp
12/04/2018 12:41:56 PM saved z
12/04/2018 12:41:56 PM Filtering signal now
12/04/2018 12:41:59 PM Filtering u and v at plevel 0.9961083984375
12/04/2018 12:41:59 PM Filtering u and v at plevel 0.9873693237304687
12/04/2018 12:41:59 PM Filtering u and v at plevel 0.9765033569335938
12/04/2018 12:42:00 PM Filtering u and v at plevel 0.963111328125
12/04/2018 12:42:00 PM Filtering u and v at plevel 0.94679345703125
12/04/2018 12:42:00 PM Filtering u and v at plevel 0.9271495361328125
12/04/2018 12:42:00 PM Filtering u and v at plevel 0.9037782592773438
12/04/2018 12:42:01 PM Filtering u and v at plevel 0.8762772216796875
12/04/2018 12:42:01 PM Filtering u and v at plevel 0.8442423706054687
12/04/2018 12:42:01 PM Filtering u and v at plevel 0.8072677001953125
12/04/2018 12:42:01 PM Filtering u and v at plevel 0.7649443969726563
12/04/2018 12:42:01 PM Filtering u and v at plevel 0.7168593139648437
12/04/2018 12:42:02 PM Filtering u and v at plevel 0.6625931396484375
12/04/2018 12:42:02 PM Filtering u and v at plevel 0.6017172241210937
12/04/2018 12:42:02 PM Filtering u and v at plevel 0.533786376953125
12/04/2018 12:42:02 PM Filtering u and v at plevel 0.4583251342773437
12/04/2018 12:42:03 PM Filtering u and v at plevel 0.3780865783691406
12/04/2018 12:42:03 PM Filtering u and v at plevel 0.29894439697265623
12/04/2018 12:42:03 PM Filtering u and v at plevel 0.22474922180175783
12/04/2018 12:42:03 PM Filtering u and v at plevel 0.15738101196289062
12/04/2018 12:42:04 PM Filtering u and v at plevel 0.09912992095947265
12/04/2018 12:42:04 PM Filtering u and v at plevel 0.052340194702148436
12/04/2018 12:42:04 PM Filtering u and v at plevel 0.019088397979736327
12/04/2018 12:42:04 PM Filtering u and v at plevel 0.0036502928733825684
12/04/2018 12:42:10 PM calculated EKE
12/04/2018 12:42:14 PM ...........Calculate EKE.............1
12/04/2018 12:42:14 PM imported nc file
12/04/2018 12:42:14 PM imported coordinates
12/04/2018 12:42:45 PM calculated pressure from sigma levels
12/04/2018 12:43:15 PM saved v_comp
12/04/2018 12:43:22 PM saved u_comp
12/04/2018 12:43:29 PM saved z
12/04/2018 12:43:29 PM Filtering signal now
12/04/2018 12:43:33 PM Filtering u and v at plevel 0.9961083984375
12/04/2018 12:43:33 PM Filtering u and v at plevel 0.9873693237304687
12/04/2018 12:43:33 PM Filtering u and v at plevel 0.9765033569335938
12/04/2018 12:43:33 PM Filtering u and v at plevel 0.963111328125
12/04/2018 12:43:34 PM Filtering u and v at plevel 0.94679345703125
12/04/2018 12:43:34 PM Filtering u and v at plevel 0.9271495361328125
12/04/2018 12:43:34 PM Filtering u and v at plevel 0.9037782592773438
12/04/2018 12:43:34 PM Filtering u and v at plevel 0.8762772216796875
12/04/2018 12:43:35 PM Filtering u and v at plevel 0.8442423706054687
12/04/2018 12:43:35 PM Filtering u and v at plevel 0.8072677001953125
12/04/2018 12:43:35 PM Filtering u and v at plevel 0.7649443969726563
12/04/2018 12:43:36 PM Filtering u and v at plevel 0.7168593139648437
12/04/2018 12:43:36 PM Filtering u and v at plevel 0.6625931396484375
12/04/2018 12:43:36 PM Filtering u and v at plevel 0.6017172241210937
12/04/2018 12:43:36 PM Filtering u and v at plevel 0.533786376953125
12/04/2018 12:43:37 PM Filtering u and v at plevel 0.4583251342773437
12/04/2018 12:43:37 PM Filtering u and v at plevel 0.3780865783691406
12/04/2018 12:43:37 PM Filtering u and v at plevel 0.29894439697265623
12/04/2018 12:43:38 PM Filtering u and v at plevel 0.22474922180175783
12/04/2018 12:43:38 PM Filtering u and v at plevel 0.15738101196289062
12/04/2018 12:43:38 PM Filtering u and v at plevel 0.09912992095947265
12/04/2018 12:43:38 PM Filtering u and v at plevel 0.052340194702148436
12/04/2018 12:43:39 PM Filtering u and v at plevel 0.019088397979736327
12/04/2018 12:43:39 PM Filtering u and v at plevel 0.0036502928733825684
12/04/2018 12:43:44 PM calculated EKE
12/04/2018 12:43:49 PM ...........Calculate EKE.............2
12/04/2018 12:43:49 PM imported nc file
12/04/2018 12:43:49 PM imported coordinates
12/04/2018 12:44:20 PM calculated pressure from sigma levels
12/04/2018 12:44:49 PM saved v_comp
12/04/2018 12:45:21 PM saved u_comp
12/04/2018 12:50:41 PM ...........Calculate EKE.............0
12/04/2018 12:50:41 PM imported nc file
12/04/2018 12:50:41 PM imported coordinates
12/04/2018 12:51:19 PM calculated pressure from sigma levels
12/04/2018 12:51:55 PM saved v_comp
12/04/2018 12:52:36 PM saved u_comp
12/04/2018 12:53:14 PM saved z
12/04/2018 12:53:14 PM Filtering signal now
12/04/2018 12:53:18 PM Filtering u and v at plevel 0.9961083984375
12/04/2018 12:53:18 PM Filtering u and v at plevel 0.9873693237304687
12/04/2018 12:53:18 PM Filtering u and v at plevel 0.9765033569335938
12/04/2018 12:53:19 PM Filtering u and v at plevel 0.963111328125
12/04/2018 12:53:19 PM Filtering u and v at plevel 0.94679345703125
12/04/2018 12:53:19 PM Filtering u and v at plevel 0.9271495361328125
12/04/2018 12:53:20 PM Filtering u and v at plevel 0.9037782592773438
12/04/2018 12:53:20 PM Filtering u and v at plevel 0.8762772216796875
12/04/2018 12:53:20 PM Filtering u and v at plevel 0.8442423706054687
12/04/2018 12:53:21 PM Filtering u and v at plevel 0.8072677001953125
12/04/2018 12:53:21 PM Filtering u and v at plevel 0.7649443969726563
12/04/2018 12:53:21 PM Filtering u and v at plevel 0.7168593139648437
12/04/2018 12:53:22 PM Filtering u and v at plevel 0.6625931396484375
12/04/2018 12:53:22 PM Filtering u and v at plevel 0.6017172241210937
12/04/2018 12:53:22 PM Filtering u and v at plevel 0.533786376953125
12/04/2018 12:53:23 PM Filtering u and v at plevel 0.4583251342773437
12/04/2018 12:53:23 PM Filtering u and v at plevel 0.3780865783691406
12/04/2018 12:53:23 PM Filtering u and v at plevel 0.29894439697265623
12/04/2018 12:53:24 PM Filtering u and v at plevel 0.22474922180175783
12/04/2018 12:53:24 PM Filtering u and v at plevel 0.15738101196289062
12/04/2018 12:53:24 PM Filtering u and v at plevel 0.09912992095947265
12/04/2018 12:53:25 PM Filtering u and v at plevel 0.052340194702148436
12/04/2018 12:53:25 PM Filtering u and v at plevel 0.019088397979736327
12/04/2018 12:53:25 PM Filtering u and v at plevel 0.0036502928733825684
12/04/2018 12:53:31 PM calculated EKE
12/04/2018 12:53:35 PM ...........Calculate EKE.............1
12/04/2018 12:53:35 PM imported nc file
12/04/2018 12:53:35 PM imported coordinates
12/04/2018 12:54:23 PM calculated pressure from sigma levels
12/04/2018 12:55:07 PM saved v_comp
12/04/2018 12:55:54 PM saved u_comp
12/04/2018 01:09:50 PM ...........Calculate EKE.............0
12/04/2018 01:09:50 PM imported nc file
12/04/2018 01:09:50 PM imported coordinates
12/04/2018 01:10:26 PM calculated pressure from sigma levels
12/04/2018 01:11:00 PM saved v_comp
12/04/2018 01:11:32 PM saved u_comp
12/04/2018 01:12:05 PM saved z
12/04/2018 01:12:05 PM Filtering signal now
12/04/2018 01:12:09 PM Filtering u and v at plevel 0.9961083984375
12/04/2018 01:12:09 PM Filtering u and v at plevel 0.9873693237304687
12/04/2018 01:12:09 PM Filtering u and v at plevel 0.9765033569335938
12/04/2018 01:12:10 PM Filtering u and v at plevel 0.963111328125
12/04/2018 01:12:10 PM Filtering u and v at plevel 0.94679345703125
12/04/2018 01:12:10 PM Filtering u and v at plevel 0.9271495361328125
12/04/2018 01:12:11 PM Filtering u and v at plevel 0.9037782592773438
12/04/2018 01:12:11 PM Filtering u and v at plevel 0.8762772216796875
12/04/2018 01:12:11 PM Filtering u and v at plevel 0.8442423706054687
12/04/2018 01:12:12 PM Filtering u and v at plevel 0.8072677001953125
12/04/2018 01:12:12 PM Filtering u and v at plevel 0.7649443969726563
12/04/2018 01:12:12 PM Filtering u and v at plevel 0.7168593139648437
12/04/2018 01:12:13 PM Filtering u and v at plevel 0.6625931396484375
12/04/2018 01:12:13 PM Filtering u and v at plevel 0.6017172241210937
12/04/2018 01:12:13 PM Filtering u and v at plevel 0.533786376953125
12/04/2018 01:12:14 PM Filtering u and v at plevel 0.4583251342773437
12/04/2018 01:12:14 PM Filtering u and v at plevel 0.3780865783691406
12/04/2018 01:12:14 PM Filtering u and v at plevel 0.29894439697265623
12/04/2018 01:12:15 PM Filtering u and v at plevel 0.22474922180175783
12/04/2018 01:12:15 PM Filtering u and v at plevel 0.15738101196289062
12/04/2018 01:12:16 PM Filtering u and v at plevel 0.09912992095947265
12/04/2018 01:12:16 PM Filtering u and v at plevel 0.052340194702148436
12/04/2018 01:12:16 PM Filtering u and v at plevel 0.019088397979736327
12/04/2018 01:12:17 PM Filtering u and v at plevel 0.0036502928733825684
12/04/2018 01:12:22 PM calculated EKE
12/04/2018 01:12:27 PM ...........Calculate EKE.............1
12/04/2018 01:12:27 PM imported nc file
12/04/2018 01:12:27 PM imported coordinates
12/04/2018 01:13:01 PM calculated pressure from sigma levels
12/04/2018 01:13:33 PM saved v_comp
12/04/2018 01:14:08 PM saved u_comp
12/04/2018 01:14:43 PM saved z
12/04/2018 01:14:43 PM Filtering signal now
12/04/2018 01:14:46 PM Filtering u and v at plevel 0.9961083984375
12/04/2018 01:14:47 PM Filtering u and v at plevel 0.9873693237304687
12/04/2018 01:14:47 PM Filtering u and v at plevel 0.9765033569335938
12/04/2018 01:14:47 PM Filtering u and v at plevel 0.963111328125
12/04/2018 01:14:47 PM Filtering u and v at plevel 0.94679345703125
12/04/2018 01:14:48 PM Filtering u and v at plevel 0.9271495361328125
12/04/2018 01:14:48 PM Filtering u and v at plevel 0.9037782592773438
12/04/2018 01:14:48 PM Filtering u and v at plevel 0.8762772216796875
12/04/2018 01:14:49 PM Filtering u and v at plevel 0.8442423706054687
12/04/2018 01:14:49 PM Filtering u and v at plevel 0.8072677001953125
12/04/2018 01:14:49 PM Filtering u and v at plevel 0.7649443969726563
12/04/2018 01:14:50 PM Filtering u and v at plevel 0.7168593139648437
12/04/2018 01:14:50 PM Filtering u and v at plevel 0.6625931396484375
12/04/2018 01:14:50 PM Filtering u and v at plevel 0.6017172241210937
12/04/2018 01:14:50 PM Filtering u and v at plevel 0.533786376953125
12/04/2018 01:14:51 PM Filtering u and v at plevel 0.4583251342773437
12/04/2018 01:14:51 PM Filtering u and v at plevel 0.3780865783691406
12/04/2018 01:14:51 PM Filtering u and v at plevel 0.29894439697265623
12/04/2018 01:14:52 PM Filtering u and v at plevel 0.22474922180175783
12/04/2018 01:14:52 PM Filtering u and v at plevel 0.15738101196289062
12/04/2018 01:14:52 PM Filtering u and v at plevel 0.09912992095947265
12/04/2018 01:14:53 PM Filtering u and v at plevel 0.052340194702148436
12/04/2018 01:14:53 PM Filtering u and v at plevel 0.019088397979736327
12/04/2018 01:14:53 PM Filtering u and v at plevel 0.0036502928733825684
12/04/2018 01:14:58 PM calculated EKE
12/04/2018 01:15:03 PM ...........Calculate EKE.............2
12/04/2018 01:15:03 PM imported nc file
12/04/2018 01:15:03 PM imported coordinates
12/04/2018 01:15:40 PM calculated pressure from sigma levels
12/04/2018 01:16:14 PM saved v_comp
12/04/2018 01:16:47 PM saved u_comp
12/04/2018 01:17:18 PM saved z
12/04/2018 01:17:18 PM Filtering signal now
12/04/2018 01:17:21 PM Filtering u and v at plevel 0.9961083984375
12/04/2018 01:17:22 PM Filtering u and v at plevel 0.9873693237304687
12/04/2018 01:17:22 PM Filtering u and v at plevel 0.9765033569335938
12/04/2018 01:17:22 PM Filtering u and v at plevel 0.963111328125
12/04/2018 01:17:23 PM Filtering u and v at plevel 0.94679345703125
12/04/2018 01:17:23 PM Filtering u and v at plevel 0.9271495361328125
12/04/2018 01:17:23 PM Filtering u and v at plevel 0.9037782592773438
12/04/2018 01:17:24 PM Filtering u and v at plevel 0.8762772216796875
12/04/2018 01:17:24 PM Filtering u and v at plevel 0.8442423706054687
12/04/2018 01:17:24 PM Filtering u and v at plevel 0.8072677001953125
12/04/2018 01:17:24 PM Filtering u and v at plevel 0.7649443969726563
12/04/2018 01:17:25 PM Filtering u and v at plevel 0.7168593139648437
12/04/2018 01:17:25 PM Filtering u and v at plevel 0.6625931396484375
12/04/2018 01:17:25 PM Filtering u and v at plevel 0.6017172241210937
12/04/2018 01:17:26 PM Filtering u and v at plevel 0.533786376953125
12/04/2018 01:17:26 PM Filtering u and v at plevel 0.4583251342773437
12/04/2018 01:17:26 PM Filtering u and v at plevel 0.3780865783691406
12/04/2018 01:17:27 PM Filtering u and v at plevel 0.29894439697265623
12/04/2018 01:17:27 PM Filtering u and v at plevel 0.22474922180175783
12/04/2018 01:17:27 PM Filtering u and v at plevel 0.15738101196289062
12/04/2018 01:17:27 PM Filtering u and v at plevel 0.09912992095947265
12/04/2018 01:17:28 PM Filtering u and v at plevel 0.052340194702148436
12/04/2018 01:17:28 PM Filtering u and v at plevel 0.019088397979736327
12/04/2018 01:17:28 PM Filtering u and v at plevel 0.0036502928733825684
12/04/2018 01:17:34 PM calculated EKE
12/04/2018 01:17:38 PM ...........Calculate EKE.............3
12/04/2018 01:17:38 PM imported nc file
12/04/2018 01:17:38 PM imported coordinates
12/04/2018 01:18:14 PM calculated pressure from sigma levels
12/04/2018 01:18:49 PM saved v_comp
12/04/2018 01:19:25 PM saved u_comp
12/04/2018 01:20:42 PM ...........Calculate EKE.............0
12/04/2018 01:20:42 PM imported nc file
12/04/2018 01:20:42 PM imported coordinates
12/04/2018 01:21:13 PM saved psfc regrid:(1460, 90, 144)
12/04/2018 01:21:18 PM calculated pressure from sigma levels
12/04/2018 01:21:50 PM saved v_comp regrid:(1460, 24, 90, 144)
12/04/2018 01:22:21 PM saved u_comp regrid:(1460, 24, 90, 144)
12/04/2018 01:22:54 PM saved z regrid:(1460, 24, 90, 144)
12/04/2018 01:22:54 PM Filtering signal now
12/04/2018 01:22:57 PM Filtering u and v at plevel 0.9961083984375
12/04/2018 01:22:57 PM Filtering u and v at plevel 0.9873693237304687
12/04/2018 01:22:58 PM Filtering u and v at plevel 0.9765033569335938
12/04/2018 01:22:58 PM Filtering u and v at plevel 0.963111328125
12/04/2018 01:22:59 PM Filtering u and v at plevel 0.94679345703125
12/04/2018 01:22:59 PM Filtering u and v at plevel 0.9271495361328125
12/04/2018 01:22:59 PM Filtering u and v at plevel 0.9037782592773438
12/04/2018 01:23:00 PM Filtering u and v at plevel 0.8762772216796875
12/04/2018 01:23:00 PM Filtering u and v at plevel 0.8442423706054687
12/04/2018 01:23:00 PM Filtering u and v at plevel 0.8072677001953125
12/04/2018 01:23:01 PM Filtering u and v at plevel 0.7649443969726563
12/04/2018 01:23:01 PM Filtering u and v at plevel 0.7168593139648437
12/04/2018 01:23:01 PM Filtering u and v at plevel 0.6625931396484375
12/04/2018 01:23:02 PM Filtering u and v at plevel 0.6017172241210937
12/04/2018 01:23:02 PM Filtering u and v at plevel 0.533786376953125
12/04/2018 01:23:02 PM Filtering u and v at plevel 0.4583251342773437
12/04/2018 01:23:03 PM Filtering u and v at plevel 0.3780865783691406
12/04/2018 01:23:03 PM Filtering u and v at plevel 0.29894439697265623
12/04/2018 01:23:03 PM Filtering u and v at plevel 0.22474922180175783
12/04/2018 01:23:04 PM Filtering u and v at plevel 0.15738101196289062
12/04/2018 01:23:04 PM Filtering u and v at plevel 0.09912992095947265
12/04/2018 01:23:04 PM Filtering u and v at plevel 0.052340194702148436
12/04/2018 01:23:05 PM Filtering u and v at plevel 0.019088397979736327
12/04/2018 01:23:05 PM Filtering u and v at plevel 0.0036502928733825684
12/04/2018 01:23:10 PM calculated EKE
12/04/2018 01:23:15 PM ...........Calculate EKE.............1
12/04/2018 01:23:15 PM imported nc file
12/04/2018 01:23:15 PM imported coordinates
12/04/2018 01:23:44 PM saved psfc regrid:(1460, 90, 144)
12/04/2018 01:23:49 PM calculated pressure from sigma levels
12/04/2018 01:25:42 PM ...........Calculate EKE.............0
12/04/2018 01:25:42 PM imported nc file
12/04/2018 01:25:44 PM imported coordinates
12/04/2018 01:26:11 PM saved psfc regrid:(1460, 90, 144)
12/04/2018 01:26:16 PM calculated pressure from sigma levels
12/04/2018 01:26:46 PM saved v_comp regrid:(1460, 24, 90, 144)
12/04/2018 01:27:18 PM saved u_comp regrid:(1460, 24, 90, 144)
12/04/2018 01:27:50 PM saved z regrid:(1460, 24, 90, 144)
12/04/2018 01:27:50 PM Filtering signal now
12/04/2018 01:28:04 PM Filtering u and v at plevel 0.9961083984375
12/04/2018 01:28:14 PM Filtering u and v at plevel 0.9873693237304687
12/04/2018 01:28:24 PM Filtering u and v at plevel 0.9765033569335938
12/04/2018 01:28:34 PM Filtering u and v at plevel 0.963111328125
12/04/2018 01:28:44 PM Filtering u and v at plevel 0.94679345703125
12/04/2018 01:28:55 PM Filtering u and v at plevel 0.9271495361328125
12/04/2018 01:29:05 PM Filtering u and v at plevel 0.9037782592773438
12/04/2018 01:29:15 PM Filtering u and v at plevel 0.8762772216796875
12/04/2018 01:29:25 PM Filtering u and v at plevel 0.8442423706054687
12/04/2018 01:29:35 PM Filtering u and v at plevel 0.8072677001953125
12/04/2018 01:29:46 PM Filtering u and v at plevel 0.7649443969726563
12/04/2018 01:29:56 PM Filtering u and v at plevel 0.7168593139648437
12/04/2018 01:30:06 PM Filtering u and v at plevel 0.6625931396484375
12/04/2018 01:30:16 PM Filtering u and v at plevel 0.6017172241210937
12/04/2018 01:30:26 PM Filtering u and v at plevel 0.533786376953125
12/04/2018 01:30:37 PM Filtering u and v at plevel 0.4583251342773437
12/04/2018 01:30:47 PM Filtering u and v at plevel 0.3780865783691406
12/04/2018 01:30:57 PM Filtering u and v at plevel 0.29894439697265623
12/04/2018 01:31:08 PM Filtering u and v at plevel 0.22474922180175783
12/04/2018 01:31:18 PM Filtering u and v at plevel 0.15738101196289062
12/04/2018 01:31:28 PM Filtering u and v at plevel 0.09912992095947265
12/04/2018 01:31:38 PM Filtering u and v at plevel 0.052340194702148436
12/04/2018 01:31:49 PM Filtering u and v at plevel 0.019088397979736327
12/04/2018 01:31:59 PM Filtering u and v at plevel 0.0036502928733825684
12/04/2018 01:32:04 PM calculated EKE
12/04/2018 01:32:15 PM saved EKE data
12/04/2018 01:32:15 PM EKE calculated !! Great !!
12/04/2018 01:32:20 PM ...........Calculate EKE.............1
12/04/2018 01:32:20 PM imported nc file
12/04/2018 01:32:21 PM imported coordinates
12/04/2018 01:32:48 PM saved psfc regrid:(1460, 90, 144)
12/04/2018 01:32:54 PM calculated pressure from sigma levels
12/04/2018 01:33:01 PM saved v_comp regrid:(1460, 24, 90, 144)
12/04/2018 01:33:08 PM saved u_comp regrid:(1460, 24, 90, 144)
12/04/2018 01:33:15 PM saved z regrid:(1460, 24, 90, 144)
12/04/2018 01:33:15 PM Filtering signal now
12/04/2018 01:33:27 PM Filtering u and v at plevel 0.9961083984375
12/04/2018 01:33:37 PM Filtering u and v at plevel 0.9873693237304687
12/04/2018 01:33:46 PM Filtering u and v at plevel 0.9765033569335938
12/04/2018 01:33:56 PM Filtering u and v at plevel 0.963111328125
12/04/2018 01:34:05 PM Filtering u and v at plevel 0.94679345703125
12/04/2018 01:34:15 PM Filtering u and v at plevel 0.9271495361328125
12/04/2018 01:34:24 PM Filtering u and v at plevel 0.9037782592773438
12/04/2018 01:34:34 PM Filtering u and v at plevel 0.8762772216796875
12/04/2018 01:34:43 PM Filtering u and v at plevel 0.8442423706054687
12/04/2018 01:34:53 PM Filtering u and v at plevel 0.8072677001953125
12/04/2018 01:35:02 PM Filtering u and v at plevel 0.7649443969726563
12/04/2018 01:35:12 PM Filtering u and v at plevel 0.7168593139648437
12/04/2018 01:35:21 PM Filtering u and v at plevel 0.6625931396484375
12/04/2018 01:35:31 PM Filtering u and v at plevel 0.6017172241210937
12/04/2018 01:35:40 PM Filtering u and v at plevel 0.533786376953125
12/04/2018 01:35:50 PM Filtering u and v at plevel 0.4583251342773437
12/04/2018 01:35:59 PM Filtering u and v at plevel 0.3780865783691406
12/04/2018 01:36:09 PM Filtering u and v at plevel 0.29894439697265623
12/04/2018 01:36:18 PM Filtering u and v at plevel 0.22474922180175783
12/04/2018 01:36:28 PM Filtering u and v at plevel 0.15738101196289062
12/04/2018 01:36:37 PM Filtering u and v at plevel 0.09912992095947265
12/04/2018 01:36:46 PM Filtering u and v at plevel 0.052340194702148436
12/04/2018 01:36:56 PM Filtering u and v at plevel 0.019088397979736327
12/04/2018 01:37:05 PM Filtering u and v at plevel 0.0036502928733825684
12/04/2018 01:37:11 PM calculated EKE
12/04/2018 01:37:21 PM saved EKE data
12/04/2018 01:37:21 PM EKE calculated !! Great !!
12/04/2018 01:37:26 PM ...........Calculate EKE.............2
12/04/2018 01:37:26 PM imported nc file
12/04/2018 01:37:27 PM imported coordinates
12/04/2018 01:37:56 PM saved psfc regrid:(1460, 90, 144)
12/04/2018 01:38:01 PM calculated pressure from sigma levels
12/04/2018 01:38:08 PM saved v_comp regrid:(1460, 24, 90, 144)
12/04/2018 01:38:16 PM saved u_comp regrid:(1460, 24, 90, 144)
12/04/2018 01:38:23 PM saved z regrid:(1460, 24, 90, 144)
12/04/2018 01:38:23 PM Filtering signal now
12/04/2018 01:38:36 PM Filtering u and v at plevel 0.9961083984375
12/04/2018 01:38:46 PM Filtering u and v at plevel 0.9873693237304687
12/04/2018 01:38:56 PM Filtering u and v at plevel 0.9765033569335938
12/04/2018 01:39:06 PM Filtering u and v at plevel 0.963111328125
12/04/2018 01:39:15 PM Filtering u and v at plevel 0.94679345703125
12/04/2018 01:39:25 PM Filtering u and v at plevel 0.9271495361328125
12/04/2018 01:39:35 PM Filtering u and v at plevel 0.9037782592773438
12/04/2018 01:39:45 PM Filtering u and v at plevel 0.8762772216796875
12/04/2018 01:39:55 PM Filtering u and v at plevel 0.8442423706054687
12/04/2018 01:40:05 PM Filtering u and v at plevel 0.8072677001953125
12/04/2018 01:40:15 PM Filtering u and v at plevel 0.7649443969726563
12/04/2018 01:40:25 PM Filtering u and v at plevel 0.7168593139648437
12/04/2018 01:40:35 PM Filtering u and v at plevel 0.6625931396484375
12/04/2018 01:40:45 PM Filtering u and v at plevel 0.6017172241210937
12/04/2018 01:40:55 PM Filtering u and v at plevel 0.533786376953125
12/04/2018 01:41:05 PM Filtering u and v at plevel 0.4583251342773437
12/04/2018 01:41:15 PM Filtering u and v at plevel 0.3780865783691406
12/04/2018 01:41:25 PM Filtering u and v at plevel 0.29894439697265623
12/04/2018 01:41:35 PM Filtering u and v at plevel 0.22474922180175783
12/04/2018 01:41:45 PM Filtering u and v at plevel 0.15738101196289062
12/04/2018 01:41:55 PM Filtering u and v at plevel 0.09912992095947265
12/04/2018 01:42:05 PM Filtering u and v at plevel 0.052340194702148436
12/04/2018 01:42:15 PM Filtering u and v at plevel 0.019088397979736327
12/04/2018 01:42:25 PM Filtering u and v at plevel 0.0036502928733825684
12/04/2018 01:42:30 PM calculated EKE
12/04/2018 01:42:40 PM saved EKE data
12/04/2018 01:42:40 PM EKE calculated !! Great !!
12/04/2018 01:42:43 PM ...........Calculate EKE.............3
12/04/2018 01:42:43 PM imported nc file
12/04/2018 01:42:43 PM imported coordinates
12/04/2018 01:43:11 PM saved psfc regrid:(1460, 90, 144)
12/04/2018 01:43:16 PM calculated pressure from sigma levels
12/04/2018 01:43:48 PM saved v_comp regrid:(1460, 24, 90, 144)
12/04/2018 01:44:00 PM saved u_comp regrid:(1460, 24, 90, 144)
12/04/2018 01:44:08 PM saved z regrid:(1460, 24, 90, 144)
12/04/2018 01:44:08 PM Filtering signal now
12/04/2018 01:44:20 PM Filtering u and v at plevel 0.9961083984375
12/04/2018 01:44:30 PM Filtering u and v at plevel 0.9873693237304687
12/04/2018 01:44:39 PM Filtering u and v at plevel 0.9765033569335938
12/04/2018 01:44:49 PM Filtering u and v at plevel 0.963111328125
12/04/2018 01:44:58 PM Filtering u and v at plevel 0.94679345703125
12/04/2018 01:45:08 PM Filtering u and v at plevel 0.9271495361328125
12/04/2018 01:45:17 PM Filtering u and v at plevel 0.9037782592773438
12/04/2018 01:45:27 PM Filtering u and v at plevel 0.8762772216796875
12/04/2018 01:45:36 PM Filtering u and v at plevel 0.8442423706054687
12/04/2018 01:45:46 PM Filtering u and v at plevel 0.8072677001953125
12/04/2018 01:45:56 PM Filtering u and v at plevel 0.7649443969726563
12/04/2018 01:46:05 PM Filtering u and v at plevel 0.7168593139648437
12/04/2018 01:46:15 PM Filtering u and v at plevel 0.6625931396484375
12/04/2018 01:46:24 PM Filtering u and v at plevel 0.6017172241210937
12/04/2018 01:46:34 PM Filtering u and v at plevel 0.533786376953125
12/04/2018 01:46:43 PM Filtering u and v at plevel 0.4583251342773437
12/04/2018 01:46:53 PM Filtering u and v at plevel 0.3780865783691406
12/04/2018 01:47:03 PM Filtering u and v at plevel 0.29894439697265623
12/04/2018 01:47:12 PM Filtering u and v at plevel 0.22474922180175783
12/04/2018 01:47:22 PM Filtering u and v at plevel 0.15738101196289062
12/04/2018 01:47:31 PM Filtering u and v at plevel 0.09912992095947265
12/04/2018 01:47:41 PM Filtering u and v at plevel 0.052340194702148436
12/04/2018 01:47:50 PM Filtering u and v at plevel 0.019088397979736327
12/04/2018 01:48:00 PM Filtering u and v at plevel 0.0036502928733825684
12/04/2018 01:48:05 PM calculated EKE
12/04/2018 01:48:16 PM saved EKE data
12/04/2018 01:48:16 PM EKE calculated !! Great !!
12/04/2018 01:48:19 PM ...........Calculate EKE.............4
12/04/2018 01:48:19 PM imported nc file
12/04/2018 01:48:20 PM imported coordinates
12/04/2018 01:48:50 PM saved psfc regrid:(1460, 90, 144)
12/04/2018 01:48:55 PM calculated pressure from sigma levels
12/04/2018 01:49:26 PM saved v_comp regrid:(1460, 24, 90, 144)
12/04/2018 01:49:36 PM saved u_comp regrid:(1460, 24, 90, 144)
12/04/2018 01:49:43 PM saved z regrid:(1460, 24, 90, 144)
12/04/2018 01:49:43 PM Filtering signal now
12/04/2018 01:49:56 PM Filtering u and v at plevel 0.9961083984375
12/04/2018 01:50:06 PM Filtering u and v at plevel 0.9873693237304687
12/04/2018 01:50:16 PM Filtering u and v at plevel 0.9765033569335938
12/04/2018 01:50:26 PM Filtering u and v at plevel 0.963111328125
12/04/2018 01:50:36 PM Filtering u and v at plevel 0.94679345703125
12/04/2018 01:50:46 PM Filtering u and v at plevel 0.9271495361328125
12/04/2018 01:50:56 PM Filtering u and v at plevel 0.9037782592773438
12/04/2018 01:51:05 PM Filtering u and v at plevel 0.8762772216796875
12/04/2018 01:51:15 PM Filtering u and v at plevel 0.8442423706054687
12/04/2018 01:51:25 PM Filtering u and v at plevel 0.8072677001953125
12/04/2018 01:51:35 PM Filtering u and v at plevel 0.7649443969726563
12/04/2018 01:51:45 PM Filtering u and v at plevel 0.7168593139648437
12/04/2018 01:51:55 PM Filtering u and v at plevel 0.6625931396484375
12/04/2018 01:52:05 PM Filtering u and v at plevel 0.6017172241210937
12/04/2018 01:52:15 PM Filtering u and v at plevel 0.533786376953125
12/04/2018 01:52:25 PM Filtering u and v at plevel 0.4583251342773437
12/04/2018 01:52:34 PM Filtering u and v at plevel 0.3780865783691406
12/04/2018 01:52:44 PM Filtering u and v at plevel 0.29894439697265623
12/04/2018 01:52:54 PM Filtering u and v at plevel 0.22474922180175783
12/04/2018 01:53:04 PM Filtering u and v at plevel 0.15738101196289062
12/04/2018 01:53:14 PM Filtering u and v at plevel 0.09912992095947265
12/04/2018 01:53:24 PM Filtering u and v at plevel 0.052340194702148436
12/04/2018 01:53:34 PM Filtering u and v at plevel 0.019088397979736327
12/04/2018 01:53:44 PM Filtering u and v at plevel 0.0036502928733825684
12/04/2018 01:53:49 PM calculated EKE
12/04/2018 01:54:00 PM saved EKE data
12/04/2018 01:54:00 PM EKE calculated !! Great !!
12/04/2018 01:54:04 PM ...........Calculate EKE.............5
12/04/2018 01:54:04 PM imported nc file
12/04/2018 01:54:04 PM imported coordinates
12/04/2018 01:54:31 PM saved psfc regrid:(1460, 90, 144)
12/04/2018 01:54:36 PM calculated pressure from sigma levels
12/04/2018 01:54:54 PM saved v_comp regrid:(1460, 24, 90, 144)
12/04/2018 01:55:01 PM saved u_comp regrid:(1460, 24, 90, 144)
12/04/2018 01:55:08 PM saved z regrid:(1460, 24, 90, 144)
12/04/2018 01:55:08 PM Filtering signal now
12/04/2018 01:55:21 PM Filtering u and v at plevel 0.9961083984375
12/04/2018 01:55:30 PM Filtering u and v at plevel 0.9873693237304687
12/04/2018 01:55:39 PM Filtering u and v at plevel 0.9765033569335938
12/04/2018 01:55:48 PM Filtering u and v at plevel 0.963111328125
12/04/2018 01:55:57 PM Filtering u and v at plevel 0.94679345703125
12/04/2018 01:56:07 PM Filtering u and v at plevel 0.9271495361328125
12/04/2018 01:56:16 PM Filtering u and v at plevel 0.9037782592773438
12/04/2018 01:56:25 PM Filtering u and v at plevel 0.8762772216796875
12/04/2018 01:56:34 PM Filtering u and v at plevel 0.8442423706054687
12/04/2018 01:56:43 PM Filtering u and v at plevel 0.8072677001953125
12/04/2018 01:56:53 PM Filtering u and v at plevel 0.7649443969726563
12/04/2018 01:57:02 PM Filtering u and v at plevel 0.7168593139648437
12/04/2018 01:57:11 PM Filtering u and v at plevel 0.6625931396484375
12/04/2018 01:57:20 PM Filtering u and v at plevel 0.6017172241210937
12/04/2018 01:57:30 PM Filtering u and v at plevel 0.533786376953125
12/04/2018 01:57:39 PM Filtering u and v at plevel 0.4583251342773437
12/04/2018 01:57:48 PM Filtering u and v at plevel 0.3780865783691406
12/04/2018 01:57:57 PM Filtering u and v at plevel 0.29894439697265623
12/04/2018 01:58:07 PM Filtering u and v at plevel 0.22474922180175783
12/04/2018 01:58:16 PM Filtering u and v at plevel 0.15738101196289062
12/04/2018 01:58:25 PM Filtering u and v at plevel 0.09912992095947265
12/04/2018 01:58:34 PM Filtering u and v at plevel 0.052340194702148436
12/04/2018 01:58:44 PM Filtering u and v at plevel 0.019088397979736327
12/04/2018 01:58:53 PM Filtering u and v at plevel 0.0036502928733825684
12/04/2018 01:58:58 PM calculated EKE
12/04/2018 01:59:09 PM saved EKE data
12/04/2018 01:59:09 PM EKE calculated !! Great !!
12/04/2018 01:59:12 PM ...........Calculate EKE.............6
12/04/2018 01:59:12 PM imported nc file
12/04/2018 01:59:12 PM imported coordinates
12/04/2018 01:59:36 PM saved psfc regrid:(1460, 90, 144)
12/04/2018 01:59:42 PM calculated pressure from sigma levels
12/04/2018 01:59:49 PM saved v_comp regrid:(1460, 24, 90, 144)
12/04/2018 01:59:56 PM saved u_comp regrid:(1460, 24, 90, 144)
12/04/2018 02:00:03 PM saved z regrid:(1460, 24, 90, 144)
12/04/2018 02:00:03 PM Filtering signal now
12/04/2018 02:00:15 PM Filtering u and v at plevel 0.9961083984375
12/04/2018 02:00:24 PM Filtering u and v at plevel 0.9873693237304687
12/04/2018 02:00:34 PM Filtering u and v at plevel 0.9765033569335938
12/04/2018 02:00:43 PM Filtering u and v at plevel 0.963111328125
12/04/2018 02:00:53 PM Filtering u and v at plevel 0.94679345703125
12/04/2018 02:01:02 PM Filtering u and v at plevel 0.9271495361328125
12/04/2018 02:01:12 PM Filtering u and v at plevel 0.9037782592773438
12/04/2018 02:01:21 PM Filtering u and v at plevel 0.8762772216796875
12/04/2018 02:01:31 PM Filtering u and v at plevel 0.8442423706054687
12/04/2018 02:01:40 PM Filtering u and v at plevel 0.8072677001953125
12/04/2018 02:01:49 PM Filtering u and v at plevel 0.7649443969726563
12/04/2018 02:01:59 PM Filtering u and v at plevel 0.7168593139648437
12/04/2018 02:02:08 PM Filtering u and v at plevel 0.6625931396484375
12/04/2018 02:02:18 PM Filtering u and v at plevel 0.6017172241210937
12/04/2018 02:02:27 PM Filtering u and v at plevel 0.533786376953125
12/04/2018 02:02:37 PM Filtering u and v at plevel 0.4583251342773437
12/04/2018 02:02:46 PM Filtering u and v at plevel 0.3780865783691406
12/04/2018 02:02:55 PM Filtering u and v at plevel 0.29894439697265623
12/04/2018 02:03:05 PM Filtering u and v at plevel 0.22474922180175783
12/04/2018 02:03:14 PM Filtering u and v at plevel 0.15738101196289062
12/04/2018 02:03:23 PM Filtering u and v at plevel 0.09912992095947265
12/04/2018 02:03:33 PM Filtering u and v at plevel 0.052340194702148436
12/04/2018 02:03:43 PM Filtering u and v at plevel 0.019088397979736327
12/04/2018 02:03:52 PM Filtering u and v at plevel 0.0036502928733825684
12/04/2018 02:03:57 PM calculated EKE
12/04/2018 02:04:08 PM saved EKE data
12/04/2018 02:04:08 PM EKE calculated !! Great !!
12/04/2018 02:04:12 PM ...........Calculate EKE.............7
12/04/2018 02:04:12 PM imported nc file
12/04/2018 02:04:13 PM imported coordinates
12/04/2018 02:04:40 PM saved psfc regrid:(1460, 90, 144)
12/04/2018 02:04:45 PM calculated pressure from sigma levels
12/04/2018 02:05:18 PM saved v_comp regrid:(1460, 24, 90, 144)
12/04/2018 02:05:48 PM saved u_comp regrid:(1460, 24, 90, 144)
12/04/2018 02:06:00 PM saved z regrid:(1460, 24, 90, 144)
12/04/2018 02:06:00 PM Filtering signal now
12/04/2018 02:06:12 PM Filtering u and v at plevel 0.9961083984375
12/04/2018 02:06:22 PM Filtering u and v at plevel 0.9873693237304687
12/04/2018 02:06:31 PM Filtering u and v at plevel 0.9765033569335938
12/04/2018 02:06:41 PM Filtering u and v at plevel 0.963111328125
12/04/2018 02:06:51 PM Filtering u and v at plevel 0.94679345703125
12/04/2018 02:07:00 PM Filtering u and v at plevel 0.9271495361328125
12/04/2018 02:07:10 PM Filtering u and v at plevel 0.9037782592773438
12/04/2018 02:07:19 PM Filtering u and v at plevel 0.8762772216796875
12/04/2018 02:07:29 PM Filtering u and v at plevel 0.8442423706054687
12/04/2018 02:07:38 PM Filtering u and v at plevel 0.8072677001953125
12/04/2018 02:07:48 PM Filtering u and v at plevel 0.7649443969726563
12/04/2018 02:07:57 PM Filtering u and v at plevel 0.7168593139648437
12/04/2018 02:08:07 PM Filtering u and v at plevel 0.6625931396484375
12/04/2018 02:08:16 PM Filtering u and v at plevel 0.6017172241210937
12/04/2018 02:08:26 PM Filtering u and v at plevel 0.533786376953125
12/04/2018 02:08:36 PM Filtering u and v at plevel 0.4583251342773437
12/04/2018 02:08:45 PM Filtering u and v at plevel 0.3780865783691406
12/04/2018 02:08:55 PM Filtering u and v at plevel 0.29894439697265623
12/04/2018 02:09:04 PM Filtering u and v at plevel 0.22474922180175783
12/04/2018 02:09:14 PM Filtering u and v at plevel 0.15738101196289062
12/04/2018 02:09:23 PM Filtering u and v at plevel 0.09912992095947265
12/04/2018 02:09:33 PM Filtering u and v at plevel 0.052340194702148436
12/04/2018 02:09:42 PM Filtering u and v at plevel 0.019088397979736327
12/04/2018 02:09:52 PM Filtering u and v at plevel 0.0036502928733825684
12/04/2018 02:09:57 PM calculated EKE
12/04/2018 02:10:08 PM saved EKE data
12/04/2018 02:10:08 PM EKE calculated !! Great !!
12/04/2018 02:10:12 PM ...........Calculate EKE.............8
12/04/2018 02:10:12 PM imported nc file
12/04/2018 02:10:12 PM imported coordinates
12/04/2018 02:10:40 PM saved psfc regrid:(1460, 90, 144)
12/04/2018 02:10:45 PM calculated pressure from sigma levels
12/04/2018 02:11:18 PM saved v_comp regrid:(1460, 24, 90, 144)
12/04/2018 02:11:50 PM saved u_comp regrid:(1460, 24, 90, 144)
12/04/2018 02:12:22 PM saved z regrid:(1460, 24, 90, 144)
12/04/2018 02:12:22 PM Filtering signal now
12/04/2018 02:12:34 PM Filtering u and v at plevel 0.9961083984375
12/04/2018 02:12:44 PM Filtering u and v at plevel 0.9873693237304687
12/04/2018 02:12:54 PM Filtering u and v at plevel 0.9765033569335938
12/04/2018 02:13:03 PM Filtering u and v at plevel 0.963111328125
12/04/2018 02:13:13 PM Filtering u and v at plevel 0.94679345703125
12/04/2018 02:13:23 PM Filtering u and v at plevel 0.9271495361328125
12/04/2018 02:13:32 PM Filtering u and v at plevel 0.9037782592773438
12/04/2018 02:13:42 PM Filtering u and v at plevel 0.8762772216796875
12/04/2018 02:13:52 PM Filtering u and v at plevel 0.8442423706054687
12/04/2018 02:14:01 PM Filtering u and v at plevel 0.8072677001953125
12/04/2018 02:14:11 PM Filtering u and v at plevel 0.7649443969726563
12/04/2018 02:14:21 PM Filtering u and v at plevel 0.7168593139648437
12/04/2018 02:14:30 PM Filtering u and v at plevel 0.6625931396484375
12/04/2018 02:14:40 PM Filtering u and v at plevel 0.6017172241210937
12/04/2018 02:14:50 PM Filtering u and v at plevel 0.533786376953125
12/04/2018 02:14:59 PM Filtering u and v at plevel 0.4583251342773437
12/04/2018 02:15:09 PM Filtering u and v at plevel 0.3780865783691406
12/04/2018 02:15:18 PM Filtering u and v at plevel 0.29894439697265623
12/04/2018 02:15:28 PM Filtering u and v at plevel 0.22474922180175783
12/04/2018 02:15:38 PM Filtering u and v at plevel 0.15738101196289062
12/04/2018 02:15:47 PM Filtering u and v at plevel 0.09912992095947265
12/04/2018 02:15:57 PM Filtering u and v at plevel 0.052340194702148436
12/04/2018 02:16:07 PM Filtering u and v at plevel 0.019088397979736327
12/04/2018 02:16:17 PM Filtering u and v at plevel 0.0036502928733825684
12/04/2018 02:16:22 PM calculated EKE
12/04/2018 02:16:32 PM saved EKE data
12/04/2018 02:16:32 PM EKE calculated !! Great !!
12/04/2018 02:16:37 PM ...........Calculate EKE.............9
12/04/2018 02:16:37 PM imported nc file
12/04/2018 02:16:38 PM imported coordinates
12/04/2018 02:17:07 PM saved psfc regrid:(1460, 90, 144)
12/04/2018 02:17:12 PM calculated pressure from sigma levels
12/04/2018 02:17:44 PM saved v_comp regrid:(1460, 24, 90, 144)
12/04/2018 02:18:17 PM saved u_comp regrid:(1460, 24, 90, 144)
12/04/2018 02:18:50 PM saved z regrid:(1460, 24, 90, 144)
12/04/2018 02:18:50 PM Filtering signal now
12/04/2018 02:19:02 PM Filtering u and v at plevel 0.9961083984375
12/04/2018 02:19:12 PM Filtering u and v at plevel 0.9873693237304687
12/04/2018 02:19:21 PM Filtering u and v at plevel 0.9765033569335938
12/04/2018 02:19:31 PM Filtering u and v at plevel 0.963111328125
12/04/2018 02:19:40 PM Filtering u and v at plevel 0.94679345703125
12/04/2018 02:19:50 PM Filtering u and v at plevel 0.9271495361328125
12/04/2018 02:19:59 PM Filtering u and v at plevel 0.9037782592773438
12/04/2018 02:20:09 PM Filtering u and v at plevel 0.8762772216796875
12/04/2018 02:20:18 PM Filtering u and v at plevel 0.8442423706054687
12/04/2018 02:20:28 PM Filtering u and v at plevel 0.8072677001953125
12/04/2018 02:20:37 PM Filtering u and v at plevel 0.7649443969726563
12/04/2018 02:20:47 PM Filtering u and v at plevel 0.7168593139648437
12/04/2018 02:20:57 PM Filtering u and v at plevel 0.6625931396484375
12/04/2018 02:21:06 PM Filtering u and v at plevel 0.6017172241210937
12/04/2018 02:21:16 PM Filtering u and v at plevel 0.533786376953125
12/04/2018 02:21:25 PM Filtering u and v at plevel 0.4583251342773437
12/04/2018 02:21:35 PM Filtering u and v at plevel 0.3780865783691406
12/04/2018 02:21:44 PM Filtering u and v at plevel 0.29894439697265623
12/04/2018 02:21:54 PM Filtering u and v at plevel 0.22474922180175783
12/04/2018 02:22:03 PM Filtering u and v at plevel 0.15738101196289062
12/04/2018 02:22:13 PM Filtering u and v at plevel 0.09912992095947265
12/04/2018 02:22:22 PM Filtering u and v at plevel 0.052340194702148436
12/04/2018 02:22:32 PM Filtering u and v at plevel 0.019088397979736327
12/04/2018 02:22:42 PM Filtering u and v at plevel 0.0036502928733825684
12/04/2018 02:22:47 PM calculated EKE
12/04/2018 02:22:57 PM saved EKE data
12/04/2018 02:22:57 PM EKE calculated !! Great !!
12/04/2018 02:22:59 PM ** INTERPOLATION ** 
12/04/2018 02:23:00 PM ----0----
12/04/2018 02:23:00 PM ----1----
12/04/2018 02:23:00 PM ----2----
12/04/2018 02:23:00 PM ----3----
12/04/2018 02:23:00 PM ----4----
12/04/2018 02:23:00 PM ----5----
12/04/2018 02:23:00 PM ----6----
12/04/2018 02:23:00 PM ----7----
12/04/2018 02:23:00 PM ----8----
12/04/2018 02:23:00 PM ----9----
12/04/2018 02:23:03 PM Calculated interpolation
12/04/2018 02:23:03 PM Saved raw data interp dictionary
12/04/2018 02:23:03 PM Looks great !!
