12/03/2018 11:01:59 PM ...........Calculate EKE.............0
12/03/2018 11:01:59 PM imported nc file
12/03/2018 11:02:05 PM imported coordinates
12/03/2018 11:02:11 PM calculated pressure from sigma levels
12/03/2018 11:02:33 PM saved v_comp
12/03/2018 11:02:54 PM saved u_comp
12/03/2018 11:03:06 PM saved z
12/03/2018 11:03:06 PM Filtering signal now
12/03/2018 11:03:18 PM Filtering u and v at plevel 0.9961083984375
12/03/2018 11:03:28 PM Filtering u and v at plevel 0.9873693237304687
12/03/2018 11:03:37 PM Filtering u and v at plevel 0.9765033569335938
12/03/2018 11:03:46 PM Filtering u and v at plevel 0.963111328125
12/03/2018 11:03:56 PM Filtering u and v at plevel 0.94679345703125
12/03/2018 11:04:05 PM Filtering u and v at plevel 0.9271495361328125
12/03/2018 11:04:14 PM Filtering u and v at plevel 0.9037782592773438
12/03/2018 11:04:24 PM Filtering u and v at plevel 0.8762772216796875
12/03/2018 11:04:33 PM Filtering u and v at plevel 0.8442423706054687
12/03/2018 11:04:43 PM Filtering u and v at plevel 0.8072677001953125
12/03/2018 11:04:52 PM Filtering u and v at plevel 0.7649443969726563
12/03/2018 11:05:01 PM Filtering u and v at plevel 0.7168593139648437
12/03/2018 11:05:11 PM Filtering u and v at plevel 0.6625931396484375
12/03/2018 11:05:20 PM Filtering u and v at plevel 0.6017172241210937
12/03/2018 11:05:29 PM Filtering u and v at plevel 0.533786376953125
12/03/2018 11:05:39 PM Filtering u and v at plevel 0.4583251342773437
12/03/2018 11:05:48 PM Filtering u and v at plevel 0.3780865783691406
12/03/2018 11:05:58 PM Filtering u and v at plevel 0.29894439697265623
12/03/2018 11:06:07 PM Filtering u and v at plevel 0.22474922180175783
12/03/2018 11:06:16 PM Filtering u and v at plevel 0.15738101196289062
12/03/2018 11:06:26 PM Filtering u and v at plevel 0.09912992095947265
12/03/2018 11:06:35 PM Filtering u and v at plevel 0.052340194702148436
12/03/2018 11:06:44 PM Filtering u and v at plevel 0.019088397979736327
12/03/2018 11:06:54 PM Filtering u and v at plevel 0.0036502928733825684
12/03/2018 11:06:59 PM calculated EKE
12/03/2018 11:07:11 PM saved EKE data
12/03/2018 11:07:11 PM EKE calculated !! Great !!
12/03/2018 11:07:17 PM ...........Calculate EKE.............1
12/03/2018 11:07:17 PM imported nc file
12/03/2018 11:07:23 PM imported coordinates
12/03/2018 11:07:28 PM calculated pressure from sigma levels
12/03/2018 11:07:54 PM saved v_comp
12/03/2018 11:08:19 PM saved u_comp
12/03/2018 11:08:35 PM saved z
12/03/2018 11:08:35 PM Filtering signal now
12/03/2018 11:08:46 PM Filtering u and v at plevel 0.9961083984375
12/03/2018 11:08:55 PM Filtering u and v at plevel 0.9873693237304687
12/03/2018 11:09:03 PM Filtering u and v at plevel 0.9765033569335938
12/03/2018 11:09:12 PM Filtering u and v at plevel 0.963111328125
12/03/2018 11:09:21 PM Filtering u and v at plevel 0.94679345703125
12/03/2018 11:09:30 PM Filtering u and v at plevel 0.9271495361328125
12/03/2018 11:09:39 PM Filtering u and v at plevel 0.9037782592773438
12/03/2018 11:09:49 PM Filtering u and v at plevel 0.8762772216796875
12/03/2018 11:09:58 PM Filtering u and v at plevel 0.8442423706054687
12/03/2018 11:10:07 PM Filtering u and v at plevel 0.8072677001953125
12/03/2018 11:10:16 PM Filtering u and v at plevel 0.7649443969726563
12/03/2018 11:10:26 PM Filtering u and v at plevel 0.7168593139648437
12/03/2018 11:10:35 PM Filtering u and v at plevel 0.6625931396484375
12/03/2018 11:10:44 PM Filtering u and v at plevel 0.6017172241210937
12/03/2018 11:10:53 PM Filtering u and v at plevel 0.533786376953125
12/03/2018 11:11:03 PM Filtering u and v at plevel 0.4583251342773437
12/03/2018 11:11:12 PM Filtering u and v at plevel 0.3780865783691406
12/03/2018 11:11:21 PM Filtering u and v at plevel 0.29894439697265623
12/03/2018 11:11:30 PM Filtering u and v at plevel 0.22474922180175783
12/03/2018 11:11:40 PM Filtering u and v at plevel 0.15738101196289062
12/03/2018 11:11:49 PM Filtering u and v at plevel 0.09912992095947265
12/03/2018 11:11:58 PM Filtering u and v at plevel 0.052340194702148436
12/03/2018 11:12:07 PM Filtering u and v at plevel 0.019088397979736327
12/03/2018 11:12:17 PM Filtering u and v at plevel 0.0036502928733825684
12/03/2018 11:12:22 PM calculated EKE
12/03/2018 11:12:34 PM saved EKE data
12/03/2018 11:12:34 PM EKE calculated !! Great !!
12/03/2018 11:12:41 PM ...........Calculate EKE.............2
12/03/2018 11:12:41 PM imported nc file
12/03/2018 11:12:46 PM imported coordinates
12/03/2018 11:12:52 PM calculated pressure from sigma levels
12/03/2018 11:13:16 PM saved v_comp
12/03/2018 11:13:38 PM saved u_comp
12/03/2018 11:13:51 PM saved z
12/03/2018 11:13:51 PM Filtering signal now
12/03/2018 11:14:03 PM Filtering u and v at plevel 0.9961083984375
12/03/2018 11:14:13 PM Filtering u and v at plevel 0.9873693237304687
12/03/2018 11:14:22 PM Filtering u and v at plevel 0.9765033569335938
12/03/2018 11:14:31 PM Filtering u and v at plevel 0.963111328125
12/03/2018 11:14:41 PM Filtering u and v at plevel 0.94679345703125
12/03/2018 11:14:50 PM Filtering u and v at plevel 0.9271495361328125
12/03/2018 11:15:00 PM Filtering u and v at plevel 0.9037782592773438
12/03/2018 11:15:09 PM Filtering u and v at plevel 0.8762772216796875
12/03/2018 11:15:18 PM Filtering u and v at plevel 0.8442423706054687
12/03/2018 11:15:28 PM Filtering u and v at plevel 0.8072677001953125
12/03/2018 11:15:37 PM Filtering u and v at plevel 0.7649443969726563
12/03/2018 11:15:47 PM Filtering u and v at plevel 0.7168593139648437
12/03/2018 11:15:56 PM Filtering u and v at plevel 0.6625931396484375
12/03/2018 11:16:05 PM Filtering u and v at plevel 0.6017172241210937
12/03/2018 11:16:15 PM Filtering u and v at plevel 0.533786376953125
12/03/2018 11:16:24 PM Filtering u and v at plevel 0.4583251342773437
12/03/2018 11:16:34 PM Filtering u and v at plevel 0.3780865783691406
12/03/2018 11:16:43 PM Filtering u and v at plevel 0.29894439697265623
12/03/2018 11:16:52 PM Filtering u and v at plevel 0.22474922180175783
12/03/2018 11:17:02 PM Filtering u and v at plevel 0.15738101196289062
12/03/2018 11:17:11 PM Filtering u and v at plevel 0.09912992095947265
12/03/2018 11:17:21 PM Filtering u and v at plevel 0.052340194702148436
12/03/2018 11:17:30 PM Filtering u and v at plevel 0.019088397979736327
12/03/2018 11:17:39 PM Filtering u and v at plevel 0.0036502928733825684
12/03/2018 11:17:45 PM calculated EKE
12/03/2018 11:17:56 PM saved EKE data
12/03/2018 11:17:56 PM EKE calculated !! Great !!
12/03/2018 11:18:02 PM ...........Calculate EKE.............3
12/03/2018 11:18:02 PM imported nc file
12/03/2018 11:18:05 PM imported coordinates
12/03/2018 11:18:10 PM calculated pressure from sigma levels
12/03/2018 11:18:33 PM saved v_comp
12/03/2018 11:18:56 PM saved u_comp
12/03/2018 11:19:07 PM saved z
12/03/2018 11:19:07 PM Filtering signal now
12/03/2018 11:19:19 PM Filtering u and v at plevel 0.9961083984375
12/03/2018 11:19:28 PM Filtering u and v at plevel 0.9873693237304687
12/03/2018 11:19:37 PM Filtering u and v at plevel 0.9765033569335938
12/03/2018 11:19:46 PM Filtering u and v at plevel 0.963111328125
12/03/2018 11:19:55 PM Filtering u and v at plevel 0.94679345703125
12/03/2018 11:20:04 PM Filtering u and v at plevel 0.9271495361328125
12/03/2018 11:20:13 PM Filtering u and v at plevel 0.9037782592773438
12/03/2018 11:20:22 PM Filtering u and v at plevel 0.8762772216796875
12/03/2018 11:20:31 PM Filtering u and v at plevel 0.8442423706054687
12/03/2018 11:20:40 PM Filtering u and v at plevel 0.8072677001953125
12/03/2018 11:20:49 PM Filtering u and v at plevel 0.7649443969726563
12/03/2018 11:20:58 PM Filtering u and v at plevel 0.7168593139648437
12/03/2018 11:21:07 PM Filtering u and v at plevel 0.6625931396484375
12/03/2018 11:21:16 PM Filtering u and v at plevel 0.6017172241210937
12/03/2018 11:21:25 PM Filtering u and v at plevel 0.533786376953125
12/03/2018 11:21:34 PM Filtering u and v at plevel 0.4583251342773437
12/03/2018 11:21:43 PM Filtering u and v at plevel 0.3780865783691406
12/03/2018 11:21:52 PM Filtering u and v at plevel 0.29894439697265623
12/03/2018 11:22:01 PM Filtering u and v at plevel 0.22474922180175783
12/03/2018 11:22:10 PM Filtering u and v at plevel 0.15738101196289062
12/03/2018 11:22:20 PM Filtering u and v at plevel 0.09912992095947265
12/03/2018 11:22:29 PM Filtering u and v at plevel 0.052340194702148436
12/03/2018 11:22:38 PM Filtering u and v at plevel 0.019088397979736327
12/03/2018 11:22:47 PM Filtering u and v at plevel 0.0036502928733825684
12/03/2018 11:22:52 PM calculated EKE
12/03/2018 11:23:03 PM saved EKE data
12/03/2018 11:23:04 PM EKE calculated !! Great !!
12/03/2018 11:23:09 PM ...........Calculate EKE.............4
12/03/2018 11:23:09 PM imported nc file
12/03/2018 11:23:17 PM imported coordinates
12/03/2018 11:23:22 PM calculated pressure from sigma levels
12/03/2018 11:23:48 PM saved v_comp
12/03/2018 11:24:12 PM saved u_comp
12/03/2018 11:24:21 PM saved z
12/03/2018 11:24:21 PM Filtering signal now
12/03/2018 11:24:33 PM Filtering u and v at plevel 0.9961083984375
12/03/2018 11:24:43 PM Filtering u and v at plevel 0.9873693237304687
12/03/2018 11:24:52 PM Filtering u and v at plevel 0.9765033569335938
12/03/2018 11:25:02 PM Filtering u and v at plevel 0.963111328125
12/03/2018 11:25:11 PM Filtering u and v at plevel 0.94679345703125
12/03/2018 11:25:21 PM Filtering u and v at plevel 0.9271495361328125
12/03/2018 11:25:30 PM Filtering u and v at plevel 0.9037782592773438
12/03/2018 11:25:40 PM Filtering u and v at plevel 0.8762772216796875
12/03/2018 11:25:49 PM Filtering u and v at plevel 0.8442423706054687
12/03/2018 11:25:59 PM Filtering u and v at plevel 0.8072677001953125
12/03/2018 11:26:08 PM Filtering u and v at plevel 0.7649443969726563
12/03/2018 11:26:18 PM Filtering u and v at plevel 0.7168593139648437
12/03/2018 11:26:27 PM Filtering u and v at plevel 0.6625931396484375
12/03/2018 11:26:36 PM Filtering u and v at plevel 0.6017172241210937
12/03/2018 11:26:46 PM Filtering u and v at plevel 0.533786376953125
12/03/2018 11:26:55 PM Filtering u and v at plevel 0.4583251342773437
12/03/2018 11:27:05 PM Filtering u and v at plevel 0.3780865783691406
12/03/2018 11:27:14 PM Filtering u and v at plevel 0.29894439697265623
12/03/2018 11:27:24 PM Filtering u and v at plevel 0.22474922180175783
12/03/2018 11:27:33 PM Filtering u and v at plevel 0.15738101196289062
12/03/2018 11:27:43 PM Filtering u and v at plevel 0.09912992095947265
12/03/2018 11:27:52 PM Filtering u and v at plevel 0.052340194702148436
12/03/2018 11:28:02 PM Filtering u and v at plevel 0.019088397979736327
12/03/2018 11:28:11 PM Filtering u and v at plevel 0.0036502928733825684
12/03/2018 11:28:16 PM calculated EKE
12/03/2018 11:28:28 PM saved EKE data
12/03/2018 11:28:28 PM EKE calculated !! Great !!
12/03/2018 11:28:33 PM ...........Calculate EKE.............5
12/03/2018 11:28:33 PM imported nc file
12/03/2018 11:28:39 PM imported coordinates
12/03/2018 11:28:44 PM calculated pressure from sigma levels
12/03/2018 11:29:05 PM saved v_comp
12/03/2018 11:29:26 PM saved u_comp
12/03/2018 11:29:33 PM saved z
12/03/2018 11:29:33 PM Filtering signal now
12/03/2018 11:29:45 PM Filtering u and v at plevel 0.9961083984375
12/03/2018 11:29:55 PM Filtering u and v at plevel 0.9873693237304687
12/03/2018 11:30:04 PM Filtering u and v at plevel 0.9765033569335938
12/03/2018 11:30:13 PM Filtering u and v at plevel 0.963111328125
12/03/2018 11:30:22 PM Filtering u and v at plevel 0.94679345703125
12/03/2018 11:30:32 PM Filtering u and v at plevel 0.9271495361328125
12/03/2018 11:30:41 PM Filtering u and v at plevel 0.9037782592773438
12/03/2018 11:30:50 PM Filtering u and v at plevel 0.8762772216796875
12/03/2018 11:30:59 PM Filtering u and v at plevel 0.8442423706054687
12/03/2018 11:31:09 PM Filtering u and v at plevel 0.8072677001953125
12/03/2018 11:31:18 PM Filtering u and v at plevel 0.7649443969726563
12/03/2018 11:31:27 PM Filtering u and v at plevel 0.7168593139648437
12/03/2018 11:31:37 PM Filtering u and v at plevel 0.6625931396484375
12/03/2018 11:31:46 PM Filtering u and v at plevel 0.6017172241210937
12/03/2018 11:31:55 PM Filtering u and v at plevel 0.533786376953125
12/03/2018 11:32:04 PM Filtering u and v at plevel 0.4583251342773437
12/03/2018 11:32:14 PM Filtering u and v at plevel 0.3780865783691406
12/03/2018 11:32:23 PM Filtering u and v at plevel 0.29894439697265623
12/03/2018 11:32:32 PM Filtering u and v at plevel 0.22474922180175783
12/03/2018 11:32:41 PM Filtering u and v at plevel 0.15738101196289062
12/03/2018 11:32:49 PM Filtering u and v at plevel 0.09912992095947265
12/03/2018 11:32:58 PM Filtering u and v at plevel 0.052340194702148436
12/03/2018 11:33:07 PM Filtering u and v at plevel 0.019088397979736327
12/03/2018 11:33:16 PM Filtering u and v at plevel 0.0036502928733825684
12/03/2018 11:33:21 PM calculated EKE
12/03/2018 11:33:32 PM saved EKE data
12/03/2018 11:33:32 PM EKE calculated !! Great !!
12/03/2018 11:33:40 PM ...........Calculate EKE.............6
12/03/2018 11:33:40 PM imported nc file
12/03/2018 11:33:46 PM imported coordinates
12/03/2018 11:33:52 PM calculated pressure from sigma levels
12/03/2018 11:34:13 PM saved v_comp
12/03/2018 11:34:36 PM saved u_comp
12/03/2018 11:34:46 PM saved z
12/03/2018 11:34:46 PM Filtering signal now
12/03/2018 11:34:58 PM Filtering u and v at plevel 0.9961083984375
12/03/2018 11:35:07 PM Filtering u and v at plevel 0.9873693237304687
12/03/2018 11:35:16 PM Filtering u and v at plevel 0.9765033569335938
12/03/2018 11:35:25 PM Filtering u and v at plevel 0.963111328125
12/03/2018 11:35:34 PM Filtering u and v at plevel 0.94679345703125
12/03/2018 11:35:43 PM Filtering u and v at plevel 0.9271495361328125
12/03/2018 11:35:51 PM Filtering u and v at plevel 0.9037782592773438
12/03/2018 11:36:00 PM Filtering u and v at plevel 0.8762772216796875
12/03/2018 11:36:09 PM Filtering u and v at plevel 0.8442423706054687
12/03/2018 11:36:18 PM Filtering u and v at plevel 0.8072677001953125
12/03/2018 11:36:27 PM Filtering u and v at plevel 0.7649443969726563
12/03/2018 11:36:36 PM Filtering u and v at plevel 0.7168593139648437
12/03/2018 11:36:45 PM Filtering u and v at plevel 0.6625931396484375
12/03/2018 11:36:54 PM Filtering u and v at plevel 0.6017172241210937
12/03/2018 11:37:02 PM Filtering u and v at plevel 0.533786376953125
12/03/2018 11:37:11 PM Filtering u and v at plevel 0.4583251342773437
12/03/2018 11:37:20 PM Filtering u and v at plevel 0.3780865783691406
12/03/2018 11:37:29 PM Filtering u and v at plevel 0.29894439697265623
12/03/2018 11:37:38 PM Filtering u and v at plevel 0.22474922180175783
12/03/2018 11:37:47 PM Filtering u and v at plevel 0.15738101196289062
12/03/2018 11:37:56 PM Filtering u and v at plevel 0.09912992095947265
12/03/2018 11:38:04 PM Filtering u and v at plevel 0.052340194702148436
12/03/2018 11:38:13 PM Filtering u and v at plevel 0.019088397979736327
12/03/2018 11:38:22 PM Filtering u and v at plevel 0.0036502928733825684
12/03/2018 11:38:27 PM calculated EKE
12/03/2018 11:38:39 PM saved EKE data
12/03/2018 11:38:39 PM EKE calculated !! Great !!
12/03/2018 11:38:45 PM ...........Calculate EKE.............7
12/03/2018 11:38:45 PM imported nc file
12/03/2018 11:38:47 PM imported coordinates
12/03/2018 11:38:52 PM calculated pressure from sigma levels
12/03/2018 11:39:14 PM saved v_comp
12/03/2018 11:39:38 PM saved u_comp
12/03/2018 11:39:48 PM saved z
12/03/2018 11:39:48 PM Filtering signal now
12/03/2018 11:40:00 PM Filtering u and v at plevel 0.9961083984375
12/03/2018 11:40:09 PM Filtering u and v at plevel 0.9873693237304687
12/03/2018 11:40:18 PM Filtering u and v at plevel 0.9765033569335938
12/03/2018 11:40:27 PM Filtering u and v at plevel 0.963111328125
12/03/2018 11:40:36 PM Filtering u and v at plevel 0.94679345703125
12/03/2018 11:40:46 PM Filtering u and v at plevel 0.9271495361328125
12/03/2018 11:40:55 PM Filtering u and v at plevel 0.9037782592773438
12/03/2018 11:41:04 PM Filtering u and v at plevel 0.8762772216796875
12/03/2018 11:41:13 PM Filtering u and v at plevel 0.8442423706054687
12/03/2018 11:41:22 PM Filtering u and v at plevel 0.8072677001953125
12/03/2018 11:41:31 PM Filtering u and v at plevel 0.7649443969726563
12/03/2018 11:41:40 PM Filtering u and v at plevel 0.7168593139648437
12/03/2018 11:41:50 PM Filtering u and v at plevel 0.6625931396484375
12/03/2018 11:41:59 PM Filtering u and v at plevel 0.6017172241210937
12/03/2018 11:42:08 PM Filtering u and v at plevel 0.533786376953125
12/03/2018 11:42:17 PM Filtering u and v at plevel 0.4583251342773437
12/03/2018 11:42:26 PM Filtering u and v at plevel 0.3780865783691406
12/03/2018 11:42:35 PM Filtering u and v at plevel 0.29894439697265623
12/03/2018 11:42:44 PM Filtering u and v at plevel 0.22474922180175783
12/03/2018 11:42:53 PM Filtering u and v at plevel 0.15738101196289062
12/03/2018 11:43:03 PM Filtering u and v at plevel 0.09912992095947265
12/03/2018 11:43:12 PM Filtering u and v at plevel 0.052340194702148436
12/03/2018 11:43:21 PM Filtering u and v at plevel 0.019088397979736327
12/03/2018 11:43:30 PM Filtering u and v at plevel 0.0036502928733825684
12/03/2018 11:43:35 PM calculated EKE
12/03/2018 11:43:47 PM saved EKE data
12/03/2018 11:43:47 PM EKE calculated !! Great !!
12/03/2018 11:43:52 PM ...........Calculate EKE.............8
12/03/2018 11:43:52 PM imported nc file
12/03/2018 11:43:58 PM imported coordinates
12/03/2018 11:44:03 PM calculated pressure from sigma levels
12/03/2018 11:44:27 PM saved v_comp
12/03/2018 11:44:51 PM saved u_comp
12/03/2018 11:45:02 PM saved z
12/03/2018 11:45:02 PM Filtering signal now
12/03/2018 11:45:14 PM Filtering u and v at plevel 0.9961083984375
12/03/2018 11:45:23 PM Filtering u and v at plevel 0.9873693237304687
12/03/2018 11:45:32 PM Filtering u and v at plevel 0.9765033569335938
12/03/2018 11:45:41 PM Filtering u and v at plevel 0.963111328125
12/03/2018 11:45:50 PM Filtering u and v at plevel 0.94679345703125
12/03/2018 11:45:59 PM Filtering u and v at plevel 0.9271495361328125
12/03/2018 11:46:08 PM Filtering u and v at plevel 0.9037782592773438
12/03/2018 11:46:17 PM Filtering u and v at plevel 0.8762772216796875
12/03/2018 11:46:26 PM Filtering u and v at plevel 0.8442423706054687
12/03/2018 11:46:35 PM Filtering u and v at plevel 0.8072677001953125
12/03/2018 11:46:44 PM Filtering u and v at plevel 0.7649443969726563
12/03/2018 11:46:53 PM Filtering u and v at plevel 0.7168593139648437
12/03/2018 11:47:02 PM Filtering u and v at plevel 0.6625931396484375
12/03/2018 11:47:11 PM Filtering u and v at plevel 0.6017172241210937
12/03/2018 11:47:20 PM Filtering u and v at plevel 0.533786376953125
12/03/2018 11:47:29 PM Filtering u and v at plevel 0.4583251342773437
12/03/2018 11:47:38 PM Filtering u and v at plevel 0.3780865783691406
12/03/2018 11:47:47 PM Filtering u and v at plevel 0.29894439697265623
12/03/2018 11:47:55 PM Filtering u and v at plevel 0.22474922180175783
12/03/2018 11:48:04 PM Filtering u and v at plevel 0.15738101196289062
12/03/2018 11:48:13 PM Filtering u and v at plevel 0.09912992095947265
12/03/2018 11:48:22 PM Filtering u and v at plevel 0.052340194702148436
12/03/2018 11:48:31 PM Filtering u and v at plevel 0.019088397979736327
12/03/2018 11:48:40 PM Filtering u and v at plevel 0.0036502928733825684
12/03/2018 11:48:45 PM calculated EKE
12/03/2018 11:48:57 PM saved EKE data
12/03/2018 11:48:57 PM EKE calculated !! Great !!
12/03/2018 11:49:00 PM ...........Calculate EKE.............9
12/03/2018 11:49:00 PM imported nc file
12/03/2018 11:49:10 PM imported coordinates
12/03/2018 11:49:15 PM calculated pressure from sigma levels
12/03/2018 11:49:35 PM saved v_comp
12/03/2018 11:49:55 PM saved u_comp
12/03/2018 11:50:05 PM saved z
12/03/2018 11:50:05 PM Filtering signal now
12/03/2018 11:50:16 PM Filtering u and v at plevel 0.9961083984375
12/03/2018 11:50:25 PM Filtering u and v at plevel 0.9873693237304687
12/03/2018 11:50:34 PM Filtering u and v at plevel 0.9765033569335938
12/03/2018 11:50:43 PM Filtering u and v at plevel 0.963111328125
12/03/2018 11:50:52 PM Filtering u and v at plevel 0.94679345703125
12/03/2018 11:51:01 PM Filtering u and v at plevel 0.9271495361328125
12/03/2018 11:51:10 PM Filtering u and v at plevel 0.9037782592773438
12/03/2018 11:51:18 PM Filtering u and v at plevel 0.8762772216796875
12/03/2018 11:51:27 PM Filtering u and v at plevel 0.8442423706054687
12/03/2018 11:51:36 PM Filtering u and v at plevel 0.8072677001953125
12/03/2018 11:51:45 PM Filtering u and v at plevel 0.7649443969726563
12/03/2018 11:51:54 PM Filtering u and v at plevel 0.7168593139648437
12/03/2018 11:52:03 PM Filtering u and v at plevel 0.6625931396484375
12/03/2018 11:52:12 PM Filtering u and v at plevel 0.6017172241210937
12/03/2018 11:52:20 PM Filtering u and v at plevel 0.533786376953125
12/03/2018 11:52:29 PM Filtering u and v at plevel 0.4583251342773437
12/03/2018 11:52:38 PM Filtering u and v at plevel 0.3780865783691406
12/03/2018 11:52:47 PM Filtering u and v at plevel 0.29894439697265623
12/03/2018 11:52:56 PM Filtering u and v at plevel 0.22474922180175783
12/03/2018 11:53:05 PM Filtering u and v at plevel 0.15738101196289062
12/03/2018 11:53:13 PM Filtering u and v at plevel 0.09912992095947265
12/03/2018 11:53:22 PM Filtering u and v at plevel 0.052340194702148436
12/03/2018 11:53:31 PM Filtering u and v at plevel 0.019088397979736327
12/03/2018 11:53:40 PM Filtering u and v at plevel 0.0036502928733825684
12/03/2018 11:53:45 PM calculated EKE
12/03/2018 11:53:57 PM saved EKE data
12/03/2018 11:53:57 PM EKE calculated !! Great !!
12/03/2018 11:53:59 PM ** INTERPOLATION ** 
12/03/2018 11:54:02 PM ----0----
12/03/2018 11:54:02 PM ----1----
12/03/2018 11:54:02 PM ----2----
12/03/2018 11:54:02 PM ----3----
12/03/2018 11:54:02 PM ----4----
12/03/2018 11:54:02 PM ----5----
12/03/2018 11:54:02 PM ----6----
12/03/2018 11:54:02 PM ----7----
12/03/2018 11:54:02 PM ----8----
12/03/2018 11:54:02 PM ----9----
12/04/2018 12:05:08 AM ** INTERPOLATION ** 
12/04/2018 12:05:09 AM ----0----
12/04/2018 12:05:10 AM ----1----
12/04/2018 12:05:10 AM ----2----
12/04/2018 12:05:10 AM ----3----
12/04/2018 12:05:10 AM ----4----
12/04/2018 12:05:10 AM ----5----
12/04/2018 12:05:10 AM ----6----
12/04/2018 12:05:10 AM ----7----
12/04/2018 12:05:10 AM ----8----
12/04/2018 12:05:10 AM ----9----
12/04/2018 12:05:10 AM Calculated interpolation
12/04/2018 12:05:10 AM Saved raw data interp dictionary
12/04/2018 12:05:10 AM Looks great !!
