05/19/2019 02:16:51 PM destination folder created !
05/19/2019 02:16:51 PM ...........Extract_ncfile_save_fluxes_radiation.py.............0
05/19/2019 02:16:51 PM imported nc file
05/19/2019 02:17:44 PM imported coordinates
05/19/2019 02:17:44 PM imported pressure
05/19/2019 02:19:01 PM saved temp
05/19/2019 02:20:15 PM saved v_comp
05/19/2019 02:20:33 PM saved u_comp
05/19/2019 02:21:10 PM saved Z
05/19/2019 02:22:18 PM saved q
05/19/2019 02:22:23 PM calculated pressure from sigma levels
05/19/2019 02:22:26 PM calculated MSE fluxes
05/19/2019 02:22:26 PM saved raw data
05/19/2019 02:22:26 PM Begins calculating TE, SE and MM fluxes ....
05/19/2019 02:22:33 PM destination folder created !
05/19/2019 02:22:33 PM ...........Extract_ncfile_save_fluxes_radiation.py.............1
05/19/2019 02:22:33 PM imported nc file
05/19/2019 02:23:29 PM imported coordinates
05/19/2019 02:23:29 PM imported pressure
05/19/2019 02:24:45 PM saved temp
05/19/2019 02:25:56 PM saved v_comp
05/19/2019 02:26:12 PM saved u_comp
05/19/2019 02:27:03 PM saved Z
05/19/2019 02:33:21 PM ...........Extract_ncfile_save_fluxes_radiation.py.............0
05/19/2019 02:33:21 PM imported nc file
05/19/2019 02:34:11 PM imported coordinates
05/19/2019 02:34:11 PM imported pressure
05/19/2019 02:35:31 PM saved temp
05/19/2019 02:37:04 PM saved v_comp
05/19/2019 02:38:50 PM saved u_comp
05/19/2019 02:40:02 PM saved Z
05/19/2019 02:41:15 PM saved q
05/19/2019 02:41:19 PM calculated pressure from sigma levels
05/19/2019 02:41:22 PM calculated MSE fluxes
05/19/2019 02:41:22 PM saved raw data
05/19/2019 02:41:22 PM Begins calculating TE, SE and MM fluxes ....
05/19/2019 02:43:09 PM loaded MMC_thermo_dynamic dictionary
05/19/2019 02:43:09 PM loaded MMC_thermo_dynamic_vert dictionary
05/19/2019 02:43:14 PM ...........Extract_ncfile_save_fluxes_radiation.py.............1
05/19/2019 02:43:14 PM imported nc file
05/19/2019 02:44:08 PM imported coordinates
05/19/2019 02:44:08 PM imported pressure
05/19/2019 02:45:26 PM saved temp
05/19/2019 02:46:35 PM saved v_comp
05/19/2019 02:46:52 PM saved u_comp
05/19/2019 02:47:29 PM saved Z
05/19/2019 02:48:47 PM saved q
05/19/2019 02:48:52 PM calculated pressure from sigma levels
05/19/2019 02:48:54 PM calculated MSE fluxes
05/19/2019 02:48:54 PM saved raw data
05/19/2019 02:48:54 PM Begins calculating TE, SE and MM fluxes ....
05/19/2019 02:50:42 PM loaded MMC_thermo_dynamic dictionary
05/19/2019 02:50:42 PM loaded MMC_thermo_dynamic_vert dictionary
05/19/2019 02:51:20 PM destination folder created !
05/19/2019 02:51:20 PM ...........Extract_ncfile_save_fluxes_radiation.py.............2
05/19/2019 02:51:20 PM imported nc file
05/19/2019 02:52:11 PM imported coordinates
05/19/2019 02:52:11 PM imported pressure
05/19/2019 02:53:27 PM saved temp
05/19/2019 02:54:38 PM saved v_comp
05/19/2019 02:54:54 PM saved u_comp
05/19/2019 02:55:30 PM saved Z
05/19/2019 02:56:36 PM saved q
05/19/2019 02:56:40 PM calculated pressure from sigma levels
05/19/2019 02:56:43 PM calculated MSE fluxes
05/19/2019 02:56:43 PM saved raw data
05/19/2019 02:56:43 PM Begins calculating TE, SE and MM fluxes ....
05/19/2019 02:58:30 PM loaded MMC_thermo_dynamic dictionary
05/19/2019 02:58:30 PM loaded MMC_thermo_dynamic_vert dictionary
05/19/2019 02:58:36 PM destination folder created !
05/19/2019 02:58:36 PM ...........Extract_ncfile_save_fluxes_radiation.py.............3
05/19/2019 02:58:36 PM imported nc file
05/19/2019 02:59:28 PM imported coordinates
05/19/2019 02:59:28 PM imported pressure
05/19/2019 03:00:47 PM saved temp
05/19/2019 03:01:58 PM saved v_comp
05/19/2019 03:02:46 PM saved u_comp
05/19/2019 03:03:22 PM saved Z
05/19/2019 03:04:31 PM saved q
05/19/2019 03:04:36 PM calculated pressure from sigma levels
05/19/2019 03:04:38 PM calculated MSE fluxes
05/19/2019 03:04:38 PM saved raw data
05/19/2019 03:04:38 PM Begins calculating TE, SE and MM fluxes ....
05/19/2019 03:06:25 PM loaded MMC_thermo_dynamic dictionary
05/19/2019 03:06:25 PM loaded MMC_thermo_dynamic_vert dictionary
05/19/2019 03:06:31 PM destination folder created !
05/19/2019 03:06:31 PM ...........Extract_ncfile_save_fluxes_radiation.py.............4
05/19/2019 03:06:31 PM imported nc file
05/19/2019 03:07:25 PM imported coordinates
05/19/2019 03:07:25 PM imported pressure
05/19/2019 03:08:42 PM saved temp
05/19/2019 03:09:53 PM saved v_comp
05/19/2019 03:10:10 PM saved u_comp
05/19/2019 03:10:48 PM saved Z
05/19/2019 03:11:59 PM saved q
05/19/2019 03:12:03 PM calculated pressure from sigma levels
05/19/2019 03:12:06 PM calculated MSE fluxes
05/19/2019 03:12:06 PM saved raw data
05/19/2019 03:12:06 PM Begins calculating TE, SE and MM fluxes ....
05/19/2019 03:13:51 PM loaded MMC_thermo_dynamic dictionary
05/19/2019 03:13:51 PM loaded MMC_thermo_dynamic_vert dictionary
05/19/2019 03:13:55 PM destination folder created !
05/19/2019 03:13:55 PM ...........Extract_ncfile_save_fluxes_radiation.py.............5
05/19/2019 03:13:55 PM imported nc file
05/19/2019 03:14:47 PM imported coordinates
05/19/2019 03:14:47 PM imported pressure
05/19/2019 03:16:03 PM saved temp
05/19/2019 03:17:28 PM saved v_comp
05/19/2019 03:19:16 PM saved u_comp
05/19/2019 03:20:38 PM saved Z
05/19/2019 03:21:49 PM saved q
05/19/2019 03:21:54 PM calculated pressure from sigma levels
05/19/2019 03:21:57 PM calculated MSE fluxes
05/19/2019 03:21:57 PM saved raw data
05/19/2019 03:21:57 PM Begins calculating TE, SE and MM fluxes ....
05/19/2019 03:23:43 PM loaded MMC_thermo_dynamic dictionary
05/19/2019 03:23:43 PM loaded MMC_thermo_dynamic_vert dictionary
05/19/2019 03:23:47 PM destination folder created !
05/19/2019 03:23:47 PM ...........Extract_ncfile_save_fluxes_radiation.py.............6
05/19/2019 03:23:47 PM imported nc file
05/19/2019 03:24:38 PM imported coordinates
05/19/2019 03:24:38 PM imported pressure
05/19/2019 03:25:57 PM saved temp
05/19/2019 03:27:19 PM saved v_comp
05/19/2019 03:28:35 PM saved u_comp
05/19/2019 03:29:47 PM saved Z
05/19/2019 03:31:34 PM saved q
05/19/2019 03:31:39 PM calculated pressure from sigma levels
05/19/2019 03:31:42 PM calculated MSE fluxes
05/19/2019 03:31:42 PM saved raw data
05/19/2019 03:31:42 PM Begins calculating TE, SE and MM fluxes ....
05/19/2019 03:33:31 PM loaded MMC_thermo_dynamic dictionary
05/19/2019 03:33:31 PM loaded MMC_thermo_dynamic_vert dictionary
05/19/2019 03:33:34 PM destination folder created !
05/19/2019 03:33:34 PM ...........Extract_ncfile_save_fluxes_radiation.py.............7
05/19/2019 03:33:34 PM imported nc file
05/19/2019 03:34:28 PM imported coordinates
05/19/2019 03:34:28 PM imported pressure
05/19/2019 03:35:48 PM saved temp
05/19/2019 03:37:29 PM saved v_comp
05/19/2019 03:39:09 PM saved u_comp
05/19/2019 03:40:23 PM saved Z
05/19/2019 03:41:35 PM saved q
05/19/2019 03:41:39 PM calculated pressure from sigma levels
05/19/2019 03:41:42 PM calculated MSE fluxes
05/19/2019 03:41:42 PM saved raw data
05/19/2019 03:41:42 PM Begins calculating TE, SE and MM fluxes ....
05/19/2019 03:43:29 PM loaded MMC_thermo_dynamic dictionary
05/19/2019 03:43:29 PM loaded MMC_thermo_dynamic_vert dictionary
05/19/2019 03:43:32 PM destination folder created !
05/19/2019 03:43:32 PM ...........Extract_ncfile_save_fluxes_radiation.py.............8
05/19/2019 03:43:32 PM imported nc file
05/19/2019 03:44:26 PM imported coordinates
05/19/2019 03:44:26 PM imported pressure
05/19/2019 03:45:45 PM saved temp
05/19/2019 03:46:57 PM saved v_comp
05/19/2019 03:47:47 PM saved u_comp
05/19/2019 03:48:47 PM saved Z
05/19/2019 03:49:57 PM saved q
05/19/2019 03:50:01 PM calculated pressure from sigma levels
05/19/2019 03:50:04 PM calculated MSE fluxes
05/19/2019 03:50:04 PM saved raw data
05/19/2019 03:50:04 PM Begins calculating TE, SE and MM fluxes ....
05/19/2019 03:51:49 PM loaded MMC_thermo_dynamic dictionary
05/19/2019 03:51:49 PM loaded MMC_thermo_dynamic_vert dictionary
05/19/2019 03:51:52 PM destination folder created !
05/19/2019 03:51:52 PM ...........Extract_ncfile_save_fluxes_radiation.py.............9
05/19/2019 03:51:52 PM imported nc file
05/19/2019 03:52:44 PM imported coordinates
05/19/2019 03:52:44 PM imported pressure
05/19/2019 03:54:10 PM saved temp
05/19/2019 03:55:41 PM saved v_comp
05/19/2019 03:57:21 PM saved u_comp
05/19/2019 03:58:54 PM saved Z
05/19/2019 04:00:27 PM saved q
05/19/2019 04:00:32 PM calculated pressure from sigma levels
05/19/2019 04:00:34 PM calculated MSE fluxes
05/19/2019 04:00:34 PM saved raw data
05/19/2019 04:00:34 PM Begins calculating TE, SE and MM fluxes ....
05/19/2019 04:02:21 PM loaded MMC_thermo_dynamic dictionary
05/19/2019 04:02:21 PM loaded MMC_thermo_dynamic_vert dictionary
05/19/2019 04:02:23 PM ** INTERPOLATION ** 
05/19/2019 04:02:25 PM destination folder created !
05/19/2019 04:02:25 PM ----0----
05/19/2019 04:02:25 PM ----1----
05/19/2019 04:02:25 PM ----2----
05/19/2019 04:02:25 PM ----3----
05/19/2019 04:02:25 PM ----4----
05/19/2019 04:02:25 PM ----5----
05/19/2019 04:02:25 PM ----6----
05/19/2019 04:02:25 PM ----7----
05/19/2019 04:02:25 PM ----8----
05/19/2019 04:02:25 PM ----9----
05/20/2019 11:23:35 AM ** INTERPOLATION ** 
05/20/2019 11:23:50 AM ----0----
05/20/2019 11:23:50 AM ----1----
05/20/2019 11:23:50 AM ----2----
05/20/2019 11:23:50 AM ----3----
05/20/2019 11:23:50 AM ----4----
05/20/2019 11:23:50 AM ----5----
05/20/2019 11:23:50 AM ----6----
05/20/2019 11:23:50 AM ----7----
05/20/2019 11:23:50 AM ----8----
05/20/2019 11:23:50 AM ----9----
05/20/2019 11:36:35 AM ** INTERPOLATION ** 
05/20/2019 11:36:39 AM ----0----
05/20/2019 11:36:39 AM ----1----
05/20/2019 11:36:39 AM ----2----
05/20/2019 11:36:39 AM ----3----
05/20/2019 11:36:39 AM ----4----
05/20/2019 11:36:39 AM ----5----
05/20/2019 11:36:39 AM ----6----
05/20/2019 11:36:39 AM ----7----
05/20/2019 11:36:39 AM ----8----
05/20/2019 11:36:39 AM ----9----
05/20/2019 11:36:40 AM Calculated interpolation
05/20/2019 11:36:40 AM Saved decompose mmc dictionary
05/20/2019 11:36:41 AM Saved decompose mmc dictionary
05/20/2019 11:36:41 AM Looks great !!
