12/04/2018 02:23:51 AM ** INTERPOLATION ** 
12/04/2018 02:23:52 AM destination folder created !
12/04/2018 02:23:52 AM ----0----
12/04/2018 02:23:52 AM ----1----
12/04/2018 02:23:52 AM ----2----
12/04/2018 02:23:52 AM ----3----
12/04/2018 02:23:52 AM ----4----
12/04/2018 02:23:53 AM ----5----
12/04/2018 02:23:53 AM ----6----
12/04/2018 02:23:53 AM ----7----
12/04/2018 02:23:53 AM ----8----
12/04/2018 02:23:53 AM ----9----
12/04/2018 02:23:53 AM Calculated interpolation
12/04/2018 02:23:53 AM Calculated divergence
12/04/2018 02:23:54 AM Saved raw data interp dictionary
12/04/2018 02:23:54 AM Saved flux interp dictionary
12/04/2018 02:23:54 AM Saved flux divergence interp
12/04/2018 02:23:54 AM Saved flux vert dictionary
12/04/2018 02:23:54 AM Saved flux divergence vert interp
12/04/2018 02:23:54 AM Looks great !!
12/04/2018 02:23:55 AM ** INTERPOLATION ** 
12/04/2018 02:23:56 AM ----0----
12/04/2018 02:23:56 AM ----1----
12/04/2018 02:23:57 AM ----2----
12/04/2018 02:23:57 AM ----3----
12/04/2018 02:23:57 AM ----4----
12/04/2018 02:23:57 AM ----5----
12/04/2018 02:23:57 AM ----6----
12/04/2018 02:23:57 AM ----7----
12/04/2018 02:23:57 AM ----8----
12/04/2018 02:23:57 AM ----9----
12/04/2018 02:23:57 AM Calculated interpolation
12/04/2018 02:23:57 AM Saved decompose mmc dictionary
12/04/2018 02:23:57 AM Saved decompose mmc dictionary
12/04/2018 02:23:57 AM Looks great !!
