12/04/2018 04:26:30 AM ** INTERPOLATION ** 
12/04/2018 04:26:31 AM destination folder created !
12/04/2018 04:26:32 AM ** INTERPOLATION ** 
12/04/2018 07:31:59 PM ** INTERPOLATION ** 
12/04/2018 07:32:00 PM ----0----
12/04/2018 07:32:01 PM ----1----
12/04/2018 07:32:01 PM ----2----
12/04/2018 07:32:01 PM ----3----
12/04/2018 07:32:01 PM ----4----
12/04/2018 07:32:01 PM ----5----
12/04/2018 07:32:01 PM ----6----
12/04/2018 07:32:02 PM ----7----
12/04/2018 07:32:02 PM ----8----
12/04/2018 07:32:02 PM ----9----
12/04/2018 07:32:03 PM Calculated interpolation
12/04/2018 07:32:03 PM Calculated divergence
12/04/2018 07:32:03 PM Saved raw data interp dictionary
12/04/2018 07:32:03 PM Saved flux interp dictionary
12/04/2018 07:32:03 PM Saved flux divergence interp
12/04/2018 07:32:03 PM Saved flux vert dictionary
12/04/2018 07:32:03 PM Saved flux divergence vert interp
12/04/2018 07:32:03 PM Looks great !!
12/04/2018 07:32:04 PM ** INTERPOLATION ** 
12/04/2018 07:32:05 PM ----0----
12/04/2018 07:32:05 PM ----1----
12/04/2018 07:32:05 PM ----2----
12/04/2018 07:32:05 PM ----3----
12/04/2018 07:32:05 PM ----4----
12/04/2018 07:32:05 PM ----5----
12/04/2018 07:32:05 PM ----6----
12/04/2018 07:32:05 PM ----7----
12/04/2018 07:32:05 PM ----8----
12/04/2018 07:32:05 PM ----9----
12/04/2018 07:32:06 PM Calculated interpolation
12/04/2018 07:32:06 PM Saved decompose mmc dictionary
12/04/2018 07:32:06 PM Saved decompose mmc dictionary
12/04/2018 07:32:06 PM Looks great !!
