12/04/2018 02:20:03 AM ** INTERPOLATION ** 
12/04/2018 02:20:05 AM destination folder created !
12/04/2018 02:20:06 AM ** INTERPOLATION ** 
12/04/2018 03:47:34 PM ** INTERPOLATION ** 
12/04/2018 03:47:36 PM ----0----
12/04/2018 03:47:36 PM ----1----
12/04/2018 03:47:37 PM ----2----
12/04/2018 03:47:37 PM ----3----
12/04/2018 03:47:37 PM ----4----
12/04/2018 03:47:37 PM ----5----
12/04/2018 03:47:37 PM ----6----
12/04/2018 03:47:37 PM ----7----
12/04/2018 03:47:37 PM ----8----
12/04/2018 03:47:37 PM ----9----
12/04/2018 03:47:40 PM Calculated interpolation
12/04/2018 03:47:40 PM Calculated divergence
12/04/2018 03:47:41 PM Saved raw data interp dictionary
12/04/2018 03:47:41 PM Saved flux interp dictionary
12/04/2018 03:47:41 PM Saved flux divergence interp
12/04/2018 03:47:41 PM Saved flux vert dictionary
12/04/2018 03:47:41 PM Saved flux divergence vert interp
12/04/2018 03:47:41 PM Looks great !!
12/04/2018 03:47:42 PM ** INTERPOLATION ** 
12/04/2018 03:47:43 PM ----0----
12/04/2018 03:47:43 PM ----1----
12/04/2018 03:47:43 PM ----2----
12/04/2018 03:47:43 PM ----3----
12/04/2018 03:47:43 PM ----4----
12/04/2018 03:47:43 PM ----5----
12/04/2018 03:47:43 PM ----6----
12/04/2018 03:47:43 PM ----7----
12/04/2018 03:47:43 PM ----8----
12/04/2018 03:47:43 PM ----9----
12/04/2018 03:47:44 PM Calculated interpolation
12/04/2018 03:47:44 PM Saved decompose mmc dictionary
12/04/2018 03:47:44 PM Saved decompose mmc dictionary
12/04/2018 03:47:44 PM Looks great !!
