12/04/2018 12:49:12 AM ** INTERPOLATION ** 
12/04/2018 12:49:14 AM destination folder created !
12/04/2018 12:49:14 AM ** INTERPOLATION ** 
12/04/2018 01:04:45 AM ** INTERPOLATION ** 
12/04/2018 01:04:48 AM ** INTERPOLATION ** 
12/04/2018 10:44:57 AM ** INTERPOLATION ** 
12/04/2018 10:44:59 AM ----0----
12/04/2018 10:44:59 AM ----1----
12/04/2018 10:44:59 AM ----2----
12/04/2018 10:44:59 AM ----3----
12/04/2018 10:44:59 AM ----4----
12/04/2018 10:44:59 AM ----5----
12/04/2018 10:44:59 AM ----6----
12/04/2018 10:44:59 AM ----7----
12/04/2018 10:44:59 AM ----8----
12/04/2018 10:44:59 AM ----9----
12/04/2018 10:45:00 AM Calculated interpolation
12/04/2018 10:45:00 AM Calculated divergence
12/04/2018 10:45:00 AM Saved raw data interp dictionary
12/04/2018 10:45:01 AM Saved flux interp dictionary
12/04/2018 10:45:01 AM Saved flux divergence interp
12/04/2018 10:45:01 AM Saved flux vert dictionary
12/04/2018 10:45:01 AM Saved flux divergence vert interp
12/04/2018 10:45:01 AM Looks great !!
12/04/2018 10:45:01 AM ** INTERPOLATION ** 
12/04/2018 10:45:03 AM ----0----
12/04/2018 10:45:03 AM ----1----
12/04/2018 10:45:03 AM ----2----
12/04/2018 10:45:03 AM ----3----
12/04/2018 10:45:03 AM ----4----
12/04/2018 10:45:03 AM ----5----
12/04/2018 10:45:03 AM ----6----
12/04/2018 10:45:03 AM ----7----
12/04/2018 10:45:03 AM ----8----
12/04/2018 10:45:03 AM ----9----
12/04/2018 10:45:03 AM Calculated interpolation
12/04/2018 10:45:03 AM Saved decompose mmc dictionary
12/04/2018 10:45:04 AM Saved decompose mmc dictionary
12/04/2018 10:45:04 AM Looks great !!
