12/04/2018 05:12:14 AM ** INTERPOLATION ** 
12/04/2018 05:12:16 AM destination folder created !
12/04/2018 05:12:16 AM ----0----
12/04/2018 05:12:16 AM ----1----
12/04/2018 05:12:16 AM ----2----
12/04/2018 05:12:16 AM ----3----
12/04/2018 05:12:16 AM ----4----
12/04/2018 05:12:16 AM ----5----
12/04/2018 05:12:17 AM ----6----
12/04/2018 05:12:17 AM ----7----
12/04/2018 05:12:17 AM ----8----
12/04/2018 05:12:17 AM ----9----
12/04/2018 05:12:17 AM Calculated interpolation
12/04/2018 05:12:17 AM Calculated divergence
12/04/2018 05:12:18 AM Saved raw data interp dictionary
12/04/2018 05:12:18 AM Saved flux interp dictionary
12/04/2018 05:12:18 AM Saved flux divergence interp
12/04/2018 05:12:18 AM Saved flux vert dictionary
12/04/2018 05:12:18 AM Saved flux divergence vert interp
12/04/2018 05:12:18 AM Looks great !!
12/04/2018 05:12:19 AM ** INTERPOLATION ** 
12/04/2018 05:12:21 AM ----0----
12/04/2018 05:12:21 AM ----1----
12/04/2018 05:12:21 AM ----2----
12/04/2018 05:12:21 AM ----3----
12/04/2018 05:12:21 AM ----4----
12/04/2018 05:12:21 AM ----5----
12/04/2018 05:12:21 AM ----6----
12/04/2018 05:12:21 AM ----7----
12/04/2018 05:12:21 AM ----8----
12/04/2018 05:12:21 AM ----9----
12/04/2018 05:12:21 AM Calculated interpolation
12/04/2018 05:12:21 AM Saved decompose mmc dictionary
12/04/2018 05:12:22 AM Saved decompose mmc dictionary
12/04/2018 05:12:22 AM Looks great !!
