02/12/2018 11:24:50 PM destination folder created !
02/12/2018 11:24:50 PM ...........Extract_ncfile_save_fluxes_radiation.py.............
02/12/2018 11:24:50 PM imported nc file
02/12/2018 11:25:16 PM imported coordinates
02/12/2018 11:26:34 PM imported pressure
02/12/2018 11:27:15 PM saved temp
02/12/2018 11:27:28 PM saved v_comp
02/12/2018 11:27:36 PM saved u_comp
02/12/2018 11:28:15 PM saved Z
02/12/2018 11:28:36 PM saved q
02/12/2018 11:29:01 PM saved EKE
02/12/2018 11:29:05 PM calculated KE
02/12/2018 11:29:12 PM calculated MSE fluxes
02/12/2018 11:29:17 PM vertical integartion : MSE fluxes
02/12/2018 11:29:24 PM vertical integration : sensible fluxes
02/12/2018 11:29:30 PM vertical integration : latent fluxes
02/12/2018 11:29:36 PM vertical integration : nc potential fluxes
02/12/2018 11:29:43 PM vertical integration : kinetic energy fluxes
02/12/2018 11:29:49 PM vertical integration : Enthalpy 
02/12/2018 11:30:37 PM saved radiation
02/12/2018 11:30:39 PM saved t_surf
02/12/2018 11:30:40 PM saved flux_oceanq
02/12/2018 11:30:42 PM radiation-- I think its right now !
02/12/2018 11:30:42 PM calculated dh_by_dt
02/12/2018 11:30:42 PM loaded coordinates dictionary
02/12/2018 11:30:42 PM loaded MSE_flux dictionary
02/12/2018 11:30:42 PM loaded rad_dic dictionary
02/12/2018 11:30:44 PM successfully saved dictionaries in files
02/12/2018 11:30:44 PM Begins calculating TE, SE and MM fluxes ....
02/12/2018 11:30:46 PM calculated dh_by_dt dictionary
02/12/2018 11:32:19 PM loaded zonal decomposed fluxes dictionary
02/12/2018 11:32:19 PM loaded zonal radiation dictionary
02/12/2018 11:32:22 PM ** INTERPOLATION **
02/12/2018 11:32:24 PM Calculated interpolation
02/12/2018 11:32:24 PM Calculated divergence
02/12/2018 11:32:24 PM Saved flux interp dictionary
02/12/2018 11:32:24 PM Saved flux divergence interp
02/12/2018 11:32:24 PM Looks great !!
02/12/2018 11:32:25 PM ...........plot_and_save_div_MSE.py.............
02/12/2018 11:32:39 PM ...........interpolation_from_sigma_to_pres_coord.py.............
02/12/2018 11:32:39 PM imported nc file
02/12/2018 11:33:27 PM imported coordinates, height
02/12/2018 11:34:08 PM imported u
02/12/2018 11:34:44 PM imported v
02/12/2018 11:35:27 PM imported ht
02/12/2018 11:36:06 PM imported temp
02/12/2018 11:36:28 PM imported sphum
02/12/2018 11:37:07 PM imported pressure
02/12/2018 11:40:45 PM interpolation done
02/12/2018 11:40:52 PM internal extraction after interpolation
02/12/2018 11:41:07 PM saved raw coordinates dictionary
02/12/2018 11:41:11 PM Trying `CDLL(libgeos_c.so.1)`
02/12/2018 11:41:11 PM Library path: 'libgeos_c.so.1'
02/12/2018 11:41:11 PM DLL: <CDLL 'libgeos_c.so.1', handle 379a5b0 at 7f6c40f9b510>
02/12/2018 11:41:12 PM Trying `CDLL(libc.so.6)`
02/12/2018 11:41:12 PM Library path: 'libc.so.6'
02/12/2018 11:41:12 PM DLL: <CDLL 'libc.so.6', handle 7f6fe909d990 at 7f6c40f9b5d0>
02/12/2018 11:41:18 PM reordering uwind and vwind
02/12/2018 11:41:30 PM Create a VectorWind instance
02/12/2018 11:42:29 PM VectorWind recovered
02/12/2018 11:42:29 PM Masked the data
02/12/2018 11:42:34 PM saved stream function dictionary
02/12/2018 11:42:40 PM ...........plot_stream_wind_etc.py.............
02/12/2018 11:42:50 PM loaded uv
02/12/2018 11:45:00 PM loaded ht,temp,sphum
02/12/2018 11:45:08 PM loaded stream
02/12/2018 11:45:09 PM loaded coord
02/12/2018 11:45:12 PM calculated mass stream function
02/12/2018 11:45:15 PM plot pre onset
02/12/2018 11:45:18 PM plot post onset
02/12/2018 11:45:19 PM plot geo
02/12/2018 11:45:19 PM plot stream
02/12/2018 11:45:33 PM COMPLETE !!
