02/12/2018 11:31:33 PM destination folder created !
02/12/2018 11:31:33 PM ...........Extract_ncfile_save_fluxes_radiation.py.............
02/12/2018 11:31:33 PM imported nc file
02/12/2018 11:32:02 PM imported coordinates
02/12/2018 11:33:32 PM imported pressure
02/12/2018 11:34:13 PM saved temp
02/12/2018 11:34:28 PM saved v_comp
02/12/2018 11:34:40 PM saved u_comp
02/12/2018 11:35:23 PM saved Z
02/12/2018 11:35:47 PM saved q
02/12/2018 11:36:15 PM saved EKE
02/12/2018 11:36:19 PM calculated KE
02/12/2018 11:36:25 PM calculated MSE fluxes
02/12/2018 11:36:30 PM vertical integartion : MSE fluxes
02/12/2018 11:36:37 PM vertical integration : sensible fluxes
02/12/2018 11:36:43 PM vertical integration : latent fluxes
02/12/2018 11:36:49 PM vertical integration : nc potential fluxes
02/12/2018 11:36:55 PM vertical integration : kinetic energy fluxes
02/12/2018 11:37:02 PM vertical integration : Enthalpy 
02/12/2018 11:37:48 PM saved radiation
02/12/2018 11:37:50 PM saved t_surf
02/12/2018 11:37:51 PM saved flux_oceanq
02/12/2018 11:37:53 PM radiation-- I think its right now !
02/12/2018 11:37:54 PM calculated dh_by_dt
02/12/2018 11:37:54 PM loaded coordinates dictionary
02/12/2018 11:37:54 PM loaded MSE_flux dictionary
02/12/2018 11:37:54 PM loaded rad_dic dictionary
02/12/2018 11:37:55 PM successfully saved dictionaries in files
02/12/2018 11:37:55 PM Begins calculating TE, SE and MM fluxes ....
02/12/2018 11:37:57 PM calculated dh_by_dt dictionary
02/12/2018 11:39:37 PM loaded zonal decomposed fluxes dictionary
02/12/2018 11:39:37 PM loaded zonal radiation dictionary
02/12/2018 11:39:41 PM ** INTERPOLATION **
02/12/2018 11:39:43 PM Calculated interpolation
02/12/2018 11:39:43 PM Calculated divergence
02/12/2018 11:39:43 PM Saved flux interp dictionary
02/12/2018 11:39:43 PM Saved flux divergence interp
02/12/2018 11:39:43 PM Looks great !!
02/12/2018 11:39:45 PM ...........plot_and_save_div_MSE.py.............
02/12/2018 11:39:59 PM ...........interpolation_from_sigma_to_pres_coord.py.............
02/12/2018 11:39:59 PM imported nc file
02/12/2018 11:40:41 PM imported coordinates, height
02/12/2018 11:41:39 PM imported u
02/12/2018 11:42:26 PM imported v
02/12/2018 11:43:12 PM imported ht
02/12/2018 11:43:58 PM imported temp
02/12/2018 11:44:39 PM imported sphum
02/12/2018 11:45:25 PM imported pressure
02/12/2018 11:49:05 PM interpolation done
02/12/2018 11:49:12 PM internal extraction after interpolation
02/12/2018 11:49:24 PM saved raw coordinates dictionary
02/12/2018 11:49:28 PM Trying `CDLL(libgeos_c.so.1)`
02/12/2018 11:49:28 PM Library path: 'libgeos_c.so.1'
02/12/2018 11:49:28 PM DLL: <CDLL 'libgeos_c.so.1', handle 40c9d00 at 7f104791e510>
02/12/2018 11:49:28 PM Trying `CDLL(libc.so.6)`
02/12/2018 11:49:28 PM Library path: 'libc.so.6'
02/12/2018 11:49:28 PM DLL: <CDLL 'libc.so.6', handle 7f13efa20990 at 7f104791e5d0>
02/12/2018 11:49:34 PM reordering uwind and vwind
02/12/2018 11:49:46 PM Create a VectorWind instance
02/12/2018 11:50:45 PM VectorWind recovered
02/12/2018 11:50:45 PM Masked the data
02/12/2018 11:50:50 PM saved stream function dictionary
02/12/2018 11:50:54 PM ...........plot_stream_wind_etc.py.............
02/12/2018 11:50:57 PM loaded uv
02/12/2018 11:51:08 PM loaded ht,temp,sphum
02/12/2018 11:51:09 PM loaded stream
02/12/2018 11:51:11 PM loaded coord
02/12/2018 11:51:13 PM calculated mass stream function
02/12/2018 11:51:16 PM plot pre onset
02/12/2018 11:51:20 PM plot post onset
02/12/2018 11:51:20 PM plot geo
02/12/2018 11:51:20 PM plot stream
02/12/2018 11:51:32 PM COMPLETE !!
