10/10/2019 04:28:07 AM destination folder created !
10/10/2019 04:28:07 AM 59...........interpolation_from_pres_to_isentrope_coord.py.............
10/10/2019 04:28:07 AM 59imported nc file
10/10/2019 04:30:06 AM 59...........interpolation_from_pres_to_isentrope_coord.py.............
10/10/2019 04:30:06 AM 59imported nc file
10/10/2019 04:33:07 AM 59...........interpolation_from_pres_to_isentrope_coord.py.............
10/10/2019 04:33:07 AM 59imported nc file
10/10/2019 04:33:43 AM 59imported u
10/10/2019 04:34:17 AM 59imported v
10/10/2019 04:39:14 AM 59...........interpolation_from_pres_to_isentrope_coord.py.............
10/10/2019 04:39:14 AM 59imported nc file
10/10/2019 04:39:50 AM 59imported u
10/10/2019 04:40:23 AM 59imported v
10/10/2019 04:40:56 AM 59imported temp
10/10/2019 04:40:58 AM 59imported coordinates
10/10/2019 04:40:58 AM Interpolating ------>u and v<------ to isentropic coordinates
10/10/2019 04:41:00 AM 59interpolation done
10/10/2019 04:41:00 AM Calculation successful: shape (1, 40, 96, 192)
10/10/2019 04:41:00 AM 59Create dimension
10/10/2019 04:41:00 AM 59Create coordinates
10/10/2019 04:41:00 AM 59Create variables
10/10/2019 04:41:00 AM 59assigned dataset
10/10/2019 04:41:00 AM 59Program ends
10/10/2019 04:41:00 AM 59Total time taken - 108.879243135
10/10/2019 04:41:00 AM 59------------------------
10/10/2019 04:50:14 AM 59...........interpolation_from_pres_to_isentrope_coord.py.............
10/10/2019 04:50:14 AM 59imported nc file
10/10/2019 04:50:48 AM 59imported u
10/10/2019 04:51:06 AM 59imported v
10/10/2019 04:51:38 AM 59imported temp
10/10/2019 04:51:40 AM 59imported coordinates
10/10/2019 04:51:40 AM Interpolating ------>u and v<------ to isentropic coordinates
10/10/2019 04:58:14 AM 59...........interpolation_from_pres_to_isentrope_coord.py.............
10/10/2019 04:58:14 AM 59imported nc file
