09/23/2019 01:41:16 AM destination folder created !
09/23/2019 01:41:16 AM ....Extract_ncfile_save_fluxes_radiation.py....0 averaged over 30
09/23/2019 01:41:16 AM imported nc file
09/23/2019 01:41:25 AM 0imported u
09/23/2019 01:41:34 AM 0imported v
09/23/2019 01:41:44 AM 0imported w
09/23/2019 01:41:55 AM 0imported Z
09/23/2019 01:42:05 AM 0imported q
09/23/2019 01:42:14 AM 0imported temp
09/23/2019 01:42:14 AM 0imported coordinates
09/23/2019 01:42:17 AM 0calculated covariances, uu, vv, uw, uv, KE
09/23/2019 01:42:22 AM 0calculated MSE fluxes
09/23/2019 01:43:01 AM 0calculated dudt
09/23/2019 01:43:12 AM 0calculated w_dudp1
09/23/2019 01:43:22 AM 0calculated w_dudp2
09/23/2019 01:43:33 AM 0calculated w_dudp3
09/23/2019 01:43:33 AM 0calculated w_dudp4
09/23/2019 01:43:48 AM 0calculated zeta_v1
09/23/2019 01:44:02 AM 0calculated zeta_v2
09/23/2019 01:44:17 AM 0calculated zeta_v3
09/23/2019 01:44:17 AM 0calculated zeta_v4
09/23/2019 01:44:30 AM 0calculated zeta
09/23/2019 01:44:55 AM 0calculated EMF1
09/23/2019 01:45:17 AM 0calculated EMF2
09/23/2019 01:45:48 AM 0calculated EMF3
09/23/2019 01:45:48 AM 0calculated EMF4
09/23/2019 01:46:06 AM 0calculated EMF5
09/23/2019 01:46:11 AM 0calculated EMF6
09/23/2019 01:46:30 AM 0calculated EMF1
09/23/2019 01:46:52 AM 0calculated EMF2
09/23/2019 01:47:22 AM 0calculated EMF3
09/23/2019 01:47:22 AM 0calculated EMF4
09/23/2019 01:47:41 AM 0calculated EMF5
09/23/2019 01:47:46 AM 0calculated EMF6
09/23/2019 01:48:09 AM 0calculated uw1
09/23/2019 01:48:39 AM 0calculated uw2
09/23/2019 01:48:58 AM 0calculated uw3
09/23/2019 01:48:58 AM 0calculated uw4
09/23/2019 01:49:16 AM 0calculated uw5
09/23/2019 01:49:47 AM 0calculated uw6
09/23/2019 01:49:47 AM 0calculated duw1_dp
09/23/2019 01:49:47 AM 0calculated duw2_dp
09/23/2019 01:49:47 AM 0calculated duw3_dp
09/23/2019 01:49:47 AM 0calculated duw4_dp
09/23/2019 01:49:47 AM 0calculated duw5_dp
09/23/2019 01:49:47 AM 0calculated duw6_dp
09/23/2019 01:49:47 AM 0loaded momentum terms
09/23/2019 01:49:47 AM 0-Finished- time taken = 1569221387.28
09/23/2019 01:49:50 AM destination folder created !
09/23/2019 01:49:50 AM ....Extract_ncfile_save_fluxes_radiation.py....1 averaged over 30
09/23/2019 01:49:50 AM imported nc file
09/23/2019 01:50:09 AM 1imported u
09/23/2019 01:50:20 AM 1imported v
09/23/2019 01:50:31 AM 1imported w
09/23/2019 01:50:42 AM 1imported Z
09/23/2019 01:50:52 AM 1imported q
09/23/2019 01:51:03 AM 1imported temp
09/23/2019 01:51:03 AM 1imported coordinates
09/23/2019 01:51:07 AM 1calculated covariances, uu, vv, uw, uv, KE
09/23/2019 01:51:12 AM 1calculated MSE fluxes
09/23/2019 01:51:50 AM 1calculated dudt
09/23/2019 01:52:01 AM 1calculated w_dudp1
09/23/2019 01:52:12 AM 1calculated w_dudp2
09/23/2019 01:52:23 AM 1calculated w_dudp3
09/23/2019 01:52:23 AM 1calculated w_dudp4
09/23/2019 01:52:38 AM 1calculated zeta_v1
09/23/2019 01:52:52 AM 1calculated zeta_v2
09/23/2019 01:53:07 AM 1calculated zeta_v3
09/23/2019 01:53:07 AM 1calculated zeta_v4
09/23/2019 01:53:21 AM 1calculated zeta
09/23/2019 01:53:46 AM 1calculated EMF1
09/23/2019 01:54:08 AM 1calculated EMF2
09/23/2019 01:54:40 AM 1calculated EMF3
09/23/2019 01:54:40 AM 1calculated EMF4
09/23/2019 01:54:58 AM 1calculated EMF5
09/23/2019 01:55:04 AM 1calculated EMF6
09/23/2019 01:55:22 AM 1calculated EMF1
09/23/2019 01:55:44 AM 1calculated EMF2
09/23/2019 01:56:15 AM 1calculated EMF3
09/23/2019 01:56:15 AM 1calculated EMF4
09/23/2019 01:56:34 AM 1calculated EMF5
09/23/2019 01:56:40 AM 1calculated EMF6
09/23/2019 01:57:02 AM 1calculated uw1
09/23/2019 01:57:34 AM 1calculated uw2
09/23/2019 01:57:52 AM 1calculated uw3
09/23/2019 01:57:52 AM 1calculated uw4
09/23/2019 01:58:11 AM 1calculated uw5
09/23/2019 01:58:42 AM 1calculated uw6
09/23/2019 01:58:42 AM 1calculated duw1_dp
09/23/2019 01:58:42 AM 1calculated duw2_dp
09/23/2019 01:58:42 AM 1calculated duw3_dp
09/23/2019 01:58:42 AM 1calculated duw4_dp
09/23/2019 01:58:42 AM 1calculated duw5_dp
09/23/2019 01:58:42 AM 1calculated duw6_dp
09/23/2019 01:58:42 AM 1loaded momentum terms
09/23/2019 01:58:42 AM 1-Finished- time taken = 1569221922.87
09/23/2019 01:58:45 AM destination folder created !
09/23/2019 01:58:46 AM ....Extract_ncfile_save_fluxes_radiation.py....2 averaged over 30
09/23/2019 01:58:46 AM imported nc file
09/23/2019 01:58:56 AM 2imported u
09/23/2019 01:59:07 AM 2imported v
09/23/2019 01:59:17 AM 2imported w
09/23/2019 01:59:27 AM 2imported Z
09/23/2019 01:59:38 AM 2imported q
09/23/2019 01:59:55 AM 2imported temp
09/23/2019 01:59:55 AM 2imported coordinates
09/23/2019 01:59:58 AM 2calculated covariances, uu, vv, uw, uv, KE
09/23/2019 02:00:03 AM 2calculated MSE fluxes
09/23/2019 02:00:42 AM 2calculated dudt
09/23/2019 02:00:52 AM 2calculated w_dudp1
09/23/2019 02:01:03 AM 2calculated w_dudp2
09/23/2019 02:01:14 AM 2calculated w_dudp3
09/23/2019 02:01:14 AM 2calculated w_dudp4
09/23/2019 02:01:28 AM 2calculated zeta_v1
09/23/2019 02:01:43 AM 2calculated zeta_v2
09/23/2019 02:01:58 AM 2calculated zeta_v3
09/23/2019 02:01:58 AM 2calculated zeta_v4
09/23/2019 02:02:12 AM 2calculated zeta
09/23/2019 02:02:36 AM 2calculated EMF1
09/23/2019 02:02:59 AM 2calculated EMF2
09/23/2019 02:03:30 AM 2calculated EMF3
09/23/2019 02:03:30 AM 2calculated EMF4
09/23/2019 02:03:48 AM 2calculated EMF5
09/23/2019 02:03:54 AM 2calculated EMF6
09/23/2019 02:04:13 AM 2calculated EMF1
09/23/2019 02:04:36 AM 2calculated EMF2
09/23/2019 02:05:07 AM 2calculated EMF3
09/23/2019 02:05:07 AM 2calculated EMF4
09/23/2019 02:05:25 AM 2calculated EMF5
09/23/2019 02:05:31 AM 2calculated EMF6
09/23/2019 02:05:53 AM 2calculated uw1
09/23/2019 02:06:23 AM 2calculated uw2
09/23/2019 02:06:42 AM 2calculated uw3
09/23/2019 02:06:42 AM 2calculated uw4
09/23/2019 02:07:00 AM 2calculated uw5
09/23/2019 02:07:31 AM 2calculated uw6
09/23/2019 02:07:31 AM 2calculated duw1_dp
09/23/2019 02:07:31 AM 2calculated duw2_dp
09/23/2019 02:07:31 AM 2calculated duw3_dp
09/23/2019 02:07:31 AM 2calculated duw4_dp
09/23/2019 02:07:31 AM 2calculated duw5_dp
09/23/2019 02:07:31 AM 2calculated duw6_dp
09/23/2019 02:07:31 AM 2loaded momentum terms
09/23/2019 02:07:31 AM 2-Finished- time taken = 1569222451.25
09/23/2019 02:07:34 AM destination folder created !
09/23/2019 02:07:34 AM ....Extract_ncfile_save_fluxes_radiation.py....3 averaged over 30
09/23/2019 02:07:34 AM imported nc file
09/23/2019 02:07:44 AM 3imported u
09/23/2019 02:07:53 AM 3imported v
09/23/2019 02:08:03 AM 3imported w
09/23/2019 02:08:12 AM 3imported Z
09/23/2019 02:08:22 AM 3imported q
09/23/2019 02:08:31 AM 3imported temp
09/23/2019 02:08:31 AM 3imported coordinates
09/23/2019 02:08:35 AM 3calculated covariances, uu, vv, uw, uv, KE
09/23/2019 02:08:40 AM 3calculated MSE fluxes
09/23/2019 02:09:19 AM 3calculated dudt
09/23/2019 02:09:29 AM 3calculated w_dudp1
09/23/2019 02:09:40 AM 3calculated w_dudp2
09/23/2019 02:09:51 AM 3calculated w_dudp3
09/23/2019 02:09:51 AM 3calculated w_dudp4
09/23/2019 02:10:06 AM 3calculated zeta_v1
09/23/2019 02:10:20 AM 3calculated zeta_v2
09/23/2019 02:10:35 AM 3calculated zeta_v3
09/23/2019 02:10:35 AM 3calculated zeta_v4
09/23/2019 02:10:49 AM 3calculated zeta
09/23/2019 02:11:14 AM 3calculated EMF1
09/23/2019 02:11:37 AM 3calculated EMF2
09/23/2019 02:12:07 AM 3calculated EMF3
09/23/2019 02:12:07 AM 3calculated EMF4
09/23/2019 02:12:26 AM 3calculated EMF5
09/23/2019 02:12:32 AM 3calculated EMF6
09/23/2019 02:12:51 AM 3calculated EMF1
09/23/2019 02:13:14 AM 3calculated EMF2
09/23/2019 02:13:45 AM 3calculated EMF3
09/23/2019 02:13:45 AM 3calculated EMF4
09/23/2019 02:14:04 AM 3calculated EMF5
09/23/2019 02:14:10 AM 3calculated EMF6
09/23/2019 02:14:32 AM 3calculated uw1
09/23/2019 02:15:03 AM 3calculated uw2
09/23/2019 02:15:21 AM 3calculated uw3
09/23/2019 02:15:21 AM 3calculated uw4
09/23/2019 02:15:40 AM 3calculated uw5
09/23/2019 02:16:10 AM 3calculated uw6
09/23/2019 02:16:10 AM 3calculated duw1_dp
09/23/2019 02:16:10 AM 3calculated duw2_dp
09/23/2019 02:16:10 AM 3calculated duw3_dp
09/23/2019 02:16:10 AM 3calculated duw4_dp
09/23/2019 02:16:10 AM 3calculated duw5_dp
09/23/2019 02:16:10 AM 3calculated duw6_dp
09/23/2019 02:16:11 AM 3loaded momentum terms
09/23/2019 02:16:11 AM 3-Finished- time taken = 1569222971.09
09/23/2019 02:16:14 AM destination folder created !
09/23/2019 02:16:14 AM ....Extract_ncfile_save_fluxes_radiation.py....4 averaged over 30
09/23/2019 02:16:14 AM imported nc file
09/23/2019 02:16:32 AM 4imported u
09/23/2019 02:16:42 AM 4imported v
09/23/2019 02:16:52 AM 4imported w
09/23/2019 02:17:01 AM 4imported Z
09/23/2019 02:17:10 AM 4imported q
09/23/2019 02:17:21 AM 4imported temp
09/23/2019 02:17:21 AM 4imported coordinates
09/23/2019 02:17:25 AM 4calculated covariances, uu, vv, uw, uv, KE
09/23/2019 02:17:30 AM 4calculated MSE fluxes
09/23/2019 02:18:09 AM 4calculated dudt
09/23/2019 02:18:20 AM 4calculated w_dudp1
09/23/2019 02:18:32 AM 4calculated w_dudp2
09/23/2019 02:18:44 AM 4calculated w_dudp3
09/23/2019 02:18:44 AM 4calculated w_dudp4
09/23/2019 02:18:58 AM 4calculated zeta_v1
09/23/2019 02:19:13 AM 4calculated zeta_v2
09/23/2019 02:19:28 AM 4calculated zeta_v3
09/23/2019 02:19:28 AM 4calculated zeta_v4
09/23/2019 02:19:42 AM 4calculated zeta
09/23/2019 02:20:08 AM 4calculated EMF1
09/23/2019 02:20:30 AM 4calculated EMF2
09/23/2019 02:21:02 AM 4calculated EMF3
09/23/2019 02:21:02 AM 4calculated EMF4
09/23/2019 02:21:21 AM 4calculated EMF5
09/23/2019 02:21:27 AM 4calculated EMF6
09/23/2019 02:21:45 AM 4calculated EMF1
09/23/2019 02:22:08 AM 4calculated EMF2
09/23/2019 02:22:39 AM 4calculated EMF3
09/23/2019 02:22:39 AM 4calculated EMF4
09/23/2019 02:22:58 AM 4calculated EMF5
09/23/2019 02:23:04 AM 4calculated EMF6
09/23/2019 02:23:27 AM 4calculated uw1
09/23/2019 02:23:59 AM 4calculated uw2
09/23/2019 02:24:18 AM 4calculated uw3
09/23/2019 02:24:18 AM 4calculated uw4
09/23/2019 02:24:37 AM 4calculated uw5
09/23/2019 02:25:09 AM 4calculated uw6
09/23/2019 02:25:09 AM 4calculated duw1_dp
09/23/2019 02:25:09 AM 4calculated duw2_dp
09/23/2019 02:25:09 AM 4calculated duw3_dp
09/23/2019 02:25:09 AM 4calculated duw4_dp
09/23/2019 02:25:09 AM 4calculated duw5_dp
09/23/2019 02:25:09 AM 4calculated duw6_dp
09/23/2019 02:25:09 AM 4loaded momentum terms
09/23/2019 02:25:09 AM 4-Finished- time taken = 1569223509.48
09/23/2019 02:25:12 AM destination folder created !
09/23/2019 02:25:12 AM ....Extract_ncfile_save_fluxes_radiation.py....5 averaged over 30
09/23/2019 02:25:12 AM imported nc file
09/23/2019 02:25:23 AM 5imported u
09/23/2019 02:25:33 AM 5imported v
09/23/2019 02:25:42 AM 5imported w
09/23/2019 02:25:59 AM 5imported Z
09/23/2019 02:26:09 AM 5imported q
09/23/2019 02:26:18 AM 5imported temp
09/23/2019 02:26:18 AM 5imported coordinates
09/23/2019 02:26:22 AM 5calculated covariances, uu, vv, uw, uv, KE
09/23/2019 02:26:27 AM 5calculated MSE fluxes
09/23/2019 02:27:05 AM 5calculated dudt
09/23/2019 02:27:16 AM 5calculated w_dudp1
09/23/2019 02:27:27 AM 5calculated w_dudp2
09/23/2019 02:27:38 AM 5calculated w_dudp3
09/23/2019 02:27:38 AM 5calculated w_dudp4
09/23/2019 02:27:52 AM 5calculated zeta_v1
09/23/2019 02:28:07 AM 5calculated zeta_v2
09/23/2019 02:28:21 AM 5calculated zeta_v3
09/23/2019 02:28:21 AM 5calculated zeta_v4
09/23/2019 02:28:35 AM 5calculated zeta
09/23/2019 02:29:00 AM 5calculated EMF1
09/23/2019 02:29:22 AM 5calculated EMF2
09/23/2019 02:29:53 AM 5calculated EMF3
09/23/2019 02:29:53 AM 5calculated EMF4
09/23/2019 02:30:11 AM 5calculated EMF5
09/23/2019 02:30:17 AM 5calculated EMF6
09/23/2019 02:30:35 AM 5calculated EMF1
09/23/2019 02:30:57 AM 5calculated EMF2
09/23/2019 02:31:28 AM 5calculated EMF3
09/23/2019 02:31:28 AM 5calculated EMF4
09/23/2019 02:31:47 AM 5calculated EMF5
09/23/2019 02:31:52 AM 5calculated EMF6
09/23/2019 02:32:15 AM 5calculated uw1
09/23/2019 02:32:45 AM 5calculated uw2
09/23/2019 02:33:04 AM 5calculated uw3
09/23/2019 02:33:04 AM 5calculated uw4
09/23/2019 02:33:22 AM 5calculated uw5
09/23/2019 02:33:53 AM 5calculated uw6
09/23/2019 02:33:53 AM 5calculated duw1_dp
09/23/2019 02:33:53 AM 5calculated duw2_dp
09/23/2019 02:33:53 AM 5calculated duw3_dp
09/23/2019 02:33:53 AM 5calculated duw4_dp
09/23/2019 02:33:53 AM 5calculated duw5_dp
09/23/2019 02:33:53 AM 5calculated duw6_dp
09/23/2019 02:33:53 AM 5loaded momentum terms
09/23/2019 02:33:53 AM 5-Finished- time taken = 1569224033.31
09/23/2019 02:33:56 AM destination folder created !
09/23/2019 02:33:56 AM ....Extract_ncfile_save_fluxes_radiation.py....6 averaged over 30
09/23/2019 02:33:56 AM imported nc file
09/23/2019 02:34:06 AM 6imported u
09/23/2019 02:34:17 AM 6imported v
09/23/2019 02:34:27 AM 6imported w
09/23/2019 02:34:37 AM 6imported Z
09/23/2019 02:34:46 AM 6imported q
09/23/2019 02:34:56 AM 6imported temp
09/23/2019 02:34:56 AM 6imported coordinates
09/23/2019 02:35:00 AM 6calculated covariances, uu, vv, uw, uv, KE
09/23/2019 02:35:05 AM 6calculated MSE fluxes
09/23/2019 02:35:43 AM 6calculated dudt
09/23/2019 02:35:54 AM 6calculated w_dudp1
09/23/2019 02:36:05 AM 6calculated w_dudp2
09/23/2019 02:36:16 AM 6calculated w_dudp3
09/23/2019 02:36:16 AM 6calculated w_dudp4
09/23/2019 02:36:30 AM 6calculated zeta_v1
09/23/2019 02:36:45 AM 6calculated zeta_v2
09/23/2019 02:36:59 AM 6calculated zeta_v3
09/23/2019 02:36:59 AM 6calculated zeta_v4
09/23/2019 02:37:13 AM 6calculated zeta
09/23/2019 02:37:38 AM 6calculated EMF1
09/23/2019 02:38:00 AM 6calculated EMF2
09/23/2019 02:38:31 AM 6calculated EMF3
09/23/2019 02:38:31 AM 6calculated EMF4
09/23/2019 02:38:50 AM 6calculated EMF5
09/23/2019 02:38:56 AM 6calculated EMF6
09/23/2019 02:39:15 AM 6calculated EMF1
09/23/2019 02:39:37 AM 6calculated EMF2
09/23/2019 02:40:09 AM 6calculated EMF3
09/23/2019 02:40:09 AM 6calculated EMF4
09/23/2019 02:40:27 AM 6calculated EMF5
09/23/2019 02:40:33 AM 6calculated EMF6
09/23/2019 02:40:56 AM 6calculated uw1
09/23/2019 02:41:26 AM 6calculated uw2
09/23/2019 02:41:45 AM 6calculated uw3
09/23/2019 02:41:45 AM 6calculated uw4
09/23/2019 02:42:04 AM 6calculated uw5
09/23/2019 02:42:34 AM 6calculated uw6
09/23/2019 02:42:34 AM 6calculated duw1_dp
09/23/2019 02:42:34 AM 6calculated duw2_dp
09/23/2019 02:42:34 AM 6calculated duw3_dp
09/23/2019 02:42:34 AM 6calculated duw4_dp
09/23/2019 02:42:34 AM 6calculated duw5_dp
09/23/2019 02:42:34 AM 6calculated duw6_dp
09/23/2019 02:42:35 AM 6loaded momentum terms
09/23/2019 02:42:35 AM 6-Finished- time taken = 1569224555.0
09/23/2019 02:42:38 AM destination folder created !
09/23/2019 02:42:38 AM ....Extract_ncfile_save_fluxes_radiation.py....7 averaged over 30
09/23/2019 02:42:38 AM imported nc file
09/23/2019 02:42:55 AM 7imported u
09/23/2019 02:43:06 AM 7imported v
09/23/2019 02:43:15 AM 7imported w
09/23/2019 02:43:25 AM 7imported Z
09/23/2019 02:43:35 AM 7imported q
09/23/2019 02:43:45 AM 7imported temp
09/23/2019 02:43:45 AM 7imported coordinates
09/23/2019 02:43:49 AM 7calculated covariances, uu, vv, uw, uv, KE
09/23/2019 02:43:54 AM 7calculated MSE fluxes
09/23/2019 02:44:32 AM 7calculated dudt
09/23/2019 02:44:43 AM 7calculated w_dudp1
09/23/2019 02:44:54 AM 7calculated w_dudp2
09/23/2019 02:45:04 AM 7calculated w_dudp3
09/23/2019 02:45:04 AM 7calculated w_dudp4
09/23/2019 02:45:19 AM 7calculated zeta_v1
09/23/2019 02:45:34 AM 7calculated zeta_v2
09/23/2019 02:45:48 AM 7calculated zeta_v3
09/23/2019 02:45:48 AM 7calculated zeta_v4
09/23/2019 02:46:02 AM 7calculated zeta
09/23/2019 02:46:26 AM 7calculated EMF1
09/23/2019 02:46:49 AM 7calculated EMF2
09/23/2019 02:47:19 AM 7calculated EMF3
09/23/2019 02:47:19 AM 7calculated EMF4
09/23/2019 02:47:38 AM 7calculated EMF5
09/23/2019 02:47:44 AM 7calculated EMF6
09/23/2019 02:48:03 AM 7calculated EMF1
09/23/2019 02:48:26 AM 7calculated EMF2
09/23/2019 02:48:57 AM 7calculated EMF3
09/23/2019 02:48:57 AM 7calculated EMF4
09/23/2019 02:49:15 AM 7calculated EMF5
09/23/2019 02:49:21 AM 7calculated EMF6
09/23/2019 02:49:44 AM 7calculated uw1
09/23/2019 02:50:14 AM 7calculated uw2
09/23/2019 02:50:33 AM 7calculated uw3
09/23/2019 02:50:33 AM 7calculated uw4
09/23/2019 02:50:52 AM 7calculated uw5
09/23/2019 02:51:22 AM 7calculated uw6
09/23/2019 02:51:22 AM 7calculated duw1_dp
09/23/2019 02:51:22 AM 7calculated duw2_dp
09/23/2019 02:51:22 AM 7calculated duw3_dp
09/23/2019 02:51:22 AM 7calculated duw4_dp
09/23/2019 02:51:22 AM 7calculated duw5_dp
09/23/2019 02:51:22 AM 7calculated duw6_dp
09/23/2019 02:51:23 AM 7loaded momentum terms
09/23/2019 02:51:23 AM 7-Finished- time taken = 1569225083.05
09/23/2019 02:51:25 AM destination folder created !
09/23/2019 02:51:25 AM ....Extract_ncfile_save_fluxes_radiation.py....8 averaged over 30
09/23/2019 02:51:25 AM imported nc file
09/23/2019 02:51:35 AM 8imported u
09/23/2019 02:51:44 AM 8imported v
09/23/2019 02:51:53 AM 8imported w
09/23/2019 02:52:03 AM 8imported Z
09/23/2019 02:52:13 AM 8imported q
09/23/2019 02:52:30 AM 8imported temp
09/23/2019 02:52:30 AM 8imported coordinates
09/23/2019 02:52:34 AM 8calculated covariances, uu, vv, uw, uv, KE
09/23/2019 02:52:39 AM 8calculated MSE fluxes
09/23/2019 02:53:17 AM 8calculated dudt
09/23/2019 02:53:28 AM 8calculated w_dudp1
09/23/2019 02:53:39 AM 8calculated w_dudp2
09/23/2019 02:53:50 AM 8calculated w_dudp3
09/23/2019 02:53:50 AM 8calculated w_dudp4
09/23/2019 02:54:05 AM 8calculated zeta_v1
09/23/2019 02:54:19 AM 8calculated zeta_v2
09/23/2019 02:54:34 AM 8calculated zeta_v3
09/23/2019 02:54:34 AM 8calculated zeta_v4
09/23/2019 02:54:48 AM 8calculated zeta
09/23/2019 02:55:13 AM 8calculated EMF1
09/23/2019 02:55:36 AM 8calculated EMF2
09/23/2019 02:56:06 AM 8calculated EMF3
09/23/2019 02:56:06 AM 8calculated EMF4
09/23/2019 02:56:25 AM 8calculated EMF5
09/23/2019 02:56:31 AM 8calculated EMF6
09/23/2019 02:56:51 AM 8calculated EMF1
09/23/2019 02:57:14 AM 8calculated EMF2
09/23/2019 02:57:45 AM 8calculated EMF3
09/23/2019 02:57:45 AM 8calculated EMF4
09/23/2019 02:58:04 AM 8calculated EMF5
09/23/2019 02:58:10 AM 8calculated EMF6
09/23/2019 02:58:33 AM 8calculated uw1
09/23/2019 02:59:03 AM 8calculated uw2
09/23/2019 02:59:22 AM 8calculated uw3
09/23/2019 02:59:22 AM 8calculated uw4
09/23/2019 02:59:41 AM 8calculated uw5
09/23/2019 03:00:12 AM 8calculated uw6
09/23/2019 03:00:12 AM 8calculated duw1_dp
09/23/2019 03:00:12 AM 8calculated duw2_dp
09/23/2019 03:00:12 AM 8calculated duw3_dp
09/23/2019 03:00:12 AM 8calculated duw4_dp
09/23/2019 03:00:12 AM 8calculated duw5_dp
09/23/2019 03:00:12 AM 8calculated duw6_dp
09/23/2019 03:00:12 AM 8loaded momentum terms
09/23/2019 03:00:12 AM 8-Finished- time taken = 1569225612.67
09/23/2019 03:00:15 AM destination folder created !
09/23/2019 03:00:15 AM ....Extract_ncfile_save_fluxes_radiation.py....9 averaged over 30
09/23/2019 03:00:15 AM imported nc file
09/23/2019 03:00:25 AM 9imported u
09/23/2019 03:00:34 AM 9imported v
09/23/2019 03:00:44 AM 9imported w
09/23/2019 03:00:53 AM 9imported Z
09/23/2019 03:01:03 AM 9imported q
09/23/2019 03:01:12 AM 9imported temp
09/23/2019 03:01:12 AM 9imported coordinates
09/23/2019 03:01:16 AM 9calculated covariances, uu, vv, uw, uv, KE
09/23/2019 03:01:21 AM 9calculated MSE fluxes
09/23/2019 03:02:00 AM 9calculated dudt
09/23/2019 03:02:11 AM 9calculated w_dudp1
09/23/2019 03:02:23 AM 9calculated w_dudp2
09/23/2019 03:02:34 AM 9calculated w_dudp3
09/23/2019 03:02:34 AM 9calculated w_dudp4
09/23/2019 03:02:49 AM 9calculated zeta_v1
09/23/2019 03:03:04 AM 9calculated zeta_v2
09/23/2019 03:03:18 AM 9calculated zeta_v3
09/23/2019 03:03:18 AM 9calculated zeta_v4
09/23/2019 03:03:32 AM 9calculated zeta
09/23/2019 03:03:58 AM 9calculated EMF1
09/23/2019 03:04:20 AM 9calculated EMF2
09/23/2019 03:04:52 AM 9calculated EMF3
09/23/2019 03:04:52 AM 9calculated EMF4
09/23/2019 03:05:11 AM 9calculated EMF5
09/23/2019 03:05:16 AM 9calculated EMF6
09/23/2019 03:05:35 AM 9calculated EMF1
09/23/2019 03:05:57 AM 9calculated EMF2
09/23/2019 03:06:28 AM 9calculated EMF3
09/23/2019 03:06:28 AM 9calculated EMF4
09/23/2019 03:06:48 AM 9calculated EMF5
09/23/2019 03:06:54 AM 9calculated EMF6
09/23/2019 03:07:16 AM 9calculated uw1
09/23/2019 03:07:48 AM 9calculated uw2
09/23/2019 03:08:07 AM 9calculated uw3
09/23/2019 03:08:07 AM 9calculated uw4
09/23/2019 03:08:26 AM 9calculated uw5
09/23/2019 03:08:58 AM 9calculated uw6
09/23/2019 03:08:58 AM 9calculated duw1_dp
09/23/2019 03:08:58 AM 9calculated duw2_dp
09/23/2019 03:08:58 AM 9calculated duw3_dp
09/23/2019 03:08:58 AM 9calculated duw4_dp
09/23/2019 03:08:58 AM 9calculated duw5_dp
09/23/2019 03:08:58 AM 9calculated duw6_dp
09/23/2019 03:08:58 AM 9loaded momentum terms
09/23/2019 03:08:58 AM 9-Finished- time taken = 1569226138.62
