09/23/2019 01:31:16 AM destination folder created !
09/23/2019 01:31:16 AM ....Extract_ncfile_save_fluxes_radiation.py....0 averaged over 30
09/23/2019 01:31:16 AM imported nc file
09/23/2019 01:31:27 AM 0imported u
09/23/2019 01:31:38 AM 0imported v
09/23/2019 01:31:48 AM 0imported w
09/23/2019 01:31:59 AM 0imported Z
09/23/2019 01:32:09 AM 0imported q
09/23/2019 01:32:19 AM 0imported temp
09/23/2019 01:32:19 AM 0imported coordinates
09/23/2019 01:32:23 AM 0calculated covariances, uu, vv, uw, uv, KE
09/23/2019 01:32:28 AM 0calculated MSE fluxes
09/23/2019 01:33:07 AM 0calculated dudt
09/23/2019 01:33:18 AM 0calculated w_dudp1
09/23/2019 01:33:29 AM 0calculated w_dudp2
09/23/2019 01:33:40 AM 0calculated w_dudp3
09/23/2019 01:33:40 AM 0calculated w_dudp4
09/23/2019 01:33:54 AM 0calculated zeta_v1
09/23/2019 01:34:09 AM 0calculated zeta_v2
09/23/2019 01:34:24 AM 0calculated zeta_v3
09/23/2019 01:34:24 AM 0calculated zeta_v4
09/23/2019 01:34:38 AM 0calculated zeta
09/23/2019 01:35:03 AM 0calculated EMF1
09/23/2019 01:35:26 AM 0calculated EMF2
09/23/2019 01:35:57 AM 0calculated EMF3
09/23/2019 01:35:57 AM 0calculated EMF4
09/23/2019 01:36:16 AM 0calculated EMF5
09/23/2019 01:36:22 AM 0calculated EMF6
09/23/2019 01:36:41 AM 0calculated EMF1
09/23/2019 01:37:04 AM 0calculated EMF2
09/23/2019 01:37:35 AM 0calculated EMF3
09/23/2019 01:37:35 AM 0calculated EMF4
09/23/2019 01:37:54 AM 0calculated EMF5
09/23/2019 01:38:00 AM 0calculated EMF6
09/23/2019 01:38:23 AM 0calculated uw1
09/23/2019 01:38:54 AM 0calculated uw2
09/23/2019 01:39:13 AM 0calculated uw3
09/23/2019 01:39:13 AM 0calculated uw4
09/23/2019 01:39:32 AM 0calculated uw5
09/23/2019 01:40:03 AM 0calculated uw6
09/23/2019 01:40:03 AM 0calculated duw1_dp
09/23/2019 01:40:03 AM 0calculated duw2_dp
09/23/2019 01:40:03 AM 0calculated duw3_dp
09/23/2019 01:40:03 AM 0calculated duw4_dp
09/23/2019 01:40:03 AM 0calculated duw5_dp
09/23/2019 01:40:03 AM 0calculated duw6_dp
09/23/2019 01:40:04 AM 0loaded momentum terms
09/23/2019 01:40:04 AM 0-Finished- time taken = 1569220804.07
09/23/2019 01:40:09 AM destination folder created !
09/23/2019 01:40:09 AM ....Extract_ncfile_save_fluxes_radiation.py....1 averaged over 30
09/23/2019 01:40:09 AM imported nc file
09/23/2019 01:40:28 AM 1imported u
09/23/2019 01:40:38 AM 1imported v
09/23/2019 01:40:48 AM 1imported w
09/23/2019 01:41:00 AM 1imported Z
09/23/2019 01:41:09 AM 1imported q
09/23/2019 01:41:19 AM 1imported temp
09/23/2019 01:41:19 AM 1imported coordinates
09/23/2019 01:41:23 AM 1calculated covariances, uu, vv, uw, uv, KE
09/23/2019 01:41:28 AM 1calculated MSE fluxes
09/23/2019 01:42:07 AM 1calculated dudt
09/23/2019 01:42:17 AM 1calculated w_dudp1
09/23/2019 01:42:28 AM 1calculated w_dudp2
09/23/2019 01:42:39 AM 1calculated w_dudp3
09/23/2019 01:42:39 AM 1calculated w_dudp4
09/23/2019 01:42:54 AM 1calculated zeta_v1
09/23/2019 01:43:09 AM 1calculated zeta_v2
09/23/2019 01:43:23 AM 1calculated zeta_v3
09/23/2019 01:43:23 AM 1calculated zeta_v4
09/23/2019 01:43:37 AM 1calculated zeta
09/23/2019 01:44:02 AM 1calculated EMF1
09/23/2019 01:44:25 AM 1calculated EMF2
09/23/2019 01:44:56 AM 1calculated EMF3
09/23/2019 01:44:56 AM 1calculated EMF4
09/23/2019 01:45:15 AM 1calculated EMF5
09/23/2019 01:45:21 AM 1calculated EMF6
09/23/2019 01:45:40 AM 1calculated EMF1
09/23/2019 01:46:03 AM 1calculated EMF2
09/23/2019 01:46:35 AM 1calculated EMF3
09/23/2019 01:46:35 AM 1calculated EMF4
09/23/2019 01:46:53 AM 1calculated EMF5
09/23/2019 01:46:59 AM 1calculated EMF6
09/23/2019 01:47:22 AM 1calculated uw1
09/23/2019 01:47:53 AM 1calculated uw2
09/23/2019 01:48:12 AM 1calculated uw3
09/23/2019 01:48:12 AM 1calculated uw4
09/23/2019 01:48:30 AM 1calculated uw5
09/23/2019 01:49:01 AM 1calculated uw6
09/23/2019 01:49:01 AM 1calculated duw1_dp
09/23/2019 01:49:01 AM 1calculated duw2_dp
09/23/2019 01:49:01 AM 1calculated duw3_dp
09/23/2019 01:49:01 AM 1calculated duw4_dp
09/23/2019 01:49:01 AM 1calculated duw5_dp
09/23/2019 01:49:01 AM 1calculated duw6_dp
09/23/2019 01:49:01 AM 1loaded momentum terms
09/23/2019 01:49:01 AM 1-Finished- time taken = 1569221342.0
09/23/2019 01:49:04 AM destination folder created !
09/23/2019 01:49:04 AM ....Extract_ncfile_save_fluxes_radiation.py....2 averaged over 30
09/23/2019 01:49:04 AM imported nc file
09/23/2019 01:49:14 AM 2imported u
09/23/2019 01:49:24 AM 2imported v
09/23/2019 01:49:34 AM 2imported w
09/23/2019 01:49:43 AM 2imported Z
09/23/2019 01:49:54 AM 2imported q
09/23/2019 01:50:11 AM 2imported temp
09/23/2019 01:50:11 AM 2imported coordinates
09/23/2019 01:50:15 AM 2calculated covariances, uu, vv, uw, uv, KE
09/23/2019 01:50:20 AM 2calculated MSE fluxes
09/23/2019 01:50:59 AM 2calculated dudt
09/23/2019 01:51:10 AM 2calculated w_dudp1
09/23/2019 01:51:20 AM 2calculated w_dudp2
09/23/2019 01:51:31 AM 2calculated w_dudp3
09/23/2019 01:51:31 AM 2calculated w_dudp4
09/23/2019 01:51:46 AM 2calculated zeta_v1
09/23/2019 01:52:01 AM 2calculated zeta_v2
09/23/2019 01:52:15 AM 2calculated zeta_v3
09/23/2019 01:52:15 AM 2calculated zeta_v4
09/23/2019 01:52:29 AM 2calculated zeta
09/23/2019 01:52:54 AM 2calculated EMF1
09/23/2019 01:53:17 AM 2calculated EMF2
09/23/2019 01:53:47 AM 2calculated EMF3
09/23/2019 01:53:47 AM 2calculated EMF4
09/23/2019 01:54:06 AM 2calculated EMF5
09/23/2019 01:54:12 AM 2calculated EMF6
09/23/2019 01:54:31 AM 2calculated EMF1
09/23/2019 01:54:54 AM 2calculated EMF2
09/23/2019 01:55:25 AM 2calculated EMF3
09/23/2019 01:55:25 AM 2calculated EMF4
09/23/2019 01:55:44 AM 2calculated EMF5
09/23/2019 01:55:49 AM 2calculated EMF6
09/23/2019 01:56:12 AM 2calculated uw1
09/23/2019 01:56:43 AM 2calculated uw2
09/23/2019 01:57:02 AM 2calculated uw3
09/23/2019 01:57:02 AM 2calculated uw4
09/23/2019 01:57:21 AM 2calculated uw5
09/23/2019 01:57:52 AM 2calculated uw6
09/23/2019 01:57:52 AM 2calculated duw1_dp
09/23/2019 01:57:52 AM 2calculated duw2_dp
09/23/2019 01:57:52 AM 2calculated duw3_dp
09/23/2019 01:57:52 AM 2calculated duw4_dp
09/23/2019 01:57:52 AM 2calculated duw5_dp
09/23/2019 01:57:52 AM 2calculated duw6_dp
09/23/2019 01:57:52 AM 2loaded momentum terms
09/23/2019 01:57:52 AM 2-Finished- time taken = 1569221872.75
09/23/2019 01:57:56 AM destination folder created !
09/23/2019 01:57:56 AM ....Extract_ncfile_save_fluxes_radiation.py....3 averaged over 30
09/23/2019 01:57:56 AM imported nc file
09/23/2019 01:58:06 AM 3imported u
09/23/2019 01:58:15 AM 3imported v
09/23/2019 01:58:25 AM 3imported w
09/23/2019 01:58:34 AM 3imported Z
09/23/2019 01:58:43 AM 3imported q
09/23/2019 01:58:52 AM 3imported temp
09/23/2019 01:58:52 AM 3imported coordinates
09/23/2019 01:58:56 AM 3calculated covariances, uu, vv, uw, uv, KE
09/23/2019 01:59:01 AM 3calculated MSE fluxes
09/23/2019 01:59:40 AM 3calculated dudt
09/23/2019 01:59:51 AM 3calculated w_dudp1
09/23/2019 02:00:02 AM 3calculated w_dudp2
09/23/2019 02:00:12 AM 3calculated w_dudp3
09/23/2019 02:00:12 AM 3calculated w_dudp4
09/23/2019 02:00:27 AM 3calculated zeta_v1
09/23/2019 02:00:42 AM 3calculated zeta_v2
09/23/2019 02:00:57 AM 3calculated zeta_v3
09/23/2019 02:00:57 AM 3calculated zeta_v4
09/23/2019 02:01:11 AM 3calculated zeta
09/23/2019 02:01:36 AM 3calculated EMF1
09/23/2019 02:01:59 AM 3calculated EMF2
09/23/2019 02:02:30 AM 3calculated EMF3
09/23/2019 02:02:30 AM 3calculated EMF4
09/23/2019 02:02:49 AM 3calculated EMF5
09/23/2019 02:02:55 AM 3calculated EMF6
09/23/2019 02:03:14 AM 3calculated EMF1
09/23/2019 02:03:38 AM 3calculated EMF2
09/23/2019 02:04:09 AM 3calculated EMF3
09/23/2019 02:04:09 AM 3calculated EMF4
09/23/2019 02:04:28 AM 3calculated EMF5
09/23/2019 02:04:34 AM 3calculated EMF6
09/23/2019 02:04:57 AM 3calculated uw1
09/23/2019 02:05:27 AM 3calculated uw2
09/23/2019 02:05:46 AM 3calculated uw3
09/23/2019 02:05:46 AM 3calculated uw4
09/23/2019 02:06:05 AM 3calculated uw5
09/23/2019 02:06:36 AM 3calculated uw6
09/23/2019 02:06:36 AM 3calculated duw1_dp
09/23/2019 02:06:36 AM 3calculated duw2_dp
09/23/2019 02:06:36 AM 3calculated duw3_dp
09/23/2019 02:06:36 AM 3calculated duw4_dp
09/23/2019 02:06:36 AM 3calculated duw5_dp
09/23/2019 02:06:36 AM 3calculated duw6_dp
09/23/2019 02:06:36 AM 3loaded momentum terms
09/23/2019 02:06:36 AM 3-Finished- time taken = 1569222396.99
09/23/2019 02:06:40 AM destination folder created !
09/23/2019 02:06:40 AM ....Extract_ncfile_save_fluxes_radiation.py....4 averaged over 30
09/23/2019 02:06:40 AM imported nc file
09/23/2019 02:06:54 AM 4imported u
09/23/2019 02:07:07 AM 4imported v
09/23/2019 02:07:16 AM 4imported w
09/23/2019 02:07:25 AM 4imported Z
09/23/2019 02:07:34 AM 4imported q
09/23/2019 02:07:42 AM 4imported temp
09/23/2019 02:07:42 AM 4imported coordinates
09/23/2019 02:07:46 AM 4calculated covariances, uu, vv, uw, uv, KE
09/23/2019 02:07:51 AM 4calculated MSE fluxes
09/23/2019 02:08:30 AM 4calculated dudt
09/23/2019 02:08:41 AM 4calculated w_dudp1
09/23/2019 02:08:52 AM 4calculated w_dudp2
09/23/2019 02:09:03 AM 4calculated w_dudp3
09/23/2019 02:09:03 AM 4calculated w_dudp4
09/23/2019 02:09:18 AM 4calculated zeta_v1
09/23/2019 02:09:33 AM 4calculated zeta_v2
09/23/2019 02:09:47 AM 4calculated zeta_v3
09/23/2019 02:09:47 AM 4calculated zeta_v4
09/23/2019 02:10:01 AM 4calculated zeta
09/23/2019 02:10:26 AM 4calculated EMF1
09/23/2019 02:10:49 AM 4calculated EMF2
09/23/2019 02:11:20 AM 4calculated EMF3
09/23/2019 02:11:20 AM 4calculated EMF4
09/23/2019 02:11:39 AM 4calculated EMF5
09/23/2019 02:11:45 AM 4calculated EMF6
09/23/2019 02:12:03 AM 4calculated EMF1
09/23/2019 02:12:25 AM 4calculated EMF2
09/23/2019 02:12:56 AM 4calculated EMF3
09/23/2019 02:12:56 AM 4calculated EMF4
09/23/2019 02:13:15 AM 4calculated EMF5
09/23/2019 02:13:21 AM 4calculated EMF6
09/23/2019 02:13:43 AM 4calculated uw1
09/23/2019 02:14:15 AM 4calculated uw2
09/23/2019 02:14:33 AM 4calculated uw3
09/23/2019 02:14:33 AM 4calculated uw4
09/23/2019 02:14:52 AM 4calculated uw5
09/23/2019 02:15:24 AM 4calculated uw6
09/23/2019 02:15:24 AM 4calculated duw1_dp
09/23/2019 02:15:24 AM 4calculated duw2_dp
09/23/2019 02:15:24 AM 4calculated duw3_dp
09/23/2019 02:15:24 AM 4calculated duw4_dp
09/23/2019 02:15:24 AM 4calculated duw5_dp
09/23/2019 02:15:24 AM 4calculated duw6_dp
09/23/2019 02:15:24 AM 4loaded momentum terms
09/23/2019 02:15:24 AM 4-Finished- time taken = 1569222924.08
09/23/2019 02:15:27 AM destination folder created !
09/23/2019 02:15:27 AM ....Extract_ncfile_save_fluxes_radiation.py....5 averaged over 30
09/23/2019 02:15:27 AM imported nc file
09/23/2019 02:15:38 AM 5imported u
09/23/2019 02:15:48 AM 5imported v
09/23/2019 02:15:59 AM 5imported w
09/23/2019 02:16:09 AM 5imported Z
09/23/2019 02:16:19 AM 5imported q
09/23/2019 02:16:36 AM 5imported temp
09/23/2019 02:16:36 AM 5imported coordinates
09/23/2019 02:16:40 AM 5calculated covariances, uu, vv, uw, uv, KE
09/23/2019 02:16:45 AM 5calculated MSE fluxes
09/23/2019 02:17:24 AM 5calculated dudt
09/23/2019 02:17:35 AM 5calculated w_dudp1
09/23/2019 02:17:46 AM 5calculated w_dudp2
09/23/2019 02:17:57 AM 5calculated w_dudp3
09/23/2019 02:17:57 AM 5calculated w_dudp4
09/23/2019 02:18:12 AM 5calculated zeta_v1
09/23/2019 02:18:26 AM 5calculated zeta_v2
09/23/2019 02:18:41 AM 5calculated zeta_v3
09/23/2019 02:18:41 AM 5calculated zeta_v4
09/23/2019 02:18:55 AM 5calculated zeta
09/23/2019 02:19:20 AM 5calculated EMF1
09/23/2019 02:19:42 AM 5calculated EMF2
09/23/2019 02:20:13 AM 5calculated EMF3
09/23/2019 02:20:13 AM 5calculated EMF4
09/23/2019 02:20:32 AM 5calculated EMF5
09/23/2019 02:20:38 AM 5calculated EMF6
09/23/2019 02:20:57 AM 5calculated EMF1
09/23/2019 02:21:20 AM 5calculated EMF2
09/23/2019 02:21:52 AM 5calculated EMF3
09/23/2019 02:21:52 AM 5calculated EMF4
09/23/2019 02:22:11 AM 5calculated EMF5
09/23/2019 02:22:16 AM 5calculated EMF6
09/23/2019 02:22:39 AM 5calculated uw1
09/23/2019 02:23:11 AM 5calculated uw2
09/23/2019 02:23:30 AM 5calculated uw3
09/23/2019 02:23:30 AM 5calculated uw4
09/23/2019 02:23:49 AM 5calculated uw5
09/23/2019 02:24:20 AM 5calculated uw6
09/23/2019 02:24:20 AM 5calculated duw1_dp
09/23/2019 02:24:20 AM 5calculated duw2_dp
09/23/2019 02:24:20 AM 5calculated duw3_dp
09/23/2019 02:24:20 AM 5calculated duw4_dp
09/23/2019 02:24:20 AM 5calculated duw5_dp
09/23/2019 02:24:20 AM 5calculated duw6_dp
09/23/2019 02:24:20 AM 5loaded momentum terms
09/23/2019 02:24:20 AM 5-Finished- time taken = 1569223460.44
09/23/2019 02:24:23 AM destination folder created !
09/23/2019 02:24:23 AM ....Extract_ncfile_save_fluxes_radiation.py....6 averaged over 30
09/23/2019 02:24:23 AM imported nc file
09/23/2019 02:24:33 AM 6imported u
09/23/2019 02:24:43 AM 6imported v
09/23/2019 02:24:54 AM 6imported w
09/23/2019 02:25:05 AM 6imported Z
09/23/2019 02:25:16 AM 6imported q
09/23/2019 02:25:26 AM 6imported temp
09/23/2019 02:25:26 AM 6imported coordinates
09/23/2019 02:25:30 AM 6calculated covariances, uu, vv, uw, uv, KE
09/23/2019 02:25:35 AM 6calculated MSE fluxes
09/23/2019 02:26:14 AM 6calculated dudt
09/23/2019 02:26:25 AM 6calculated w_dudp1
09/23/2019 02:26:37 AM 6calculated w_dudp2
09/23/2019 02:26:48 AM 6calculated w_dudp3
09/23/2019 02:26:48 AM 6calculated w_dudp4
09/23/2019 02:27:02 AM 6calculated zeta_v1
09/23/2019 02:27:17 AM 6calculated zeta_v2
09/23/2019 02:27:32 AM 6calculated zeta_v3
09/23/2019 02:27:32 AM 6calculated zeta_v4
09/23/2019 02:27:46 AM 6calculated zeta
09/23/2019 02:28:11 AM 6calculated EMF1
09/23/2019 02:28:34 AM 6calculated EMF2
09/23/2019 02:29:05 AM 6calculated EMF3
09/23/2019 02:29:05 AM 6calculated EMF4
09/23/2019 02:29:24 AM 6calculated EMF5
09/23/2019 02:29:30 AM 6calculated EMF6
09/23/2019 02:29:50 AM 6calculated EMF1
09/23/2019 02:30:13 AM 6calculated EMF2
09/23/2019 02:30:45 AM 6calculated EMF3
09/23/2019 02:30:45 AM 6calculated EMF4
09/23/2019 02:31:04 AM 6calculated EMF5
09/23/2019 02:31:10 AM 6calculated EMF6
09/23/2019 02:31:33 AM 6calculated uw1
09/23/2019 02:32:04 AM 6calculated uw2
09/23/2019 02:32:24 AM 6calculated uw3
09/23/2019 02:32:24 AM 6calculated uw4
09/23/2019 02:32:43 AM 6calculated uw5
09/23/2019 02:33:14 AM 6calculated uw6
09/23/2019 02:33:14 AM 6calculated duw1_dp
09/23/2019 02:33:14 AM 6calculated duw2_dp
09/23/2019 02:33:14 AM 6calculated duw3_dp
09/23/2019 02:33:14 AM 6calculated duw4_dp
09/23/2019 02:33:14 AM 6calculated duw5_dp
09/23/2019 02:33:14 AM 6calculated duw6_dp
09/23/2019 02:33:14 AM 6loaded momentum terms
09/23/2019 02:33:14 AM 6-Finished- time taken = 1569223994.55
09/23/2019 02:33:17 AM destination folder created !
09/23/2019 02:33:17 AM ....Extract_ncfile_save_fluxes_radiation.py....7 averaged over 30
09/23/2019 02:33:17 AM imported nc file
09/23/2019 02:33:26 AM 7imported u
09/23/2019 02:33:38 AM 7imported v
09/23/2019 02:33:48 AM 7imported w
09/23/2019 02:33:58 AM 7imported Z
09/23/2019 02:34:07 AM 7imported q
09/23/2019 02:34:17 AM 7imported temp
09/23/2019 02:34:17 AM 7imported coordinates
09/23/2019 02:34:21 AM 7calculated covariances, uu, vv, uw, uv, KE
09/23/2019 02:34:26 AM 7calculated MSE fluxes
09/23/2019 02:35:05 AM 7calculated dudt
09/23/2019 02:35:17 AM 7calculated w_dudp1
09/23/2019 02:35:28 AM 7calculated w_dudp2
09/23/2019 02:35:39 AM 7calculated w_dudp3
09/23/2019 02:35:39 AM 7calculated w_dudp4
09/23/2019 02:35:54 AM 7calculated zeta_v1
09/23/2019 02:36:09 AM 7calculated zeta_v2
09/23/2019 02:36:24 AM 7calculated zeta_v3
09/23/2019 02:36:24 AM 7calculated zeta_v4
09/23/2019 02:36:38 AM 7calculated zeta
09/23/2019 02:37:03 AM 7calculated EMF1
09/23/2019 02:37:26 AM 7calculated EMF2
09/23/2019 02:37:57 AM 7calculated EMF3
09/23/2019 02:37:57 AM 7calculated EMF4
09/23/2019 02:38:16 AM 7calculated EMF5
09/23/2019 02:38:22 AM 7calculated EMF6
09/23/2019 02:38:42 AM 7calculated EMF1
09/23/2019 02:39:05 AM 7calculated EMF2
09/23/2019 02:39:37 AM 7calculated EMF3
09/23/2019 02:39:37 AM 7calculated EMF4
09/23/2019 02:39:55 AM 7calculated EMF5
09/23/2019 02:40:01 AM 7calculated EMF6
09/23/2019 02:40:25 AM 7calculated uw1
09/23/2019 02:40:56 AM 7calculated uw2
09/23/2019 02:41:15 AM 7calculated uw3
09/23/2019 02:41:15 AM 7calculated uw4
09/23/2019 02:41:34 AM 7calculated uw5
09/23/2019 02:42:05 AM 7calculated uw6
09/23/2019 02:42:05 AM 7calculated duw1_dp
09/23/2019 02:42:05 AM 7calculated duw2_dp
09/23/2019 02:42:05 AM 7calculated duw3_dp
09/23/2019 02:42:05 AM 7calculated duw4_dp
09/23/2019 02:42:05 AM 7calculated duw5_dp
09/23/2019 02:42:05 AM 7calculated duw6_dp
09/23/2019 02:42:05 AM 7loaded momentum terms
09/23/2019 02:42:05 AM 7-Finished- time taken = 1569224525.9
09/23/2019 02:42:10 AM destination folder created !
09/23/2019 02:42:10 AM ....Extract_ncfile_save_fluxes_radiation.py....8 averaged over 30
09/23/2019 02:42:10 AM imported nc file
09/23/2019 02:42:19 AM 8imported u
09/23/2019 02:42:29 AM 8imported v
09/23/2019 02:42:39 AM 8imported w
09/23/2019 02:42:56 AM 8imported Z
09/23/2019 02:43:06 AM 8imported q
09/23/2019 02:43:17 AM 8imported temp
09/23/2019 02:43:17 AM 8imported coordinates
09/23/2019 02:43:20 AM 8calculated covariances, uu, vv, uw, uv, KE
09/23/2019 02:43:26 AM 8calculated MSE fluxes
09/23/2019 02:44:04 AM 8calculated dudt
09/23/2019 02:44:15 AM 8calculated w_dudp1
09/23/2019 02:44:26 AM 8calculated w_dudp2
09/23/2019 02:44:37 AM 8calculated w_dudp3
09/23/2019 02:44:37 AM 8calculated w_dudp4
09/23/2019 02:44:52 AM 8calculated zeta_v1
09/23/2019 02:45:07 AM 8calculated zeta_v2
09/23/2019 02:45:21 AM 8calculated zeta_v3
09/23/2019 02:45:21 AM 8calculated zeta_v4
09/23/2019 02:45:35 AM 8calculated zeta
09/23/2019 02:46:00 AM 8calculated EMF1
09/23/2019 02:46:23 AM 8calculated EMF2
09/23/2019 02:46:54 AM 8calculated EMF3
09/23/2019 02:46:54 AM 8calculated EMF4
09/23/2019 02:47:13 AM 8calculated EMF5
09/23/2019 02:47:19 AM 8calculated EMF6
09/23/2019 02:47:38 AM 8calculated EMF1
09/23/2019 02:48:01 AM 8calculated EMF2
09/23/2019 02:48:33 AM 8calculated EMF3
09/23/2019 02:48:33 AM 8calculated EMF4
09/23/2019 02:48:52 AM 8calculated EMF5
09/23/2019 02:48:58 AM 8calculated EMF6
09/23/2019 02:49:21 AM 8calculated uw1
09/23/2019 02:49:52 AM 8calculated uw2
09/23/2019 02:50:11 AM 8calculated uw3
09/23/2019 02:50:11 AM 8calculated uw4
09/23/2019 02:50:30 AM 8calculated uw5
09/23/2019 02:51:02 AM 8calculated uw6
09/23/2019 02:51:02 AM 8calculated duw1_dp
09/23/2019 02:51:02 AM 8calculated duw2_dp
09/23/2019 02:51:02 AM 8calculated duw3_dp
09/23/2019 02:51:02 AM 8calculated duw4_dp
09/23/2019 02:51:02 AM 8calculated duw5_dp
09/23/2019 02:51:02 AM 8calculated duw6_dp
09/23/2019 02:51:02 AM 8loaded momentum terms
09/23/2019 02:51:02 AM 8-Finished- time taken = 1569225062.11
09/23/2019 02:51:05 AM destination folder created !
09/23/2019 02:51:05 AM ....Extract_ncfile_save_fluxes_radiation.py....9 averaged over 30
09/23/2019 02:51:05 AM imported nc file
09/23/2019 02:51:16 AM 9imported u
09/23/2019 02:51:25 AM 9imported v
09/23/2019 02:51:34 AM 9imported w
09/23/2019 02:51:43 AM 9imported Z
09/23/2019 02:51:53 AM 9imported q
09/23/2019 02:52:03 AM 9imported temp
09/23/2019 02:52:03 AM 9imported coordinates
09/23/2019 02:52:06 AM 9calculated covariances, uu, vv, uw, uv, KE
09/23/2019 02:52:12 AM 9calculated MSE fluxes
09/23/2019 02:52:51 AM 9calculated dudt
09/23/2019 02:53:01 AM 9calculated w_dudp1
09/23/2019 02:53:12 AM 9calculated w_dudp2
09/23/2019 02:53:23 AM 9calculated w_dudp3
09/23/2019 02:53:23 AM 9calculated w_dudp4
09/23/2019 02:53:38 AM 9calculated zeta_v1
09/23/2019 02:53:53 AM 9calculated zeta_v2
09/23/2019 02:54:07 AM 9calculated zeta_v3
09/23/2019 02:54:07 AM 9calculated zeta_v4
09/23/2019 02:54:21 AM 9calculated zeta
09/23/2019 02:54:46 AM 9calculated EMF1
09/23/2019 02:55:09 AM 9calculated EMF2
09/23/2019 02:55:40 AM 9calculated EMF3
09/23/2019 02:55:40 AM 9calculated EMF4
09/23/2019 02:56:00 AM 9calculated EMF5
09/23/2019 02:56:06 AM 9calculated EMF6
09/23/2019 02:56:25 AM 9calculated EMF1
09/23/2019 02:56:48 AM 9calculated EMF2
09/23/2019 02:57:20 AM 9calculated EMF3
09/23/2019 02:57:20 AM 9calculated EMF4
09/23/2019 02:57:39 AM 9calculated EMF5
09/23/2019 02:57:44 AM 9calculated EMF6
09/23/2019 02:58:07 AM 9calculated uw1
09/23/2019 02:58:38 AM 9calculated uw2
09/23/2019 02:58:57 AM 9calculated uw3
09/23/2019 02:58:57 AM 9calculated uw4
09/23/2019 02:59:16 AM 9calculated uw5
09/23/2019 02:59:47 AM 9calculated uw6
09/23/2019 02:59:47 AM 9calculated duw1_dp
09/23/2019 02:59:47 AM 9calculated duw2_dp
09/23/2019 02:59:47 AM 9calculated duw3_dp
09/23/2019 02:59:47 AM 9calculated duw4_dp
09/23/2019 02:59:47 AM 9calculated duw5_dp
09/23/2019 02:59:47 AM 9calculated duw6_dp
09/23/2019 02:59:47 AM 9loaded momentum terms
09/23/2019 02:59:47 AM 9-Finished- time taken = 1569225587.64
