09/22/2019 11:11:16 PM 0...........interpolation_from_sigma_to_pres_coord.py.............
09/22/2019 11:11:16 PM 0imported nc file
09/22/2019 11:11:40 PM 0imported u
09/22/2019 11:11:48 PM 0imported v
09/22/2019 11:12:16 PM 0imported w
09/22/2019 11:12:40 PM 0imported Z
09/22/2019 11:13:03 PM 0imported q
09/22/2019 11:13:08 PM 0imported temp
09/22/2019 11:13:09 PM 0imported surface pressure
09/22/2019 11:13:10 PM 0imported coordinates
09/22/2019 11:13:25 PM 0phalf calculated
09/22/2019 11:13:40 PM 0pfull calculated
09/22/2019 11:17:04 PM 0interpolation done ht, T
09/22/2019 11:20:28 PM 0interpolation done q, U
09/22/2019 11:23:53 PM 0interpolation done v, w
09/22/2019 11:23:53 PM 0height isobar
09/22/2019 11:23:53 PM 0temp  isobar
09/22/2019 11:23:53 PM 0moist  isobar
09/22/2019 11:23:53 PM 0u  isobar
09/22/2019 11:23:53 PM 0v  isobar
09/22/2019 11:23:53 PM 0w  isobar
09/22/2019 11:23:53 PM 0Create dimension
09/22/2019 11:23:53 PM 0Create coordinates
09/22/2019 11:23:53 PM 0Create variables
09/22/2019 11:24:35 PM 0assigned dataset
09/22/2019 11:24:36 PM 0Program ends
09/22/2019 11:24:36 PM 0Total time taken - 800.809813976
09/22/2019 11:24:36 PM 0------------------------
09/22/2019 11:24:46 PM 1...........interpolation_from_sigma_to_pres_coord.py.............
09/22/2019 11:24:46 PM 1imported nc file
09/22/2019 11:41:16 PM destination folder created !
09/22/2019 11:41:16 PM 0...........interpolation_from_sigma_to_pres_coord.py.............
09/22/2019 11:41:16 PM 0imported nc file
09/22/2019 11:41:42 PM 0imported u
09/22/2019 11:41:48 PM 0imported v
09/22/2019 11:42:11 PM 0imported w
09/22/2019 11:42:15 PM 0imported Z
09/22/2019 11:42:20 PM 2...........interpolation_from_sigma_to_pres_coord.py.............
09/22/2019 11:42:20 PM 2imported nc file
09/22/2019 11:42:22 PM 1...........interpolation_from_sigma_to_pres_coord.py.............
09/22/2019 11:42:22 PM 1imported nc file
09/22/2019 11:42:22 PM 3...........interpolation_from_sigma_to_pres_coord.py.............
09/22/2019 11:42:22 PM 3imported nc file
09/22/2019 11:42:22 PM 5...........interpolation_from_sigma_to_pres_coord.py.............
09/22/2019 11:42:22 PM 5imported nc file
09/22/2019 11:42:22 PM 9...........interpolation_from_sigma_to_pres_coord.py.............
09/22/2019 11:42:22 PM 9imported nc file
09/22/2019 11:42:22 PM 7...........interpolation_from_sigma_to_pres_coord.py.............
09/22/2019 11:42:22 PM 7imported nc file
09/22/2019 11:42:22 PM 4...........interpolation_from_sigma_to_pres_coord.py.............
09/22/2019 11:42:22 PM 4imported nc file
09/22/2019 11:42:23 PM 6...........interpolation_from_sigma_to_pres_coord.py.............
09/22/2019 11:42:23 PM 6imported nc file
09/22/2019 11:42:23 PM 8...........interpolation_from_sigma_to_pres_coord.py.............
09/22/2019 11:42:23 PM 8imported nc file
09/22/2019 11:42:39 PM 0imported q
09/22/2019 11:42:44 PM 0imported temp
09/22/2019 11:42:44 PM 2imported u
09/22/2019 11:42:45 PM 0imported surface pressure
09/22/2019 11:42:45 PM 0imported coordinates
09/22/2019 11:42:47 PM 9imported u
09/22/2019 11:42:47 PM 1imported u
09/22/2019 11:42:47 PM 5imported u
09/22/2019 11:42:48 PM 3imported u
09/22/2019 11:42:48 PM 4imported u
09/22/2019 11:42:49 PM 7imported u
09/22/2019 11:42:50 PM 6imported u
09/22/2019 11:42:50 PM 8imported u
09/22/2019 11:42:53 PM 2imported v
09/22/2019 11:43:00 PM 0phalf calculated
09/22/2019 11:43:02 PM 5imported v
09/22/2019 11:43:03 PM 9imported v
09/22/2019 11:43:04 PM 1imported v
09/22/2019 11:43:04 PM 3imported v
09/22/2019 11:43:04 PM 4imported v
09/22/2019 11:43:05 PM 7imported v
09/22/2019 11:43:11 PM 8imported v
09/22/2019 11:43:12 PM 6imported v
09/22/2019 11:43:14 PM 2imported w
09/22/2019 11:43:15 PM 0pfull calculated
09/22/2019 11:43:24 PM 5imported w
09/22/2019 11:43:25 PM 4imported w
09/22/2019 11:43:26 PM 9imported w
09/22/2019 11:43:27 PM 3imported w
09/22/2019 11:43:27 PM 7imported w
09/22/2019 11:43:27 PM 1imported w
09/22/2019 11:43:48 PM 2imported Z
09/22/2019 11:43:48 PM 8imported w
09/22/2019 11:43:49 PM 6imported w
09/22/2019 11:43:58 PM 5imported Z
09/22/2019 11:44:00 PM 4imported Z
09/22/2019 11:44:00 PM 9imported Z
09/22/2019 11:44:01 PM 3imported Z
09/22/2019 11:44:01 PM 7imported Z
09/22/2019 11:44:02 PM 1imported Z
09/22/2019 11:44:13 PM 2imported q
09/22/2019 11:44:16 PM 8imported Z
09/22/2019 11:44:16 PM 6imported Z
09/22/2019 11:44:26 PM 5imported q
09/22/2019 11:44:27 PM 4imported q
09/22/2019 11:44:28 PM 9imported q
09/22/2019 11:44:29 PM 3imported q
09/22/2019 11:44:30 PM 7imported q
09/22/2019 11:44:30 PM 1imported q
09/22/2019 11:44:40 PM 2imported temp
09/22/2019 11:44:45 PM 8imported q
09/22/2019 11:44:45 PM 6imported q
09/22/2019 11:44:45 PM 5imported temp
09/22/2019 11:44:45 PM 2imported surface pressure
09/22/2019 11:44:47 PM 5imported surface pressure
09/22/2019 11:44:48 PM 5imported coordinates
09/22/2019 11:44:48 PM 2imported coordinates
09/22/2019 11:44:50 PM 4imported temp
09/22/2019 11:44:51 PM 9imported temp
09/22/2019 11:44:51 PM 1imported temp
09/22/2019 11:44:51 PM 4imported surface pressure
09/22/2019 11:44:52 PM 3imported temp
09/22/2019 11:44:52 PM 9imported surface pressure
09/22/2019 11:44:52 PM 7imported temp
09/22/2019 11:44:52 PM 4imported coordinates
09/22/2019 11:44:52 PM 1imported surface pressure
09/22/2019 11:44:53 PM 9imported coordinates
09/22/2019 11:44:53 PM 1imported coordinates
09/22/2019 11:44:56 PM 7imported surface pressure
09/22/2019 11:44:56 PM 3imported surface pressure
09/22/2019 11:44:59 PM 3imported coordinates
09/22/2019 11:44:59 PM 7imported coordinates
09/22/2019 11:45:03 PM 5phalf calculated
09/22/2019 11:45:03 PM 2phalf calculated
09/22/2019 11:45:03 PM 6imported temp
09/22/2019 11:45:04 PM 8imported temp
09/22/2019 11:45:04 PM 6imported surface pressure
09/22/2019 11:45:05 PM 8imported surface pressure
09/22/2019 11:45:05 PM 6imported coordinates
09/22/2019 11:45:06 PM 8imported coordinates
09/22/2019 11:45:07 PM 4phalf calculated
09/22/2019 11:45:07 PM 9phalf calculated
09/22/2019 11:45:08 PM 1phalf calculated
09/22/2019 11:45:14 PM 3phalf calculated
09/22/2019 11:45:15 PM 7phalf calculated
09/22/2019 11:45:18 PM 2pfull calculated
09/22/2019 11:45:18 PM 5pfull calculated
09/22/2019 11:45:22 PM 9pfull calculated
09/22/2019 11:45:22 PM 1pfull calculated
09/22/2019 11:45:23 PM 4pfull calculated
09/22/2019 11:45:29 PM 3pfull calculated
09/22/2019 11:45:30 PM 7pfull calculated
09/22/2019 11:45:41 PM 6phalf calculated
09/22/2019 11:45:42 PM 8phalf calculated
09/22/2019 11:46:17 PM 6pfull calculated
09/22/2019 11:46:18 PM 8pfull calculated
09/22/2019 11:46:41 PM 0interpolation done ht, T
09/22/2019 11:48:41 PM 5interpolation done ht, T
09/22/2019 11:48:47 PM 4interpolation done ht, T
09/22/2019 11:48:54 PM 1interpolation done ht, T
09/22/2019 11:48:54 PM 2interpolation done ht, T
09/22/2019 11:48:56 PM 7interpolation done ht, T
09/22/2019 11:48:59 PM 3interpolation done ht, T
09/22/2019 11:49:06 PM 9interpolation done ht, T
09/22/2019 11:50:06 PM 0interpolation done q, U
09/22/2019 11:52:04 PM 5interpolation done q, U
09/22/2019 11:52:13 PM 4interpolation done q, U
09/22/2019 11:52:23 PM 7interpolation done q, U
09/22/2019 11:52:25 PM 1interpolation done q, U
09/22/2019 11:52:29 PM 3interpolation done q, U
09/22/2019 11:52:30 PM 2interpolation done q, U
09/22/2019 11:52:49 PM 9interpolation done q, U
09/22/2019 11:53:35 PM 0interpolation done v, w
09/22/2019 11:53:35 PM 0height isobar
09/22/2019 11:53:35 PM 0temp  isobar
09/22/2019 11:53:35 PM 0moist  isobar
09/22/2019 11:53:35 PM 0u  isobar
09/22/2019 11:53:35 PM 0v  isobar
09/22/2019 11:53:35 PM 0w  isobar
09/22/2019 11:53:35 PM 0Create dimension
09/22/2019 11:53:35 PM 0Create coordinates
09/22/2019 11:53:35 PM 0Create variables
09/22/2019 11:54:17 PM 0assigned dataset
09/22/2019 11:54:17 PM 0Program ends
09/22/2019 11:54:17 PM 0Total time taken - 781.35257411
09/22/2019 11:54:17 PM 0------------------------
09/22/2019 11:55:07 PM 6interpolation done ht, T
09/22/2019 11:55:31 PM 5interpolation done v, w
09/22/2019 11:55:31 PM 5height isobar
09/22/2019 11:55:31 PM 5temp  isobar
09/22/2019 11:55:31 PM 5moist  isobar
09/22/2019 11:55:31 PM 5u  isobar
09/22/2019 11:55:31 PM 5v  isobar
09/22/2019 11:55:31 PM 5w  isobar
09/22/2019 11:55:31 PM 5Create dimension
09/22/2019 11:55:31 PM 5Create coordinates
09/22/2019 11:55:31 PM 5Create variables
09/22/2019 11:55:36 PM 8interpolation done ht, T
09/22/2019 11:55:41 PM 4interpolation done v, w
09/22/2019 11:55:41 PM 4height isobar
09/22/2019 11:55:41 PM 4temp  isobar
09/22/2019 11:55:41 PM 4moist  isobar
09/22/2019 11:55:41 PM 4u  isobar
09/22/2019 11:55:41 PM 4v  isobar
09/22/2019 11:55:41 PM 4w  isobar
09/22/2019 11:55:41 PM 4Create dimension
09/22/2019 11:55:41 PM 4Create coordinates
09/22/2019 11:55:41 PM 4Create variables
09/22/2019 11:55:49 PM 7interpolation done v, w
09/22/2019 11:55:49 PM 7height isobar
09/22/2019 11:55:49 PM 7temp  isobar
09/22/2019 11:55:49 PM 7moist  isobar
09/22/2019 11:55:49 PM 7u  isobar
09/22/2019 11:55:49 PM 7v  isobar
09/22/2019 11:55:49 PM 7w  isobar
09/22/2019 11:55:49 PM 7Create dimension
09/22/2019 11:55:49 PM 7Create coordinates
09/22/2019 11:55:49 PM 7Create variables
09/22/2019 11:55:57 PM 1interpolation done v, w
09/22/2019 11:55:57 PM 1height isobar
09/22/2019 11:55:57 PM 1temp  isobar
09/22/2019 11:55:57 PM 1moist  isobar
09/22/2019 11:55:57 PM 1u  isobar
09/22/2019 11:55:57 PM 1v  isobar
09/22/2019 11:55:57 PM 1w  isobar
09/22/2019 11:55:57 PM 1Create dimension
09/22/2019 11:55:57 PM 1Create coordinates
09/22/2019 11:55:57 PM 1Create variables
09/22/2019 11:56:03 PM 3interpolation done v, w
09/22/2019 11:56:03 PM 3height isobar
09/22/2019 11:56:03 PM 3temp  isobar
09/22/2019 11:56:03 PM 3moist  isobar
09/22/2019 11:56:03 PM 3u  isobar
09/22/2019 11:56:03 PM 3v  isobar
09/22/2019 11:56:03 PM 3w  isobar
09/22/2019 11:56:03 PM 3Create dimension
09/22/2019 11:56:03 PM 3Create coordinates
09/22/2019 11:56:03 PM 3Create variables
09/22/2019 11:56:10 PM 2interpolation done v, w
09/22/2019 11:56:10 PM 2height isobar
09/22/2019 11:56:10 PM 2temp  isobar
09/22/2019 11:56:10 PM 2moist  isobar
09/22/2019 11:56:10 PM 2u  isobar
09/22/2019 11:56:10 PM 2v  isobar
09/22/2019 11:56:10 PM 2w  isobar
09/22/2019 11:56:10 PM 2Create dimension
09/22/2019 11:56:10 PM 2Create coordinates
09/22/2019 11:56:10 PM 2Create variables
09/22/2019 11:56:14 PM 5assigned dataset
09/22/2019 11:56:15 PM 5Program ends
09/22/2019 11:56:15 PM 5Total time taken - 835.126834154
09/22/2019 11:56:15 PM 5------------------------
09/22/2019 11:56:22 PM 4assigned dataset
09/22/2019 11:56:23 PM 4Program ends
09/22/2019 11:56:23 PM 4Total time taken - 842.785737038
09/22/2019 11:56:23 PM 4------------------------
09/22/2019 11:56:31 PM 7assigned dataset
09/22/2019 11:56:31 PM 7Program ends
09/22/2019 11:56:31 PM 7Total time taken - 851.212090015
09/22/2019 11:56:31 PM 7------------------------
09/22/2019 11:56:33 PM 9interpolation done v, w
09/22/2019 11:56:33 PM 9height isobar
09/22/2019 11:56:33 PM 9temp  isobar
09/22/2019 11:56:33 PM 9moist  isobar
09/22/2019 11:56:33 PM 9u  isobar
09/22/2019 11:56:33 PM 9v  isobar
09/22/2019 11:56:33 PM 9w  isobar
09/22/2019 11:56:33 PM 9Create dimension
09/22/2019 11:56:33 PM 9Create coordinates
09/22/2019 11:56:33 PM 9Create variables
09/22/2019 11:56:39 PM 1assigned dataset
09/22/2019 11:56:39 PM 1Program ends
09/22/2019 11:56:39 PM 1Total time taken - 859.108561993
09/22/2019 11:56:39 PM 1------------------------
09/22/2019 11:56:46 PM 3assigned dataset
09/22/2019 11:56:46 PM 3Program ends
09/22/2019 11:56:46 PM 3Total time taken - 865.828497887
09/22/2019 11:56:46 PM 3------------------------
09/22/2019 11:56:52 PM 2assigned dataset
09/22/2019 11:56:52 PM 2Program ends
09/22/2019 11:56:52 PM 2Total time taken - 874.286678076
09/22/2019 11:56:52 PM 2------------------------
09/22/2019 11:57:14 PM 9assigned dataset
09/22/2019 11:57:15 PM 9Program ends
09/22/2019 11:57:15 PM 9Total time taken - 894.526744843
09/22/2019 11:57:15 PM 9------------------------
09/23/2019 12:03:57 AM 6interpolation done q, U
09/23/2019 12:04:53 AM 8interpolation done q, U
09/23/2019 12:12:49 AM 6interpolation done v, w
09/23/2019 12:12:49 AM 6height isobar
09/23/2019 12:12:49 AM 6temp  isobar
09/23/2019 12:12:49 AM 6moist  isobar
09/23/2019 12:12:49 AM 6u  isobar
09/23/2019 12:12:49 AM 6v  isobar
09/23/2019 12:12:49 AM 6w  isobar
09/23/2019 12:12:50 AM 6Create dimension
09/23/2019 12:12:50 AM 6Create coordinates
09/23/2019 12:12:50 AM 6Create variables
09/23/2019 12:14:08 AM 6assigned dataset
09/23/2019 12:14:08 AM 6Program ends
09/23/2019 12:14:08 AM 6Total time taken - 1908.27638507
09/23/2019 12:14:08 AM 6------------------------
09/23/2019 12:14:13 AM 8interpolation done v, w
09/23/2019 12:14:16 AM 8height isobar
09/23/2019 12:14:16 AM 8temp  isobar
09/23/2019 12:14:16 AM 8moist  isobar
09/23/2019 12:14:16 AM 8u  isobar
09/23/2019 12:14:16 AM 8v  isobar
09/23/2019 12:14:16 AM 8w  isobar
09/23/2019 12:14:16 AM 8Create dimension
09/23/2019 12:14:16 AM 8Create coordinates
09/23/2019 12:14:16 AM 8Create variables
09/23/2019 12:15:35 AM 8assigned dataset
09/23/2019 12:15:36 AM 8Program ends
09/23/2019 12:15:36 AM 8Total time taken - 1995.56455183
09/23/2019 12:15:36 AM 8------------------------
09/23/2019 12:36:21 AM 2...........interpolation_from_sigma_to_pres_coord.py.............
09/23/2019 12:36:21 AM 2imported nc file
09/23/2019 12:36:21 AM 0...........interpolation_from_sigma_to_pres_coord.py.............
09/23/2019 12:36:21 AM 0imported nc file
09/23/2019 12:36:21 AM 6...........interpolation_from_sigma_to_pres_coord.py.............
09/23/2019 12:36:21 AM 6imported nc file
09/23/2019 12:36:21 AM 4...........interpolation_from_sigma_to_pres_coord.py.............
09/23/2019 12:36:21 AM 4imported nc file
09/23/2019 12:36:21 AM 5...........interpolation_from_sigma_to_pres_coord.py.............
09/23/2019 12:36:21 AM 5imported nc file
09/23/2019 12:36:21 AM 7...........interpolation_from_sigma_to_pres_coord.py.............
09/23/2019 12:36:21 AM 7imported nc file
09/23/2019 12:36:21 AM 3...........interpolation_from_sigma_to_pres_coord.py.............
09/23/2019 12:36:21 AM 3imported nc file
09/23/2019 12:36:21 AM 8...........interpolation_from_sigma_to_pres_coord.py.............
09/23/2019 12:36:21 AM 8imported nc file
09/23/2019 12:36:22 AM 9...........interpolation_from_sigma_to_pres_coord.py.............
09/23/2019 12:36:22 AM 9imported nc file
09/23/2019 12:36:22 AM 1...........interpolation_from_sigma_to_pres_coord.py.............
09/23/2019 12:36:22 AM 1imported nc file
09/23/2019 12:36:44 AM 2imported u
09/23/2019 12:36:46 AM 3imported u
09/23/2019 12:36:46 AM 0imported u
09/23/2019 12:36:47 AM 6imported u
09/23/2019 12:36:47 AM 7imported u
09/23/2019 12:36:47 AM 4imported u
09/23/2019 12:36:47 AM 5imported u
09/23/2019 12:36:48 AM 1imported u
09/23/2019 12:36:50 AM 8imported u
09/23/2019 12:36:50 AM 9imported u
09/23/2019 12:36:51 AM 2imported v
09/23/2019 12:37:20 AM 3imported v
09/23/2019 12:37:20 AM 0imported v
09/23/2019 12:37:21 AM 5imported v
09/23/2019 12:37:21 AM 4imported v
09/23/2019 12:37:21 AM 7imported v
09/23/2019 12:37:21 AM 6imported v
09/23/2019 12:37:22 AM 2imported w
09/23/2019 12:37:22 AM 1imported v
09/23/2019 12:37:26 AM 8imported v
09/23/2019 12:37:26 AM 9imported v
09/23/2019 12:37:49 AM 2imported Z
09/23/2019 12:37:50 AM 3imported w
09/23/2019 12:37:50 AM 5imported w
09/23/2019 12:37:51 AM 0imported w
09/23/2019 12:37:51 AM 7imported w
09/23/2019 12:37:51 AM 4imported w
09/23/2019 12:37:51 AM 6imported w
09/23/2019 12:37:51 AM 1imported w
09/23/2019 12:37:58 AM 8imported w
09/23/2019 12:37:59 AM 9imported w
09/23/2019 12:38:16 AM 2imported q
09/23/2019 12:38:19 AM 0imported Z
09/23/2019 12:38:19 AM 5imported Z
09/23/2019 12:38:19 AM 6imported Z
09/23/2019 12:38:19 AM 4imported Z
09/23/2019 12:38:19 AM 7imported Z
09/23/2019 12:38:20 AM 1imported Z
09/23/2019 12:38:20 AM 3imported Z
09/23/2019 12:38:28 AM 8imported Z
09/23/2019 12:38:29 AM 9imported Z
09/23/2019 12:38:42 AM 2imported temp
09/23/2019 12:38:46 AM 6imported q
09/23/2019 12:38:46 AM 0imported q
09/23/2019 12:38:46 AM 4imported q
09/23/2019 12:38:47 AM 5imported q
09/23/2019 12:38:47 AM 7imported q
09/23/2019 12:38:47 AM 2imported surface pressure
09/23/2019 12:38:48 AM 1imported q
09/23/2019 12:38:48 AM 3imported q
09/23/2019 12:38:51 AM 2imported coordinates
09/23/2019 12:38:58 AM 9imported q
09/23/2019 12:38:58 AM 8imported q
09/23/2019 12:39:12 AM 2phalf calculated
09/23/2019 12:39:13 AM 0imported temp
09/23/2019 12:39:13 AM 4imported temp
09/23/2019 12:39:14 AM 6imported temp
09/23/2019 12:39:14 AM 0imported surface pressure
09/23/2019 12:39:15 AM 7imported temp
09/23/2019 12:39:15 AM 5imported temp
09/23/2019 12:39:15 AM 4imported surface pressure
09/23/2019 12:39:15 AM 0imported coordinates
09/23/2019 12:39:15 AM 6imported surface pressure
09/23/2019 12:39:15 AM 1imported temp
09/23/2019 12:39:16 AM 4imported coordinates
09/23/2019 12:39:16 AM 5imported surface pressure
09/23/2019 12:39:17 AM 6imported coordinates
09/23/2019 12:39:17 AM 3imported temp
09/23/2019 12:39:17 AM 1imported surface pressure
09/23/2019 12:39:17 AM 5imported coordinates
09/23/2019 12:39:18 AM 1imported coordinates
09/23/2019 12:39:20 AM 7imported surface pressure
09/23/2019 12:39:24 AM 3imported surface pressure
09/23/2019 12:39:27 AM 7imported coordinates
09/23/2019 12:39:30 AM 3imported coordinates
09/23/2019 12:39:30 AM 8imported temp
09/23/2019 12:39:31 AM 9imported temp
09/23/2019 12:39:32 AM 2pfull calculated
09/23/2019 12:39:33 AM 8imported surface pressure
09/23/2019 12:39:34 AM 9imported surface pressure
09/23/2019 12:39:35 AM 8imported coordinates
09/23/2019 12:39:35 AM 0phalf calculated
09/23/2019 12:39:36 AM 9imported coordinates
09/23/2019 12:39:37 AM 4phalf calculated
09/23/2019 12:39:37 AM 6phalf calculated
09/23/2019 12:39:38 AM 5phalf calculated
09/23/2019 12:39:39 AM 1phalf calculated
09/23/2019 12:39:47 AM 7phalf calculated
09/23/2019 12:39:51 AM 3phalf calculated
09/23/2019 12:39:56 AM 0pfull calculated
09/23/2019 12:39:57 AM 4pfull calculated
09/23/2019 12:39:57 AM 6pfull calculated
09/23/2019 12:39:58 AM 5pfull calculated
09/23/2019 12:39:59 AM 1pfull calculated
09/23/2019 12:40:08 AM 7pfull calculated
09/23/2019 12:40:11 AM 3pfull calculated
09/23/2019 12:40:27 AM 8phalf calculated
09/23/2019 12:40:27 AM 9phalf calculated
09/23/2019 12:41:18 AM 8pfull calculated
09/23/2019 12:41:19 AM 9pfull calculated
09/23/2019 12:43:15 AM 2interpolation done ht, T
09/23/2019 12:43:29 AM 5interpolation done ht, T
09/23/2019 12:43:29 AM 4interpolation done ht, T
09/23/2019 12:43:36 AM 6interpolation done ht, T
09/23/2019 12:43:38 AM 0interpolation done ht, T
09/23/2019 12:43:40 AM 1interpolation done ht, T
09/23/2019 12:43:40 AM 7interpolation done ht, T
09/23/2019 12:43:57 AM 3interpolation done ht, T
09/23/2019 12:46:55 AM 2interpolation done q, U
09/23/2019 12:47:00 AM 5interpolation done q, U
09/23/2019 12:47:01 AM 4interpolation done q, U
09/23/2019 12:47:11 AM 0interpolation done q, U
09/23/2019 12:47:13 AM 7interpolation done q, U
09/23/2019 12:47:16 AM 6interpolation done q, U
09/23/2019 12:47:23 AM 1interpolation done q, U
09/23/2019 12:47:42 AM 3interpolation done q, U
09/23/2019 12:50:05 AM 8interpolation done ht, T
09/23/2019 12:50:11 AM 9interpolation done ht, T
09/23/2019 12:50:31 AM 2interpolation done v, w
09/23/2019 12:50:31 AM 2height isobar
09/23/2019 12:50:31 AM 2temp  isobar
09/23/2019 12:50:31 AM 2moist  isobar
09/23/2019 12:50:31 AM 2u  isobar
09/23/2019 12:50:31 AM 2v  isobar
09/23/2019 12:50:31 AM 2w  isobar
09/23/2019 12:50:31 AM 2Create dimension
09/23/2019 12:50:31 AM 2Create coordinates
09/23/2019 12:50:31 AM 2Create variables
09/23/2019 12:50:34 AM 5interpolation done v, w
09/23/2019 12:50:34 AM 5height isobar
09/23/2019 12:50:34 AM 5temp  isobar
09/23/2019 12:50:34 AM 5moist  isobar
09/23/2019 12:50:34 AM 5u  isobar
09/23/2019 12:50:34 AM 5v  isobar
09/23/2019 12:50:34 AM 5w  isobar
09/23/2019 12:50:34 AM 5Create dimension
09/23/2019 12:50:34 AM 5Create coordinates
09/23/2019 12:50:34 AM 5Create variables
09/23/2019 12:50:36 AM 4interpolation done v, w
09/23/2019 12:50:36 AM 4height isobar
09/23/2019 12:50:36 AM 4temp  isobar
09/23/2019 12:50:36 AM 4moist  isobar
09/23/2019 12:50:36 AM 4u  isobar
09/23/2019 12:50:36 AM 4v  isobar
09/23/2019 12:50:36 AM 4w  isobar
09/23/2019 12:50:36 AM 4Create dimension
09/23/2019 12:50:36 AM 4Create coordinates
09/23/2019 12:50:36 AM 4Create variables
09/23/2019 12:50:46 AM 7interpolation done v, w
09/23/2019 12:50:46 AM 0interpolation done v, w
09/23/2019 12:50:46 AM 7height isobar
09/23/2019 12:50:46 AM 0height isobar
09/23/2019 12:50:46 AM 7temp  isobar
09/23/2019 12:50:46 AM 0temp  isobar
09/23/2019 12:50:46 AM 7moist  isobar
09/23/2019 12:50:46 AM 0moist  isobar
09/23/2019 12:50:46 AM 7u  isobar
09/23/2019 12:50:46 AM 0u  isobar
09/23/2019 12:50:46 AM 7v  isobar
09/23/2019 12:50:46 AM 0v  isobar
09/23/2019 12:50:46 AM 7w  isobar
09/23/2019 12:50:46 AM 0w  isobar
09/23/2019 12:50:46 AM 7Create dimension
09/23/2019 12:50:46 AM 7Create coordinates
09/23/2019 12:50:46 AM 0Create dimension
09/23/2019 12:50:46 AM 0Create coordinates
09/23/2019 12:50:46 AM 7Create variables
09/23/2019 12:50:46 AM 0Create variables
09/23/2019 12:50:59 AM 6interpolation done v, w
09/23/2019 12:50:59 AM 6height isobar
09/23/2019 12:50:59 AM 6temp  isobar
09/23/2019 12:50:59 AM 6moist  isobar
09/23/2019 12:50:59 AM 6u  isobar
09/23/2019 12:50:59 AM 6v  isobar
09/23/2019 12:50:59 AM 6w  isobar
09/23/2019 12:50:59 AM 6Create dimension
09/23/2019 12:50:59 AM 6Create coordinates
09/23/2019 12:50:59 AM 6Create variables
09/23/2019 12:51:08 AM 1interpolation done v, w
09/23/2019 12:51:08 AM 1height isobar
09/23/2019 12:51:08 AM 1temp  isobar
09/23/2019 12:51:08 AM 1moist  isobar
09/23/2019 12:51:08 AM 1u  isobar
09/23/2019 12:51:08 AM 1v  isobar
09/23/2019 12:51:08 AM 1w  isobar
09/23/2019 12:51:10 AM 1Create dimension
09/23/2019 12:51:10 AM 1Create coordinates
09/23/2019 12:51:10 AM 1Create variables
09/23/2019 12:51:14 AM 2assigned dataset
09/23/2019 12:51:15 AM 2Program ends
09/23/2019 12:51:15 AM 2Total time taken - 894.953274012
09/23/2019 12:51:15 AM 2------------------------
09/23/2019 12:51:17 AM 5assigned dataset
09/23/2019 12:51:17 AM 5Program ends
09/23/2019 12:51:17 AM 5Total time taken - 897.538594961
09/23/2019 12:51:17 AM 5------------------------
09/23/2019 12:51:18 AM 4assigned dataset
09/23/2019 12:51:18 AM 4Program ends
09/23/2019 12:51:18 AM 4Total time taken - 898.848221064
09/23/2019 12:51:18 AM 4------------------------
09/23/2019 12:51:28 AM 0assigned dataset
09/23/2019 12:51:28 AM 3interpolation done v, w
09/23/2019 12:51:28 AM 3height isobar
09/23/2019 12:51:28 AM 3temp  isobar
09/23/2019 12:51:28 AM 3moist  isobar
09/23/2019 12:51:28 AM 3u  isobar
09/23/2019 12:51:28 AM 3v  isobar
09/23/2019 12:51:28 AM 3w  isobar
09/23/2019 12:51:29 AM 7assigned dataset
09/23/2019 12:51:29 AM 3Create dimension
09/23/2019 12:51:29 AM 3Create coordinates
09/23/2019 12:51:29 AM 3Create variables
09/23/2019 12:51:29 AM 0Program ends
09/23/2019 12:51:29 AM 0Total time taken - 909.809578896
09/23/2019 12:51:29 AM 0------------------------
09/23/2019 12:51:30 AM 7Program ends
09/23/2019 12:51:30 AM 7Total time taken - 910.210661173
09/23/2019 12:51:30 AM 7------------------------
09/23/2019 12:51:41 AM 6assigned dataset
09/23/2019 12:51:45 AM 6Program ends
09/23/2019 12:51:45 AM 6Total time taken - 925.236344099
09/23/2019 12:51:45 AM 6------------------------
09/23/2019 12:51:52 AM 1assigned dataset
09/23/2019 12:51:53 AM 1Program ends
09/23/2019 12:51:53 AM 1Total time taken - 933.417866945
09/23/2019 12:51:53 AM 1------------------------
09/23/2019 12:52:12 AM 3assigned dataset
09/23/2019 12:52:13 AM 3Program ends
09/23/2019 12:52:13 AM 3Total time taken - 953.48455286
09/23/2019 12:52:13 AM 3------------------------
09/23/2019 12:58:52 AM 8interpolation done q, U
09/23/2019 12:58:59 AM 9interpolation done q, U
09/23/2019 01:07:39 AM 8interpolation done v, w
09/23/2019 01:07:39 AM 8height isobar
09/23/2019 01:07:39 AM 8temp  isobar
09/23/2019 01:07:39 AM 8moist  isobar
09/23/2019 01:07:39 AM 8u  isobar
09/23/2019 01:07:39 AM 8v  isobar
09/23/2019 01:07:39 AM 8w  isobar
09/23/2019 01:07:39 AM 8Create dimension
09/23/2019 01:07:39 AM 8Create coordinates
09/23/2019 01:07:39 AM 8Create variables
09/23/2019 01:07:46 AM 9interpolation done v, w
09/23/2019 01:07:46 AM 9height isobar
09/23/2019 01:07:46 AM 9temp  isobar
09/23/2019 01:07:46 AM 9moist  isobar
09/23/2019 01:07:46 AM 9u  isobar
09/23/2019 01:07:46 AM 9v  isobar
09/23/2019 01:07:46 AM 9w  isobar
09/23/2019 01:07:47 AM 9Create dimension
09/23/2019 01:07:47 AM 9Create coordinates
09/23/2019 01:07:47 AM 9Create variables
09/23/2019 01:08:58 AM 8assigned dataset
09/23/2019 01:08:58 AM 8Program ends
09/23/2019 01:08:58 AM 8Total time taken - 1958.90767217
09/23/2019 01:08:58 AM 8------------------------
09/23/2019 01:09:07 AM 9assigned dataset
09/23/2019 01:09:08 AM 9Program ends
09/23/2019 01:09:08 AM 9Total time taken - 1968.72567487
09/23/2019 01:09:08 AM 9------------------------
