10/01/2019 04:09:44 AM ....Extract ncfile save MSE and momentum fluxes and radiation....0 averaged over 30
10/01/2019 04:09:44 AM imported nc file
10/01/2019 04:10:17 AM imported coordinates
10/01/2019 04:11:41 AM imported pressure
10/01/2019 04:12:22 AM saved temp
10/01/2019 04:13:03 AM saved v_comp
10/01/2019 04:13:44 AM saved u_comp
10/01/2019 04:14:27 AM saved omega
10/01/2019 04:15:07 AM saved Z
10/01/2019 04:15:48 AM saved q
10/01/2019 04:16:17 AM saved EKE
10/01/2019 04:16:20 AM calculated KE
10/01/2019 04:16:25 AM calculated MSE fluxes
10/01/2019 04:16:25 AM loaded coordinates dictionary
10/01/2019 04:16:48 AM 0calculated zeta
10/01/2019 04:16:54 AM 0calculated dudt, shape = (1, 12, 1, 1, 40, 64, 1)
10/01/2019 04:17:04 AM 0calculated w_dudp, shape = (1, 12, 1, 1, 40, 64, 1)
10/01/2019 04:17:26 AM 0calculated zeta_v
10/01/2019 04:17:38 AM 0calculated TE EMF
10/01/2019 04:18:04 AM 0calculated div TE EMF
10/01/2019 04:18:16 AM 0calculated uw
10/01/2019 04:18:32 AM 0calculated du'w'_dp
10/01/2019 04:18:52 AM 0calculated SE EMF
10/01/2019 04:19:12 AM 0calculated div SE EMF
10/01/2019 04:19:32 AM 0calculated SE uw
10/01/2019 04:19:57 AM 0calculated du'w'_dp
10/01/2019 04:20:11 AM ....Extract ncfile save MSE and momentum fluxes and radiation....1 averaged over 30
10/01/2019 04:20:11 AM imported nc file
10/01/2019 04:23:48 AM ....Extract ncfile save MSE and momentum fluxes and radiation....0 averaged over 30
10/01/2019 04:23:48 AM imported nc file
10/01/2019 04:24:48 AM imported coordinates
10/01/2019 04:26:12 AM imported pressure
10/01/2019 04:26:52 AM saved temp
10/01/2019 04:27:34 AM saved v_comp
10/01/2019 04:28:16 AM saved u_comp
10/01/2019 04:28:57 AM saved omega
10/01/2019 04:29:39 AM saved Z
10/01/2019 04:30:19 AM saved q
10/01/2019 04:30:47 AM saved EKE
10/01/2019 04:30:50 AM calculated KE
10/01/2019 04:30:57 AM calculated MSE fluxes
10/01/2019 04:30:57 AM loaded coordinates dictionary
10/01/2019 04:31:22 AM 0calculated zeta
10/01/2019 04:31:29 AM 0calculated dudt, shape = (1, 12, 1, 1, 40, 64, 1)
10/01/2019 04:31:39 AM 0calculated w_dudp, shape = (1, 12, 1, 1, 40, 64, 1)
10/01/2019 04:32:03 AM 0calculated zeta_v
10/01/2019 04:32:16 AM 0calculated TE EMF
10/01/2019 04:32:45 AM 0calculated div TE EMF
10/01/2019 04:32:58 AM 0calculated uw
10/01/2019 04:33:15 AM 0calculated du'w'_dp
10/01/2019 04:33:36 AM 0calculated SE EMF
10/01/2019 04:33:58 AM 0calculated div SE EMF
10/01/2019 04:34:19 AM 0calculated SE uw
10/01/2019 04:34:46 AM 0calculated du'w'_dp
10/01/2019 04:35:06 AM 0calculated all vs
10/01/2019 04:35:18 AM 0Saved momentum budget dictionary
10/01/2019 04:35:40 AM ....Extract ncfile save MSE and momentum fluxes and radiation....1 averaged over 30
10/01/2019 04:35:40 AM imported nc file
10/01/2019 04:36:09 AM imported coordinates
10/01/2019 04:44:49 AM ....Extract ncfile save MSE and momentum fluxes and radiation....0 averaged over 30
10/01/2019 04:44:49 AM imported nc file
10/01/2019 04:45:41 AM imported coordinates
10/01/2019 04:47:05 AM imported pressure
10/01/2019 04:47:46 AM saved temp
10/01/2019 04:48:27 AM saved v_comp
10/01/2019 04:49:08 AM saved u_comp
10/01/2019 04:49:49 AM saved omega
10/01/2019 04:50:30 AM saved Z
10/01/2019 04:51:11 AM saved q
10/01/2019 04:51:15 AM calculated KE
10/01/2019 04:51:20 AM calculated MSE fluxes
10/01/2019 04:51:20 AM loaded coordinates dictionary
10/01/2019 04:51:45 AM 0calculated zeta
10/01/2019 04:51:53 AM 0calculated dudt, shape = (1, 12, 1, 1, 40, 64, 1)
10/01/2019 04:52:03 AM 0calculated w_dudp, shape = (1, 12, 1, 1, 40, 64, 1)
10/01/2019 04:52:27 AM 0calculated zeta_v, shape = (1, 12, 1, 1, 40, 64, 1)
10/01/2019 04:52:56 AM 0calculated div TE EMF, shape = (1, 12, 30, 4, 40, 64, 128)
10/01/2019 04:53:14 AM 0calculated TE d_u'w'_dp, shape = (1, 12, 30, 4, 40, 64, 128)
10/01/2019 04:53:36 AM 0calculated div SE EMF, shape = (1, 12, 1, 1, 40, 64, 128)
10/01/2019 04:54:04 AM 0calculated SE d_u'w'_dp, shape = (1, 12, 1, 1, 40, 64, 128)
10/01/2019 04:54:24 AM 0calculated all vs
10/01/2019 04:54:36 AM 0Saved momentum budget dictionary
10/01/2019 04:54:56 AM 0calculated all v1 s
10/01/2019 04:55:15 AM 0Saved v dictionary
10/01/2019 04:55:55 AM 0Calulated MMC flux
10/01/2019 04:56:23 AM 0Calulated MMC sens flux
10/01/2019 04:56:50 AM 0Calulated MMC potential flux
10/01/2019 04:57:18 AM 0Calulated MMC moist flux
10/01/2019 04:57:58 AM 0Calulated MMC del m mmc flux
10/01/2019 04:58:38 AM 0Calulated MMC del v mmc flux
10/01/2019 04:58:38 AM 0Saved v_MM_MMC dictionary
10/01/2019 04:58:38 AM 0Saved v_MM1_MMC dictionary
10/01/2019 04:58:38 AM 0Saved v_TE_MMC dictionary
10/01/2019 04:58:38 AM 0Saved v_TE1_MMC dictionary
10/01/2019 04:58:38 AM 0Saved v_SE_MMC dictionary
10/01/2019 04:58:38 AM 0Saved v_SE1_MMC dictionary
10/01/2019 04:58:38 AM 0Saved v_MMC dictionary
10/01/2019 04:58:38 AM loaded MMC decomposed dictionary
10/01/2019 04:58:38 AM loaded vs decomposed dictionary
10/01/2019 04:58:38 AM loaded momentum budget dictionary
10/01/2019 04:58:38 AM Time taken --> 831.476959944
10/01/2019 04:58:38 AM Awesome! complete!
10/01/2019 04:58:38 AM -------------------------------
10/01/2019 04:58:45 AM ....Extract ncfile save MSE and momentum fluxes and radiation....1 averaged over 30
10/01/2019 04:58:45 AM imported nc file
10/01/2019 04:59:47 AM imported coordinates
10/01/2019 05:01:18 AM imported pressure
10/01/2019 05:02:00 AM saved temp
10/01/2019 05:02:44 AM saved v_comp
10/01/2019 05:03:27 AM saved u_comp
10/01/2019 05:04:11 AM saved omega
10/01/2019 05:04:58 AM saved Z
10/01/2019 05:05:42 AM saved q
10/01/2019 05:05:45 AM calculated KE
10/01/2019 05:05:50 AM calculated MSE fluxes
10/01/2019 05:05:50 AM loaded coordinates dictionary
10/01/2019 05:06:15 AM 1calculated zeta
10/01/2019 05:06:23 AM 1calculated dudt, shape = (1, 12, 1, 1, 40, 64, 1)
10/01/2019 05:06:32 AM 1calculated w_dudp, shape = (1, 12, 1, 1, 40, 64, 1)
10/01/2019 05:06:56 AM 1calculated zeta_v, shape = (1, 12, 1, 1, 40, 64, 1)
10/01/2019 05:07:13 AM 1calculated div TE EMF, shape = (1, 12, 1, 1, 40, 64, 1)
10/01/2019 05:07:38 AM 1calculated TE d_u'w'_dp, shape = (1, 12, 1, 1, 40, 64, 1)
10/01/2019 05:07:59 AM 1calculated div SE EMF, shape = (1, 12, 1, 1, 40, 64, 1)
10/01/2019 05:08:25 AM 1calculated SE d_u'w'_dp, shape = (1, 12, 1, 1, 40, 64, 1)
10/01/2019 05:08:30 AM 1calculated all vs
10/01/2019 05:08:30 AM 1Saved momentum budget dictionary
10/01/2019 05:08:34 AM 1calculated all v1 s
10/01/2019 05:08:39 AM 1Saved v dictionary
10/01/2019 05:09:18 AM 1Calulated MMC flux
10/01/2019 05:09:46 AM 1Calulated MMC sens flux
10/01/2019 05:10:14 AM 1Calulated MMC potential flux
10/01/2019 05:10:41 AM 1Calulated MMC moist flux
10/01/2019 05:11:20 AM 1Calulated MMC del m mmc flux
10/01/2019 05:12:00 AM 1Calulated MMC del v mmc flux
10/01/2019 05:12:00 AM 1Saved v_MM_MMC dictionary
10/01/2019 05:12:00 AM 1Saved v_MM1_MMC dictionary
10/01/2019 05:12:00 AM 1Saved v_TE_MMC dictionary
10/01/2019 05:12:00 AM 1Saved v_TE1_MMC dictionary
10/01/2019 05:12:00 AM 1Saved v_SE_MMC dictionary
10/01/2019 05:12:00 AM 1Saved v_SE1_MMC dictionary
10/01/2019 05:12:00 AM 1Saved v_MMC dictionary
10/01/2019 05:12:00 AM loaded MMC decomposed dictionary
10/01/2019 05:12:00 AM loaded vs decomposed dictionary
10/01/2019 05:12:00 AM loaded momentum budget dictionary
10/01/2019 05:12:00 AM Time taken --> 797.252577066
10/01/2019 05:12:00 AM Awesome! complete!
10/01/2019 05:12:00 AM -------------------------------
10/01/2019 05:12:06 AM ....Extract ncfile save MSE and momentum fluxes and radiation....2 averaged over 30
10/01/2019 05:12:06 AM imported nc file
10/01/2019 05:13:10 AM imported coordinates
10/01/2019 05:14:41 AM imported pressure
10/01/2019 05:15:26 AM saved temp
10/01/2019 05:16:10 AM saved v_comp
10/01/2019 05:16:53 AM saved u_comp
10/01/2019 05:17:37 AM saved omega
10/01/2019 05:18:20 AM saved Z
10/01/2019 05:19:05 AM saved q
10/01/2019 05:19:08 AM calculated KE
10/01/2019 05:19:13 AM calculated MSE fluxes
10/01/2019 05:19:13 AM loaded coordinates dictionary
10/01/2019 05:19:38 AM 2calculated zeta
10/01/2019 05:19:45 AM 2calculated dudt, shape = (1, 12, 1, 1, 40, 64, 1)
10/01/2019 05:19:55 AM 2calculated w_dudp, shape = (1, 12, 1, 1, 40, 64, 1)
10/01/2019 05:20:18 AM 2calculated zeta_v, shape = (1, 12, 1, 1, 40, 64, 1)
10/01/2019 05:20:35 AM 2calculated div TE EMF, shape = (1, 12, 1, 1, 40, 64, 1)
10/01/2019 05:21:01 AM 2calculated TE d_u'w'_dp, shape = (1, 12, 1, 1, 40, 64, 1)
10/01/2019 05:21:22 AM 2calculated div SE EMF, shape = (1, 12, 1, 1, 40, 64, 1)
10/01/2019 05:21:49 AM 2calculated SE d_u'w'_dp, shape = (1, 12, 1, 1, 40, 64, 1)
10/01/2019 05:21:53 AM 2calculated all vs
10/01/2019 05:21:53 AM 2Saved momentum budget dictionary
10/01/2019 05:21:58 AM 2calculated all v1 s
10/01/2019 05:22:03 AM 2Saved v dictionary
10/01/2019 05:22:42 AM 2Calulated MMC flux
10/01/2019 05:23:10 AM 2Calulated MMC sens flux
10/01/2019 05:23:37 AM 2Calulated MMC potential flux
10/01/2019 05:24:05 AM 2Calulated MMC moist flux
10/01/2019 05:24:44 AM 2Calulated MMC del m mmc flux
10/01/2019 05:25:24 AM 2Calulated MMC del v mmc flux
10/01/2019 05:25:24 AM 2Saved v_MM_MMC dictionary
10/01/2019 05:25:24 AM 2Saved v_MM1_MMC dictionary
10/01/2019 05:25:24 AM 2Saved v_TE_MMC dictionary
10/01/2019 05:25:24 AM 2Saved v_TE1_MMC dictionary
10/01/2019 05:25:24 AM 2Saved v_SE_MMC dictionary
10/01/2019 05:25:24 AM 2Saved v_SE1_MMC dictionary
10/01/2019 05:25:24 AM 2Saved v_MMC dictionary
10/01/2019 05:25:24 AM loaded MMC decomposed dictionary
10/01/2019 05:25:24 AM loaded vs decomposed dictionary
10/01/2019 05:25:24 AM loaded momentum budget dictionary
10/01/2019 05:25:24 AM Time taken --> 800.165673018
10/01/2019 05:25:24 AM Awesome! complete!
10/01/2019 05:25:24 AM -------------------------------
10/01/2019 05:25:30 AM ....Extract ncfile save MSE and momentum fluxes and radiation....3 averaged over 30
10/01/2019 05:25:30 AM imported nc file
10/01/2019 05:26:32 AM imported coordinates
10/01/2019 05:28:02 AM imported pressure
10/01/2019 05:28:46 AM saved temp
10/01/2019 05:29:30 AM saved v_comp
10/01/2019 05:30:16 AM saved u_comp
10/01/2019 05:31:00 AM saved omega
10/01/2019 05:31:45 AM saved Z
10/01/2019 05:32:32 AM saved q
10/01/2019 05:32:35 AM calculated KE
10/01/2019 05:32:40 AM calculated MSE fluxes
10/01/2019 05:32:40 AM loaded coordinates dictionary
10/01/2019 05:33:06 AM 3calculated zeta
10/01/2019 05:33:13 AM 3calculated dudt, shape = (1, 12, 1, 1, 40, 64, 1)
10/01/2019 05:33:24 AM 3calculated w_dudp, shape = (1, 12, 1, 1, 40, 64, 1)
10/01/2019 05:33:47 AM 3calculated zeta_v, shape = (1, 12, 1, 1, 40, 64, 1)
10/01/2019 05:34:05 AM 3calculated div TE EMF, shape = (1, 12, 1, 1, 40, 64, 1)
10/01/2019 05:34:31 AM 3calculated TE d_u'w'_dp, shape = (1, 12, 1, 1, 40, 64, 1)
10/01/2019 05:34:52 AM 3calculated div SE EMF, shape = (1, 12, 1, 1, 40, 64, 1)
10/01/2019 05:35:20 AM 3calculated SE d_u'w'_dp, shape = (1, 12, 1, 1, 40, 64, 1)
10/01/2019 05:35:24 AM 3calculated all vs
10/01/2019 05:35:24 AM 3Saved momentum budget dictionary
10/01/2019 05:35:29 AM 3calculated all v1 s
10/01/2019 05:35:34 AM 3Saved v dictionary
10/01/2019 05:36:14 AM 3Calulated MMC flux
10/01/2019 05:36:42 AM 3Calulated MMC sens flux
10/01/2019 05:37:10 AM 3Calulated MMC potential flux
10/01/2019 05:37:38 AM 3Calulated MMC moist flux
10/01/2019 05:38:18 AM 3Calulated MMC del m mmc flux
10/01/2019 05:38:58 AM 3Calulated MMC del v mmc flux
10/01/2019 05:38:58 AM 3Saved v_MM_MMC dictionary
10/01/2019 05:38:58 AM 3Saved v_MM1_MMC dictionary
10/01/2019 05:38:58 AM 3Saved v_TE_MMC dictionary
10/01/2019 05:38:58 AM 3Saved v_TE1_MMC dictionary
10/01/2019 05:38:58 AM 3Saved v_SE_MMC dictionary
10/01/2019 05:38:58 AM 3Saved v_SE1_MMC dictionary
10/01/2019 05:38:58 AM 3Saved v_MMC dictionary
10/01/2019 05:38:58 AM loaded MMC decomposed dictionary
10/01/2019 05:38:58 AM loaded vs decomposed dictionary
10/01/2019 05:38:58 AM loaded momentum budget dictionary
10/01/2019 05:38:58 AM Time taken --> 810.315529108
10/01/2019 05:38:58 AM Awesome! complete!
10/01/2019 05:38:58 AM -------------------------------
10/01/2019 05:39:03 AM ....Extract ncfile save MSE and momentum fluxes and radiation....4 averaged over 30
10/01/2019 05:39:03 AM imported nc file
10/01/2019 05:40:21 AM imported coordinates
10/01/2019 05:42:11 AM imported pressure
10/01/2019 05:43:12 AM saved temp
10/01/2019 05:44:15 AM saved v_comp
10/01/2019 05:45:17 AM saved u_comp
10/01/2019 05:46:15 AM saved omega
10/01/2019 05:47:08 AM saved Z
10/01/2019 05:47:58 AM saved q
10/01/2019 05:48:02 AM calculated KE
10/01/2019 05:48:06 AM calculated MSE fluxes
10/01/2019 05:48:06 AM loaded coordinates dictionary
10/01/2019 05:48:32 AM 4calculated zeta
10/01/2019 05:48:39 AM 4calculated dudt, shape = (1, 12, 1, 1, 40, 64, 1)
10/01/2019 05:48:49 AM 4calculated w_dudp, shape = (1, 12, 1, 1, 40, 64, 1)
10/01/2019 05:49:12 AM 4calculated zeta_v, shape = (1, 12, 1, 1, 40, 64, 1)
10/01/2019 05:49:30 AM 4calculated div TE EMF, shape = (1, 12, 1, 1, 40, 64, 1)
10/01/2019 05:49:55 AM 4calculated TE d_u'w'_dp, shape = (1, 12, 1, 1, 40, 64, 1)
10/01/2019 05:50:16 AM 4calculated div SE EMF, shape = (1, 12, 1, 1, 40, 64, 1)
10/01/2019 05:50:42 AM 4calculated SE d_u'w'_dp, shape = (1, 12, 1, 1, 40, 64, 1)
10/01/2019 05:50:47 AM 4calculated all vs
10/01/2019 05:50:47 AM 4Saved momentum budget dictionary
10/01/2019 05:50:51 AM 4calculated all v1 s
10/01/2019 05:50:56 AM 4Saved v dictionary
10/01/2019 05:51:36 AM 4Calulated MMC flux
10/01/2019 05:52:03 AM 4Calulated MMC sens flux
10/01/2019 05:52:31 AM 4Calulated MMC potential flux
10/01/2019 05:52:58 AM 4Calulated MMC moist flux
10/01/2019 05:53:38 AM 4Calulated MMC del m mmc flux
10/01/2019 05:54:17 AM 4Calulated MMC del v mmc flux
10/01/2019 05:54:17 AM 4Saved v_MM_MMC dictionary
10/01/2019 05:54:17 AM 4Saved v_MM1_MMC dictionary
10/01/2019 05:54:17 AM 4Saved v_TE_MMC dictionary
10/01/2019 05:54:17 AM 4Saved v_TE1_MMC dictionary
10/01/2019 05:54:17 AM 4Saved v_SE_MMC dictionary
10/01/2019 05:54:17 AM 4Saved v_SE1_MMC dictionary
10/01/2019 05:54:17 AM 4Saved v_MMC dictionary
10/01/2019 05:54:17 AM loaded MMC decomposed dictionary
10/01/2019 05:54:17 AM loaded vs decomposed dictionary
10/01/2019 05:54:17 AM loaded momentum budget dictionary
10/01/2019 05:54:17 AM Time taken --> 916.561882019
10/01/2019 05:54:17 AM Awesome! complete!
10/01/2019 05:54:17 AM -------------------------------
10/01/2019 05:54:24 AM ....Extract ncfile save MSE and momentum fluxes and radiation....5 averaged over 30
10/01/2019 05:54:24 AM imported nc file
10/01/2019 05:55:38 AM imported coordinates
10/01/2019 05:57:17 AM imported pressure
10/01/2019 05:58:06 AM saved temp
10/01/2019 05:58:53 AM saved v_comp
10/01/2019 05:59:37 AM saved u_comp
10/01/2019 06:00:21 AM saved omega
10/01/2019 06:01:06 AM saved Z
10/01/2019 06:01:49 AM saved q
10/01/2019 06:01:53 AM calculated KE
10/01/2019 06:01:57 AM calculated MSE fluxes
10/01/2019 06:01:57 AM loaded coordinates dictionary
10/01/2019 06:02:23 AM 5calculated zeta
10/01/2019 06:02:30 AM 5calculated dudt, shape = (1, 12, 1, 1, 40, 64, 1)
10/01/2019 06:02:39 AM 5calculated w_dudp, shape = (1, 12, 1, 1, 40, 64, 1)
10/01/2019 06:03:03 AM 5calculated zeta_v, shape = (1, 12, 1, 1, 40, 64, 1)
10/01/2019 06:03:20 AM 5calculated div TE EMF, shape = (1, 12, 1, 1, 40, 64, 1)
10/01/2019 06:03:45 AM 5calculated TE d_u'w'_dp, shape = (1, 12, 1, 1, 40, 64, 1)
10/01/2019 06:04:06 AM 5calculated div SE EMF, shape = (1, 12, 1, 1, 40, 64, 1)
10/01/2019 06:04:32 AM 5calculated SE d_u'w'_dp, shape = (1, 12, 1, 1, 40, 64, 1)
10/01/2019 06:04:37 AM 5calculated all vs
10/01/2019 06:04:37 AM 5Saved momentum budget dictionary
10/01/2019 06:04:41 AM 5calculated all v1 s
10/01/2019 06:04:46 AM 5Saved v dictionary
10/01/2019 06:05:25 AM 5Calulated MMC flux
10/01/2019 06:05:53 AM 5Calulated MMC sens flux
10/01/2019 06:06:20 AM 5Calulated MMC potential flux
10/01/2019 06:06:48 AM 5Calulated MMC moist flux
10/01/2019 06:07:27 AM 5Calulated MMC del m mmc flux
10/01/2019 06:08:06 AM 5Calulated MMC del v mmc flux
10/01/2019 06:08:06 AM 5Saved v_MM_MMC dictionary
10/01/2019 06:08:06 AM 5Saved v_MM1_MMC dictionary
10/01/2019 06:08:06 AM 5Saved v_TE_MMC dictionary
10/01/2019 06:08:06 AM 5Saved v_TE1_MMC dictionary
10/01/2019 06:08:06 AM 5Saved v_SE_MMC dictionary
10/01/2019 06:08:06 AM 5Saved v_SE1_MMC dictionary
10/01/2019 06:08:06 AM 5Saved v_MMC dictionary
10/01/2019 06:08:07 AM loaded MMC decomposed dictionary
10/01/2019 06:08:07 AM loaded vs decomposed dictionary
10/01/2019 06:08:07 AM loaded momentum budget dictionary
10/01/2019 06:08:07 AM Time taken --> 825.35236907
10/01/2019 06:08:07 AM Awesome! complete!
10/01/2019 06:08:07 AM -------------------------------
10/01/2019 06:08:12 AM ....Extract ncfile save MSE and momentum fluxes and radiation....6 averaged over 30
10/01/2019 06:08:12 AM imported nc file
10/01/2019 06:09:14 AM imported coordinates
10/01/2019 06:10:42 AM imported pressure
10/01/2019 06:11:27 AM saved temp
10/01/2019 06:12:11 AM saved v_comp
10/01/2019 06:12:55 AM saved u_comp
10/01/2019 06:13:39 AM saved omega
10/01/2019 06:14:23 AM saved Z
10/01/2019 06:15:07 AM saved q
10/01/2019 06:15:11 AM calculated KE
10/01/2019 06:15:15 AM calculated MSE fluxes
10/01/2019 06:15:15 AM loaded coordinates dictionary
10/01/2019 06:15:40 AM 6calculated zeta
10/01/2019 06:15:48 AM 6calculated dudt, shape = (1, 12, 1, 1, 40, 64, 1)
10/01/2019 06:15:57 AM 6calculated w_dudp, shape = (1, 12, 1, 1, 40, 64, 1)
10/01/2019 06:16:21 AM 6calculated zeta_v, shape = (1, 12, 1, 1, 40, 64, 1)
10/01/2019 06:16:37 AM 6calculated div TE EMF, shape = (1, 12, 1, 1, 40, 64, 1)
10/01/2019 06:17:03 AM 6calculated TE d_u'w'_dp, shape = (1, 12, 1, 1, 40, 64, 1)
10/01/2019 06:17:23 AM 6calculated div SE EMF, shape = (1, 12, 1, 1, 40, 64, 1)
10/01/2019 06:17:50 AM 6calculated SE d_u'w'_dp, shape = (1, 12, 1, 1, 40, 64, 1)
10/01/2019 06:17:55 AM 6calculated all vs
10/01/2019 06:17:55 AM 6Saved momentum budget dictionary
10/01/2019 06:18:00 AM 6calculated all v1 s
10/01/2019 06:18:05 AM 6Saved v dictionary
10/01/2019 06:18:44 AM 6Calulated MMC flux
10/01/2019 06:19:12 AM 6Calulated MMC sens flux
10/01/2019 06:19:39 AM 6Calulated MMC potential flux
10/01/2019 06:20:07 AM 6Calulated MMC moist flux
10/01/2019 06:20:46 AM 6Calulated MMC del m mmc flux
10/01/2019 06:21:26 AM 6Calulated MMC del v mmc flux
10/01/2019 06:21:26 AM 6Saved v_MM_MMC dictionary
10/01/2019 06:21:26 AM 6Saved v_MM1_MMC dictionary
10/01/2019 06:21:26 AM 6Saved v_TE_MMC dictionary
10/01/2019 06:21:26 AM 6Saved v_TE1_MMC dictionary
10/01/2019 06:21:26 AM 6Saved v_SE_MMC dictionary
10/01/2019 06:21:26 AM 6Saved v_SE1_MMC dictionary
10/01/2019 06:21:26 AM 6Saved v_MMC dictionary
10/01/2019 06:21:26 AM loaded MMC decomposed dictionary
10/01/2019 06:21:26 AM loaded vs decomposed dictionary
10/01/2019 06:21:26 AM loaded momentum budget dictionary
10/01/2019 06:21:26 AM Time taken --> 796.321802139
10/01/2019 06:21:26 AM Awesome! complete!
10/01/2019 06:21:26 AM -------------------------------
10/01/2019 06:21:32 AM ....Extract ncfile save MSE and momentum fluxes and radiation....7 averaged over 30
10/01/2019 06:21:32 AM imported nc file
10/01/2019 06:22:35 AM imported coordinates
10/01/2019 06:24:04 AM imported pressure
10/01/2019 06:24:48 AM saved temp
10/01/2019 06:25:32 AM saved v_comp
10/01/2019 06:26:16 AM saved u_comp
10/01/2019 06:27:00 AM saved omega
10/01/2019 06:27:44 AM saved Z
10/01/2019 06:28:28 AM saved q
10/01/2019 06:28:31 AM calculated KE
10/01/2019 06:28:36 AM calculated MSE fluxes
10/01/2019 06:28:36 AM loaded coordinates dictionary
10/01/2019 06:29:02 AM 7calculated zeta
10/01/2019 06:29:09 AM 7calculated dudt, shape = (1, 12, 1, 1, 40, 64, 1)
10/01/2019 06:29:20 AM 7calculated w_dudp, shape = (1, 12, 1, 1, 40, 64, 1)
10/01/2019 06:29:44 AM 7calculated zeta_v, shape = (1, 12, 1, 1, 40, 64, 1)
10/01/2019 06:30:01 AM 7calculated div TE EMF, shape = (1, 12, 1, 1, 40, 64, 1)
10/01/2019 06:30:27 AM 7calculated TE d_u'w'_dp, shape = (1, 12, 1, 1, 40, 64, 1)
10/01/2019 06:30:48 AM 7calculated div SE EMF, shape = (1, 12, 1, 1, 40, 64, 1)
10/01/2019 06:31:15 AM 7calculated SE d_u'w'_dp, shape = (1, 12, 1, 1, 40, 64, 1)
10/01/2019 06:31:20 AM 7calculated all vs
10/01/2019 06:31:20 AM 7Saved momentum budget dictionary
10/01/2019 06:31:25 AM 7calculated all v1 s
10/01/2019 06:31:30 AM 7Saved v dictionary
10/01/2019 06:32:10 AM 7Calulated MMC flux
10/01/2019 06:32:38 AM 7Calulated MMC sens flux
10/01/2019 06:33:05 AM 7Calulated MMC potential flux
10/01/2019 06:33:33 AM 7Calulated MMC moist flux
10/01/2019 06:34:13 AM 7Calulated MMC del m mmc flux
10/01/2019 06:34:52 AM 7Calulated MMC del v mmc flux
10/01/2019 06:34:52 AM 7Saved v_MM_MMC dictionary
10/01/2019 06:34:52 AM 7Saved v_MM1_MMC dictionary
10/01/2019 06:34:52 AM 7Saved v_TE_MMC dictionary
10/01/2019 06:34:52 AM 7Saved v_TE1_MMC dictionary
10/01/2019 06:34:52 AM 7Saved v_SE_MMC dictionary
10/01/2019 06:34:52 AM 7Saved v_SE1_MMC dictionary
10/01/2019 06:34:52 AM 7Saved v_MMC dictionary
10/01/2019 06:34:52 AM loaded MMC decomposed dictionary
10/01/2019 06:34:52 AM loaded vs decomposed dictionary
10/01/2019 06:34:52 AM loaded momentum budget dictionary
10/01/2019 06:34:52 AM Time taken --> 802.702435017
10/01/2019 06:34:52 AM Awesome! complete!
10/01/2019 06:34:52 AM -------------------------------
10/01/2019 06:34:58 AM ....Extract ncfile save MSE and momentum fluxes and radiation....8 averaged over 30
10/01/2019 06:34:58 AM imported nc file
10/01/2019 06:35:49 AM imported coordinates
10/01/2019 06:37:20 AM imported pressure
10/01/2019 06:38:04 AM saved temp
10/01/2019 06:38:48 AM saved v_comp
10/01/2019 06:39:34 AM saved u_comp
10/01/2019 06:40:19 AM saved omega
10/01/2019 06:41:04 AM saved Z
10/01/2019 06:41:49 AM saved q
10/01/2019 06:41:52 AM calculated KE
10/01/2019 06:41:57 AM calculated MSE fluxes
10/01/2019 06:41:57 AM loaded coordinates dictionary
10/01/2019 06:42:22 AM 8calculated zeta
10/01/2019 06:42:29 AM 8calculated dudt, shape = (1, 12, 1, 1, 40, 64, 1)
10/01/2019 06:42:39 AM 8calculated w_dudp, shape = (1, 12, 1, 1, 40, 64, 1)
10/01/2019 06:43:03 AM 8calculated zeta_v, shape = (1, 12, 1, 1, 40, 64, 1)
10/01/2019 06:43:20 AM 8calculated div TE EMF, shape = (1, 12, 1, 1, 40, 64, 1)
10/01/2019 06:43:45 AM 8calculated TE d_u'w'_dp, shape = (1, 12, 1, 1, 40, 64, 1)
10/01/2019 06:44:06 AM 8calculated div SE EMF, shape = (1, 12, 1, 1, 40, 64, 1)
10/01/2019 06:44:33 AM 8calculated SE d_u'w'_dp, shape = (1, 12, 1, 1, 40, 64, 1)
10/01/2019 06:44:37 AM 8calculated all vs
10/01/2019 06:44:37 AM 8Saved momentum budget dictionary
10/01/2019 06:44:42 AM 8calculated all v1 s
10/01/2019 06:44:46 AM 8Saved v dictionary
10/01/2019 06:45:26 AM 8Calulated MMC flux
10/01/2019 06:45:54 AM 8Calulated MMC sens flux
10/01/2019 06:46:21 AM 8Calulated MMC potential flux
10/01/2019 06:46:49 AM 8Calulated MMC moist flux
10/01/2019 06:47:29 AM 8Calulated MMC del m mmc flux
10/01/2019 06:48:08 AM 8Calulated MMC del v mmc flux
10/01/2019 06:48:08 AM 8Saved v_MM_MMC dictionary
10/01/2019 06:48:08 AM 8Saved v_MM1_MMC dictionary
10/01/2019 06:48:08 AM 8Saved v_TE_MMC dictionary
10/01/2019 06:48:08 AM 8Saved v_TE1_MMC dictionary
10/01/2019 06:48:08 AM 8Saved v_SE_MMC dictionary
10/01/2019 06:48:08 AM 8Saved v_SE1_MMC dictionary
10/01/2019 06:48:08 AM 8Saved v_net_MMC dictionary
10/01/2019 06:48:08 AM 8Saved v_net1_MMC dictionary
10/01/2019 06:48:08 AM 8Saved v_MMC dictionary
10/01/2019 06:48:08 AM loaded MMC decomposed dictionary
10/01/2019 06:48:08 AM loaded vs decomposed dictionary
10/01/2019 06:48:08 AM loaded momentum budget dictionary
10/01/2019 06:48:08 AM Time taken --> 793.007658005
10/01/2019 06:48:08 AM Awesome! complete!
10/01/2019 06:48:08 AM -------------------------------
10/01/2019 06:48:15 AM ....Extract ncfile save MSE and momentum fluxes and radiation....9 averaged over 30
10/01/2019 06:48:15 AM imported nc file
10/01/2019 06:49:20 AM imported coordinates
10/01/2019 06:50:48 AM imported pressure
10/01/2019 06:51:34 AM saved temp
10/01/2019 06:52:21 AM saved v_comp
10/01/2019 06:53:05 AM saved u_comp
10/01/2019 06:53:51 AM saved omega
10/01/2019 06:54:34 AM saved Z
10/01/2019 06:55:21 AM saved q
10/01/2019 06:55:24 AM calculated KE
10/01/2019 06:55:29 AM calculated MSE fluxes
10/01/2019 06:55:29 AM loaded coordinates dictionary
10/01/2019 06:55:55 AM 9calculated zeta
10/01/2019 06:56:02 AM 9calculated dudt, shape = (1, 12, 1, 1, 40, 64, 1)
10/01/2019 06:56:12 AM 9calculated w_dudp, shape = (1, 12, 1, 1, 40, 64, 1)
10/01/2019 06:56:36 AM 9calculated zeta_v, shape = (1, 12, 1, 1, 40, 64, 1)
10/01/2019 06:56:53 AM 9calculated div TE EMF, shape = (1, 12, 1, 1, 40, 64, 1)
10/01/2019 06:57:20 AM 9calculated TE d_u'w'_dp, shape = (1, 12, 1, 1, 40, 64, 1)
10/01/2019 06:57:41 AM 9calculated div SE EMF, shape = (1, 12, 1, 1, 40, 64, 1)
10/01/2019 06:58:08 AM 9calculated SE d_u'w'_dp, shape = (1, 12, 1, 1, 40, 64, 1)
10/01/2019 06:58:13 AM 9calculated all vs
10/01/2019 06:58:13 AM 9Saved momentum budget dictionary
10/01/2019 06:58:17 AM 9calculated all v1 s
10/01/2019 06:58:22 AM 9Saved v dictionary
10/01/2019 06:59:02 AM 9Calulated MMC flux
10/01/2019 06:59:29 AM 9Calulated MMC sens flux
10/01/2019 06:59:57 AM 9Calulated MMC potential flux
10/01/2019 07:00:25 AM 9Calulated MMC moist flux
10/01/2019 07:01:04 AM 9Calulated MMC del m mmc flux
10/01/2019 07:01:44 AM 9Calulated MMC del v mmc flux
10/01/2019 07:01:44 AM 9Saved v_MM_MMC dictionary
10/01/2019 07:01:44 AM 9Saved v_MM1_MMC dictionary
10/01/2019 07:01:44 AM 9Saved v_TE_MMC dictionary
10/01/2019 07:01:44 AM 9Saved v_TE1_MMC dictionary
10/01/2019 07:01:44 AM 9Saved v_SE_MMC dictionary
10/01/2019 07:01:44 AM 9Saved v_SE1_MMC dictionary
10/01/2019 07:01:44 AM 9Saved v_net_MMC dictionary
10/01/2019 07:01:44 AM 9Saved v_net1_MMC dictionary
10/01/2019 07:01:44 AM 9Saved v_MMC dictionary
10/01/2019 07:01:44 AM loaded MMC decomposed dictionary
10/01/2019 07:01:44 AM loaded vs decomposed dictionary
10/01/2019 07:01:44 AM loaded momentum budget dictionary
10/01/2019 07:01:44 AM Time taken --> 812.235014915
10/01/2019 07:01:44 AM Awesome! complete!
10/01/2019 07:01:44 AM -------------------------------
10/01/2019 05:57:14 PM ....Extract ncfile save MSE and momentum fluxes and radiation....0 averaged over 30
10/01/2019 05:57:14 PM imported nc file
10/01/2019 05:58:02 PM imported coordinates
10/01/2019 05:59:24 PM imported pressure
10/01/2019 06:00:06 PM saved temp
10/01/2019 06:00:47 PM saved v_comp
10/01/2019 06:01:28 PM saved u_comp
10/01/2019 06:02:11 PM saved omega
10/01/2019 06:02:53 PM saved Z
10/01/2019 06:03:36 PM saved q
10/01/2019 06:03:39 PM calculated KE
10/01/2019 06:03:44 PM calculated MSE fluxes
10/01/2019 06:03:44 PM loaded coordinates dictionary
10/01/2019 06:04:09 PM 0calculated zeta
10/01/2019 06:04:16 PM 0calculated dudt, shape = (1, 12, 1, 1, 40, 64, 1)
10/01/2019 06:04:26 PM 0calculated w_dudp, shape = (1, 12, 1, 1, 40, 64, 1)
10/01/2019 06:04:50 PM 0calculated zeta_v, shape = (1, 12, 1, 1, 40, 64, 1)
10/01/2019 06:05:07 PM 0calculated div TE EMF, shape = (1, 12, 1, 1, 40, 64, 1)
10/01/2019 06:05:33 PM 0calculated TE d_u'w'_dp, shape = (1, 12, 1, 1, 40, 64, 1)
10/01/2019 06:05:53 PM 0calculated div SE EMF, shape = (1, 12, 1, 1, 40, 64, 1)
10/01/2019 06:06:21 PM 0calculated SE d_u'w'_dp, shape = (1, 12, 1, 1, 40, 64, 1)
10/01/2019 06:06:25 PM 0calculated all vs
10/01/2019 06:06:25 PM 0Saved momentum budget dictionary
10/01/2019 06:06:30 PM 0calculated all v1 s
10/01/2019 06:06:35 PM 0Saved v dictionary
10/01/2019 06:07:15 PM 0Calulated MMC flux
10/01/2019 06:07:42 PM 0Calulated MMC sens flux
10/01/2019 06:08:09 PM 0Calulated MMC potential flux
10/01/2019 06:08:37 PM 0Calulated MMC moist flux
10/01/2019 06:09:16 PM 0Calulated MMC del m mmc flux
10/01/2019 06:09:56 PM 0Calulated MMC del v mmc flux
10/01/2019 06:09:56 PM 0Saved v_MM_MMC dictionary
10/01/2019 06:09:56 PM 0Saved v_MM1_MMC dictionary
10/01/2019 06:09:56 PM 0Saved v_TE_MMC dictionary
10/01/2019 06:09:56 PM 0Saved v_TE1_MMC dictionary
10/01/2019 06:09:56 PM 0Saved v_SE_MMC dictionary
10/01/2019 06:09:56 PM 0Saved v_SE1_MMC dictionary
10/01/2019 06:09:56 PM 0Saved v_net_MMC dictionary
10/01/2019 06:09:56 PM 0Saved v_net1_MMC dictionary
10/01/2019 06:09:56 PM 0Saved v_MMC dictionary
10/01/2019 06:09:56 PM loaded MMC decomposed dictionary
10/01/2019 06:09:56 PM loaded vs decomposed dictionary
10/01/2019 06:09:56 PM loaded momentum budget dictionary
10/01/2019 06:09:56 PM Time taken --> 763.327342987
10/01/2019 06:09:56 PM Awesome! complete!
10/01/2019 06:09:56 PM -------------------------------
10/01/2019 06:10:02 PM ....Extract ncfile save MSE and momentum fluxes and radiation....1 averaged over 30
10/01/2019 06:10:02 PM imported nc file
10/01/2019 06:11:06 PM imported coordinates
10/01/2019 06:12:38 PM imported pressure
10/01/2019 06:13:23 PM saved temp
10/01/2019 06:14:09 PM saved v_comp
10/01/2019 06:14:54 PM saved u_comp
10/01/2019 06:15:42 PM saved omega
10/01/2019 06:16:31 PM saved Z
10/01/2019 06:17:19 PM saved q
10/01/2019 06:17:22 PM calculated KE
10/01/2019 06:17:27 PM calculated MSE fluxes
10/01/2019 06:17:27 PM loaded coordinates dictionary
10/01/2019 06:17:52 PM 1calculated zeta
10/01/2019 06:18:00 PM 1calculated dudt, shape = (1, 12, 1, 1, 40, 64, 1)
10/01/2019 06:18:09 PM 1calculated w_dudp, shape = (1, 12, 1, 1, 40, 64, 1)
10/01/2019 06:18:33 PM 1calculated zeta_v, shape = (1, 12, 1, 1, 40, 64, 1)
10/01/2019 06:18:51 PM 1calculated div TE EMF, shape = (1, 12, 1, 1, 40, 64, 1)
10/01/2019 06:19:16 PM 1calculated TE d_u'w'_dp, shape = (1, 12, 1, 1, 40, 64, 1)
10/01/2019 06:19:37 PM 1calculated div SE EMF, shape = (1, 12, 1, 1, 40, 64, 1)
10/01/2019 06:20:04 PM 1calculated SE d_u'w'_dp, shape = (1, 12, 1, 1, 40, 64, 1)
10/01/2019 06:20:08 PM 1calculated all vs
10/01/2019 06:20:08 PM 1Saved momentum budget dictionary
10/01/2019 06:20:13 PM 1calculated all v1 s
10/01/2019 06:20:18 PM 1Saved v dictionary
10/01/2019 06:20:58 PM 1Calulated MMC flux
10/01/2019 06:21:26 PM 1Calulated MMC sens flux
10/01/2019 06:21:53 PM 1Calulated MMC potential flux
10/01/2019 06:22:21 PM 1Calulated MMC moist flux
10/01/2019 06:23:00 PM 1Calulated MMC del m mmc flux
10/01/2019 06:23:39 PM 1Calulated MMC del v mmc flux
10/01/2019 06:23:39 PM 1Saved v_MM_MMC dictionary
10/01/2019 06:23:39 PM 1Saved v_MM1_MMC dictionary
10/01/2019 06:23:39 PM 1Saved v_TE_MMC dictionary
10/01/2019 06:23:39 PM 1Saved v_TE1_MMC dictionary
10/01/2019 06:23:39 PM 1Saved v_SE_MMC dictionary
10/01/2019 06:23:39 PM 1Saved v_SE1_MMC dictionary
10/01/2019 06:23:39 PM 1Saved v_net_MMC dictionary
10/01/2019 06:23:39 PM 1Saved v_net1_MMC dictionary
10/01/2019 06:23:39 PM 1Saved v_MMC dictionary
10/01/2019 06:23:40 PM loaded MMC decomposed dictionary
10/01/2019 06:23:40 PM loaded vs decomposed dictionary
10/01/2019 06:23:40 PM loaded momentum budget dictionary
10/01/2019 06:23:40 PM Time taken --> 820.165191889
10/01/2019 06:23:40 PM Awesome! complete!
10/01/2019 06:23:40 PM -------------------------------
10/01/2019 06:23:49 PM ....Extract ncfile save MSE and momentum fluxes and radiation....2 averaged over 30
10/01/2019 06:23:49 PM imported nc file
10/01/2019 06:24:40 PM imported coordinates
10/01/2019 06:26:16 PM imported pressure
10/01/2019 06:27:04 PM saved temp
10/01/2019 06:27:51 PM saved v_comp
10/01/2019 06:28:38 PM saved u_comp
10/01/2019 06:29:24 PM saved omega
10/01/2019 06:30:09 PM saved Z
10/01/2019 06:30:54 PM saved q
10/01/2019 06:30:57 PM calculated KE
10/01/2019 06:31:02 PM calculated MSE fluxes
10/01/2019 06:31:02 PM loaded coordinates dictionary
10/01/2019 06:31:27 PM 2calculated zeta
10/01/2019 06:31:34 PM 2calculated dudt, shape = (1, 12, 1, 1, 40, 64, 1)
10/01/2019 06:31:43 PM 2calculated w_dudp, shape = (1, 12, 1, 1, 40, 64, 1)
10/01/2019 06:32:07 PM 2calculated zeta_v, shape = (1, 12, 1, 1, 40, 64, 1)
10/01/2019 06:32:24 PM 2calculated div TE EMF, shape = (1, 12, 1, 1, 40, 64, 1)
10/01/2019 06:32:49 PM 2calculated TE d_u'w'_dp, shape = (1, 12, 1, 1, 40, 64, 1)
10/01/2019 06:33:10 PM 2calculated div SE EMF, shape = (1, 12, 1, 1, 40, 64, 1)
10/01/2019 06:33:35 PM 2calculated SE d_u'w'_dp, shape = (1, 12, 1, 1, 40, 64, 1)
10/01/2019 06:33:40 PM 2calculated all vs
10/01/2019 06:33:40 PM 2Saved momentum budget dictionary
10/01/2019 06:33:45 PM 2calculated all v1 s
10/01/2019 06:33:49 PM 2Saved v dictionary
10/01/2019 06:34:28 PM 2Calulated MMC flux
10/01/2019 06:34:55 PM 2Calulated MMC sens flux
10/01/2019 06:35:23 PM 2Calulated MMC potential flux
10/01/2019 06:35:50 PM 2Calulated MMC moist flux
10/01/2019 06:36:29 PM 2Calulated MMC del m mmc flux
10/01/2019 06:37:08 PM 2Calulated MMC del v mmc flux
10/01/2019 06:37:08 PM 2Saved v_MM_MMC dictionary
10/01/2019 06:37:08 PM 2Saved v_MM1_MMC dictionary
10/01/2019 06:37:08 PM 2Saved v_TE_MMC dictionary
10/01/2019 06:37:08 PM 2Saved v_TE1_MMC dictionary
10/01/2019 06:37:08 PM 2Saved v_SE_MMC dictionary
10/01/2019 06:37:08 PM 2Saved v_SE1_MMC dictionary
10/01/2019 06:37:08 PM 2Saved v_net_MMC dictionary
10/01/2019 06:37:08 PM 2Saved v_net1_MMC dictionary
10/01/2019 06:37:08 PM 2Saved v_MMC dictionary
10/01/2019 06:37:08 PM loaded MMC decomposed dictionary
10/01/2019 06:37:08 PM loaded vs decomposed dictionary
10/01/2019 06:37:08 PM loaded momentum budget dictionary
10/01/2019 06:37:08 PM Time taken --> 803.210253
10/01/2019 06:37:08 PM Awesome! complete!
10/01/2019 06:37:08 PM -------------------------------
10/01/2019 06:37:13 PM ....Extract ncfile save MSE and momentum fluxes and radiation....3 averaged over 30
10/01/2019 06:37:13 PM imported nc file
10/01/2019 06:38:17 PM imported coordinates
10/01/2019 06:39:49 PM imported pressure
10/01/2019 06:40:34 PM saved temp
10/01/2019 06:41:20 PM saved v_comp
10/01/2019 06:42:06 PM saved u_comp
10/01/2019 06:42:51 PM saved omega
10/01/2019 06:43:36 PM saved Z
10/01/2019 06:44:20 PM saved q
10/01/2019 06:44:24 PM calculated KE
10/01/2019 06:44:28 PM calculated MSE fluxes
10/01/2019 06:44:28 PM loaded coordinates dictionary
10/01/2019 06:44:53 PM 3calculated zeta
10/01/2019 06:45:01 PM 3calculated dudt, shape = (1, 12, 1, 1, 40, 64, 1)
10/01/2019 06:45:10 PM 3calculated w_dudp, shape = (1, 12, 1, 1, 40, 64, 1)
10/01/2019 06:45:34 PM 3calculated zeta_v, shape = (1, 12, 1, 1, 40, 64, 1)
10/01/2019 06:45:51 PM 3calculated div TE EMF, shape = (1, 12, 1, 1, 40, 64, 1)
10/01/2019 06:46:17 PM 3calculated TE d_u'w'_dp, shape = (1, 12, 1, 1, 40, 64, 1)
10/01/2019 06:46:37 PM 3calculated div SE EMF, shape = (1, 12, 1, 1, 40, 64, 1)
10/01/2019 06:47:04 PM 3calculated SE d_u'w'_dp, shape = (1, 12, 1, 1, 40, 64, 1)
10/01/2019 06:47:08 PM 3calculated all vs
10/01/2019 06:47:08 PM 3Saved momentum budget dictionary
10/01/2019 06:47:13 PM 3calculated all v1 s
10/01/2019 06:47:18 PM 3Saved v dictionary
10/01/2019 06:47:57 PM 3Calulated MMC flux
10/01/2019 06:48:25 PM 3Calulated MMC sens flux
10/01/2019 06:48:53 PM 3Calulated MMC potential flux
10/01/2019 06:49:20 PM 3Calulated MMC moist flux
10/01/2019 06:50:00 PM 3Calulated MMC del m mmc flux
10/01/2019 06:50:39 PM 3Calulated MMC del v mmc flux
10/01/2019 06:50:39 PM 3Saved v_MM_MMC dictionary
10/01/2019 06:50:39 PM 3Saved v_MM1_MMC dictionary
10/01/2019 06:50:39 PM 3Saved v_TE_MMC dictionary
10/01/2019 06:50:39 PM 3Saved v_TE1_MMC dictionary
10/01/2019 06:50:39 PM 3Saved v_SE_MMC dictionary
10/01/2019 06:50:39 PM 3Saved v_SE1_MMC dictionary
10/01/2019 06:50:39 PM 3Saved v_net_MMC dictionary
10/01/2019 06:50:39 PM 3Saved v_net1_MMC dictionary
10/01/2019 06:50:39 PM 3Saved v_MMC dictionary
10/01/2019 06:50:40 PM loaded MMC decomposed dictionary
10/01/2019 06:50:40 PM loaded vs decomposed dictionary
10/01/2019 06:50:40 PM loaded momentum budget dictionary
10/01/2019 06:50:40 PM Time taken --> 808.25997901
10/01/2019 06:50:40 PM Awesome! complete!
10/01/2019 06:50:40 PM -------------------------------
10/01/2019 06:50:44 PM ....Extract ncfile save MSE and momentum fluxes and radiation....4 averaged over 30
10/01/2019 06:50:44 PM imported nc file
10/01/2019 06:51:17 PM imported coordinates
10/01/2019 06:52:44 PM imported pressure
10/01/2019 06:53:29 PM saved temp
10/01/2019 06:54:17 PM saved v_comp
10/01/2019 06:55:02 PM saved u_comp
10/01/2019 06:55:49 PM saved omega
10/01/2019 06:56:32 PM saved Z
10/01/2019 06:57:15 PM saved q
10/01/2019 06:57:19 PM calculated KE
10/01/2019 06:57:23 PM calculated MSE fluxes
10/01/2019 06:57:23 PM loaded coordinates dictionary
10/01/2019 06:57:49 PM 4calculated zeta
10/01/2019 06:57:56 PM 4calculated dudt, shape = (1, 12, 1, 1, 40, 64, 1)
10/01/2019 06:58:05 PM 4calculated w_dudp, shape = (1, 12, 1, 1, 40, 64, 1)
10/01/2019 06:58:29 PM 4calculated zeta_v, shape = (1, 12, 1, 1, 40, 64, 1)
10/01/2019 06:58:46 PM 4calculated div TE EMF, shape = (1, 12, 1, 1, 40, 64, 1)
10/01/2019 06:59:12 PM 4calculated TE d_u'w'_dp, shape = (1, 12, 1, 1, 40, 64, 1)
10/01/2019 06:59:33 PM 4calculated div SE EMF, shape = (1, 12, 1, 1, 40, 64, 1)
10/01/2019 06:59:59 PM 4calculated SE d_u'w'_dp, shape = (1, 12, 1, 1, 40, 64, 1)
10/01/2019 07:00:04 PM 4calculated all vs
10/01/2019 07:00:04 PM 4Saved momentum budget dictionary
10/01/2019 07:00:09 PM 4calculated all v1 s
10/01/2019 07:00:13 PM 4Saved v dictionary
10/01/2019 07:00:53 PM 4Calulated MMC flux
10/01/2019 07:01:21 PM 4Calulated MMC sens flux
10/01/2019 07:01:49 PM 4Calulated MMC potential flux
10/01/2019 07:02:16 PM 4Calulated MMC moist flux
10/01/2019 07:02:56 PM 4Calulated MMC del m mmc flux
10/01/2019 07:03:36 PM 4Calulated MMC del v mmc flux
10/01/2019 07:03:36 PM 4Saved v_MM_MMC dictionary
10/01/2019 07:03:36 PM 4Saved v_MM1_MMC dictionary
10/01/2019 07:03:36 PM 4Saved v_TE_MMC dictionary
10/01/2019 07:03:36 PM 4Saved v_TE1_MMC dictionary
10/01/2019 07:03:36 PM 4Saved v_SE_MMC dictionary
10/01/2019 07:03:36 PM 4Saved v_SE1_MMC dictionary
10/01/2019 07:03:36 PM 4Saved v_net_MMC dictionary
10/01/2019 07:03:36 PM 4Saved v_net1_MMC dictionary
10/01/2019 07:03:36 PM 4Saved v_MMC dictionary
10/01/2019 07:03:36 PM loaded MMC decomposed dictionary
10/01/2019 07:03:36 PM loaded vs decomposed dictionary
10/01/2019 07:03:36 PM loaded momentum budget dictionary
10/01/2019 07:03:36 PM Time taken --> 773.715157986
10/01/2019 07:03:36 PM Awesome! complete!
10/01/2019 07:03:36 PM -------------------------------
10/01/2019 07:03:41 PM ....Extract ncfile save MSE and momentum fluxes and radiation....5 averaged over 30
10/01/2019 07:03:41 PM imported nc file
10/01/2019 07:04:14 PM imported coordinates
10/01/2019 07:05:40 PM imported pressure
10/01/2019 07:06:23 PM saved temp
10/01/2019 07:06:45 PM saved v_comp
10/01/2019 07:07:01 PM saved u_comp
10/01/2019 07:07:44 PM saved omega
10/01/2019 07:08:20 PM saved Z
10/01/2019 07:08:49 PM saved q
10/01/2019 07:08:53 PM calculated KE
10/01/2019 07:08:57 PM calculated MSE fluxes
10/01/2019 07:08:57 PM loaded coordinates dictionary
10/01/2019 07:09:22 PM 5calculated zeta
10/01/2019 07:09:30 PM 5calculated dudt, shape = (1, 12, 1, 1, 40, 64, 1)
10/01/2019 07:09:39 PM 5calculated w_dudp, shape = (1, 12, 1, 1, 40, 64, 1)
10/01/2019 07:10:03 PM 5calculated zeta_v, shape = (1, 12, 1, 1, 40, 64, 1)
10/01/2019 07:10:20 PM 5calculated div TE EMF, shape = (1, 12, 1, 1, 40, 64, 1)
10/01/2019 07:10:46 PM 5calculated TE d_u'w'_dp, shape = (1, 12, 1, 1, 40, 64, 1)
10/01/2019 07:11:06 PM 5calculated div SE EMF, shape = (1, 12, 1, 1, 40, 64, 1)
10/01/2019 07:11:33 PM 5calculated SE d_u'w'_dp, shape = (1, 12, 1, 1, 40, 64, 1)
10/01/2019 07:11:38 PM 5calculated all vs
10/01/2019 07:11:38 PM 5Saved momentum budget dictionary
10/01/2019 07:11:42 PM 5calculated all v1 s
10/01/2019 07:11:47 PM 5Saved v dictionary
10/01/2019 07:12:26 PM 5Calulated MMC flux
10/01/2019 07:12:54 PM 5Calulated MMC sens flux
10/01/2019 07:13:21 PM 5Calulated MMC potential flux
10/01/2019 07:13:48 PM 5Calulated MMC moist flux
10/01/2019 07:14:28 PM 5Calulated MMC del m mmc flux
10/01/2019 07:15:07 PM 5Calulated MMC del v mmc flux
10/01/2019 07:15:07 PM 5Saved v_MM_MMC dictionary
10/01/2019 07:15:07 PM 5Saved v_MM1_MMC dictionary
10/01/2019 07:15:07 PM 5Saved v_TE_MMC dictionary
10/01/2019 07:15:07 PM 5Saved v_TE1_MMC dictionary
10/01/2019 07:15:07 PM 5Saved v_SE_MMC dictionary
10/01/2019 07:15:07 PM 5Saved v_SE1_MMC dictionary
10/01/2019 07:15:07 PM 5Saved v_net_MMC dictionary
10/01/2019 07:15:07 PM 5Saved v_net1_MMC dictionary
10/01/2019 07:15:07 PM 5Saved v_MMC dictionary
10/01/2019 07:15:07 PM loaded MMC decomposed dictionary
10/01/2019 07:15:07 PM loaded vs decomposed dictionary
10/01/2019 07:15:07 PM loaded momentum budget dictionary
10/01/2019 07:15:07 PM Time taken --> 688.240432978
10/01/2019 07:15:07 PM Awesome! complete!
10/01/2019 07:15:07 PM -------------------------------
10/01/2019 07:15:12 PM ....Extract ncfile save MSE and momentum fluxes and radiation....6 averaged over 30
10/01/2019 07:15:12 PM imported nc file
10/01/2019 07:16:09 PM imported coordinates
10/01/2019 07:17:46 PM imported pressure
10/01/2019 07:18:30 PM saved temp
10/01/2019 07:19:15 PM saved v_comp
10/01/2019 07:20:00 PM saved u_comp
10/01/2019 07:20:45 PM saved omega
10/01/2019 07:21:27 PM saved Z
10/01/2019 07:22:12 PM saved q
10/01/2019 07:22:15 PM calculated KE
10/01/2019 07:22:20 PM calculated MSE fluxes
10/01/2019 07:22:20 PM loaded coordinates dictionary
10/01/2019 07:22:45 PM 6calculated zeta
10/01/2019 07:22:52 PM 6calculated dudt, shape = (1, 12, 1, 1, 40, 64, 1)
10/01/2019 07:23:02 PM 6calculated w_dudp, shape = (1, 12, 1, 1, 40, 64, 1)
10/01/2019 07:23:25 PM 6calculated zeta_v, shape = (1, 12, 1, 1, 40, 64, 1)
10/01/2019 07:23:42 PM 6calculated div TE EMF, shape = (1, 12, 1, 1, 40, 64, 1)
10/01/2019 07:24:07 PM 6calculated TE d_u'w'_dp, shape = (1, 12, 1, 1, 40, 64, 1)
10/01/2019 07:24:28 PM 6calculated div SE EMF, shape = (1, 12, 1, 1, 40, 64, 1)
10/01/2019 07:24:54 PM 6calculated SE d_u'w'_dp, shape = (1, 12, 1, 1, 40, 64, 1)
10/01/2019 07:24:59 PM 6calculated all vs
10/01/2019 07:24:59 PM 6Saved momentum budget dictionary
10/01/2019 07:25:03 PM 6calculated all v1 s
10/01/2019 07:25:08 PM 6Saved v dictionary
10/01/2019 07:25:47 PM 6Calulated MMC flux
10/01/2019 07:26:14 PM 6Calulated MMC sens flux
10/01/2019 07:26:42 PM 6Calulated MMC potential flux
10/01/2019 07:27:09 PM 6Calulated MMC moist flux
10/01/2019 07:27:48 PM 6Calulated MMC del m mmc flux
10/01/2019 07:28:27 PM 6Calulated MMC del v mmc flux
10/01/2019 07:28:27 PM 6Saved v_MM_MMC dictionary
10/01/2019 07:28:27 PM 6Saved v_MM1_MMC dictionary
10/01/2019 07:28:27 PM 6Saved v_TE_MMC dictionary
10/01/2019 07:28:27 PM 6Saved v_TE1_MMC dictionary
10/01/2019 07:28:27 PM 6Saved v_SE_MMC dictionary
10/01/2019 07:28:27 PM 6Saved v_SE1_MMC dictionary
10/01/2019 07:28:27 PM 6Saved v_net_MMC dictionary
10/01/2019 07:28:27 PM 6Saved v_net1_MMC dictionary
10/01/2019 07:28:27 PM 6Saved v_MMC dictionary
10/01/2019 07:28:27 PM loaded MMC decomposed dictionary
10/01/2019 07:28:27 PM loaded vs decomposed dictionary
10/01/2019 07:28:27 PM loaded momentum budget dictionary
10/01/2019 07:28:27 PM Time taken --> 796.879617929
10/01/2019 07:28:27 PM Awesome! complete!
10/01/2019 07:28:27 PM -------------------------------
10/01/2019 07:28:34 PM ....Extract ncfile save MSE and momentum fluxes and radiation....7 averaged over 30
10/01/2019 07:28:34 PM imported nc file
10/01/2019 07:29:25 PM imported coordinates
10/01/2019 07:30:59 PM imported pressure
10/01/2019 07:31:45 PM saved temp
10/01/2019 07:32:29 PM saved v_comp
10/01/2019 07:33:13 PM saved u_comp
10/01/2019 07:33:57 PM saved omega
10/01/2019 07:34:41 PM saved Z
10/01/2019 07:35:25 PM saved q
10/01/2019 07:35:28 PM calculated KE
10/01/2019 07:35:32 PM calculated MSE fluxes
10/01/2019 07:35:32 PM loaded coordinates dictionary
10/01/2019 07:35:57 PM 7calculated zeta
10/01/2019 07:36:04 PM 7calculated dudt, shape = (1, 12, 1, 1, 40, 64, 1)
10/01/2019 07:36:13 PM 7calculated w_dudp, shape = (1, 12, 1, 1, 40, 64, 1)
10/01/2019 07:36:37 PM 7calculated zeta_v, shape = (1, 12, 1, 1, 40, 64, 1)
10/01/2019 07:36:54 PM 7calculated div TE EMF, shape = (1, 12, 1, 1, 40, 64, 1)
10/01/2019 07:37:18 PM 7calculated TE d_u'w'_dp, shape = (1, 12, 1, 1, 40, 64, 1)
10/01/2019 07:37:38 PM 7calculated div SE EMF, shape = (1, 12, 1, 1, 40, 64, 1)
10/01/2019 07:38:04 PM 7calculated SE d_u'w'_dp, shape = (1, 12, 1, 1, 40, 64, 1)
10/01/2019 07:38:09 PM 7calculated all vs
10/01/2019 07:38:09 PM 7Saved momentum budget dictionary
10/01/2019 07:38:13 PM 7calculated all v1 s
10/01/2019 07:38:18 PM 7Saved v dictionary
10/01/2019 07:38:56 PM 7Calulated MMC flux
10/01/2019 07:39:23 PM 7Calulated MMC sens flux
10/01/2019 07:39:50 PM 7Calulated MMC potential flux
10/01/2019 07:40:17 PM 7Calulated MMC moist flux
10/01/2019 07:40:56 PM 7Calulated MMC del m mmc flux
10/01/2019 07:41:34 PM 7Calulated MMC del v mmc flux
10/01/2019 07:41:34 PM 7Saved v_MM_MMC dictionary
10/01/2019 07:41:34 PM 7Saved v_MM1_MMC dictionary
10/01/2019 07:41:34 PM 7Saved v_TE_MMC dictionary
10/01/2019 07:41:34 PM 7Saved v_TE1_MMC dictionary
10/01/2019 07:41:34 PM 7Saved v_SE_MMC dictionary
10/01/2019 07:41:34 PM 7Saved v_SE1_MMC dictionary
10/01/2019 07:41:34 PM 7Saved v_net_MMC dictionary
10/01/2019 07:41:34 PM 7Saved v_net1_MMC dictionary
10/01/2019 07:41:34 PM 7Saved v_MMC dictionary
10/01/2019 07:41:34 PM loaded MMC decomposed dictionary
10/01/2019 07:41:34 PM loaded vs decomposed dictionary
10/01/2019 07:41:34 PM loaded momentum budget dictionary
10/01/2019 07:41:34 PM Time taken --> 783.597841978
10/01/2019 07:41:34 PM Awesome! complete!
10/01/2019 07:41:34 PM -------------------------------
10/01/2019 07:41:40 PM ....Extract ncfile save MSE and momentum fluxes and radiation....8 averaged over 30
10/01/2019 07:41:40 PM imported nc file
10/01/2019 07:42:44 PM imported coordinates
10/01/2019 07:44:15 PM imported pressure
10/01/2019 07:44:58 PM saved temp
10/01/2019 07:45:41 PM saved v_comp
10/01/2019 07:46:24 PM saved u_comp
10/01/2019 07:47:08 PM saved omega
10/01/2019 07:47:51 PM saved Z
10/01/2019 07:48:34 PM saved q
10/01/2019 07:48:37 PM calculated KE
10/01/2019 07:48:41 PM calculated MSE fluxes
10/01/2019 07:48:41 PM loaded coordinates dictionary
10/01/2019 07:49:06 PM 8calculated zeta
10/01/2019 07:49:13 PM 8calculated dudt, shape = (1, 12, 1, 1, 40, 64, 1)
10/01/2019 07:49:22 PM 8calculated w_dudp, shape = (1, 12, 1, 1, 40, 64, 1)
10/01/2019 07:49:46 PM 8calculated zeta_v, shape = (1, 12, 1, 1, 40, 64, 1)
10/01/2019 07:50:04 PM 8calculated div TE EMF, shape = (1, 12, 1, 1, 40, 64, 1)
10/01/2019 07:50:29 PM 8calculated TE d_u'w'_dp, shape = (1, 12, 1, 1, 40, 64, 1)
10/01/2019 07:50:50 PM 8calculated div SE EMF, shape = (1, 12, 1, 1, 40, 64, 1)
10/01/2019 07:51:16 PM 8calculated SE d_u'w'_dp, shape = (1, 12, 1, 1, 40, 64, 1)
10/01/2019 07:51:21 PM 8calculated all vs
10/01/2019 07:51:21 PM 8Saved momentum budget dictionary
10/01/2019 07:51:26 PM 8calculated all v1 s
10/01/2019 07:51:30 PM 8Saved v dictionary
10/01/2019 07:52:10 PM 8Calulated MMC flux
10/01/2019 07:52:37 PM 8Calulated MMC sens flux
10/01/2019 07:53:05 PM 8Calulated MMC potential flux
10/01/2019 07:53:32 PM 8Calulated MMC moist flux
10/01/2019 07:54:11 PM 8Calulated MMC del m mmc flux
10/01/2019 07:54:50 PM 8Calulated MMC del v mmc flux
10/01/2019 07:54:50 PM 8Saved v_MM_MMC dictionary
10/01/2019 07:54:50 PM 8Saved v_MM1_MMC dictionary
10/01/2019 07:54:50 PM 8Saved v_TE_MMC dictionary
10/01/2019 07:54:50 PM 8Saved v_TE1_MMC dictionary
10/01/2019 07:54:50 PM 8Saved v_SE_MMC dictionary
10/01/2019 07:54:50 PM 8Saved v_SE1_MMC dictionary
10/01/2019 07:54:50 PM 8Saved v_net_MMC dictionary
10/01/2019 07:54:50 PM 8Saved v_net1_MMC dictionary
10/01/2019 07:54:50 PM 8Saved v_MMC dictionary
10/01/2019 07:54:50 PM loaded MMC decomposed dictionary
10/01/2019 07:54:50 PM loaded vs decomposed dictionary
10/01/2019 07:54:50 PM loaded momentum budget dictionary
10/01/2019 07:54:50 PM Time taken --> 792.237279892
10/01/2019 07:54:50 PM Awesome! complete!
10/01/2019 07:54:50 PM -------------------------------
10/01/2019 07:54:55 PM ....Extract ncfile save MSE and momentum fluxes and radiation....9 averaged over 30
10/01/2019 07:54:56 PM imported nc file
10/01/2019 07:55:29 PM imported coordinates
10/01/2019 07:56:55 PM imported pressure
10/01/2019 07:57:38 PM saved temp
10/01/2019 07:58:22 PM saved v_comp
10/01/2019 07:59:05 PM saved u_comp
10/01/2019 07:59:48 PM saved omega
10/01/2019 08:00:31 PM saved Z
10/01/2019 08:01:13 PM saved q
10/01/2019 08:01:17 PM calculated KE
10/01/2019 08:01:21 PM calculated MSE fluxes
10/01/2019 08:01:21 PM loaded coordinates dictionary
10/01/2019 08:01:46 PM 9calculated zeta
10/01/2019 08:01:53 PM 9calculated dudt, shape = (1, 12, 1, 1, 40, 64, 1)
10/01/2019 08:02:02 PM 9calculated w_dudp, shape = (1, 12, 1, 1, 40, 64, 1)
10/01/2019 08:02:26 PM 9calculated zeta_v, shape = (1, 12, 1, 1, 40, 64, 1)
10/01/2019 08:02:43 PM 9calculated div TE EMF, shape = (1, 12, 1, 1, 40, 64, 1)
10/01/2019 08:03:07 PM 9calculated TE d_u'w'_dp, shape = (1, 12, 1, 1, 40, 64, 1)
10/01/2019 08:03:28 PM 9calculated div SE EMF, shape = (1, 12, 1, 1, 40, 64, 1)
10/01/2019 08:03:53 PM 9calculated SE d_u'w'_dp, shape = (1, 12, 1, 1, 40, 64, 1)
10/01/2019 08:03:58 PM 9calculated all vs
10/01/2019 08:03:58 PM 9Saved momentum budget dictionary
10/01/2019 08:04:02 PM 9calculated all v1 s
10/01/2019 08:04:07 PM 9Saved v dictionary
10/01/2019 08:04:46 PM 9Calulated MMC flux
10/01/2019 08:05:13 PM 9Calulated MMC sens flux
10/01/2019 08:05:40 PM 9Calulated MMC potential flux
10/01/2019 08:06:07 PM 9Calulated MMC moist flux
10/01/2019 08:06:46 PM 9Calulated MMC del m mmc flux
10/01/2019 08:07:25 PM 9Calulated MMC del v mmc flux
10/01/2019 08:07:25 PM 9Saved v_MM_MMC dictionary
10/01/2019 08:07:25 PM 9Saved v_MM1_MMC dictionary
10/01/2019 08:07:25 PM 9Saved v_TE_MMC dictionary
10/01/2019 08:07:25 PM 9Saved v_TE1_MMC dictionary
10/01/2019 08:07:25 PM 9Saved v_SE_MMC dictionary
10/01/2019 08:07:25 PM 9Saved v_SE1_MMC dictionary
10/01/2019 08:07:25 PM 9Saved v_net_MMC dictionary
10/01/2019 08:07:25 PM 9Saved v_net1_MMC dictionary
10/01/2019 08:07:25 PM 9Saved v_MMC dictionary
10/01/2019 08:07:25 PM loaded MMC decomposed dictionary
10/01/2019 08:07:25 PM loaded vs decomposed dictionary
10/01/2019 08:07:25 PM loaded momentum budget dictionary
10/01/2019 08:07:25 PM Time taken --> 751.766366959
10/01/2019 08:07:25 PM Awesome! complete!
10/01/2019 08:07:25 PM -------------------------------
