10/01/2019 08:38:52 AM ....Extract ncfile save MSE and momentum fluxes and radiation....0 averaged over 30
10/01/2019 08:38:52 AM imported nc file
10/01/2019 08:39:46 AM imported coordinates
10/01/2019 08:41:04 AM imported pressure
10/01/2019 08:41:36 AM saved temp
10/01/2019 08:42:21 AM saved v_comp
10/01/2019 08:43:07 AM saved u_comp
10/01/2019 08:43:52 AM saved omega
10/01/2019 08:44:37 AM saved Z
10/01/2019 08:45:21 AM saved q
10/01/2019 08:45:25 AM calculated KE
10/01/2019 08:45:30 AM calculated MSE fluxes
10/01/2019 08:45:30 AM loaded coordinates dictionary
10/01/2019 08:45:55 AM 0calculated zeta
10/01/2019 08:46:02 AM 0calculated dudt, shape = (1, 12, 1, 1, 40, 64, 1)
10/01/2019 08:46:12 AM 0calculated w_dudp, shape = (1, 12, 1, 1, 40, 64, 1)
10/01/2019 08:46:36 AM 0calculated zeta_v, shape = (1, 12, 1, 1, 40, 64, 1)
10/01/2019 08:46:53 AM 0calculated div TE EMF, shape = (1, 12, 1, 1, 40, 64, 1)
10/01/2019 08:47:18 AM 0calculated TE d_u'w'_dp, shape = (1, 12, 1, 1, 40, 64, 1)
10/01/2019 08:47:39 AM 0calculated div SE EMF, shape = (1, 12, 1, 1, 40, 64, 1)
10/01/2019 08:48:06 AM 0calculated SE d_u'w'_dp, shape = (1, 12, 1, 1, 40, 64, 1)
10/01/2019 08:48:11 AM 0calculated all vs
10/01/2019 08:48:11 AM 0Saved momentum budget dictionary
10/01/2019 08:48:16 AM 0calculated all v1 s
10/01/2019 08:48:21 AM 0Saved v dictionary
10/01/2019 08:49:00 AM 0Calulated MMC flux
10/01/2019 08:49:27 AM 0Calulated MMC sens flux
10/01/2019 08:49:54 AM 0Calulated MMC potential flux
10/01/2019 08:50:22 AM 0Calulated MMC moist flux
10/01/2019 08:51:01 AM 0Calulated MMC del m mmc flux
10/01/2019 08:51:40 AM 0Calulated MMC del v mmc flux
10/01/2019 08:51:40 AM 0Saved v_MM_MMC dictionary
10/01/2019 08:51:40 AM 0Saved v_MM1_MMC dictionary
10/01/2019 08:51:40 AM 0Saved v_TE_MMC dictionary
10/01/2019 08:51:40 AM 0Saved v_TE1_MMC dictionary
10/01/2019 08:51:40 AM 0Saved v_SE_MMC dictionary
10/01/2019 08:51:40 AM 0Saved v_SE1_MMC dictionary
10/01/2019 08:51:40 AM 0Saved v_net_MMC dictionary
10/01/2019 08:51:40 AM 0Saved v_net1_MMC dictionary
10/01/2019 08:51:40 AM 0Saved v_MMC dictionary
10/01/2019 08:51:41 AM loaded MMC decomposed dictionary
10/01/2019 08:51:41 AM loaded vs decomposed dictionary
10/01/2019 08:51:41 AM loaded momentum budget dictionary
10/01/2019 08:51:41 AM Time taken --> 772.503580809
10/01/2019 08:51:41 AM Awesome! complete!
10/01/2019 08:51:41 AM -------------------------------
10/01/2019 08:51:48 AM destination folder created !
10/01/2019 08:51:48 AM ....Extract ncfile save MSE and momentum fluxes and radiation....1 averaged over 30
10/01/2019 08:51:48 AM imported nc file
10/01/2019 08:52:42 AM imported coordinates
10/01/2019 08:54:12 AM imported pressure
10/01/2019 08:54:59 AM saved temp
10/01/2019 08:55:45 AM saved v_comp
10/01/2019 08:56:29 AM saved u_comp
10/01/2019 08:57:14 AM saved omega
10/01/2019 08:58:01 AM saved Z
10/01/2019 08:58:45 AM saved q
10/01/2019 08:58:48 AM calculated KE
10/01/2019 08:58:53 AM calculated MSE fluxes
10/01/2019 08:58:53 AM loaded coordinates dictionary
10/01/2019 08:59:19 AM 1calculated zeta
10/01/2019 08:59:26 AM 1calculated dudt, shape = (1, 12, 1, 1, 40, 64, 1)
10/01/2019 08:59:36 AM 1calculated w_dudp, shape = (1, 12, 1, 1, 40, 64, 1)
10/01/2019 08:59:59 AM 1calculated zeta_v, shape = (1, 12, 1, 1, 40, 64, 1)
10/01/2019 09:00:16 AM 1calculated div TE EMF, shape = (1, 12, 1, 1, 40, 64, 1)
10/01/2019 09:00:42 AM 1calculated TE d_u'w'_dp, shape = (1, 12, 1, 1, 40, 64, 1)
10/01/2019 09:01:03 AM 1calculated div SE EMF, shape = (1, 12, 1, 1, 40, 64, 1)
10/01/2019 09:01:29 AM 1calculated SE d_u'w'_dp, shape = (1, 12, 1, 1, 40, 64, 1)
10/01/2019 09:01:34 AM 1calculated all vs
10/01/2019 09:01:34 AM 1Saved momentum budget dictionary
10/01/2019 09:01:38 AM 1calculated all v1 s
10/01/2019 09:01:43 AM 1Saved v dictionary
10/01/2019 09:02:22 AM 1Calulated MMC flux
10/01/2019 09:02:50 AM 1Calulated MMC sens flux
10/01/2019 09:03:18 AM 1Calulated MMC potential flux
10/01/2019 09:03:45 AM 1Calulated MMC moist flux
10/01/2019 09:04:25 AM 1Calulated MMC del m mmc flux
10/01/2019 09:05:04 AM 1Calulated MMC del v mmc flux
10/01/2019 09:05:04 AM 1Saved v_MM_MMC dictionary
10/01/2019 09:05:04 AM 1Saved v_MM1_MMC dictionary
10/01/2019 09:05:04 AM 1Saved v_TE_MMC dictionary
10/01/2019 09:05:04 AM 1Saved v_TE1_MMC dictionary
10/01/2019 09:05:04 AM 1Saved v_SE_MMC dictionary
10/01/2019 09:05:04 AM 1Saved v_SE1_MMC dictionary
10/01/2019 09:05:04 AM 1Saved v_net_MMC dictionary
10/01/2019 09:05:04 AM 1Saved v_net1_MMC dictionary
10/01/2019 09:05:04 AM 1Saved v_MMC dictionary
10/01/2019 09:05:04 AM loaded MMC decomposed dictionary
10/01/2019 09:05:04 AM loaded vs decomposed dictionary
10/01/2019 09:05:04 AM loaded momentum budget dictionary
10/01/2019 09:05:04 AM Time taken --> 798.690932989
10/01/2019 09:05:04 AM Awesome! complete!
10/01/2019 09:05:04 AM -------------------------------
10/01/2019 09:05:09 AM destination folder created !
10/01/2019 09:05:09 AM ....Extract ncfile save MSE and momentum fluxes and radiation....2 averaged over 30
10/01/2019 09:05:09 AM imported nc file
10/01/2019 09:06:02 AM imported coordinates
10/01/2019 09:07:31 AM imported pressure
10/01/2019 09:08:15 AM saved temp
10/01/2019 09:08:59 AM saved v_comp
10/01/2019 09:09:41 AM saved u_comp
10/01/2019 09:10:24 AM saved omega
10/01/2019 09:11:07 AM saved Z
10/01/2019 09:11:51 AM saved q
10/01/2019 09:11:54 AM calculated KE
10/01/2019 09:11:59 AM calculated MSE fluxes
10/01/2019 09:11:59 AM loaded coordinates dictionary
10/01/2019 09:12:24 AM 2calculated zeta
10/01/2019 09:12:31 AM 2calculated dudt, shape = (1, 12, 1, 1, 40, 64, 1)
10/01/2019 09:12:41 AM 2calculated w_dudp, shape = (1, 12, 1, 1, 40, 64, 1)
10/01/2019 09:13:05 AM 2calculated zeta_v, shape = (1, 12, 1, 1, 40, 64, 1)
10/01/2019 09:13:22 AM 2calculated div TE EMF, shape = (1, 12, 1, 1, 40, 64, 1)
10/01/2019 09:13:47 AM 2calculated TE d_u'w'_dp, shape = (1, 12, 1, 1, 40, 64, 1)
10/01/2019 09:14:09 AM 2calculated div SE EMF, shape = (1, 12, 1, 1, 40, 64, 1)
10/01/2019 09:14:35 AM 2calculated SE d_u'w'_dp, shape = (1, 12, 1, 1, 40, 64, 1)
10/01/2019 09:14:40 AM 2calculated all vs
10/01/2019 09:14:40 AM 2Saved momentum budget dictionary
10/01/2019 09:14:44 AM 2calculated all v1 s
10/01/2019 09:14:49 AM 2Saved v dictionary
10/01/2019 09:15:28 AM 2Calulated MMC flux
10/01/2019 09:15:56 AM 2Calulated MMC sens flux
10/01/2019 09:16:25 AM 2Calulated MMC potential flux
10/01/2019 09:16:54 AM 2Calulated MMC moist flux
10/01/2019 09:17:35 AM 2Calulated MMC del m mmc flux
10/01/2019 09:18:17 AM 2Calulated MMC del v mmc flux
10/01/2019 09:18:17 AM 2Saved v_MM_MMC dictionary
10/01/2019 09:18:17 AM 2Saved v_MM1_MMC dictionary
10/01/2019 09:18:17 AM 2Saved v_TE_MMC dictionary
10/01/2019 09:18:17 AM 2Saved v_TE1_MMC dictionary
10/01/2019 09:18:17 AM 2Saved v_SE_MMC dictionary
10/01/2019 09:18:17 AM 2Saved v_SE1_MMC dictionary
10/01/2019 09:18:17 AM 2Saved v_net_MMC dictionary
10/01/2019 09:18:17 AM 2Saved v_net1_MMC dictionary
10/01/2019 09:18:17 AM 2Saved v_MMC dictionary
10/01/2019 09:18:17 AM loaded MMC decomposed dictionary
10/01/2019 09:18:17 AM loaded vs decomposed dictionary
10/01/2019 09:18:17 AM loaded momentum budget dictionary
10/01/2019 09:18:17 AM Time taken --> 789.802356005
10/01/2019 09:18:17 AM Awesome! complete!
10/01/2019 09:18:17 AM -------------------------------
10/01/2019 09:18:22 AM destination folder created !
10/01/2019 09:18:22 AM ....Extract ncfile save MSE and momentum fluxes and radiation....3 averaged over 30
10/01/2019 09:18:22 AM imported nc file
10/01/2019 09:19:14 AM imported coordinates
10/01/2019 09:20:44 AM imported pressure
10/01/2019 09:21:29 AM saved temp
10/01/2019 09:22:15 AM saved v_comp
10/01/2019 09:23:00 AM saved u_comp
10/01/2019 09:23:44 AM saved omega
10/01/2019 09:24:23 AM saved Z
10/01/2019 09:24:59 AM saved q
10/01/2019 09:25:03 AM calculated KE
10/01/2019 09:25:08 AM calculated MSE fluxes
10/01/2019 09:25:08 AM loaded coordinates dictionary
10/01/2019 09:25:33 AM 3calculated zeta
10/01/2019 09:25:40 AM 3calculated dudt, shape = (1, 12, 1, 1, 40, 64, 1)
10/01/2019 09:25:49 AM 3calculated w_dudp, shape = (1, 12, 1, 1, 40, 64, 1)
10/01/2019 09:26:13 AM 3calculated zeta_v, shape = (1, 12, 1, 1, 40, 64, 1)
10/01/2019 09:26:31 AM 3calculated div TE EMF, shape = (1, 12, 1, 1, 40, 64, 1)
10/01/2019 09:26:56 AM 3calculated TE d_u'w'_dp, shape = (1, 12, 1, 1, 40, 64, 1)
10/01/2019 09:27:18 AM 3calculated div SE EMF, shape = (1, 12, 1, 1, 40, 64, 1)
10/01/2019 09:27:44 AM 3calculated SE d_u'w'_dp, shape = (1, 12, 1, 1, 40, 64, 1)
10/01/2019 09:27:49 AM 3calculated all vs
10/01/2019 09:27:49 AM 3Saved momentum budget dictionary
10/01/2019 09:27:54 AM 3calculated all v1 s
10/01/2019 09:27:59 AM 3Saved v dictionary
10/01/2019 09:28:38 AM 3Calulated MMC flux
10/01/2019 09:29:05 AM 3Calulated MMC sens flux
10/01/2019 09:29:32 AM 3Calulated MMC potential flux
10/01/2019 09:30:00 AM 3Calulated MMC moist flux
10/01/2019 09:30:39 AM 3Calulated MMC del m mmc flux
10/01/2019 09:31:19 AM 3Calulated MMC del v mmc flux
10/01/2019 09:31:19 AM 3Saved v_MM_MMC dictionary
10/01/2019 09:31:19 AM 3Saved v_MM1_MMC dictionary
10/01/2019 09:31:19 AM 3Saved v_TE_MMC dictionary
10/01/2019 09:31:19 AM 3Saved v_TE1_MMC dictionary
10/01/2019 09:31:19 AM 3Saved v_SE_MMC dictionary
10/01/2019 09:31:19 AM 3Saved v_SE1_MMC dictionary
10/01/2019 09:31:19 AM 3Saved v_net_MMC dictionary
10/01/2019 09:31:19 AM 3Saved v_net1_MMC dictionary
10/01/2019 09:31:19 AM 3Saved v_MMC dictionary
10/01/2019 09:31:19 AM loaded MMC decomposed dictionary
10/01/2019 09:31:19 AM loaded vs decomposed dictionary
10/01/2019 09:31:19 AM loaded momentum budget dictionary
10/01/2019 09:31:19 AM Time taken --> 779.024097919
10/01/2019 09:31:19 AM Awesome! complete!
10/01/2019 09:31:19 AM -------------------------------
10/01/2019 09:31:23 AM destination folder created !
10/01/2019 09:31:23 AM ....Extract ncfile save MSE and momentum fluxes and radiation....4 averaged over 30
10/01/2019 09:31:23 AM imported nc file
10/01/2019 09:32:17 AM imported coordinates
10/01/2019 09:33:48 AM imported pressure
10/01/2019 09:34:33 AM saved temp
10/01/2019 09:35:17 AM saved v_comp
10/01/2019 09:36:02 AM saved u_comp
10/01/2019 09:36:47 AM saved omega
10/01/2019 09:37:30 AM saved Z
10/01/2019 09:38:14 AM saved q
10/01/2019 09:38:17 AM calculated KE
10/01/2019 09:38:22 AM calculated MSE fluxes
10/01/2019 09:38:22 AM loaded coordinates dictionary
10/01/2019 09:38:47 AM 4calculated zeta
10/01/2019 09:38:54 AM 4calculated dudt, shape = (1, 12, 1, 1, 40, 64, 1)
10/01/2019 09:39:04 AM 4calculated w_dudp, shape = (1, 12, 1, 1, 40, 64, 1)
10/01/2019 09:39:28 AM 4calculated zeta_v, shape = (1, 12, 1, 1, 40, 64, 1)
10/01/2019 09:39:45 AM 4calculated div TE EMF, shape = (1, 12, 1, 1, 40, 64, 1)
10/01/2019 09:40:11 AM 4calculated TE d_u'w'_dp, shape = (1, 12, 1, 1, 40, 64, 1)
10/01/2019 09:40:32 AM 4calculated div SE EMF, shape = (1, 12, 1, 1, 40, 64, 1)
10/01/2019 09:40:59 AM 4calculated SE d_u'w'_dp, shape = (1, 12, 1, 1, 40, 64, 1)
10/01/2019 09:41:04 AM 4calculated all vs
10/01/2019 09:41:04 AM 4Saved momentum budget dictionary
10/01/2019 09:41:09 AM 4calculated all v1 s
10/01/2019 09:41:13 AM 4Saved v dictionary
10/01/2019 09:41:53 AM 4Calulated MMC flux
10/01/2019 09:42:20 AM 4Calulated MMC sens flux
10/01/2019 09:42:47 AM 4Calulated MMC potential flux
10/01/2019 09:43:15 AM 4Calulated MMC moist flux
10/01/2019 09:43:54 AM 4Calulated MMC del m mmc flux
10/01/2019 09:44:33 AM 4Calulated MMC del v mmc flux
10/01/2019 09:44:33 AM 4Saved v_MM_MMC dictionary
10/01/2019 09:44:33 AM 4Saved v_MM1_MMC dictionary
10/01/2019 09:44:33 AM 4Saved v_TE_MMC dictionary
10/01/2019 09:44:33 AM 4Saved v_TE1_MMC dictionary
10/01/2019 09:44:33 AM 4Saved v_SE_MMC dictionary
10/01/2019 09:44:33 AM 4Saved v_SE1_MMC dictionary
10/01/2019 09:44:33 AM 4Saved v_net_MMC dictionary
10/01/2019 09:44:33 AM 4Saved v_net1_MMC dictionary
10/01/2019 09:44:33 AM 4Saved v_MMC dictionary
10/01/2019 09:44:33 AM loaded MMC decomposed dictionary
10/01/2019 09:44:33 AM loaded vs decomposed dictionary
10/01/2019 09:44:33 AM loaded momentum budget dictionary
10/01/2019 09:44:33 AM Time taken --> 791.569368124
10/01/2019 09:44:33 AM Awesome! complete!
10/01/2019 09:44:33 AM -------------------------------
10/01/2019 09:44:38 AM destination folder created !
10/01/2019 09:44:38 AM ....Extract ncfile save MSE and momentum fluxes and radiation....5 averaged over 30
10/01/2019 09:44:38 AM imported nc file
10/01/2019 09:45:37 AM imported coordinates
10/01/2019 09:47:12 AM imported pressure
10/01/2019 09:47:58 AM saved temp
10/01/2019 09:48:46 AM saved v_comp
10/01/2019 09:49:33 AM saved u_comp
10/01/2019 09:50:19 AM saved omega
10/01/2019 09:51:03 AM saved Z
10/01/2019 09:51:48 AM saved q
10/01/2019 09:51:52 AM calculated KE
10/01/2019 09:51:57 AM calculated MSE fluxes
10/01/2019 09:51:57 AM loaded coordinates dictionary
10/01/2019 09:52:22 AM 5calculated zeta
10/01/2019 09:52:29 AM 5calculated dudt, shape = (1, 12, 1, 1, 40, 64, 1)
10/01/2019 09:52:38 AM 5calculated w_dudp, shape = (1, 12, 1, 1, 40, 64, 1)
10/01/2019 09:53:02 AM 5calculated zeta_v, shape = (1, 12, 1, 1, 40, 64, 1)
10/01/2019 09:53:20 AM 5calculated div TE EMF, shape = (1, 12, 1, 1, 40, 64, 1)
10/01/2019 09:53:45 AM 5calculated TE d_u'w'_dp, shape = (1, 12, 1, 1, 40, 64, 1)
10/01/2019 09:54:06 AM 5calculated div SE EMF, shape = (1, 12, 1, 1, 40, 64, 1)
10/01/2019 09:54:33 AM 5calculated SE d_u'w'_dp, shape = (1, 12, 1, 1, 40, 64, 1)
10/01/2019 09:54:38 AM 5calculated all vs
10/01/2019 09:54:38 AM 5Saved momentum budget dictionary
10/01/2019 09:54:42 AM 5calculated all v1 s
10/01/2019 09:54:47 AM 5Saved v dictionary
10/01/2019 09:55:26 AM 5Calulated MMC flux
10/01/2019 09:55:54 AM 5Calulated MMC sens flux
10/01/2019 09:56:21 AM 5Calulated MMC potential flux
10/01/2019 09:56:49 AM 5Calulated MMC moist flux
10/01/2019 09:57:28 AM 5Calulated MMC del m mmc flux
10/01/2019 09:58:08 AM 5Calulated MMC del v mmc flux
10/01/2019 09:58:08 AM 5Saved v_MM_MMC dictionary
10/01/2019 09:58:08 AM 5Saved v_MM1_MMC dictionary
10/01/2019 09:58:08 AM 5Saved v_TE_MMC dictionary
10/01/2019 09:58:08 AM 5Saved v_TE1_MMC dictionary
10/01/2019 09:58:08 AM 5Saved v_SE_MMC dictionary
10/01/2019 09:58:08 AM 5Saved v_SE1_MMC dictionary
10/01/2019 09:58:08 AM 5Saved v_net_MMC dictionary
10/01/2019 09:58:08 AM 5Saved v_net1_MMC dictionary
10/01/2019 09:58:08 AM 5Saved v_MMC dictionary
10/01/2019 09:58:08 AM loaded MMC decomposed dictionary
10/01/2019 09:58:08 AM loaded vs decomposed dictionary
10/01/2019 09:58:08 AM loaded momentum budget dictionary
10/01/2019 09:58:08 AM Time taken --> 811.729973078
10/01/2019 09:58:08 AM Awesome! complete!
10/01/2019 09:58:08 AM -------------------------------
10/01/2019 09:58:13 AM destination folder created !
10/01/2019 09:58:13 AM ....Extract ncfile save MSE and momentum fluxes and radiation....6 averaged over 30
10/01/2019 09:58:13 AM imported nc file
10/01/2019 09:59:16 AM imported coordinates
10/01/2019 10:00:45 AM imported pressure
10/01/2019 10:01:30 AM saved temp
10/01/2019 10:02:14 AM saved v_comp
10/01/2019 10:03:02 AM saved u_comp
10/01/2019 10:03:49 AM saved omega
10/01/2019 10:04:36 AM saved Z
10/01/2019 10:05:24 AM saved q
10/01/2019 10:05:28 AM calculated KE
10/01/2019 10:05:32 AM calculated MSE fluxes
10/01/2019 10:05:32 AM loaded coordinates dictionary
10/01/2019 10:05:57 AM 6calculated zeta
10/01/2019 10:06:04 AM 6calculated dudt, shape = (1, 12, 1, 1, 40, 64, 1)
10/01/2019 10:06:14 AM 6calculated w_dudp, shape = (1, 12, 1, 1, 40, 64, 1)
10/01/2019 10:06:38 AM 6calculated zeta_v, shape = (1, 12, 1, 1, 40, 64, 1)
10/01/2019 10:06:55 AM 6calculated div TE EMF, shape = (1, 12, 1, 1, 40, 64, 1)
10/01/2019 10:07:20 AM 6calculated TE d_u'w'_dp, shape = (1, 12, 1, 1, 40, 64, 1)
10/01/2019 10:07:41 AM 6calculated div SE EMF, shape = (1, 12, 1, 1, 40, 64, 1)
10/01/2019 10:08:08 AM 6calculated SE d_u'w'_dp, shape = (1, 12, 1, 1, 40, 64, 1)
10/01/2019 10:08:13 AM 6calculated all vs
10/01/2019 10:08:13 AM 6Saved momentum budget dictionary
10/01/2019 10:08:17 AM 6calculated all v1 s
10/01/2019 10:08:22 AM 6Saved v dictionary
10/01/2019 10:09:01 AM 6Calulated MMC flux
10/01/2019 10:09:29 AM 6Calulated MMC sens flux
10/01/2019 10:09:56 AM 6Calulated MMC potential flux
10/01/2019 10:10:24 AM 6Calulated MMC moist flux
10/01/2019 10:11:03 AM 6Calulated MMC del m mmc flux
10/01/2019 10:11:43 AM 6Calulated MMC del v mmc flux
10/01/2019 10:11:43 AM 6Saved v_MM_MMC dictionary
10/01/2019 10:11:43 AM 6Saved v_MM1_MMC dictionary
10/01/2019 10:11:43 AM 6Saved v_TE_MMC dictionary
10/01/2019 10:11:43 AM 6Saved v_TE1_MMC dictionary
10/01/2019 10:11:43 AM 6Saved v_SE_MMC dictionary
10/01/2019 10:11:43 AM 6Saved v_SE1_MMC dictionary
10/01/2019 10:11:43 AM 6Saved v_net_MMC dictionary
10/01/2019 10:11:43 AM 6Saved v_net1_MMC dictionary
10/01/2019 10:11:43 AM 6Saved v_MMC dictionary
10/01/2019 10:11:43 AM loaded MMC decomposed dictionary
10/01/2019 10:11:43 AM loaded vs decomposed dictionary
10/01/2019 10:11:43 AM loaded momentum budget dictionary
10/01/2019 10:11:43 AM Time taken --> 812.070959091
10/01/2019 10:11:43 AM Awesome! complete!
10/01/2019 10:11:43 AM -------------------------------
10/01/2019 10:11:48 AM destination folder created !
10/01/2019 10:11:48 AM ....Extract ncfile save MSE and momentum fluxes and radiation....7 averaged over 30
10/01/2019 10:11:48 AM imported nc file
10/01/2019 10:12:52 AM imported coordinates
10/01/2019 10:14:24 AM imported pressure
10/01/2019 10:15:10 AM saved temp
10/01/2019 10:15:55 AM saved v_comp
10/01/2019 10:16:43 AM saved u_comp
10/01/2019 10:17:30 AM saved omega
10/01/2019 10:18:18 AM saved Z
10/01/2019 10:19:04 AM saved q
10/01/2019 10:19:08 AM calculated KE
10/01/2019 10:19:12 AM calculated MSE fluxes
10/01/2019 10:19:12 AM loaded coordinates dictionary
10/01/2019 10:19:38 AM 7calculated zeta
10/01/2019 10:19:45 AM 7calculated dudt, shape = (1, 12, 1, 1, 40, 64, 1)
10/01/2019 10:19:55 AM 7calculated w_dudp, shape = (1, 12, 1, 1, 40, 64, 1)
10/01/2019 10:20:18 AM 7calculated zeta_v, shape = (1, 12, 1, 1, 40, 64, 1)
10/01/2019 10:20:35 AM 7calculated div TE EMF, shape = (1, 12, 1, 1, 40, 64, 1)
10/01/2019 10:21:00 AM 7calculated TE d_u'w'_dp, shape = (1, 12, 1, 1, 40, 64, 1)
10/01/2019 10:21:20 AM 7calculated div SE EMF, shape = (1, 12, 1, 1, 40, 64, 1)
10/01/2019 10:21:47 AM 7calculated SE d_u'w'_dp, shape = (1, 12, 1, 1, 40, 64, 1)
10/01/2019 10:21:52 AM 7calculated all vs
10/01/2019 10:21:52 AM 7Saved momentum budget dictionary
10/01/2019 10:21:57 AM 7calculated all v1 s
10/01/2019 10:22:01 AM 7Saved v dictionary
10/01/2019 10:22:40 AM 7Calulated MMC flux
10/01/2019 10:23:08 AM 7Calulated MMC sens flux
10/01/2019 10:23:35 AM 7Calulated MMC potential flux
10/01/2019 10:24:02 AM 7Calulated MMC moist flux
10/01/2019 10:24:41 AM 7Calulated MMC del m mmc flux
10/01/2019 10:25:20 AM 7Calulated MMC del v mmc flux
10/01/2019 10:25:20 AM 7Saved v_MM_MMC dictionary
10/01/2019 10:25:20 AM 7Saved v_MM1_MMC dictionary
10/01/2019 10:25:20 AM 7Saved v_TE_MMC dictionary
10/01/2019 10:25:20 AM 7Saved v_TE1_MMC dictionary
10/01/2019 10:25:20 AM 7Saved v_SE_MMC dictionary
10/01/2019 10:25:20 AM 7Saved v_SE1_MMC dictionary
10/01/2019 10:25:20 AM 7Saved v_net_MMC dictionary
10/01/2019 10:25:20 AM 7Saved v_net1_MMC dictionary
10/01/2019 10:25:20 AM 7Saved v_MMC dictionary
10/01/2019 10:25:20 AM loaded MMC decomposed dictionary
10/01/2019 10:25:20 AM loaded vs decomposed dictionary
10/01/2019 10:25:20 AM loaded momentum budget dictionary
10/01/2019 10:25:20 AM Time taken --> 814.120978117
10/01/2019 10:25:20 AM Awesome! complete!
10/01/2019 10:25:20 AM -------------------------------
10/01/2019 10:25:25 AM destination folder created !
10/01/2019 10:25:25 AM ....Extract ncfile save MSE and momentum fluxes and radiation....8 averaged over 30
10/01/2019 10:25:25 AM imported nc file
10/01/2019 10:26:14 AM imported coordinates
10/01/2019 10:27:41 AM imported pressure
10/01/2019 10:28:25 AM saved temp
10/01/2019 10:29:11 AM saved v_comp
10/01/2019 10:29:55 AM saved u_comp
10/01/2019 10:30:40 AM saved omega
10/01/2019 10:31:25 AM saved Z
10/01/2019 10:32:08 AM saved q
10/01/2019 10:32:11 AM calculated KE
10/01/2019 10:32:16 AM calculated MSE fluxes
10/01/2019 10:32:16 AM loaded coordinates dictionary
10/01/2019 10:32:41 AM 8calculated zeta
10/01/2019 10:32:48 AM 8calculated dudt, shape = (1, 12, 1, 1, 40, 64, 1)
10/01/2019 10:32:58 AM 8calculated w_dudp, shape = (1, 12, 1, 1, 40, 64, 1)
10/01/2019 10:33:21 AM 8calculated zeta_v, shape = (1, 12, 1, 1, 40, 64, 1)
10/01/2019 10:33:39 AM 8calculated div TE EMF, shape = (1, 12, 1, 1, 40, 64, 1)
10/01/2019 10:34:04 AM 8calculated TE d_u'w'_dp, shape = (1, 12, 1, 1, 40, 64, 1)
10/01/2019 10:34:25 AM 8calculated div SE EMF, shape = (1, 12, 1, 1, 40, 64, 1)
10/01/2019 10:34:51 AM 8calculated SE d_u'w'_dp, shape = (1, 12, 1, 1, 40, 64, 1)
10/01/2019 10:34:56 AM 8calculated all vs
10/01/2019 10:34:56 AM 8Saved momentum budget dictionary
10/01/2019 10:35:01 AM 8calculated all v1 s
10/01/2019 10:35:05 AM 8Saved v dictionary
10/01/2019 10:35:44 AM 8Calulated MMC flux
10/01/2019 10:36:12 AM 8Calulated MMC sens flux
10/01/2019 10:36:39 AM 8Calulated MMC potential flux
10/01/2019 10:37:07 AM 8Calulated MMC moist flux
10/01/2019 10:37:46 AM 8Calulated MMC del m mmc flux
10/01/2019 10:38:25 AM 8Calulated MMC del v mmc flux
10/01/2019 10:38:25 AM 8Saved v_MM_MMC dictionary
10/01/2019 10:38:25 AM 8Saved v_MM1_MMC dictionary
10/01/2019 10:38:25 AM 8Saved v_TE_MMC dictionary
10/01/2019 10:38:25 AM 8Saved v_TE1_MMC dictionary
10/01/2019 10:38:25 AM 8Saved v_SE_MMC dictionary
10/01/2019 10:38:25 AM 8Saved v_SE1_MMC dictionary
10/01/2019 10:38:25 AM 8Saved v_net_MMC dictionary
10/01/2019 10:38:25 AM 8Saved v_net1_MMC dictionary
10/01/2019 10:38:25 AM 8Saved v_MMC dictionary
10/01/2019 10:38:25 AM loaded MMC decomposed dictionary
10/01/2019 10:38:25 AM loaded vs decomposed dictionary
10/01/2019 10:38:25 AM loaded momentum budget dictionary
10/01/2019 10:38:25 AM Time taken --> 782.469254971
10/01/2019 10:38:25 AM Awesome! complete!
10/01/2019 10:38:25 AM -------------------------------
10/01/2019 10:38:30 AM destination folder created !
10/01/2019 10:38:30 AM ....Extract ncfile save MSE and momentum fluxes and radiation....9 averaged over 30
10/01/2019 10:38:30 AM imported nc file
10/01/2019 10:39:37 AM imported coordinates
10/01/2019 10:41:13 AM imported pressure
10/01/2019 10:41:59 AM saved temp
10/01/2019 10:42:43 AM saved v_comp
10/01/2019 10:43:26 AM saved u_comp
10/01/2019 10:44:10 AM saved omega
10/01/2019 10:44:53 AM saved Z
10/01/2019 10:45:37 AM saved q
10/01/2019 10:45:40 AM calculated KE
10/01/2019 10:45:45 AM calculated MSE fluxes
10/01/2019 10:45:45 AM loaded coordinates dictionary
10/01/2019 10:46:10 AM 9calculated zeta
10/01/2019 10:46:17 AM 9calculated dudt, shape = (1, 12, 1, 1, 40, 64, 1)
10/01/2019 10:46:27 AM 9calculated w_dudp, shape = (1, 12, 1, 1, 40, 64, 1)
10/01/2019 10:46:50 AM 9calculated zeta_v, shape = (1, 12, 1, 1, 40, 64, 1)
10/01/2019 10:47:08 AM 9calculated div TE EMF, shape = (1, 12, 1, 1, 40, 64, 1)
10/01/2019 10:47:33 AM 9calculated TE d_u'w'_dp, shape = (1, 12, 1, 1, 40, 64, 1)
10/01/2019 10:47:54 AM 9calculated div SE EMF, shape = (1, 12, 1, 1, 40, 64, 1)
10/01/2019 10:48:20 AM 9calculated SE d_u'w'_dp, shape = (1, 12, 1, 1, 40, 64, 1)
10/01/2019 10:48:25 AM 9calculated all vs
10/01/2019 10:48:25 AM 9Saved momentum budget dictionary
10/01/2019 10:48:30 AM 9calculated all v1 s
10/01/2019 10:48:34 AM 9Saved v dictionary
10/01/2019 10:49:14 AM 9Calulated MMC flux
10/01/2019 10:49:41 AM 9Calulated MMC sens flux
10/01/2019 10:50:09 AM 9Calulated MMC potential flux
10/01/2019 10:50:37 AM 9Calulated MMC moist flux
10/01/2019 10:51:16 AM 9Calulated MMC del m mmc flux
10/01/2019 10:51:55 AM 9Calulated MMC del v mmc flux
10/01/2019 10:51:55 AM 9Saved v_MM_MMC dictionary
10/01/2019 10:51:55 AM 9Saved v_MM1_MMC dictionary
10/01/2019 10:51:55 AM 9Saved v_TE_MMC dictionary
10/01/2019 10:51:55 AM 9Saved v_TE1_MMC dictionary
10/01/2019 10:51:55 AM 9Saved v_SE_MMC dictionary
10/01/2019 10:51:55 AM 9Saved v_SE1_MMC dictionary
10/01/2019 10:51:55 AM 9Saved v_net_MMC dictionary
10/01/2019 10:51:55 AM 9Saved v_net1_MMC dictionary
10/01/2019 10:51:55 AM 9Saved v_MMC dictionary
10/01/2019 10:51:55 AM loaded MMC decomposed dictionary
10/01/2019 10:51:55 AM loaded vs decomposed dictionary
10/01/2019 10:51:55 AM loaded momentum budget dictionary
10/01/2019 10:51:55 AM Time taken --> 807.300004005
10/01/2019 10:51:55 AM Awesome! complete!
10/01/2019 10:51:55 AM -------------------------------
