10/01/2019 08:35:56 AM destination folder created !
10/01/2019 08:35:56 AM ....Extract ncfile save MSE and momentum fluxes and radiation....0 averaged over 30
10/01/2019 08:35:56 AM imported nc file
10/01/2019 08:36:46 AM imported coordinates
10/01/2019 08:38:17 AM imported pressure
10/01/2019 08:39:04 AM saved temp
10/01/2019 08:39:49 AM saved v_comp
10/01/2019 08:40:36 AM saved u_comp
10/01/2019 08:41:23 AM saved omega
10/01/2019 08:42:09 AM saved Z
10/01/2019 08:42:46 AM saved q
10/01/2019 08:43:18 AM saved EKE
10/01/2019 08:43:21 AM calculated KE
10/01/2019 08:43:27 AM calculated MSE fluxes
10/01/2019 08:43:39 AM saved raw data
10/01/2019 08:43:42 AM vertical integartion : MSE fluxes
10/01/2019 08:43:45 AM vertical integration : sensible fluxes
10/01/2019 08:43:49 AM vertical integration : latent fluxes
10/01/2019 08:43:53 AM vertical integration : nc potential fluxes
10/01/2019 08:43:56 AM vertical integration : kinetic energy fluxes
10/01/2019 08:44:00 AM vertical integration : Enthalpy 
10/01/2019 08:45:29 AM saved radiation
10/01/2019 08:45:31 AM saved t_surf
10/01/2019 08:45:33 AM saved flux_oceanq
10/01/2019 08:46:05 AM precipitation
10/01/2019 08:46:06 AM radiation-- I think its right now !
10/01/2019 08:46:07 AM calculated dh_by_dt
10/01/2019 08:46:07 AM loaded coordinates dictionary
10/01/2019 08:46:07 AM loaded MSE_flux dictionary
10/01/2019 08:46:07 AM loaded rad_dic dictionary
10/01/2019 08:46:07 AM successfully saved dictionaries in files
10/01/2019 08:46:07 AM Begins calculating TE, SE and MM fluxes ....
10/01/2019 08:46:20 AM destination folder created !
10/01/2019 08:46:20 AM ....Extract ncfile save MSE and momentum fluxes and radiation....1 averaged over 30
10/01/2019 08:46:20 AM imported nc file
10/01/2019 08:47:07 AM imported coordinates
10/01/2019 08:48:37 AM imported pressure
10/01/2019 08:49:22 AM saved temp
10/01/2019 08:50:07 AM saved v_comp
10/01/2019 08:50:52 AM saved u_comp
10/01/2019 08:51:36 AM saved omega
10/01/2019 08:52:22 AM saved Z
10/01/2019 08:53:06 AM saved q
10/01/2019 08:53:37 AM saved EKE
10/01/2019 08:53:40 AM calculated KE
10/01/2019 08:53:46 AM calculated MSE fluxes
10/01/2019 08:53:58 AM saved raw data
10/01/2019 08:54:01 AM vertical integartion : MSE fluxes
10/01/2019 08:54:04 AM vertical integration : sensible fluxes
10/01/2019 08:54:08 AM vertical integration : latent fluxes
10/01/2019 08:54:12 AM vertical integration : nc potential fluxes
10/01/2019 08:54:16 AM vertical integration : kinetic energy fluxes
10/01/2019 08:54:19 AM vertical integration : Enthalpy 
10/01/2019 08:56:58 AM saved radiation
10/01/2019 08:56:59 AM saved t_surf
10/01/2019 08:57:01 AM saved flux_oceanq
10/01/2019 08:57:36 AM precipitation
10/01/2019 08:57:37 AM radiation-- I think its right now !
10/01/2019 08:57:38 AM calculated dh_by_dt
10/01/2019 08:57:38 AM loaded coordinates dictionary
10/01/2019 08:57:38 AM loaded MSE_flux dictionary
10/01/2019 08:57:38 AM loaded rad_dic dictionary
10/01/2019 08:57:38 AM successfully saved dictionaries in files
10/01/2019 08:57:38 AM Begins calculating TE, SE and MM fluxes ....
10/01/2019 08:57:50 AM destination folder created !
10/01/2019 08:57:50 AM ....Extract ncfile save MSE and momentum fluxes and radiation....2 averaged over 30
10/01/2019 08:57:50 AM imported nc file
10/01/2019 08:58:43 AM imported coordinates
10/01/2019 09:00:10 AM imported pressure
10/01/2019 09:00:51 AM saved temp
10/01/2019 09:01:24 AM saved v_comp
10/01/2019 09:01:55 AM saved u_comp
10/01/2019 09:02:39 AM saved omega
10/01/2019 09:03:23 AM saved Z
10/01/2019 09:04:08 AM saved q
10/01/2019 09:04:37 AM saved EKE
10/01/2019 09:04:41 AM calculated KE
10/01/2019 09:04:47 AM calculated MSE fluxes
10/01/2019 09:04:59 AM saved raw data
10/01/2019 09:05:01 AM vertical integartion : MSE fluxes
10/01/2019 09:05:05 AM vertical integration : sensible fluxes
10/01/2019 09:05:09 AM vertical integration : latent fluxes
10/01/2019 09:05:12 AM vertical integration : nc potential fluxes
10/01/2019 09:05:16 AM vertical integration : kinetic energy fluxes
10/01/2019 09:05:20 AM vertical integration : Enthalpy 
10/01/2019 09:07:45 AM saved radiation
10/01/2019 09:08:07 AM saved t_surf
10/01/2019 09:08:30 AM saved flux_oceanq
10/01/2019 09:09:03 AM precipitation
10/01/2019 09:09:04 AM radiation-- I think its right now !
10/01/2019 09:09:05 AM calculated dh_by_dt
10/01/2019 09:09:05 AM loaded coordinates dictionary
10/01/2019 09:09:05 AM loaded MSE_flux dictionary
10/01/2019 09:09:05 AM loaded rad_dic dictionary
10/01/2019 09:09:05 AM successfully saved dictionaries in files
10/01/2019 09:09:05 AM Begins calculating TE, SE and MM fluxes ....
10/01/2019 09:09:17 AM destination folder created !
10/01/2019 09:09:17 AM ....Extract ncfile save MSE and momentum fluxes and radiation....3 averaged over 30
10/01/2019 09:09:17 AM imported nc file
10/01/2019 09:10:07 AM imported coordinates
10/01/2019 09:11:37 AM imported pressure
10/01/2019 09:12:21 AM saved temp
10/01/2019 09:12:50 AM saved v_comp
10/01/2019 09:13:20 AM saved u_comp
10/01/2019 09:14:05 AM saved omega
10/01/2019 09:14:48 AM saved Z
10/01/2019 09:15:33 AM saved q
10/01/2019 09:16:04 AM saved EKE
10/01/2019 09:16:07 AM calculated KE
10/01/2019 09:16:13 AM calculated MSE fluxes
10/01/2019 09:16:25 AM saved raw data
10/01/2019 09:16:27 AM vertical integartion : MSE fluxes
10/01/2019 09:16:31 AM vertical integration : sensible fluxes
10/01/2019 09:16:34 AM vertical integration : latent fluxes
10/01/2019 09:16:38 AM vertical integration : nc potential fluxes
10/01/2019 09:16:42 AM vertical integration : kinetic energy fluxes
10/01/2019 09:16:45 AM vertical integration : Enthalpy 
10/01/2019 09:16:57 AM saved radiation
10/01/2019 09:16:59 AM saved t_surf
10/01/2019 09:17:01 AM saved flux_oceanq
10/01/2019 09:17:38 AM precipitation
10/01/2019 09:17:39 AM radiation-- I think its right now !
10/01/2019 09:17:40 AM calculated dh_by_dt
10/01/2019 09:17:40 AM loaded coordinates dictionary
10/01/2019 09:17:40 AM loaded MSE_flux dictionary
10/01/2019 09:17:40 AM loaded rad_dic dictionary
10/01/2019 09:17:40 AM successfully saved dictionaries in files
10/01/2019 09:17:40 AM Begins calculating TE, SE and MM fluxes ....
10/01/2019 09:17:53 AM destination folder created !
10/01/2019 09:17:53 AM ....Extract ncfile save MSE and momentum fluxes and radiation....4 averaged over 30
10/01/2019 09:17:53 AM imported nc file
10/01/2019 09:18:46 AM imported coordinates
10/01/2019 09:20:15 AM imported pressure
10/01/2019 09:20:59 AM saved temp
10/01/2019 09:21:45 AM saved v_comp
10/01/2019 09:22:31 AM saved u_comp
10/01/2019 09:23:14 AM saved omega
10/01/2019 09:23:54 AM saved Z
10/01/2019 09:24:30 AM saved q
10/01/2019 09:24:59 AM saved EKE
10/01/2019 09:25:03 AM calculated KE
10/01/2019 09:25:09 AM calculated MSE fluxes
10/01/2019 09:25:20 AM saved raw data
10/01/2019 09:25:23 AM vertical integartion : MSE fluxes
10/01/2019 09:25:27 AM vertical integration : sensible fluxes
10/01/2019 09:25:30 AM vertical integration : latent fluxes
10/01/2019 09:25:34 AM vertical integration : nc potential fluxes
10/01/2019 09:25:38 AM vertical integration : kinetic energy fluxes
10/01/2019 09:25:41 AM vertical integration : Enthalpy 
10/01/2019 09:26:38 AM saved radiation
10/01/2019 09:26:39 AM saved t_surf
10/01/2019 09:26:41 AM saved flux_oceanq
10/01/2019 09:27:14 AM precipitation
10/01/2019 09:27:15 AM radiation-- I think its right now !
10/01/2019 09:27:16 AM calculated dh_by_dt
10/01/2019 09:27:16 AM loaded coordinates dictionary
10/01/2019 09:27:16 AM loaded MSE_flux dictionary
10/01/2019 09:27:16 AM loaded rad_dic dictionary
10/01/2019 09:27:18 AM successfully saved dictionaries in files
10/01/2019 09:27:18 AM Begins calculating TE, SE and MM fluxes ....
10/01/2019 09:27:29 AM destination folder created !
10/01/2019 09:27:29 AM ....Extract ncfile save MSE and momentum fluxes and radiation....5 averaged over 30
10/01/2019 09:27:29 AM imported nc file
10/01/2019 09:28:13 AM imported coordinates
10/01/2019 09:29:40 AM imported pressure
10/01/2019 09:30:26 AM saved temp
10/01/2019 09:31:13 AM saved v_comp
10/01/2019 09:31:59 AM saved u_comp
10/01/2019 09:32:45 AM saved omega
10/01/2019 09:33:30 AM saved Z
10/01/2019 09:34:15 AM saved q
10/01/2019 09:34:45 AM saved EKE
10/01/2019 09:34:48 AM calculated KE
10/01/2019 09:34:54 AM calculated MSE fluxes
10/01/2019 09:35:06 AM saved raw data
10/01/2019 09:35:09 AM vertical integartion : MSE fluxes
10/01/2019 09:35:12 AM vertical integration : sensible fluxes
10/01/2019 09:35:16 AM vertical integration : latent fluxes
10/01/2019 09:35:20 AM vertical integration : nc potential fluxes
10/01/2019 09:35:23 AM vertical integration : kinetic energy fluxes
10/01/2019 09:35:27 AM vertical integration : Enthalpy 
10/01/2019 09:36:24 AM saved radiation
10/01/2019 09:36:25 AM saved t_surf
10/01/2019 09:36:27 AM saved flux_oceanq
10/01/2019 09:36:59 AM precipitation
10/01/2019 09:37:00 AM radiation-- I think its right now !
10/01/2019 09:37:01 AM calculated dh_by_dt
10/01/2019 09:37:01 AM loaded coordinates dictionary
10/01/2019 09:37:01 AM loaded MSE_flux dictionary
10/01/2019 09:37:01 AM loaded rad_dic dictionary
10/01/2019 09:37:03 AM successfully saved dictionaries in files
10/01/2019 09:37:03 AM Begins calculating TE, SE and MM fluxes ....
10/01/2019 09:37:13 AM destination folder created !
10/01/2019 09:37:14 AM ....Extract ncfile save MSE and momentum fluxes and radiation....6 averaged over 30
10/01/2019 09:37:14 AM imported nc file
10/01/2019 09:37:55 AM imported coordinates
10/01/2019 09:39:28 AM imported pressure
10/01/2019 09:40:11 AM saved temp
10/01/2019 09:40:54 AM saved v_comp
10/01/2019 09:41:38 AM saved u_comp
10/01/2019 09:42:23 AM saved omega
10/01/2019 09:43:10 AM saved Z
10/01/2019 09:43:55 AM saved q
10/01/2019 09:44:27 AM saved EKE
10/01/2019 09:44:31 AM calculated KE
10/01/2019 09:44:37 AM calculated MSE fluxes
10/01/2019 09:44:49 AM saved raw data
10/01/2019 09:44:51 AM vertical integartion : MSE fluxes
10/01/2019 09:44:55 AM vertical integration : sensible fluxes
10/01/2019 09:44:59 AM vertical integration : latent fluxes
10/01/2019 09:45:02 AM vertical integration : nc potential fluxes
10/01/2019 09:45:06 AM vertical integration : kinetic energy fluxes
10/01/2019 09:45:10 AM vertical integration : Enthalpy 
10/01/2019 09:47:44 AM saved radiation
10/01/2019 09:48:15 AM saved t_surf
10/01/2019 09:48:52 AM saved flux_oceanq
10/01/2019 09:49:26 AM precipitation
10/01/2019 09:49:28 AM radiation-- I think its right now !
10/01/2019 09:49:28 AM calculated dh_by_dt
10/01/2019 09:49:28 AM loaded coordinates dictionary
10/01/2019 09:49:28 AM loaded MSE_flux dictionary
10/01/2019 09:49:28 AM loaded rad_dic dictionary
10/01/2019 09:49:29 AM successfully saved dictionaries in files
10/01/2019 09:49:29 AM Begins calculating TE, SE and MM fluxes ....
10/01/2019 09:49:43 AM destination folder created !
10/01/2019 09:49:43 AM ....Extract ncfile save MSE and momentum fluxes and radiation....7 averaged over 30
10/01/2019 09:49:43 AM imported nc file
10/01/2019 09:50:49 AM imported coordinates
10/01/2019 09:52:22 AM imported pressure
10/01/2019 09:53:08 AM saved temp
10/01/2019 09:53:52 AM saved v_comp
10/01/2019 09:54:35 AM saved u_comp
10/01/2019 09:55:20 AM saved omega
10/01/2019 09:56:05 AM saved Z
10/01/2019 09:56:50 AM saved q
10/01/2019 09:57:21 AM saved EKE
10/01/2019 09:57:25 AM calculated KE
10/01/2019 09:57:31 AM calculated MSE fluxes
10/01/2019 09:57:42 AM saved raw data
10/01/2019 09:57:45 AM vertical integartion : MSE fluxes
10/01/2019 09:57:49 AM vertical integration : sensible fluxes
10/01/2019 09:57:52 AM vertical integration : latent fluxes
10/01/2019 09:57:56 AM vertical integration : nc potential fluxes
10/01/2019 09:58:00 AM vertical integration : kinetic energy fluxes
10/01/2019 09:58:03 AM vertical integration : Enthalpy 
10/01/2019 09:59:57 AM saved radiation
10/01/2019 09:59:59 AM saved t_surf
10/01/2019 10:00:00 AM saved flux_oceanq
10/01/2019 10:00:33 AM precipitation
10/01/2019 10:00:34 AM radiation-- I think its right now !
10/01/2019 10:00:35 AM calculated dh_by_dt
10/01/2019 10:00:35 AM loaded coordinates dictionary
10/01/2019 10:00:35 AM loaded MSE_flux dictionary
10/01/2019 10:00:35 AM loaded rad_dic dictionary
10/01/2019 10:00:35 AM successfully saved dictionaries in files
10/01/2019 10:00:35 AM Begins calculating TE, SE and MM fluxes ....
10/01/2019 10:00:47 AM destination folder created !
10/01/2019 10:00:47 AM ....Extract ncfile save MSE and momentum fluxes and radiation....8 averaged over 30
10/01/2019 10:00:47 AM imported nc file
10/01/2019 10:01:52 AM imported coordinates
10/01/2019 10:03:28 AM imported pressure
10/01/2019 10:04:18 AM saved temp
10/01/2019 10:05:06 AM saved v_comp
10/01/2019 10:05:53 AM saved u_comp
10/01/2019 10:06:39 AM saved omega
10/01/2019 10:07:28 AM saved Z
10/01/2019 10:08:13 AM saved q
10/01/2019 10:08:44 AM saved EKE
10/01/2019 10:08:47 AM calculated KE
10/01/2019 10:08:53 AM calculated MSE fluxes
10/01/2019 10:09:05 AM saved raw data
10/01/2019 10:09:08 AM vertical integartion : MSE fluxes
10/01/2019 10:09:11 AM vertical integration : sensible fluxes
10/01/2019 10:09:15 AM vertical integration : latent fluxes
10/01/2019 10:09:19 AM vertical integration : nc potential fluxes
10/01/2019 10:09:22 AM vertical integration : kinetic energy fluxes
10/01/2019 10:09:26 AM vertical integration : Enthalpy 
10/01/2019 10:10:25 AM saved radiation
10/01/2019 10:10:27 AM saved t_surf
10/01/2019 10:10:29 AM saved flux_oceanq
10/01/2019 10:11:01 AM precipitation
10/01/2019 10:11:02 AM radiation-- I think its right now !
10/01/2019 10:11:03 AM calculated dh_by_dt
10/01/2019 10:11:03 AM loaded coordinates dictionary
10/01/2019 10:11:03 AM loaded MSE_flux dictionary
10/01/2019 10:11:03 AM loaded rad_dic dictionary
10/01/2019 10:11:04 AM successfully saved dictionaries in files
10/01/2019 10:11:04 AM Begins calculating TE, SE and MM fluxes ....
10/01/2019 10:11:15 AM destination folder created !
10/01/2019 10:11:16 AM ....Extract ncfile save MSE and momentum fluxes and radiation....9 averaged over 30
10/01/2019 10:11:16 AM imported nc file
10/01/2019 10:12:19 AM imported coordinates
10/01/2019 10:13:51 AM imported pressure
10/01/2019 10:14:35 AM saved temp
10/01/2019 10:15:20 AM saved v_comp
10/01/2019 10:16:05 AM saved u_comp
10/01/2019 10:16:53 AM saved omega
10/01/2019 10:17:39 AM saved Z
10/01/2019 10:18:27 AM saved q
10/01/2019 10:19:00 AM saved EKE
10/01/2019 10:19:03 AM calculated KE
10/01/2019 10:19:09 AM calculated MSE fluxes
10/01/2019 10:19:21 AM saved raw data
10/01/2019 10:19:24 AM vertical integartion : MSE fluxes
10/01/2019 10:19:27 AM vertical integration : sensible fluxes
10/01/2019 10:19:31 AM vertical integration : latent fluxes
10/01/2019 10:19:35 AM vertical integration : nc potential fluxes
10/01/2019 10:19:38 AM vertical integration : kinetic energy fluxes
10/01/2019 10:19:42 AM vertical integration : Enthalpy 
10/01/2019 10:23:01 AM saved radiation
10/01/2019 10:23:32 AM saved t_surf
10/01/2019 10:24:07 AM saved flux_oceanq
10/01/2019 10:24:39 AM precipitation
10/01/2019 10:24:41 AM radiation-- I think its right now !
10/01/2019 10:24:41 AM calculated dh_by_dt
10/01/2019 10:24:41 AM loaded coordinates dictionary
10/01/2019 10:24:41 AM loaded MSE_flux dictionary
10/01/2019 10:24:41 AM loaded rad_dic dictionary
10/01/2019 10:24:42 AM successfully saved dictionaries in files
10/01/2019 10:24:42 AM Begins calculating TE, SE and MM fluxes ....
10/01/2019 03:57:15 PM ....Extract ncfile save MSE and momentum fluxes and radiation....0 averaged over 30
10/01/2019 03:57:15 PM imported nc file
10/01/2019 03:58:24 PM imported coordinates
10/01/2019 04:00:02 PM imported pressure
10/01/2019 04:00:50 PM saved temp
10/01/2019 04:01:38 PM saved v_comp
10/01/2019 04:02:23 PM saved u_comp
10/01/2019 04:03:09 PM saved omega
10/01/2019 04:03:52 PM saved Z
10/01/2019 04:04:28 PM saved q
10/01/2019 04:04:58 PM saved EKE
10/01/2019 04:05:01 PM calculated KE
10/01/2019 04:05:07 PM calculated MSE fluxes
10/01/2019 04:05:19 PM saved raw data
10/01/2019 04:05:21 PM vertical integartion : MSE fluxes
10/01/2019 04:05:25 PM vertical integration : sensible fluxes
10/01/2019 04:05:28 PM vertical integration : latent fluxes
10/01/2019 04:05:32 PM vertical integration : nc potential fluxes
10/01/2019 04:05:35 PM vertical integration : kinetic energy fluxes
10/01/2019 04:05:39 PM vertical integration : Enthalpy 
10/01/2019 04:09:11 PM saved radiation
10/01/2019 04:09:23 PM saved t_surf
10/01/2019 04:09:25 PM saved flux_oceanq
10/01/2019 04:10:00 PM precipitation
10/01/2019 04:10:02 PM radiation-- I think its right now !
10/01/2019 04:10:02 PM calculated dh_by_dt
10/01/2019 04:10:02 PM loaded coordinates dictionary
10/01/2019 04:10:02 PM loaded MSE_flux dictionary
10/01/2019 04:10:02 PM loaded rad_dic dictionary
10/01/2019 04:10:03 PM successfully saved dictionaries in files
10/01/2019 04:10:03 PM Begins calculating TE, SE and MM fluxes ....
10/01/2019 04:10:04 PM calculated dh_by_dt dictionary
10/01/2019 04:12:17 PM loaded zonal decomposed fluxes dictionary
10/01/2019 04:12:17 PM loaded zonal decomposed fluxes without vertical avg dictionary
10/01/2019 04:12:17 PM loaded zonal radiation dictionary
10/01/2019 04:12:52 PM loaded MMC_thermo_dynamic dictionary
10/01/2019 04:12:52 PM loaded MMC_thermo_dynamic_vert dictionary
10/01/2019 04:12:52 PM Time taken --> 939.84672308
10/01/2019 04:12:52 PM Awesome! complete!
10/01/2019 04:12:52 PM -------------------------------
10/01/2019 04:12:58 PM ....Extract ncfile save MSE and momentum fluxes and radiation....1 averaged over 30
10/01/2019 04:12:58 PM imported nc file
10/01/2019 04:13:38 PM imported coordinates
10/01/2019 04:15:11 PM imported pressure
10/01/2019 04:16:00 PM saved temp
10/01/2019 04:16:48 PM saved v_comp
10/01/2019 04:17:36 PM saved u_comp
10/01/2019 04:18:21 PM saved omega
10/01/2019 04:19:06 PM saved Z
10/01/2019 04:19:43 PM saved q
10/01/2019 04:20:13 PM saved EKE
10/01/2019 04:20:16 PM calculated KE
10/01/2019 04:20:22 PM calculated MSE fluxes
10/01/2019 04:20:33 PM saved raw data
10/01/2019 04:20:36 PM vertical integartion : MSE fluxes
10/01/2019 04:20:40 PM vertical integration : sensible fluxes
10/01/2019 04:20:43 PM vertical integration : latent fluxes
10/01/2019 04:20:47 PM vertical integration : nc potential fluxes
10/01/2019 04:20:50 PM vertical integration : kinetic energy fluxes
10/01/2019 04:20:54 PM vertical integration : Enthalpy 
10/01/2019 04:21:44 PM saved radiation
10/01/2019 04:21:45 PM saved t_surf
10/01/2019 04:21:47 PM saved flux_oceanq
10/01/2019 04:22:19 PM precipitation
10/01/2019 04:22:20 PM radiation-- I think its right now !
10/01/2019 04:22:21 PM calculated dh_by_dt
10/01/2019 04:22:21 PM loaded coordinates dictionary
10/01/2019 04:22:21 PM loaded MSE_flux dictionary
10/01/2019 04:22:21 PM loaded rad_dic dictionary
10/01/2019 04:22:21 PM successfully saved dictionaries in files
10/01/2019 04:22:21 PM Begins calculating TE, SE and MM fluxes ....
10/01/2019 04:22:23 PM calculated dh_by_dt dictionary
10/01/2019 04:24:35 PM loaded zonal decomposed fluxes dictionary
10/01/2019 04:24:35 PM loaded zonal decomposed fluxes without vertical avg dictionary
10/01/2019 04:24:36 PM loaded zonal radiation dictionary
10/01/2019 04:25:11 PM loaded MMC_thermo_dynamic dictionary
10/01/2019 04:25:11 PM loaded MMC_thermo_dynamic_vert dictionary
10/01/2019 04:25:11 PM Time taken --> 734.808601141
10/01/2019 04:25:11 PM Awesome! complete!
10/01/2019 04:25:11 PM -------------------------------
10/01/2019 04:25:17 PM ....Extract ncfile save MSE and momentum fluxes and radiation....2 averaged over 30
10/01/2019 04:25:17 PM imported nc file
10/01/2019 04:25:50 PM imported coordinates
10/01/2019 04:27:13 PM imported pressure
10/01/2019 04:27:58 PM saved temp
10/01/2019 04:28:45 PM saved v_comp
10/01/2019 04:29:32 PM saved u_comp
10/01/2019 04:30:19 PM saved omega
10/01/2019 04:31:04 PM saved Z
10/01/2019 04:31:44 PM saved q
10/01/2019 04:32:14 PM saved EKE
10/01/2019 04:32:17 PM calculated KE
10/01/2019 04:32:23 PM calculated MSE fluxes
10/01/2019 04:32:34 PM saved raw data
10/01/2019 04:32:37 PM vertical integartion : MSE fluxes
10/01/2019 04:32:40 PM vertical integration : sensible fluxes
10/01/2019 04:32:44 PM vertical integration : latent fluxes
10/01/2019 04:32:48 PM vertical integration : nc potential fluxes
10/01/2019 04:32:51 PM vertical integration : kinetic energy fluxes
10/01/2019 04:32:55 PM vertical integration : Enthalpy 
10/01/2019 04:35:25 PM saved radiation
10/01/2019 04:35:26 PM saved t_surf
10/01/2019 04:35:28 PM saved flux_oceanq
10/01/2019 04:36:00 PM precipitation
10/01/2019 04:36:01 PM radiation-- I think its right now !
10/01/2019 04:36:02 PM calculated dh_by_dt
10/01/2019 04:36:02 PM loaded coordinates dictionary
10/01/2019 04:36:02 PM loaded MSE_flux dictionary
10/01/2019 04:36:02 PM loaded rad_dic dictionary
10/01/2019 04:36:03 PM successfully saved dictionaries in files
10/01/2019 04:36:03 PM Begins calculating TE, SE and MM fluxes ....
10/01/2019 04:36:04 PM calculated dh_by_dt dictionary
10/01/2019 04:38:15 PM loaded zonal decomposed fluxes dictionary
10/01/2019 04:38:15 PM loaded zonal decomposed fluxes without vertical avg dictionary
10/01/2019 04:38:15 PM loaded zonal radiation dictionary
10/01/2019 04:38:50 PM loaded MMC_thermo_dynamic dictionary
10/01/2019 04:38:50 PM loaded MMC_thermo_dynamic_vert dictionary
10/01/2019 04:38:50 PM Time taken --> 815.099554062
10/01/2019 04:38:50 PM Awesome! complete!
10/01/2019 04:38:50 PM -------------------------------
10/01/2019 04:38:55 PM ....Extract ncfile save MSE and momentum fluxes and radiation....3 averaged over 30
10/01/2019 04:38:55 PM imported nc file
10/01/2019 04:40:02 PM imported coordinates
10/01/2019 04:41:37 PM imported pressure
10/01/2019 04:42:23 PM saved temp
10/01/2019 04:43:09 PM saved v_comp
10/01/2019 04:43:57 PM saved u_comp
10/01/2019 04:44:46 PM saved omega
10/01/2019 04:45:34 PM saved Z
10/01/2019 04:46:22 PM saved q
10/01/2019 04:46:55 PM saved EKE
10/01/2019 04:46:58 PM calculated KE
10/01/2019 04:47:04 PM calculated MSE fluxes
10/01/2019 04:47:15 PM saved raw data
10/01/2019 04:47:18 PM vertical integartion : MSE fluxes
10/01/2019 04:47:21 PM vertical integration : sensible fluxes
10/01/2019 04:47:25 PM vertical integration : latent fluxes
10/01/2019 04:47:28 PM vertical integration : nc potential fluxes
10/01/2019 04:47:32 PM vertical integration : kinetic energy fluxes
10/01/2019 04:47:35 PM vertical integration : Enthalpy 
10/01/2019 04:49:31 PM saved radiation
10/01/2019 04:49:32 PM saved t_surf
10/01/2019 04:49:34 PM saved flux_oceanq
10/01/2019 04:50:05 PM precipitation
10/01/2019 04:50:06 PM radiation-- I think its right now !
10/01/2019 04:50:06 PM calculated dh_by_dt
10/01/2019 04:50:06 PM loaded coordinates dictionary
10/01/2019 04:50:06 PM loaded MSE_flux dictionary
10/01/2019 04:50:06 PM loaded rad_dic dictionary
10/01/2019 04:50:07 PM successfully saved dictionaries in files
10/01/2019 04:50:07 PM Begins calculating TE, SE and MM fluxes ....
10/01/2019 04:50:08 PM calculated dh_by_dt dictionary
10/01/2019 04:52:21 PM loaded zonal decomposed fluxes dictionary
10/01/2019 04:52:21 PM loaded zonal decomposed fluxes without vertical avg dictionary
10/01/2019 04:52:21 PM loaded zonal radiation dictionary
10/01/2019 04:52:56 PM loaded MMC_thermo_dynamic dictionary
10/01/2019 04:52:56 PM loaded MMC_thermo_dynamic_vert dictionary
10/01/2019 04:52:56 PM Time taken --> 843.059421062
10/01/2019 04:52:56 PM Awesome! complete!
10/01/2019 04:52:56 PM -------------------------------
10/01/2019 04:53:04 PM ....Extract ncfile save MSE and momentum fluxes and radiation....4 averaged over 30
10/01/2019 04:53:04 PM imported nc file
10/01/2019 04:54:12 PM imported coordinates
10/01/2019 04:55:42 PM imported pressure
10/01/2019 04:56:25 PM saved temp
10/01/2019 04:57:13 PM saved v_comp
10/01/2019 04:58:00 PM saved u_comp
10/01/2019 04:58:48 PM saved omega
10/01/2019 04:59:36 PM saved Z
10/01/2019 05:00:24 PM saved q
10/01/2019 05:00:58 PM saved EKE
10/01/2019 05:01:01 PM calculated KE
10/01/2019 05:01:07 PM calculated MSE fluxes
10/01/2019 05:01:18 PM saved raw data
10/01/2019 05:01:21 PM vertical integartion : MSE fluxes
10/01/2019 05:01:24 PM vertical integration : sensible fluxes
10/01/2019 05:01:28 PM vertical integration : latent fluxes
10/01/2019 05:01:31 PM vertical integration : nc potential fluxes
10/01/2019 05:01:35 PM vertical integration : kinetic energy fluxes
10/01/2019 05:01:38 PM vertical integration : Enthalpy 
10/01/2019 05:04:22 PM saved radiation
10/01/2019 05:04:55 PM saved t_surf
10/01/2019 05:05:18 PM saved flux_oceanq
10/01/2019 05:05:54 PM precipitation
10/01/2019 05:05:55 PM radiation-- I think its right now !
10/01/2019 05:05:56 PM calculated dh_by_dt
10/01/2019 05:05:56 PM loaded coordinates dictionary
10/01/2019 05:05:56 PM loaded MSE_flux dictionary
10/01/2019 05:05:56 PM loaded rad_dic dictionary
10/01/2019 05:05:56 PM successfully saved dictionaries in files
10/01/2019 05:05:56 PM Begins calculating TE, SE and MM fluxes ....
10/01/2019 05:05:58 PM calculated dh_by_dt dictionary
10/01/2019 05:08:09 PM loaded zonal decomposed fluxes dictionary
10/01/2019 05:08:09 PM loaded zonal decomposed fluxes without vertical avg dictionary
10/01/2019 05:08:09 PM loaded zonal radiation dictionary
10/01/2019 05:08:43 PM loaded MMC_thermo_dynamic dictionary
10/01/2019 05:08:43 PM loaded MMC_thermo_dynamic_vert dictionary
10/01/2019 05:08:43 PM Time taken --> 942.410881996
10/01/2019 05:08:43 PM Awesome! complete!
10/01/2019 05:08:43 PM -------------------------------
10/01/2019 05:08:50 PM ....Extract ncfile save MSE and momentum fluxes and radiation....5 averaged over 30
10/01/2019 05:08:50 PM imported nc file
10/01/2019 05:09:49 PM imported coordinates
10/01/2019 05:11:24 PM imported pressure
10/01/2019 05:12:10 PM saved temp
10/01/2019 05:12:54 PM saved v_comp
10/01/2019 05:13:38 PM saved u_comp
10/01/2019 05:14:22 PM saved omega
10/01/2019 05:15:07 PM saved Z
10/01/2019 05:15:52 PM saved q
10/01/2019 05:16:21 PM saved EKE
10/01/2019 05:16:25 PM calculated KE
10/01/2019 05:16:31 PM calculated MSE fluxes
10/01/2019 05:16:42 PM saved raw data
10/01/2019 05:16:45 PM vertical integartion : MSE fluxes
10/01/2019 05:16:48 PM vertical integration : sensible fluxes
10/01/2019 05:16:52 PM vertical integration : latent fluxes
10/01/2019 05:16:55 PM vertical integration : nc potential fluxes
10/01/2019 05:16:59 PM vertical integration : kinetic energy fluxes
10/01/2019 05:17:02 PM vertical integration : Enthalpy 
10/01/2019 05:18:08 PM saved radiation
10/01/2019 05:18:09 PM saved t_surf
10/01/2019 05:18:11 PM saved flux_oceanq
10/01/2019 05:18:44 PM precipitation
10/01/2019 05:18:45 PM radiation-- I think its right now !
10/01/2019 05:18:46 PM calculated dh_by_dt
10/01/2019 05:18:46 PM loaded coordinates dictionary
10/01/2019 05:18:46 PM loaded MSE_flux dictionary
10/01/2019 05:18:46 PM loaded rad_dic dictionary
10/01/2019 05:18:46 PM successfully saved dictionaries in files
10/01/2019 05:18:46 PM Begins calculating TE, SE and MM fluxes ....
10/01/2019 05:18:48 PM calculated dh_by_dt dictionary
10/01/2019 05:20:59 PM loaded zonal decomposed fluxes dictionary
10/01/2019 05:20:59 PM loaded zonal decomposed fluxes without vertical avg dictionary
10/01/2019 05:20:59 PM loaded zonal radiation dictionary
10/01/2019 05:21:34 PM loaded MMC_thermo_dynamic dictionary
10/01/2019 05:21:34 PM loaded MMC_thermo_dynamic_vert dictionary
10/01/2019 05:21:34 PM Time taken --> 767.103443146
10/01/2019 05:21:34 PM Awesome! complete!
10/01/2019 05:21:34 PM -------------------------------
10/01/2019 05:21:43 PM ....Extract ncfile save MSE and momentum fluxes and radiation....6 averaged over 30
10/01/2019 05:21:43 PM imported nc file
10/01/2019 05:22:56 PM imported coordinates
10/01/2019 05:24:36 PM imported pressure
10/01/2019 05:25:27 PM saved temp
10/01/2019 05:26:15 PM saved v_comp
10/01/2019 05:27:04 PM saved u_comp
10/01/2019 05:27:50 PM saved omega
10/01/2019 05:28:35 PM saved Z
10/01/2019 05:29:20 PM saved q
10/01/2019 05:29:50 PM saved EKE
10/01/2019 05:29:53 PM calculated KE
10/01/2019 05:29:59 PM calculated MSE fluxes
10/01/2019 05:30:10 PM saved raw data
10/01/2019 05:30:13 PM vertical integartion : MSE fluxes
10/01/2019 05:30:16 PM vertical integration : sensible fluxes
10/01/2019 05:30:20 PM vertical integration : latent fluxes
10/01/2019 05:30:23 PM vertical integration : nc potential fluxes
10/01/2019 05:30:27 PM vertical integration : kinetic energy fluxes
10/01/2019 05:30:30 PM vertical integration : Enthalpy 
10/01/2019 05:33:42 PM saved radiation
10/01/2019 05:34:14 PM saved t_surf
10/01/2019 05:34:47 PM saved flux_oceanq
10/01/2019 05:35:21 PM precipitation
10/01/2019 05:35:22 PM radiation-- I think its right now !
10/01/2019 05:35:23 PM calculated dh_by_dt
10/01/2019 05:35:23 PM loaded coordinates dictionary
10/01/2019 05:35:23 PM loaded MSE_flux dictionary
10/01/2019 05:35:23 PM loaded rad_dic dictionary
10/01/2019 05:35:23 PM successfully saved dictionaries in files
10/01/2019 05:35:23 PM Begins calculating TE, SE and MM fluxes ....
10/01/2019 05:35:25 PM calculated dh_by_dt dictionary
10/01/2019 05:37:35 PM loaded zonal decomposed fluxes dictionary
10/01/2019 05:37:35 PM loaded zonal decomposed fluxes without vertical avg dictionary
10/01/2019 05:37:35 PM loaded zonal radiation dictionary
10/01/2019 05:38:09 PM loaded MMC_thermo_dynamic dictionary
10/01/2019 05:38:09 PM loaded MMC_thermo_dynamic_vert dictionary
10/01/2019 05:38:09 PM Time taken --> 989.828046083
10/01/2019 05:38:09 PM Awesome! complete!
10/01/2019 05:38:09 PM -------------------------------
10/01/2019 05:38:15 PM ....Extract ncfile save MSE and momentum fluxes and radiation....7 averaged over 30
10/01/2019 05:38:15 PM imported nc file
10/01/2019 05:38:50 PM imported coordinates
10/01/2019 05:40:19 PM imported pressure
10/01/2019 05:41:03 PM saved temp
10/01/2019 05:41:48 PM saved v_comp
10/01/2019 05:42:31 PM saved u_comp
10/01/2019 05:43:15 PM saved omega
10/01/2019 05:43:58 PM saved Z
10/01/2019 05:44:41 PM saved q
10/01/2019 05:45:11 PM saved EKE
10/01/2019 05:45:14 PM calculated KE
10/01/2019 05:45:20 PM calculated MSE fluxes
10/01/2019 05:45:31 PM saved raw data
10/01/2019 05:45:33 PM vertical integartion : MSE fluxes
10/01/2019 05:45:37 PM vertical integration : sensible fluxes
10/01/2019 05:45:40 PM vertical integration : latent fluxes
10/01/2019 05:45:44 PM vertical integration : nc potential fluxes
10/01/2019 05:45:47 PM vertical integration : kinetic energy fluxes
10/01/2019 05:45:51 PM vertical integration : Enthalpy 
10/01/2019 05:46:54 PM saved radiation
10/01/2019 05:46:55 PM saved t_surf
10/01/2019 05:46:57 PM saved flux_oceanq
10/01/2019 05:47:29 PM precipitation
10/01/2019 05:47:30 PM radiation-- I think its right now !
10/01/2019 05:47:31 PM calculated dh_by_dt
10/01/2019 05:47:31 PM loaded coordinates dictionary
10/01/2019 05:47:31 PM loaded MSE_flux dictionary
10/01/2019 05:47:31 PM loaded rad_dic dictionary
10/01/2019 05:47:31 PM successfully saved dictionaries in files
10/01/2019 05:47:31 PM Begins calculating TE, SE and MM fluxes ....
10/01/2019 05:47:33 PM calculated dh_by_dt dictionary
10/01/2019 05:49:42 PM loaded zonal decomposed fluxes dictionary
10/01/2019 05:49:42 PM loaded zonal decomposed fluxes without vertical avg dictionary
10/01/2019 05:49:42 PM loaded zonal radiation dictionary
10/01/2019 05:50:17 PM loaded MMC_thermo_dynamic dictionary
10/01/2019 05:50:17 PM loaded MMC_thermo_dynamic_vert dictionary
10/01/2019 05:50:17 PM Time taken --> 724.241744995
10/01/2019 05:50:17 PM Awesome! complete!
10/01/2019 05:50:17 PM -------------------------------
10/01/2019 05:50:24 PM ....Extract ncfile save MSE and momentum fluxes and radiation....8 averaged over 30
10/01/2019 05:50:24 PM imported nc file
10/01/2019 05:51:25 PM imported coordinates
10/01/2019 05:52:53 PM imported pressure
10/01/2019 05:53:36 PM saved temp
10/01/2019 05:54:21 PM saved v_comp
10/01/2019 05:55:05 PM saved u_comp
10/01/2019 05:55:49 PM saved omega
10/01/2019 05:56:32 PM saved Z
10/01/2019 05:57:15 PM saved q
10/01/2019 05:57:45 PM saved EKE
10/01/2019 05:57:48 PM calculated KE
10/01/2019 05:57:54 PM calculated MSE fluxes
10/01/2019 05:58:05 PM saved raw data
10/01/2019 05:58:08 PM vertical integartion : MSE fluxes
10/01/2019 05:58:11 PM vertical integration : sensible fluxes
10/01/2019 05:58:15 PM vertical integration : latent fluxes
10/01/2019 05:58:18 PM vertical integration : nc potential fluxes
10/01/2019 05:58:22 PM vertical integration : kinetic energy fluxes
10/01/2019 05:58:25 PM vertical integration : Enthalpy 
10/01/2019 05:59:24 PM saved radiation
10/01/2019 05:59:25 PM saved t_surf
10/01/2019 05:59:27 PM saved flux_oceanq
10/01/2019 05:59:58 PM precipitation
10/01/2019 05:59:59 PM radiation-- I think its right now !
10/01/2019 06:00:00 PM calculated dh_by_dt
10/01/2019 06:00:00 PM loaded coordinates dictionary
10/01/2019 06:00:00 PM loaded MSE_flux dictionary
10/01/2019 06:00:00 PM loaded rad_dic dictionary
10/01/2019 06:00:00 PM successfully saved dictionaries in files
10/01/2019 06:00:00 PM Begins calculating TE, SE and MM fluxes ....
10/01/2019 06:00:02 PM calculated dh_by_dt dictionary
10/01/2019 06:02:15 PM loaded zonal decomposed fluxes dictionary
10/01/2019 06:02:15 PM loaded zonal decomposed fluxes without vertical avg dictionary
10/01/2019 06:02:15 PM loaded zonal radiation dictionary
10/01/2019 06:02:51 PM loaded MMC_thermo_dynamic dictionary
10/01/2019 06:02:51 PM loaded MMC_thermo_dynamic_vert dictionary
10/01/2019 06:02:51 PM Time taken --> 749.952301979
10/01/2019 06:02:51 PM Awesome! complete!
10/01/2019 06:02:51 PM -------------------------------
10/01/2019 06:02:56 PM ....Extract ncfile save MSE and momentum fluxes and radiation....9 averaged over 30
10/01/2019 06:02:56 PM imported nc file
10/01/2019 06:04:01 PM imported coordinates
10/01/2019 06:05:32 PM imported pressure
10/01/2019 06:06:18 PM saved temp
10/01/2019 06:07:02 PM saved v_comp
10/01/2019 06:07:47 PM saved u_comp
10/01/2019 06:08:32 PM saved omega
10/01/2019 06:09:16 PM saved Z
10/01/2019 06:10:02 PM saved q
10/01/2019 06:10:33 PM saved EKE
10/01/2019 06:10:36 PM calculated KE
10/01/2019 06:10:42 PM calculated MSE fluxes
10/01/2019 06:10:54 PM saved raw data
10/01/2019 06:10:56 PM vertical integartion : MSE fluxes
10/01/2019 06:11:00 PM vertical integration : sensible fluxes
10/01/2019 06:11:03 PM vertical integration : latent fluxes
10/01/2019 06:11:07 PM vertical integration : nc potential fluxes
10/01/2019 06:11:10 PM vertical integration : kinetic energy fluxes
10/01/2019 06:11:14 PM vertical integration : Enthalpy 
10/01/2019 06:14:30 PM saved radiation
10/01/2019 06:15:02 PM saved t_surf
10/01/2019 06:15:37 PM saved flux_oceanq
10/01/2019 06:16:13 PM precipitation
10/01/2019 06:16:14 PM radiation-- I think its right now !
10/01/2019 06:16:15 PM calculated dh_by_dt
10/01/2019 06:16:15 PM loaded coordinates dictionary
10/01/2019 06:16:15 PM loaded MSE_flux dictionary
10/01/2019 06:16:15 PM loaded rad_dic dictionary
10/01/2019 06:16:16 PM successfully saved dictionaries in files
10/01/2019 06:16:16 PM Begins calculating TE, SE and MM fluxes ....
10/01/2019 06:16:18 PM calculated dh_by_dt dictionary
10/01/2019 06:18:31 PM loaded zonal decomposed fluxes dictionary
10/01/2019 06:18:31 PM loaded zonal decomposed fluxes without vertical avg dictionary
10/01/2019 06:18:31 PM loaded zonal radiation dictionary
10/01/2019 06:19:06 PM loaded MMC_thermo_dynamic dictionary
10/01/2019 06:19:06 PM loaded MMC_thermo_dynamic_vert dictionary
10/01/2019 06:19:06 PM Time taken --> 972.325492859
10/01/2019 06:19:06 PM Awesome! complete!
10/01/2019 06:19:06 PM -------------------------------
