10/01/2019 04:14:49 AM ....Extract ncfile save MSE and momentum fluxes and radiation....0 averaged over 30
10/01/2019 04:14:49 AM imported nc file
10/01/2019 04:15:48 AM imported coordinates
10/01/2019 04:17:12 AM imported pressure
10/01/2019 04:17:55 AM saved temp
10/01/2019 04:18:37 AM saved v_comp
10/01/2019 04:19:19 AM saved u_comp
10/01/2019 04:20:01 AM saved omega
10/01/2019 04:20:41 AM saved Z
10/01/2019 04:21:22 AM saved q
10/01/2019 04:21:50 AM saved EKE
10/01/2019 04:21:54 AM calculated KE
10/01/2019 04:22:00 AM calculated MSE fluxes
10/01/2019 04:22:11 AM saved raw data
10/01/2019 04:22:14 AM vertical integartion : MSE fluxes
10/01/2019 04:22:18 AM vertical integration : sensible fluxes
10/01/2019 04:22:21 AM vertical integration : latent fluxes
10/01/2019 04:22:25 AM vertical integration : nc potential fluxes
10/01/2019 04:22:29 AM vertical integration : kinetic energy fluxes
10/01/2019 04:22:32 AM vertical integration : Enthalpy 
10/01/2019 04:23:20 AM saved radiation
10/01/2019 04:23:22 AM saved t_surf
10/01/2019 04:23:24 AM saved flux_oceanq
10/01/2019 04:23:53 AM precipitation
10/01/2019 04:23:54 AM radiation-- I think its right now !
10/01/2019 04:23:55 AM calculated dh_by_dt
10/01/2019 04:23:55 AM loaded coordinates dictionary
10/01/2019 04:23:55 AM loaded MSE_flux dictionary
10/01/2019 04:23:55 AM loaded rad_dic dictionary
10/01/2019 04:23:56 AM successfully saved dictionaries in files
10/01/2019 04:23:56 AM Begins calculating TE, SE and MM fluxes ....
10/01/2019 04:23:57 AM calculated dh_by_dt dictionary
10/01/2019 04:26:15 AM loaded zonal decomposed fluxes dictionary
10/01/2019 04:26:15 AM loaded zonal decomposed fluxes without vertical avg dictionary
10/01/2019 04:26:15 AM loaded zonal radiation dictionary
10/01/2019 04:26:52 AM loaded MMC_thermo_dynamic dictionary
10/01/2019 04:26:52 AM loaded MMC_thermo_dynamic_vert dictionary
10/01/2019 04:26:52 AM Time taken --> 727.77002883
10/01/2019 04:26:52 AM Awesome! complete!
10/01/2019 04:26:52 AM -------------------------------
10/01/2019 04:27:00 AM ....Extract ncfile save MSE and momentum fluxes and radiation....1 averaged over 30
10/01/2019 04:27:00 AM imported nc file
10/01/2019 04:28:02 AM imported coordinates
10/01/2019 04:29:32 AM imported pressure
10/01/2019 04:30:16 AM saved temp
10/01/2019 04:30:59 AM saved v_comp
10/01/2019 04:31:44 AM saved u_comp
10/01/2019 04:32:27 AM saved omega
10/01/2019 04:33:12 AM saved Z
10/01/2019 04:33:56 AM saved q
10/01/2019 04:34:26 AM saved EKE
10/01/2019 04:34:30 AM calculated KE
10/01/2019 04:34:36 AM calculated MSE fluxes
10/01/2019 04:34:47 AM saved raw data
10/01/2019 04:34:49 AM vertical integartion : MSE fluxes
10/01/2019 04:34:53 AM vertical integration : sensible fluxes
10/01/2019 04:34:57 AM vertical integration : latent fluxes
10/01/2019 04:35:00 AM vertical integration : nc potential fluxes
10/01/2019 04:35:04 AM vertical integration : kinetic energy fluxes
10/01/2019 04:35:07 AM vertical integration : Enthalpy 
10/01/2019 04:36:11 AM saved radiation
10/01/2019 04:36:13 AM saved t_surf
10/01/2019 04:36:15 AM saved flux_oceanq
10/01/2019 04:36:47 AM precipitation
10/01/2019 04:36:48 AM radiation-- I think its right now !
10/01/2019 04:36:49 AM calculated dh_by_dt
10/01/2019 04:36:49 AM loaded coordinates dictionary
10/01/2019 04:36:49 AM loaded MSE_flux dictionary
10/01/2019 04:36:49 AM loaded rad_dic dictionary
10/01/2019 04:36:49 AM successfully saved dictionaries in files
10/01/2019 04:36:49 AM Begins calculating TE, SE and MM fluxes ....
10/01/2019 04:36:50 AM calculated dh_by_dt dictionary
10/01/2019 04:39:05 AM loaded zonal decomposed fluxes dictionary
10/01/2019 04:39:05 AM loaded zonal decomposed fluxes without vertical avg dictionary
10/01/2019 04:39:05 AM loaded zonal radiation dictionary
10/01/2019 04:39:41 AM loaded MMC_thermo_dynamic dictionary
10/01/2019 04:39:41 AM loaded MMC_thermo_dynamic_vert dictionary
10/01/2019 04:39:41 AM Time taken --> 763.730992794
10/01/2019 04:39:41 AM Awesome! complete!
10/01/2019 04:39:41 AM -------------------------------
10/01/2019 04:39:47 AM ....Extract ncfile save MSE and momentum fluxes and radiation....2 averaged over 30
10/01/2019 04:39:47 AM imported nc file
10/01/2019 04:40:24 AM imported coordinates
10/01/2019 04:41:51 AM imported pressure
10/01/2019 04:42:34 AM saved temp
10/01/2019 04:43:18 AM saved v_comp
10/01/2019 04:44:03 AM saved u_comp
10/01/2019 04:44:46 AM saved omega
10/01/2019 04:45:28 AM saved Z
10/01/2019 04:46:12 AM saved q
10/01/2019 04:46:41 AM saved EKE
10/01/2019 04:46:44 AM calculated KE
10/01/2019 04:46:50 AM calculated MSE fluxes
10/01/2019 04:47:02 AM saved raw data
10/01/2019 04:47:04 AM vertical integartion : MSE fluxes
10/01/2019 04:47:08 AM vertical integration : sensible fluxes
10/01/2019 04:47:11 AM vertical integration : latent fluxes
10/01/2019 04:47:15 AM vertical integration : nc potential fluxes
10/01/2019 04:47:19 AM vertical integration : kinetic energy fluxes
10/01/2019 04:47:23 AM vertical integration : Enthalpy 
10/01/2019 04:49:37 AM saved radiation
10/01/2019 04:49:39 AM saved t_surf
10/01/2019 04:49:41 AM saved flux_oceanq
10/01/2019 04:50:13 AM precipitation
10/01/2019 04:50:14 AM radiation-- I think its right now !
10/01/2019 04:50:15 AM calculated dh_by_dt
10/01/2019 04:50:15 AM loaded coordinates dictionary
10/01/2019 04:50:15 AM loaded MSE_flux dictionary
10/01/2019 04:50:15 AM loaded rad_dic dictionary
10/01/2019 04:50:15 AM successfully saved dictionaries in files
10/01/2019 04:50:15 AM Begins calculating TE, SE and MM fluxes ....
10/01/2019 04:50:16 AM calculated dh_by_dt dictionary
10/01/2019 04:52:32 AM loaded zonal decomposed fluxes dictionary
10/01/2019 04:52:32 AM loaded zonal decomposed fluxes without vertical avg dictionary
10/01/2019 04:52:32 AM loaded zonal radiation dictionary
10/01/2019 04:53:08 AM loaded MMC_thermo_dynamic dictionary
10/01/2019 04:53:08 AM loaded MMC_thermo_dynamic_vert dictionary
10/01/2019 04:53:08 AM Time taken --> 804.202445984
10/01/2019 04:53:08 AM Awesome! complete!
10/01/2019 04:53:08 AM -------------------------------
10/01/2019 04:53:15 AM destination folder created !
10/01/2019 04:53:15 AM ....Extract ncfile save MSE and momentum fluxes and radiation....3 averaged over 30
10/01/2019 04:53:15 AM imported nc file
10/01/2019 04:54:16 AM imported coordinates
10/01/2019 04:55:43 AM imported pressure
10/01/2019 04:56:27 AM saved temp
10/01/2019 04:57:12 AM saved v_comp
10/01/2019 04:57:56 AM saved u_comp
10/01/2019 04:58:39 AM saved omega
10/01/2019 04:59:22 AM saved Z
10/01/2019 05:00:07 AM saved q
10/01/2019 05:00:37 AM saved EKE
10/01/2019 05:00:41 AM calculated KE
10/01/2019 05:00:46 AM calculated MSE fluxes
10/01/2019 05:00:58 AM saved raw data
10/01/2019 05:01:00 AM vertical integartion : MSE fluxes
10/01/2019 05:01:04 AM vertical integration : sensible fluxes
10/01/2019 05:01:08 AM vertical integration : latent fluxes
10/01/2019 05:01:11 AM vertical integration : nc potential fluxes
10/01/2019 05:01:15 AM vertical integration : kinetic energy fluxes
10/01/2019 05:01:19 AM vertical integration : Enthalpy 
10/01/2019 05:04:20 AM saved radiation
10/01/2019 05:04:54 AM saved t_surf
10/01/2019 05:05:23 AM saved flux_oceanq
10/01/2019 05:05:55 AM precipitation
10/01/2019 05:05:56 AM radiation-- I think its right now !
10/01/2019 05:05:57 AM calculated dh_by_dt
10/01/2019 05:05:57 AM loaded coordinates dictionary
10/01/2019 05:05:57 AM loaded MSE_flux dictionary
10/01/2019 05:05:57 AM loaded rad_dic dictionary
10/01/2019 05:05:57 AM successfully saved dictionaries in files
10/01/2019 05:05:57 AM Begins calculating TE, SE and MM fluxes ....
10/01/2019 05:05:59 AM calculated dh_by_dt dictionary
10/01/2019 05:08:12 AM loaded zonal decomposed fluxes dictionary
10/01/2019 05:08:12 AM loaded zonal decomposed fluxes without vertical avg dictionary
10/01/2019 05:08:13 AM loaded zonal radiation dictionary
10/01/2019 05:08:48 AM loaded MMC_thermo_dynamic dictionary
10/01/2019 05:08:48 AM loaded MMC_thermo_dynamic_vert dictionary
10/01/2019 05:08:48 AM Time taken --> 935.639409065
10/01/2019 05:08:48 AM Awesome! complete!
10/01/2019 05:08:48 AM -------------------------------
10/01/2019 05:08:54 AM destination folder created !
10/01/2019 05:08:54 AM ....Extract ncfile save MSE and momentum fluxes and radiation....4 averaged over 30
10/01/2019 05:08:54 AM imported nc file
10/01/2019 05:09:29 AM imported coordinates
10/01/2019 05:11:00 AM imported pressure
10/01/2019 05:11:44 AM saved temp
10/01/2019 05:12:29 AM saved v_comp
10/01/2019 05:13:15 AM saved u_comp
10/01/2019 05:14:00 AM saved omega
10/01/2019 05:14:45 AM saved Z
10/01/2019 05:15:28 AM saved q
10/01/2019 05:15:58 AM saved EKE
10/01/2019 05:16:01 AM calculated KE
10/01/2019 05:16:07 AM calculated MSE fluxes
10/01/2019 05:16:18 AM saved raw data
10/01/2019 05:16:21 AM vertical integartion : MSE fluxes
10/01/2019 05:16:24 AM vertical integration : sensible fluxes
10/01/2019 05:16:28 AM vertical integration : latent fluxes
10/01/2019 05:16:31 AM vertical integration : nc potential fluxes
10/01/2019 05:16:35 AM vertical integration : kinetic energy fluxes
10/01/2019 05:16:38 AM vertical integration : Enthalpy 
10/01/2019 05:18:04 AM saved radiation
10/01/2019 05:18:06 AM saved t_surf
10/01/2019 05:18:07 AM saved flux_oceanq
10/01/2019 05:18:39 AM precipitation
10/01/2019 05:18:40 AM radiation-- I think its right now !
10/01/2019 05:18:41 AM calculated dh_by_dt
10/01/2019 05:18:41 AM loaded coordinates dictionary
10/01/2019 05:18:41 AM loaded MSE_flux dictionary
10/01/2019 05:18:41 AM loaded rad_dic dictionary
10/01/2019 05:18:41 AM successfully saved dictionaries in files
10/01/2019 05:18:41 AM Begins calculating TE, SE and MM fluxes ....
10/01/2019 05:18:43 AM calculated dh_by_dt dictionary
10/01/2019 05:20:54 AM loaded zonal decomposed fluxes dictionary
10/01/2019 05:20:54 AM loaded zonal decomposed fluxes without vertical avg dictionary
10/01/2019 05:20:54 AM loaded zonal radiation dictionary
10/01/2019 05:21:29 AM loaded MMC_thermo_dynamic dictionary
10/01/2019 05:21:29 AM loaded MMC_thermo_dynamic_vert dictionary
10/01/2019 05:21:29 AM Time taken --> 757.303828955
10/01/2019 05:21:29 AM Awesome! complete!
10/01/2019 05:21:29 AM -------------------------------
10/01/2019 05:21:36 AM destination folder created !
10/01/2019 05:21:36 AM ....Extract ncfile save MSE and momentum fluxes and radiation....5 averaged over 30
10/01/2019 05:21:36 AM imported nc file
10/01/2019 05:22:38 AM imported coordinates
10/01/2019 05:24:05 AM imported pressure
10/01/2019 05:24:49 AM saved temp
10/01/2019 05:25:32 AM saved v_comp
10/01/2019 05:26:15 AM saved u_comp
10/01/2019 05:27:00 AM saved omega
10/01/2019 05:27:45 AM saved Z
10/01/2019 05:28:29 AM saved q
10/01/2019 05:28:59 AM saved EKE
10/01/2019 05:29:02 AM calculated KE
10/01/2019 05:29:08 AM calculated MSE fluxes
10/01/2019 05:29:20 AM saved raw data
10/01/2019 05:29:22 AM vertical integartion : MSE fluxes
10/01/2019 05:29:26 AM vertical integration : sensible fluxes
10/01/2019 05:29:30 AM vertical integration : latent fluxes
10/01/2019 05:29:33 AM vertical integration : nc potential fluxes
10/01/2019 05:29:37 AM vertical integration : kinetic energy fluxes
10/01/2019 05:29:40 AM vertical integration : Enthalpy 
10/01/2019 05:30:34 AM saved radiation
10/01/2019 05:30:36 AM saved t_surf
10/01/2019 05:30:38 AM saved flux_oceanq
10/01/2019 05:31:11 AM precipitation
10/01/2019 05:31:12 AM radiation-- I think its right now !
10/01/2019 05:31:12 AM calculated dh_by_dt
10/01/2019 05:31:12 AM loaded coordinates dictionary
10/01/2019 05:31:12 AM loaded MSE_flux dictionary
10/01/2019 05:31:12 AM loaded rad_dic dictionary
10/01/2019 05:31:13 AM successfully saved dictionaries in files
10/01/2019 05:31:13 AM Begins calculating TE, SE and MM fluxes ....
10/01/2019 05:31:14 AM calculated dh_by_dt dictionary
10/01/2019 05:33:27 AM loaded zonal decomposed fluxes dictionary
10/01/2019 05:33:27 AM loaded zonal decomposed fluxes without vertical avg dictionary
10/01/2019 05:33:27 AM loaded zonal radiation dictionary
10/01/2019 05:34:03 AM loaded MMC_thermo_dynamic dictionary
10/01/2019 05:34:03 AM loaded MMC_thermo_dynamic_vert dictionary
10/01/2019 05:34:03 AM Time taken --> 749.579805851
10/01/2019 05:34:03 AM Awesome! complete!
10/01/2019 05:34:03 AM -------------------------------
10/01/2019 05:34:08 AM destination folder created !
10/01/2019 05:34:09 AM ....Extract ncfile save MSE and momentum fluxes and radiation....6 averaged over 30
10/01/2019 05:34:09 AM imported nc file
10/01/2019 05:34:45 AM imported coordinates
10/01/2019 05:36:13 AM imported pressure
10/01/2019 05:36:59 AM saved temp
10/01/2019 05:37:46 AM saved v_comp
10/01/2019 05:38:38 AM saved u_comp
10/01/2019 05:39:30 AM saved omega
10/01/2019 05:40:23 AM saved Z
10/01/2019 05:41:19 AM saved q
10/01/2019 05:41:55 AM saved EKE
10/01/2019 05:41:58 AM calculated KE
10/01/2019 05:42:04 AM calculated MSE fluxes
10/01/2019 05:42:16 AM saved raw data
10/01/2019 05:42:18 AM vertical integartion : MSE fluxes
10/01/2019 05:42:31 AM vertical integration : sensible fluxes
10/01/2019 05:42:34 AM vertical integration : latent fluxes
10/01/2019 05:42:38 AM vertical integration : nc potential fluxes
10/01/2019 05:42:41 AM vertical integration : kinetic energy fluxes
10/01/2019 05:42:45 AM vertical integration : Enthalpy 
10/01/2019 05:46:56 AM saved radiation
10/01/2019 05:47:32 AM saved t_surf
10/01/2019 05:48:11 AM saved flux_oceanq
10/01/2019 05:48:48 AM precipitation
10/01/2019 05:48:49 AM radiation-- I think its right now !
10/01/2019 05:48:50 AM calculated dh_by_dt
10/01/2019 05:48:50 AM loaded coordinates dictionary
10/01/2019 05:48:50 AM loaded MSE_flux dictionary
10/01/2019 05:48:50 AM loaded rad_dic dictionary
10/01/2019 05:48:51 AM successfully saved dictionaries in files
10/01/2019 05:48:51 AM Begins calculating TE, SE and MM fluxes ....
10/01/2019 05:48:52 AM calculated dh_by_dt dictionary
10/01/2019 05:51:07 AM loaded zonal decomposed fluxes dictionary
10/01/2019 05:51:07 AM loaded zonal decomposed fluxes without vertical avg dictionary
10/01/2019 05:51:07 AM loaded zonal radiation dictionary
10/01/2019 05:51:43 AM loaded MMC_thermo_dynamic dictionary
10/01/2019 05:51:43 AM loaded MMC_thermo_dynamic_vert dictionary
10/01/2019 05:51:43 AM Time taken --> 1057.1038239
10/01/2019 05:51:43 AM Awesome! complete!
10/01/2019 05:51:43 AM -------------------------------
10/01/2019 05:51:51 AM destination folder created !
10/01/2019 05:51:51 AM ....Extract ncfile save MSE and momentum fluxes and radiation....7 averaged over 30
10/01/2019 05:51:51 AM imported nc file
10/01/2019 05:53:04 AM imported coordinates
10/01/2019 05:54:47 AM imported pressure
10/01/2019 05:55:40 AM saved temp
10/01/2019 05:56:30 AM saved v_comp
10/01/2019 05:57:18 AM saved u_comp
10/01/2019 05:58:05 AM saved omega
10/01/2019 05:58:52 AM saved Z
10/01/2019 05:59:37 AM saved q
10/01/2019 06:00:07 AM saved EKE
10/01/2019 06:00:10 AM calculated KE
10/01/2019 06:00:16 AM calculated MSE fluxes
10/01/2019 06:00:28 AM saved raw data
10/01/2019 06:00:31 AM vertical integartion : MSE fluxes
10/01/2019 06:00:34 AM vertical integration : sensible fluxes
10/01/2019 06:00:38 AM vertical integration : latent fluxes
10/01/2019 06:00:42 AM vertical integration : nc potential fluxes
10/01/2019 06:00:46 AM vertical integration : kinetic energy fluxes
10/01/2019 06:00:49 AM vertical integration : Enthalpy 
10/01/2019 06:02:34 AM saved radiation
10/01/2019 06:02:36 AM saved t_surf
10/01/2019 06:02:38 AM saved flux_oceanq
10/01/2019 06:03:10 AM precipitation
10/01/2019 06:03:11 AM radiation-- I think its right now !
10/01/2019 06:03:12 AM calculated dh_by_dt
10/01/2019 06:03:12 AM loaded coordinates dictionary
10/01/2019 06:03:12 AM loaded MSE_flux dictionary
10/01/2019 06:03:12 AM loaded rad_dic dictionary
10/01/2019 06:03:12 AM successfully saved dictionaries in files
10/01/2019 06:03:12 AM Begins calculating TE, SE and MM fluxes ....
10/01/2019 06:03:14 AM calculated dh_by_dt dictionary
10/01/2019 06:05:30 AM loaded zonal decomposed fluxes dictionary
10/01/2019 06:05:30 AM loaded zonal decomposed fluxes without vertical avg dictionary
10/01/2019 06:05:30 AM loaded zonal radiation dictionary
10/01/2019 06:06:07 AM loaded MMC_thermo_dynamic dictionary
10/01/2019 06:06:07 AM loaded MMC_thermo_dynamic_vert dictionary
10/01/2019 06:06:07 AM Time taken --> 858.46628809
10/01/2019 06:06:07 AM Awesome! complete!
10/01/2019 06:06:07 AM -------------------------------
10/01/2019 06:06:13 AM destination folder created !
10/01/2019 06:06:13 AM ....Extract ncfile save MSE and momentum fluxes and radiation....8 averaged over 30
10/01/2019 06:06:13 AM imported nc file
10/01/2019 06:06:49 AM imported coordinates
10/01/2019 06:08:16 AM imported pressure
10/01/2019 06:08:59 AM saved temp
10/01/2019 06:09:43 AM saved v_comp
10/01/2019 06:10:27 AM saved u_comp
10/01/2019 06:11:13 AM saved omega
10/01/2019 06:11:56 AM saved Z
10/01/2019 06:12:40 AM saved q
10/01/2019 06:13:10 AM saved EKE
10/01/2019 06:13:14 AM calculated KE
10/01/2019 06:13:20 AM calculated MSE fluxes
10/01/2019 06:13:31 AM saved raw data
10/01/2019 06:13:34 AM vertical integartion : MSE fluxes
10/01/2019 06:13:37 AM vertical integration : sensible fluxes
10/01/2019 06:13:41 AM vertical integration : latent fluxes
10/01/2019 06:13:45 AM vertical integration : nc potential fluxes
10/01/2019 06:13:49 AM vertical integration : kinetic energy fluxes
10/01/2019 06:13:52 AM vertical integration : Enthalpy 
10/01/2019 06:16:43 AM saved radiation
10/01/2019 06:16:45 AM saved t_surf
10/01/2019 06:16:46 AM saved flux_oceanq
10/01/2019 06:17:18 AM precipitation
10/01/2019 06:17:19 AM radiation-- I think its right now !
10/01/2019 06:17:20 AM calculated dh_by_dt
10/01/2019 06:17:20 AM loaded coordinates dictionary
10/01/2019 06:17:20 AM loaded MSE_flux dictionary
10/01/2019 06:17:20 AM loaded rad_dic dictionary
10/01/2019 06:17:21 AM successfully saved dictionaries in files
10/01/2019 06:17:21 AM Begins calculating TE, SE and MM fluxes ....
10/01/2019 06:17:23 AM calculated dh_by_dt dictionary
10/01/2019 06:19:36 AM loaded zonal decomposed fluxes dictionary
10/01/2019 06:19:36 AM loaded zonal decomposed fluxes without vertical avg dictionary
10/01/2019 06:19:36 AM loaded zonal radiation dictionary
10/01/2019 06:20:12 AM loaded MMC_thermo_dynamic dictionary
10/01/2019 06:20:12 AM loaded MMC_thermo_dynamic_vert dictionary
10/01/2019 06:20:12 AM Time taken --> 841.186372995
10/01/2019 06:20:12 AM Awesome! complete!
10/01/2019 06:20:12 AM -------------------------------
10/01/2019 06:20:18 AM destination folder created !
10/01/2019 06:20:19 AM ....Extract ncfile save MSE and momentum fluxes and radiation....9 averaged over 30
10/01/2019 06:20:19 AM imported nc file
10/01/2019 06:21:20 AM imported coordinates
10/01/2019 06:22:49 AM imported pressure
10/01/2019 06:23:32 AM saved temp
10/01/2019 06:24:16 AM saved v_comp
10/01/2019 06:25:00 AM saved u_comp
10/01/2019 06:25:44 AM saved omega
10/01/2019 06:26:28 AM saved Z
10/01/2019 06:27:11 AM saved q
10/01/2019 06:27:41 AM saved EKE
10/01/2019 06:27:45 AM calculated KE
10/01/2019 06:27:51 AM calculated MSE fluxes
10/01/2019 06:28:02 AM saved raw data
10/01/2019 06:28:05 AM vertical integartion : MSE fluxes
10/01/2019 06:28:08 AM vertical integration : sensible fluxes
10/01/2019 06:28:12 AM vertical integration : latent fluxes
10/01/2019 06:28:15 AM vertical integration : nc potential fluxes
10/01/2019 06:28:19 AM vertical integration : kinetic energy fluxes
10/01/2019 06:28:22 AM vertical integration : Enthalpy 
10/01/2019 06:29:15 AM saved radiation
10/01/2019 06:29:16 AM saved t_surf
10/01/2019 06:29:18 AM saved flux_oceanq
10/01/2019 06:29:51 AM precipitation
10/01/2019 06:29:52 AM radiation-- I think its right now !
10/01/2019 06:29:52 AM calculated dh_by_dt
10/01/2019 06:29:52 AM loaded coordinates dictionary
10/01/2019 06:29:52 AM loaded MSE_flux dictionary
10/01/2019 06:29:52 AM loaded rad_dic dictionary
10/01/2019 06:29:53 AM successfully saved dictionaries in files
10/01/2019 06:29:53 AM Begins calculating TE, SE and MM fluxes ....
10/01/2019 06:29:55 AM calculated dh_by_dt dictionary
10/01/2019 06:32:14 AM loaded zonal decomposed fluxes dictionary
10/01/2019 06:32:14 AM loaded zonal decomposed fluxes without vertical avg dictionary
10/01/2019 06:32:14 AM loaded zonal radiation dictionary
10/01/2019 06:32:51 AM loaded MMC_thermo_dynamic dictionary
10/01/2019 06:32:51 AM loaded MMC_thermo_dynamic_vert dictionary
10/01/2019 06:32:51 AM Time taken --> 755.368910074
10/01/2019 06:32:51 AM Awesome! complete!
10/01/2019 06:32:51 AM -------------------------------
