10/01/2019 09:48:27 AM ** INTERPOLATION ** 
10/01/2019 09:48:27 AM destination folder created !
10/01/2019 09:48:27 AM destination folder created !
10/01/2019 05:49:10 PM ** INTERPOLATION ** 
10/01/2019 05:49:10 PM destination folder created !
10/01/2019 05:49:10 PM ----0----
10/01/2019 05:49:11 PM ----1----
10/01/2019 05:49:11 PM ----2----
10/01/2019 05:49:12 PM ----3----
10/01/2019 05:49:12 PM ----4----
10/01/2019 05:49:13 PM ----5----
10/01/2019 05:49:13 PM ----6----
10/01/2019 05:49:14 PM ----7----
10/01/2019 05:49:14 PM ----8----
10/01/2019 05:49:14 PM ----9----
10/01/2019 05:49:17 PM Calculated interpolation
10/01/2019 05:49:18 PM Saved averaged momentum terms
10/01/2019 05:49:18 PM Looks great !! Time taken --> 10.3825240135
10/01/2019 09:57:16 PM ** INTERPOLATION ** 
10/01/2019 09:57:17 PM ----0----
10/01/2019 09:57:17 PM ----1----
10/01/2019 09:57:18 PM ----2----
10/01/2019 09:57:18 PM ----3----
10/01/2019 09:57:19 PM ----4----
10/01/2019 09:57:20 PM ----5----
10/01/2019 09:57:20 PM ----6----
10/01/2019 09:57:21 PM ----7----
10/01/2019 09:57:22 PM ----8----
10/01/2019 09:57:22 PM ----9----
10/01/2019 09:57:25 PM Calculated interpolation
10/01/2019 09:57:25 PM Saved averaged momentum terms
10/01/2019 09:57:25 PM Looks great !! Time taken --> 10.5788068771
