10/01/2019 08:06:09 AM ** INTERPOLATION ** 
10/01/2019 08:06:09 AM destination folder created !
10/01/2019 08:14:49 AM ** INTERPOLATION ** 
10/01/2019 08:16:47 AM ** INTERPOLATION ** 
10/01/2019 08:20:48 AM ** INTERPOLATION ** 
10/01/2019 08:20:48 AM ----0----
10/01/2019 08:20:49 AM ----1----
10/01/2019 08:20:49 AM ----2----
10/01/2019 08:20:50 AM ----3----
10/01/2019 08:20:50 AM ----4----
10/01/2019 08:20:51 AM ----5----
10/01/2019 08:20:51 AM ----6----
10/01/2019 08:20:52 AM ----7----
10/01/2019 08:20:53 AM ----8----
10/01/2019 08:20:53 AM ----9----
10/01/2019 08:26:48 AM ** INTERPOLATION ** 
10/01/2019 08:26:49 AM ----0----
10/01/2019 08:26:49 AM ----1----
10/01/2019 08:26:49 AM ----2----
10/01/2019 08:26:49 AM ----3----
10/01/2019 08:26:49 AM ----4----
10/01/2019 08:26:50 AM ----5----
10/01/2019 08:26:50 AM ----6----
10/01/2019 08:26:50 AM ----7----
10/01/2019 08:26:51 AM ----8----
10/01/2019 08:26:51 AM ----9----
10/01/2019 08:26:53 AM Calculated interpolation
10/01/2019 08:28:47 AM ** INTERPOLATION ** 
10/01/2019 08:28:48 AM ----0----
10/01/2019 08:28:48 AM ----1----
10/01/2019 08:28:48 AM ----2----
10/01/2019 08:28:48 AM ----3----
10/01/2019 08:28:48 AM ----4----
10/01/2019 08:28:48 AM ----5----
10/01/2019 08:28:48 AM ----6----
10/01/2019 08:28:48 AM ----7----
10/01/2019 08:28:48 AM ----8----
10/01/2019 08:28:48 AM ----9----
10/01/2019 08:28:50 AM Calculated interpolation
10/01/2019 08:28:50 AM Saved averaged momentum terms
10/01/2019 08:28:50 AM Looks great !! Time taken --> 4.71363091469
10/01/2019 08:07:29 PM ** INTERPOLATION ** 
10/01/2019 08:07:30 PM ----0----
10/01/2019 08:07:30 PM ----1----
10/01/2019 08:07:31 PM ----2----
10/01/2019 08:07:31 PM ----3----
10/01/2019 08:07:32 PM ----4----
10/01/2019 08:07:32 PM ----5----
10/01/2019 08:07:33 PM ----6----
10/01/2019 08:07:33 PM ----7----
10/01/2019 08:07:34 PM ----8----
10/01/2019 08:07:34 PM ----9----
10/01/2019 08:07:37 PM Calculated interpolation
10/01/2019 08:07:37 PM Saved averaged momentum terms
10/01/2019 08:07:37 PM Looks great !! Time taken --> 9.10321497917
10/01/2019 09:50:18 PM ** INTERPOLATION ** 
10/01/2019 09:50:19 PM ----0----
10/01/2019 09:50:19 PM ----1----
10/01/2019 09:50:20 PM ----2----
10/01/2019 09:50:21 PM ----3----
10/01/2019 09:50:21 PM ----4----
10/01/2019 09:50:22 PM ----5----
10/01/2019 09:50:23 PM ----6----
10/01/2019 09:50:23 PM ----7----
10/01/2019 09:50:24 PM ----8----
10/01/2019 09:50:24 PM ----9----
10/01/2019 09:50:31 PM Calculated interpolation
10/01/2019 09:50:31 PM Saved averaged momentum terms
10/01/2019 09:50:31 PM Looks great !! Time taken --> 13.9085409641
10/01/2019 09:58:26 PM ** INTERPOLATION ** 
10/01/2019 09:58:26 PM ----0----
10/01/2019 09:58:26 PM ----1----
10/01/2019 09:58:27 PM ----2----
10/01/2019 09:58:27 PM ----3----
10/01/2019 09:58:27 PM ----4----
10/01/2019 09:58:28 PM ----5----
10/01/2019 09:58:28 PM ----6----
10/01/2019 09:58:28 PM ----7----
10/01/2019 09:58:29 PM ----8----
10/01/2019 09:58:29 PM ----9----
10/01/2019 09:58:32 PM Calculated interpolation
10/01/2019 09:58:32 PM Saved averaged momentum terms
10/01/2019 09:58:32 PM Looks great !! Time taken --> 7.88520002365
