10/01/2019 10:55:23 AM ** INTERPOLATION ** 
10/01/2019 10:55:23 AM destination folder created !
10/01/2019 10:55:23 AM ----0----
10/01/2019 10:55:23 AM ----1----
10/01/2019 10:55:24 AM ----2----
10/01/2019 10:55:24 AM ----3----
10/01/2019 10:55:24 AM ----4----
10/01/2019 10:55:24 AM ----5----
10/01/2019 10:55:24 AM ----6----
10/01/2019 10:55:24 AM ----7----
10/01/2019 10:55:24 AM ----8----
10/01/2019 10:55:24 AM ----9----
10/01/2019 10:55:25 AM Calculated interpolation
10/01/2019 10:55:26 AM Calculated divergence
10/01/2019 10:55:26 AM Saved raw data interp dictionary
10/01/2019 10:55:26 AM Saved flux interp dictionary
10/01/2019 10:55:26 AM Saved flux divergence interp
10/01/2019 10:55:26 AM Saved flux vert dictionary
10/01/2019 10:55:26 AM Saved flux divergence vert interp
10/01/2019 10:55:26 AM Looks great !! Time taken --> 5.38793802261
10/01/2019 09:58:20 PM ** INTERPOLATION ** 
10/01/2019 09:58:20 PM ----0----
10/01/2019 09:58:20 PM ----1----
10/01/2019 09:58:21 PM ----2----
10/01/2019 09:58:21 PM ----3----
10/01/2019 09:58:21 PM ----4----
10/01/2019 09:58:21 PM ----5----
10/01/2019 09:58:21 PM ----6----
10/01/2019 09:58:22 PM ----7----
10/01/2019 09:58:22 PM ----8----
10/01/2019 09:58:22 PM ----9----
10/01/2019 09:58:23 PM Calculated interpolation
10/01/2019 09:58:23 PM Calculated divergence
10/01/2019 09:58:24 PM Saved raw data interp dictionary
10/01/2019 09:58:24 PM Saved flux interp dictionary
10/01/2019 09:58:24 PM Saved flux divergence interp
10/01/2019 09:58:24 PM Saved flux vert dictionary
10/01/2019 09:58:24 PM Saved flux divergence vert interp
10/01/2019 09:58:24 PM Looks great !! Time taken --> 4.90003395081
