10/01/2019 12:10:09 PM ** INTERPOLATION ** 
10/01/2019 12:10:09 PM destination folder created !
10/01/2019 12:10:09 PM ----0----
10/01/2019 12:10:10 PM ----1----
10/01/2019 12:10:11 PM ----2----
10/01/2019 12:10:11 PM ----3----
10/01/2019 12:10:12 PM ----4----
10/01/2019 12:10:13 PM ----5----
10/01/2019 12:10:13 PM ----6----
10/01/2019 12:10:14 PM ----7----
10/01/2019 12:10:15 PM ----8----
10/01/2019 12:10:15 PM ----9----
10/01/2019 12:10:19 PM Calculated interpolation
10/01/2019 12:10:20 PM Saved averaged momentum terms
10/01/2019 12:10:20 PM Looks great !! Time taken --> 13.8152668476
10/01/2019 09:58:09 PM ** INTERPOLATION ** 
10/01/2019 09:58:10 PM ----0----
10/01/2019 09:58:11 PM ----1----
10/01/2019 09:58:11 PM ----2----
10/01/2019 09:58:12 PM ----3----
10/01/2019 09:58:13 PM ----4----
10/01/2019 09:58:13 PM ----5----
10/01/2019 09:58:14 PM ----6----
10/01/2019 09:58:14 PM ----7----
10/01/2019 09:58:15 PM ----8----
10/01/2019 09:58:16 PM ----9----
10/01/2019 09:58:18 PM Calculated interpolation
10/01/2019 09:58:18 PM Saved averaged momentum terms
10/01/2019 09:58:18 PM Looks great !! Time taken --> 10.3017170429
