10/01/2019 10:52:01 AM ** INTERPOLATION ** 
10/01/2019 10:52:01 AM destination folder created !
10/01/2019 10:52:01 AM destination folder created !
10/01/2019 10:52:01 AM ----0----
10/01/2019 10:52:02 AM ----1----
10/01/2019 10:52:03 AM ----2----
10/01/2019 10:52:03 AM ----3----
10/01/2019 10:52:04 AM ----4----
10/01/2019 10:52:04 AM ----5----
10/01/2019 10:52:05 AM ----6----
10/01/2019 10:52:05 AM ----7----
10/01/2019 10:52:06 AM ----8----
10/01/2019 10:52:06 AM ----9----
10/01/2019 09:57:51 PM ** INTERPOLATION ** 
10/01/2019 09:57:52 PM ----0----
10/01/2019 09:57:52 PM ----1----
10/01/2019 09:57:53 PM ----2----
10/01/2019 09:57:53 PM ----3----
10/01/2019 09:57:54 PM ----4----
10/01/2019 09:57:55 PM ----5----
10/01/2019 09:57:55 PM ----6----
10/01/2019 09:57:56 PM ----7----
10/01/2019 09:57:57 PM ----8----
10/01/2019 09:57:57 PM ----9----
10/01/2019 09:58:00 PM Calculated interpolation
10/01/2019 09:58:01 PM Saved averaged momentum terms
10/01/2019 09:58:01 PM Looks great !! Time taken --> 11.4919300079
