10/01/2019 10:49:24 AM ** INTERPOLATION ** 
10/01/2019 10:49:24 AM destination folder created !
10/01/2019 10:49:24 AM ----0----
10/01/2019 10:49:25 AM ----1----
10/01/2019 10:49:25 AM ----2----
10/01/2019 10:49:26 AM ----3----
10/01/2019 10:49:26 AM ----4----
10/01/2019 10:49:27 AM ----5----
10/01/2019 10:49:27 AM ----6----
10/01/2019 10:49:28 AM ----7----
10/01/2019 10:49:28 AM ----8----
10/01/2019 10:49:29 AM ----9----
10/01/2019 10:49:31 AM Calculated interpolation
10/01/2019 10:49:32 AM Saved averaged momentum terms
10/01/2019 10:49:32 AM Looks great !! Time taken --> 10.6232209206
10/01/2019 09:57:33 PM ** INTERPOLATION ** 
10/01/2019 09:57:33 PM ----0----
10/01/2019 09:57:34 PM ----1----
10/01/2019 09:57:35 PM ----2----
10/01/2019 09:57:35 PM ----3----
10/01/2019 09:57:36 PM ----4----
10/01/2019 09:57:37 PM ----5----
10/01/2019 09:57:37 PM ----6----
10/01/2019 09:57:38 PM ----7----
10/01/2019 09:57:39 PM ----8----
10/01/2019 09:57:39 PM ----9----
10/01/2019 09:57:42 PM Calculated interpolation
10/01/2019 09:57:43 PM Saved averaged momentum terms
10/01/2019 09:57:43 PM Looks great !! Time taken --> 10.7952029705
