09/23/2019 03:24:56 AM ** INTERPOLATION ** 
09/23/2019 03:24:56 AM ----0----
09/23/2019 03:24:56 AM ----1----
09/23/2019 03:24:56 AM ----2----
09/23/2019 03:24:56 AM ----3----
09/23/2019 03:24:56 AM ----4----
09/23/2019 03:24:56 AM ----5----
09/23/2019 03:24:56 AM ----6----
09/23/2019 03:24:56 AM ----7----
09/23/2019 03:24:56 AM ----8----
09/23/2019 03:24:56 AM ----9----
09/23/2019 03:24:56 AM Month calculation looks good
09/23/2019 03:24:57 AM Calculated interpolation
09/23/2019 03:24:57 AM Saved averaged synoptic eddies
09/23/2019 03:24:57 AM Looks great !! Time taken --> 2.47356700897
10/01/2019 06:49:15 PM ** INTERPOLATION ** 
10/01/2019 06:49:15 PM destination folder created !
10/02/2019 01:32:12 AM ** INTERPOLATION ** 
10/02/2019 01:32:12 AM ----0----
10/02/2019 01:32:12 AM ----1----
10/02/2019 01:32:12 AM ----2----
10/02/2019 01:32:12 AM ----3----
10/02/2019 01:32:12 AM ----4----
10/02/2019 01:32:12 AM ----5----
10/02/2019 01:32:12 AM ----6----
10/02/2019 01:32:12 AM ----7----
10/02/2019 01:32:12 AM ----8----
10/02/2019 01:32:12 AM ----9----
10/02/2019 01:32:12 AM Month calculation looks good
10/02/2019 01:32:13 AM Calculated interpolation
10/02/2019 01:32:13 AM Saved averaged synoptic eddies
10/02/2019 01:32:13 AM Looks great !! Time taken --> 2.82343697548
