11/06/2018 05:24:48 PM ...........Calculate EKE.............0
11/06/2018 05:24:48 PM imported nc file
11/06/2018 05:25:20 PM imported coordinates
11/06/2018 05:27:15 PM imported pressure
11/06/2018 05:28:16 PM saved v_comp
11/06/2018 05:29:13 PM saved u_comp
11/06/2018 05:29:13 PM Filtering signal now
11/06/2018 05:29:19 PM Filtering u and v at plevel 0.9731199465677635
11/06/2018 05:29:24 PM Filtering u and v at plevel 0.9210435734946946
11/06/2018 05:29:28 PM Filtering u and v at plevel 0.8717540125826787
11/06/2018 05:29:32 PM Filtering u and v at plevel 0.8251018703001956
11/06/2018 05:29:36 PM Filtering u and v at plevel 0.7809450914447958
11/06/2018 05:29:41 PM Filtering u and v at plevel 0.7391477498279747
11/06/2018 05:29:45 PM Filtering u and v at plevel 0.6995784804292889
11/06/2018 05:29:49 PM Filtering u and v at plevel 0.6621085665908767
11/06/2018 05:29:53 PM Filtering u and v at plevel 0.6266097287784145
11/06/2018 05:29:57 PM Filtering u and v at plevel 0.592951685476526
11/06/2018 05:30:02 PM Filtering u and v at plevel 0.5609995761404118
11/06/2018 05:30:06 PM Filtering u and v at plevel 0.5306113557418541
11/06/2018 05:30:10 PM Filtering u and v at plevel 0.5016352961682442
11/06/2018 05:30:14 PM Filtering u and v at plevel 0.4739077683307861
11/06/2018 05:30:19 PM Filtering u and v at plevel 0.44725153763167325
11/06/2018 05:30:23 PM Filtering u and v at plevel 0.4214748913644697
11/06/2018 05:30:27 PM Filtering u and v at plevel 0.3963720342166585
11/06/2018 05:30:31 PM Filtering u and v at plevel 0.371725335892926
11/06/2018 05:30:36 PM Filtering u and v at plevel 0.34731017971440126
11/06/2018 05:30:40 PM Filtering u and v at plevel 0.32290330906438663
11/06/2018 05:30:44 PM Filtering u and v at plevel 0.29829563412593546
11/06/2018 05:30:48 PM Filtering u and v at plevel 0.27331033560806184
11/06/2018 05:30:52 PM Filtering u and v at plevel 0.2478266277557821
11/06/2018 05:30:57 PM Filtering u and v at plevel 0.22180852820217098
11/06/2018 05:31:01 PM Filtering u and v at plevel 0.19533625519570888
11/06/2018 05:31:05 PM Filtering u and v at plevel 0.1686353994868007
11/06/2018 05:31:09 PM Filtering u and v at plevel 0.1420960968927281
11/06/2018 05:31:13 PM Filtering u and v at plevel 0.1162719225588613
11/06/2018 05:31:18 PM Filtering u and v at plevel 0.0918477093601027
11/06/2018 05:31:22 PM Filtering u and v at plevel 0.06956901941712679
11/06/2018 05:31:26 PM Filtering u and v at plevel 0.050135221379808886
11/06/2018 05:31:30 PM Filtering u and v at plevel 0.03407262549982947
11/06/2018 05:31:35 PM Filtering u and v at plevel 0.021619597882391442
11/06/2018 05:31:39 PM Filtering u and v at plevel 0.012663559404899662
11/06/2018 05:31:43 PM Filtering u and v at plevel 0.006761046642395754
11/06/2018 05:31:47 PM Filtering u and v at plevel 0.003243806249843405
11/06/2018 05:31:51 PM Filtering u and v at plevel 0.0013766083204391473
11/06/2018 05:31:56 PM Filtering u and v at plevel 0.0005077583032093046
11/06/2018 05:32:00 PM Filtering u and v at plevel 0.00015964567384570998
11/06/2018 05:32:04 PM Filtering u and v at plevel 2.710462927265426e-05
11/06/2018 05:32:08 PM calculated EKE
11/06/2018 05:32:16 PM saved EKE data
11/06/2018 05:32:17 PM EKE calculated !! Great !!
11/06/2018 05:32:22 PM destination folder created !
11/06/2018 05:32:22 PM ...........Calculate EKE.............1
11/06/2018 05:32:22 PM imported nc file
11/06/2018 05:33:50 PM imported coordinates
11/06/2018 05:35:57 PM imported pressure
11/06/2018 05:37:04 PM saved v_comp
11/06/2018 05:38:12 PM saved u_comp
11/06/2018 05:38:12 PM Filtering signal now
11/06/2018 05:38:19 PM Filtering u and v at plevel 0.9731199465677635
11/06/2018 05:38:23 PM Filtering u and v at plevel 0.9210435734946946
11/06/2018 05:38:27 PM Filtering u and v at plevel 0.8717540125826787
11/06/2018 05:38:32 PM Filtering u and v at plevel 0.8251018703001956
11/06/2018 05:38:36 PM Filtering u and v at plevel 0.7809450914447958
11/06/2018 05:38:41 PM Filtering u and v at plevel 0.7391477498279747
11/06/2018 05:38:45 PM Filtering u and v at plevel 0.6995784804292889
11/06/2018 05:38:50 PM Filtering u and v at plevel 0.6621085665908767
11/06/2018 05:38:54 PM Filtering u and v at plevel 0.6266097287784145
11/06/2018 05:38:59 PM Filtering u and v at plevel 0.592951685476526
11/06/2018 05:39:03 PM Filtering u and v at plevel 0.5609995761404118
11/06/2018 05:39:08 PM Filtering u and v at plevel 0.5306113557418541
11/06/2018 05:39:12 PM Filtering u and v at plevel 0.5016352961682442
11/06/2018 05:39:17 PM Filtering u and v at plevel 0.4739077683307861
11/06/2018 05:39:21 PM Filtering u and v at plevel 0.44725153763167325
11/06/2018 05:39:25 PM Filtering u and v at plevel 0.4214748913644697
11/06/2018 05:39:30 PM Filtering u and v at plevel 0.3963720342166585
11/06/2018 05:39:34 PM Filtering u and v at plevel 0.371725335892926
11/06/2018 05:39:39 PM Filtering u and v at plevel 0.34731017971440126
11/06/2018 05:39:43 PM Filtering u and v at plevel 0.32290330906438663
11/06/2018 05:39:48 PM Filtering u and v at plevel 0.29829563412593546
11/06/2018 05:39:52 PM Filtering u and v at plevel 0.27331033560806184
11/06/2018 05:39:56 PM Filtering u and v at plevel 0.2478266277557821
11/06/2018 05:40:01 PM Filtering u and v at plevel 0.22180852820217098
11/06/2018 05:40:05 PM Filtering u and v at plevel 0.19533625519570888
11/06/2018 05:40:10 PM Filtering u and v at plevel 0.1686353994868007
11/06/2018 05:40:14 PM Filtering u and v at plevel 0.1420960968927281
11/06/2018 05:40:19 PM Filtering u and v at plevel 0.1162719225588613
11/06/2018 05:40:23 PM Filtering u and v at plevel 0.0918477093601027
11/06/2018 05:40:27 PM Filtering u and v at plevel 0.06956901941712679
11/06/2018 05:40:32 PM Filtering u and v at plevel 0.050135221379808886
11/06/2018 05:40:36 PM Filtering u and v at plevel 0.03407262549982947
11/06/2018 05:40:41 PM Filtering u and v at plevel 0.021619597882391442
11/06/2018 05:40:45 PM Filtering u and v at plevel 0.012663559404899662
11/06/2018 05:40:50 PM Filtering u and v at plevel 0.006761046642395754
11/06/2018 05:40:54 PM Filtering u and v at plevel 0.003243806249843405
11/06/2018 05:40:58 PM Filtering u and v at plevel 0.0013766083204391473
11/06/2018 05:41:03 PM Filtering u and v at plevel 0.0005077583032093046
11/06/2018 05:41:07 PM Filtering u and v at plevel 0.00015964567384570998
11/06/2018 05:41:12 PM Filtering u and v at plevel 2.710462927265426e-05
11/06/2018 05:41:16 PM calculated EKE
11/06/2018 05:41:24 PM saved EKE data
11/06/2018 05:41:24 PM EKE calculated !! Great !!
11/06/2018 05:41:29 PM destination folder created !
11/06/2018 05:41:29 PM ...........Calculate EKE.............2
11/06/2018 05:41:29 PM imported nc file
11/06/2018 05:42:39 PM imported coordinates
11/06/2018 05:44:45 PM imported pressure
11/06/2018 05:45:47 PM saved v_comp
11/06/2018 05:47:05 PM saved u_comp
11/06/2018 05:47:05 PM Filtering signal now
11/06/2018 05:47:11 PM Filtering u and v at plevel 0.9731199465677635
11/06/2018 05:47:15 PM Filtering u and v at plevel 0.9210435734946946
11/06/2018 05:47:19 PM Filtering u and v at plevel 0.8717540125826787
11/06/2018 05:47:24 PM Filtering u and v at plevel 0.8251018703001956
11/06/2018 05:47:28 PM Filtering u and v at plevel 0.7809450914447958
11/06/2018 05:47:32 PM Filtering u and v at plevel 0.7391477498279747
11/06/2018 05:47:37 PM Filtering u and v at plevel 0.6995784804292889
11/06/2018 05:47:41 PM Filtering u and v at plevel 0.6621085665908767
11/06/2018 05:47:45 PM Filtering u and v at plevel 0.6266097287784145
11/06/2018 05:47:50 PM Filtering u and v at plevel 0.592951685476526
11/06/2018 05:47:54 PM Filtering u and v at plevel 0.5609995761404118
11/06/2018 05:47:58 PM Filtering u and v at plevel 0.5306113557418541
11/06/2018 05:48:02 PM Filtering u and v at plevel 0.5016352961682442
11/06/2018 05:48:07 PM Filtering u and v at plevel 0.4739077683307861
11/06/2018 05:48:11 PM Filtering u and v at plevel 0.44725153763167325
11/06/2018 05:48:15 PM Filtering u and v at plevel 0.4214748913644697
11/06/2018 05:48:20 PM Filtering u and v at plevel 0.3963720342166585
11/06/2018 05:48:24 PM Filtering u and v at plevel 0.371725335892926
11/06/2018 05:48:29 PM Filtering u and v at plevel 0.34731017971440126
11/06/2018 05:48:33 PM Filtering u and v at plevel 0.32290330906438663
11/06/2018 05:48:37 PM Filtering u and v at plevel 0.29829563412593546
11/06/2018 05:48:42 PM Filtering u and v at plevel 0.27331033560806184
11/06/2018 05:48:46 PM Filtering u and v at plevel 0.2478266277557821
11/06/2018 05:48:51 PM Filtering u and v at plevel 0.22180852820217098
11/06/2018 05:48:55 PM Filtering u and v at plevel 0.19533625519570888
11/06/2018 05:48:59 PM Filtering u and v at plevel 0.1686353994868007
11/06/2018 05:49:04 PM Filtering u and v at plevel 0.1420960968927281
11/06/2018 05:49:08 PM Filtering u and v at plevel 0.1162719225588613
11/06/2018 05:49:13 PM Filtering u and v at plevel 0.0918477093601027
11/06/2018 05:49:17 PM Filtering u and v at plevel 0.06956901941712679
11/06/2018 05:49:21 PM Filtering u and v at plevel 0.050135221379808886
11/06/2018 05:49:26 PM Filtering u and v at plevel 0.03407262549982947
11/06/2018 05:49:30 PM Filtering u and v at plevel 0.021619597882391442
11/06/2018 05:49:35 PM Filtering u and v at plevel 0.012663559404899662
11/06/2018 05:49:39 PM Filtering u and v at plevel 0.006761046642395754
11/06/2018 05:49:43 PM Filtering u and v at plevel 0.003243806249843405
11/06/2018 05:49:48 PM Filtering u and v at plevel 0.0013766083204391473
11/06/2018 05:49:52 PM Filtering u and v at plevel 0.0005077583032093046
11/06/2018 05:49:57 PM Filtering u and v at plevel 0.00015964567384570998
11/06/2018 05:50:01 PM Filtering u and v at plevel 2.710462927265426e-05
11/06/2018 05:50:06 PM calculated EKE
11/06/2018 05:50:14 PM saved EKE data
11/06/2018 05:50:14 PM EKE calculated !! Great !!
11/06/2018 05:50:18 PM destination folder created !
11/06/2018 05:50:18 PM ...........Calculate EKE.............3
11/06/2018 05:50:18 PM imported nc file
11/06/2018 05:51:50 PM imported coordinates
11/06/2018 05:54:02 PM imported pressure
11/06/2018 05:55:06 PM saved v_comp
11/06/2018 05:56:18 PM saved u_comp
11/06/2018 05:56:18 PM Filtering signal now
11/06/2018 05:56:24 PM Filtering u and v at plevel 0.9731199465677635
11/06/2018 05:56:28 PM Filtering u and v at plevel 0.9210435734946946
11/06/2018 05:56:32 PM Filtering u and v at plevel 0.8717540125826787
11/06/2018 05:56:37 PM Filtering u and v at plevel 0.8251018703001956
11/06/2018 05:56:41 PM Filtering u and v at plevel 0.7809450914447958
11/06/2018 05:56:45 PM Filtering u and v at plevel 0.7391477498279747
11/06/2018 05:56:50 PM Filtering u and v at plevel 0.6995784804292889
11/06/2018 05:56:54 PM Filtering u and v at plevel 0.6621085665908767
11/06/2018 05:56:58 PM Filtering u and v at plevel 0.6266097287784145
11/06/2018 05:57:02 PM Filtering u and v at plevel 0.592951685476526
11/06/2018 05:57:07 PM Filtering u and v at plevel 0.5609995761404118
11/06/2018 05:57:11 PM Filtering u and v at plevel 0.5306113557418541
11/06/2018 05:57:15 PM Filtering u and v at plevel 0.5016352961682442
11/06/2018 05:57:19 PM Filtering u and v at plevel 0.4739077683307861
11/06/2018 05:57:24 PM Filtering u and v at plevel 0.44725153763167325
11/06/2018 05:57:28 PM Filtering u and v at plevel 0.4214748913644697
11/06/2018 05:57:32 PM Filtering u and v at plevel 0.3963720342166585
11/06/2018 05:57:37 PM Filtering u and v at plevel 0.371725335892926
11/06/2018 05:57:41 PM Filtering u and v at plevel 0.34731017971440126
11/06/2018 05:57:45 PM Filtering u and v at plevel 0.32290330906438663
11/06/2018 05:57:50 PM Filtering u and v at plevel 0.29829563412593546
11/06/2018 05:57:54 PM Filtering u and v at plevel 0.27331033560806184
11/06/2018 05:57:58 PM Filtering u and v at plevel 0.2478266277557821
11/06/2018 05:58:02 PM Filtering u and v at plevel 0.22180852820217098
11/06/2018 05:58:07 PM Filtering u and v at plevel 0.19533625519570888
11/06/2018 05:58:11 PM Filtering u and v at plevel 0.1686353994868007
11/06/2018 05:58:15 PM Filtering u and v at plevel 0.1420960968927281
11/06/2018 05:58:20 PM Filtering u and v at plevel 0.1162719225588613
11/06/2018 05:58:24 PM Filtering u and v at plevel 0.0918477093601027
11/06/2018 05:58:28 PM Filtering u and v at plevel 0.06956901941712679
11/06/2018 05:58:33 PM Filtering u and v at plevel 0.050135221379808886
11/06/2018 05:58:37 PM Filtering u and v at plevel 0.03407262549982947
11/06/2018 05:58:41 PM Filtering u and v at plevel 0.021619597882391442
11/06/2018 05:58:46 PM Filtering u and v at plevel 0.012663559404899662
11/06/2018 05:58:50 PM Filtering u and v at plevel 0.006761046642395754
11/06/2018 05:58:54 PM Filtering u and v at plevel 0.003243806249843405
11/06/2018 05:58:59 PM Filtering u and v at plevel 0.0013766083204391473
11/06/2018 05:59:03 PM Filtering u and v at plevel 0.0005077583032093046
11/06/2018 05:59:07 PM Filtering u and v at plevel 0.00015964567384570998
11/06/2018 05:59:12 PM Filtering u and v at plevel 2.710462927265426e-05
11/06/2018 05:59:16 PM calculated EKE
11/06/2018 05:59:24 PM saved EKE data
11/06/2018 05:59:24 PM EKE calculated !! Great !!
11/06/2018 05:59:29 PM destination folder created !
11/06/2018 05:59:29 PM ...........Calculate EKE.............4
11/06/2018 05:59:29 PM imported nc file
11/06/2018 06:00:58 PM imported coordinates
11/06/2018 06:03:11 PM imported pressure
11/06/2018 06:04:13 PM saved v_comp
11/06/2018 06:05:19 PM saved u_comp
11/06/2018 06:05:19 PM Filtering signal now
11/06/2018 06:05:25 PM Filtering u and v at plevel 0.9731199465677635
11/06/2018 06:05:30 PM Filtering u and v at plevel 0.9210435734946946
11/06/2018 06:05:34 PM Filtering u and v at plevel 0.8717540125826787
11/06/2018 06:05:38 PM Filtering u and v at plevel 0.8251018703001956
11/06/2018 06:05:42 PM Filtering u and v at plevel 0.7809450914447958
11/06/2018 06:05:46 PM Filtering u and v at plevel 0.7391477498279747
11/06/2018 06:05:50 PM Filtering u and v at plevel 0.6995784804292889
11/06/2018 06:05:54 PM Filtering u and v at plevel 0.6621085665908767
11/06/2018 06:05:58 PM Filtering u and v at plevel 0.6266097287784145
11/06/2018 06:06:02 PM Filtering u and v at plevel 0.592951685476526
11/06/2018 06:06:06 PM Filtering u and v at plevel 0.5609995761404118
11/06/2018 06:06:11 PM Filtering u and v at plevel 0.5306113557418541
11/06/2018 06:06:15 PM Filtering u and v at plevel 0.5016352961682442
11/06/2018 06:06:19 PM Filtering u and v at plevel 0.4739077683307861
11/06/2018 06:06:23 PM Filtering u and v at plevel 0.44725153763167325
11/06/2018 06:06:27 PM Filtering u and v at plevel 0.4214748913644697
11/06/2018 06:06:31 PM Filtering u and v at plevel 0.3963720342166585
11/06/2018 06:06:35 PM Filtering u and v at plevel 0.371725335892926
11/06/2018 06:06:39 PM Filtering u and v at plevel 0.34731017971440126
11/06/2018 06:06:43 PM Filtering u and v at plevel 0.32290330906438663
11/06/2018 06:06:48 PM Filtering u and v at plevel 0.29829563412593546
11/06/2018 06:06:52 PM Filtering u and v at plevel 0.27331033560806184
11/06/2018 06:06:56 PM Filtering u and v at plevel 0.2478266277557821
11/06/2018 06:07:00 PM Filtering u and v at plevel 0.22180852820217098
11/06/2018 06:07:04 PM Filtering u and v at plevel 0.19533625519570888
11/06/2018 06:07:08 PM Filtering u and v at plevel 0.1686353994868007
11/06/2018 06:07:12 PM Filtering u and v at plevel 0.1420960968927281
11/06/2018 06:07:16 PM Filtering u and v at plevel 0.1162719225588613
11/06/2018 06:07:20 PM Filtering u and v at plevel 0.0918477093601027
11/06/2018 06:07:25 PM Filtering u and v at plevel 0.06956901941712679
11/06/2018 06:07:29 PM Filtering u and v at plevel 0.050135221379808886
11/06/2018 06:07:33 PM Filtering u and v at plevel 0.03407262549982947
11/06/2018 06:07:37 PM Filtering u and v at plevel 0.021619597882391442
11/06/2018 06:07:41 PM Filtering u and v at plevel 0.012663559404899662
11/06/2018 06:07:45 PM Filtering u and v at plevel 0.006761046642395754
11/06/2018 06:07:50 PM Filtering u and v at plevel 0.003243806249843405
11/06/2018 06:07:54 PM Filtering u and v at plevel 0.0013766083204391473
11/06/2018 06:07:58 PM Filtering u and v at plevel 0.0005077583032093046
11/06/2018 06:08:02 PM Filtering u and v at plevel 0.00015964567384570998
11/06/2018 06:08:06 PM Filtering u and v at plevel 2.710462927265426e-05
11/06/2018 06:08:11 PM calculated EKE
11/06/2018 06:08:19 PM saved EKE data
11/06/2018 06:08:19 PM EKE calculated !! Great !!
11/06/2018 06:08:22 PM destination folder created !
11/06/2018 06:08:22 PM ...........Calculate EKE.............5
11/06/2018 06:08:22 PM imported nc file
11/06/2018 06:09:46 PM imported coordinates
11/06/2018 06:11:58 PM imported pressure
11/06/2018 06:13:05 PM saved v_comp
11/06/2018 06:14:16 PM saved u_comp
11/06/2018 06:14:16 PM Filtering signal now
11/06/2018 06:14:23 PM Filtering u and v at plevel 0.9731199465677635
11/06/2018 06:14:27 PM Filtering u and v at plevel 0.9210435734946946
11/06/2018 06:14:32 PM Filtering u and v at plevel 0.8717540125826787
11/06/2018 06:14:36 PM Filtering u and v at plevel 0.8251018703001956
11/06/2018 06:14:41 PM Filtering u and v at plevel 0.7809450914447958
11/06/2018 06:14:45 PM Filtering u and v at plevel 0.7391477498279747
11/06/2018 06:14:49 PM Filtering u and v at plevel 0.6995784804292889
11/06/2018 06:14:54 PM Filtering u and v at plevel 0.6621085665908767
11/06/2018 06:14:58 PM Filtering u and v at plevel 0.6266097287784145
11/06/2018 06:15:03 PM Filtering u and v at plevel 0.592951685476526
11/06/2018 06:15:07 PM Filtering u and v at plevel 0.5609995761404118
11/06/2018 06:15:12 PM Filtering u and v at plevel 0.5306113557418541
11/06/2018 06:15:16 PM Filtering u and v at plevel 0.5016352961682442
11/06/2018 06:15:21 PM Filtering u and v at plevel 0.4739077683307861
11/06/2018 06:15:25 PM Filtering u and v at plevel 0.44725153763167325
11/06/2018 06:15:30 PM Filtering u and v at plevel 0.4214748913644697
11/06/2018 06:15:34 PM Filtering u and v at plevel 0.3963720342166585
11/06/2018 06:15:39 PM Filtering u and v at plevel 0.371725335892926
11/06/2018 06:15:43 PM Filtering u and v at plevel 0.34731017971440126
11/06/2018 06:15:48 PM Filtering u and v at plevel 0.32290330906438663
11/06/2018 06:15:52 PM Filtering u and v at plevel 0.29829563412593546
11/06/2018 06:15:57 PM Filtering u and v at plevel 0.27331033560806184
11/06/2018 06:16:01 PM Filtering u and v at plevel 0.2478266277557821
11/06/2018 06:16:05 PM Filtering u and v at plevel 0.22180852820217098
11/06/2018 06:16:10 PM Filtering u and v at plevel 0.19533625519570888
11/06/2018 06:16:14 PM Filtering u and v at plevel 0.1686353994868007
11/06/2018 06:16:19 PM Filtering u and v at plevel 0.1420960968927281
11/06/2018 06:16:23 PM Filtering u and v at plevel 0.1162719225588613
11/06/2018 06:16:28 PM Filtering u and v at plevel 0.0918477093601027
11/06/2018 06:16:32 PM Filtering u and v at plevel 0.06956901941712679
11/06/2018 06:16:37 PM Filtering u and v at plevel 0.050135221379808886
11/06/2018 06:16:41 PM Filtering u and v at plevel 0.03407262549982947
11/06/2018 06:16:46 PM Filtering u and v at plevel 0.021619597882391442
11/06/2018 06:16:50 PM Filtering u and v at plevel 0.012663559404899662
11/06/2018 06:16:55 PM Filtering u and v at plevel 0.006761046642395754
11/06/2018 06:16:59 PM Filtering u and v at plevel 0.003243806249843405
11/06/2018 06:17:04 PM Filtering u and v at plevel 0.0013766083204391473
11/06/2018 06:17:08 PM Filtering u and v at plevel 0.0005077583032093046
11/06/2018 06:17:12 PM Filtering u and v at plevel 0.00015964567384570998
11/06/2018 06:17:17 PM Filtering u and v at plevel 2.710462927265426e-05
11/06/2018 06:17:21 PM calculated EKE
11/06/2018 06:17:29 PM saved EKE data
11/06/2018 06:17:29 PM EKE calculated !! Great !!
11/06/2018 06:17:34 PM destination folder created !
11/06/2018 06:17:35 PM ...........Calculate EKE.............6
11/06/2018 06:17:35 PM imported nc file
11/06/2018 06:19:00 PM imported coordinates
11/06/2018 06:21:17 PM imported pressure
11/06/2018 06:22:23 PM saved v_comp
11/06/2018 06:23:31 PM saved u_comp
11/06/2018 06:23:31 PM Filtering signal now
11/06/2018 06:23:38 PM Filtering u and v at plevel 0.9731199465677635
11/06/2018 06:23:42 PM Filtering u and v at plevel 0.9210435734946946
11/06/2018 06:23:47 PM Filtering u and v at plevel 0.8717540125826787
11/06/2018 06:23:51 PM Filtering u and v at plevel 0.8251018703001956
11/06/2018 06:23:56 PM Filtering u and v at plevel 0.7809450914447958
11/06/2018 06:24:00 PM Filtering u and v at plevel 0.7391477498279747
11/06/2018 06:24:05 PM Filtering u and v at plevel 0.6995784804292889
11/06/2018 06:24:09 PM Filtering u and v at plevel 0.6621085665908767
11/06/2018 06:24:14 PM Filtering u and v at plevel 0.6266097287784145
11/06/2018 06:24:18 PM Filtering u and v at plevel 0.592951685476526
11/06/2018 06:24:22 PM Filtering u and v at plevel 0.5609995761404118
11/06/2018 06:24:27 PM Filtering u and v at plevel 0.5306113557418541
11/06/2018 06:24:31 PM Filtering u and v at plevel 0.5016352961682442
11/06/2018 06:24:36 PM Filtering u and v at plevel 0.4739077683307861
11/06/2018 06:24:40 PM Filtering u and v at plevel 0.44725153763167325
11/06/2018 06:24:45 PM Filtering u and v at plevel 0.4214748913644697
11/06/2018 06:24:49 PM Filtering u and v at plevel 0.3963720342166585
11/06/2018 06:24:54 PM Filtering u and v at plevel 0.371725335892926
11/06/2018 06:24:58 PM Filtering u and v at plevel 0.34731017971440126
11/06/2018 06:25:03 PM Filtering u and v at plevel 0.32290330906438663
11/06/2018 06:25:07 PM Filtering u and v at plevel 0.29829563412593546
11/06/2018 06:25:12 PM Filtering u and v at plevel 0.27331033560806184
11/06/2018 06:25:16 PM Filtering u and v at plevel 0.2478266277557821
11/06/2018 06:25:20 PM Filtering u and v at plevel 0.22180852820217098
11/06/2018 06:25:25 PM Filtering u and v at plevel 0.19533625519570888
11/06/2018 06:25:29 PM Filtering u and v at plevel 0.1686353994868007
11/06/2018 06:25:34 PM Filtering u and v at plevel 0.1420960968927281
11/06/2018 06:25:38 PM Filtering u and v at plevel 0.1162719225588613
11/06/2018 06:25:42 PM Filtering u and v at plevel 0.0918477093601027
11/06/2018 06:25:47 PM Filtering u and v at plevel 0.06956901941712679
11/06/2018 06:25:52 PM Filtering u and v at plevel 0.050135221379808886
11/06/2018 06:25:56 PM Filtering u and v at plevel 0.03407262549982947
11/06/2018 06:26:01 PM Filtering u and v at plevel 0.021619597882391442
11/06/2018 06:26:05 PM Filtering u and v at plevel 0.012663559404899662
11/06/2018 06:26:09 PM Filtering u and v at plevel 0.006761046642395754
11/06/2018 06:26:14 PM Filtering u and v at plevel 0.003243806249843405
11/06/2018 06:26:18 PM Filtering u and v at plevel 0.0013766083204391473
11/06/2018 06:26:23 PM Filtering u and v at plevel 0.0005077583032093046
11/06/2018 06:26:27 PM Filtering u and v at plevel 0.00015964567384570998
11/06/2018 06:26:31 PM Filtering u and v at plevel 2.710462927265426e-05
11/06/2018 06:26:35 PM calculated EKE
11/06/2018 06:26:43 PM saved EKE data
11/06/2018 06:26:43 PM EKE calculated !! Great !!
11/06/2018 06:26:48 PM destination folder created !
11/06/2018 06:26:48 PM ...........Calculate EKE.............7
11/06/2018 06:26:48 PM imported nc file
11/06/2018 06:28:17 PM imported coordinates
11/06/2018 06:30:30 PM imported pressure
11/06/2018 06:31:37 PM saved v_comp
11/06/2018 06:32:44 PM saved u_comp
11/06/2018 06:32:44 PM Filtering signal now
11/06/2018 06:32:50 PM Filtering u and v at plevel 0.9731199465677635
11/06/2018 06:32:54 PM Filtering u and v at plevel 0.9210435734946946
11/06/2018 06:32:59 PM Filtering u and v at plevel 0.8717540125826787
11/06/2018 06:33:03 PM Filtering u and v at plevel 0.8251018703001956
11/06/2018 06:33:08 PM Filtering u and v at plevel 0.7809450914447958
11/06/2018 06:33:12 PM Filtering u and v at plevel 0.7391477498279747
11/06/2018 06:33:17 PM Filtering u and v at plevel 0.6995784804292889
11/06/2018 06:33:21 PM Filtering u and v at plevel 0.6621085665908767
11/06/2018 06:33:26 PM Filtering u and v at plevel 0.6266097287784145
11/06/2018 06:33:30 PM Filtering u and v at plevel 0.592951685476526
11/06/2018 06:33:34 PM Filtering u and v at plevel 0.5609995761404118
11/06/2018 06:33:39 PM Filtering u and v at plevel 0.5306113557418541
11/06/2018 06:33:43 PM Filtering u and v at plevel 0.5016352961682442
11/06/2018 06:33:48 PM Filtering u and v at plevel 0.4739077683307861
11/06/2018 06:33:52 PM Filtering u and v at plevel 0.44725153763167325
11/06/2018 06:33:57 PM Filtering u and v at plevel 0.4214748913644697
11/06/2018 06:34:01 PM Filtering u and v at plevel 0.3963720342166585
11/06/2018 06:34:06 PM Filtering u and v at plevel 0.371725335892926
11/06/2018 06:34:10 PM Filtering u and v at plevel 0.34731017971440126
11/06/2018 06:34:14 PM Filtering u and v at plevel 0.32290330906438663
11/06/2018 06:34:19 PM Filtering u and v at plevel 0.29829563412593546
11/06/2018 06:34:23 PM Filtering u and v at plevel 0.27331033560806184
11/06/2018 06:34:28 PM Filtering u and v at plevel 0.2478266277557821
11/06/2018 06:34:32 PM Filtering u and v at plevel 0.22180852820217098
11/06/2018 06:34:37 PM Filtering u and v at plevel 0.19533625519570888
11/06/2018 06:34:41 PM Filtering u and v at plevel 0.1686353994868007
11/06/2018 06:34:45 PM Filtering u and v at plevel 0.1420960968927281
11/06/2018 06:34:50 PM Filtering u and v at plevel 0.1162719225588613
11/06/2018 06:34:54 PM Filtering u and v at plevel 0.0918477093601027
11/06/2018 06:34:59 PM Filtering u and v at plevel 0.06956901941712679
11/06/2018 06:35:03 PM Filtering u and v at plevel 0.050135221379808886
11/06/2018 06:35:07 PM Filtering u and v at plevel 0.03407262549982947
11/06/2018 06:35:12 PM Filtering u and v at plevel 0.021619597882391442
11/06/2018 06:35:16 PM Filtering u and v at plevel 0.012663559404899662
11/06/2018 06:35:21 PM Filtering u and v at plevel 0.006761046642395754
11/06/2018 06:35:25 PM Filtering u and v at plevel 0.003243806249843405
11/06/2018 06:35:30 PM Filtering u and v at plevel 0.0013766083204391473
11/06/2018 06:35:34 PM Filtering u and v at plevel 0.0005077583032093046
11/06/2018 06:35:38 PM Filtering u and v at plevel 0.00015964567384570998
11/06/2018 06:35:43 PM Filtering u and v at plevel 2.710462927265426e-05
11/06/2018 06:35:47 PM calculated EKE
11/06/2018 06:35:55 PM saved EKE data
11/06/2018 06:35:55 PM EKE calculated !! Great !!
11/06/2018 06:35:59 PM destination folder created !
11/06/2018 06:35:59 PM ...........Calculate EKE.............8
11/06/2018 06:35:59 PM imported nc file
11/06/2018 06:37:30 PM imported coordinates
11/06/2018 06:39:38 PM imported pressure
11/06/2018 06:40:42 PM saved v_comp
11/06/2018 06:41:45 PM saved u_comp
11/06/2018 06:41:45 PM Filtering signal now
11/06/2018 06:41:51 PM Filtering u and v at plevel 0.9731199465677635
11/06/2018 06:41:55 PM Filtering u and v at plevel 0.9210435734946946
11/06/2018 06:42:00 PM Filtering u and v at plevel 0.8717540125826787
11/06/2018 06:42:04 PM Filtering u and v at plevel 0.8251018703001956
11/06/2018 06:42:08 PM Filtering u and v at plevel 0.7809450914447958
11/06/2018 06:42:13 PM Filtering u and v at plevel 0.7391477498279747
11/06/2018 06:42:17 PM Filtering u and v at plevel 0.6995784804292889
11/06/2018 06:42:22 PM Filtering u and v at plevel 0.6621085665908767
11/06/2018 06:42:26 PM Filtering u and v at plevel 0.6266097287784145
11/06/2018 06:42:30 PM Filtering u and v at plevel 0.592951685476526
11/06/2018 06:42:35 PM Filtering u and v at plevel 0.5609995761404118
11/06/2018 06:42:39 PM Filtering u and v at plevel 0.5306113557418541
11/06/2018 06:42:43 PM Filtering u and v at plevel 0.5016352961682442
11/06/2018 06:42:48 PM Filtering u and v at plevel 0.4739077683307861
11/06/2018 06:42:52 PM Filtering u and v at plevel 0.44725153763167325
11/06/2018 06:42:56 PM Filtering u and v at plevel 0.4214748913644697
11/06/2018 06:43:01 PM Filtering u and v at plevel 0.3963720342166585
11/06/2018 06:43:05 PM Filtering u and v at plevel 0.371725335892926
11/06/2018 06:43:09 PM Filtering u and v at plevel 0.34731017971440126
11/06/2018 06:43:14 PM Filtering u and v at plevel 0.32290330906438663
11/06/2018 06:43:18 PM Filtering u and v at plevel 0.29829563412593546
11/06/2018 06:43:23 PM Filtering u and v at plevel 0.27331033560806184
11/06/2018 06:43:27 PM Filtering u and v at plevel 0.2478266277557821
11/06/2018 06:43:31 PM Filtering u and v at plevel 0.22180852820217098
11/06/2018 06:43:36 PM Filtering u and v at plevel 0.19533625519570888
11/06/2018 06:43:40 PM Filtering u and v at plevel 0.1686353994868007
11/06/2018 06:43:44 PM Filtering u and v at plevel 0.1420960968927281
11/06/2018 06:43:49 PM Filtering u and v at plevel 0.1162719225588613
11/06/2018 06:43:53 PM Filtering u and v at plevel 0.0918477093601027
11/06/2018 06:43:58 PM Filtering u and v at plevel 0.06956901941712679
11/06/2018 06:44:02 PM Filtering u and v at plevel 0.050135221379808886
11/06/2018 06:44:06 PM Filtering u and v at plevel 0.03407262549982947
11/06/2018 06:44:11 PM Filtering u and v at plevel 0.021619597882391442
11/06/2018 06:44:15 PM Filtering u and v at plevel 0.012663559404899662
11/06/2018 06:44:19 PM Filtering u and v at plevel 0.006761046642395754
11/06/2018 06:44:24 PM Filtering u and v at plevel 0.003243806249843405
11/06/2018 06:44:28 PM Filtering u and v at plevel 0.0013766083204391473
11/06/2018 06:44:33 PM Filtering u and v at plevel 0.0005077583032093046
11/06/2018 06:44:37 PM Filtering u and v at plevel 0.00015964567384570998
11/06/2018 06:44:41 PM Filtering u and v at plevel 2.710462927265426e-05
11/06/2018 06:44:46 PM calculated EKE
11/06/2018 06:44:54 PM saved EKE data
11/06/2018 06:44:54 PM EKE calculated !! Great !!
11/06/2018 06:44:59 PM destination folder created !
11/06/2018 06:44:59 PM ...........Calculate EKE.............9
11/06/2018 06:44:59 PM imported nc file
11/06/2018 06:46:20 PM imported coordinates
11/06/2018 06:48:28 PM imported pressure
11/06/2018 06:49:31 PM saved v_comp
11/06/2018 06:50:35 PM saved u_comp
11/06/2018 06:50:35 PM Filtering signal now
11/06/2018 06:50:41 PM Filtering u and v at plevel 0.9731199465677635
11/06/2018 06:50:45 PM Filtering u and v at plevel 0.9210435734946946
11/06/2018 06:50:49 PM Filtering u and v at plevel 0.8717540125826787
11/06/2018 06:50:54 PM Filtering u and v at plevel 0.8251018703001956
11/06/2018 06:50:58 PM Filtering u and v at plevel 0.7809450914447958
11/06/2018 06:51:02 PM Filtering u and v at plevel 0.7391477498279747
11/06/2018 06:51:06 PM Filtering u and v at plevel 0.6995784804292889
11/06/2018 06:51:10 PM Filtering u and v at plevel 0.6621085665908767
11/06/2018 06:51:15 PM Filtering u and v at plevel 0.6266097287784145
11/06/2018 06:51:19 PM Filtering u and v at plevel 0.592951685476526
11/06/2018 06:51:23 PM Filtering u and v at plevel 0.5609995761404118
11/06/2018 06:51:27 PM Filtering u and v at plevel 0.5306113557418541
11/06/2018 06:51:31 PM Filtering u and v at plevel 0.5016352961682442
11/06/2018 06:51:36 PM Filtering u and v at plevel 0.4739077683307861
11/06/2018 06:51:40 PM Filtering u and v at plevel 0.44725153763167325
11/06/2018 06:51:44 PM Filtering u and v at plevel 0.4214748913644697
11/06/2018 06:51:48 PM Filtering u and v at plevel 0.3963720342166585
11/06/2018 06:51:53 PM Filtering u and v at plevel 0.371725335892926
11/06/2018 06:51:57 PM Filtering u and v at plevel 0.34731017971440126
11/06/2018 06:52:01 PM Filtering u and v at plevel 0.32290330906438663
11/06/2018 06:52:05 PM Filtering u and v at plevel 0.29829563412593546
11/06/2018 06:52:09 PM Filtering u and v at plevel 0.27331033560806184
11/06/2018 06:52:14 PM Filtering u and v at plevel 0.2478266277557821
11/06/2018 06:52:18 PM Filtering u and v at plevel 0.22180852820217098
11/06/2018 06:52:22 PM Filtering u and v at plevel 0.19533625519570888
11/06/2018 06:52:26 PM Filtering u and v at plevel 0.1686353994868007
11/06/2018 06:52:30 PM Filtering u and v at plevel 0.1420960968927281
11/06/2018 06:52:35 PM Filtering u and v at plevel 0.1162719225588613
11/06/2018 06:52:39 PM Filtering u and v at plevel 0.0918477093601027
11/06/2018 06:52:43 PM Filtering u and v at plevel 0.06956901941712679
11/06/2018 06:52:47 PM Filtering u and v at plevel 0.050135221379808886
11/06/2018 06:52:51 PM Filtering u and v at plevel 0.03407262549982947
11/06/2018 06:52:56 PM Filtering u and v at plevel 0.021619597882391442
11/06/2018 06:53:00 PM Filtering u and v at plevel 0.012663559404899662
11/06/2018 06:53:04 PM Filtering u and v at plevel 0.006761046642395754
11/06/2018 06:53:08 PM Filtering u and v at plevel 0.003243806249843405
11/06/2018 06:53:12 PM Filtering u and v at plevel 0.0013766083204391473
11/06/2018 06:53:17 PM Filtering u and v at plevel 0.0005077583032093046
11/06/2018 06:53:21 PM Filtering u and v at plevel 0.00015964567384570998
11/06/2018 06:53:25 PM Filtering u and v at plevel 2.710462927265426e-05
11/06/2018 06:53:30 PM calculated EKE
11/06/2018 06:53:38 PM saved EKE data
11/06/2018 06:53:38 PM EKE calculated !! Great !!
11/06/2018 06:53:40 PM ** INTERPOLATION ** 
11/06/2018 06:53:42 PM destination folder created !
11/06/2018 06:53:42 PM ----0----
11/06/2018 06:53:42 PM ----1----
11/06/2018 06:53:42 PM ----2----
11/06/2018 06:53:42 PM ----3----
11/06/2018 06:53:42 PM ----4----
11/06/2018 06:53:42 PM ----5----
11/06/2018 06:53:42 PM ----6----
11/06/2018 06:53:42 PM ----7----
11/06/2018 06:53:42 PM ----8----
11/06/2018 06:53:42 PM ----9----
11/06/2018 06:53:45 PM Calculated interpolation
11/06/2018 06:53:45 PM Saved raw data interp dictionary
11/06/2018 06:53:45 PM Looks great !!
