11/06/2018 05:26:39 PM ...........Calculate EKE.............0
11/06/2018 05:26:39 PM imported nc file
11/06/2018 05:28:05 PM imported coordinates
11/06/2018 05:30:12 PM imported pressure
11/06/2018 05:31:12 PM saved v_comp
11/06/2018 05:32:14 PM saved u_comp
11/06/2018 05:32:14 PM Filtering signal now
11/06/2018 05:32:21 PM Filtering u and v at plevel 0.9731199465677635
11/06/2018 05:32:25 PM Filtering u and v at plevel 0.9210435734946946
11/06/2018 05:32:30 PM Filtering u and v at plevel 0.8717540125826787
11/06/2018 05:32:34 PM Filtering u and v at plevel 0.8251018703001956
11/06/2018 05:32:38 PM Filtering u and v at plevel 0.7809450914447958
11/06/2018 05:32:43 PM Filtering u and v at plevel 0.7391477498279747
11/06/2018 05:32:47 PM Filtering u and v at plevel 0.6995784804292889
11/06/2018 05:32:52 PM Filtering u and v at plevel 0.6621085665908767
11/06/2018 05:32:56 PM Filtering u and v at plevel 0.6266097287784145
11/06/2018 05:33:01 PM Filtering u and v at plevel 0.592951685476526
11/06/2018 05:33:05 PM Filtering u and v at plevel 0.5609995761404118
11/06/2018 05:33:10 PM Filtering u and v at plevel 0.5306113557418541
11/06/2018 05:33:15 PM Filtering u and v at plevel 0.5016352961682442
11/06/2018 05:33:19 PM Filtering u and v at plevel 0.4739077683307861
11/06/2018 05:33:23 PM Filtering u and v at plevel 0.44725153763167325
11/06/2018 05:33:28 PM Filtering u and v at plevel 0.4214748913644697
11/06/2018 05:33:33 PM Filtering u and v at plevel 0.3963720342166585
11/06/2018 05:33:37 PM Filtering u and v at plevel 0.371725335892926
11/06/2018 05:33:42 PM Filtering u and v at plevel 0.34731017971440126
11/06/2018 05:33:46 PM Filtering u and v at plevel 0.32290330906438663
11/06/2018 05:33:51 PM Filtering u and v at plevel 0.29829563412593546
11/06/2018 05:33:55 PM Filtering u and v at plevel 0.27331033560806184
11/06/2018 05:33:59 PM Filtering u and v at plevel 0.2478266277557821
11/06/2018 05:34:04 PM Filtering u and v at plevel 0.22180852820217098
11/06/2018 05:34:08 PM Filtering u and v at plevel 0.19533625519570888
11/06/2018 05:34:13 PM Filtering u and v at plevel 0.1686353994868007
11/06/2018 05:34:17 PM Filtering u and v at plevel 0.1420960968927281
11/06/2018 05:34:22 PM Filtering u and v at plevel 0.1162719225588613
11/06/2018 05:34:26 PM Filtering u and v at plevel 0.0918477093601027
11/06/2018 05:34:31 PM Filtering u and v at plevel 0.06956901941712679
11/06/2018 05:34:35 PM Filtering u and v at plevel 0.050135221379808886
11/06/2018 05:34:40 PM Filtering u and v at plevel 0.03407262549982947
11/06/2018 05:34:44 PM Filtering u and v at plevel 0.021619597882391442
11/06/2018 05:34:49 PM Filtering u and v at plevel 0.012663559404899662
11/06/2018 05:34:53 PM Filtering u and v at plevel 0.006761046642395754
11/06/2018 05:34:58 PM Filtering u and v at plevel 0.003243806249843405
11/06/2018 05:35:02 PM Filtering u and v at plevel 0.0013766083204391473
11/06/2018 05:35:07 PM Filtering u and v at plevel 0.0005077583032093046
11/06/2018 05:35:11 PM Filtering u and v at plevel 0.00015964567384570998
11/06/2018 05:35:16 PM Filtering u and v at plevel 2.710462927265426e-05
11/06/2018 05:35:20 PM calculated EKE
11/06/2018 05:35:29 PM saved EKE data
11/06/2018 05:35:29 PM EKE calculated !! Great !!
11/06/2018 05:35:35 PM destination folder created !
11/06/2018 05:35:35 PM ...........Calculate EKE.............1
11/06/2018 05:35:35 PM imported nc file
11/06/2018 05:37:07 PM imported coordinates
11/06/2018 05:39:20 PM imported pressure
11/06/2018 05:40:28 PM saved v_comp
11/06/2018 05:41:30 PM saved u_comp
11/06/2018 05:41:30 PM Filtering signal now
11/06/2018 05:41:37 PM Filtering u and v at plevel 0.9731199465677635
11/06/2018 05:41:42 PM Filtering u and v at plevel 0.9210435734946946
11/06/2018 05:41:47 PM Filtering u and v at plevel 0.8717540125826787
11/06/2018 05:41:51 PM Filtering u and v at plevel 0.8251018703001956
11/06/2018 05:41:56 PM Filtering u and v at plevel 0.7809450914447958
11/06/2018 05:42:01 PM Filtering u and v at plevel 0.7391477498279747
11/06/2018 05:42:06 PM Filtering u and v at plevel 0.6995784804292889
11/06/2018 05:42:11 PM Filtering u and v at plevel 0.6621085665908767
11/06/2018 05:42:16 PM Filtering u and v at plevel 0.6266097287784145
11/06/2018 05:42:20 PM Filtering u and v at plevel 0.592951685476526
11/06/2018 05:42:25 PM Filtering u and v at plevel 0.5609995761404118
11/06/2018 05:42:29 PM Filtering u and v at plevel 0.5306113557418541
11/06/2018 05:42:34 PM Filtering u and v at plevel 0.5016352961682442
11/06/2018 05:42:38 PM Filtering u and v at plevel 0.4739077683307861
11/06/2018 05:42:43 PM Filtering u and v at plevel 0.44725153763167325
11/06/2018 05:42:47 PM Filtering u and v at plevel 0.4214748913644697
11/06/2018 05:42:52 PM Filtering u and v at plevel 0.3963720342166585
11/06/2018 05:42:56 PM Filtering u and v at plevel 0.371725335892926
11/06/2018 05:43:00 PM Filtering u and v at plevel 0.34731017971440126
11/06/2018 05:43:05 PM Filtering u and v at plevel 0.32290330906438663
11/06/2018 05:43:09 PM Filtering u and v at plevel 0.29829563412593546
11/06/2018 05:43:14 PM Filtering u and v at plevel 0.27331033560806184
11/06/2018 05:43:19 PM Filtering u and v at plevel 0.2478266277557821
11/06/2018 05:43:23 PM Filtering u and v at plevel 0.22180852820217098
11/06/2018 05:43:28 PM Filtering u and v at plevel 0.19533625519570888
11/06/2018 05:43:32 PM Filtering u and v at plevel 0.1686353994868007
11/06/2018 05:43:37 PM Filtering u and v at plevel 0.1420960968927281
11/06/2018 05:43:41 PM Filtering u and v at plevel 0.1162719225588613
11/06/2018 05:43:46 PM Filtering u and v at plevel 0.0918477093601027
11/06/2018 05:43:51 PM Filtering u and v at plevel 0.06956901941712679
11/06/2018 05:43:55 PM Filtering u and v at plevel 0.050135221379808886
11/06/2018 05:44:00 PM Filtering u and v at plevel 0.03407262549982947
11/06/2018 05:44:04 PM Filtering u and v at plevel 0.021619597882391442
11/06/2018 05:44:09 PM Filtering u and v at plevel 0.012663559404899662
11/06/2018 05:44:13 PM Filtering u and v at plevel 0.006761046642395754
11/06/2018 05:44:18 PM Filtering u and v at plevel 0.003243806249843405
11/06/2018 05:44:22 PM Filtering u and v at plevel 0.0013766083204391473
11/06/2018 05:44:27 PM Filtering u and v at plevel 0.0005077583032093046
11/06/2018 05:44:31 PM Filtering u and v at plevel 0.00015964567384570998
11/06/2018 05:44:36 PM Filtering u and v at plevel 2.710462927265426e-05
11/06/2018 05:44:41 PM calculated EKE
11/06/2018 05:44:49 PM saved EKE data
11/06/2018 05:44:49 PM EKE calculated !! Great !!
11/06/2018 05:44:54 PM destination folder created !
11/06/2018 05:44:54 PM ...........Calculate EKE.............2
11/06/2018 05:44:54 PM imported nc file
11/06/2018 05:46:36 PM imported coordinates
11/06/2018 05:48:48 PM imported pressure
11/06/2018 05:49:55 PM saved v_comp
11/06/2018 05:51:01 PM saved u_comp
11/06/2018 05:51:01 PM Filtering signal now
11/06/2018 05:51:08 PM Filtering u and v at plevel 0.9731199465677635
11/06/2018 05:51:13 PM Filtering u and v at plevel 0.9210435734946946
11/06/2018 05:51:18 PM Filtering u and v at plevel 0.8717540125826787
11/06/2018 05:51:23 PM Filtering u and v at plevel 0.8251018703001956
11/06/2018 05:51:28 PM Filtering u and v at plevel 0.7809450914447958
11/06/2018 05:51:33 PM Filtering u and v at plevel 0.7391477498279747
11/06/2018 05:51:39 PM Filtering u and v at plevel 0.6995784804292889
11/06/2018 05:51:44 PM Filtering u and v at plevel 0.6621085665908767
11/06/2018 05:51:49 PM Filtering u and v at plevel 0.6266097287784145
11/06/2018 05:51:54 PM Filtering u and v at plevel 0.592951685476526
11/06/2018 05:51:59 PM Filtering u and v at plevel 0.5609995761404118
11/06/2018 05:52:04 PM Filtering u and v at plevel 0.5306113557418541
11/06/2018 05:52:09 PM Filtering u and v at plevel 0.5016352961682442
11/06/2018 05:52:14 PM Filtering u and v at plevel 0.4739077683307861
11/06/2018 05:52:18 PM Filtering u and v at plevel 0.44725153763167325
11/06/2018 05:52:23 PM Filtering u and v at plevel 0.4214748913644697
11/06/2018 05:52:28 PM Filtering u and v at plevel 0.3963720342166585
11/06/2018 05:52:33 PM Filtering u and v at plevel 0.371725335892926
11/06/2018 05:52:37 PM Filtering u and v at plevel 0.34731017971440126
11/06/2018 05:52:42 PM Filtering u and v at plevel 0.32290330906438663
11/06/2018 05:52:47 PM Filtering u and v at plevel 0.29829563412593546
11/06/2018 05:52:52 PM Filtering u and v at plevel 0.27331033560806184
11/06/2018 05:52:57 PM Filtering u and v at plevel 0.2478266277557821
11/06/2018 05:53:01 PM Filtering u and v at plevel 0.22180852820217098
11/06/2018 05:53:06 PM Filtering u and v at plevel 0.19533625519570888
11/06/2018 05:53:11 PM Filtering u and v at plevel 0.1686353994868007
11/06/2018 05:53:16 PM Filtering u and v at plevel 0.1420960968927281
11/06/2018 05:53:20 PM Filtering u and v at plevel 0.1162719225588613
11/06/2018 05:53:25 PM Filtering u and v at plevel 0.0918477093601027
11/06/2018 05:53:30 PM Filtering u and v at plevel 0.06956901941712679
11/06/2018 05:53:35 PM Filtering u and v at plevel 0.050135221379808886
11/06/2018 05:53:40 PM Filtering u and v at plevel 0.03407262549982947
11/06/2018 05:53:44 PM Filtering u and v at plevel 0.021619597882391442
11/06/2018 05:53:49 PM Filtering u and v at plevel 0.012663559404899662
11/06/2018 05:53:54 PM Filtering u and v at plevel 0.006761046642395754
11/06/2018 05:53:59 PM Filtering u and v at plevel 0.003243806249843405
11/06/2018 05:54:03 PM Filtering u and v at plevel 0.0013766083204391473
11/06/2018 05:54:08 PM Filtering u and v at plevel 0.0005077583032093046
11/06/2018 05:54:13 PM Filtering u and v at plevel 0.00015964567384570998
11/06/2018 05:54:18 PM Filtering u and v at plevel 2.710462927265426e-05
11/06/2018 05:54:22 PM calculated EKE
11/06/2018 05:54:31 PM saved EKE data
11/06/2018 05:54:31 PM EKE calculated !! Great !!
11/06/2018 05:54:37 PM destination folder created !
11/06/2018 05:54:37 PM ...........Calculate EKE.............3
11/06/2018 05:54:37 PM imported nc file
11/06/2018 05:56:16 PM imported coordinates
11/06/2018 05:58:27 PM imported pressure
11/06/2018 05:59:32 PM saved v_comp
11/06/2018 06:00:38 PM saved u_comp
11/06/2018 06:00:38 PM Filtering signal now
11/06/2018 06:00:44 PM Filtering u and v at plevel 0.9731199465677635
11/06/2018 06:00:49 PM Filtering u and v at plevel 0.9210435734946946
11/06/2018 06:00:53 PM Filtering u and v at plevel 0.8717540125826787
11/06/2018 06:00:57 PM Filtering u and v at plevel 0.8251018703001956
11/06/2018 06:01:02 PM Filtering u and v at plevel 0.7809450914447958
11/06/2018 06:01:06 PM Filtering u and v at plevel 0.7391477498279747
11/06/2018 06:01:10 PM Filtering u and v at plevel 0.6995784804292889
11/06/2018 06:01:15 PM Filtering u and v at plevel 0.6621085665908767
11/06/2018 06:01:19 PM Filtering u and v at plevel 0.6266097287784145
11/06/2018 06:01:24 PM Filtering u and v at plevel 0.592951685476526
11/06/2018 06:01:28 PM Filtering u and v at plevel 0.5609995761404118
11/06/2018 06:01:32 PM Filtering u and v at plevel 0.5306113557418541
11/06/2018 06:01:37 PM Filtering u and v at plevel 0.5016352961682442
11/06/2018 06:01:41 PM Filtering u and v at plevel 0.4739077683307861
11/06/2018 06:01:45 PM Filtering u and v at plevel 0.44725153763167325
11/06/2018 06:01:50 PM Filtering u and v at plevel 0.4214748913644697
11/06/2018 06:01:54 PM Filtering u and v at plevel 0.3963720342166585
11/06/2018 06:01:59 PM Filtering u and v at plevel 0.371725335892926
11/06/2018 06:02:03 PM Filtering u and v at plevel 0.34731017971440126
11/06/2018 06:02:08 PM Filtering u and v at plevel 0.32290330906438663
11/06/2018 06:02:12 PM Filtering u and v at plevel 0.29829563412593546
11/06/2018 06:02:16 PM Filtering u and v at plevel 0.27331033560806184
11/06/2018 06:02:20 PM Filtering u and v at plevel 0.2478266277557821
11/06/2018 06:02:25 PM Filtering u and v at plevel 0.22180852820217098
11/06/2018 06:02:29 PM Filtering u and v at plevel 0.19533625519570888
11/06/2018 06:02:33 PM Filtering u and v at plevel 0.1686353994868007
11/06/2018 06:02:38 PM Filtering u and v at plevel 0.1420960968927281
11/06/2018 06:02:42 PM Filtering u and v at plevel 0.1162719225588613
11/06/2018 06:02:46 PM Filtering u and v at plevel 0.0918477093601027
11/06/2018 06:02:51 PM Filtering u and v at plevel 0.06956901941712679
11/06/2018 06:02:55 PM Filtering u and v at plevel 0.050135221379808886
11/06/2018 06:02:59 PM Filtering u and v at plevel 0.03407262549982947
11/06/2018 06:03:03 PM Filtering u and v at plevel 0.021619597882391442
11/06/2018 06:03:08 PM Filtering u and v at plevel 0.012663559404899662
11/06/2018 06:03:12 PM Filtering u and v at plevel 0.006761046642395754
11/06/2018 06:03:16 PM Filtering u and v at plevel 0.003243806249843405
11/06/2018 06:03:21 PM Filtering u and v at plevel 0.0013766083204391473
11/06/2018 06:03:25 PM Filtering u and v at plevel 0.0005077583032093046
11/06/2018 06:03:30 PM Filtering u and v at plevel 0.00015964567384570998
11/06/2018 06:03:34 PM Filtering u and v at plevel 2.710462927265426e-05
11/06/2018 06:03:39 PM calculated EKE
11/06/2018 06:03:47 PM saved EKE data
11/06/2018 06:03:47 PM EKE calculated !! Great !!
11/06/2018 06:03:52 PM destination folder created !
11/06/2018 06:03:52 PM ...........Calculate EKE.............4
11/06/2018 06:03:52 PM imported nc file
11/06/2018 06:05:12 PM imported coordinates
11/06/2018 06:07:23 PM imported pressure
11/06/2018 06:08:35 PM saved v_comp
11/06/2018 06:09:35 PM saved u_comp
11/06/2018 06:09:35 PM Filtering signal now
11/06/2018 06:09:41 PM Filtering u and v at plevel 0.9731199465677635
11/06/2018 06:09:46 PM Filtering u and v at plevel 0.9210435734946946
11/06/2018 06:09:50 PM Filtering u and v at plevel 0.8717540125826787
11/06/2018 06:09:55 PM Filtering u and v at plevel 0.8251018703001956
11/06/2018 06:09:59 PM Filtering u and v at plevel 0.7809450914447958
11/06/2018 06:10:03 PM Filtering u and v at plevel 0.7391477498279747
11/06/2018 06:10:08 PM Filtering u and v at plevel 0.6995784804292889
11/06/2018 06:10:12 PM Filtering u and v at plevel 0.6621085665908767
11/06/2018 06:10:17 PM Filtering u and v at plevel 0.6266097287784145
11/06/2018 06:10:21 PM Filtering u and v at plevel 0.592951685476526
11/06/2018 06:10:26 PM Filtering u and v at plevel 0.5609995761404118
11/06/2018 06:10:30 PM Filtering u and v at plevel 0.5306113557418541
11/06/2018 06:10:35 PM Filtering u and v at plevel 0.5016352961682442
11/06/2018 06:10:39 PM Filtering u and v at plevel 0.4739077683307861
11/06/2018 06:10:44 PM Filtering u and v at plevel 0.44725153763167325
11/06/2018 06:10:48 PM Filtering u and v at plevel 0.4214748913644697
11/06/2018 06:10:53 PM Filtering u and v at plevel 0.3963720342166585
11/06/2018 06:10:57 PM Filtering u and v at plevel 0.371725335892926
11/06/2018 06:11:01 PM Filtering u and v at plevel 0.34731017971440126
11/06/2018 06:11:06 PM Filtering u and v at plevel 0.32290330906438663
11/06/2018 06:11:10 PM Filtering u and v at plevel 0.29829563412593546
11/06/2018 06:11:15 PM Filtering u and v at plevel 0.27331033560806184
11/06/2018 06:11:19 PM Filtering u and v at plevel 0.2478266277557821
11/06/2018 06:11:24 PM Filtering u and v at plevel 0.22180852820217098
11/06/2018 06:11:28 PM Filtering u and v at plevel 0.19533625519570888
11/06/2018 06:11:33 PM Filtering u and v at plevel 0.1686353994868007
11/06/2018 06:11:37 PM Filtering u and v at plevel 0.1420960968927281
11/06/2018 06:11:42 PM Filtering u and v at plevel 0.1162719225588613
11/06/2018 06:11:46 PM Filtering u and v at plevel 0.0918477093601027
11/06/2018 06:11:51 PM Filtering u and v at plevel 0.06956901941712679
11/06/2018 06:11:55 PM Filtering u and v at plevel 0.050135221379808886
11/06/2018 06:12:00 PM Filtering u and v at plevel 0.03407262549982947
11/06/2018 06:12:04 PM Filtering u and v at plevel 0.021619597882391442
11/06/2018 06:12:09 PM Filtering u and v at plevel 0.012663559404899662
11/06/2018 06:12:13 PM Filtering u and v at plevel 0.006761046642395754
11/06/2018 06:12:18 PM Filtering u and v at plevel 0.003243806249843405
11/06/2018 06:12:22 PM Filtering u and v at plevel 0.0013766083204391473
11/06/2018 06:12:26 PM Filtering u and v at plevel 0.0005077583032093046
11/06/2018 06:12:31 PM Filtering u and v at plevel 0.00015964567384570998
11/06/2018 06:12:35 PM Filtering u and v at plevel 2.710462927265426e-05
11/06/2018 06:12:40 PM calculated EKE
11/06/2018 06:12:48 PM saved EKE data
11/06/2018 06:12:48 PM EKE calculated !! Great !!
11/06/2018 06:12:54 PM destination folder created !
11/06/2018 06:12:54 PM ...........Calculate EKE.............5
11/06/2018 06:12:54 PM imported nc file
11/06/2018 06:14:34 PM imported coordinates
11/06/2018 06:16:53 PM imported pressure
11/06/2018 06:18:00 PM saved v_comp
11/06/2018 06:19:03 PM saved u_comp
11/06/2018 06:19:03 PM Filtering signal now
11/06/2018 06:19:10 PM Filtering u and v at plevel 0.9731199465677635
11/06/2018 06:19:14 PM Filtering u and v at plevel 0.9210435734946946
11/06/2018 06:19:19 PM Filtering u and v at plevel 0.8717540125826787
11/06/2018 06:19:24 PM Filtering u and v at plevel 0.8251018703001956
11/06/2018 06:19:28 PM Filtering u and v at plevel 0.7809450914447958
11/06/2018 06:19:33 PM Filtering u and v at plevel 0.7391477498279747
11/06/2018 06:19:37 PM Filtering u and v at plevel 0.6995784804292889
11/06/2018 06:19:42 PM Filtering u and v at plevel 0.6621085665908767
11/06/2018 06:19:46 PM Filtering u and v at plevel 0.6266097287784145
11/06/2018 06:19:51 PM Filtering u and v at plevel 0.592951685476526
11/06/2018 06:19:55 PM Filtering u and v at plevel 0.5609995761404118
11/06/2018 06:20:00 PM Filtering u and v at plevel 0.5306113557418541
11/06/2018 06:20:04 PM Filtering u and v at plevel 0.5016352961682442
11/06/2018 06:20:09 PM Filtering u and v at plevel 0.4739077683307861
11/06/2018 06:20:13 PM Filtering u and v at plevel 0.44725153763167325
11/06/2018 06:20:18 PM Filtering u and v at plevel 0.4214748913644697
11/06/2018 06:20:23 PM Filtering u and v at plevel 0.3963720342166585
11/06/2018 06:20:27 PM Filtering u and v at plevel 0.371725335892926
11/06/2018 06:20:32 PM Filtering u and v at plevel 0.34731017971440126
11/06/2018 06:20:36 PM Filtering u and v at plevel 0.32290330906438663
11/06/2018 06:20:41 PM Filtering u and v at plevel 0.29829563412593546
11/06/2018 06:20:45 PM Filtering u and v at plevel 0.27331033560806184
11/06/2018 06:20:50 PM Filtering u and v at plevel 0.2478266277557821
11/06/2018 06:20:54 PM Filtering u and v at plevel 0.22180852820217098
11/06/2018 06:20:59 PM Filtering u and v at plevel 0.19533625519570888
11/06/2018 06:21:03 PM Filtering u and v at plevel 0.1686353994868007
11/06/2018 06:21:08 PM Filtering u and v at plevel 0.1420960968927281
11/06/2018 06:21:13 PM Filtering u and v at plevel 0.1162719225588613
11/06/2018 06:21:17 PM Filtering u and v at plevel 0.0918477093601027
11/06/2018 06:21:22 PM Filtering u and v at plevel 0.06956901941712679
11/06/2018 06:21:26 PM Filtering u and v at plevel 0.050135221379808886
11/06/2018 06:21:31 PM Filtering u and v at plevel 0.03407262549982947
11/06/2018 06:21:35 PM Filtering u and v at plevel 0.021619597882391442
11/06/2018 06:21:40 PM Filtering u and v at plevel 0.012663559404899662
11/06/2018 06:21:44 PM Filtering u and v at plevel 0.006761046642395754
11/06/2018 06:21:49 PM Filtering u and v at plevel 0.003243806249843405
11/06/2018 06:21:53 PM Filtering u and v at plevel 0.0013766083204391473
11/06/2018 06:21:58 PM Filtering u and v at plevel 0.0005077583032093046
11/06/2018 06:22:02 PM Filtering u and v at plevel 0.00015964567384570998
11/06/2018 06:22:07 PM Filtering u and v at plevel 2.710462927265426e-05
11/06/2018 06:22:11 PM calculated EKE
11/06/2018 06:22:19 PM saved EKE data
11/06/2018 06:22:19 PM EKE calculated !! Great !!
11/06/2018 06:22:25 PM destination folder created !
11/06/2018 06:22:25 PM ...........Calculate EKE.............6
11/06/2018 06:22:25 PM imported nc file
11/06/2018 06:23:56 PM imported coordinates
11/06/2018 06:26:06 PM imported pressure
11/06/2018 06:27:09 PM saved v_comp
11/06/2018 06:28:15 PM saved u_comp
11/06/2018 06:28:15 PM Filtering signal now
11/06/2018 06:28:21 PM Filtering u and v at plevel 0.9731199465677635
11/06/2018 06:28:25 PM Filtering u and v at plevel 0.9210435734946946
11/06/2018 06:28:30 PM Filtering u and v at plevel 0.8717540125826787
11/06/2018 06:28:34 PM Filtering u and v at plevel 0.8251018703001956
11/06/2018 06:28:39 PM Filtering u and v at plevel 0.7809450914447958
11/06/2018 06:28:43 PM Filtering u and v at plevel 0.7391477498279747
11/06/2018 06:28:47 PM Filtering u and v at plevel 0.6995784804292889
11/06/2018 06:28:51 PM Filtering u and v at plevel 0.6621085665908767
11/06/2018 06:28:56 PM Filtering u and v at plevel 0.6266097287784145
11/06/2018 06:29:00 PM Filtering u and v at plevel 0.592951685476526
11/06/2018 06:29:04 PM Filtering u and v at plevel 0.5609995761404118
11/06/2018 06:29:09 PM Filtering u and v at plevel 0.5306113557418541
11/06/2018 06:29:13 PM Filtering u and v at plevel 0.5016352961682442
11/06/2018 06:29:17 PM Filtering u and v at plevel 0.4739077683307861
11/06/2018 06:29:22 PM Filtering u and v at plevel 0.44725153763167325
11/06/2018 06:29:26 PM Filtering u and v at plevel 0.4214748913644697
11/06/2018 06:29:30 PM Filtering u and v at plevel 0.3963720342166585
11/06/2018 06:29:34 PM Filtering u and v at plevel 0.371725335892926
11/06/2018 06:29:39 PM Filtering u and v at plevel 0.34731017971440126
11/06/2018 06:29:43 PM Filtering u and v at plevel 0.32290330906438663
11/06/2018 06:29:47 PM Filtering u and v at plevel 0.29829563412593546
11/06/2018 06:29:52 PM Filtering u and v at plevel 0.27331033560806184
11/06/2018 06:29:56 PM Filtering u and v at plevel 0.2478266277557821
11/06/2018 06:30:00 PM Filtering u and v at plevel 0.22180852820217098
11/06/2018 06:30:05 PM Filtering u and v at plevel 0.19533625519570888
11/06/2018 06:30:09 PM Filtering u and v at plevel 0.1686353994868007
11/06/2018 06:30:13 PM Filtering u and v at plevel 0.1420960968927281
11/06/2018 06:30:18 PM Filtering u and v at plevel 0.1162719225588613
11/06/2018 06:30:22 PM Filtering u and v at plevel 0.0918477093601027
11/06/2018 06:30:26 PM Filtering u and v at plevel 0.06956901941712679
11/06/2018 06:30:31 PM Filtering u and v at plevel 0.050135221379808886
11/06/2018 06:30:35 PM Filtering u and v at plevel 0.03407262549982947
11/06/2018 06:30:39 PM Filtering u and v at plevel 0.021619597882391442
11/06/2018 06:30:44 PM Filtering u and v at plevel 0.012663559404899662
11/06/2018 06:30:48 PM Filtering u and v at plevel 0.006761046642395754
11/06/2018 06:30:52 PM Filtering u and v at plevel 0.003243806249843405
11/06/2018 06:30:57 PM Filtering u and v at plevel 0.0013766083204391473
11/06/2018 06:31:01 PM Filtering u and v at plevel 0.0005077583032093046
11/06/2018 06:31:05 PM Filtering u and v at plevel 0.00015964567384570998
11/06/2018 06:31:09 PM Filtering u and v at plevel 2.710462927265426e-05
11/06/2018 06:31:14 PM calculated EKE
11/06/2018 06:31:21 PM saved EKE data
11/06/2018 06:31:21 PM EKE calculated !! Great !!
11/06/2018 06:31:28 PM destination folder created !
11/06/2018 06:31:28 PM ...........Calculate EKE.............7
11/06/2018 06:31:28 PM imported nc file
11/06/2018 06:32:57 PM imported coordinates
11/06/2018 06:35:11 PM imported pressure
11/06/2018 06:36:13 PM saved v_comp
11/06/2018 06:37:19 PM saved u_comp
11/06/2018 06:37:19 PM Filtering signal now
11/06/2018 06:37:26 PM Filtering u and v at plevel 0.9731199465677635
11/06/2018 06:37:30 PM Filtering u and v at plevel 0.9210435734946946
11/06/2018 06:37:34 PM Filtering u and v at plevel 0.8717540125826787
11/06/2018 06:37:38 PM Filtering u and v at plevel 0.8251018703001956
11/06/2018 06:37:43 PM Filtering u and v at plevel 0.7809450914447958
11/06/2018 06:37:47 PM Filtering u and v at plevel 0.7391477498279747
11/06/2018 06:37:51 PM Filtering u and v at plevel 0.6995784804292889
11/06/2018 06:37:56 PM Filtering u and v at plevel 0.6621085665908767
11/06/2018 06:38:00 PM Filtering u and v at plevel 0.6266097287784145
11/06/2018 06:38:04 PM Filtering u and v at plevel 0.592951685476526
11/06/2018 06:38:09 PM Filtering u and v at plevel 0.5609995761404118
11/06/2018 06:38:13 PM Filtering u and v at plevel 0.5306113557418541
11/06/2018 06:38:17 PM Filtering u and v at plevel 0.5016352961682442
11/06/2018 06:38:21 PM Filtering u and v at plevel 0.4739077683307861
11/06/2018 06:38:26 PM Filtering u and v at plevel 0.44725153763167325
11/06/2018 06:38:30 PM Filtering u and v at plevel 0.4214748913644697
11/06/2018 06:38:35 PM Filtering u and v at plevel 0.3963720342166585
11/06/2018 06:38:39 PM Filtering u and v at plevel 0.371725335892926
11/06/2018 06:38:43 PM Filtering u and v at plevel 0.34731017971440126
11/06/2018 06:38:48 PM Filtering u and v at plevel 0.32290330906438663
11/06/2018 06:38:52 PM Filtering u and v at plevel 0.29829563412593546
11/06/2018 06:38:56 PM Filtering u and v at plevel 0.27331033560806184
11/06/2018 06:39:01 PM Filtering u and v at plevel 0.2478266277557821
11/06/2018 06:39:05 PM Filtering u and v at plevel 0.22180852820217098
11/06/2018 06:39:09 PM Filtering u and v at plevel 0.19533625519570888
11/06/2018 06:39:14 PM Filtering u and v at plevel 0.1686353994868007
11/06/2018 06:39:18 PM Filtering u and v at plevel 0.1420960968927281
11/06/2018 06:39:22 PM Filtering u and v at plevel 0.1162719225588613
11/06/2018 06:39:27 PM Filtering u and v at plevel 0.0918477093601027
11/06/2018 06:39:31 PM Filtering u and v at plevel 0.06956901941712679
11/06/2018 06:39:35 PM Filtering u and v at plevel 0.050135221379808886
11/06/2018 06:39:40 PM Filtering u and v at plevel 0.03407262549982947
11/06/2018 06:39:44 PM Filtering u and v at plevel 0.021619597882391442
11/06/2018 06:39:48 PM Filtering u and v at plevel 0.012663559404899662
11/06/2018 06:39:53 PM Filtering u and v at plevel 0.006761046642395754
11/06/2018 06:39:57 PM Filtering u and v at plevel 0.003243806249843405
11/06/2018 06:40:01 PM Filtering u and v at plevel 0.0013766083204391473
11/06/2018 06:40:05 PM Filtering u and v at plevel 0.0005077583032093046
11/06/2018 06:40:10 PM Filtering u and v at plevel 0.00015964567384570998
11/06/2018 06:40:14 PM Filtering u and v at plevel 2.710462927265426e-05
11/06/2018 06:40:18 PM calculated EKE
11/06/2018 06:40:26 PM saved EKE data
11/06/2018 06:40:26 PM EKE calculated !! Great !!
11/06/2018 06:40:31 PM destination folder created !
11/06/2018 06:40:31 PM ...........Calculate EKE.............8
11/06/2018 06:40:31 PM imported nc file
11/06/2018 06:41:56 PM imported coordinates
11/06/2018 06:44:02 PM imported pressure
11/06/2018 06:45:00 PM saved v_comp
11/06/2018 06:45:57 PM saved u_comp
11/06/2018 06:45:57 PM Filtering signal now
11/06/2018 06:46:04 PM Filtering u and v at plevel 0.9731199465677635
11/06/2018 06:46:08 PM Filtering u and v at plevel 0.9210435734946946
11/06/2018 06:46:12 PM Filtering u and v at plevel 0.8717540125826787
11/06/2018 06:46:17 PM Filtering u and v at plevel 0.8251018703001956
11/06/2018 06:46:21 PM Filtering u and v at plevel 0.7809450914447958
11/06/2018 06:46:25 PM Filtering u and v at plevel 0.7391477498279747
11/06/2018 06:46:30 PM Filtering u and v at plevel 0.6995784804292889
11/06/2018 06:46:34 PM Filtering u and v at plevel 0.6621085665908767
11/06/2018 06:46:38 PM Filtering u and v at plevel 0.6266097287784145
11/06/2018 06:46:42 PM Filtering u and v at plevel 0.592951685476526
11/06/2018 06:46:47 PM Filtering u and v at plevel 0.5609995761404118
11/06/2018 06:46:51 PM Filtering u and v at plevel 0.5306113557418541
11/06/2018 06:46:55 PM Filtering u and v at plevel 0.5016352961682442
11/06/2018 06:47:00 PM Filtering u and v at plevel 0.4739077683307861
11/06/2018 06:47:04 PM Filtering u and v at plevel 0.44725153763167325
11/06/2018 06:47:08 PM Filtering u and v at plevel 0.4214748913644697
11/06/2018 06:47:12 PM Filtering u and v at plevel 0.3963720342166585
11/06/2018 06:47:17 PM Filtering u and v at plevel 0.371725335892926
11/06/2018 06:47:21 PM Filtering u and v at plevel 0.34731017971440126
11/06/2018 06:47:25 PM Filtering u and v at plevel 0.32290330906438663
11/06/2018 06:47:30 PM Filtering u and v at plevel 0.29829563412593546
11/06/2018 06:47:34 PM Filtering u and v at plevel 0.27331033560806184
11/06/2018 06:47:38 PM Filtering u and v at plevel 0.2478266277557821
11/06/2018 06:47:43 PM Filtering u and v at plevel 0.22180852820217098
11/06/2018 06:47:47 PM Filtering u and v at plevel 0.19533625519570888
11/06/2018 06:47:51 PM Filtering u and v at plevel 0.1686353994868007
11/06/2018 06:47:55 PM Filtering u and v at plevel 0.1420960968927281
11/06/2018 06:48:00 PM Filtering u and v at plevel 0.1162719225588613
11/06/2018 06:48:04 PM Filtering u and v at plevel 0.0918477093601027
11/06/2018 06:48:08 PM Filtering u and v at plevel 0.06956901941712679
11/06/2018 06:48:13 PM Filtering u and v at plevel 0.050135221379808886
11/06/2018 06:48:17 PM Filtering u and v at plevel 0.03407262549982947
11/06/2018 06:48:21 PM Filtering u and v at plevel 0.021619597882391442
11/06/2018 06:48:26 PM Filtering u and v at plevel 0.012663559404899662
11/06/2018 06:48:30 PM Filtering u and v at plevel 0.006761046642395754
11/06/2018 06:48:34 PM Filtering u and v at plevel 0.003243806249843405
11/06/2018 06:48:39 PM Filtering u and v at plevel 0.0013766083204391473
11/06/2018 06:48:43 PM Filtering u and v at plevel 0.0005077583032093046
11/06/2018 06:48:47 PM Filtering u and v at plevel 0.00015964567384570998
11/06/2018 06:48:51 PM Filtering u and v at plevel 2.710462927265426e-05
11/06/2018 06:48:55 PM calculated EKE
11/06/2018 06:49:03 PM saved EKE data
11/06/2018 06:49:03 PM EKE calculated !! Great !!
11/06/2018 06:49:09 PM destination folder created !
11/06/2018 06:49:09 PM ...........Calculate EKE.............9
11/06/2018 06:49:09 PM imported nc file
11/06/2018 06:50:39 PM imported coordinates
11/06/2018 06:52:47 PM imported pressure
11/06/2018 06:53:52 PM saved v_comp
11/06/2018 06:54:55 PM saved u_comp
11/06/2018 06:54:55 PM Filtering signal now
11/06/2018 06:55:01 PM Filtering u and v at plevel 0.9731199465677635
11/06/2018 06:55:06 PM Filtering u and v at plevel 0.9210435734946946
11/06/2018 06:55:10 PM Filtering u and v at plevel 0.8717540125826787
11/06/2018 06:55:14 PM Filtering u and v at plevel 0.8251018703001956
11/06/2018 06:55:19 PM Filtering u and v at plevel 0.7809450914447958
11/06/2018 06:55:23 PM Filtering u and v at plevel 0.7391477498279747
11/06/2018 06:55:28 PM Filtering u and v at plevel 0.6995784804292889
11/06/2018 06:55:32 PM Filtering u and v at plevel 0.6621085665908767
11/06/2018 06:55:37 PM Filtering u and v at plevel 0.6266097287784145
11/06/2018 06:55:41 PM Filtering u and v at plevel 0.592951685476526
11/06/2018 06:55:46 PM Filtering u and v at plevel 0.5609995761404118
11/06/2018 06:55:50 PM Filtering u and v at plevel 0.5306113557418541
11/06/2018 06:55:54 PM Filtering u and v at plevel 0.5016352961682442
11/06/2018 06:55:59 PM Filtering u and v at plevel 0.4739077683307861
11/06/2018 06:56:03 PM Filtering u and v at plevel 0.44725153763167325
11/06/2018 06:56:08 PM Filtering u and v at plevel 0.4214748913644697
11/06/2018 06:56:12 PM Filtering u and v at plevel 0.3963720342166585
11/06/2018 06:56:17 PM Filtering u and v at plevel 0.371725335892926
11/06/2018 06:56:21 PM Filtering u and v at plevel 0.34731017971440126
11/06/2018 06:56:26 PM Filtering u and v at plevel 0.32290330906438663
11/06/2018 06:56:30 PM Filtering u and v at plevel 0.29829563412593546
11/06/2018 06:56:34 PM Filtering u and v at plevel 0.27331033560806184
11/06/2018 06:56:39 PM Filtering u and v at plevel 0.2478266277557821
11/06/2018 06:56:43 PM Filtering u and v at plevel 0.22180852820217098
11/06/2018 06:56:48 PM Filtering u and v at plevel 0.19533625519570888
11/06/2018 06:56:52 PM Filtering u and v at plevel 0.1686353994868007
11/06/2018 06:56:57 PM Filtering u and v at plevel 0.1420960968927281
11/06/2018 06:57:01 PM Filtering u and v at plevel 0.1162719225588613
11/06/2018 06:57:06 PM Filtering u and v at plevel 0.0918477093601027
11/06/2018 06:57:10 PM Filtering u and v at plevel 0.06956901941712679
11/06/2018 06:57:14 PM Filtering u and v at plevel 0.050135221379808886
11/06/2018 06:57:19 PM Filtering u and v at plevel 0.03407262549982947
11/06/2018 06:57:23 PM Filtering u and v at plevel 0.021619597882391442
11/06/2018 06:57:28 PM Filtering u and v at plevel 0.012663559404899662
11/06/2018 06:57:32 PM Filtering u and v at plevel 0.006761046642395754
11/06/2018 06:57:37 PM Filtering u and v at plevel 0.003243806249843405
11/06/2018 06:57:41 PM Filtering u and v at plevel 0.0013766083204391473
11/06/2018 06:57:46 PM Filtering u and v at plevel 0.0005077583032093046
11/06/2018 06:57:50 PM Filtering u and v at plevel 0.00015964567384570998
11/06/2018 06:57:54 PM Filtering u and v at plevel 2.710462927265426e-05
11/06/2018 06:57:59 PM calculated EKE
11/06/2018 06:58:07 PM saved EKE data
11/06/2018 06:58:07 PM EKE calculated !! Great !!
11/06/2018 06:58:09 PM ** INTERPOLATION ** 
11/06/2018 06:58:11 PM destination folder created !
11/06/2018 06:58:11 PM ----0----
11/06/2018 06:58:11 PM ----1----
11/06/2018 06:58:11 PM ----2----
11/06/2018 06:58:11 PM ----3----
11/06/2018 06:58:11 PM ----4----
11/06/2018 06:58:11 PM ----5----
11/06/2018 06:58:11 PM ----6----
11/06/2018 06:58:11 PM ----7----
11/06/2018 06:58:11 PM ----8----
11/06/2018 06:58:11 PM ----9----
11/06/2018 06:58:14 PM Calculated interpolation
11/06/2018 06:58:14 PM Saved raw data interp dictionary
11/06/2018 06:58:14 PM Looks great !!
