11/06/2018 05:24:48 PM ...........Calculate EKE.............0
11/06/2018 05:24:48 PM imported nc file
11/06/2018 05:26:10 PM imported coordinates
11/06/2018 05:28:18 PM imported pressure
11/06/2018 05:29:21 PM saved v_comp
11/06/2018 05:30:23 PM saved u_comp
11/06/2018 05:30:23 PM Filtering signal now
11/06/2018 05:30:29 PM Filtering u and v at plevel 0.9731199465677635
11/06/2018 05:30:34 PM Filtering u and v at plevel 0.9210435734946946
11/06/2018 05:30:38 PM Filtering u and v at plevel 0.8717540125826787
11/06/2018 05:30:43 PM Filtering u and v at plevel 0.8251018703001956
11/06/2018 05:30:47 PM Filtering u and v at plevel 0.7809450914447958
11/06/2018 05:30:52 PM Filtering u and v at plevel 0.7391477498279747
11/06/2018 05:30:56 PM Filtering u and v at plevel 0.6995784804292889
11/06/2018 05:31:01 PM Filtering u and v at plevel 0.6621085665908767
11/06/2018 05:31:05 PM Filtering u and v at plevel 0.6266097287784145
11/06/2018 05:31:09 PM Filtering u and v at plevel 0.592951685476526
11/06/2018 05:31:14 PM Filtering u and v at plevel 0.5609995761404118
11/06/2018 05:31:18 PM Filtering u and v at plevel 0.5306113557418541
11/06/2018 05:31:23 PM Filtering u and v at plevel 0.5016352961682442
11/06/2018 05:31:27 PM Filtering u and v at plevel 0.4739077683307861
11/06/2018 05:31:32 PM Filtering u and v at plevel 0.44725153763167325
11/06/2018 05:31:36 PM Filtering u and v at plevel 0.4214748913644697
11/06/2018 05:31:40 PM Filtering u and v at plevel 0.3963720342166585
11/06/2018 05:31:45 PM Filtering u and v at plevel 0.371725335892926
11/06/2018 05:31:49 PM Filtering u and v at plevel 0.34731017971440126
11/06/2018 05:31:54 PM Filtering u and v at plevel 0.32290330906438663
11/06/2018 05:31:58 PM Filtering u and v at plevel 0.29829563412593546
11/06/2018 05:32:03 PM Filtering u and v at plevel 0.27331033560806184
11/06/2018 05:32:07 PM Filtering u and v at plevel 0.2478266277557821
11/06/2018 05:32:11 PM Filtering u and v at plevel 0.22180852820217098
11/06/2018 05:32:16 PM Filtering u and v at plevel 0.19533625519570888
11/06/2018 05:32:20 PM Filtering u and v at plevel 0.1686353994868007
11/06/2018 05:32:25 PM Filtering u and v at plevel 0.1420960968927281
11/06/2018 05:32:29 PM Filtering u and v at plevel 0.1162719225588613
11/06/2018 05:32:34 PM Filtering u and v at plevel 0.0918477093601027
11/06/2018 05:32:38 PM Filtering u and v at plevel 0.06956901941712679
11/06/2018 05:32:42 PM Filtering u and v at plevel 0.050135221379808886
11/06/2018 05:32:47 PM Filtering u and v at plevel 0.03407262549982947
11/06/2018 05:32:51 PM Filtering u and v at plevel 0.021619597882391442
11/06/2018 05:32:56 PM Filtering u and v at plevel 0.012663559404899662
11/06/2018 05:33:00 PM Filtering u and v at plevel 0.006761046642395754
11/06/2018 05:33:05 PM Filtering u and v at plevel 0.003243806249843405
11/06/2018 05:33:09 PM Filtering u and v at plevel 0.0013766083204391473
11/06/2018 05:33:13 PM Filtering u and v at plevel 0.0005077583032093046
11/06/2018 05:33:18 PM Filtering u and v at plevel 0.00015964567384570998
11/06/2018 05:33:22 PM Filtering u and v at plevel 2.710462927265426e-05
11/06/2018 05:33:27 PM calculated EKE
11/06/2018 05:33:35 PM saved EKE data
11/06/2018 05:33:35 PM EKE calculated !! Great !!
11/06/2018 05:33:40 PM destination folder created !
11/06/2018 05:33:40 PM ...........Calculate EKE.............1
11/06/2018 05:33:40 PM imported nc file
11/06/2018 05:35:16 PM imported coordinates
11/06/2018 05:37:29 PM imported pressure
11/06/2018 05:38:33 PM saved v_comp
11/06/2018 05:39:36 PM saved u_comp
11/06/2018 05:39:36 PM Filtering signal now
11/06/2018 05:39:43 PM Filtering u and v at plevel 0.9731199465677635
11/06/2018 05:39:47 PM Filtering u and v at plevel 0.9210435734946946
11/06/2018 05:39:52 PM Filtering u and v at plevel 0.8717540125826787
11/06/2018 05:39:57 PM Filtering u and v at plevel 0.8251018703001956
11/06/2018 05:40:02 PM Filtering u and v at plevel 0.7809450914447958
11/06/2018 05:40:06 PM Filtering u and v at plevel 0.7391477498279747
11/06/2018 05:40:11 PM Filtering u and v at plevel 0.6995784804292889
11/06/2018 05:40:16 PM Filtering u and v at plevel 0.6621085665908767
11/06/2018 05:40:21 PM Filtering u and v at plevel 0.6266097287784145
11/06/2018 05:40:25 PM Filtering u and v at plevel 0.592951685476526
11/06/2018 05:40:30 PM Filtering u and v at plevel 0.5609995761404118
11/06/2018 05:40:35 PM Filtering u and v at plevel 0.5306113557418541
11/06/2018 05:40:40 PM Filtering u and v at plevel 0.5016352961682442
11/06/2018 05:40:44 PM Filtering u and v at plevel 0.4739077683307861
11/06/2018 05:40:49 PM Filtering u and v at plevel 0.44725153763167325
11/06/2018 05:40:54 PM Filtering u and v at plevel 0.4214748913644697
11/06/2018 05:40:59 PM Filtering u and v at plevel 0.3963720342166585
11/06/2018 05:41:03 PM Filtering u and v at plevel 0.371725335892926
11/06/2018 05:41:08 PM Filtering u and v at plevel 0.34731017971440126
11/06/2018 05:41:13 PM Filtering u and v at plevel 0.32290330906438663
11/06/2018 05:41:18 PM Filtering u and v at plevel 0.29829563412593546
11/06/2018 05:41:22 PM Filtering u and v at plevel 0.27331033560806184
11/06/2018 05:41:27 PM Filtering u and v at plevel 0.2478266277557821
11/06/2018 05:41:32 PM Filtering u and v at plevel 0.22180852820217098
11/06/2018 05:41:37 PM Filtering u and v at plevel 0.19533625519570888
11/06/2018 05:41:41 PM Filtering u and v at plevel 0.1686353994868007
11/06/2018 05:41:46 PM Filtering u and v at plevel 0.1420960968927281
11/06/2018 05:41:51 PM Filtering u and v at plevel 0.1162719225588613
11/06/2018 05:41:56 PM Filtering u and v at plevel 0.0918477093601027
11/06/2018 05:42:00 PM Filtering u and v at plevel 0.06956901941712679
11/06/2018 05:42:05 PM Filtering u and v at plevel 0.050135221379808886
11/06/2018 05:42:10 PM Filtering u and v at plevel 0.03407262549982947
11/06/2018 05:42:14 PM Filtering u and v at plevel 0.021619597882391442
11/06/2018 05:42:19 PM Filtering u and v at plevel 0.012663559404899662
11/06/2018 05:42:24 PM Filtering u and v at plevel 0.006761046642395754
11/06/2018 05:42:29 PM Filtering u and v at plevel 0.003243806249843405
11/06/2018 05:42:33 PM Filtering u and v at plevel 0.0013766083204391473
11/06/2018 05:42:38 PM Filtering u and v at plevel 0.0005077583032093046
11/06/2018 05:42:43 PM Filtering u and v at plevel 0.00015964567384570998
11/06/2018 05:42:48 PM Filtering u and v at plevel 2.710462927265426e-05
11/06/2018 05:42:52 PM calculated EKE
11/06/2018 05:43:00 PM saved EKE data
11/06/2018 05:43:00 PM EKE calculated !! Great !!
11/06/2018 05:43:04 PM destination folder created !
11/06/2018 05:43:04 PM ...........Calculate EKE.............2
11/06/2018 05:43:04 PM imported nc file
11/06/2018 05:44:31 PM imported coordinates
11/06/2018 05:46:50 PM imported pressure
11/06/2018 05:47:56 PM saved v_comp
11/06/2018 05:49:03 PM saved u_comp
11/06/2018 05:49:03 PM Filtering signal now
11/06/2018 05:49:09 PM Filtering u and v at plevel 0.9731199465677635
11/06/2018 05:49:14 PM Filtering u and v at plevel 0.9210435734946946
11/06/2018 05:49:18 PM Filtering u and v at plevel 0.8717540125826787
11/06/2018 05:49:23 PM Filtering u and v at plevel 0.8251018703001956
11/06/2018 05:49:28 PM Filtering u and v at plevel 0.7809450914447958
11/06/2018 05:49:32 PM Filtering u and v at plevel 0.7391477498279747
11/06/2018 05:49:37 PM Filtering u and v at plevel 0.6995784804292889
11/06/2018 05:49:41 PM Filtering u and v at plevel 0.6621085665908767
11/06/2018 05:49:46 PM Filtering u and v at plevel 0.6266097287784145
11/06/2018 05:49:50 PM Filtering u and v at plevel 0.592951685476526
11/06/2018 05:49:55 PM Filtering u and v at plevel 0.5609995761404118
11/06/2018 05:50:00 PM Filtering u and v at plevel 0.5306113557418541
11/06/2018 05:50:04 PM Filtering u and v at plevel 0.5016352961682442
11/06/2018 05:50:09 PM Filtering u and v at plevel 0.4739077683307861
11/06/2018 05:50:13 PM Filtering u and v at plevel 0.44725153763167325
11/06/2018 05:50:18 PM Filtering u and v at plevel 0.4214748913644697
11/06/2018 05:50:22 PM Filtering u and v at plevel 0.3963720342166585
11/06/2018 05:50:27 PM Filtering u and v at plevel 0.371725335892926
11/06/2018 05:50:32 PM Filtering u and v at plevel 0.34731017971440126
11/06/2018 05:50:36 PM Filtering u and v at plevel 0.32290330906438663
11/06/2018 05:50:41 PM Filtering u and v at plevel 0.29829563412593546
11/06/2018 05:50:45 PM Filtering u and v at plevel 0.27331033560806184
11/06/2018 05:50:50 PM Filtering u and v at plevel 0.2478266277557821
11/06/2018 05:50:54 PM Filtering u and v at plevel 0.22180852820217098
11/06/2018 05:50:59 PM Filtering u and v at plevel 0.19533625519570888
11/06/2018 05:51:04 PM Filtering u and v at plevel 0.1686353994868007
11/06/2018 05:51:08 PM Filtering u and v at plevel 0.1420960968927281
11/06/2018 05:51:13 PM Filtering u and v at plevel 0.1162719225588613
11/06/2018 05:51:17 PM Filtering u and v at plevel 0.0918477093601027
11/06/2018 05:51:22 PM Filtering u and v at plevel 0.06956901941712679
11/06/2018 05:51:27 PM Filtering u and v at plevel 0.050135221379808886
11/06/2018 05:51:31 PM Filtering u and v at plevel 0.03407262549982947
11/06/2018 05:51:36 PM Filtering u and v at plevel 0.021619597882391442
11/06/2018 05:51:40 PM Filtering u and v at plevel 0.012663559404899662
11/06/2018 05:51:45 PM Filtering u and v at plevel 0.006761046642395754
11/06/2018 05:51:49 PM Filtering u and v at plevel 0.003243806249843405
11/06/2018 05:51:54 PM Filtering u and v at plevel 0.0013766083204391473
11/06/2018 05:51:59 PM Filtering u and v at plevel 0.0005077583032093046
11/06/2018 05:52:03 PM Filtering u and v at plevel 0.00015964567384570998
11/06/2018 05:52:08 PM Filtering u and v at plevel 2.710462927265426e-05
11/06/2018 05:52:12 PM calculated EKE
11/06/2018 05:52:20 PM saved EKE data
11/06/2018 05:52:21 PM EKE calculated !! Great !!
11/06/2018 05:52:26 PM destination folder created !
11/06/2018 05:52:26 PM ...........Calculate EKE.............3
11/06/2018 05:52:26 PM imported nc file
11/06/2018 05:53:53 PM imported coordinates
11/06/2018 05:56:11 PM imported pressure
11/06/2018 05:57:14 PM saved v_comp
11/06/2018 05:58:20 PM saved u_comp
11/06/2018 05:58:20 PM Filtering signal now
11/06/2018 05:58:26 PM Filtering u and v at plevel 0.9731199465677635
11/06/2018 05:58:31 PM Filtering u and v at plevel 0.9210435734946946
11/06/2018 05:58:36 PM Filtering u and v at plevel 0.8717540125826787
11/06/2018 05:58:41 PM Filtering u and v at plevel 0.8251018703001956
11/06/2018 05:58:45 PM Filtering u and v at plevel 0.7809450914447958
11/06/2018 05:58:50 PM Filtering u and v at plevel 0.7391477498279747
11/06/2018 05:58:55 PM Filtering u and v at plevel 0.6995784804292889
11/06/2018 05:59:00 PM Filtering u and v at plevel 0.6621085665908767
11/06/2018 05:59:05 PM Filtering u and v at plevel 0.6266097287784145
11/06/2018 05:59:09 PM Filtering u and v at plevel 0.592951685476526
11/06/2018 05:59:14 PM Filtering u and v at plevel 0.5609995761404118
11/06/2018 05:59:19 PM Filtering u and v at plevel 0.5306113557418541
11/06/2018 05:59:24 PM Filtering u and v at plevel 0.5016352961682442
11/06/2018 05:59:28 PM Filtering u and v at plevel 0.4739077683307861
11/06/2018 05:59:33 PM Filtering u and v at plevel 0.44725153763167325
11/06/2018 05:59:38 PM Filtering u and v at plevel 0.4214748913644697
11/06/2018 05:59:43 PM Filtering u and v at plevel 0.3963720342166585
11/06/2018 05:59:47 PM Filtering u and v at plevel 0.371725335892926
11/06/2018 05:59:52 PM Filtering u and v at plevel 0.34731017971440126
11/06/2018 05:59:57 PM Filtering u and v at plevel 0.32290330906438663
11/06/2018 06:00:02 PM Filtering u and v at plevel 0.29829563412593546
11/06/2018 06:00:06 PM Filtering u and v at plevel 0.27331033560806184
11/06/2018 06:00:11 PM Filtering u and v at plevel 0.2478266277557821
11/06/2018 06:00:16 PM Filtering u and v at plevel 0.22180852820217098
11/06/2018 06:00:21 PM Filtering u and v at plevel 0.19533625519570888
11/06/2018 06:00:25 PM Filtering u and v at plevel 0.1686353994868007
11/06/2018 06:00:30 PM Filtering u and v at plevel 0.1420960968927281
11/06/2018 06:00:35 PM Filtering u and v at plevel 0.1162719225588613
11/06/2018 06:00:40 PM Filtering u and v at plevel 0.0918477093601027
11/06/2018 06:00:44 PM Filtering u and v at plevel 0.06956901941712679
11/06/2018 06:00:49 PM Filtering u and v at plevel 0.050135221379808886
11/06/2018 06:00:54 PM Filtering u and v at plevel 0.03407262549982947
11/06/2018 06:00:59 PM Filtering u and v at plevel 0.021619597882391442
11/06/2018 06:01:03 PM Filtering u and v at plevel 0.012663559404899662
11/06/2018 06:01:08 PM Filtering u and v at plevel 0.006761046642395754
11/06/2018 06:01:13 PM Filtering u and v at plevel 0.003243806249843405
11/06/2018 06:01:18 PM Filtering u and v at plevel 0.0013766083204391473
11/06/2018 06:01:23 PM Filtering u and v at plevel 0.0005077583032093046
11/06/2018 06:01:27 PM Filtering u and v at plevel 0.00015964567384570998
11/06/2018 06:01:32 PM Filtering u and v at plevel 2.710462927265426e-05
11/06/2018 06:01:36 PM calculated EKE
11/06/2018 06:01:44 PM saved EKE data
11/06/2018 06:01:44 PM EKE calculated !! Great !!
11/06/2018 06:01:48 PM destination folder created !
11/06/2018 06:01:48 PM ...........Calculate EKE.............4
11/06/2018 06:01:48 PM imported nc file
11/06/2018 06:03:15 PM imported coordinates
11/06/2018 06:05:23 PM imported pressure
11/06/2018 06:06:24 PM saved v_comp
11/06/2018 06:07:32 PM saved u_comp
11/06/2018 06:07:32 PM Filtering signal now
11/06/2018 06:07:39 PM Filtering u and v at plevel 0.9731199465677635
11/06/2018 06:07:43 PM Filtering u and v at plevel 0.9210435734946946
11/06/2018 06:07:48 PM Filtering u and v at plevel 0.8717540125826787
11/06/2018 06:07:52 PM Filtering u and v at plevel 0.8251018703001956
11/06/2018 06:07:56 PM Filtering u and v at plevel 0.7809450914447958
11/06/2018 06:08:01 PM Filtering u and v at plevel 0.7391477498279747
11/06/2018 06:08:05 PM Filtering u and v at plevel 0.6995784804292889
11/06/2018 06:08:10 PM Filtering u and v at plevel 0.6621085665908767
11/06/2018 06:08:14 PM Filtering u and v at plevel 0.6266097287784145
11/06/2018 06:08:18 PM Filtering u and v at plevel 0.592951685476526
11/06/2018 06:08:23 PM Filtering u and v at plevel 0.5609995761404118
11/06/2018 06:08:27 PM Filtering u and v at plevel 0.5306113557418541
11/06/2018 06:08:32 PM Filtering u and v at plevel 0.5016352961682442
11/06/2018 06:08:36 PM Filtering u and v at plevel 0.4739077683307861
11/06/2018 06:08:40 PM Filtering u and v at plevel 0.44725153763167325
11/06/2018 06:08:45 PM Filtering u and v at plevel 0.4214748913644697
11/06/2018 06:08:49 PM Filtering u and v at plevel 0.3963720342166585
11/06/2018 06:08:53 PM Filtering u and v at plevel 0.371725335892926
11/06/2018 06:08:58 PM Filtering u and v at plevel 0.34731017971440126
11/06/2018 06:09:02 PM Filtering u and v at plevel 0.32290330906438663
11/06/2018 06:09:07 PM Filtering u and v at plevel 0.29829563412593546
11/06/2018 06:09:11 PM Filtering u and v at plevel 0.27331033560806184
11/06/2018 06:09:15 PM Filtering u and v at plevel 0.2478266277557821
11/06/2018 06:09:20 PM Filtering u and v at plevel 0.22180852820217098
11/06/2018 06:09:24 PM Filtering u and v at plevel 0.19533625519570888
11/06/2018 06:09:28 PM Filtering u and v at plevel 0.1686353994868007
11/06/2018 06:09:33 PM Filtering u and v at plevel 0.1420960968927281
11/06/2018 06:09:37 PM Filtering u and v at plevel 0.1162719225588613
11/06/2018 06:09:42 PM Filtering u and v at plevel 0.0918477093601027
11/06/2018 06:09:46 PM Filtering u and v at plevel 0.06956901941712679
11/06/2018 06:09:50 PM Filtering u and v at plevel 0.050135221379808886
11/06/2018 06:09:55 PM Filtering u and v at plevel 0.03407262549982947
11/06/2018 06:09:59 PM Filtering u and v at plevel 0.021619597882391442
11/06/2018 06:10:04 PM Filtering u and v at plevel 0.012663559404899662
11/06/2018 06:10:08 PM Filtering u and v at plevel 0.006761046642395754
11/06/2018 06:10:12 PM Filtering u and v at plevel 0.003243806249843405
11/06/2018 06:10:17 PM Filtering u and v at plevel 0.0013766083204391473
11/06/2018 06:10:21 PM Filtering u and v at plevel 0.0005077583032093046
11/06/2018 06:10:25 PM Filtering u and v at plevel 0.00015964567384570998
11/06/2018 06:10:30 PM Filtering u and v at plevel 2.710462927265426e-05
11/06/2018 06:10:34 PM calculated EKE
11/06/2018 06:10:42 PM saved EKE data
11/06/2018 06:10:42 PM EKE calculated !! Great !!
11/06/2018 06:10:47 PM destination folder created !
11/06/2018 06:10:47 PM ...........Calculate EKE.............5
11/06/2018 06:10:47 PM imported nc file
11/06/2018 06:12:18 PM imported coordinates
11/06/2018 06:14:38 PM imported pressure
11/06/2018 06:15:45 PM saved v_comp
11/06/2018 06:16:57 PM saved u_comp
11/06/2018 06:16:57 PM Filtering signal now
11/06/2018 06:17:03 PM Filtering u and v at plevel 0.9731199465677635
11/06/2018 06:17:07 PM Filtering u and v at plevel 0.9210435734946946
11/06/2018 06:17:12 PM Filtering u and v at plevel 0.8717540125826787
11/06/2018 06:17:16 PM Filtering u and v at plevel 0.8251018703001956
11/06/2018 06:17:21 PM Filtering u and v at plevel 0.7809450914447958
11/06/2018 06:17:25 PM Filtering u and v at plevel 0.7391477498279747
11/06/2018 06:17:29 PM Filtering u and v at plevel 0.6995784804292889
11/06/2018 06:17:34 PM Filtering u and v at plevel 0.6621085665908767
11/06/2018 06:17:38 PM Filtering u and v at plevel 0.6266097287784145
11/06/2018 06:17:43 PM Filtering u and v at plevel 0.592951685476526
11/06/2018 06:17:47 PM Filtering u and v at plevel 0.5609995761404118
11/06/2018 06:17:51 PM Filtering u and v at plevel 0.5306113557418541
11/06/2018 06:17:56 PM Filtering u and v at plevel 0.5016352961682442
11/06/2018 06:18:00 PM Filtering u and v at plevel 0.4739077683307861
11/06/2018 06:18:05 PM Filtering u and v at plevel 0.44725153763167325
11/06/2018 06:18:09 PM Filtering u and v at plevel 0.4214748913644697
11/06/2018 06:18:13 PM Filtering u and v at plevel 0.3963720342166585
11/06/2018 06:18:18 PM Filtering u and v at plevel 0.371725335892926
11/06/2018 06:18:22 PM Filtering u and v at plevel 0.34731017971440126
11/06/2018 06:18:27 PM Filtering u and v at plevel 0.32290330906438663
11/06/2018 06:18:31 PM Filtering u and v at plevel 0.29829563412593546
11/06/2018 06:18:35 PM Filtering u and v at plevel 0.27331033560806184
11/06/2018 06:18:40 PM Filtering u and v at plevel 0.2478266277557821
11/06/2018 06:18:44 PM Filtering u and v at plevel 0.22180852820217098
11/06/2018 06:18:49 PM Filtering u and v at plevel 0.19533625519570888
11/06/2018 06:18:53 PM Filtering u and v at plevel 0.1686353994868007
11/06/2018 06:18:57 PM Filtering u and v at plevel 0.1420960968927281
11/06/2018 06:19:02 PM Filtering u and v at plevel 0.1162719225588613
11/06/2018 06:19:06 PM Filtering u and v at plevel 0.0918477093601027
11/06/2018 06:19:11 PM Filtering u and v at plevel 0.06956901941712679
11/06/2018 06:19:15 PM Filtering u and v at plevel 0.050135221379808886
11/06/2018 06:19:19 PM Filtering u and v at plevel 0.03407262549982947
11/06/2018 06:19:24 PM Filtering u and v at plevel 0.021619597882391442
11/06/2018 06:19:28 PM Filtering u and v at plevel 0.012663559404899662
11/06/2018 06:19:33 PM Filtering u and v at plevel 0.006761046642395754
11/06/2018 06:19:37 PM Filtering u and v at plevel 0.003243806249843405
11/06/2018 06:19:41 PM Filtering u and v at plevel 0.0013766083204391473
11/06/2018 06:19:46 PM Filtering u and v at plevel 0.0005077583032093046
11/06/2018 06:19:50 PM Filtering u and v at plevel 0.00015964567384570998
11/06/2018 06:19:55 PM Filtering u and v at plevel 2.710462927265426e-05
11/06/2018 06:19:59 PM calculated EKE
11/06/2018 06:20:07 PM saved EKE data
11/06/2018 06:20:07 PM EKE calculated !! Great !!
11/06/2018 06:20:11 PM destination folder created !
11/06/2018 06:20:11 PM ...........Calculate EKE.............6
11/06/2018 06:20:11 PM imported nc file
11/06/2018 06:21:41 PM imported coordinates
11/06/2018 06:23:56 PM imported pressure
11/06/2018 06:24:58 PM saved v_comp
11/06/2018 06:26:05 PM saved u_comp
11/06/2018 06:26:05 PM Filtering signal now
11/06/2018 06:26:12 PM Filtering u and v at plevel 0.9731199465677635
11/06/2018 06:26:16 PM Filtering u and v at plevel 0.9210435734946946
11/06/2018 06:26:21 PM Filtering u and v at plevel 0.8717540125826787
11/06/2018 06:26:26 PM Filtering u and v at plevel 0.8251018703001956
11/06/2018 06:26:31 PM Filtering u and v at plevel 0.7809450914447958
11/06/2018 06:26:35 PM Filtering u and v at plevel 0.7391477498279747
11/06/2018 06:26:40 PM Filtering u and v at plevel 0.6995784804292889
11/06/2018 06:26:45 PM Filtering u and v at plevel 0.6621085665908767
11/06/2018 06:26:50 PM Filtering u and v at plevel 0.6266097287784145
11/06/2018 06:26:54 PM Filtering u and v at plevel 0.592951685476526
11/06/2018 06:26:59 PM Filtering u and v at plevel 0.5609995761404118
11/06/2018 06:27:04 PM Filtering u and v at plevel 0.5306113557418541
11/06/2018 06:27:09 PM Filtering u and v at plevel 0.5016352961682442
11/06/2018 06:27:14 PM Filtering u and v at plevel 0.4739077683307861
11/06/2018 06:27:18 PM Filtering u and v at plevel 0.44725153763167325
11/06/2018 06:27:23 PM Filtering u and v at plevel 0.4214748913644697
11/06/2018 06:27:28 PM Filtering u and v at plevel 0.3963720342166585
11/06/2018 06:27:33 PM Filtering u and v at plevel 0.371725335892926
11/06/2018 06:27:37 PM Filtering u and v at plevel 0.34731017971440126
11/06/2018 06:27:42 PM Filtering u and v at plevel 0.32290330906438663
11/06/2018 06:27:47 PM Filtering u and v at plevel 0.29829563412593546
11/06/2018 06:27:52 PM Filtering u and v at plevel 0.27331033560806184
11/06/2018 06:27:56 PM Filtering u and v at plevel 0.2478266277557821
11/06/2018 06:28:01 PM Filtering u and v at plevel 0.22180852820217098
11/06/2018 06:28:06 PM Filtering u and v at plevel 0.19533625519570888
11/06/2018 06:28:11 PM Filtering u and v at plevel 0.1686353994868007
11/06/2018 06:28:15 PM Filtering u and v at plevel 0.1420960968927281
11/06/2018 06:28:20 PM Filtering u and v at plevel 0.1162719225588613
11/06/2018 06:28:25 PM Filtering u and v at plevel 0.0918477093601027
11/06/2018 06:28:30 PM Filtering u and v at plevel 0.06956901941712679
11/06/2018 06:28:34 PM Filtering u and v at plevel 0.050135221379808886
11/06/2018 06:28:39 PM Filtering u and v at plevel 0.03407262549982947
11/06/2018 06:28:45 PM Filtering u and v at plevel 0.021619597882391442
11/06/2018 06:28:49 PM Filtering u and v at plevel 0.012663559404899662
11/06/2018 06:28:54 PM Filtering u and v at plevel 0.006761046642395754
11/06/2018 06:28:59 PM Filtering u and v at plevel 0.003243806249843405
11/06/2018 06:29:04 PM Filtering u and v at plevel 0.0013766083204391473
11/06/2018 06:29:08 PM Filtering u and v at plevel 0.0005077583032093046
11/06/2018 06:29:13 PM Filtering u and v at plevel 0.00015964567384570998
11/06/2018 06:29:18 PM Filtering u and v at plevel 2.710462927265426e-05
11/06/2018 06:29:22 PM calculated EKE
11/06/2018 06:29:30 PM saved EKE data
11/06/2018 06:29:30 PM EKE calculated !! Great !!
11/06/2018 06:29:34 PM destination folder created !
11/06/2018 06:29:34 PM ...........Calculate EKE.............7
11/06/2018 06:29:34 PM imported nc file
11/06/2018 06:31:06 PM imported coordinates
11/06/2018 06:33:18 PM imported pressure
11/06/2018 06:34:24 PM saved v_comp
11/06/2018 06:35:31 PM saved u_comp
11/06/2018 06:35:31 PM Filtering signal now
11/06/2018 06:35:37 PM Filtering u and v at plevel 0.9731199465677635
11/06/2018 06:35:42 PM Filtering u and v at plevel 0.9210435734946946
11/06/2018 06:35:46 PM Filtering u and v at plevel 0.8717540125826787
11/06/2018 06:35:50 PM Filtering u and v at plevel 0.8251018703001956
11/06/2018 06:35:55 PM Filtering u and v at plevel 0.7809450914447958
11/06/2018 06:35:59 PM Filtering u and v at plevel 0.7391477498279747
11/06/2018 06:36:03 PM Filtering u and v at plevel 0.6995784804292889
11/06/2018 06:36:07 PM Filtering u and v at plevel 0.6621085665908767
11/06/2018 06:36:12 PM Filtering u and v at plevel 0.6266097287784145
11/06/2018 06:36:16 PM Filtering u and v at plevel 0.592951685476526
11/06/2018 06:36:20 PM Filtering u and v at plevel 0.5609995761404118
11/06/2018 06:36:25 PM Filtering u and v at plevel 0.5306113557418541
11/06/2018 06:36:29 PM Filtering u and v at plevel 0.5016352961682442
11/06/2018 06:36:33 PM Filtering u and v at plevel 0.4739077683307861
11/06/2018 06:36:37 PM Filtering u and v at plevel 0.44725153763167325
11/06/2018 06:36:42 PM Filtering u and v at plevel 0.4214748913644697
11/06/2018 06:36:46 PM Filtering u and v at plevel 0.3963720342166585
11/06/2018 06:36:50 PM Filtering u and v at plevel 0.371725335892926
11/06/2018 06:36:55 PM Filtering u and v at plevel 0.34731017971440126
11/06/2018 06:36:59 PM Filtering u and v at plevel 0.32290330906438663
11/06/2018 06:37:03 PM Filtering u and v at plevel 0.29829563412593546
11/06/2018 06:37:07 PM Filtering u and v at plevel 0.27331033560806184
11/06/2018 06:37:11 PM Filtering u and v at plevel 0.2478266277557821
11/06/2018 06:37:15 PM Filtering u and v at plevel 0.22180852820217098
11/06/2018 06:37:20 PM Filtering u and v at plevel 0.19533625519570888
11/06/2018 06:37:24 PM Filtering u and v at plevel 0.1686353994868007
11/06/2018 06:37:28 PM Filtering u and v at plevel 0.1420960968927281
11/06/2018 06:37:32 PM Filtering u and v at plevel 0.1162719225588613
11/06/2018 06:37:36 PM Filtering u and v at plevel 0.0918477093601027
11/06/2018 06:37:41 PM Filtering u and v at plevel 0.06956901941712679
11/06/2018 06:37:45 PM Filtering u and v at plevel 0.050135221379808886
11/06/2018 06:37:49 PM Filtering u and v at plevel 0.03407262549982947
11/06/2018 06:37:53 PM Filtering u and v at plevel 0.021619597882391442
11/06/2018 06:37:57 PM Filtering u and v at plevel 0.012663559404899662
11/06/2018 06:38:01 PM Filtering u and v at plevel 0.006761046642395754
11/06/2018 06:38:06 PM Filtering u and v at plevel 0.003243806249843405
11/06/2018 06:38:10 PM Filtering u and v at plevel 0.0013766083204391473
11/06/2018 06:38:14 PM Filtering u and v at plevel 0.0005077583032093046
11/06/2018 06:38:18 PM Filtering u and v at plevel 0.00015964567384570998
11/06/2018 06:38:22 PM Filtering u and v at plevel 2.710462927265426e-05
11/06/2018 06:38:27 PM calculated EKE
11/06/2018 06:38:35 PM saved EKE data
11/06/2018 06:38:35 PM EKE calculated !! Great !!
11/06/2018 06:38:39 PM destination folder created !
11/06/2018 06:38:39 PM ...........Calculate EKE.............8
11/06/2018 06:38:39 PM imported nc file
11/06/2018 06:40:04 PM imported coordinates
11/06/2018 06:42:12 PM imported pressure
11/06/2018 06:43:12 PM saved v_comp
11/06/2018 06:44:15 PM saved u_comp
11/06/2018 06:44:15 PM Filtering signal now
11/06/2018 06:44:21 PM Filtering u and v at plevel 0.9731199465677635
11/06/2018 06:44:25 PM Filtering u and v at plevel 0.9210435734946946
11/06/2018 06:44:29 PM Filtering u and v at plevel 0.8717540125826787
11/06/2018 06:44:34 PM Filtering u and v at plevel 0.8251018703001956
11/06/2018 06:44:38 PM Filtering u and v at plevel 0.7809450914447958
11/06/2018 06:44:42 PM Filtering u and v at plevel 0.7391477498279747
11/06/2018 06:44:47 PM Filtering u and v at plevel 0.6995784804292889
11/06/2018 06:44:51 PM Filtering u and v at plevel 0.6621085665908767
11/06/2018 06:44:55 PM Filtering u and v at plevel 0.6266097287784145
11/06/2018 06:44:59 PM Filtering u and v at plevel 0.592951685476526
11/06/2018 06:45:04 PM Filtering u and v at plevel 0.5609995761404118
11/06/2018 06:45:08 PM Filtering u and v at plevel 0.5306113557418541
11/06/2018 06:45:12 PM Filtering u and v at plevel 0.5016352961682442
11/06/2018 06:45:16 PM Filtering u and v at plevel 0.4739077683307861
11/06/2018 06:45:21 PM Filtering u and v at plevel 0.44725153763167325
11/06/2018 06:45:25 PM Filtering u and v at plevel 0.4214748913644697
11/06/2018 06:45:29 PM Filtering u and v at plevel 0.3963720342166585
11/06/2018 06:45:33 PM Filtering u and v at plevel 0.371725335892926
11/06/2018 06:45:38 PM Filtering u and v at plevel 0.34731017971440126
11/06/2018 06:45:42 PM Filtering u and v at plevel 0.32290330906438663
11/06/2018 06:45:46 PM Filtering u and v at plevel 0.29829563412593546
11/06/2018 06:45:50 PM Filtering u and v at plevel 0.27331033560806184
11/06/2018 06:45:55 PM Filtering u and v at plevel 0.2478266277557821
11/06/2018 06:45:59 PM Filtering u and v at plevel 0.22180852820217098
11/06/2018 06:46:03 PM Filtering u and v at plevel 0.19533625519570888
11/06/2018 06:46:08 PM Filtering u and v at plevel 0.1686353994868007
11/06/2018 06:46:12 PM Filtering u and v at plevel 0.1420960968927281
11/06/2018 06:46:16 PM Filtering u and v at plevel 0.1162719225588613
11/06/2018 06:46:20 PM Filtering u and v at plevel 0.0918477093601027
11/06/2018 06:46:25 PM Filtering u and v at plevel 0.06956901941712679
11/06/2018 06:46:29 PM Filtering u and v at plevel 0.050135221379808886
11/06/2018 06:46:33 PM Filtering u and v at plevel 0.03407262549982947
11/06/2018 06:46:37 PM Filtering u and v at plevel 0.021619597882391442
11/06/2018 06:46:42 PM Filtering u and v at plevel 0.012663559404899662
11/06/2018 06:46:46 PM Filtering u and v at plevel 0.006761046642395754
11/06/2018 06:46:50 PM Filtering u and v at plevel 0.003243806249843405
11/06/2018 06:46:54 PM Filtering u and v at plevel 0.0013766083204391473
11/06/2018 06:46:59 PM Filtering u and v at plevel 0.0005077583032093046
11/06/2018 06:47:03 PM Filtering u and v at plevel 0.00015964567384570998
11/06/2018 06:47:07 PM Filtering u and v at plevel 2.710462927265426e-05
11/06/2018 06:47:12 PM calculated EKE
11/06/2018 06:47:20 PM saved EKE data
11/06/2018 06:47:20 PM EKE calculated !! Great !!
11/06/2018 06:47:25 PM destination folder created !
11/06/2018 06:47:25 PM ...........Calculate EKE.............9
11/06/2018 06:47:25 PM imported nc file
11/06/2018 06:48:50 PM imported coordinates
11/06/2018 06:50:59 PM imported pressure
11/06/2018 06:52:01 PM saved v_comp
11/06/2018 06:53:10 PM saved u_comp
11/06/2018 06:53:10 PM Filtering signal now
11/06/2018 06:53:16 PM Filtering u and v at plevel 0.9731199465677635
11/06/2018 06:53:21 PM Filtering u and v at plevel 0.9210435734946946
11/06/2018 06:53:25 PM Filtering u and v at plevel 0.8717540125826787
11/06/2018 06:53:29 PM Filtering u and v at plevel 0.8251018703001956
11/06/2018 06:53:34 PM Filtering u and v at plevel 0.7809450914447958
11/06/2018 06:53:38 PM Filtering u and v at plevel 0.7391477498279747
11/06/2018 06:53:42 PM Filtering u and v at plevel 0.6995784804292889
11/06/2018 06:53:47 PM Filtering u and v at plevel 0.6621085665908767
11/06/2018 06:53:51 PM Filtering u and v at plevel 0.6266097287784145
11/06/2018 06:53:55 PM Filtering u and v at plevel 0.592951685476526
11/06/2018 06:54:00 PM Filtering u and v at plevel 0.5609995761404118
11/06/2018 06:54:04 PM Filtering u and v at plevel 0.5306113557418541
11/06/2018 06:54:08 PM Filtering u and v at plevel 0.5016352961682442
11/06/2018 06:54:13 PM Filtering u and v at plevel 0.4739077683307861
11/06/2018 06:54:17 PM Filtering u and v at plevel 0.44725153763167325
11/06/2018 06:54:21 PM Filtering u and v at plevel 0.4214748913644697
11/06/2018 06:54:25 PM Filtering u and v at plevel 0.3963720342166585
11/06/2018 06:54:30 PM Filtering u and v at plevel 0.371725335892926
11/06/2018 06:54:34 PM Filtering u and v at plevel 0.34731017971440126
11/06/2018 06:54:38 PM Filtering u and v at plevel 0.32290330906438663
11/06/2018 06:54:43 PM Filtering u and v at plevel 0.29829563412593546
11/06/2018 06:54:47 PM Filtering u and v at plevel 0.27331033560806184
11/06/2018 06:54:51 PM Filtering u and v at plevel 0.2478266277557821
11/06/2018 06:54:56 PM Filtering u and v at plevel 0.22180852820217098
11/06/2018 06:55:00 PM Filtering u and v at plevel 0.19533625519570888
11/06/2018 06:55:04 PM Filtering u and v at plevel 0.1686353994868007
11/06/2018 06:55:09 PM Filtering u and v at plevel 0.1420960968927281
11/06/2018 06:55:13 PM Filtering u and v at plevel 0.1162719225588613
11/06/2018 06:55:17 PM Filtering u and v at plevel 0.0918477093601027
11/06/2018 06:55:22 PM Filtering u and v at plevel 0.06956901941712679
11/06/2018 06:55:26 PM Filtering u and v at plevel 0.050135221379808886
11/06/2018 06:55:30 PM Filtering u and v at plevel 0.03407262549982947
11/06/2018 06:55:35 PM Filtering u and v at plevel 0.021619597882391442
11/06/2018 06:55:39 PM Filtering u and v at plevel 0.012663559404899662
11/06/2018 06:55:43 PM Filtering u and v at plevel 0.006761046642395754
11/06/2018 06:55:47 PM Filtering u and v at plevel 0.003243806249843405
11/06/2018 06:55:52 PM Filtering u and v at plevel 0.0013766083204391473
11/06/2018 06:55:56 PM Filtering u and v at plevel 0.0005077583032093046
11/06/2018 06:56:00 PM Filtering u and v at plevel 0.00015964567384570998
11/06/2018 06:56:05 PM Filtering u and v at plevel 2.710462927265426e-05
11/06/2018 06:56:09 PM calculated EKE
11/06/2018 06:56:17 PM saved EKE data
11/06/2018 06:56:17 PM EKE calculated !! Great !!
11/06/2018 06:56:20 PM ** INTERPOLATION ** 
11/06/2018 06:56:23 PM destination folder created !
11/06/2018 06:56:23 PM ----0----
11/06/2018 06:56:23 PM ----1----
11/06/2018 06:56:23 PM ----2----
11/06/2018 06:56:23 PM ----3----
11/06/2018 06:56:23 PM ----4----
11/06/2018 06:56:23 PM ----5----
11/06/2018 06:56:23 PM ----6----
11/06/2018 06:56:23 PM ----7----
11/06/2018 06:56:23 PM ----8----
11/06/2018 06:56:23 PM ----9----
11/06/2018 06:56:25 PM Calculated interpolation
11/06/2018 06:56:25 PM Saved raw data interp dictionary
11/06/2018 06:56:25 PM Looks great !!
