Traceback (most recent call last):
  File "/project2/tas1/pragallva/Fall_quarter_2017//codes/python_scripts/plot_and_save_div_MSE.py", line 149, in <module>
    plot()
  File "/project2/tas1/pragallva/Fall_quarter_2017//codes/python_scripts/plot_and_save_div_MSE.py", line 145, in plot
    py.savefig(fig_dest+title+'.pdf')
  File "/home/pragallva/Project1/lib/python2.7/site-packages/matplotlib/pyplot.py", line 697, in savefig
    res = fig.savefig(*args, **kwargs)
  File "/home/pragallva/Project1/lib/python2.7/site-packages/matplotlib/figure.py", line 1572, in savefig
    self.canvas.print_figure(*args, **kwargs)
  File "/home/pragallva/Project1/lib/python2.7/site-packages/matplotlib/backend_bases.py", line 2244, in print_figure
    **kwargs)
  File "/home/pragallva/Project1/lib/python2.7/site-packages/matplotlib/backends/backend_pdf.py", line 2525, in print_pdf
    self.figure.draw(renderer)
  File "/home/pragallva/Project1/lib/python2.7/site-packages/matplotlib/artist.py", line 63, in draw_wrapper
    draw(artist, renderer, *args, **kwargs)
  File "/home/pragallva/Project1/lib/python2.7/site-packages/matplotlib/figure.py", line 1143, in draw
    renderer, self, dsu, self.suppressComposite)
  File "/home/pragallva/Project1/lib/python2.7/site-packages/matplotlib/image.py", line 139, in _draw_list_compositing_images
    a.draw(renderer)
  File "/home/pragallva/Project1/lib/python2.7/site-packages/matplotlib/artist.py", line 63, in draw_wrapper
    draw(artist, renderer, *args, **kwargs)
  File "/home/pragallva/Project1/lib/python2.7/site-packages/matplotlib/text.py", line 754, in draw
    bbox, info, descent = textobj._get_layout(renderer)
  File "/home/pragallva/Project1/lib/python2.7/site-packages/matplotlib/text.py", line 362, in _get_layout
    ismath=ismath)
  File "/home/pragallva/Project1/lib/python2.7/site-packages/matplotlib/backends/backend_pdf.py", line 2082, in get_text_width_height_descent
    renderer=self)
  File "/home/pragallva/Project1/lib/python2.7/site-packages/matplotlib/texmanager.py", line 676, in get_text_width_height_descent
    dvifile = self.make_dvi(tex, fontsize)
  File "/home/pragallva/Project1/lib/python2.7/site-packages/matplotlib/texmanager.py", line 423, in make_dvi
    report))
RuntimeError: LaTeX was not able to process the following string:
'aqua  20_season'
Here is the full report generated by LaTeX: 

This is pdfTeX, Version 3.1415926-2.4-1.40.13 (TeX Live 2012)
 restricted \write18 enabled.
entering extended mode
(./b7c34ef64e6db1d25452e4543f678e3f.tex
LaTeX2e <2011/06/27>
Babel <v3.8m> and hyphenation patterns for english, dumylang, nohyphenation, ge
rman-x-2012-05-30, ngerman-x-2012-05-30, afrikaans, ancientgreek, ibycus, arabi
c, armenian, basque, bulgarian, catalan, pinyin, coptic, croatian, czech, danis
h, dutch, ukenglish, usenglishmax, esperanto, estonian, ethiopic, farsi, finnis
h, french, friulan, galician, german, ngerman, swissgerman, monogreek, greek, h
ungarian, icelandic, assamese, bengali, gujarati, hindi, kannada, malayalam, ma
rathi, oriya, panjabi, tamil, telugu, indonesian, interlingua, irish, italian, 
kurmanji, latin, latvian, lithuanian, mongolian, mongolianlmc, bokmal, nynorsk,
 polish, portuguese, romanian, romansh, russian, sanskrit, serbian, serbianc, s
lovak, slovenian, spanish, swedish, turkish, turkmen, ukrainian, uppersorbian, 
welsh, loaded.
(/software/texlive-2012-el6-x86_64/texmf-dist/tex/latex/base/article.cls
Document Class: article 2007/10/19 v1.4h Standard LaTeX document class
(/software/texlive-2012-el6-x86_64/texmf-dist/tex/latex/base/size10.clo))
(/software/texlive-2012-el6-x86_64/texmf-dist/tex/latex/type1cm/type1cm.sty)
(/software/texlive-2012-el6-x86_64/texmf-dist/tex/latex/psnfss/mathpazo.sty)
(/software/texlive-2012-el6-x86_64/texmf-dist/tex/latex/base/textcomp.sty
(/software/texlive-2012-el6-x86_64/texmf-dist/tex/latex/base/ts1enc.def))
(/software/texlive-2012-el6-x86_64/texmf-dist/tex/latex/geometry/geometry.sty
(/software/texlive-2012-el6-x86_64/texmf-dist/tex/latex/graphics/keyval.sty)
(/software/texlive-2012-el6-x86_64/texmf-dist/tex/generic/oberdiek/ifpdf.sty)
(/software/texlive-2012-el6-x86_64/texmf-dist/tex/generic/oberdiek/ifvtex.sty)
(/software/texlive-2012-el6-x86_64/texmf-dist/tex/generic/ifxetex/ifxetex.sty)

Package geometry Warning: Over-specification in `h'-direction.
    `width' (5058.9pt) is ignored.


Package geometry Warning: Over-specification in `v'-direction.
    `height' (5058.9pt) is ignored.

)
No file b7c34ef64e6db1d25452e4543f678e3f.aux.
(/software/texlive-2012-el6-x86_64/texmf-dist/tex/latex/base/ts1cmr.fd)
(/software/texlive-2012-el6-x86_64/texmf-dist/tex/latex/psnfss/ot1ppl.fd)
*geometry* driver: auto-detecting
*geometry* detected driver: dvips
! Missing $ inserted.
<inserted text> 
                $
l.12 ...{35.000000}{43.750000}{\rmfamily aqua  20_
                                                  season}
(/software/texlive-2012-el6-x86_64/texmf-dist/tex/latex/psnfss/omlzplm.fd)
(/software/texlive-2012-el6-x86_64/texmf-dist/tex/latex/psnfss/omszplm.fd)
(/software/texlive-2012-el6-x86_64/texmf-dist/tex/latex/psnfss/omxzplm.fd)
(/software/texlive-2012-el6-x86_64/texmf-dist/tex/latex/psnfss/ot1zplm.fd)
! Extra }, or forgotten $.
l.12 ...000}{43.750000}{\rmfamily aqua  20_season}
                                                  
! Missing $ inserted.
<inserted text> 
                $
l.13 \end{document}
                   
[1] (./b7c34ef64e6db1d25452e4543f678e3f.aux) )
(\end occurred inside a group at level 1)

### simple group (level 1) entered at line 12 ({)
### bottom level
(see the transcript file for additional information)
Output written on b7c34ef64e6db1d25452e4543f678e3f.dvi (1 page, 368 bytes).
Transcript written on b7c34ef64e6db1d25452e4543f678e3f.log.

