11/06/2018 05:33:27 PM ...........Calculate EKE.............0
11/06/2018 05:33:27 PM imported nc file
11/06/2018 05:35:03 PM imported coordinates
11/06/2018 05:37:18 PM imported pressure
11/06/2018 05:38:23 PM saved v_comp
11/06/2018 05:39:27 PM saved u_comp
11/06/2018 05:39:27 PM Filtering signal now
11/06/2018 05:39:33 PM Filtering u and v at plevel 0.9731199465677635
11/06/2018 05:39:38 PM Filtering u and v at plevel 0.9210435734946946
11/06/2018 05:39:42 PM Filtering u and v at plevel 0.8717540125826787
11/06/2018 05:39:46 PM Filtering u and v at plevel 0.8251018703001956
11/06/2018 05:39:51 PM Filtering u and v at plevel 0.7809450914447958
11/06/2018 05:39:55 PM Filtering u and v at plevel 0.7391477498279747
11/06/2018 05:40:00 PM Filtering u and v at plevel 0.6995784804292889
11/06/2018 05:40:04 PM Filtering u and v at plevel 0.6621085665908767
11/06/2018 05:40:09 PM Filtering u and v at plevel 0.6266097287784145
11/06/2018 05:40:13 PM Filtering u and v at plevel 0.592951685476526
11/06/2018 05:40:17 PM Filtering u and v at plevel 0.5609995761404118
11/06/2018 05:40:22 PM Filtering u and v at plevel 0.5306113557418541
11/06/2018 05:40:26 PM Filtering u and v at plevel 0.5016352961682442
11/06/2018 05:40:31 PM Filtering u and v at plevel 0.4739077683307861
11/06/2018 05:40:35 PM Filtering u and v at plevel 0.44725153763167325
11/06/2018 05:40:40 PM Filtering u and v at plevel 0.4214748913644697
11/06/2018 05:40:44 PM Filtering u and v at plevel 0.3963720342166585
11/06/2018 05:40:48 PM Filtering u and v at plevel 0.371725335892926
11/06/2018 05:40:53 PM Filtering u and v at plevel 0.34731017971440126
11/06/2018 05:40:57 PM Filtering u and v at plevel 0.32290330906438663
11/06/2018 05:41:02 PM Filtering u and v at plevel 0.29829563412593546
11/06/2018 05:41:06 PM Filtering u and v at plevel 0.27331033560806184
11/06/2018 05:41:11 PM Filtering u and v at plevel 0.2478266277557821
11/06/2018 05:41:15 PM Filtering u and v at plevel 0.22180852820217098
11/06/2018 05:41:20 PM Filtering u and v at plevel 0.19533625519570888
11/06/2018 05:41:24 PM Filtering u and v at plevel 0.1686353994868007
11/06/2018 05:41:28 PM Filtering u and v at plevel 0.1420960968927281
11/06/2018 05:41:33 PM Filtering u and v at plevel 0.1162719225588613
11/06/2018 05:41:37 PM Filtering u and v at plevel 0.0918477093601027
11/06/2018 05:41:42 PM Filtering u and v at plevel 0.06956901941712679
11/06/2018 05:41:46 PM Filtering u and v at plevel 0.050135221379808886
11/06/2018 05:41:51 PM Filtering u and v at plevel 0.03407262549982947
11/06/2018 05:41:55 PM Filtering u and v at plevel 0.021619597882391442
11/06/2018 05:41:59 PM Filtering u and v at plevel 0.012663559404899662
11/06/2018 05:42:04 PM Filtering u and v at plevel 0.006761046642395754
11/06/2018 05:42:08 PM Filtering u and v at plevel 0.003243806249843405
11/06/2018 05:42:13 PM Filtering u and v at plevel 0.0013766083204391473
11/06/2018 05:42:17 PM Filtering u and v at plevel 0.0005077583032093046
11/06/2018 05:42:22 PM Filtering u and v at plevel 0.00015964567384570998
11/06/2018 05:42:26 PM Filtering u and v at plevel 2.710462927265426e-05
11/06/2018 05:42:30 PM calculated EKE
11/06/2018 05:42:39 PM saved EKE data
11/06/2018 05:42:39 PM EKE calculated !! Great !!
11/06/2018 05:42:44 PM destination folder created !
11/06/2018 05:42:44 PM ...........Calculate EKE.............1
11/06/2018 05:42:44 PM imported nc file
11/06/2018 05:44:12 PM imported coordinates
11/06/2018 05:46:31 PM imported pressure
11/06/2018 05:47:36 PM saved v_comp
11/06/2018 05:48:41 PM saved u_comp
11/06/2018 05:48:41 PM Filtering signal now
11/06/2018 05:48:48 PM Filtering u and v at plevel 0.9731199465677635
11/06/2018 05:48:53 PM Filtering u and v at plevel 0.9210435734946946
11/06/2018 05:48:58 PM Filtering u and v at plevel 0.8717540125826787
11/06/2018 05:49:03 PM Filtering u and v at plevel 0.8251018703001956
11/06/2018 05:49:09 PM Filtering u and v at plevel 0.7809450914447958
11/06/2018 05:49:14 PM Filtering u and v at plevel 0.7391477498279747
11/06/2018 05:49:19 PM Filtering u and v at plevel 0.6995784804292889
11/06/2018 05:49:24 PM Filtering u and v at plevel 0.6621085665908767
11/06/2018 05:49:29 PM Filtering u and v at plevel 0.6266097287784145
11/06/2018 05:49:34 PM Filtering u and v at plevel 0.592951685476526
11/06/2018 05:49:39 PM Filtering u and v at plevel 0.5609995761404118
11/06/2018 05:49:44 PM Filtering u and v at plevel 0.5306113557418541
11/06/2018 05:49:50 PM Filtering u and v at plevel 0.5016352961682442
11/06/2018 05:49:55 PM Filtering u and v at plevel 0.4739077683307861
11/06/2018 05:50:00 PM Filtering u and v at plevel 0.44725153763167325
11/06/2018 05:50:05 PM Filtering u and v at plevel 0.4214748913644697
11/06/2018 05:50:10 PM Filtering u and v at plevel 0.3963720342166585
11/06/2018 05:50:15 PM Filtering u and v at plevel 0.371725335892926
11/06/2018 05:50:20 PM Filtering u and v at plevel 0.34731017971440126
11/06/2018 05:50:25 PM Filtering u and v at plevel 0.32290330906438663
11/06/2018 05:50:31 PM Filtering u and v at plevel 0.29829563412593546
11/06/2018 05:50:36 PM Filtering u and v at plevel 0.27331033560806184
11/06/2018 05:50:41 PM Filtering u and v at plevel 0.2478266277557821
11/06/2018 05:50:46 PM Filtering u and v at plevel 0.22180852820217098
11/06/2018 05:50:51 PM Filtering u and v at plevel 0.19533625519570888
11/06/2018 05:50:56 PM Filtering u and v at plevel 0.1686353994868007
11/06/2018 05:51:01 PM Filtering u and v at plevel 0.1420960968927281
11/06/2018 05:51:06 PM Filtering u and v at plevel 0.1162719225588613
11/06/2018 05:51:12 PM Filtering u and v at plevel 0.0918477093601027
11/06/2018 05:51:17 PM Filtering u and v at plevel 0.06956901941712679
11/06/2018 05:51:22 PM Filtering u and v at plevel 0.050135221379808886
11/06/2018 05:51:27 PM Filtering u and v at plevel 0.03407262549982947
11/06/2018 05:51:32 PM Filtering u and v at plevel 0.021619597882391442
11/06/2018 05:51:37 PM Filtering u and v at plevel 0.012663559404899662
11/06/2018 05:51:42 PM Filtering u and v at plevel 0.006761046642395754
11/06/2018 05:51:47 PM Filtering u and v at plevel 0.003243806249843405
11/06/2018 05:51:52 PM Filtering u and v at plevel 0.0013766083204391473
11/06/2018 05:51:58 PM Filtering u and v at plevel 0.0005077583032093046
11/06/2018 05:52:03 PM Filtering u and v at plevel 0.00015964567384570998
11/06/2018 05:52:08 PM Filtering u and v at plevel 2.710462927265426e-05
11/06/2018 05:52:12 PM calculated EKE
11/06/2018 05:52:20 PM saved EKE data
11/06/2018 05:52:21 PM EKE calculated !! Great !!
11/06/2018 05:52:26 PM destination folder created !
11/06/2018 05:52:26 PM ...........Calculate EKE.............2
11/06/2018 05:52:26 PM imported nc file
11/06/2018 05:53:53 PM imported coordinates
11/06/2018 05:56:10 PM imported pressure
11/06/2018 05:57:14 PM saved v_comp
11/06/2018 05:58:20 PM saved u_comp
11/06/2018 05:58:20 PM Filtering signal now
11/06/2018 05:58:26 PM Filtering u and v at plevel 0.9731199465677635
11/06/2018 05:58:31 PM Filtering u and v at plevel 0.9210435734946946
11/06/2018 05:58:35 PM Filtering u and v at plevel 0.8717540125826787
11/06/2018 05:58:39 PM Filtering u and v at plevel 0.8251018703001956
11/06/2018 05:58:44 PM Filtering u and v at plevel 0.7809450914447958
11/06/2018 05:58:48 PM Filtering u and v at plevel 0.7391477498279747
11/06/2018 05:58:52 PM Filtering u and v at plevel 0.6995784804292889
11/06/2018 05:58:57 PM Filtering u and v at plevel 0.6621085665908767
11/06/2018 05:59:01 PM Filtering u and v at plevel 0.6266097287784145
11/06/2018 05:59:06 PM Filtering u and v at plevel 0.592951685476526
11/06/2018 05:59:10 PM Filtering u and v at plevel 0.5609995761404118
11/06/2018 05:59:14 PM Filtering u and v at plevel 0.5306113557418541
11/06/2018 05:59:19 PM Filtering u and v at plevel 0.5016352961682442
11/06/2018 05:59:23 PM Filtering u and v at plevel 0.4739077683307861
11/06/2018 05:59:27 PM Filtering u and v at plevel 0.44725153763167325
11/06/2018 05:59:32 PM Filtering u and v at plevel 0.4214748913644697
11/06/2018 05:59:36 PM Filtering u and v at plevel 0.3963720342166585
11/06/2018 05:59:40 PM Filtering u and v at plevel 0.371725335892926
11/06/2018 05:59:45 PM Filtering u and v at plevel 0.34731017971440126
11/06/2018 05:59:49 PM Filtering u and v at plevel 0.32290330906438663
11/06/2018 05:59:53 PM Filtering u and v at plevel 0.29829563412593546
11/06/2018 05:59:58 PM Filtering u and v at plevel 0.27331033560806184
11/06/2018 06:00:02 PM Filtering u and v at plevel 0.2478266277557821
11/06/2018 06:00:06 PM Filtering u and v at plevel 0.22180852820217098
11/06/2018 06:00:11 PM Filtering u and v at plevel 0.19533625519570888
11/06/2018 06:00:15 PM Filtering u and v at plevel 0.1686353994868007
11/06/2018 06:00:19 PM Filtering u and v at plevel 0.1420960968927281
11/06/2018 06:00:24 PM Filtering u and v at plevel 0.1162719225588613
11/06/2018 06:00:28 PM Filtering u and v at plevel 0.0918477093601027
11/06/2018 06:00:33 PM Filtering u and v at plevel 0.06956901941712679
11/06/2018 06:00:37 PM Filtering u and v at plevel 0.050135221379808886
11/06/2018 06:00:41 PM Filtering u and v at plevel 0.03407262549982947
11/06/2018 06:00:46 PM Filtering u and v at plevel 0.021619597882391442
11/06/2018 06:00:50 PM Filtering u and v at plevel 0.012663559404899662
11/06/2018 06:00:54 PM Filtering u and v at plevel 0.006761046642395754
11/06/2018 06:00:59 PM Filtering u and v at plevel 0.003243806249843405
11/06/2018 06:01:03 PM Filtering u and v at plevel 0.0013766083204391473
11/06/2018 06:01:07 PM Filtering u and v at plevel 0.0005077583032093046
11/06/2018 06:01:12 PM Filtering u and v at plevel 0.00015964567384570998
11/06/2018 06:01:16 PM Filtering u and v at plevel 2.710462927265426e-05
11/06/2018 06:01:20 PM calculated EKE
11/06/2018 06:01:29 PM saved EKE data
11/06/2018 06:01:29 PM EKE calculated !! Great !!
11/06/2018 06:01:34 PM destination folder created !
11/06/2018 06:01:34 PM ...........Calculate EKE.............3
11/06/2018 06:01:34 PM imported nc file
11/06/2018 06:03:02 PM imported coordinates
11/06/2018 06:05:11 PM imported pressure
11/06/2018 06:06:14 PM saved v_comp
11/06/2018 06:07:19 PM saved u_comp
11/06/2018 06:07:19 PM Filtering signal now
11/06/2018 06:07:26 PM Filtering u and v at plevel 0.9731199465677635
11/06/2018 06:07:30 PM Filtering u and v at plevel 0.9210435734946946
11/06/2018 06:07:35 PM Filtering u and v at plevel 0.8717540125826787
11/06/2018 06:07:39 PM Filtering u and v at plevel 0.8251018703001956
11/06/2018 06:07:43 PM Filtering u and v at plevel 0.7809450914447958
11/06/2018 06:07:48 PM Filtering u and v at plevel 0.7391477498279747
11/06/2018 06:07:52 PM Filtering u and v at plevel 0.6995784804292889
11/06/2018 06:07:57 PM Filtering u and v at plevel 0.6621085665908767
11/06/2018 06:08:01 PM Filtering u and v at plevel 0.6266097287784145
11/06/2018 06:08:06 PM Filtering u and v at plevel 0.592951685476526
11/06/2018 06:08:10 PM Filtering u and v at plevel 0.5609995761404118
11/06/2018 06:08:14 PM Filtering u and v at plevel 0.5306113557418541
11/06/2018 06:08:19 PM Filtering u and v at plevel 0.5016352961682442
11/06/2018 06:08:23 PM Filtering u and v at plevel 0.4739077683307861
11/06/2018 06:08:28 PM Filtering u and v at plevel 0.44725153763167325
11/06/2018 06:08:32 PM Filtering u and v at plevel 0.4214748913644697
11/06/2018 06:08:36 PM Filtering u and v at plevel 0.3963720342166585
11/06/2018 06:08:41 PM Filtering u and v at plevel 0.371725335892926
11/06/2018 06:08:45 PM Filtering u and v at plevel 0.34731017971440126
11/06/2018 06:08:50 PM Filtering u and v at plevel 0.32290330906438663
11/06/2018 06:08:54 PM Filtering u and v at plevel 0.29829563412593546
11/06/2018 06:08:59 PM Filtering u and v at plevel 0.27331033560806184
11/06/2018 06:09:03 PM Filtering u and v at plevel 0.2478266277557821
11/06/2018 06:09:07 PM Filtering u and v at plevel 0.22180852820217098
11/06/2018 06:09:12 PM Filtering u and v at plevel 0.19533625519570888
11/06/2018 06:09:16 PM Filtering u and v at plevel 0.1686353994868007
11/06/2018 06:09:21 PM Filtering u and v at plevel 0.1420960968927281
11/06/2018 06:09:25 PM Filtering u and v at plevel 0.1162719225588613
11/06/2018 06:09:29 PM Filtering u and v at plevel 0.0918477093601027
11/06/2018 06:09:34 PM Filtering u and v at plevel 0.06956901941712679
11/06/2018 06:09:38 PM Filtering u and v at plevel 0.050135221379808886
11/06/2018 06:09:43 PM Filtering u and v at plevel 0.03407262549982947
11/06/2018 06:09:47 PM Filtering u and v at plevel 0.021619597882391442
11/06/2018 06:09:52 PM Filtering u and v at plevel 0.012663559404899662
11/06/2018 06:09:56 PM Filtering u and v at plevel 0.006761046642395754
11/06/2018 06:10:00 PM Filtering u and v at plevel 0.003243806249843405
11/06/2018 06:10:05 PM Filtering u and v at plevel 0.0013766083204391473
11/06/2018 06:10:09 PM Filtering u and v at plevel 0.0005077583032093046
11/06/2018 06:10:14 PM Filtering u and v at plevel 0.00015964567384570998
11/06/2018 06:10:18 PM Filtering u and v at plevel 2.710462927265426e-05
11/06/2018 06:10:22 PM calculated EKE
11/06/2018 06:10:31 PM saved EKE data
11/06/2018 06:10:31 PM EKE calculated !! Great !!
11/06/2018 06:10:36 PM destination folder created !
11/06/2018 06:10:36 PM ...........Calculate EKE.............4
11/06/2018 06:10:36 PM imported nc file
11/06/2018 06:12:04 PM imported coordinates
11/06/2018 06:14:25 PM imported pressure
11/06/2018 06:15:32 PM saved v_comp
11/06/2018 06:16:44 PM saved u_comp
11/06/2018 06:16:44 PM Filtering signal now
11/06/2018 06:16:51 PM Filtering u and v at plevel 0.9731199465677635
11/06/2018 06:16:55 PM Filtering u and v at plevel 0.9210435734946946
11/06/2018 06:17:00 PM Filtering u and v at plevel 0.8717540125826787
11/06/2018 06:17:04 PM Filtering u and v at plevel 0.8251018703001956
11/06/2018 06:17:09 PM Filtering u and v at plevel 0.7809450914447958
11/06/2018 06:17:13 PM Filtering u and v at plevel 0.7391477498279747
11/06/2018 06:17:18 PM Filtering u and v at plevel 0.6995784804292889
11/06/2018 06:17:22 PM Filtering u and v at plevel 0.6621085665908767
11/06/2018 06:17:27 PM Filtering u and v at plevel 0.6266097287784145
11/06/2018 06:17:31 PM Filtering u and v at plevel 0.592951685476526
11/06/2018 06:17:36 PM Filtering u and v at plevel 0.5609995761404118
11/06/2018 06:17:41 PM Filtering u and v at plevel 0.5306113557418541
11/06/2018 06:17:45 PM Filtering u and v at plevel 0.5016352961682442
11/06/2018 06:17:50 PM Filtering u and v at plevel 0.4739077683307861
11/06/2018 06:17:54 PM Filtering u and v at plevel 0.44725153763167325
11/06/2018 06:17:59 PM Filtering u and v at plevel 0.4214748913644697
11/06/2018 06:18:03 PM Filtering u and v at plevel 0.3963720342166585
11/06/2018 06:18:08 PM Filtering u and v at plevel 0.371725335892926
11/06/2018 06:18:12 PM Filtering u and v at plevel 0.34731017971440126
11/06/2018 06:18:17 PM Filtering u and v at plevel 0.32290330906438663
11/06/2018 06:18:21 PM Filtering u and v at plevel 0.29829563412593546
11/06/2018 06:18:26 PM Filtering u and v at plevel 0.27331033560806184
11/06/2018 06:18:30 PM Filtering u and v at plevel 0.2478266277557821
11/06/2018 06:18:35 PM Filtering u and v at plevel 0.22180852820217098
11/06/2018 06:18:39 PM Filtering u and v at plevel 0.19533625519570888
11/06/2018 06:18:44 PM Filtering u and v at plevel 0.1686353994868007
11/06/2018 06:18:48 PM Filtering u and v at plevel 0.1420960968927281
11/06/2018 06:18:53 PM Filtering u and v at plevel 0.1162719225588613
11/06/2018 06:18:57 PM Filtering u and v at plevel 0.0918477093601027
11/06/2018 06:19:02 PM Filtering u and v at plevel 0.06956901941712679
11/06/2018 06:19:06 PM Filtering u and v at plevel 0.050135221379808886
11/06/2018 06:19:11 PM Filtering u and v at plevel 0.03407262549982947
11/06/2018 06:19:16 PM Filtering u and v at plevel 0.021619597882391442
11/06/2018 06:19:20 PM Filtering u and v at plevel 0.012663559404899662
11/06/2018 06:19:25 PM Filtering u and v at plevel 0.006761046642395754
11/06/2018 06:19:29 PM Filtering u and v at plevel 0.003243806249843405
11/06/2018 06:19:34 PM Filtering u and v at plevel 0.0013766083204391473
11/06/2018 06:19:38 PM Filtering u and v at plevel 0.0005077583032093046
11/06/2018 06:19:43 PM Filtering u and v at plevel 0.00015964567384570998
11/06/2018 06:19:47 PM Filtering u and v at plevel 2.710462927265426e-05
11/06/2018 06:19:52 PM calculated EKE
11/06/2018 06:20:00 PM saved EKE data
11/06/2018 06:20:00 PM EKE calculated !! Great !!
11/06/2018 06:20:05 PM destination folder created !
11/06/2018 06:20:05 PM ...........Calculate EKE.............5
11/06/2018 06:20:05 PM imported nc file
11/06/2018 06:21:35 PM imported coordinates
11/06/2018 06:23:51 PM imported pressure
11/06/2018 06:24:52 PM saved v_comp
11/06/2018 06:25:59 PM saved u_comp
11/06/2018 06:25:59 PM Filtering signal now
11/06/2018 06:26:05 PM Filtering u and v at plevel 0.9731199465677635
11/06/2018 06:26:10 PM Filtering u and v at plevel 0.9210435734946946
11/06/2018 06:26:15 PM Filtering u and v at plevel 0.8717540125826787
11/06/2018 06:26:19 PM Filtering u and v at plevel 0.8251018703001956
11/06/2018 06:26:24 PM Filtering u and v at plevel 0.7809450914447958
11/06/2018 06:26:28 PM Filtering u and v at plevel 0.7391477498279747
11/06/2018 06:26:33 PM Filtering u and v at plevel 0.6995784804292889
11/06/2018 06:26:37 PM Filtering u and v at plevel 0.6621085665908767
11/06/2018 06:26:42 PM Filtering u and v at plevel 0.6266097287784145
11/06/2018 06:26:47 PM Filtering u and v at plevel 0.592951685476526
11/06/2018 06:26:51 PM Filtering u and v at plevel 0.5609995761404118
11/06/2018 06:26:56 PM Filtering u and v at plevel 0.5306113557418541
11/06/2018 06:27:00 PM Filtering u and v at plevel 0.5016352961682442
11/06/2018 06:27:05 PM Filtering u and v at plevel 0.4739077683307861
11/06/2018 06:27:10 PM Filtering u and v at plevel 0.44725153763167325
11/06/2018 06:27:14 PM Filtering u and v at plevel 0.4214748913644697
11/06/2018 06:27:19 PM Filtering u and v at plevel 0.3963720342166585
11/06/2018 06:27:23 PM Filtering u and v at plevel 0.371725335892926
11/06/2018 06:27:28 PM Filtering u and v at plevel 0.34731017971440126
11/06/2018 06:27:32 PM Filtering u and v at plevel 0.32290330906438663
11/06/2018 06:27:37 PM Filtering u and v at plevel 0.29829563412593546
11/06/2018 06:27:42 PM Filtering u and v at plevel 0.27331033560806184
11/06/2018 06:27:46 PM Filtering u and v at plevel 0.2478266277557821
11/06/2018 06:27:51 PM Filtering u and v at plevel 0.22180852820217098
11/06/2018 06:27:55 PM Filtering u and v at plevel 0.19533625519570888
11/06/2018 06:28:00 PM Filtering u and v at plevel 0.1686353994868007
11/06/2018 06:28:04 PM Filtering u and v at plevel 0.1420960968927281
11/06/2018 06:28:09 PM Filtering u and v at plevel 0.1162719225588613
11/06/2018 06:28:14 PM Filtering u and v at plevel 0.0918477093601027
11/06/2018 06:28:18 PM Filtering u and v at plevel 0.06956901941712679
11/06/2018 06:28:23 PM Filtering u and v at plevel 0.050135221379808886
11/06/2018 06:28:27 PM Filtering u and v at plevel 0.03407262549982947
11/06/2018 06:28:32 PM Filtering u and v at plevel 0.021619597882391442
11/06/2018 06:28:37 PM Filtering u and v at plevel 0.012663559404899662
11/06/2018 06:28:41 PM Filtering u and v at plevel 0.006761046642395754
11/06/2018 06:28:46 PM Filtering u and v at plevel 0.003243806249843405
11/06/2018 06:28:50 PM Filtering u and v at plevel 0.0013766083204391473
11/06/2018 06:28:55 PM Filtering u and v at plevel 0.0005077583032093046
11/06/2018 06:28:59 PM Filtering u and v at plevel 0.00015964567384570998
11/06/2018 06:29:04 PM Filtering u and v at plevel 2.710462927265426e-05
11/06/2018 06:29:08 PM calculated EKE
11/06/2018 06:29:16 PM saved EKE data
11/06/2018 06:29:17 PM EKE calculated !! Great !!
11/06/2018 06:29:21 PM destination folder created !
11/06/2018 06:29:21 PM ...........Calculate EKE.............6
11/06/2018 06:29:21 PM imported nc file
11/06/2018 06:30:52 PM imported coordinates
11/06/2018 06:33:02 PM imported pressure
11/06/2018 06:34:02 PM saved v_comp
11/06/2018 06:35:11 PM saved u_comp
11/06/2018 06:35:11 PM Filtering signal now
11/06/2018 06:35:17 PM Filtering u and v at plevel 0.9731199465677635
11/06/2018 06:35:22 PM Filtering u and v at plevel 0.9210435734946946
11/06/2018 06:35:26 PM Filtering u and v at plevel 0.8717540125826787
11/06/2018 06:35:30 PM Filtering u and v at plevel 0.8251018703001956
11/06/2018 06:35:35 PM Filtering u and v at plevel 0.7809450914447958
11/06/2018 06:35:39 PM Filtering u and v at plevel 0.7391477498279747
11/06/2018 06:35:43 PM Filtering u and v at plevel 0.6995784804292889
11/06/2018 06:35:48 PM Filtering u and v at plevel 0.6621085665908767
11/06/2018 06:35:52 PM Filtering u and v at plevel 0.6266097287784145
11/06/2018 06:35:57 PM Filtering u and v at plevel 0.592951685476526
11/06/2018 06:36:01 PM Filtering u and v at plevel 0.5609995761404118
11/06/2018 06:36:05 PM Filtering u and v at plevel 0.5306113557418541
11/06/2018 06:36:10 PM Filtering u and v at plevel 0.5016352961682442
11/06/2018 06:36:14 PM Filtering u and v at plevel 0.4739077683307861
11/06/2018 06:36:19 PM Filtering u and v at plevel 0.44725153763167325
11/06/2018 06:36:23 PM Filtering u and v at plevel 0.4214748913644697
11/06/2018 06:36:27 PM Filtering u and v at plevel 0.3963720342166585
11/06/2018 06:36:32 PM Filtering u and v at plevel 0.371725335892926
11/06/2018 06:36:36 PM Filtering u and v at plevel 0.34731017971440126
11/06/2018 06:36:41 PM Filtering u and v at plevel 0.32290330906438663
11/06/2018 06:36:45 PM Filtering u and v at plevel 0.29829563412593546
11/06/2018 06:36:49 PM Filtering u and v at plevel 0.27331033560806184
11/06/2018 06:36:54 PM Filtering u and v at plevel 0.2478266277557821
11/06/2018 06:36:58 PM Filtering u and v at plevel 0.22180852820217098
11/06/2018 06:37:03 PM Filtering u and v at plevel 0.19533625519570888
11/06/2018 06:37:07 PM Filtering u and v at plevel 0.1686353994868007
11/06/2018 06:37:11 PM Filtering u and v at plevel 0.1420960968927281
11/06/2018 06:37:16 PM Filtering u and v at plevel 0.1162719225588613
11/06/2018 06:37:20 PM Filtering u and v at plevel 0.0918477093601027
11/06/2018 06:37:25 PM Filtering u and v at plevel 0.06956901941712679
11/06/2018 06:37:29 PM Filtering u and v at plevel 0.050135221379808886
11/06/2018 06:37:33 PM Filtering u and v at plevel 0.03407262549982947
11/06/2018 06:37:38 PM Filtering u and v at plevel 0.021619597882391442
11/06/2018 06:37:42 PM Filtering u and v at plevel 0.012663559404899662
11/06/2018 06:37:46 PM Filtering u and v at plevel 0.006761046642395754
11/06/2018 06:37:51 PM Filtering u and v at plevel 0.003243806249843405
11/06/2018 06:37:55 PM Filtering u and v at plevel 0.0013766083204391473
11/06/2018 06:38:00 PM Filtering u and v at plevel 0.0005077583032093046
11/06/2018 06:38:04 PM Filtering u and v at plevel 0.00015964567384570998
11/06/2018 06:38:08 PM Filtering u and v at plevel 2.710462927265426e-05
11/06/2018 06:38:12 PM calculated EKE
11/06/2018 06:38:20 PM saved EKE data
11/06/2018 06:38:20 PM EKE calculated !! Great !!
11/06/2018 06:38:28 PM destination folder created !
11/06/2018 06:38:28 PM ...........Calculate EKE.............7
11/06/2018 06:38:28 PM imported nc file
11/06/2018 06:39:11 PM imported coordinates
11/06/2018 06:41:13 PM imported pressure
11/06/2018 06:42:09 PM saved v_comp
11/06/2018 06:43:07 PM saved u_comp
11/06/2018 06:43:07 PM Filtering signal now
11/06/2018 06:43:15 PM Filtering u and v at plevel 0.9731199465677635
11/06/2018 06:43:20 PM Filtering u and v at plevel 0.9210435734946946
11/06/2018 06:43:24 PM Filtering u and v at plevel 0.8717540125826787
11/06/2018 06:43:29 PM Filtering u and v at plevel 0.8251018703001956
11/06/2018 06:43:33 PM Filtering u and v at plevel 0.7809450914447958
11/06/2018 06:43:38 PM Filtering u and v at plevel 0.7391477498279747
11/06/2018 06:43:42 PM Filtering u and v at plevel 0.6995784804292889
11/06/2018 06:43:47 PM Filtering u and v at plevel 0.6621085665908767
11/06/2018 06:43:51 PM Filtering u and v at plevel 0.6266097287784145
11/06/2018 06:43:56 PM Filtering u and v at plevel 0.592951685476526
11/06/2018 06:44:00 PM Filtering u and v at plevel 0.5609995761404118
11/06/2018 06:44:05 PM Filtering u and v at plevel 0.5306113557418541
11/06/2018 06:44:09 PM Filtering u and v at plevel 0.5016352961682442
11/06/2018 06:44:14 PM Filtering u and v at plevel 0.4739077683307861
11/06/2018 06:44:18 PM Filtering u and v at plevel 0.44725153763167325
11/06/2018 06:44:23 PM Filtering u and v at plevel 0.4214748913644697
11/06/2018 06:44:27 PM Filtering u and v at plevel 0.3963720342166585
11/06/2018 06:44:32 PM Filtering u and v at plevel 0.371725335892926
11/06/2018 06:44:37 PM Filtering u and v at plevel 0.34731017971440126
11/06/2018 06:44:41 PM Filtering u and v at plevel 0.32290330906438663
11/06/2018 06:44:46 PM Filtering u and v at plevel 0.29829563412593546
11/06/2018 06:44:50 PM Filtering u and v at plevel 0.27331033560806184
11/06/2018 06:44:55 PM Filtering u and v at plevel 0.2478266277557821
11/06/2018 06:44:59 PM Filtering u and v at plevel 0.22180852820217098
11/06/2018 06:45:04 PM Filtering u and v at plevel 0.19533625519570888
11/06/2018 06:45:08 PM Filtering u and v at plevel 0.1686353994868007
11/06/2018 06:45:13 PM Filtering u and v at plevel 0.1420960968927281
11/06/2018 06:45:17 PM Filtering u and v at plevel 0.1162719225588613
11/06/2018 06:45:22 PM Filtering u and v at plevel 0.0918477093601027
11/06/2018 06:45:27 PM Filtering u and v at plevel 0.06956901941712679
11/06/2018 06:45:31 PM Filtering u and v at plevel 0.050135221379808886
11/06/2018 06:45:36 PM Filtering u and v at plevel 0.03407262549982947
11/06/2018 06:45:40 PM Filtering u and v at plevel 0.021619597882391442
11/06/2018 06:45:45 PM Filtering u and v at plevel 0.012663559404899662
11/06/2018 06:45:49 PM Filtering u and v at plevel 0.006761046642395754
11/06/2018 06:45:54 PM Filtering u and v at plevel 0.003243806249843405
11/06/2018 06:45:58 PM Filtering u and v at plevel 0.0013766083204391473
11/06/2018 06:46:03 PM Filtering u and v at plevel 0.0005077583032093046
11/06/2018 06:46:07 PM Filtering u and v at plevel 0.00015964567384570998
11/06/2018 06:46:12 PM Filtering u and v at plevel 2.710462927265426e-05
11/06/2018 06:46:16 PM calculated EKE
11/06/2018 06:46:24 PM saved EKE data
11/06/2018 06:46:24 PM EKE calculated !! Great !!
11/06/2018 06:46:29 PM destination folder created !
11/06/2018 06:46:29 PM ...........Calculate EKE.............8
11/06/2018 06:46:29 PM imported nc file
11/06/2018 06:47:58 PM imported coordinates
11/06/2018 06:50:01 PM imported pressure
11/06/2018 06:51:01 PM saved v_comp
11/06/2018 06:52:03 PM saved u_comp
11/06/2018 06:52:03 PM Filtering signal now
11/06/2018 06:52:09 PM Filtering u and v at plevel 0.9731199465677635
11/06/2018 06:52:13 PM Filtering u and v at plevel 0.9210435734946946
11/06/2018 06:52:18 PM Filtering u and v at plevel 0.8717540125826787
11/06/2018 06:52:22 PM Filtering u and v at plevel 0.8251018703001956
11/06/2018 06:52:27 PM Filtering u and v at plevel 0.7809450914447958
11/06/2018 06:52:31 PM Filtering u and v at plevel 0.7391477498279747
11/06/2018 06:52:35 PM Filtering u and v at plevel 0.6995784804292889
11/06/2018 06:52:40 PM Filtering u and v at plevel 0.6621085665908767
11/06/2018 06:52:44 PM Filtering u and v at plevel 0.6266097287784145
11/06/2018 06:52:48 PM Filtering u and v at plevel 0.592951685476526
11/06/2018 06:52:53 PM Filtering u and v at plevel 0.5609995761404118
11/06/2018 06:52:57 PM Filtering u and v at plevel 0.5306113557418541
11/06/2018 06:53:02 PM Filtering u and v at plevel 0.5016352961682442
11/06/2018 06:53:06 PM Filtering u and v at plevel 0.4739077683307861
11/06/2018 06:53:10 PM Filtering u and v at plevel 0.44725153763167325
11/06/2018 06:53:15 PM Filtering u and v at plevel 0.4214748913644697
11/06/2018 06:53:19 PM Filtering u and v at plevel 0.3963720342166585
11/06/2018 06:53:23 PM Filtering u and v at plevel 0.371725335892926
11/06/2018 06:53:28 PM Filtering u and v at plevel 0.34731017971440126
11/06/2018 06:53:32 PM Filtering u and v at plevel 0.32290330906438663
11/06/2018 06:53:37 PM Filtering u and v at plevel 0.29829563412593546
11/06/2018 06:53:41 PM Filtering u and v at plevel 0.27331033560806184
11/06/2018 06:53:45 PM Filtering u and v at plevel 0.2478266277557821
11/06/2018 06:53:50 PM Filtering u and v at plevel 0.22180852820217098
11/06/2018 06:53:54 PM Filtering u and v at plevel 0.19533625519570888
11/06/2018 06:53:58 PM Filtering u and v at plevel 0.1686353994868007
11/06/2018 06:54:03 PM Filtering u and v at plevel 0.1420960968927281
11/06/2018 06:54:07 PM Filtering u and v at plevel 0.1162719225588613
11/06/2018 06:54:11 PM Filtering u and v at plevel 0.0918477093601027
11/06/2018 06:54:16 PM Filtering u and v at plevel 0.06956901941712679
11/06/2018 06:54:20 PM Filtering u and v at plevel 0.050135221379808886
11/06/2018 06:54:25 PM Filtering u and v at plevel 0.03407262549982947
11/06/2018 06:54:29 PM Filtering u and v at plevel 0.021619597882391442
11/06/2018 06:54:33 PM Filtering u and v at plevel 0.012663559404899662
11/06/2018 06:54:38 PM Filtering u and v at plevel 0.006761046642395754
11/06/2018 06:54:42 PM Filtering u and v at plevel 0.003243806249843405
11/06/2018 06:54:46 PM Filtering u and v at plevel 0.0013766083204391473
11/06/2018 06:54:51 PM Filtering u and v at plevel 0.0005077583032093046
11/06/2018 06:54:55 PM Filtering u and v at plevel 0.00015964567384570998
11/06/2018 06:54:59 PM Filtering u and v at plevel 2.710462927265426e-05
11/06/2018 06:55:03 PM calculated EKE
11/06/2018 06:55:11 PM saved EKE data
11/06/2018 06:55:11 PM EKE calculated !! Great !!
11/06/2018 06:55:17 PM destination folder created !
11/06/2018 06:55:17 PM ...........Calculate EKE.............9
11/06/2018 06:55:17 PM imported nc file
11/06/2018 06:56:36 PM imported coordinates
11/06/2018 06:58:36 PM imported pressure
11/06/2018 06:59:39 PM saved v_comp
11/06/2018 07:00:42 PM saved u_comp
11/06/2018 07:00:42 PM Filtering signal now
11/06/2018 07:00:50 PM Filtering u and v at plevel 0.9731199465677635
11/06/2018 07:00:54 PM Filtering u and v at plevel 0.9210435734946946
11/06/2018 07:00:59 PM Filtering u and v at plevel 0.8717540125826787
11/06/2018 07:01:04 PM Filtering u and v at plevel 0.8251018703001956
11/06/2018 07:01:08 PM Filtering u and v at plevel 0.7809450914447958
11/06/2018 07:01:13 PM Filtering u and v at plevel 0.7391477498279747
11/06/2018 07:01:17 PM Filtering u and v at plevel 0.6995784804292889
11/06/2018 07:01:22 PM Filtering u and v at plevel 0.6621085665908767
11/06/2018 07:01:27 PM Filtering u and v at plevel 0.6266097287784145
11/06/2018 07:01:31 PM Filtering u and v at plevel 0.592951685476526
11/06/2018 07:01:36 PM Filtering u and v at plevel 0.5609995761404118
11/06/2018 07:01:41 PM Filtering u and v at plevel 0.5306113557418541
11/06/2018 07:01:45 PM Filtering u and v at plevel 0.5016352961682442
11/06/2018 07:01:50 PM Filtering u and v at plevel 0.4739077683307861
11/06/2018 07:01:54 PM Filtering u and v at plevel 0.44725153763167325
11/06/2018 07:01:59 PM Filtering u and v at plevel 0.4214748913644697
11/06/2018 07:02:04 PM Filtering u and v at plevel 0.3963720342166585
11/06/2018 07:02:08 PM Filtering u and v at plevel 0.371725335892926
11/06/2018 07:02:13 PM Filtering u and v at plevel 0.34731017971440126
11/06/2018 07:02:17 PM Filtering u and v at plevel 0.32290330906438663
11/06/2018 07:02:22 PM Filtering u and v at plevel 0.29829563412593546
11/06/2018 07:02:27 PM Filtering u and v at plevel 0.27331033560806184
11/06/2018 07:02:31 PM Filtering u and v at plevel 0.2478266277557821
11/06/2018 07:02:36 PM Filtering u and v at plevel 0.22180852820217098
11/06/2018 07:02:41 PM Filtering u and v at plevel 0.19533625519570888
11/06/2018 07:02:45 PM Filtering u and v at plevel 0.1686353994868007
11/06/2018 07:02:50 PM Filtering u and v at plevel 0.1420960968927281
11/06/2018 07:02:55 PM Filtering u and v at plevel 0.1162719225588613
11/06/2018 07:02:59 PM Filtering u and v at plevel 0.0918477093601027
11/06/2018 07:03:04 PM Filtering u and v at plevel 0.06956901941712679
11/06/2018 07:03:09 PM Filtering u and v at plevel 0.050135221379808886
11/06/2018 07:03:13 PM Filtering u and v at plevel 0.03407262549982947
11/06/2018 07:03:18 PM Filtering u and v at plevel 0.021619597882391442
11/06/2018 07:03:22 PM Filtering u and v at plevel 0.012663559404899662
11/06/2018 07:03:27 PM Filtering u and v at plevel 0.006761046642395754
11/06/2018 07:03:32 PM Filtering u and v at plevel 0.003243806249843405
11/06/2018 07:03:36 PM Filtering u and v at plevel 0.0013766083204391473
11/06/2018 07:03:41 PM Filtering u and v at plevel 0.0005077583032093046
11/06/2018 07:03:46 PM Filtering u and v at plevel 0.00015964567384570998
11/06/2018 07:03:50 PM Filtering u and v at plevel 2.710462927265426e-05
11/06/2018 07:03:55 PM calculated EKE
11/06/2018 07:04:02 PM saved EKE data
11/06/2018 07:04:02 PM EKE calculated !! Great !!
11/06/2018 07:04:07 PM ** INTERPOLATION ** 
11/06/2018 07:04:09 PM destination folder created !
11/06/2018 07:04:09 PM ----0----
11/06/2018 07:04:09 PM ----1----
11/06/2018 07:04:10 PM ----2----
11/06/2018 07:04:10 PM ----3----
11/06/2018 07:04:10 PM ----4----
11/06/2018 07:04:10 PM ----5----
11/06/2018 07:04:10 PM ----6----
11/06/2018 07:04:10 PM ----7----
11/06/2018 07:04:10 PM ----8----
11/06/2018 07:04:10 PM ----9----
11/06/2018 07:04:12 PM Calculated interpolation
11/06/2018 07:04:12 PM Saved raw data interp dictionary
11/06/2018 07:04:12 PM Looks great !!
