11/19/2018 07:07:46 AM ** INTERPOLATION ** 
11/19/2018 07:07:50 AM ----0----T, U, Z 
11/19/2018 07:07:50 AM ----1----T, U, Z 
11/19/2018 07:07:50 AM ----2----T, U, Z 
11/19/2018 07:07:50 AM ----3----T, U, Z 
11/19/2018 07:07:50 AM ----4----T, U, Z 
11/19/2018 07:07:50 AM ----5----T, U, Z 
11/19/2018 07:07:50 AM ----6----T, U, Z 
11/19/2018 07:07:50 AM ----7----T, U, Z 
11/19/2018 07:07:50 AM ----8----T, U, Z 
11/19/2018 07:07:50 AM ----9----T, U, Z 
11/19/2018 07:07:50 AM  Loaded T U Z P
11/19/2018 07:07:50 AM Defined constants
11/19/2018 07:07:50 AM Interpolate T
11/19/2018 07:07:51 AM Interpolate U
11/19/2018 07:07:51 AM Interpolate Z
11/19/2018 07:07:51 AM Calculated theta
11/19/2018 07:07:51 AM Calculated N_sq_sfc
11/19/2018 07:07:51 AM Calculated dtheta_dy_sfc
11/19/2018 07:07:51 AM Calculated fo_dUdz_sfc
11/19/2018 07:07:51 AM Dictionary surface baroclinicity
11/19/2018 07:07:53 AM Calculated dUdz
11/19/2018 07:07:55 AM Calculated N_sq
11/19/2018 07:07:55 AM Dictionary baroclinicity
11/19/2018 07:07:55 AM destination folder created !
11/19/2018 07:07:55 AM Saved baroclinicity
11/19/2018 07:07:55 AM Looks great !!
