11/26/2018 05:08:25 PM ** INTERPOLATION ** 
11/26/2018 05:08:27 PM ----0----T, U, Z 
11/26/2018 05:08:27 PM ----1----T, U, Z 
11/26/2018 05:08:28 PM ----2----T, U, Z 
11/26/2018 05:08:28 PM ----3----T, U, Z 
11/26/2018 05:08:28 PM ----4----T, U, Z 
11/26/2018 05:08:28 PM ----5----T, U, Z 
11/26/2018 05:08:28 PM ----6----T, U, Z 
11/26/2018 05:08:28 PM ----7----T, U, Z 
11/26/2018 05:08:28 PM ----8----T, U, Z 
11/26/2018 05:08:28 PM ----9----T, U, Z 
11/26/2018 05:08:28 PM  Loaded T U Z P
11/26/2018 05:08:28 PM Defined constants
11/26/2018 05:08:28 PM Interpolate T
11/26/2018 05:08:28 PM Interpolate U
11/26/2018 05:08:28 PM Interpolate Z
11/26/2018 05:08:28 PM Calculated theta
11/26/2018 05:08:28 PM Calculated N_sq_sfc
11/26/2018 05:08:28 PM Calculated dtheta_dy_sfc
11/26/2018 05:08:28 PM Calculated fo_dUdz_sfc
11/26/2018 05:08:28 PM Dictionary surface baroclinicity
11/26/2018 05:08:30 PM Calculated dUdz
11/26/2018 05:08:32 PM Calculated N_sq
11/26/2018 05:08:32 PM Dictionary baroclinicity
11/26/2018 05:08:32 PM destination folder created !
11/26/2018 05:08:32 PM Saved baroclinicity
11/26/2018 05:08:32 PM Looks great !!
