11/01/2018 12:26:47 AM ** INTERPOLATION ** 
11/01/2018 12:26:50 AM ----0----T, U, Z 
11/01/2018 12:26:50 AM ----1----T, U, Z 
11/01/2018 12:26:50 AM ----2----T, U, Z 
11/01/2018 12:26:50 AM ----3----T, U, Z 
11/01/2018 12:26:50 AM ----4----T, U, Z 
11/01/2018 12:26:50 AM  Loaded T U Z P
11/01/2018 12:26:50 AM Defined constants
11/01/2018 12:26:50 AM Interpolate T
11/01/2018 12:26:50 AM Interpolate U
11/01/2018 12:26:50 AM Interpolate Z
11/01/2018 12:26:50 AM Calculated theta
11/01/2018 12:26:50 AM Calculated N_sq_sfc
11/01/2018 12:26:50 AM Calculated dtheta_dy_sfc
11/01/2018 12:26:50 AM Calculated fo_dUdz_sfc
11/01/2018 12:26:50 AM Dictionary surface baroclinicity
11/01/2018 12:26:54 AM Calculated dUdz
11/01/2018 12:26:55 AM Calculated N_sq
11/01/2018 12:26:55 AM Dictionary baroclinicity
11/01/2018 12:26:55 AM destination folder created !
11/01/2018 12:26:55 AM Saved baroclinicity
11/01/2018 12:26:55 AM Looks great !!
