01/04/2019 01:59:28 AM ** INTERPOLATION ** 
01/04/2019 03:39:19 AM ...........Calculate EKE.............0
01/04/2019 03:39:19 AM imported nc file
01/04/2019 03:39:46 AM imported coordinates
01/04/2019 03:40:29 AM imported pressure
01/04/2019 03:41:06 AM saved v_comp
01/04/2019 03:41:21 AM saved u_comp
01/04/2019 03:42:01 AM Filtering signal now
01/04/2019 03:42:12 AM Filtering u and v at plevel 0.9731199465677635
01/04/2019 03:42:19 AM Filtering u and v at plevel 0.9210435734946946
01/04/2019 03:42:26 AM Filtering u and v at plevel 0.8717540125826787
01/04/2019 03:42:33 AM Filtering u and v at plevel 0.8251018703001956
01/04/2019 03:42:41 AM Filtering u and v at plevel 0.7809450914447958
01/04/2019 03:42:48 AM Filtering u and v at plevel 0.7391477498279747
01/04/2019 03:42:55 AM Filtering u and v at plevel 0.6995784804292889
01/04/2019 03:43:02 AM Filtering u and v at plevel 0.6621085665908767
01/04/2019 03:43:09 AM Filtering u and v at plevel 0.6266097287784145
01/04/2019 03:43:17 AM Filtering u and v at plevel 0.592951685476526
01/04/2019 03:43:24 AM Filtering u and v at plevel 0.5609995761404118
01/04/2019 03:43:31 AM Filtering u and v at plevel 0.5306113557418541
01/04/2019 03:43:38 AM Filtering u and v at plevel 0.5016352961682442
01/04/2019 03:43:45 AM Filtering u and v at plevel 0.4739077683307861
01/04/2019 03:43:53 AM Filtering u and v at plevel 0.44725153763167325
01/04/2019 03:44:00 AM Filtering u and v at plevel 0.4214748913644697
01/04/2019 03:44:07 AM Filtering u and v at plevel 0.3963720342166585
01/04/2019 03:44:14 AM Filtering u and v at plevel 0.371725335892926
01/04/2019 03:44:21 AM Filtering u and v at plevel 0.34731017971440126
01/04/2019 03:44:29 AM Filtering u and v at plevel 0.32290330906438663
01/04/2019 03:44:36 AM Filtering u and v at plevel 0.29829563412593546
01/04/2019 03:44:43 AM Filtering u and v at plevel 0.27331033560806184
01/04/2019 03:44:50 AM Filtering u and v at plevel 0.2478266277557821
01/04/2019 03:44:57 AM Filtering u and v at plevel 0.22180852820217098
01/04/2019 03:45:05 AM Filtering u and v at plevel 0.19533625519570888
01/04/2019 03:45:12 AM Filtering u and v at plevel 0.1686353994868007
01/04/2019 03:45:19 AM Filtering u and v at plevel 0.1420960968927281
01/04/2019 03:45:26 AM Filtering u and v at plevel 0.1162719225588613
01/04/2019 03:45:34 AM Filtering u and v at plevel 0.0918477093601027
01/04/2019 03:45:41 AM Filtering u and v at plevel 0.06956901941712679
01/04/2019 03:45:48 AM Filtering u and v at plevel 0.050135221379808886
01/04/2019 03:45:55 AM Filtering u and v at plevel 0.03407262549982947
01/04/2019 03:46:02 AM Filtering u and v at plevel 0.021619597882391442
01/04/2019 03:46:10 AM Filtering u and v at plevel 0.012663559404899662
01/04/2019 03:46:17 AM Filtering u and v at plevel 0.006761046642395754
01/04/2019 03:46:24 AM Filtering u and v at plevel 0.003243806249843405
01/04/2019 03:46:31 AM Filtering u and v at plevel 0.0013766083204391473
01/04/2019 03:46:38 AM Filtering u and v at plevel 0.0005077583032093046
01/04/2019 03:46:46 AM Filtering u and v at plevel 0.00015964567384570998
01/04/2019 03:46:53 AM Filtering u and v at plevel 2.710462927265426e-05
01/04/2019 03:46:58 AM calculated EKE
01/04/2019 03:47:10 AM saved EKE data
01/04/2019 03:47:10 AM EKE calculated !! Great !!
01/04/2019 03:47:15 AM ...........Calculate EKE.............1
01/04/2019 03:47:15 AM imported nc file
01/04/2019 03:47:36 AM imported coordinates
01/04/2019 03:48:23 AM imported pressure
01/04/2019 03:48:59 AM saved v_comp
01/04/2019 03:49:09 AM saved u_comp
01/04/2019 03:49:48 AM Filtering signal now
01/04/2019 03:49:57 AM Filtering u and v at plevel 0.9731199465677635
01/04/2019 03:50:04 AM Filtering u and v at plevel 0.9210435734946946
01/04/2019 03:50:11 AM Filtering u and v at plevel 0.8717540125826787
01/04/2019 03:50:17 AM Filtering u and v at plevel 0.8251018703001956
01/04/2019 03:50:24 AM Filtering u and v at plevel 0.7809450914447958
01/04/2019 03:50:31 AM Filtering u and v at plevel 0.7391477498279747
01/04/2019 03:50:37 AM Filtering u and v at plevel 0.6995784804292889
01/04/2019 03:50:44 AM Filtering u and v at plevel 0.6621085665908767
01/04/2019 03:50:51 AM Filtering u and v at plevel 0.6266097287784145
01/04/2019 03:50:58 AM Filtering u and v at plevel 0.592951685476526
01/04/2019 03:51:04 AM Filtering u and v at plevel 0.5609995761404118
01/04/2019 03:51:11 AM Filtering u and v at plevel 0.5306113557418541
01/04/2019 03:51:18 AM Filtering u and v at plevel 0.5016352961682442
01/04/2019 03:51:24 AM Filtering u and v at plevel 0.4739077683307861
01/04/2019 03:51:31 AM Filtering u and v at plevel 0.44725153763167325
01/04/2019 03:51:38 AM Filtering u and v at plevel 0.4214748913644697
01/04/2019 03:51:44 AM Filtering u and v at plevel 0.3963720342166585
01/04/2019 03:51:51 AM Filtering u and v at plevel 0.371725335892926
01/04/2019 03:51:58 AM Filtering u and v at plevel 0.34731017971440126
01/04/2019 03:52:04 AM Filtering u and v at plevel 0.32290330906438663
01/04/2019 03:52:11 AM Filtering u and v at plevel 0.29829563412593546
01/04/2019 03:52:18 AM Filtering u and v at plevel 0.27331033560806184
01/04/2019 03:52:24 AM Filtering u and v at plevel 0.2478266277557821
01/04/2019 03:52:31 AM Filtering u and v at plevel 0.22180852820217098
01/04/2019 03:52:38 AM Filtering u and v at plevel 0.19533625519570888
01/04/2019 03:52:44 AM Filtering u and v at plevel 0.1686353994868007
01/04/2019 03:52:51 AM Filtering u and v at plevel 0.1420960968927281
01/04/2019 03:52:58 AM Filtering u and v at plevel 0.1162719225588613
01/04/2019 03:53:04 AM Filtering u and v at plevel 0.0918477093601027
01/04/2019 03:53:11 AM Filtering u and v at plevel 0.06956901941712679
01/04/2019 03:53:18 AM Filtering u and v at plevel 0.050135221379808886
01/04/2019 03:53:24 AM Filtering u and v at plevel 0.03407262549982947
01/04/2019 03:53:31 AM Filtering u and v at plevel 0.021619597882391442
01/04/2019 03:53:38 AM Filtering u and v at plevel 0.012663559404899662
01/04/2019 03:53:44 AM Filtering u and v at plevel 0.006761046642395754
01/04/2019 03:53:51 AM Filtering u and v at plevel 0.003243806249843405
01/04/2019 03:53:58 AM Filtering u and v at plevel 0.0013766083204391473
01/04/2019 03:54:04 AM Filtering u and v at plevel 0.0005077583032093046
01/04/2019 03:54:11 AM Filtering u and v at plevel 0.00015964567384570998
01/04/2019 03:54:18 AM Filtering u and v at plevel 2.710462927265426e-05
01/04/2019 03:54:23 AM calculated EKE
01/04/2019 03:54:35 AM saved EKE data
01/04/2019 03:54:35 AM EKE calculated !! Great !!
01/04/2019 03:54:40 AM ...........Calculate EKE.............2
01/04/2019 03:54:40 AM imported nc file
01/04/2019 03:54:54 AM imported coordinates
01/04/2019 03:56:08 AM imported pressure
01/04/2019 03:56:43 AM saved v_comp
01/04/2019 03:56:52 AM saved u_comp
01/04/2019 03:57:33 AM Filtering signal now
01/04/2019 03:57:43 AM Filtering u and v at plevel 0.9731199465677635
01/04/2019 03:57:49 AM Filtering u and v at plevel 0.9210435734946946
01/04/2019 03:57:56 AM Filtering u and v at plevel 0.8717540125826787
01/04/2019 03:58:03 AM Filtering u and v at plevel 0.8251018703001956
01/04/2019 03:58:09 AM Filtering u and v at plevel 0.7809450914447958
01/04/2019 03:58:16 AM Filtering u and v at plevel 0.7391477498279747
01/04/2019 03:58:23 AM Filtering u and v at plevel 0.6995784804292889
01/04/2019 03:58:30 AM Filtering u and v at plevel 0.6621085665908767
01/04/2019 03:58:36 AM Filtering u and v at plevel 0.6266097287784145
01/04/2019 03:58:43 AM Filtering u and v at plevel 0.592951685476526
01/04/2019 03:58:50 AM Filtering u and v at plevel 0.5609995761404118
01/04/2019 03:58:56 AM Filtering u and v at plevel 0.5306113557418541
01/04/2019 03:59:03 AM Filtering u and v at plevel 0.5016352961682442
01/04/2019 03:59:10 AM Filtering u and v at plevel 0.4739077683307861
01/04/2019 03:59:16 AM Filtering u and v at plevel 0.44725153763167325
01/04/2019 03:59:23 AM Filtering u and v at plevel 0.4214748913644697
01/04/2019 03:59:30 AM Filtering u and v at plevel 0.3963720342166585
01/04/2019 03:59:36 AM Filtering u and v at plevel 0.371725335892926
01/04/2019 03:59:43 AM Filtering u and v at plevel 0.34731017971440126
01/04/2019 03:59:50 AM Filtering u and v at plevel 0.32290330906438663
01/04/2019 03:59:56 AM Filtering u and v at plevel 0.29829563412593546
01/04/2019 04:00:03 AM Filtering u and v at plevel 0.27331033560806184
01/04/2019 04:00:10 AM Filtering u and v at plevel 0.2478266277557821
01/04/2019 04:00:16 AM Filtering u and v at plevel 0.22180852820217098
01/04/2019 04:00:23 AM Filtering u and v at plevel 0.19533625519570888
01/04/2019 04:00:30 AM Filtering u and v at plevel 0.1686353994868007
01/04/2019 04:00:36 AM Filtering u and v at plevel 0.1420960968927281
01/04/2019 04:00:43 AM Filtering u and v at plevel 0.1162719225588613
01/04/2019 04:00:50 AM Filtering u and v at plevel 0.0918477093601027
01/04/2019 04:00:57 AM Filtering u and v at plevel 0.06956901941712679
01/04/2019 04:01:03 AM Filtering u and v at plevel 0.050135221379808886
01/04/2019 04:01:10 AM Filtering u and v at plevel 0.03407262549982947
01/04/2019 04:01:17 AM Filtering u and v at plevel 0.021619597882391442
01/04/2019 04:01:23 AM Filtering u and v at plevel 0.012663559404899662
01/04/2019 04:01:30 AM Filtering u and v at plevel 0.006761046642395754
01/04/2019 04:01:37 AM Filtering u and v at plevel 0.003243806249843405
01/04/2019 04:01:43 AM Filtering u and v at plevel 0.0013766083204391473
01/04/2019 04:01:50 AM Filtering u and v at plevel 0.0005077583032093046
01/04/2019 04:01:57 AM Filtering u and v at plevel 0.00015964567384570998
01/04/2019 04:02:03 AM Filtering u and v at plevel 2.710462927265426e-05
01/04/2019 04:02:09 AM calculated EKE
01/04/2019 04:02:20 AM saved EKE data
01/04/2019 04:02:20 AM EKE calculated !! Great !!
01/04/2019 04:02:25 AM ...........Calculate EKE.............3
01/04/2019 04:02:25 AM imported nc file
01/04/2019 04:02:51 AM imported coordinates
01/04/2019 04:04:06 AM imported pressure
01/04/2019 04:04:43 AM saved v_comp
01/04/2019 04:04:58 AM saved u_comp
01/04/2019 04:05:38 AM Filtering signal now
01/04/2019 04:05:48 AM Filtering u and v at plevel 0.9731199465677635
01/04/2019 04:05:54 AM Filtering u and v at plevel 0.9210435734946946
01/04/2019 04:06:01 AM Filtering u and v at plevel 0.8717540125826787
01/04/2019 04:06:08 AM Filtering u and v at plevel 0.8251018703001956
01/04/2019 04:06:14 AM Filtering u and v at plevel 0.7809450914447958
01/04/2019 04:06:21 AM Filtering u and v at plevel 0.7391477498279747
01/04/2019 04:06:28 AM Filtering u and v at plevel 0.6995784804292889
01/04/2019 04:06:34 AM Filtering u and v at plevel 0.6621085665908767
01/04/2019 04:06:41 AM Filtering u and v at plevel 0.6266097287784145
01/04/2019 04:06:48 AM Filtering u and v at plevel 0.592951685476526
01/04/2019 04:06:54 AM Filtering u and v at plevel 0.5609995761404118
01/04/2019 04:07:01 AM Filtering u and v at plevel 0.5306113557418541
01/04/2019 04:07:08 AM Filtering u and v at plevel 0.5016352961682442
01/04/2019 04:07:14 AM Filtering u and v at plevel 0.4739077683307861
01/04/2019 04:07:21 AM Filtering u and v at plevel 0.44725153763167325
01/04/2019 04:07:28 AM Filtering u and v at plevel 0.4214748913644697
01/04/2019 04:07:34 AM Filtering u and v at plevel 0.3963720342166585
01/04/2019 04:07:41 AM Filtering u and v at plevel 0.371725335892926
01/04/2019 04:07:48 AM Filtering u and v at plevel 0.34731017971440126
01/04/2019 04:07:54 AM Filtering u and v at plevel 0.32290330906438663
01/04/2019 04:08:01 AM Filtering u and v at plevel 0.29829563412593546
01/04/2019 04:08:08 AM Filtering u and v at plevel 0.27331033560806184
01/04/2019 04:08:14 AM Filtering u and v at plevel 0.2478266277557821
01/04/2019 04:08:21 AM Filtering u and v at plevel 0.22180852820217098
01/04/2019 04:08:28 AM Filtering u and v at plevel 0.19533625519570888
01/04/2019 04:08:34 AM Filtering u and v at plevel 0.1686353994868007
01/04/2019 04:08:41 AM Filtering u and v at plevel 0.1420960968927281
01/04/2019 04:08:48 AM Filtering u and v at plevel 0.1162719225588613
01/04/2019 04:08:54 AM Filtering u and v at plevel 0.0918477093601027
01/04/2019 04:09:01 AM Filtering u and v at plevel 0.06956901941712679
01/04/2019 04:09:08 AM Filtering u and v at plevel 0.050135221379808886
01/04/2019 04:09:14 AM Filtering u and v at plevel 0.03407262549982947
01/04/2019 04:09:21 AM Filtering u and v at plevel 0.021619597882391442
01/04/2019 04:09:28 AM Filtering u and v at plevel 0.012663559404899662
01/04/2019 04:09:34 AM Filtering u and v at plevel 0.006761046642395754
01/04/2019 04:09:41 AM Filtering u and v at plevel 0.003243806249843405
01/04/2019 04:09:48 AM Filtering u and v at plevel 0.0013766083204391473
01/04/2019 04:09:54 AM Filtering u and v at plevel 0.0005077583032093046
01/04/2019 04:10:01 AM Filtering u and v at plevel 0.00015964567384570998
01/04/2019 04:10:08 AM Filtering u and v at plevel 2.710462927265426e-05
01/04/2019 04:10:13 AM calculated EKE
01/04/2019 04:10:24 AM saved EKE data
01/04/2019 04:10:24 AM EKE calculated !! Great !!
01/04/2019 04:10:29 AM ...........Calculate EKE.............4
01/04/2019 04:10:29 AM imported nc file
01/04/2019 04:10:58 AM imported coordinates
01/04/2019 04:12:15 AM imported pressure
01/04/2019 04:12:52 AM saved v_comp
01/04/2019 04:13:05 AM saved u_comp
01/04/2019 04:13:44 AM Filtering signal now
01/04/2019 04:13:54 AM Filtering u and v at plevel 0.9731199465677635
01/04/2019 04:14:00 AM Filtering u and v at plevel 0.9210435734946946
01/04/2019 04:14:07 AM Filtering u and v at plevel 0.8717540125826787
01/04/2019 04:14:14 AM Filtering u and v at plevel 0.8251018703001956
01/04/2019 04:14:21 AM Filtering u and v at plevel 0.7809450914447958
01/04/2019 04:14:27 AM Filtering u and v at plevel 0.7391477498279747
01/04/2019 04:14:34 AM Filtering u and v at plevel 0.6995784804292889
01/04/2019 04:14:41 AM Filtering u and v at plevel 0.6621085665908767
01/04/2019 04:14:48 AM Filtering u and v at plevel 0.6266097287784145
01/04/2019 04:14:55 AM Filtering u and v at plevel 0.592951685476526
01/04/2019 04:15:01 AM Filtering u and v at plevel 0.5609995761404118
01/04/2019 04:15:08 AM Filtering u and v at plevel 0.5306113557418541
01/04/2019 04:15:15 AM Filtering u and v at plevel 0.5016352961682442
01/04/2019 04:15:22 AM Filtering u and v at plevel 0.4739077683307861
01/04/2019 04:15:28 AM Filtering u and v at plevel 0.44725153763167325
01/04/2019 04:15:35 AM Filtering u and v at plevel 0.4214748913644697
01/04/2019 04:15:42 AM Filtering u and v at plevel 0.3963720342166585
01/04/2019 04:15:49 AM Filtering u and v at plevel 0.371725335892926
01/04/2019 04:15:55 AM Filtering u and v at plevel 0.34731017971440126
01/04/2019 04:16:02 AM Filtering u and v at plevel 0.32290330906438663
01/04/2019 04:16:09 AM Filtering u and v at plevel 0.29829563412593546
01/04/2019 04:16:16 AM Filtering u and v at plevel 0.27331033560806184
01/04/2019 04:16:23 AM Filtering u and v at plevel 0.2478266277557821
01/04/2019 04:16:29 AM Filtering u and v at plevel 0.22180852820217098
01/04/2019 04:16:36 AM Filtering u and v at plevel 0.19533625519570888
01/04/2019 04:16:43 AM Filtering u and v at plevel 0.1686353994868007
01/04/2019 04:16:50 AM Filtering u and v at plevel 0.1420960968927281
01/04/2019 04:16:57 AM Filtering u and v at plevel 0.1162719225588613
01/04/2019 04:17:03 AM Filtering u and v at plevel 0.0918477093601027
01/04/2019 04:17:10 AM Filtering u and v at plevel 0.06956901941712679
01/04/2019 04:17:17 AM Filtering u and v at plevel 0.050135221379808886
01/04/2019 04:17:24 AM Filtering u and v at plevel 0.03407262549982947
01/04/2019 04:17:30 AM Filtering u and v at plevel 0.021619597882391442
01/04/2019 04:17:37 AM Filtering u and v at plevel 0.012663559404899662
01/04/2019 04:17:44 AM Filtering u and v at plevel 0.006761046642395754
01/04/2019 04:17:51 AM Filtering u and v at plevel 0.003243806249843405
01/04/2019 04:17:57 AM Filtering u and v at plevel 0.0013766083204391473
01/04/2019 04:18:04 AM Filtering u and v at plevel 0.0005077583032093046
01/04/2019 04:18:11 AM Filtering u and v at plevel 0.00015964567384570998
01/04/2019 04:18:18 AM Filtering u and v at plevel 2.710462927265426e-05
01/04/2019 04:18:23 AM calculated EKE
01/04/2019 04:18:35 AM saved EKE data
01/04/2019 04:18:35 AM EKE calculated !! Great !!
01/04/2019 04:18:40 AM ...........Calculate EKE.............5
01/04/2019 04:18:40 AM imported nc file
01/04/2019 04:19:07 AM imported coordinates
01/04/2019 04:20:20 AM imported pressure
01/04/2019 04:20:56 AM saved v_comp
01/04/2019 04:21:06 AM saved u_comp
01/04/2019 04:21:47 AM Filtering signal now
01/04/2019 04:21:56 AM Filtering u and v at plevel 0.9731199465677635
01/04/2019 04:22:03 AM Filtering u and v at plevel 0.9210435734946946
01/04/2019 04:22:10 AM Filtering u and v at plevel 0.8717540125826787
01/04/2019 04:22:17 AM Filtering u and v at plevel 0.8251018703001956
01/04/2019 04:22:23 AM Filtering u and v at plevel 0.7809450914447958
01/04/2019 04:22:30 AM Filtering u and v at plevel 0.7391477498279747
01/04/2019 04:22:37 AM Filtering u and v at plevel 0.6995784804292889
01/04/2019 04:22:43 AM Filtering u and v at plevel 0.6621085665908767
01/04/2019 04:22:50 AM Filtering u and v at plevel 0.6266097287784145
01/04/2019 04:22:57 AM Filtering u and v at plevel 0.592951685476526
01/04/2019 04:23:04 AM Filtering u and v at plevel 0.5609995761404118
01/04/2019 04:23:10 AM Filtering u and v at plevel 0.5306113557418541
01/04/2019 04:23:17 AM Filtering u and v at plevel 0.5016352961682442
01/04/2019 04:23:24 AM Filtering u and v at plevel 0.4739077683307861
01/04/2019 04:23:30 AM Filtering u and v at plevel 0.44725153763167325
01/04/2019 04:23:37 AM Filtering u and v at plevel 0.4214748913644697
01/04/2019 04:23:44 AM Filtering u and v at plevel 0.3963720342166585
01/04/2019 04:23:51 AM Filtering u and v at plevel 0.371725335892926
01/04/2019 04:23:57 AM Filtering u and v at plevel 0.34731017971440126
01/04/2019 04:24:04 AM Filtering u and v at plevel 0.32290330906438663
01/04/2019 04:24:11 AM Filtering u and v at plevel 0.29829563412593546
01/04/2019 04:24:17 AM Filtering u and v at plevel 0.27331033560806184
01/04/2019 04:24:24 AM Filtering u and v at plevel 0.2478266277557821
01/04/2019 04:24:31 AM Filtering u and v at plevel 0.22180852820217098
01/04/2019 04:24:38 AM Filtering u and v at plevel 0.19533625519570888
01/04/2019 04:24:44 AM Filtering u and v at plevel 0.1686353994868007
01/04/2019 04:24:51 AM Filtering u and v at plevel 0.1420960968927281
01/04/2019 04:24:58 AM Filtering u and v at plevel 0.1162719225588613
01/04/2019 04:25:04 AM Filtering u and v at plevel 0.0918477093601027
01/04/2019 04:25:11 AM Filtering u and v at plevel 0.06956901941712679
01/04/2019 04:25:18 AM Filtering u and v at plevel 0.050135221379808886
01/04/2019 04:25:25 AM Filtering u and v at plevel 0.03407262549982947
01/04/2019 04:25:31 AM Filtering u and v at plevel 0.021619597882391442
01/04/2019 04:25:38 AM Filtering u and v at plevel 0.012663559404899662
01/04/2019 04:25:45 AM Filtering u and v at plevel 0.006761046642395754
01/04/2019 04:25:51 AM Filtering u and v at plevel 0.003243806249843405
01/04/2019 04:25:58 AM Filtering u and v at plevel 0.0013766083204391473
01/04/2019 04:26:05 AM Filtering u and v at plevel 0.0005077583032093046
01/04/2019 04:26:12 AM Filtering u and v at plevel 0.00015964567384570998
01/04/2019 04:26:18 AM Filtering u and v at plevel 2.710462927265426e-05
01/04/2019 04:26:24 AM calculated EKE
01/04/2019 04:26:35 AM saved EKE data
01/04/2019 04:26:35 AM EKE calculated !! Great !!
01/04/2019 04:26:40 AM ...........Calculate EKE.............6
01/04/2019 04:26:40 AM imported nc file
01/04/2019 04:27:10 AM imported coordinates
01/04/2019 04:28:31 AM imported pressure
01/04/2019 04:29:09 AM saved v_comp
01/04/2019 04:29:25 AM saved u_comp
01/04/2019 04:30:07 AM Filtering signal now
01/04/2019 04:30:17 AM Filtering u and v at plevel 0.9731199465677635
01/04/2019 04:30:24 AM Filtering u and v at plevel 0.9210435734946946
01/04/2019 04:30:30 AM Filtering u and v at plevel 0.8717540125826787
01/04/2019 04:30:37 AM Filtering u and v at plevel 0.8251018703001956
01/04/2019 04:30:43 AM Filtering u and v at plevel 0.7809450914447958
01/04/2019 04:30:50 AM Filtering u and v at plevel 0.7391477498279747
01/04/2019 04:30:57 AM Filtering u and v at plevel 0.6995784804292889
01/04/2019 04:31:03 AM Filtering u and v at plevel 0.6621085665908767
01/04/2019 04:31:10 AM Filtering u and v at plevel 0.6266097287784145
01/04/2019 04:31:17 AM Filtering u and v at plevel 0.592951685476526
01/04/2019 04:31:23 AM Filtering u and v at plevel 0.5609995761404118
01/04/2019 04:31:30 AM Filtering u and v at plevel 0.5306113557418541
01/04/2019 04:31:37 AM Filtering u and v at plevel 0.5016352961682442
01/04/2019 04:31:43 AM Filtering u and v at plevel 0.4739077683307861
01/04/2019 04:31:50 AM Filtering u and v at plevel 0.44725153763167325
01/04/2019 04:31:56 AM Filtering u and v at plevel 0.4214748913644697
01/04/2019 04:32:03 AM Filtering u and v at plevel 0.3963720342166585
01/04/2019 04:32:10 AM Filtering u and v at plevel 0.371725335892926
01/04/2019 04:32:16 AM Filtering u and v at plevel 0.34731017971440126
01/04/2019 04:32:23 AM Filtering u and v at plevel 0.32290330906438663
01/04/2019 04:32:30 AM Filtering u and v at plevel 0.29829563412593546
01/04/2019 04:32:36 AM Filtering u and v at plevel 0.27331033560806184
01/04/2019 04:32:43 AM Filtering u and v at plevel 0.2478266277557821
01/04/2019 04:32:49 AM Filtering u and v at plevel 0.22180852820217098
01/04/2019 04:32:56 AM Filtering u and v at plevel 0.19533625519570888
01/04/2019 04:33:03 AM Filtering u and v at plevel 0.1686353994868007
01/04/2019 04:33:09 AM Filtering u and v at plevel 0.1420960968927281
01/04/2019 04:33:16 AM Filtering u and v at plevel 0.1162719225588613
01/04/2019 04:33:22 AM Filtering u and v at plevel 0.0918477093601027
01/04/2019 04:33:29 AM Filtering u and v at plevel 0.06956901941712679
01/04/2019 04:33:36 AM Filtering u and v at plevel 0.050135221379808886
01/04/2019 04:33:42 AM Filtering u and v at plevel 0.03407262549982947
01/04/2019 04:33:49 AM Filtering u and v at plevel 0.021619597882391442
01/04/2019 04:33:56 AM Filtering u and v at plevel 0.012663559404899662
01/04/2019 04:34:02 AM Filtering u and v at plevel 0.006761046642395754
01/04/2019 04:34:09 AM Filtering u and v at plevel 0.003243806249843405
01/04/2019 04:34:15 AM Filtering u and v at plevel 0.0013766083204391473
01/04/2019 04:34:22 AM Filtering u and v at plevel 0.0005077583032093046
01/04/2019 04:34:29 AM Filtering u and v at plevel 0.00015964567384570998
01/04/2019 04:34:35 AM Filtering u and v at plevel 2.710462927265426e-05
01/04/2019 04:34:41 AM calculated EKE
01/04/2019 04:34:52 AM saved EKE data
01/04/2019 04:34:52 AM EKE calculated !! Great !!
01/04/2019 04:34:57 AM ...........Calculate EKE.............7
01/04/2019 04:34:57 AM imported nc file
01/04/2019 04:35:28 AM imported coordinates
01/04/2019 04:36:44 AM imported pressure
01/04/2019 04:37:20 AM saved v_comp
01/04/2019 04:37:28 AM saved u_comp
01/04/2019 04:38:07 AM Filtering signal now
01/04/2019 04:38:17 AM Filtering u and v at plevel 0.9731199465677635
01/04/2019 04:38:24 AM Filtering u and v at plevel 0.9210435734946946
01/04/2019 04:38:31 AM Filtering u and v at plevel 0.8717540125826787
01/04/2019 04:38:39 AM Filtering u and v at plevel 0.8251018703001956
01/04/2019 04:38:46 AM Filtering u and v at plevel 0.7809450914447958
01/04/2019 04:38:53 AM Filtering u and v at plevel 0.7391477498279747
01/04/2019 04:39:00 AM Filtering u and v at plevel 0.6995784804292889
01/04/2019 04:39:07 AM Filtering u and v at plevel 0.6621085665908767
01/04/2019 04:39:14 AM Filtering u and v at plevel 0.6266097287784145
01/04/2019 04:39:21 AM Filtering u and v at plevel 0.592951685476526
01/04/2019 04:39:28 AM Filtering u and v at plevel 0.5609995761404118
01/04/2019 04:39:35 AM Filtering u and v at plevel 0.5306113557418541
01/04/2019 04:39:43 AM Filtering u and v at plevel 0.5016352961682442
01/04/2019 04:39:50 AM Filtering u and v at plevel 0.4739077683307861
01/04/2019 04:39:57 AM Filtering u and v at plevel 0.44725153763167325
01/04/2019 04:40:04 AM Filtering u and v at plevel 0.4214748913644697
01/04/2019 04:40:11 AM Filtering u and v at plevel 0.3963720342166585
01/04/2019 04:40:18 AM Filtering u and v at plevel 0.371725335892926
01/04/2019 04:40:25 AM Filtering u and v at plevel 0.34731017971440126
01/04/2019 04:40:32 AM Filtering u and v at plevel 0.32290330906438663
01/04/2019 04:40:39 AM Filtering u and v at plevel 0.29829563412593546
01/04/2019 04:40:47 AM Filtering u and v at plevel 0.27331033560806184
01/04/2019 04:40:54 AM Filtering u and v at plevel 0.2478266277557821
01/04/2019 04:41:01 AM Filtering u and v at plevel 0.22180852820217098
01/04/2019 04:41:08 AM Filtering u and v at plevel 0.19533625519570888
01/04/2019 04:41:15 AM Filtering u and v at plevel 0.1686353994868007
01/04/2019 04:41:22 AM Filtering u and v at plevel 0.1420960968927281
01/04/2019 04:41:29 AM Filtering u and v at plevel 0.1162719225588613
01/04/2019 04:41:36 AM Filtering u and v at plevel 0.0918477093601027
01/04/2019 04:41:43 AM Filtering u and v at plevel 0.06956901941712679
01/04/2019 04:41:51 AM Filtering u and v at plevel 0.050135221379808886
01/04/2019 04:41:58 AM Filtering u and v at plevel 0.03407262549982947
01/04/2019 04:42:05 AM Filtering u and v at plevel 0.021619597882391442
01/04/2019 04:42:12 AM Filtering u and v at plevel 0.012663559404899662
01/04/2019 04:42:19 AM Filtering u and v at plevel 0.006761046642395754
01/04/2019 04:42:26 AM Filtering u and v at plevel 0.003243806249843405
01/04/2019 04:42:33 AM Filtering u and v at plevel 0.0013766083204391473
01/04/2019 04:42:40 AM Filtering u and v at plevel 0.0005077583032093046
01/04/2019 04:42:47 AM Filtering u and v at plevel 0.00015964567384570998
01/04/2019 04:42:55 AM Filtering u and v at plevel 2.710462927265426e-05
01/04/2019 04:43:00 AM calculated EKE
01/04/2019 04:43:11 AM saved EKE data
01/04/2019 04:43:11 AM EKE calculated !! Great !!
01/04/2019 04:43:16 AM ...........Calculate EKE.............8
01/04/2019 04:43:16 AM imported nc file
01/04/2019 04:43:46 AM imported coordinates
01/04/2019 04:45:01 AM imported pressure
01/04/2019 04:45:37 AM saved v_comp
01/04/2019 04:45:45 AM saved u_comp
01/04/2019 04:46:28 AM Filtering signal now
01/04/2019 04:46:37 AM Filtering u and v at plevel 0.9731199465677635
01/04/2019 04:46:44 AM Filtering u and v at plevel 0.9210435734946946
01/04/2019 04:46:50 AM Filtering u and v at plevel 0.8717540125826787
01/04/2019 04:46:57 AM Filtering u and v at plevel 0.8251018703001956
01/04/2019 04:47:03 AM Filtering u and v at plevel 0.7809450914447958
01/04/2019 04:47:10 AM Filtering u and v at plevel 0.7391477498279747
01/04/2019 04:47:16 AM Filtering u and v at plevel 0.6995784804292889
01/04/2019 04:47:23 AM Filtering u and v at plevel 0.6621085665908767
01/04/2019 04:47:29 AM Filtering u and v at plevel 0.6266097287784145
01/04/2019 04:47:35 AM Filtering u and v at plevel 0.592951685476526
01/04/2019 04:47:42 AM Filtering u and v at plevel 0.5609995761404118
01/04/2019 04:47:48 AM Filtering u and v at plevel 0.5306113557418541
01/04/2019 04:47:55 AM Filtering u and v at plevel 0.5016352961682442
01/04/2019 04:48:01 AM Filtering u and v at plevel 0.4739077683307861
01/04/2019 04:48:08 AM Filtering u and v at plevel 0.44725153763167325
01/04/2019 04:48:14 AM Filtering u and v at plevel 0.4214748913644697
01/04/2019 04:48:21 AM Filtering u and v at plevel 0.3963720342166585
01/04/2019 04:48:27 AM Filtering u and v at plevel 0.371725335892926
01/04/2019 04:48:34 AM Filtering u and v at plevel 0.34731017971440126
01/04/2019 04:48:40 AM Filtering u and v at plevel 0.32290330906438663
01/04/2019 04:48:47 AM Filtering u and v at plevel 0.29829563412593546
01/04/2019 04:48:53 AM Filtering u and v at plevel 0.27331033560806184
01/04/2019 04:48:59 AM Filtering u and v at plevel 0.2478266277557821
01/04/2019 04:49:06 AM Filtering u and v at plevel 0.22180852820217098
01/04/2019 04:49:12 AM Filtering u and v at plevel 0.19533625519570888
01/04/2019 04:49:19 AM Filtering u and v at plevel 0.1686353994868007
01/04/2019 04:49:25 AM Filtering u and v at plevel 0.1420960968927281
01/04/2019 04:49:32 AM Filtering u and v at plevel 0.1162719225588613
01/04/2019 04:49:38 AM Filtering u and v at plevel 0.0918477093601027
01/04/2019 04:49:45 AM Filtering u and v at plevel 0.06956901941712679
01/04/2019 04:49:51 AM Filtering u and v at plevel 0.050135221379808886
01/04/2019 04:49:58 AM Filtering u and v at plevel 0.03407262549982947
01/04/2019 04:50:04 AM Filtering u and v at plevel 0.021619597882391442
01/04/2019 04:50:11 AM Filtering u and v at plevel 0.012663559404899662
01/04/2019 04:50:17 AM Filtering u and v at plevel 0.006761046642395754
01/04/2019 04:50:24 AM Filtering u and v at plevel 0.003243806249843405
01/04/2019 04:50:30 AM Filtering u and v at plevel 0.0013766083204391473
01/04/2019 04:50:36 AM Filtering u and v at plevel 0.0005077583032093046
01/04/2019 04:50:43 AM Filtering u and v at plevel 0.00015964567384570998
01/04/2019 04:50:49 AM Filtering u and v at plevel 2.710462927265426e-05
01/04/2019 04:50:55 AM calculated EKE
01/04/2019 04:51:06 AM saved EKE data
01/04/2019 04:51:06 AM EKE calculated !! Great !!
01/04/2019 04:51:11 AM ...........Calculate EKE.............9
01/04/2019 04:51:11 AM imported nc file
01/04/2019 04:51:38 AM imported coordinates
01/04/2019 04:52:51 AM imported pressure
01/04/2019 04:53:26 AM saved v_comp
01/04/2019 04:53:33 AM saved u_comp
01/04/2019 04:54:13 AM Filtering signal now
01/04/2019 04:54:24 AM Filtering u and v at plevel 0.9731199465677635
01/04/2019 04:54:32 AM Filtering u and v at plevel 0.9210435734946946
01/04/2019 04:54:39 AM Filtering u and v at plevel 0.8717540125826787
01/04/2019 04:54:47 AM Filtering u and v at plevel 0.8251018703001956
01/04/2019 04:54:55 AM Filtering u and v at plevel 0.7809450914447958
01/04/2019 04:55:02 AM Filtering u and v at plevel 0.7391477498279747
01/04/2019 04:55:10 AM Filtering u and v at plevel 0.6995784804292889
01/04/2019 04:55:18 AM Filtering u and v at plevel 0.6621085665908767
01/04/2019 04:55:26 AM Filtering u and v at plevel 0.6266097287784145
01/04/2019 04:55:33 AM Filtering u and v at plevel 0.592951685476526
01/04/2019 04:55:41 AM Filtering u and v at plevel 0.5609995761404118
01/04/2019 04:55:49 AM Filtering u and v at plevel 0.5306113557418541
01/04/2019 04:55:56 AM Filtering u and v at plevel 0.5016352961682442
01/04/2019 04:56:04 AM Filtering u and v at plevel 0.4739077683307861
01/04/2019 04:56:12 AM Filtering u and v at plevel 0.44725153763167325
01/04/2019 04:56:19 AM Filtering u and v at plevel 0.4214748913644697
01/04/2019 04:56:27 AM Filtering u and v at plevel 0.3963720342166585
01/04/2019 04:56:35 AM Filtering u and v at plevel 0.371725335892926
01/04/2019 04:56:43 AM Filtering u and v at plevel 0.34731017971440126
01/04/2019 04:56:50 AM Filtering u and v at plevel 0.32290330906438663
01/04/2019 04:56:58 AM Filtering u and v at plevel 0.29829563412593546
01/04/2019 04:57:06 AM Filtering u and v at plevel 0.27331033560806184
01/04/2019 04:57:13 AM Filtering u and v at plevel 0.2478266277557821
01/04/2019 04:57:21 AM Filtering u and v at plevel 0.22180852820217098
01/04/2019 04:57:29 AM Filtering u and v at plevel 0.19533625519570888
01/04/2019 04:57:37 AM Filtering u and v at plevel 0.1686353994868007
01/04/2019 04:57:44 AM Filtering u and v at plevel 0.1420960968927281
01/04/2019 04:57:52 AM Filtering u and v at plevel 0.1162719225588613
01/04/2019 04:58:00 AM Filtering u and v at plevel 0.0918477093601027
01/04/2019 04:58:07 AM Filtering u and v at plevel 0.06956901941712679
01/04/2019 04:58:15 AM Filtering u and v at plevel 0.050135221379808886
01/04/2019 04:58:23 AM Filtering u and v at plevel 0.03407262549982947
01/04/2019 04:58:31 AM Filtering u and v at plevel 0.021619597882391442
01/04/2019 04:58:38 AM Filtering u and v at plevel 0.012663559404899662
01/04/2019 04:58:46 AM Filtering u and v at plevel 0.006761046642395754
01/04/2019 04:58:54 AM Filtering u and v at plevel 0.003243806249843405
01/04/2019 04:59:01 AM Filtering u and v at plevel 0.0013766083204391473
01/04/2019 04:59:09 AM Filtering u and v at plevel 0.0005077583032093046
01/04/2019 04:59:17 AM Filtering u and v at plevel 0.00015964567384570998
01/04/2019 04:59:24 AM Filtering u and v at plevel 2.710462927265426e-05
01/04/2019 04:59:30 AM calculated EKE
01/04/2019 04:59:41 AM saved EKE data
01/04/2019 04:59:45 AM EKE calculated !! Great !!
01/04/2019 04:59:47 AM ** INTERPOLATION ** 
01/04/2019 04:59:49 AM ----0----
01/04/2019 04:59:49 AM ----1----
01/04/2019 04:59:49 AM ----2----
01/04/2019 04:59:49 AM ----3----
01/04/2019 04:59:49 AM ----4----
01/04/2019 04:59:49 AM ----5----
01/04/2019 04:59:49 AM ----6----
01/04/2019 04:59:49 AM ----7----
01/04/2019 04:59:49 AM ----8----
01/04/2019 04:59:49 AM ----9----
01/04/2019 04:59:50 AM Calculated interpolation
01/04/2019 04:59:50 AM Saved raw data interp dictionary
01/04/2019 04:59:50 AM Looks great !!
