11/26/2018 06:25:07 PM ...........Calculate EKE.............0
11/26/2018 06:25:07 PM imported nc file
11/26/2018 06:25:41 PM imported coordinates
11/26/2018 06:27:26 PM imported pressure
11/26/2018 06:28:15 PM saved v_comp
11/26/2018 06:28:36 PM saved u_comp
11/26/2018 06:28:36 PM Filtering signal now
11/26/2018 06:28:42 PM Filtering u and v at plevel 0.9731199465677635
11/26/2018 06:28:47 PM Filtering u and v at plevel 0.9210435734946946
11/26/2018 06:28:51 PM Filtering u and v at plevel 0.8717540125826787
11/26/2018 06:28:56 PM Filtering u and v at plevel 0.8251018703001956
11/26/2018 06:29:00 PM Filtering u and v at plevel 0.7809450914447958
11/26/2018 06:29:04 PM Filtering u and v at plevel 0.7391477498279747
11/26/2018 06:29:09 PM Filtering u and v at plevel 0.6995784804292889
11/26/2018 06:29:13 PM Filtering u and v at plevel 0.6621085665908767
11/26/2018 06:29:18 PM Filtering u and v at plevel 0.6266097287784145
11/26/2018 06:29:22 PM Filtering u and v at plevel 0.592951685476526
11/26/2018 06:29:27 PM Filtering u and v at plevel 0.5609995761404118
11/26/2018 06:29:31 PM Filtering u and v at plevel 0.5306113557418541
11/26/2018 06:29:36 PM Filtering u and v at plevel 0.5016352961682442
11/26/2018 06:29:40 PM Filtering u and v at plevel 0.4739077683307861
11/26/2018 06:29:45 PM Filtering u and v at plevel 0.44725153763167325
11/26/2018 06:29:49 PM Filtering u and v at plevel 0.4214748913644697
11/26/2018 06:29:53 PM Filtering u and v at plevel 0.3963720342166585
11/26/2018 06:29:58 PM Filtering u and v at plevel 0.371725335892926
11/26/2018 06:30:02 PM Filtering u and v at plevel 0.34731017971440126
11/26/2018 06:30:07 PM Filtering u and v at plevel 0.32290330906438663
11/26/2018 06:30:11 PM Filtering u and v at plevel 0.29829563412593546
11/26/2018 06:30:16 PM Filtering u and v at plevel 0.27331033560806184
11/26/2018 06:30:20 PM Filtering u and v at plevel 0.2478266277557821
11/26/2018 06:30:25 PM Filtering u and v at plevel 0.22180852820217098
11/26/2018 06:30:29 PM Filtering u and v at plevel 0.19533625519570888
11/26/2018 06:30:33 PM Filtering u and v at plevel 0.1686353994868007
11/26/2018 06:30:38 PM Filtering u and v at plevel 0.1420960968927281
11/26/2018 06:30:42 PM Filtering u and v at plevel 0.1162719225588613
11/26/2018 06:30:47 PM Filtering u and v at plevel 0.0918477093601027
11/26/2018 06:30:51 PM Filtering u and v at plevel 0.06956901941712679
11/26/2018 06:30:56 PM Filtering u and v at plevel 0.050135221379808886
11/26/2018 06:31:00 PM Filtering u and v at plevel 0.03407262549982947
11/26/2018 06:31:05 PM Filtering u and v at plevel 0.021619597882391442
11/26/2018 06:31:09 PM Filtering u and v at plevel 0.012663559404899662
11/26/2018 06:31:13 PM Filtering u and v at plevel 0.006761046642395754
11/26/2018 06:31:18 PM Filtering u and v at plevel 0.003243806249843405
11/26/2018 06:31:22 PM Filtering u and v at plevel 0.0013766083204391473
11/26/2018 06:31:27 PM Filtering u and v at plevel 0.0005077583032093046
11/26/2018 06:31:31 PM Filtering u and v at plevel 0.00015964567384570998
11/26/2018 06:31:36 PM Filtering u and v at plevel 2.710462927265426e-05
11/26/2018 06:31:40 PM calculated EKE
11/26/2018 06:31:48 PM saved EKE data
11/26/2018 06:31:48 PM EKE calculated !! Great !!
11/26/2018 06:31:57 PM destination folder created !
11/26/2018 06:31:57 PM ...........Calculate EKE.............1
11/26/2018 06:31:57 PM imported nc file
11/26/2018 06:33:45 PM imported coordinates
11/26/2018 06:36:08 PM imported pressure
11/26/2018 06:37:07 PM saved v_comp
11/26/2018 06:38:12 PM saved u_comp
11/26/2018 06:38:12 PM Filtering signal now
11/26/2018 06:38:19 PM Filtering u and v at plevel 0.9731199465677635
11/26/2018 06:38:23 PM Filtering u and v at plevel 0.9210435734946946
11/26/2018 06:38:27 PM Filtering u and v at plevel 0.8717540125826787
11/26/2018 06:38:32 PM Filtering u and v at plevel 0.8251018703001956
11/26/2018 06:38:36 PM Filtering u and v at plevel 0.7809450914447958
11/26/2018 06:38:40 PM Filtering u and v at plevel 0.7391477498279747
11/26/2018 06:38:45 PM Filtering u and v at plevel 0.6995784804292889
11/26/2018 06:38:49 PM Filtering u and v at plevel 0.6621085665908767
11/26/2018 06:38:53 PM Filtering u and v at plevel 0.6266097287784145
11/26/2018 06:38:58 PM Filtering u and v at plevel 0.592951685476526
11/26/2018 06:39:02 PM Filtering u and v at plevel 0.5609995761404118
11/26/2018 06:39:06 PM Filtering u and v at plevel 0.5306113557418541
11/26/2018 06:39:11 PM Filtering u and v at plevel 0.5016352961682442
11/26/2018 06:39:15 PM Filtering u and v at plevel 0.4739077683307861
11/26/2018 06:39:19 PM Filtering u and v at plevel 0.44725153763167325
11/26/2018 06:39:24 PM Filtering u and v at plevel 0.4214748913644697
11/26/2018 06:39:28 PM Filtering u and v at plevel 0.3963720342166585
11/26/2018 06:39:32 PM Filtering u and v at plevel 0.371725335892926
11/26/2018 06:39:37 PM Filtering u and v at plevel 0.34731017971440126
11/26/2018 06:39:41 PM Filtering u and v at plevel 0.32290330906438663
11/26/2018 06:39:45 PM Filtering u and v at plevel 0.29829563412593546
11/26/2018 06:39:50 PM Filtering u and v at plevel 0.27331033560806184
11/26/2018 06:39:54 PM Filtering u and v at plevel 0.2478266277557821
11/26/2018 06:39:58 PM Filtering u and v at plevel 0.22180852820217098
11/26/2018 06:40:03 PM Filtering u and v at plevel 0.19533625519570888
11/26/2018 06:40:07 PM Filtering u and v at plevel 0.1686353994868007
11/26/2018 06:40:11 PM Filtering u and v at plevel 0.1420960968927281
11/26/2018 06:40:16 PM Filtering u and v at plevel 0.1162719225588613
11/26/2018 06:40:20 PM Filtering u and v at plevel 0.0918477093601027
11/26/2018 06:40:24 PM Filtering u and v at plevel 0.06956901941712679
11/26/2018 06:40:29 PM Filtering u and v at plevel 0.050135221379808886
11/26/2018 06:40:33 PM Filtering u and v at plevel 0.03407262549982947
11/26/2018 06:40:38 PM Filtering u and v at plevel 0.021619597882391442
11/26/2018 06:40:42 PM Filtering u and v at plevel 0.012663559404899662
11/26/2018 06:40:46 PM Filtering u and v at plevel 0.006761046642395754
11/26/2018 06:40:51 PM Filtering u and v at plevel 0.003243806249843405
11/26/2018 06:40:55 PM Filtering u and v at plevel 0.0013766083204391473
11/26/2018 06:40:59 PM Filtering u and v at plevel 0.0005077583032093046
11/26/2018 06:41:04 PM Filtering u and v at plevel 0.00015964567384570998
11/26/2018 06:41:08 PM Filtering u and v at plevel 2.710462927265426e-05
11/26/2018 06:41:12 PM calculated EKE
11/26/2018 06:41:20 PM saved EKE data
11/26/2018 06:41:20 PM EKE calculated !! Great !!
11/26/2018 06:41:26 PM destination folder created !
11/26/2018 06:41:26 PM ...........Calculate EKE.............2
11/26/2018 06:41:26 PM imported nc file
11/26/2018 06:41:31 PM imported coordinates
11/26/2018 06:42:14 PM imported pressure
11/26/2018 06:43:02 PM saved v_comp
11/26/2018 06:43:21 PM saved u_comp
11/26/2018 06:43:21 PM Filtering signal now
11/26/2018 06:43:27 PM Filtering u and v at plevel 0.9731199465677635
11/26/2018 06:43:32 PM Filtering u and v at plevel 0.9210435734946946
11/26/2018 06:43:36 PM Filtering u and v at plevel 0.8717540125826787
11/26/2018 06:43:40 PM Filtering u and v at plevel 0.8251018703001956
11/26/2018 06:43:45 PM Filtering u and v at plevel 0.7809450914447958
11/26/2018 06:43:49 PM Filtering u and v at plevel 0.7391477498279747
11/26/2018 06:43:53 PM Filtering u and v at plevel 0.6995784804292889
11/26/2018 06:43:58 PM Filtering u and v at plevel 0.6621085665908767
11/26/2018 06:44:02 PM Filtering u and v at plevel 0.6266097287784145
11/26/2018 06:44:06 PM Filtering u and v at plevel 0.592951685476526
11/26/2018 06:44:11 PM Filtering u and v at plevel 0.5609995761404118
11/26/2018 06:44:15 PM Filtering u and v at plevel 0.5306113557418541
11/26/2018 06:44:19 PM Filtering u and v at plevel 0.5016352961682442
11/26/2018 06:44:24 PM Filtering u and v at plevel 0.4739077683307861
11/26/2018 06:44:28 PM Filtering u and v at plevel 0.44725153763167325
11/26/2018 06:44:32 PM Filtering u and v at plevel 0.4214748913644697
11/26/2018 06:44:37 PM Filtering u and v at plevel 0.3963720342166585
11/26/2018 06:44:41 PM Filtering u and v at plevel 0.371725335892926
11/26/2018 06:44:45 PM Filtering u and v at plevel 0.34731017971440126
11/26/2018 06:44:50 PM Filtering u and v at plevel 0.32290330906438663
11/26/2018 06:44:54 PM Filtering u and v at plevel 0.29829563412593546
11/26/2018 06:44:58 PM Filtering u and v at plevel 0.27331033560806184
11/26/2018 06:45:03 PM Filtering u and v at plevel 0.2478266277557821
11/26/2018 06:45:07 PM Filtering u and v at plevel 0.22180852820217098
11/26/2018 06:45:11 PM Filtering u and v at plevel 0.19533625519570888
11/26/2018 06:45:16 PM Filtering u and v at plevel 0.1686353994868007
11/26/2018 06:45:20 PM Filtering u and v at plevel 0.1420960968927281
11/26/2018 06:45:24 PM Filtering u and v at plevel 0.1162719225588613
11/26/2018 06:45:29 PM Filtering u and v at plevel 0.0918477093601027
11/26/2018 06:45:33 PM Filtering u and v at plevel 0.06956901941712679
11/26/2018 06:45:37 PM Filtering u and v at plevel 0.050135221379808886
11/26/2018 06:45:42 PM Filtering u and v at plevel 0.03407262549982947
11/26/2018 06:45:46 PM Filtering u and v at plevel 0.021619597882391442
11/26/2018 06:45:50 PM Filtering u and v at plevel 0.012663559404899662
11/26/2018 06:45:55 PM Filtering u and v at plevel 0.006761046642395754
11/26/2018 06:45:59 PM Filtering u and v at plevel 0.003243806249843405
11/26/2018 06:46:03 PM Filtering u and v at plevel 0.0013766083204391473
11/26/2018 06:46:08 PM Filtering u and v at plevel 0.0005077583032093046
11/26/2018 06:46:12 PM Filtering u and v at plevel 0.00015964567384570998
11/26/2018 06:46:16 PM Filtering u and v at plevel 2.710462927265426e-05
11/26/2018 06:46:21 PM calculated EKE
11/26/2018 06:46:29 PM saved EKE data
11/26/2018 06:46:29 PM EKE calculated !! Great !!
11/26/2018 06:46:36 PM destination folder created !
11/26/2018 06:46:36 PM ...........Calculate EKE.............3
11/26/2018 06:46:36 PM imported nc file
11/26/2018 06:47:16 PM imported coordinates
11/26/2018 06:48:42 PM imported pressure
11/26/2018 06:49:41 PM saved v_comp
11/26/2018 06:50:46 PM saved u_comp
11/26/2018 06:50:46 PM Filtering signal now
11/26/2018 06:50:52 PM Filtering u and v at plevel 0.9731199465677635
11/26/2018 06:50:57 PM Filtering u and v at plevel 0.9210435734946946
11/26/2018 06:51:02 PM Filtering u and v at plevel 0.8717540125826787
11/26/2018 06:51:06 PM Filtering u and v at plevel 0.8251018703001956
11/26/2018 06:51:11 PM Filtering u and v at plevel 0.7809450914447958
11/26/2018 06:51:15 PM Filtering u and v at plevel 0.7391477498279747
11/26/2018 06:51:20 PM Filtering u and v at plevel 0.6995784804292889
11/26/2018 06:51:25 PM Filtering u and v at plevel 0.6621085665908767
11/26/2018 06:51:29 PM Filtering u and v at plevel 0.6266097287784145
11/26/2018 06:51:34 PM Filtering u and v at plevel 0.592951685476526
11/26/2018 06:51:38 PM Filtering u and v at plevel 0.5609995761404118
11/26/2018 06:51:43 PM Filtering u and v at plevel 0.5306113557418541
11/26/2018 06:51:48 PM Filtering u and v at plevel 0.5016352961682442
11/26/2018 06:51:52 PM Filtering u and v at plevel 0.4739077683307861
11/26/2018 06:51:57 PM Filtering u and v at plevel 0.44725153763167325
11/26/2018 06:52:01 PM Filtering u and v at plevel 0.4214748913644697
11/26/2018 06:52:06 PM Filtering u and v at plevel 0.3963720342166585
11/26/2018 06:52:11 PM Filtering u and v at plevel 0.371725335892926
11/26/2018 06:52:15 PM Filtering u and v at plevel 0.34731017971440126
11/26/2018 06:52:20 PM Filtering u and v at plevel 0.32290330906438663
11/26/2018 06:52:25 PM Filtering u and v at plevel 0.29829563412593546
11/26/2018 06:52:29 PM Filtering u and v at plevel 0.27331033560806184
11/26/2018 06:52:34 PM Filtering u and v at plevel 0.2478266277557821
11/26/2018 06:52:38 PM Filtering u and v at plevel 0.22180852820217098
11/26/2018 06:52:43 PM Filtering u and v at plevel 0.19533625519570888
11/26/2018 06:52:48 PM Filtering u and v at plevel 0.1686353994868007
11/26/2018 06:52:52 PM Filtering u and v at plevel 0.1420960968927281
11/26/2018 06:52:57 PM Filtering u and v at plevel 0.1162719225588613
11/26/2018 06:53:01 PM Filtering u and v at plevel 0.0918477093601027
11/26/2018 06:53:06 PM Filtering u and v at plevel 0.06956901941712679
11/26/2018 06:53:11 PM Filtering u and v at plevel 0.050135221379808886
11/26/2018 06:53:15 PM Filtering u and v at plevel 0.03407262549982947
11/26/2018 06:53:20 PM Filtering u and v at plevel 0.021619597882391442
11/26/2018 06:53:24 PM Filtering u and v at plevel 0.012663559404899662
11/26/2018 06:53:29 PM Filtering u and v at plevel 0.006761046642395754
11/26/2018 06:53:34 PM Filtering u and v at plevel 0.003243806249843405
11/26/2018 06:53:38 PM Filtering u and v at plevel 0.0013766083204391473
11/26/2018 06:53:43 PM Filtering u and v at plevel 0.0005077583032093046
11/26/2018 06:53:48 PM Filtering u and v at plevel 0.00015964567384570998
11/26/2018 06:53:52 PM Filtering u and v at plevel 2.710462927265426e-05
11/26/2018 06:53:57 PM calculated EKE
11/26/2018 06:54:04 PM saved EKE data
11/26/2018 06:54:05 PM EKE calculated !! Great !!
11/26/2018 06:54:12 PM destination folder created !
11/26/2018 06:54:12 PM ...........Calculate EKE.............4
11/26/2018 06:54:12 PM imported nc file
11/26/2018 06:55:40 PM imported coordinates
11/26/2018 06:57:39 PM imported pressure
11/26/2018 06:58:39 PM saved v_comp
11/26/2018 06:59:55 PM saved u_comp
11/26/2018 06:59:55 PM Filtering signal now
11/26/2018 07:00:02 PM Filtering u and v at plevel 0.9731199465677635
11/26/2018 07:00:06 PM Filtering u and v at plevel 0.9210435734946946
11/26/2018 07:00:10 PM Filtering u and v at plevel 0.8717540125826787
11/26/2018 07:00:14 PM Filtering u and v at plevel 0.8251018703001956
11/26/2018 07:00:19 PM Filtering u and v at plevel 0.7809450914447958
11/26/2018 07:00:23 PM Filtering u and v at plevel 0.7391477498279747
11/26/2018 07:00:27 PM Filtering u and v at plevel 0.6995784804292889
11/26/2018 07:00:32 PM Filtering u and v at plevel 0.6621085665908767
11/26/2018 07:00:36 PM Filtering u and v at plevel 0.6266097287784145
11/26/2018 07:00:40 PM Filtering u and v at plevel 0.592951685476526
11/26/2018 07:00:45 PM Filtering u and v at plevel 0.5609995761404118
11/26/2018 07:00:49 PM Filtering u and v at plevel 0.5306113557418541
11/26/2018 07:00:53 PM Filtering u and v at plevel 0.5016352961682442
11/26/2018 07:00:58 PM Filtering u and v at plevel 0.4739077683307861
11/26/2018 07:01:02 PM Filtering u and v at plevel 0.44725153763167325
11/26/2018 07:01:06 PM Filtering u and v at plevel 0.4214748913644697
11/26/2018 07:01:10 PM Filtering u and v at plevel 0.3963720342166585
11/26/2018 07:01:15 PM Filtering u and v at plevel 0.371725335892926
11/26/2018 07:01:19 PM Filtering u and v at plevel 0.34731017971440126
11/26/2018 07:01:23 PM Filtering u and v at plevel 0.32290330906438663
11/26/2018 07:01:28 PM Filtering u and v at plevel 0.29829563412593546
11/26/2018 07:01:32 PM Filtering u and v at plevel 0.27331033560806184
11/26/2018 07:01:36 PM Filtering u and v at plevel 0.2478266277557821
11/26/2018 07:01:41 PM Filtering u and v at plevel 0.22180852820217098
11/26/2018 07:01:45 PM Filtering u and v at plevel 0.19533625519570888
11/26/2018 07:01:49 PM Filtering u and v at plevel 0.1686353994868007
11/26/2018 07:01:53 PM Filtering u and v at plevel 0.1420960968927281
11/26/2018 07:01:58 PM Filtering u and v at plevel 0.1162719225588613
11/26/2018 07:02:02 PM Filtering u and v at plevel 0.0918477093601027
11/26/2018 07:02:06 PM Filtering u and v at plevel 0.06956901941712679
11/26/2018 07:02:11 PM Filtering u and v at plevel 0.050135221379808886
11/26/2018 07:02:15 PM Filtering u and v at plevel 0.03407262549982947
11/26/2018 07:02:19 PM Filtering u and v at plevel 0.021619597882391442
11/26/2018 07:02:24 PM Filtering u and v at plevel 0.012663559404899662
11/26/2018 07:02:28 PM Filtering u and v at plevel 0.006761046642395754
11/26/2018 07:02:32 PM Filtering u and v at plevel 0.003243806249843405
11/26/2018 07:02:36 PM Filtering u and v at plevel 0.0013766083204391473
11/26/2018 07:02:41 PM Filtering u and v at plevel 0.0005077583032093046
11/26/2018 07:02:45 PM Filtering u and v at plevel 0.00015964567384570998
11/26/2018 07:02:49 PM Filtering u and v at plevel 2.710462927265426e-05
11/26/2018 07:02:54 PM calculated EKE
11/26/2018 07:03:02 PM saved EKE data
11/26/2018 07:03:02 PM EKE calculated !! Great !!
11/26/2018 07:03:05 PM ** INTERPOLATION ** 
11/26/2018 07:03:07 PM destination folder created !
11/26/2018 07:03:07 PM ----0----
11/26/2018 07:03:07 PM ----1----
11/26/2018 07:03:07 PM ----2----
11/26/2018 07:03:07 PM ----3----
11/26/2018 07:03:07 PM ----4----
11/26/2018 07:03:09 PM Calculated interpolation
11/26/2018 07:03:10 PM Saved raw data interp dictionary
11/26/2018 07:03:10 PM Looks great !!
11/27/2018 01:14:05 AM ...........Calculate EKE.............0
11/27/2018 01:14:05 AM imported nc file
11/27/2018 01:14:42 AM imported coordinates
11/27/2018 01:16:31 AM imported pressure
11/27/2018 01:17:25 AM saved v_comp
11/27/2018 01:18:18 AM saved u_comp
11/27/2018 01:19:10 AM Filtering signal now
11/27/2018 01:19:20 AM Filtering u and v at plevel 0.9731199465677635
11/27/2018 01:19:26 AM Filtering u and v at plevel 0.9210435734946946
11/27/2018 01:19:33 AM Filtering u and v at plevel 0.8717540125826787
11/27/2018 01:19:40 AM Filtering u and v at plevel 0.8251018703001956
11/27/2018 01:19:47 AM Filtering u and v at plevel 0.7809450914447958
11/27/2018 01:19:53 AM Filtering u and v at plevel 0.7391477498279747
11/27/2018 01:20:00 AM Filtering u and v at plevel 0.6995784804292889
11/27/2018 01:20:07 AM Filtering u and v at plevel 0.6621085665908767
11/27/2018 01:20:14 AM Filtering u and v at plevel 0.6266097287784145
11/27/2018 01:20:20 AM Filtering u and v at plevel 0.592951685476526
11/27/2018 01:20:27 AM Filtering u and v at plevel 0.5609995761404118
11/27/2018 01:20:34 AM Filtering u and v at plevel 0.5306113557418541
11/27/2018 01:20:41 AM Filtering u and v at plevel 0.5016352961682442
11/27/2018 01:20:47 AM Filtering u and v at plevel 0.4739077683307861
11/27/2018 01:20:54 AM Filtering u and v at plevel 0.44725153763167325
11/27/2018 01:21:01 AM Filtering u and v at plevel 0.4214748913644697
11/27/2018 01:21:08 AM Filtering u and v at plevel 0.3963720342166585
11/27/2018 01:21:15 AM Filtering u and v at plevel 0.371725335892926
11/27/2018 01:21:21 AM Filtering u and v at plevel 0.34731017971440126
11/27/2018 01:21:28 AM Filtering u and v at plevel 0.32290330906438663
11/27/2018 01:21:35 AM Filtering u and v at plevel 0.29829563412593546
11/27/2018 01:21:42 AM Filtering u and v at plevel 0.27331033560806184
11/27/2018 01:21:48 AM Filtering u and v at plevel 0.2478266277557821
11/27/2018 01:21:55 AM Filtering u and v at plevel 0.22180852820217098
11/27/2018 01:22:02 AM Filtering u and v at plevel 0.19533625519570888
11/27/2018 01:22:09 AM Filtering u and v at plevel 0.1686353994868007
11/27/2018 01:22:15 AM Filtering u and v at plevel 0.1420960968927281
11/27/2018 01:22:22 AM Filtering u and v at plevel 0.1162719225588613
11/27/2018 01:22:29 AM Filtering u and v at plevel 0.0918477093601027
11/27/2018 01:22:36 AM Filtering u and v at plevel 0.06956901941712679
11/27/2018 01:22:42 AM Filtering u and v at plevel 0.050135221379808886
11/27/2018 01:22:49 AM Filtering u and v at plevel 0.03407262549982947
11/27/2018 01:22:56 AM Filtering u and v at plevel 0.021619597882391442
11/27/2018 01:23:02 AM Filtering u and v at plevel 0.012663559404899662
11/27/2018 01:23:09 AM Filtering u and v at plevel 0.006761046642395754
11/27/2018 01:23:16 AM Filtering u and v at plevel 0.003243806249843405
11/27/2018 01:23:23 AM Filtering u and v at plevel 0.0013766083204391473
11/27/2018 01:23:29 AM Filtering u and v at plevel 0.0005077583032093046
11/27/2018 01:23:36 AM Filtering u and v at plevel 0.00015964567384570998
11/27/2018 01:23:43 AM Filtering u and v at plevel 2.710462927265426e-05
11/27/2018 01:23:48 AM calculated EKE
11/27/2018 01:24:00 AM saved EKE data
11/27/2018 01:24:00 AM EKE calculated !! Great !!
11/27/2018 01:24:06 AM ...........Calculate EKE.............1
11/27/2018 01:24:06 AM imported nc file
11/27/2018 01:24:42 AM imported coordinates
11/27/2018 01:26:25 AM imported pressure
11/27/2018 01:27:18 AM saved v_comp
11/27/2018 01:28:10 AM saved u_comp
11/27/2018 01:29:02 AM Filtering signal now
11/27/2018 01:29:11 AM Filtering u and v at plevel 0.9731199465677635
11/27/2018 01:29:18 AM Filtering u and v at plevel 0.9210435734946946
11/27/2018 01:29:24 AM Filtering u and v at plevel 0.8717540125826787
11/27/2018 01:29:31 AM Filtering u and v at plevel 0.8251018703001956
11/27/2018 01:29:37 AM Filtering u and v at plevel 0.7809450914447958
11/27/2018 01:29:43 AM Filtering u and v at plevel 0.7391477498279747
11/27/2018 01:29:50 AM Filtering u and v at plevel 0.6995784804292889
11/27/2018 01:29:56 AM Filtering u and v at plevel 0.6621085665908767
11/27/2018 01:30:03 AM Filtering u and v at plevel 0.6266097287784145
11/27/2018 01:30:09 AM Filtering u and v at plevel 0.592951685476526
11/27/2018 01:30:16 AM Filtering u and v at plevel 0.5609995761404118
11/27/2018 01:30:22 AM Filtering u and v at plevel 0.5306113557418541
11/27/2018 01:30:29 AM Filtering u and v at plevel 0.5016352961682442
11/27/2018 01:30:35 AM Filtering u and v at plevel 0.4739077683307861
11/27/2018 01:30:41 AM Filtering u and v at plevel 0.44725153763167325
11/27/2018 01:30:48 AM Filtering u and v at plevel 0.4214748913644697
11/27/2018 01:30:54 AM Filtering u and v at plevel 0.3963720342166585
11/27/2018 01:31:01 AM Filtering u and v at plevel 0.371725335892926
11/27/2018 01:31:07 AM Filtering u and v at plevel 0.34731017971440126
11/27/2018 01:31:14 AM Filtering u and v at plevel 0.32290330906438663
11/27/2018 01:31:20 AM Filtering u and v at plevel 0.29829563412593546
11/27/2018 01:31:27 AM Filtering u and v at plevel 0.27331033560806184
11/27/2018 01:31:33 AM Filtering u and v at plevel 0.2478266277557821
11/27/2018 01:31:40 AM Filtering u and v at plevel 0.22180852820217098
11/27/2018 01:31:46 AM Filtering u and v at plevel 0.19533625519570888
11/27/2018 01:31:52 AM Filtering u and v at plevel 0.1686353994868007
11/27/2018 01:31:59 AM Filtering u and v at plevel 0.1420960968927281
11/27/2018 01:32:05 AM Filtering u and v at plevel 0.1162719225588613
11/27/2018 01:32:12 AM Filtering u and v at plevel 0.0918477093601027
11/27/2018 01:32:18 AM Filtering u and v at plevel 0.06956901941712679
11/27/2018 01:32:25 AM Filtering u and v at plevel 0.050135221379808886
11/27/2018 01:32:31 AM Filtering u and v at plevel 0.03407262549982947
11/27/2018 01:32:38 AM Filtering u and v at plevel 0.021619597882391442
11/27/2018 01:32:44 AM Filtering u and v at plevel 0.012663559404899662
11/27/2018 01:32:50 AM Filtering u and v at plevel 0.006761046642395754
11/27/2018 01:32:57 AM Filtering u and v at plevel 0.003243806249843405
11/27/2018 01:33:03 AM Filtering u and v at plevel 0.0013766083204391473
11/27/2018 01:33:10 AM Filtering u and v at plevel 0.0005077583032093046
11/27/2018 01:33:16 AM Filtering u and v at plevel 0.00015964567384570998
11/27/2018 01:33:23 AM Filtering u and v at plevel 2.710462927265426e-05
11/27/2018 01:33:28 AM calculated EKE
11/27/2018 01:33:40 AM saved EKE data
11/27/2018 01:33:40 AM EKE calculated !! Great !!
11/27/2018 01:33:47 AM ...........Calculate EKE.............2
11/27/2018 01:33:47 AM imported nc file
11/27/2018 01:34:22 AM imported coordinates
11/27/2018 01:36:05 AM imported pressure
11/27/2018 01:36:58 AM saved v_comp
11/27/2018 01:37:54 AM saved u_comp
11/27/2018 01:38:46 AM Filtering signal now
11/27/2018 01:38:56 AM Filtering u and v at plevel 0.9731199465677635
11/27/2018 01:39:03 AM Filtering u and v at plevel 0.9210435734946946
11/27/2018 01:39:11 AM Filtering u and v at plevel 0.8717540125826787
11/27/2018 01:39:18 AM Filtering u and v at plevel 0.8251018703001956
11/27/2018 01:39:25 AM Filtering u and v at plevel 0.7809450914447958
11/27/2018 01:39:32 AM Filtering u and v at plevel 0.7391477498279747
11/27/2018 01:39:39 AM Filtering u and v at plevel 0.6995784804292889
11/27/2018 01:39:46 AM Filtering u and v at plevel 0.6621085665908767
11/27/2018 01:39:53 AM Filtering u and v at plevel 0.6266097287784145
11/27/2018 01:40:00 AM Filtering u and v at plevel 0.592951685476526
11/27/2018 01:40:07 AM Filtering u and v at plevel 0.5609995761404118
11/27/2018 01:40:15 AM Filtering u and v at plevel 0.5306113557418541
11/27/2018 01:40:22 AM Filtering u and v at plevel 0.5016352961682442
11/27/2018 01:40:29 AM Filtering u and v at plevel 0.4739077683307861
11/27/2018 01:40:36 AM Filtering u and v at plevel 0.44725153763167325
11/27/2018 01:40:43 AM Filtering u and v at plevel 0.4214748913644697
11/27/2018 01:40:50 AM Filtering u and v at plevel 0.3963720342166585
11/27/2018 01:40:57 AM Filtering u and v at plevel 0.371725335892926
11/27/2018 01:41:04 AM Filtering u and v at plevel 0.34731017971440126
11/27/2018 01:41:11 AM Filtering u and v at plevel 0.32290330906438663
11/27/2018 01:41:19 AM Filtering u and v at plevel 0.29829563412593546
11/27/2018 01:41:26 AM Filtering u and v at plevel 0.27331033560806184
11/27/2018 01:41:33 AM Filtering u and v at plevel 0.2478266277557821
11/27/2018 01:41:40 AM Filtering u and v at plevel 0.22180852820217098
11/27/2018 01:41:47 AM Filtering u and v at plevel 0.19533625519570888
11/27/2018 01:41:54 AM Filtering u and v at plevel 0.1686353994868007
11/27/2018 01:42:01 AM Filtering u and v at plevel 0.1420960968927281
11/27/2018 01:42:08 AM Filtering u and v at plevel 0.1162719225588613
11/27/2018 01:42:16 AM Filtering u and v at plevel 0.0918477093601027
11/27/2018 01:42:23 AM Filtering u and v at plevel 0.06956901941712679
11/27/2018 01:42:30 AM Filtering u and v at plevel 0.050135221379808886
11/27/2018 01:42:37 AM Filtering u and v at plevel 0.03407262549982947
11/27/2018 01:42:44 AM Filtering u and v at plevel 0.021619597882391442
11/27/2018 01:42:51 AM Filtering u and v at plevel 0.012663559404899662
11/27/2018 01:42:58 AM Filtering u and v at plevel 0.006761046642395754
11/27/2018 01:43:05 AM Filtering u and v at plevel 0.003243806249843405
11/27/2018 01:43:12 AM Filtering u and v at plevel 0.0013766083204391473
11/27/2018 01:43:20 AM Filtering u and v at plevel 0.0005077583032093046
11/27/2018 01:43:27 AM Filtering u and v at plevel 0.00015964567384570998
11/27/2018 01:43:34 AM Filtering u and v at plevel 2.710462927265426e-05
11/27/2018 01:43:39 AM calculated EKE
11/27/2018 01:43:51 AM saved EKE data
11/27/2018 01:43:51 AM EKE calculated !! Great !!
11/27/2018 01:43:57 AM ...........Calculate EKE.............3
11/27/2018 01:43:57 AM imported nc file
11/27/2018 01:44:33 AM imported coordinates
11/27/2018 01:46:17 AM imported pressure
11/27/2018 01:47:10 AM saved v_comp
11/27/2018 01:48:01 AM saved u_comp
11/27/2018 01:48:51 AM Filtering signal now
11/27/2018 01:49:01 AM Filtering u and v at plevel 0.9731199465677635
11/27/2018 01:49:08 AM Filtering u and v at plevel 0.9210435734946946
11/27/2018 01:49:15 AM Filtering u and v at plevel 0.8717540125826787
11/27/2018 01:49:22 AM Filtering u and v at plevel 0.8251018703001956
11/27/2018 01:49:29 AM Filtering u and v at plevel 0.7809450914447958
11/27/2018 01:49:35 AM Filtering u and v at plevel 0.7391477498279747
11/27/2018 01:49:42 AM Filtering u and v at plevel 0.6995784804292889
11/27/2018 01:49:49 AM Filtering u and v at plevel 0.6621085665908767
11/27/2018 01:49:56 AM Filtering u and v at plevel 0.6266097287784145
11/27/2018 01:50:03 AM Filtering u and v at plevel 0.592951685476526
11/27/2018 01:50:10 AM Filtering u and v at plevel 0.5609995761404118
11/27/2018 01:50:17 AM Filtering u and v at plevel 0.5306113557418541
11/27/2018 01:50:23 AM Filtering u and v at plevel 0.5016352961682442
11/27/2018 01:50:30 AM Filtering u and v at plevel 0.4739077683307861
11/27/2018 01:50:37 AM Filtering u and v at plevel 0.44725153763167325
11/27/2018 01:50:44 AM Filtering u and v at plevel 0.4214748913644697
11/27/2018 01:50:51 AM Filtering u and v at plevel 0.3963720342166585
11/27/2018 01:50:58 AM Filtering u and v at plevel 0.371725335892926
11/27/2018 01:51:05 AM Filtering u and v at plevel 0.34731017971440126
11/27/2018 01:51:11 AM Filtering u and v at plevel 0.32290330906438663
11/27/2018 01:51:18 AM Filtering u and v at plevel 0.29829563412593546
11/27/2018 01:51:25 AM Filtering u and v at plevel 0.27331033560806184
11/27/2018 01:51:32 AM Filtering u and v at plevel 0.2478266277557821
11/27/2018 01:51:39 AM Filtering u and v at plevel 0.22180852820217098
11/27/2018 01:51:46 AM Filtering u and v at plevel 0.19533625519570888
11/27/2018 01:51:53 AM Filtering u and v at plevel 0.1686353994868007
11/27/2018 01:52:00 AM Filtering u and v at plevel 0.1420960968927281
11/27/2018 01:52:06 AM Filtering u and v at plevel 0.1162719225588613
11/27/2018 01:52:13 AM Filtering u and v at plevel 0.0918477093601027
11/27/2018 01:52:20 AM Filtering u and v at plevel 0.06956901941712679
11/27/2018 01:52:27 AM Filtering u and v at plevel 0.050135221379808886
11/27/2018 01:52:34 AM Filtering u and v at plevel 0.03407262549982947
11/27/2018 01:52:41 AM Filtering u and v at plevel 0.021619597882391442
11/27/2018 01:52:48 AM Filtering u and v at plevel 0.012663559404899662
11/27/2018 01:52:54 AM Filtering u and v at plevel 0.006761046642395754
11/27/2018 01:53:01 AM Filtering u and v at plevel 0.003243806249843405
11/27/2018 01:53:08 AM Filtering u and v at plevel 0.0013766083204391473
11/27/2018 01:53:15 AM Filtering u and v at plevel 0.0005077583032093046
11/27/2018 01:53:22 AM Filtering u and v at plevel 0.00015964567384570998
11/27/2018 01:53:28 AM Filtering u and v at plevel 2.710462927265426e-05
11/27/2018 01:53:34 AM calculated EKE
11/27/2018 01:53:46 AM saved EKE data
11/27/2018 01:53:46 AM EKE calculated !! Great !!
11/27/2018 01:53:52 AM ...........Calculate EKE.............4
11/27/2018 01:53:52 AM imported nc file
11/27/2018 01:54:26 AM imported coordinates
11/27/2018 01:56:08 AM imported pressure
11/27/2018 01:57:04 AM saved v_comp
11/27/2018 01:57:56 AM saved u_comp
11/27/2018 01:58:48 AM Filtering signal now
11/27/2018 01:58:58 AM Filtering u and v at plevel 0.9731199465677635
11/27/2018 01:59:05 AM Filtering u and v at plevel 0.9210435734946946
11/27/2018 01:59:11 AM Filtering u and v at plevel 0.8717540125826787
11/27/2018 01:59:17 AM Filtering u and v at plevel 0.8251018703001956
11/27/2018 01:59:24 AM Filtering u and v at plevel 0.7809450914447958
11/27/2018 01:59:30 AM Filtering u and v at plevel 0.7391477498279747
11/27/2018 01:59:37 AM Filtering u and v at plevel 0.6995784804292889
11/27/2018 01:59:43 AM Filtering u and v at plevel 0.6621085665908767
11/27/2018 01:59:50 AM Filtering u and v at plevel 0.6266097287784145
11/27/2018 01:59:56 AM Filtering u and v at plevel 0.592951685476526
11/27/2018 02:00:03 AM Filtering u and v at plevel 0.5609995761404118
11/27/2018 02:00:09 AM Filtering u and v at plevel 0.5306113557418541
11/27/2018 02:00:16 AM Filtering u and v at plevel 0.5016352961682442
11/27/2018 02:00:22 AM Filtering u and v at plevel 0.4739077683307861
11/27/2018 02:00:29 AM Filtering u and v at plevel 0.44725153763167325
11/27/2018 02:00:35 AM Filtering u and v at plevel 0.4214748913644697
11/27/2018 02:00:42 AM Filtering u and v at plevel 0.3963720342166585
11/27/2018 02:00:48 AM Filtering u and v at plevel 0.371725335892926
11/27/2018 02:00:55 AM Filtering u and v at plevel 0.34731017971440126
11/27/2018 02:01:01 AM Filtering u and v at plevel 0.32290330906438663
11/27/2018 02:01:07 AM Filtering u and v at plevel 0.29829563412593546
11/27/2018 02:01:14 AM Filtering u and v at plevel 0.27331033560806184
11/27/2018 02:01:20 AM Filtering u and v at plevel 0.2478266277557821
11/27/2018 02:01:27 AM Filtering u and v at plevel 0.22180852820217098
11/27/2018 02:01:33 AM Filtering u and v at plevel 0.19533625519570888
11/27/2018 02:01:40 AM Filtering u and v at plevel 0.1686353994868007
11/27/2018 02:01:46 AM Filtering u and v at plevel 0.1420960968927281
11/27/2018 02:01:53 AM Filtering u and v at plevel 0.1162719225588613
11/27/2018 02:01:59 AM Filtering u and v at plevel 0.0918477093601027
11/27/2018 02:02:06 AM Filtering u and v at plevel 0.06956901941712679
11/27/2018 02:02:12 AM Filtering u and v at plevel 0.050135221379808886
11/27/2018 02:02:19 AM Filtering u and v at plevel 0.03407262549982947
11/27/2018 02:02:25 AM Filtering u and v at plevel 0.021619597882391442
11/27/2018 02:02:32 AM Filtering u and v at plevel 0.012663559404899662
11/27/2018 02:02:38 AM Filtering u and v at plevel 0.006761046642395754
11/27/2018 02:02:45 AM Filtering u and v at plevel 0.003243806249843405
11/27/2018 02:02:51 AM Filtering u and v at plevel 0.0013766083204391473
11/27/2018 02:02:57 AM Filtering u and v at plevel 0.0005077583032093046
11/27/2018 02:03:04 AM Filtering u and v at plevel 0.00015964567384570998
11/27/2018 02:03:10 AM Filtering u and v at plevel 2.710462927265426e-05
11/27/2018 02:03:16 AM calculated EKE
11/27/2018 02:03:27 AM saved EKE data
11/27/2018 02:03:27 AM EKE calculated !! Great !!
11/27/2018 02:03:33 AM destination folder created !
11/27/2018 02:03:33 AM ...........Calculate EKE.............5
11/27/2018 02:03:33 AM imported nc file
11/27/2018 02:04:07 AM imported coordinates
11/27/2018 02:05:49 AM imported pressure
11/27/2018 02:06:40 AM saved v_comp
11/27/2018 02:07:33 AM saved u_comp
11/27/2018 02:08:25 AM Filtering signal now
11/27/2018 02:08:35 AM Filtering u and v at plevel 0.9731199465677635
11/27/2018 02:08:41 AM Filtering u and v at plevel 0.9210435734946946
11/27/2018 02:08:48 AM Filtering u and v at plevel 0.8717540125826787
11/27/2018 02:08:54 AM Filtering u and v at plevel 0.8251018703001956
11/27/2018 02:09:00 AM Filtering u and v at plevel 0.7809450914447958
11/27/2018 02:09:07 AM Filtering u and v at plevel 0.7391477498279747
11/27/2018 02:09:13 AM Filtering u and v at plevel 0.6995784804292889
11/27/2018 02:09:20 AM Filtering u and v at plevel 0.6621085665908767
11/27/2018 02:09:26 AM Filtering u and v at plevel 0.6266097287784145
11/27/2018 02:09:32 AM Filtering u and v at plevel 0.592951685476526
11/27/2018 02:09:39 AM Filtering u and v at plevel 0.5609995761404118
11/27/2018 02:09:45 AM Filtering u and v at plevel 0.5306113557418541
11/27/2018 02:09:52 AM Filtering u and v at plevel 0.5016352961682442
11/27/2018 02:09:58 AM Filtering u and v at plevel 0.4739077683307861
11/27/2018 02:10:04 AM Filtering u and v at plevel 0.44725153763167325
11/27/2018 02:10:11 AM Filtering u and v at plevel 0.4214748913644697
11/27/2018 02:10:17 AM Filtering u and v at plevel 0.3963720342166585
11/27/2018 02:10:24 AM Filtering u and v at plevel 0.371725335892926
11/27/2018 02:10:30 AM Filtering u and v at plevel 0.34731017971440126
11/27/2018 02:10:36 AM Filtering u and v at plevel 0.32290330906438663
11/27/2018 02:10:43 AM Filtering u and v at plevel 0.29829563412593546
11/27/2018 02:10:49 AM Filtering u and v at plevel 0.27331033560806184
11/27/2018 02:10:56 AM Filtering u and v at plevel 0.2478266277557821
11/27/2018 02:11:02 AM Filtering u and v at plevel 0.22180852820217098
11/27/2018 02:11:08 AM Filtering u and v at plevel 0.19533625519570888
11/27/2018 02:11:15 AM Filtering u and v at plevel 0.1686353994868007
11/27/2018 02:11:21 AM Filtering u and v at plevel 0.1420960968927281
11/27/2018 02:11:28 AM Filtering u and v at plevel 0.1162719225588613
11/27/2018 02:11:34 AM Filtering u and v at plevel 0.0918477093601027
11/27/2018 02:11:40 AM Filtering u and v at plevel 0.06956901941712679
11/27/2018 02:11:47 AM Filtering u and v at plevel 0.050135221379808886
11/27/2018 02:11:53 AM Filtering u and v at plevel 0.03407262549982947
11/27/2018 02:12:00 AM Filtering u and v at plevel 0.021619597882391442
11/27/2018 02:12:06 AM Filtering u and v at plevel 0.012663559404899662
11/27/2018 02:12:12 AM Filtering u and v at plevel 0.006761046642395754
11/27/2018 02:12:19 AM Filtering u and v at plevel 0.003243806249843405
11/27/2018 02:12:25 AM Filtering u and v at plevel 0.0013766083204391473
11/27/2018 02:12:32 AM Filtering u and v at plevel 0.0005077583032093046
11/27/2018 02:12:38 AM Filtering u and v at plevel 0.00015964567384570998
11/27/2018 02:12:44 AM Filtering u and v at plevel 2.710462927265426e-05
11/27/2018 02:12:50 AM calculated EKE
11/27/2018 02:13:01 AM saved EKE data
11/27/2018 02:13:01 AM EKE calculated !! Great !!
11/27/2018 02:13:07 AM destination folder created !
11/27/2018 02:13:07 AM ...........Calculate EKE.............6
11/27/2018 02:13:07 AM imported nc file
11/27/2018 02:13:42 AM imported coordinates
11/27/2018 02:15:25 AM imported pressure
11/27/2018 02:16:17 AM saved v_comp
11/27/2018 02:17:07 AM saved u_comp
11/27/2018 02:18:00 AM Filtering signal now
11/27/2018 02:18:09 AM Filtering u and v at plevel 0.9731199465677635
11/27/2018 02:18:16 AM Filtering u and v at plevel 0.9210435734946946
11/27/2018 02:18:22 AM Filtering u and v at plevel 0.8717540125826787
11/27/2018 02:18:28 AM Filtering u and v at plevel 0.8251018703001956
11/27/2018 02:18:35 AM Filtering u and v at plevel 0.7809450914447958
11/27/2018 02:18:41 AM Filtering u and v at plevel 0.7391477498279747
11/27/2018 02:18:48 AM Filtering u and v at plevel 0.6995784804292889
11/27/2018 02:18:54 AM Filtering u and v at plevel 0.6621085665908767
11/27/2018 02:19:00 AM Filtering u and v at plevel 0.6266097287784145
11/27/2018 02:19:07 AM Filtering u and v at plevel 0.592951685476526
11/27/2018 02:19:13 AM Filtering u and v at plevel 0.5609995761404118
11/27/2018 02:19:20 AM Filtering u and v at plevel 0.5306113557418541
11/27/2018 02:19:26 AM Filtering u and v at plevel 0.5016352961682442
11/27/2018 02:19:32 AM Filtering u and v at plevel 0.4739077683307861
11/27/2018 02:19:39 AM Filtering u and v at plevel 0.44725153763167325
11/27/2018 02:19:45 AM Filtering u and v at plevel 0.4214748913644697
11/27/2018 02:19:52 AM Filtering u and v at plevel 0.3963720342166585
11/27/2018 02:19:58 AM Filtering u and v at plevel 0.371725335892926
11/27/2018 02:20:04 AM Filtering u and v at plevel 0.34731017971440126
11/27/2018 02:20:11 AM Filtering u and v at plevel 0.32290330906438663
11/27/2018 02:20:17 AM Filtering u and v at plevel 0.29829563412593546
11/27/2018 02:20:24 AM Filtering u and v at plevel 0.27331033560806184
11/27/2018 02:20:30 AM Filtering u and v at plevel 0.2478266277557821
11/27/2018 02:20:37 AM Filtering u and v at plevel 0.22180852820217098
11/27/2018 02:20:43 AM Filtering u and v at plevel 0.19533625519570888
11/27/2018 02:20:49 AM Filtering u and v at plevel 0.1686353994868007
11/27/2018 02:20:56 AM Filtering u and v at plevel 0.1420960968927281
11/27/2018 02:21:02 AM Filtering u and v at plevel 0.1162719225588613
11/27/2018 02:21:08 AM Filtering u and v at plevel 0.0918477093601027
11/27/2018 02:21:15 AM Filtering u and v at plevel 0.06956901941712679
11/27/2018 02:21:21 AM Filtering u and v at plevel 0.050135221379808886
11/27/2018 02:21:28 AM Filtering u and v at plevel 0.03407262549982947
11/27/2018 02:21:34 AM Filtering u and v at plevel 0.021619597882391442
11/27/2018 02:21:40 AM Filtering u and v at plevel 0.012663559404899662
11/27/2018 02:21:47 AM Filtering u and v at plevel 0.006761046642395754
11/27/2018 02:21:53 AM Filtering u and v at plevel 0.003243806249843405
11/27/2018 02:22:00 AM Filtering u and v at plevel 0.0013766083204391473
11/27/2018 02:22:06 AM Filtering u and v at plevel 0.0005077583032093046
11/27/2018 02:22:12 AM Filtering u and v at plevel 0.00015964567384570998
11/27/2018 02:22:19 AM Filtering u and v at plevel 2.710462927265426e-05
11/27/2018 02:22:24 AM calculated EKE
11/27/2018 02:22:36 AM saved EKE data
11/27/2018 02:22:36 AM EKE calculated !! Great !!
11/27/2018 02:22:41 AM destination folder created !
11/27/2018 02:22:41 AM ...........Calculate EKE.............7
11/27/2018 02:22:41 AM imported nc file
11/27/2018 02:23:13 AM imported coordinates
11/27/2018 02:24:57 AM imported pressure
11/27/2018 02:25:48 AM saved v_comp
11/27/2018 02:26:40 AM saved u_comp
11/27/2018 02:27:30 AM Filtering signal now
11/27/2018 02:27:41 AM Filtering u and v at plevel 0.9731199465677635
11/27/2018 02:27:48 AM Filtering u and v at plevel 0.9210435734946946
11/27/2018 02:27:56 AM Filtering u and v at plevel 0.8717540125826787
11/27/2018 02:28:03 AM Filtering u and v at plevel 0.8251018703001956
11/27/2018 02:28:11 AM Filtering u and v at plevel 0.7809450914447958
11/27/2018 02:28:18 AM Filtering u and v at plevel 0.7391477498279747
11/27/2018 02:28:26 AM Filtering u and v at plevel 0.6995784804292889
11/27/2018 02:28:33 AM Filtering u and v at plevel 0.6621085665908767
11/27/2018 02:28:41 AM Filtering u and v at plevel 0.6266097287784145
11/27/2018 02:28:48 AM Filtering u and v at plevel 0.592951685476526
11/27/2018 02:28:56 AM Filtering u and v at plevel 0.5609995761404118
11/27/2018 02:29:03 AM Filtering u and v at plevel 0.5306113557418541
11/27/2018 02:29:11 AM Filtering u and v at plevel 0.5016352961682442
11/27/2018 02:29:18 AM Filtering u and v at plevel 0.4739077683307861
11/27/2018 02:29:26 AM Filtering u and v at plevel 0.44725153763167325
11/27/2018 02:29:33 AM Filtering u and v at plevel 0.4214748913644697
11/27/2018 02:29:41 AM Filtering u and v at plevel 0.3963720342166585
11/27/2018 02:29:48 AM Filtering u and v at plevel 0.371725335892926
11/27/2018 02:29:56 AM Filtering u and v at plevel 0.34731017971440126
11/27/2018 02:30:03 AM Filtering u and v at plevel 0.32290330906438663
11/27/2018 02:30:11 AM Filtering u and v at plevel 0.29829563412593546
11/27/2018 02:30:18 AM Filtering u and v at plevel 0.27331033560806184
11/27/2018 02:30:26 AM Filtering u and v at plevel 0.2478266277557821
11/27/2018 02:30:33 AM Filtering u and v at plevel 0.22180852820217098
11/27/2018 02:30:41 AM Filtering u and v at plevel 0.19533625519570888
11/27/2018 02:30:48 AM Filtering u and v at plevel 0.1686353994868007
11/27/2018 02:30:56 AM Filtering u and v at plevel 0.1420960968927281
11/27/2018 02:31:03 AM Filtering u and v at plevel 0.1162719225588613
11/27/2018 02:31:11 AM Filtering u and v at plevel 0.0918477093601027
11/27/2018 02:31:18 AM Filtering u and v at plevel 0.06956901941712679
11/27/2018 02:31:26 AM Filtering u and v at plevel 0.050135221379808886
11/27/2018 02:31:33 AM Filtering u and v at plevel 0.03407262549982947
11/27/2018 02:31:41 AM Filtering u and v at plevel 0.021619597882391442
11/27/2018 02:31:48 AM Filtering u and v at plevel 0.012663559404899662
11/27/2018 02:31:56 AM Filtering u and v at plevel 0.006761046642395754
11/27/2018 02:32:03 AM Filtering u and v at plevel 0.003243806249843405
11/27/2018 02:32:11 AM Filtering u and v at plevel 0.0013766083204391473
11/27/2018 02:32:18 AM Filtering u and v at plevel 0.0005077583032093046
11/27/2018 02:32:26 AM Filtering u and v at plevel 0.00015964567384570998
11/27/2018 02:32:33 AM Filtering u and v at plevel 2.710462927265426e-05
11/27/2018 02:32:38 AM calculated EKE
11/27/2018 02:32:50 AM saved EKE data
11/27/2018 02:32:50 AM EKE calculated !! Great !!
11/27/2018 02:32:55 AM destination folder created !
11/27/2018 02:32:55 AM ...........Calculate EKE.............8
11/27/2018 02:32:55 AM imported nc file
11/27/2018 02:33:27 AM imported coordinates
11/27/2018 02:35:00 AM imported pressure
11/27/2018 02:35:53 AM saved v_comp
11/27/2018 02:36:43 AM saved u_comp
11/27/2018 02:37:34 AM Filtering signal now
11/27/2018 02:37:45 AM Filtering u and v at plevel 0.9731199465677635
11/27/2018 02:37:52 AM Filtering u and v at plevel 0.9210435734946946
11/27/2018 02:37:59 AM Filtering u and v at plevel 0.8717540125826787
11/27/2018 02:38:07 AM Filtering u and v at plevel 0.8251018703001956
11/27/2018 02:38:14 AM Filtering u and v at plevel 0.7809450914447958
11/27/2018 02:38:21 AM Filtering u and v at plevel 0.7391477498279747
11/27/2018 02:38:29 AM Filtering u and v at plevel 0.6995784804292889
11/27/2018 02:38:36 AM Filtering u and v at plevel 0.6621085665908767
11/27/2018 02:38:43 AM Filtering u and v at plevel 0.6266097287784145
11/27/2018 02:38:51 AM Filtering u and v at plevel 0.592951685476526
11/27/2018 02:38:58 AM Filtering u and v at plevel 0.5609995761404118
11/27/2018 02:39:06 AM Filtering u and v at plevel 0.5306113557418541
11/27/2018 02:39:13 AM Filtering u and v at plevel 0.5016352961682442
11/27/2018 02:39:20 AM Filtering u and v at plevel 0.4739077683307861
11/27/2018 02:39:28 AM Filtering u and v at plevel 0.44725153763167325
11/27/2018 02:39:35 AM Filtering u and v at plevel 0.4214748913644697
11/27/2018 02:39:42 AM Filtering u and v at plevel 0.3963720342166585
11/27/2018 02:39:50 AM Filtering u and v at plevel 0.371725335892926
11/27/2018 02:39:57 AM Filtering u and v at plevel 0.34731017971440126
11/27/2018 02:40:04 AM Filtering u and v at plevel 0.32290330906438663
11/27/2018 02:40:12 AM Filtering u and v at plevel 0.29829563412593546
11/27/2018 02:40:19 AM Filtering u and v at plevel 0.27331033560806184
11/27/2018 02:40:26 AM Filtering u and v at plevel 0.2478266277557821
11/27/2018 02:40:34 AM Filtering u and v at plevel 0.22180852820217098
11/27/2018 02:40:41 AM Filtering u and v at plevel 0.19533625519570888
11/27/2018 02:40:49 AM Filtering u and v at plevel 0.1686353994868007
11/27/2018 02:40:56 AM Filtering u and v at plevel 0.1420960968927281
11/27/2018 02:41:03 AM Filtering u and v at plevel 0.1162719225588613
11/27/2018 02:41:11 AM Filtering u and v at plevel 0.0918477093601027
11/27/2018 02:41:18 AM Filtering u and v at plevel 0.06956901941712679
11/27/2018 02:41:25 AM Filtering u and v at plevel 0.050135221379808886
11/27/2018 02:41:33 AM Filtering u and v at plevel 0.03407262549982947
11/27/2018 02:41:40 AM Filtering u and v at plevel 0.021619597882391442
11/27/2018 02:41:48 AM Filtering u and v at plevel 0.012663559404899662
11/27/2018 02:41:55 AM Filtering u and v at plevel 0.006761046642395754
11/27/2018 02:42:02 AM Filtering u and v at plevel 0.003243806249843405
11/27/2018 02:42:10 AM Filtering u and v at plevel 0.0013766083204391473
11/27/2018 02:42:17 AM Filtering u and v at plevel 0.0005077583032093046
11/27/2018 02:42:24 AM Filtering u and v at plevel 0.00015964567384570998
11/27/2018 02:42:32 AM Filtering u and v at plevel 2.710462927265426e-05
11/27/2018 02:42:37 AM calculated EKE
11/27/2018 02:42:49 AM saved EKE data
11/27/2018 02:42:49 AM EKE calculated !! Great !!
11/27/2018 02:42:55 AM destination folder created !
11/27/2018 02:42:55 AM ...........Calculate EKE.............9
11/27/2018 02:42:55 AM imported nc file
11/27/2018 02:43:30 AM imported coordinates
11/27/2018 02:45:09 AM imported pressure
11/27/2018 02:46:00 AM saved v_comp
11/27/2018 02:46:52 AM saved u_comp
11/27/2018 02:47:41 AM Filtering signal now
11/27/2018 02:47:51 AM Filtering u and v at plevel 0.9731199465677635
11/27/2018 02:47:59 AM Filtering u and v at plevel 0.9210435734946946
11/27/2018 02:48:06 AM Filtering u and v at plevel 0.8717540125826787
11/27/2018 02:48:14 AM Filtering u and v at plevel 0.8251018703001956
11/27/2018 02:48:21 AM Filtering u and v at plevel 0.7809450914447958
11/27/2018 02:48:29 AM Filtering u and v at plevel 0.7391477498279747
11/27/2018 02:48:36 AM Filtering u and v at plevel 0.6995784804292889
11/27/2018 02:48:44 AM Filtering u and v at plevel 0.6621085665908767
11/27/2018 02:48:51 AM Filtering u and v at plevel 0.6266097287784145
11/27/2018 02:48:59 AM Filtering u and v at plevel 0.592951685476526
11/27/2018 02:49:06 AM Filtering u and v at plevel 0.5609995761404118
11/27/2018 02:49:14 AM Filtering u and v at plevel 0.5306113557418541
11/27/2018 02:49:21 AM Filtering u and v at plevel 0.5016352961682442
11/27/2018 02:49:29 AM Filtering u and v at plevel 0.4739077683307861
11/27/2018 02:49:36 AM Filtering u and v at plevel 0.44725153763167325
11/27/2018 02:49:43 AM Filtering u and v at plevel 0.4214748913644697
11/27/2018 02:49:51 AM Filtering u and v at plevel 0.3963720342166585
11/27/2018 02:49:58 AM Filtering u and v at plevel 0.371725335892926
11/27/2018 02:50:06 AM Filtering u and v at plevel 0.34731017971440126
11/27/2018 02:50:13 AM Filtering u and v at plevel 0.32290330906438663
11/27/2018 02:50:21 AM Filtering u and v at plevel 0.29829563412593546
11/27/2018 02:50:28 AM Filtering u and v at plevel 0.27331033560806184
11/27/2018 02:50:36 AM Filtering u and v at plevel 0.2478266277557821
11/27/2018 02:50:43 AM Filtering u and v at plevel 0.22180852820217098
11/27/2018 02:50:51 AM Filtering u and v at plevel 0.19533625519570888
11/27/2018 02:50:58 AM Filtering u and v at plevel 0.1686353994868007
11/27/2018 02:51:06 AM Filtering u and v at plevel 0.1420960968927281
11/27/2018 02:51:13 AM Filtering u and v at plevel 0.1162719225588613
11/27/2018 02:51:21 AM Filtering u and v at plevel 0.0918477093601027
11/27/2018 02:51:28 AM Filtering u and v at plevel 0.06956901941712679
11/27/2018 02:51:36 AM Filtering u and v at plevel 0.050135221379808886
11/27/2018 02:51:43 AM Filtering u and v at plevel 0.03407262549982947
11/27/2018 02:51:50 AM Filtering u and v at plevel 0.021619597882391442
11/27/2018 02:51:58 AM Filtering u and v at plevel 0.012663559404899662
11/27/2018 02:52:05 AM Filtering u and v at plevel 0.006761046642395754
11/27/2018 02:52:13 AM Filtering u and v at plevel 0.003243806249843405
11/27/2018 02:52:20 AM Filtering u and v at plevel 0.0013766083204391473
11/27/2018 02:52:28 AM Filtering u and v at plevel 0.0005077583032093046
11/27/2018 02:52:35 AM Filtering u and v at plevel 0.00015964567384570998
11/27/2018 02:52:43 AM Filtering u and v at plevel 2.710462927265426e-05
11/27/2018 02:52:48 AM calculated EKE
11/27/2018 02:53:00 AM saved EKE data
11/27/2018 02:53:00 AM EKE calculated !! Great !!
11/27/2018 02:53:02 AM ** INTERPOLATION ** 
11/27/2018 02:53:04 AM ----0----
11/27/2018 02:53:04 AM ----1----
11/27/2018 02:53:04 AM ----2----
11/27/2018 02:53:04 AM ----3----
11/27/2018 02:53:04 AM ----4----
11/27/2018 02:53:04 AM ----5----
11/27/2018 02:53:04 AM ----6----
11/27/2018 02:53:04 AM ----7----
11/27/2018 02:53:04 AM ----8----
11/27/2018 02:53:04 AM ----9----
11/27/2018 03:50:12 AM ** INTERPOLATION ** 
11/27/2018 03:50:14 AM ----0----
11/27/2018 03:50:14 AM ----1----
11/27/2018 03:50:14 AM ----2----
11/27/2018 03:50:14 AM ----3----
11/27/2018 03:50:15 AM ----4----
11/27/2018 03:50:15 AM ----5----
11/27/2018 03:50:15 AM ----6----
11/27/2018 03:50:15 AM ----7----
11/27/2018 03:50:15 AM ----8----
11/27/2018 03:50:15 AM ----9----
11/27/2018 03:50:15 AM Calculated interpolation
11/27/2018 03:50:15 AM Saved raw data interp dictionary
11/27/2018 03:50:15 AM Looks great !!
