10/31/2018 11:33:01 PM ...........Calculate EKE.............0
10/31/2018 11:33:01 PM imported nc file
10/31/2018 11:35:13 PM imported coordinates
10/31/2018 11:38:21 PM imported pressure
10/31/2018 11:40:02 PM saved v_comp
10/31/2018 11:41:41 PM saved u_comp
10/31/2018 11:41:41 PM Filtering signal now
10/31/2018 11:41:48 PM Filtering u and v at plevel 0.9731199465677635
10/31/2018 11:41:53 PM Filtering u and v at plevel 0.9210435734946946
10/31/2018 11:41:58 PM Filtering u and v at plevel 0.8717540125826787
10/31/2018 11:42:03 PM Filtering u and v at plevel 0.8251018703001956
10/31/2018 11:42:07 PM Filtering u and v at plevel 0.7809450914447958
10/31/2018 11:42:12 PM Filtering u and v at plevel 0.7391477498279747
10/31/2018 11:42:17 PM Filtering u and v at plevel 0.6995784804292889
10/31/2018 11:42:22 PM Filtering u and v at plevel 0.6621085665908767
10/31/2018 11:42:27 PM Filtering u and v at plevel 0.6266097287784145
10/31/2018 11:42:32 PM Filtering u and v at plevel 0.592951685476526
10/31/2018 11:42:37 PM Filtering u and v at plevel 0.5609995761404118
10/31/2018 11:42:42 PM Filtering u and v at plevel 0.5306113557418541
10/31/2018 11:42:47 PM Filtering u and v at plevel 0.5016352961682442
10/31/2018 11:42:52 PM Filtering u and v at plevel 0.4739077683307861
10/31/2018 11:42:57 PM Filtering u and v at plevel 0.44725153763167325
10/31/2018 11:43:01 PM Filtering u and v at plevel 0.4214748913644697
10/31/2018 11:43:06 PM Filtering u and v at plevel 0.3963720342166585
10/31/2018 11:43:11 PM Filtering u and v at plevel 0.371725335892926
10/31/2018 11:43:16 PM Filtering u and v at plevel 0.34731017971440126
10/31/2018 11:43:21 PM Filtering u and v at plevel 0.32290330906438663
10/31/2018 11:43:26 PM Filtering u and v at plevel 0.29829563412593546
10/31/2018 11:43:31 PM Filtering u and v at plevel 0.27331033560806184
10/31/2018 11:43:36 PM Filtering u and v at plevel 0.2478266277557821
10/31/2018 11:43:41 PM Filtering u and v at plevel 0.22180852820217098
10/31/2018 11:43:46 PM Filtering u and v at plevel 0.19533625519570888
10/31/2018 11:43:51 PM Filtering u and v at plevel 0.1686353994868007
10/31/2018 11:43:55 PM Filtering u and v at plevel 0.1420960968927281
10/31/2018 11:44:00 PM Filtering u and v at plevel 0.1162719225588613
10/31/2018 11:44:05 PM Filtering u and v at plevel 0.0918477093601027
10/31/2018 11:44:10 PM Filtering u and v at plevel 0.06956901941712679
10/31/2018 11:44:15 PM Filtering u and v at plevel 0.050135221379808886
10/31/2018 11:44:20 PM Filtering u and v at plevel 0.03407262549982947
10/31/2018 11:44:25 PM Filtering u and v at plevel 0.021619597882391442
10/31/2018 11:44:30 PM Filtering u and v at plevel 0.012663559404899662
10/31/2018 11:44:35 PM Filtering u and v at plevel 0.006761046642395754
10/31/2018 11:44:40 PM Filtering u and v at plevel 0.003243806249843405
10/31/2018 11:44:45 PM Filtering u and v at plevel 0.0013766083204391473
10/31/2018 11:44:49 PM Filtering u and v at plevel 0.0005077583032093046
10/31/2018 11:44:54 PM Filtering u and v at plevel 0.00015964567384570998
10/31/2018 11:44:59 PM Filtering u and v at plevel 2.710462927265426e-05
10/31/2018 11:45:04 PM calculated EKE
10/31/2018 11:45:12 PM saved EKE data
10/31/2018 11:45:12 PM EKE calculated !! Great !!
10/31/2018 11:45:22 PM ...........Calculate EKE.............1
10/31/2018 11:45:22 PM imported nc file
10/31/2018 11:47:26 PM imported coordinates
10/31/2018 11:50:34 PM imported pressure
10/31/2018 11:52:08 PM saved v_comp
10/31/2018 11:53:56 PM saved u_comp
10/31/2018 11:53:56 PM Filtering signal now
10/31/2018 11:54:03 PM Filtering u and v at plevel 0.9731199465677635
10/31/2018 11:54:07 PM Filtering u and v at plevel 0.9210435734946946
10/31/2018 11:54:11 PM Filtering u and v at plevel 0.8717540125826787
10/31/2018 11:54:16 PM Filtering u and v at plevel 0.8251018703001956
10/31/2018 11:54:20 PM Filtering u and v at plevel 0.7809450914447958
10/31/2018 11:54:24 PM Filtering u and v at plevel 0.7391477498279747
10/31/2018 11:54:29 PM Filtering u and v at plevel 0.6995784804292889
10/31/2018 11:54:33 PM Filtering u and v at plevel 0.6621085665908767
10/31/2018 11:54:37 PM Filtering u and v at plevel 0.6266097287784145
10/31/2018 11:54:42 PM Filtering u and v at plevel 0.592951685476526
10/31/2018 11:54:47 PM Filtering u and v at plevel 0.5609995761404118
10/31/2018 11:54:51 PM Filtering u and v at plevel 0.5306113557418541
10/31/2018 11:54:55 PM Filtering u and v at plevel 0.5016352961682442
10/31/2018 11:55:00 PM Filtering u and v at plevel 0.4739077683307861
10/31/2018 11:55:04 PM Filtering u and v at plevel 0.44725153763167325
10/31/2018 11:55:08 PM Filtering u and v at plevel 0.4214748913644697
10/31/2018 11:55:13 PM Filtering u and v at plevel 0.3963720342166585
10/31/2018 11:55:17 PM Filtering u and v at plevel 0.371725335892926
10/31/2018 11:55:21 PM Filtering u and v at plevel 0.34731017971440126
10/31/2018 11:55:26 PM Filtering u and v at plevel 0.32290330906438663
10/31/2018 11:55:30 PM Filtering u and v at plevel 0.29829563412593546
10/31/2018 11:55:34 PM Filtering u and v at plevel 0.27331033560806184
10/31/2018 11:55:39 PM Filtering u and v at plevel 0.2478266277557821
10/31/2018 11:55:43 PM Filtering u and v at plevel 0.22180852820217098
10/31/2018 11:55:48 PM Filtering u and v at plevel 0.19533625519570888
10/31/2018 11:55:52 PM Filtering u and v at plevel 0.1686353994868007
10/31/2018 11:55:56 PM Filtering u and v at plevel 0.1420960968927281
10/31/2018 11:56:01 PM Filtering u and v at plevel 0.1162719225588613
10/31/2018 11:56:05 PM Filtering u and v at plevel 0.0918477093601027
10/31/2018 11:56:09 PM Filtering u and v at plevel 0.06956901941712679
10/31/2018 11:56:13 PM Filtering u and v at plevel 0.050135221379808886
10/31/2018 11:56:18 PM Filtering u and v at plevel 0.03407262549982947
10/31/2018 11:56:22 PM Filtering u and v at plevel 0.021619597882391442
10/31/2018 11:56:26 PM Filtering u and v at plevel 0.012663559404899662
10/31/2018 11:56:31 PM Filtering u and v at plevel 0.006761046642395754
10/31/2018 11:56:35 PM Filtering u and v at plevel 0.003243806249843405
10/31/2018 11:56:39 PM Filtering u and v at plevel 0.0013766083204391473
10/31/2018 11:56:44 PM Filtering u and v at plevel 0.0005077583032093046
10/31/2018 11:56:48 PM Filtering u and v at plevel 0.00015964567384570998
10/31/2018 11:56:52 PM Filtering u and v at plevel 2.710462927265426e-05
10/31/2018 11:56:57 PM calculated EKE
10/31/2018 11:57:05 PM saved EKE data
10/31/2018 11:57:05 PM EKE calculated !! Great !!
10/31/2018 11:57:16 PM destination folder created !
10/31/2018 11:57:16 PM ...........Calculate EKE.............2
10/31/2018 11:57:16 PM imported nc file
10/31/2018 11:59:47 PM imported coordinates
11/01/2018 12:02:46 AM imported pressure
11/01/2018 12:04:13 AM saved v_comp
11/01/2018 12:05:51 AM saved u_comp
11/01/2018 12:05:51 AM Filtering signal now
11/01/2018 12:05:58 AM Filtering u and v at plevel 0.9731199465677635
11/01/2018 12:06:03 AM Filtering u and v at plevel 0.9210435734946946
11/01/2018 12:06:07 AM Filtering u and v at plevel 0.8717540125826787
11/01/2018 12:06:12 AM Filtering u and v at plevel 0.8251018703001956
11/01/2018 12:06:17 AM Filtering u and v at plevel 0.7809450914447958
11/01/2018 12:06:21 AM Filtering u and v at plevel 0.7391477498279747
11/01/2018 12:06:26 AM Filtering u and v at plevel 0.6995784804292889
11/01/2018 12:06:31 AM Filtering u and v at plevel 0.6621085665908767
11/01/2018 12:06:36 AM Filtering u and v at plevel 0.6266097287784145
11/01/2018 12:06:40 AM Filtering u and v at plevel 0.592951685476526
11/01/2018 12:06:45 AM Filtering u and v at plevel 0.5609995761404118
11/01/2018 12:06:50 AM Filtering u and v at plevel 0.5306113557418541
11/01/2018 12:06:54 AM Filtering u and v at plevel 0.5016352961682442
11/01/2018 12:06:59 AM Filtering u and v at plevel 0.4739077683307861
11/01/2018 12:07:04 AM Filtering u and v at plevel 0.44725153763167325
11/01/2018 12:07:09 AM Filtering u and v at plevel 0.4214748913644697
11/01/2018 12:07:13 AM Filtering u and v at plevel 0.3963720342166585
11/01/2018 12:07:18 AM Filtering u and v at plevel 0.371725335892926
11/01/2018 12:07:23 AM Filtering u and v at plevel 0.34731017971440126
11/01/2018 12:07:27 AM Filtering u and v at plevel 0.32290330906438663
11/01/2018 12:07:32 AM Filtering u and v at plevel 0.29829563412593546
11/01/2018 12:07:37 AM Filtering u and v at plevel 0.27331033560806184
11/01/2018 12:07:42 AM Filtering u and v at plevel 0.2478266277557821
11/01/2018 12:07:46 AM Filtering u and v at plevel 0.22180852820217098
11/01/2018 12:07:51 AM Filtering u and v at plevel 0.19533625519570888
11/01/2018 12:07:56 AM Filtering u and v at plevel 0.1686353994868007
11/01/2018 12:08:00 AM Filtering u and v at plevel 0.1420960968927281
11/01/2018 12:08:05 AM Filtering u and v at plevel 0.1162719225588613
11/01/2018 12:08:10 AM Filtering u and v at plevel 0.0918477093601027
11/01/2018 12:08:15 AM Filtering u and v at plevel 0.06956901941712679
11/01/2018 12:08:19 AM Filtering u and v at plevel 0.050135221379808886
11/01/2018 12:08:24 AM Filtering u and v at plevel 0.03407262549982947
11/01/2018 12:08:29 AM Filtering u and v at plevel 0.021619597882391442
11/01/2018 12:08:33 AM Filtering u and v at plevel 0.012663559404899662
11/01/2018 12:08:38 AM Filtering u and v at plevel 0.006761046642395754
11/01/2018 12:08:43 AM Filtering u and v at plevel 0.003243806249843405
11/01/2018 12:08:48 AM Filtering u and v at plevel 0.0013766083204391473
11/01/2018 12:08:52 AM Filtering u and v at plevel 0.0005077583032093046
11/01/2018 12:08:57 AM Filtering u and v at plevel 0.00015964567384570998
11/01/2018 12:09:02 AM Filtering u and v at plevel 2.710462927265426e-05
11/01/2018 12:09:06 AM calculated EKE
11/01/2018 12:09:14 AM saved EKE data
11/01/2018 12:09:14 AM EKE calculated !! Great !!
11/01/2018 12:09:22 AM destination folder created !
11/01/2018 12:09:22 AM ...........Calculate EKE.............3
11/01/2018 12:09:22 AM imported nc file
11/01/2018 12:11:45 AM imported coordinates
11/01/2018 12:14:44 AM imported pressure
11/01/2018 12:16:09 AM saved v_comp
11/01/2018 12:17:30 AM saved u_comp
11/01/2018 12:17:30 AM Filtering signal now
11/01/2018 12:17:37 AM Filtering u and v at plevel 0.9731199465677635
11/01/2018 12:17:42 AM Filtering u and v at plevel 0.9210435734946946
11/01/2018 12:17:47 AM Filtering u and v at plevel 0.8717540125826787
11/01/2018 12:17:52 AM Filtering u and v at plevel 0.8251018703001956
11/01/2018 12:17:56 AM Filtering u and v at plevel 0.7809450914447958
11/01/2018 12:18:01 AM Filtering u and v at plevel 0.7391477498279747
11/01/2018 12:18:06 AM Filtering u and v at plevel 0.6995784804292889
11/01/2018 12:18:11 AM Filtering u and v at plevel 0.6621085665908767
11/01/2018 12:18:16 AM Filtering u and v at plevel 0.6266097287784145
11/01/2018 12:18:21 AM Filtering u and v at plevel 0.592951685476526
11/01/2018 12:18:25 AM Filtering u and v at plevel 0.5609995761404118
11/01/2018 12:18:30 AM Filtering u and v at plevel 0.5306113557418541
11/01/2018 12:18:35 AM Filtering u and v at plevel 0.5016352961682442
11/01/2018 12:18:40 AM Filtering u and v at plevel 0.4739077683307861
11/01/2018 12:18:45 AM Filtering u and v at plevel 0.44725153763167325
11/01/2018 12:18:50 AM Filtering u and v at plevel 0.4214748913644697
11/01/2018 12:18:54 AM Filtering u and v at plevel 0.3963720342166585
11/01/2018 12:18:59 AM Filtering u and v at plevel 0.371725335892926
11/01/2018 12:19:04 AM Filtering u and v at plevel 0.34731017971440126
11/01/2018 12:19:09 AM Filtering u and v at plevel 0.32290330906438663
11/01/2018 12:19:14 AM Filtering u and v at plevel 0.29829563412593546
11/01/2018 12:19:19 AM Filtering u and v at plevel 0.27331033560806184
11/01/2018 12:19:23 AM Filtering u and v at plevel 0.2478266277557821
11/01/2018 12:19:28 AM Filtering u and v at plevel 0.22180852820217098
11/01/2018 12:19:33 AM Filtering u and v at plevel 0.19533625519570888
11/01/2018 12:19:38 AM Filtering u and v at plevel 0.1686353994868007
11/01/2018 12:19:43 AM Filtering u and v at plevel 0.1420960968927281
11/01/2018 12:19:48 AM Filtering u and v at plevel 0.1162719225588613
11/01/2018 12:19:52 AM Filtering u and v at plevel 0.0918477093601027
11/01/2018 12:19:57 AM Filtering u and v at plevel 0.06956901941712679
11/01/2018 12:20:02 AM Filtering u and v at plevel 0.050135221379808886
11/01/2018 12:20:07 AM Filtering u and v at plevel 0.03407262549982947
11/01/2018 12:20:12 AM Filtering u and v at plevel 0.021619597882391442
11/01/2018 12:20:17 AM Filtering u and v at plevel 0.012663559404899662
11/01/2018 12:20:21 AM Filtering u and v at plevel 0.006761046642395754
11/01/2018 12:20:26 AM Filtering u and v at plevel 0.003243806249843405
11/01/2018 12:20:31 AM Filtering u and v at plevel 0.0013766083204391473
11/01/2018 12:20:36 AM Filtering u and v at plevel 0.0005077583032093046
11/01/2018 12:20:41 AM Filtering u and v at plevel 0.00015964567384570998
11/01/2018 12:20:46 AM Filtering u and v at plevel 2.710462927265426e-05
11/01/2018 12:20:50 AM calculated EKE
11/01/2018 12:20:58 AM saved EKE data
11/01/2018 12:20:58 AM EKE calculated !! Great !!
11/01/2018 12:21:05 AM destination folder created !
11/01/2018 12:21:05 AM ...........Calculate EKE.............4
11/01/2018 12:21:05 AM imported nc file
11/01/2018 12:22:44 AM imported coordinates
11/01/2018 12:25:16 AM imported pressure
11/01/2018 12:26:32 AM saved v_comp
11/01/2018 12:27:54 AM saved u_comp
11/01/2018 12:27:54 AM Filtering signal now
11/01/2018 12:28:01 AM Filtering u and v at plevel 0.9731199465677635
11/01/2018 12:28:06 AM Filtering u and v at plevel 0.9210435734946946
11/01/2018 12:28:11 AM Filtering u and v at plevel 0.8717540125826787
11/01/2018 12:28:16 AM Filtering u and v at plevel 0.8251018703001956
11/01/2018 12:28:20 AM Filtering u and v at plevel 0.7809450914447958
11/01/2018 12:28:25 AM Filtering u and v at plevel 0.7391477498279747
11/01/2018 12:28:30 AM Filtering u and v at plevel 0.6995784804292889
11/01/2018 12:28:35 AM Filtering u and v at plevel 0.6621085665908767
11/01/2018 12:28:40 AM Filtering u and v at plevel 0.6266097287784145
11/01/2018 12:28:44 AM Filtering u and v at plevel 0.592951685476526
11/01/2018 12:28:49 AM Filtering u and v at plevel 0.5609995761404118
11/01/2018 12:28:54 AM Filtering u and v at plevel 0.5306113557418541
11/01/2018 12:28:59 AM Filtering u and v at plevel 0.5016352961682442
11/01/2018 12:29:04 AM Filtering u and v at plevel 0.4739077683307861
11/01/2018 12:29:08 AM Filtering u and v at plevel 0.44725153763167325
11/01/2018 12:29:13 AM Filtering u and v at plevel 0.4214748913644697
11/01/2018 12:29:18 AM Filtering u and v at plevel 0.3963720342166585
11/01/2018 12:29:23 AM Filtering u and v at plevel 0.371725335892926
11/01/2018 12:29:28 AM Filtering u and v at plevel 0.34731017971440126
11/01/2018 12:29:32 AM Filtering u and v at plevel 0.32290330906438663
11/01/2018 12:29:37 AM Filtering u and v at plevel 0.29829563412593546
11/01/2018 12:29:42 AM Filtering u and v at plevel 0.27331033560806184
11/01/2018 12:29:47 AM Filtering u and v at plevel 0.2478266277557821
11/01/2018 12:29:52 AM Filtering u and v at plevel 0.22180852820217098
11/01/2018 12:29:56 AM Filtering u and v at plevel 0.19533625519570888
11/01/2018 12:30:01 AM Filtering u and v at plevel 0.1686353994868007
11/01/2018 12:30:06 AM Filtering u and v at plevel 0.1420960968927281
11/01/2018 12:30:11 AM Filtering u and v at plevel 0.1162719225588613
11/01/2018 12:30:16 AM Filtering u and v at plevel 0.0918477093601027
11/01/2018 12:30:20 AM Filtering u and v at plevel 0.06956901941712679
11/01/2018 12:30:25 AM Filtering u and v at plevel 0.050135221379808886
11/01/2018 12:30:30 AM Filtering u and v at plevel 0.03407262549982947
11/01/2018 12:30:35 AM Filtering u and v at plevel 0.021619597882391442
11/01/2018 12:30:39 AM Filtering u and v at plevel 0.012663559404899662
11/01/2018 12:30:44 AM Filtering u and v at plevel 0.006761046642395754
11/01/2018 12:30:49 AM Filtering u and v at plevel 0.003243806249843405
11/01/2018 12:30:54 AM Filtering u and v at plevel 0.0013766083204391473
11/01/2018 12:30:59 AM Filtering u and v at plevel 0.0005077583032093046
11/01/2018 12:31:03 AM Filtering u and v at plevel 0.00015964567384570998
11/01/2018 12:31:08 AM Filtering u and v at plevel 2.710462927265426e-05
11/01/2018 12:31:13 AM calculated EKE
11/01/2018 12:31:21 AM saved EKE data
11/01/2018 12:31:21 AM EKE calculated !! Great !!
11/01/2018 12:31:24 AM ** INTERPOLATION ** 
11/01/2018 12:31:27 AM destination folder created !
11/01/2018 12:31:27 AM ----0----
11/01/2018 12:31:27 AM ----1----
11/01/2018 12:31:27 AM ----2----
11/01/2018 12:31:27 AM ----3----
11/01/2018 12:31:27 AM ----4----
11/01/2018 12:45:39 AM ** INTERPOLATION ** 
11/01/2018 12:45:41 AM ----0----
11/01/2018 12:45:41 AM ----1----
11/01/2018 12:45:41 AM ----2----
11/01/2018 12:45:41 AM ----3----
11/01/2018 12:45:41 AM ----4----
11/01/2018 12:48:46 AM ** INTERPOLATION ** 
11/01/2018 12:48:47 AM ----0----
11/01/2018 12:48:47 AM ----1----
11/01/2018 12:48:47 AM ----2----
11/01/2018 12:48:47 AM ----3----
11/01/2018 12:48:47 AM ----4----
11/01/2018 12:52:04 AM ** INTERPOLATION ** 
11/01/2018 12:52:05 AM ----0----
11/01/2018 12:52:05 AM ----1----
11/01/2018 12:52:05 AM ----2----
11/01/2018 12:52:05 AM ----3----
11/01/2018 12:52:05 AM ----4----
11/01/2018 12:59:32 AM ** INTERPOLATION ** 
11/01/2018 12:59:36 AM ----0----
11/01/2018 12:59:36 AM ----1----
11/01/2018 12:59:36 AM ----2----
11/01/2018 12:59:36 AM ----3----
11/01/2018 12:59:36 AM ----4----
11/01/2018 12:59:37 AM Calculated interpolation
11/01/2018 12:59:37 AM Saved raw data interp dictionary
11/01/2018 12:59:37 AM Looks great !!
