10/31/2018 11:11:24 PM ...........Calculate EKE.............0
10/31/2018 11:11:24 PM imported nc file
10/31/2018 11:13:17 PM imported coordinates
10/31/2018 11:16:23 PM imported pressure
10/31/2018 11:17:59 PM saved v_comp
10/31/2018 11:19:29 PM saved u_comp
10/31/2018 11:19:29 PM Filtering signal now
10/31/2018 11:19:36 PM Filtering u and v at plevel 0.9731199465677635
10/31/2018 11:19:40 PM Filtering u and v at plevel 0.9210435734946946
10/31/2018 11:19:45 PM Filtering u and v at plevel 0.8717540125826787
10/31/2018 11:19:49 PM Filtering u and v at plevel 0.8251018703001956
10/31/2018 11:19:54 PM Filtering u and v at plevel 0.7809450914447958
10/31/2018 11:19:58 PM Filtering u and v at plevel 0.7391477498279747
10/31/2018 11:20:03 PM Filtering u and v at plevel 0.6995784804292889
10/31/2018 11:20:07 PM Filtering u and v at plevel 0.6621085665908767
10/31/2018 11:20:11 PM Filtering u and v at plevel 0.6266097287784145
10/31/2018 11:20:16 PM Filtering u and v at plevel 0.592951685476526
10/31/2018 11:20:20 PM Filtering u and v at plevel 0.5609995761404118
10/31/2018 11:20:25 PM Filtering u and v at plevel 0.5306113557418541
10/31/2018 11:20:29 PM Filtering u and v at plevel 0.5016352961682442
10/31/2018 11:20:34 PM Filtering u and v at plevel 0.4739077683307861
10/31/2018 11:20:38 PM Filtering u and v at plevel 0.44725153763167325
10/31/2018 11:20:42 PM Filtering u and v at plevel 0.4214748913644697
10/31/2018 11:20:47 PM Filtering u and v at plevel 0.3963720342166585
10/31/2018 11:20:51 PM Filtering u and v at plevel 0.371725335892926
10/31/2018 11:20:56 PM Filtering u and v at plevel 0.34731017971440126
10/31/2018 11:21:00 PM Filtering u and v at plevel 0.32290330906438663
10/31/2018 11:21:05 PM Filtering u and v at plevel 0.29829563412593546
10/31/2018 11:21:09 PM Filtering u and v at plevel 0.27331033560806184
10/31/2018 11:21:13 PM Filtering u and v at plevel 0.2478266277557821
10/31/2018 11:21:18 PM Filtering u and v at plevel 0.22180852820217098
10/31/2018 11:21:22 PM Filtering u and v at plevel 0.19533625519570888
10/31/2018 11:21:27 PM Filtering u and v at plevel 0.1686353994868007
10/31/2018 11:21:31 PM Filtering u and v at plevel 0.1420960968927281
10/31/2018 11:21:35 PM Filtering u and v at plevel 0.1162719225588613
10/31/2018 11:21:40 PM Filtering u and v at plevel 0.0918477093601027
10/31/2018 11:21:44 PM Filtering u and v at plevel 0.06956901941712679
10/31/2018 11:21:49 PM Filtering u and v at plevel 0.050135221379808886
10/31/2018 11:21:53 PM Filtering u and v at plevel 0.03407262549982947
10/31/2018 11:21:58 PM Filtering u and v at plevel 0.021619597882391442
10/31/2018 11:22:02 PM Filtering u and v at plevel 0.012663559404899662
10/31/2018 11:22:06 PM Filtering u and v at plevel 0.006761046642395754
10/31/2018 11:22:11 PM Filtering u and v at plevel 0.003243806249843405
10/31/2018 11:22:15 PM Filtering u and v at plevel 0.0013766083204391473
10/31/2018 11:22:20 PM Filtering u and v at plevel 0.0005077583032093046
10/31/2018 11:22:24 PM Filtering u and v at plevel 0.00015964567384570998
10/31/2018 11:22:29 PM Filtering u and v at plevel 2.710462927265426e-05
10/31/2018 11:22:33 PM calculated EKE
10/31/2018 11:22:41 PM saved EKE data
10/31/2018 11:22:41 PM EKE calculated !! Great !!
10/31/2018 11:22:49 PM destination folder created !
10/31/2018 11:22:50 PM ...........Calculate EKE.............1
10/31/2018 11:22:50 PM imported nc file
10/31/2018 11:25:00 PM imported coordinates
10/31/2018 11:28:13 PM imported pressure
10/31/2018 11:29:48 PM saved v_comp
10/31/2018 11:31:26 PM saved u_comp
10/31/2018 11:31:26 PM Filtering signal now
10/31/2018 11:31:32 PM Filtering u and v at plevel 0.9731199465677635
10/31/2018 11:31:36 PM Filtering u and v at plevel 0.9210435734946946
10/31/2018 11:31:40 PM Filtering u and v at plevel 0.8717540125826787
10/31/2018 11:31:44 PM Filtering u and v at plevel 0.8251018703001956
10/31/2018 11:31:49 PM Filtering u and v at plevel 0.7809450914447958
10/31/2018 11:31:53 PM Filtering u and v at plevel 0.7391477498279747
10/31/2018 11:31:57 PM Filtering u and v at plevel 0.6995784804292889
10/31/2018 11:32:01 PM Filtering u and v at plevel 0.6621085665908767
10/31/2018 11:32:05 PM Filtering u and v at plevel 0.6266097287784145
10/31/2018 11:32:09 PM Filtering u and v at plevel 0.592951685476526
10/31/2018 11:32:14 PM Filtering u and v at plevel 0.5609995761404118
10/31/2018 11:32:18 PM Filtering u and v at plevel 0.5306113557418541
10/31/2018 11:32:22 PM Filtering u and v at plevel 0.5016352961682442
10/31/2018 11:32:26 PM Filtering u and v at plevel 0.4739077683307861
10/31/2018 11:32:30 PM Filtering u and v at plevel 0.44725153763167325
10/31/2018 11:32:35 PM Filtering u and v at plevel 0.4214748913644697
10/31/2018 11:32:39 PM Filtering u and v at plevel 0.3963720342166585
10/31/2018 11:32:43 PM Filtering u and v at plevel 0.371725335892926
10/31/2018 11:32:47 PM Filtering u and v at plevel 0.34731017971440126
10/31/2018 11:32:51 PM Filtering u and v at plevel 0.32290330906438663
10/31/2018 11:32:56 PM Filtering u and v at plevel 0.29829563412593546
10/31/2018 11:33:00 PM Filtering u and v at plevel 0.27331033560806184
10/31/2018 11:33:04 PM Filtering u and v at plevel 0.2478266277557821
10/31/2018 11:33:08 PM Filtering u and v at plevel 0.22180852820217098
10/31/2018 11:33:12 PM Filtering u and v at plevel 0.19533625519570888
10/31/2018 11:33:16 PM Filtering u and v at plevel 0.1686353994868007
10/31/2018 11:33:21 PM Filtering u and v at plevel 0.1420960968927281
10/31/2018 11:33:25 PM Filtering u and v at plevel 0.1162719225588613
10/31/2018 11:33:29 PM Filtering u and v at plevel 0.0918477093601027
10/31/2018 11:33:33 PM Filtering u and v at plevel 0.06956901941712679
10/31/2018 11:33:37 PM Filtering u and v at plevel 0.050135221379808886
10/31/2018 11:33:42 PM Filtering u and v at plevel 0.03407262549982947
10/31/2018 11:33:46 PM Filtering u and v at plevel 0.021619597882391442
10/31/2018 11:33:50 PM Filtering u and v at plevel 0.012663559404899662
10/31/2018 11:33:54 PM Filtering u and v at plevel 0.006761046642395754
10/31/2018 11:33:58 PM Filtering u and v at plevel 0.003243806249843405
10/31/2018 11:34:02 PM Filtering u and v at plevel 0.0013766083204391473
10/31/2018 11:34:07 PM Filtering u and v at plevel 0.0005077583032093046
10/31/2018 11:34:11 PM Filtering u and v at plevel 0.00015964567384570998
10/31/2018 11:34:15 PM Filtering u and v at plevel 2.710462927265426e-05
10/31/2018 11:34:19 PM calculated EKE
10/31/2018 11:34:27 PM saved EKE data
10/31/2018 11:34:27 PM EKE calculated !! Great !!
10/31/2018 11:34:36 PM destination folder created !
10/31/2018 11:34:36 PM ...........Calculate EKE.............2
10/31/2018 11:34:36 PM imported nc file
10/31/2018 11:36:44 PM imported coordinates
10/31/2018 11:39:56 PM imported pressure
10/31/2018 11:41:32 PM saved v_comp
10/31/2018 11:43:09 PM saved u_comp
10/31/2018 11:43:09 PM Filtering signal now
10/31/2018 11:43:16 PM Filtering u and v at plevel 0.9731199465677635
10/31/2018 11:43:20 PM Filtering u and v at plevel 0.9210435734946946
10/31/2018 11:43:24 PM Filtering u and v at plevel 0.8717540125826787
10/31/2018 11:43:29 PM Filtering u and v at plevel 0.8251018703001956
10/31/2018 11:43:33 PM Filtering u and v at plevel 0.7809450914447958
10/31/2018 11:43:38 PM Filtering u and v at plevel 0.7391477498279747
10/31/2018 11:43:42 PM Filtering u and v at plevel 0.6995784804292889
10/31/2018 11:43:47 PM Filtering u and v at plevel 0.6621085665908767
10/31/2018 11:43:51 PM Filtering u and v at plevel 0.6266097287784145
10/31/2018 11:43:56 PM Filtering u and v at plevel 0.592951685476526
10/31/2018 11:44:00 PM Filtering u and v at plevel 0.5609995761404118
10/31/2018 11:44:04 PM Filtering u and v at plevel 0.5306113557418541
10/31/2018 11:44:09 PM Filtering u and v at plevel 0.5016352961682442
10/31/2018 11:44:13 PM Filtering u and v at plevel 0.4739077683307861
10/31/2018 11:44:18 PM Filtering u and v at plevel 0.44725153763167325
10/31/2018 11:44:22 PM Filtering u and v at plevel 0.4214748913644697
10/31/2018 11:44:27 PM Filtering u and v at plevel 0.3963720342166585
10/31/2018 11:44:31 PM Filtering u and v at plevel 0.371725335892926
10/31/2018 11:44:35 PM Filtering u and v at plevel 0.34731017971440126
10/31/2018 11:44:40 PM Filtering u and v at plevel 0.32290330906438663
10/31/2018 11:44:44 PM Filtering u and v at plevel 0.29829563412593546
10/31/2018 11:44:49 PM Filtering u and v at plevel 0.27331033560806184
10/31/2018 11:44:53 PM Filtering u and v at plevel 0.2478266277557821
10/31/2018 11:44:58 PM Filtering u and v at plevel 0.22180852820217098
10/31/2018 11:45:02 PM Filtering u and v at plevel 0.19533625519570888
10/31/2018 11:45:07 PM Filtering u and v at plevel 0.1686353994868007
10/31/2018 11:45:11 PM Filtering u and v at plevel 0.1420960968927281
10/31/2018 11:45:15 PM Filtering u and v at plevel 0.1162719225588613
10/31/2018 11:45:20 PM Filtering u and v at plevel 0.0918477093601027
10/31/2018 11:45:24 PM Filtering u and v at plevel 0.06956901941712679
10/31/2018 11:45:29 PM Filtering u and v at plevel 0.050135221379808886
10/31/2018 11:45:33 PM Filtering u and v at plevel 0.03407262549982947
10/31/2018 11:45:38 PM Filtering u and v at plevel 0.021619597882391442
10/31/2018 11:45:42 PM Filtering u and v at plevel 0.012663559404899662
10/31/2018 11:45:46 PM Filtering u and v at plevel 0.006761046642395754
10/31/2018 11:45:51 PM Filtering u and v at plevel 0.003243806249843405
10/31/2018 11:45:55 PM Filtering u and v at plevel 0.0013766083204391473
10/31/2018 11:46:00 PM Filtering u and v at plevel 0.0005077583032093046
10/31/2018 11:46:04 PM Filtering u and v at plevel 0.00015964567384570998
10/31/2018 11:46:09 PM Filtering u and v at plevel 2.710462927265426e-05
10/31/2018 11:46:13 PM calculated EKE
10/31/2018 11:46:21 PM saved EKE data
10/31/2018 11:46:21 PM EKE calculated !! Great !!
10/31/2018 11:46:28 PM destination folder created !
10/31/2018 11:46:29 PM ...........Calculate EKE.............3
10/31/2018 11:46:29 PM imported nc file
10/31/2018 11:48:41 PM imported coordinates
10/31/2018 11:51:43 PM imported pressure
10/31/2018 11:53:26 PM saved v_comp
10/31/2018 11:55:24 PM saved u_comp
10/31/2018 11:55:24 PM Filtering signal now
10/31/2018 11:55:30 PM Filtering u and v at plevel 0.9731199465677635
10/31/2018 11:55:35 PM Filtering u and v at plevel 0.9210435734946946
10/31/2018 11:55:40 PM Filtering u and v at plevel 0.8717540125826787
10/31/2018 11:55:44 PM Filtering u and v at plevel 0.8251018703001956
10/31/2018 11:55:49 PM Filtering u and v at plevel 0.7809450914447958
10/31/2018 11:55:54 PM Filtering u and v at plevel 0.7391477498279747
10/31/2018 11:55:59 PM Filtering u and v at plevel 0.6995784804292889
10/31/2018 11:56:03 PM Filtering u and v at plevel 0.6621085665908767
10/31/2018 11:56:08 PM Filtering u and v at plevel 0.6266097287784145
10/31/2018 11:56:13 PM Filtering u and v at plevel 0.592951685476526
10/31/2018 11:56:17 PM Filtering u and v at plevel 0.5609995761404118
10/31/2018 11:56:22 PM Filtering u and v at plevel 0.5306113557418541
10/31/2018 11:56:27 PM Filtering u and v at plevel 0.5016352961682442
10/31/2018 11:56:32 PM Filtering u and v at plevel 0.4739077683307861
10/31/2018 11:56:36 PM Filtering u and v at plevel 0.44725153763167325
10/31/2018 11:56:41 PM Filtering u and v at plevel 0.4214748913644697
10/31/2018 11:56:46 PM Filtering u and v at plevel 0.3963720342166585
10/31/2018 11:56:50 PM Filtering u and v at plevel 0.371725335892926
10/31/2018 11:56:55 PM Filtering u and v at plevel 0.34731017971440126
10/31/2018 11:57:00 PM Filtering u and v at plevel 0.32290330906438663
10/31/2018 11:57:05 PM Filtering u and v at plevel 0.29829563412593546
10/31/2018 11:57:09 PM Filtering u and v at plevel 0.27331033560806184
10/31/2018 11:57:14 PM Filtering u and v at plevel 0.2478266277557821
10/31/2018 11:57:19 PM Filtering u and v at plevel 0.22180852820217098
10/31/2018 11:57:23 PM Filtering u and v at plevel 0.19533625519570888
10/31/2018 11:57:28 PM Filtering u and v at plevel 0.1686353994868007
10/31/2018 11:57:33 PM Filtering u and v at plevel 0.1420960968927281
10/31/2018 11:57:38 PM Filtering u and v at plevel 0.1162719225588613
10/31/2018 11:57:42 PM Filtering u and v at plevel 0.0918477093601027
10/31/2018 11:57:47 PM Filtering u and v at plevel 0.06956901941712679
10/31/2018 11:57:52 PM Filtering u and v at plevel 0.050135221379808886
10/31/2018 11:57:57 PM Filtering u and v at plevel 0.03407262549982947
10/31/2018 11:58:01 PM Filtering u and v at plevel 0.021619597882391442
10/31/2018 11:58:06 PM Filtering u and v at plevel 0.012663559404899662
10/31/2018 11:58:11 PM Filtering u and v at plevel 0.006761046642395754
10/31/2018 11:58:15 PM Filtering u and v at plevel 0.003243806249843405
10/31/2018 11:58:20 PM Filtering u and v at plevel 0.0013766083204391473
10/31/2018 11:58:25 PM Filtering u and v at plevel 0.0005077583032093046
10/31/2018 11:58:30 PM Filtering u and v at plevel 0.00015964567384570998
10/31/2018 11:58:34 PM Filtering u and v at plevel 2.710462927265426e-05
10/31/2018 11:58:39 PM calculated EKE
10/31/2018 11:58:47 PM saved EKE data
10/31/2018 11:58:47 PM EKE calculated !! Great !!
10/31/2018 11:58:54 PM destination folder created !
10/31/2018 11:58:54 PM ...........Calculate EKE.............4
10/31/2018 11:58:54 PM imported nc file
11/01/2018 12:01:03 AM imported coordinates
11/01/2018 12:03:58 AM imported pressure
11/01/2018 12:05:29 AM saved v_comp
11/01/2018 12:07:13 AM saved u_comp
11/01/2018 12:07:13 AM Filtering signal now
11/01/2018 12:07:20 AM Filtering u and v at plevel 0.9731199465677635
11/01/2018 12:07:25 AM Filtering u and v at plevel 0.9210435734946946
11/01/2018 12:07:30 AM Filtering u and v at plevel 0.8717540125826787
11/01/2018 12:07:34 AM Filtering u and v at plevel 0.8251018703001956
11/01/2018 12:07:39 AM Filtering u and v at plevel 0.7809450914447958
11/01/2018 12:07:44 AM Filtering u and v at plevel 0.7391477498279747
11/01/2018 12:07:48 AM Filtering u and v at plevel 0.6995784804292889
11/01/2018 12:07:53 AM Filtering u and v at plevel 0.6621085665908767
11/01/2018 12:07:58 AM Filtering u and v at plevel 0.6266097287784145
11/01/2018 12:08:03 AM Filtering u and v at plevel 0.592951685476526
11/01/2018 12:08:07 AM Filtering u and v at plevel 0.5609995761404118
11/01/2018 12:08:12 AM Filtering u and v at plevel 0.5306113557418541
11/01/2018 12:08:17 AM Filtering u and v at plevel 0.5016352961682442
11/01/2018 12:08:21 AM Filtering u and v at plevel 0.4739077683307861
11/01/2018 12:08:26 AM Filtering u and v at plevel 0.44725153763167325
11/01/2018 12:08:31 AM Filtering u and v at plevel 0.4214748913644697
11/01/2018 12:08:35 AM Filtering u and v at plevel 0.3963720342166585
11/01/2018 12:08:40 AM Filtering u and v at plevel 0.371725335892926
11/01/2018 12:08:45 AM Filtering u and v at plevel 0.34731017971440126
11/01/2018 12:08:50 AM Filtering u and v at plevel 0.32290330906438663
11/01/2018 12:08:54 AM Filtering u and v at plevel 0.29829563412593546
11/01/2018 12:08:59 AM Filtering u and v at plevel 0.27331033560806184
11/01/2018 12:09:04 AM Filtering u and v at plevel 0.2478266277557821
11/01/2018 12:09:08 AM Filtering u and v at plevel 0.22180852820217098
11/01/2018 12:09:13 AM Filtering u and v at plevel 0.19533625519570888
11/01/2018 12:09:18 AM Filtering u and v at plevel 0.1686353994868007
11/01/2018 12:09:23 AM Filtering u and v at plevel 0.1420960968927281
11/01/2018 12:09:27 AM Filtering u and v at plevel 0.1162719225588613
11/01/2018 12:09:32 AM Filtering u and v at plevel 0.0918477093601027
11/01/2018 12:09:37 AM Filtering u and v at plevel 0.06956901941712679
11/01/2018 12:09:41 AM Filtering u and v at plevel 0.050135221379808886
11/01/2018 12:09:46 AM Filtering u and v at plevel 0.03407262549982947
11/01/2018 12:09:51 AM Filtering u and v at plevel 0.021619597882391442
11/01/2018 12:09:55 AM Filtering u and v at plevel 0.012663559404899662
11/01/2018 12:10:00 AM Filtering u and v at plevel 0.006761046642395754
11/01/2018 12:10:05 AM Filtering u and v at plevel 0.003243806249843405
11/01/2018 12:10:10 AM Filtering u and v at plevel 0.0013766083204391473
11/01/2018 12:10:14 AM Filtering u and v at plevel 0.0005077583032093046
11/01/2018 12:10:19 AM Filtering u and v at plevel 0.00015964567384570998
11/01/2018 12:10:24 AM Filtering u and v at plevel 2.710462927265426e-05
11/01/2018 12:10:28 AM calculated EKE
11/01/2018 12:10:36 AM saved EKE data
11/01/2018 12:10:36 AM EKE calculated !! Great !!
11/01/2018 12:10:40 AM ** INTERPOLATION ** 
11/01/2018 12:10:43 AM destination folder created !
11/01/2018 12:10:43 AM ----0----
11/01/2018 12:10:43 AM ----1----
11/01/2018 12:10:43 AM ----2----
11/01/2018 12:10:44 AM ----3----
11/01/2018 12:10:44 AM ----4----
11/01/2018 12:40:57 AM ** INTERPOLATION ** 
11/01/2018 12:40:59 AM ----0----
11/01/2018 12:40:59 AM ----1----
11/01/2018 12:40:59 AM ----2----
11/01/2018 12:40:59 AM ----3----
11/01/2018 12:40:59 AM ----4----
11/01/2018 12:44:57 AM ** INTERPOLATION ** 
11/01/2018 12:44:59 AM ----0----
11/01/2018 12:44:59 AM ----1----
11/01/2018 12:44:59 AM ----2----
11/01/2018 12:44:59 AM ----3----
11/01/2018 12:44:59 AM ----4----
11/01/2018 12:48:00 AM ** INTERPOLATION ** 
11/01/2018 12:48:02 AM ----0----
11/01/2018 12:48:02 AM ----1----
11/01/2018 12:48:02 AM ----2----
11/01/2018 12:48:02 AM ----3----
11/01/2018 12:48:02 AM ----4----
11/01/2018 12:51:44 AM ** INTERPOLATION ** 
11/01/2018 12:51:45 AM ----0----
11/01/2018 12:51:45 AM ----1----
11/01/2018 12:51:45 AM ----2----
11/01/2018 12:51:45 AM ----3----
11/01/2018 12:51:45 AM ----4----
11/01/2018 12:59:28 AM ** INTERPOLATION ** 
11/01/2018 12:59:30 AM ----0----
11/01/2018 12:59:30 AM ----1----
11/01/2018 12:59:30 AM ----2----
11/01/2018 12:59:30 AM ----3----
11/01/2018 12:59:30 AM ----4----
11/01/2018 12:59:31 AM Calculated interpolation
11/01/2018 12:59:31 AM Saved raw data interp dictionary
11/01/2018 12:59:31 AM Looks great !!
