11/26/2018 06:23:59 PM destination folder created !
11/26/2018 06:23:59 PM ...........Extract_ncfile_save_fluxes_radiation.py.............0
11/26/2018 06:23:59 PM imported nc file
11/26/2018 06:25:29 PM imported coordinates
11/26/2018 06:27:26 PM imported pressure
11/26/2018 06:28:15 PM saved temp
11/26/2018 06:28:23 PM saved v_comp
11/26/2018 06:28:36 PM saved u_comp
11/26/2018 06:29:39 PM saved Z
11/26/2018 06:30:42 PM saved q
11/26/2018 06:31:19 PM saved EKE
11/26/2018 06:31:22 PM calculated KE
11/26/2018 06:31:28 PM calculated MSE fluxes
11/26/2018 06:31:40 PM saved raw data
11/26/2018 06:31:42 PM vertical integartion : MSE fluxes
11/26/2018 06:31:46 PM vertical integration : sensible fluxes
11/26/2018 06:31:50 PM vertical integration : latent fluxes
11/26/2018 06:31:53 PM vertical integration : nc potential fluxes
11/26/2018 06:31:57 PM vertical integration : kinetic energy fluxes
11/26/2018 06:32:01 PM vertical integration : Enthalpy 
11/26/2018 06:37:04 PM saved radiation
11/26/2018 06:37:53 PM saved t_surf
11/26/2018 06:38:34 PM saved flux_oceanq
11/26/2018 06:39:18 PM precipitation
11/26/2018 06:39:19 PM radiation-- I think its right now !
11/26/2018 06:39:20 PM calculated dh_by_dt
11/26/2018 06:39:20 PM loaded coordinates dictionary
11/26/2018 06:39:20 PM loaded MSE_flux dictionary
11/26/2018 06:39:20 PM loaded rad_dic dictionary
11/26/2018 06:39:21 PM successfully saved dictionaries in files
11/26/2018 06:39:21 PM Begins calculating TE, SE and MM fluxes ....
11/26/2018 06:39:23 PM calculated dh_by_dt dictionary
11/26/2018 06:41:37 PM loaded zonal decomposed fluxes dictionary
11/26/2018 06:41:37 PM loaded zonal decomposed fluxes without vertical avg dictionary
11/26/2018 06:41:38 PM loaded zonal radiation dictionary
11/26/2018 06:42:13 PM loaded MMC_thermo_dynamic dictionary
11/26/2018 06:42:13 PM loaded MMC_thermo_dynamic_vert dictionary
11/26/2018 06:42:21 PM ...........Extract_ncfile_save_fluxes_radiation.py.............1
11/26/2018 06:42:21 PM imported nc file
11/26/2018 06:43:01 PM imported coordinates
11/26/2018 06:44:51 PM imported pressure
11/26/2018 06:45:46 PM saved temp
11/26/2018 06:46:05 PM saved v_comp
11/26/2018 06:46:25 PM saved u_comp
11/26/2018 06:47:20 PM saved Z
11/26/2018 06:48:02 PM saved q
11/26/2018 06:48:41 PM saved EKE
11/26/2018 06:48:44 PM calculated KE
11/26/2018 06:48:50 PM calculated MSE fluxes
11/26/2018 06:49:02 PM saved raw data
11/26/2018 06:49:04 PM vertical integartion : MSE fluxes
11/26/2018 06:49:08 PM vertical integration : sensible fluxes
11/26/2018 06:49:12 PM vertical integration : latent fluxes
11/26/2018 06:49:15 PM vertical integration : nc potential fluxes
11/26/2018 06:49:19 PM vertical integration : kinetic energy fluxes
11/26/2018 06:49:23 PM vertical integration : Enthalpy 
11/26/2018 06:53:45 PM saved radiation
11/26/2018 06:54:33 PM saved t_surf
11/26/2018 06:55:15 PM saved flux_oceanq
11/26/2018 06:55:56 PM precipitation
11/26/2018 06:55:57 PM radiation-- I think its right now !
11/26/2018 06:55:58 PM calculated dh_by_dt
11/26/2018 06:55:58 PM loaded coordinates dictionary
11/26/2018 06:55:58 PM loaded MSE_flux dictionary
11/26/2018 06:55:58 PM loaded rad_dic dictionary
11/26/2018 06:55:59 PM successfully saved dictionaries in files
11/26/2018 06:55:59 PM Begins calculating TE, SE and MM fluxes ....
11/26/2018 06:56:01 PM calculated dh_by_dt dictionary
11/26/2018 06:58:17 PM loaded zonal decomposed fluxes dictionary
11/26/2018 06:58:17 PM loaded zonal decomposed fluxes without vertical avg dictionary
11/26/2018 06:58:17 PM loaded zonal radiation dictionary
11/26/2018 06:58:54 PM loaded MMC_thermo_dynamic dictionary
11/26/2018 06:58:54 PM loaded MMC_thermo_dynamic_vert dictionary
11/26/2018 06:59:00 PM ...........Extract_ncfile_save_fluxes_radiation.py.............2
11/26/2018 06:59:00 PM imported nc file
11/26/2018 07:00:43 PM imported coordinates
11/26/2018 07:02:54 PM imported pressure
11/26/2018 07:03:54 PM saved temp
11/26/2018 07:04:54 PM saved v_comp
11/26/2018 07:06:01 PM saved u_comp
11/26/2018 07:07:07 PM saved Z
11/26/2018 07:08:08 PM saved q
11/26/2018 07:08:47 PM saved EKE
11/26/2018 07:08:51 PM calculated KE
11/26/2018 07:08:57 PM calculated MSE fluxes
11/26/2018 07:09:08 PM saved raw data
11/26/2018 07:09:11 PM vertical integartion : MSE fluxes
11/26/2018 07:09:14 PM vertical integration : sensible fluxes
11/26/2018 07:09:18 PM vertical integration : latent fluxes
11/26/2018 07:09:21 PM vertical integration : nc potential fluxes
11/26/2018 07:09:25 PM vertical integration : kinetic energy fluxes
11/26/2018 07:09:28 PM vertical integration : Enthalpy 
11/26/2018 07:11:04 PM saved radiation
11/26/2018 07:11:06 PM saved t_surf
11/26/2018 07:11:08 PM saved flux_oceanq
11/26/2018 07:11:10 PM precipitation
11/26/2018 07:11:11 PM radiation-- I think its right now !
11/26/2018 07:11:12 PM calculated dh_by_dt
11/26/2018 07:11:12 PM loaded coordinates dictionary
11/26/2018 07:11:12 PM loaded MSE_flux dictionary
11/26/2018 07:11:12 PM loaded rad_dic dictionary
11/26/2018 07:11:13 PM successfully saved dictionaries in files
11/26/2018 07:11:13 PM Begins calculating TE, SE and MM fluxes ....
11/26/2018 07:11:15 PM calculated dh_by_dt dictionary
11/26/2018 07:13:29 PM loaded zonal decomposed fluxes dictionary
11/26/2018 07:13:29 PM loaded zonal decomposed fluxes without vertical avg dictionary
11/26/2018 07:13:29 PM loaded zonal radiation dictionary
11/26/2018 07:14:06 PM loaded MMC_thermo_dynamic dictionary
11/26/2018 07:14:06 PM loaded MMC_thermo_dynamic_vert dictionary
11/26/2018 07:14:13 PM ...........Extract_ncfile_save_fluxes_radiation.py.............3
11/26/2018 07:14:13 PM imported nc file
11/26/2018 07:14:52 PM imported coordinates
11/26/2018 07:16:32 PM imported pressure
11/26/2018 07:17:27 PM saved temp
11/26/2018 07:17:45 PM saved v_comp
11/26/2018 07:18:04 PM saved u_comp
11/26/2018 07:18:56 PM saved Z
11/26/2018 07:19:33 PM saved q
11/26/2018 07:20:07 PM saved EKE
11/26/2018 07:20:11 PM calculated KE
11/26/2018 07:20:17 PM calculated MSE fluxes
11/26/2018 07:20:28 PM saved raw data
11/26/2018 07:20:30 PM vertical integartion : MSE fluxes
11/26/2018 07:20:34 PM vertical integration : sensible fluxes
11/26/2018 07:20:37 PM vertical integration : latent fluxes
11/26/2018 07:20:41 PM vertical integration : nc potential fluxes
11/26/2018 07:20:44 PM vertical integration : kinetic energy fluxes
11/26/2018 07:20:48 PM vertical integration : Enthalpy 
11/26/2018 07:21:50 PM saved radiation
11/26/2018 07:21:52 PM saved t_surf
11/26/2018 07:21:54 PM saved flux_oceanq
11/26/2018 07:21:56 PM precipitation
11/26/2018 07:21:57 PM radiation-- I think its right now !
11/26/2018 07:21:57 PM calculated dh_by_dt
11/26/2018 07:21:57 PM loaded coordinates dictionary
11/26/2018 07:21:57 PM loaded MSE_flux dictionary
11/26/2018 07:21:57 PM loaded rad_dic dictionary
11/26/2018 07:21:58 PM successfully saved dictionaries in files
11/26/2018 07:21:58 PM Begins calculating TE, SE and MM fluxes ....
11/26/2018 07:22:00 PM calculated dh_by_dt dictionary
11/26/2018 07:24:16 PM loaded zonal decomposed fluxes dictionary
11/26/2018 07:24:16 PM loaded zonal decomposed fluxes without vertical avg dictionary
11/26/2018 07:24:16 PM loaded zonal radiation dictionary
11/26/2018 07:24:53 PM loaded MMC_thermo_dynamic dictionary
11/26/2018 07:24:53 PM loaded MMC_thermo_dynamic_vert dictionary
11/26/2018 07:25:00 PM ...........Extract_ncfile_save_fluxes_radiation.py.............4
11/26/2018 07:25:00 PM imported nc file
11/26/2018 07:25:38 PM imported coordinates
11/26/2018 07:27:22 PM imported pressure
11/26/2018 07:28:15 PM saved temp
11/26/2018 07:28:34 PM saved v_comp
11/26/2018 07:28:53 PM saved u_comp
11/26/2018 07:29:49 PM saved Z
11/26/2018 07:30:28 PM saved q
11/26/2018 07:31:06 PM saved EKE
11/26/2018 07:31:10 PM calculated KE
11/26/2018 07:31:16 PM calculated MSE fluxes
11/26/2018 07:31:27 PM saved raw data
11/26/2018 07:31:30 PM vertical integartion : MSE fluxes
11/26/2018 07:31:33 PM vertical integration : sensible fluxes
11/26/2018 07:31:37 PM vertical integration : latent fluxes
11/26/2018 07:31:41 PM vertical integration : nc potential fluxes
11/26/2018 07:31:44 PM vertical integration : kinetic energy fluxes
11/26/2018 07:31:48 PM vertical integration : Enthalpy 
11/26/2018 07:32:50 PM saved radiation
11/26/2018 07:32:52 PM saved t_surf
11/26/2018 07:32:54 PM saved flux_oceanq
11/26/2018 07:32:57 PM precipitation
11/26/2018 07:32:58 PM radiation-- I think its right now !
11/26/2018 07:32:59 PM calculated dh_by_dt
11/26/2018 07:32:59 PM loaded coordinates dictionary
11/26/2018 07:32:59 PM loaded MSE_flux dictionary
11/26/2018 07:32:59 PM loaded rad_dic dictionary
11/26/2018 07:32:59 PM successfully saved dictionaries in files
11/26/2018 07:32:59 PM Begins calculating TE, SE and MM fluxes ....
11/26/2018 07:33:01 PM calculated dh_by_dt dictionary
11/26/2018 07:35:13 PM loaded zonal decomposed fluxes dictionary
11/26/2018 07:35:13 PM loaded zonal decomposed fluxes without vertical avg dictionary
11/26/2018 07:35:13 PM loaded zonal radiation dictionary
11/26/2018 07:35:48 PM loaded MMC_thermo_dynamic dictionary
11/26/2018 07:35:48 PM loaded MMC_thermo_dynamic_vert dictionary
11/26/2018 07:35:52 PM ** INTERPOLATION ** 
11/26/2018 07:35:54 PM ----0----
11/26/2018 07:35:54 PM ----1----
11/26/2018 07:35:54 PM ----2----
11/26/2018 07:35:54 PM ----3----
11/26/2018 07:35:54 PM ----4----
11/26/2018 07:35:55 PM Calculated interpolation
11/26/2018 07:35:55 PM Calculated divergence
11/26/2018 07:35:56 PM Saved raw data interp dictionary
11/26/2018 07:35:56 PM Saved flux interp dictionary
11/26/2018 07:35:56 PM Saved flux divergence interp
11/26/2018 07:35:56 PM Saved flux vert dictionary
11/26/2018 07:35:56 PM Saved flux divergence vert interp
11/26/2018 07:35:56 PM Looks great !!
11/26/2018 07:35:57 PM ** INTERPOLATION ** 
11/26/2018 07:35:59 PM ----0----
11/26/2018 07:35:59 PM ----1----
11/26/2018 07:35:59 PM ----2----
11/26/2018 07:35:59 PM ----3----
11/26/2018 07:35:59 PM ----4----
11/26/2018 07:36:00 PM Calculated interpolation
11/26/2018 07:36:00 PM Saved decompose mmc dictionary
11/26/2018 07:36:00 PM Saved decompose mmc dictionary
11/26/2018 07:36:00 PM Looks great !!
04/20/2019 03:42:11 PM ...........Extract_ncfile_save_fluxes_radiation.py.............0
04/20/2019 03:42:11 PM imported nc file
04/20/2019 03:43:39 PM imported coordinates
04/20/2019 03:45:34 PM imported pressure
04/20/2019 03:46:39 PM saved temp
04/20/2019 03:47:43 PM saved v_comp
04/20/2019 03:48:50 PM saved u_comp
04/20/2019 03:49:52 PM saved Z
04/20/2019 03:51:02 PM saved q
04/20/2019 03:51:06 PM calculated KE
04/20/2019 03:51:08 PM calculated dh_by_dt dictionary
04/20/2019 03:51:23 PM ...........Extract_ncfile_save_fluxes_radiation.py.............1
04/20/2019 03:51:23 PM imported nc file
04/20/2019 03:52:47 PM imported coordinates
04/20/2019 03:54:56 PM imported pressure
04/20/2019 03:55:56 PM saved temp
04/20/2019 03:57:10 PM saved v_comp
04/20/2019 03:58:10 PM saved u_comp
04/20/2019 03:59:10 PM saved Z
04/20/2019 04:00:10 PM saved q
04/20/2019 04:00:14 PM calculated KE
04/20/2019 04:00:15 PM calculated dh_by_dt dictionary
04/20/2019 04:00:32 PM ...........Extract_ncfile_save_fluxes_radiation.py.............2
04/20/2019 04:00:32 PM imported nc file
04/20/2019 04:02:06 PM imported coordinates
04/20/2019 04:03:59 PM imported pressure
04/20/2019 04:05:01 PM saved temp
04/20/2019 04:06:01 PM saved v_comp
04/20/2019 04:07:01 PM saved u_comp
04/20/2019 04:08:11 PM saved Z
04/20/2019 04:09:25 PM saved q
04/20/2019 04:09:29 PM calculated KE
04/20/2019 04:09:30 PM calculated dh_by_dt dictionary
04/20/2019 04:09:45 PM ...........Extract_ncfile_save_fluxes_radiation.py.............3
04/20/2019 04:09:45 PM imported nc file
04/20/2019 04:11:38 PM imported coordinates
04/20/2019 04:13:41 PM imported pressure
04/20/2019 04:14:55 PM saved temp
04/20/2019 04:16:03 PM saved v_comp
04/20/2019 04:17:15 PM saved u_comp
04/20/2019 04:18:14 PM saved Z
04/20/2019 04:19:09 PM saved q
04/20/2019 04:19:13 PM calculated KE
04/20/2019 04:19:14 PM calculated dh_by_dt dictionary
04/20/2019 04:19:28 PM ...........Extract_ncfile_save_fluxes_radiation.py.............4
04/20/2019 04:19:28 PM imported nc file
04/20/2019 04:20:50 PM imported coordinates
04/20/2019 04:23:12 PM imported pressure
04/20/2019 04:24:23 PM saved temp
04/20/2019 04:25:25 PM saved v_comp
04/20/2019 04:26:19 PM saved u_comp
04/20/2019 04:27:18 PM saved Z
04/20/2019 04:28:12 PM saved q
04/20/2019 04:28:16 PM calculated KE
04/20/2019 04:28:17 PM calculated dh_by_dt dictionary
04/20/2019 04:28:31 PM ...........Extract_ncfile_save_fluxes_radiation.py.............5
04/20/2019 04:28:31 PM imported nc file
04/20/2019 04:29:49 PM imported coordinates
04/20/2019 04:31:49 PM imported pressure
04/20/2019 04:32:52 PM saved temp
04/20/2019 04:34:02 PM saved v_comp
04/20/2019 04:35:00 PM saved u_comp
04/20/2019 04:36:07 PM saved Z
04/20/2019 04:37:06 PM saved q
04/20/2019 04:37:09 PM calculated KE
04/20/2019 04:37:11 PM calculated dh_by_dt dictionary
04/20/2019 04:37:28 PM ...........Extract_ncfile_save_fluxes_radiation.py.............6
04/20/2019 04:37:28 PM imported nc file
04/20/2019 04:39:01 PM imported coordinates
04/20/2019 04:41:19 PM imported pressure
04/20/2019 04:42:37 PM saved temp
04/20/2019 04:43:42 PM saved v_comp
04/20/2019 04:44:57 PM saved u_comp
04/20/2019 04:46:10 PM saved Z
04/20/2019 04:47:24 PM saved q
04/20/2019 04:47:27 PM calculated KE
04/20/2019 04:47:29 PM calculated dh_by_dt dictionary
04/20/2019 04:47:46 PM ...........Extract_ncfile_save_fluxes_radiation.py.............7
04/20/2019 04:47:46 PM imported nc file
04/20/2019 04:49:29 PM imported coordinates
04/20/2019 04:51:54 PM imported pressure
04/20/2019 04:53:02 PM saved temp
04/20/2019 04:54:04 PM saved v_comp
04/20/2019 04:55:06 PM saved u_comp
04/20/2019 04:56:10 PM saved Z
04/20/2019 04:57:13 PM saved q
04/20/2019 04:57:17 PM calculated KE
04/20/2019 04:57:18 PM calculated dh_by_dt dictionary
04/20/2019 04:57:35 PM ...........Extract_ncfile_save_fluxes_radiation.py.............8
04/20/2019 04:57:35 PM imported nc file
04/20/2019 04:59:04 PM imported coordinates
04/20/2019 05:01:05 PM imported pressure
04/20/2019 05:02:07 PM saved temp
04/20/2019 05:03:08 PM saved v_comp
04/20/2019 05:04:08 PM saved u_comp
04/20/2019 05:05:09 PM saved Z
04/20/2019 05:06:09 PM saved q
04/20/2019 05:06:12 PM calculated KE
04/20/2019 05:06:14 PM calculated dh_by_dt dictionary
04/20/2019 05:06:29 PM ...........Extract_ncfile_save_fluxes_radiation.py.............9
04/20/2019 05:06:29 PM imported nc file
04/20/2019 05:07:49 PM imported coordinates
04/20/2019 05:09:48 PM imported pressure
04/20/2019 05:10:46 PM saved temp
04/20/2019 05:11:43 PM saved v_comp
04/20/2019 05:12:41 PM saved u_comp
04/20/2019 05:13:40 PM saved Z
04/20/2019 05:14:37 PM saved q
04/20/2019 05:14:40 PM calculated KE
04/20/2019 05:14:42 PM calculated dh_by_dt dictionary
04/20/2019 05:14:54 PM ** INTERPOLATION ** 
