11/01/2018 09:58:58 PM destination folder created !
11/01/2018 09:58:58 PM ...........Extract_ncfile_save_fluxes_radiation.py.............0
11/01/2018 09:58:58 PM imported nc file
11/01/2018 10:00:28 PM imported coordinates
11/01/2018 10:02:36 PM imported pressure
11/01/2018 10:05:23 PM ...........Extract_ncfile_save_fluxes_radiation.py.............0
11/01/2018 10:05:23 PM imported nc file
11/01/2018 10:06:53 PM imported coordinates
11/01/2018 10:09:05 PM imported pressure
11/01/2018 10:10:01 PM saved temp
11/01/2018 10:10:56 PM saved v_comp
11/01/2018 10:12:00 PM saved u_comp
11/01/2018 10:13:04 PM saved Z
11/01/2018 10:14:05 PM saved q
11/01/2018 10:14:50 PM saved EKE
11/01/2018 10:14:53 PM calculated KE
11/01/2018 10:14:59 PM calculated MSE fluxes
11/01/2018 10:15:11 PM saved raw data
11/01/2018 10:15:17 PM vertical integartion : MSE fluxes
11/01/2018 10:15:21 PM vertical integration : sensible fluxes
11/01/2018 10:15:24 PM vertical integration : latent fluxes
11/01/2018 10:15:28 PM vertical integration : nc potential fluxes
11/01/2018 10:15:32 PM vertical integration : kinetic energy fluxes
11/01/2018 10:15:35 PM vertical integration : Enthalpy 
11/01/2018 10:20:06 PM saved radiation
11/01/2018 10:20:45 PM saved t_surf
11/01/2018 10:21:29 PM saved flux_oceanq
11/01/2018 10:22:14 PM precipitation
11/01/2018 10:22:15 PM radiation-- I think its right now !
11/01/2018 10:22:16 PM calculated dh_by_dt
11/01/2018 10:22:16 PM loaded coordinates dictionary
11/01/2018 10:22:16 PM loaded MSE_flux dictionary
11/01/2018 10:22:16 PM loaded rad_dic dictionary
11/01/2018 10:22:17 PM successfully saved dictionaries in files
11/01/2018 10:22:17 PM Begins calculating TE, SE and MM fluxes ....
11/01/2018 10:22:19 PM calculated dh_by_dt dictionary
11/01/2018 10:24:32 PM loaded zonal decomposed fluxes dictionary
11/01/2018 10:24:32 PM loaded zonal decomposed fluxes without vertical avg dictionary
11/01/2018 10:24:32 PM loaded zonal radiation dictionary
11/01/2018 10:25:07 PM loaded MMC_thermo_dynamic dictionary
11/01/2018 10:25:07 PM loaded MMC_thermo_dynamic_vert dictionary
11/01/2018 10:25:13 PM ...........Extract_ncfile_save_fluxes_radiation.py.............1
11/01/2018 10:25:13 PM imported nc file
11/01/2018 10:26:42 PM imported coordinates
11/01/2018 10:28:56 PM imported pressure
11/01/2018 10:30:06 PM saved temp
11/01/2018 10:31:21 PM saved v_comp
11/01/2018 10:32:28 PM saved u_comp
11/01/2018 10:33:35 PM saved Z
11/01/2018 10:34:39 PM saved q
11/01/2018 10:35:23 PM saved EKE
11/01/2018 10:35:26 PM calculated KE
11/01/2018 10:35:32 PM calculated MSE fluxes
11/01/2018 10:35:44 PM saved raw data
11/01/2018 10:35:46 PM vertical integartion : MSE fluxes
11/01/2018 10:35:50 PM vertical integration : sensible fluxes
11/01/2018 10:35:53 PM vertical integration : latent fluxes
11/01/2018 10:35:57 PM vertical integration : nc potential fluxes
11/01/2018 10:36:00 PM vertical integration : kinetic energy fluxes
11/01/2018 10:36:04 PM vertical integration : Enthalpy 
11/01/2018 10:40:55 PM saved radiation
11/01/2018 10:41:47 PM saved t_surf
11/01/2018 10:42:37 PM saved flux_oceanq
11/01/2018 10:43:30 PM precipitation
11/01/2018 10:43:31 PM radiation-- I think its right now !
11/01/2018 10:43:32 PM calculated dh_by_dt
11/01/2018 10:43:32 PM loaded coordinates dictionary
11/01/2018 10:43:32 PM loaded MSE_flux dictionary
11/01/2018 10:43:32 PM loaded rad_dic dictionary
11/01/2018 10:43:33 PM successfully saved dictionaries in files
11/01/2018 10:43:33 PM Begins calculating TE, SE and MM fluxes ....
11/01/2018 10:43:34 PM calculated dh_by_dt dictionary
11/01/2018 10:45:53 PM loaded zonal decomposed fluxes dictionary
11/01/2018 10:45:53 PM loaded zonal decomposed fluxes without vertical avg dictionary
11/01/2018 10:45:53 PM loaded zonal radiation dictionary
11/01/2018 10:46:30 PM loaded MMC_thermo_dynamic dictionary
11/01/2018 10:46:30 PM loaded MMC_thermo_dynamic_vert dictionary
11/01/2018 10:46:35 PM ...........Extract_ncfile_save_fluxes_radiation.py.............2
11/01/2018 10:46:35 PM imported nc file
11/01/2018 10:48:07 PM imported coordinates
11/01/2018 10:50:21 PM imported pressure
11/01/2018 10:51:29 PM saved temp
11/01/2018 10:52:34 PM saved v_comp
11/01/2018 10:53:43 PM saved u_comp
11/01/2018 10:54:55 PM saved Z
11/01/2018 10:55:57 PM saved q
11/01/2018 10:56:42 PM saved EKE
11/01/2018 10:56:46 PM calculated KE
11/01/2018 10:56:52 PM calculated MSE fluxes
11/01/2018 10:57:04 PM saved raw data
11/01/2018 10:57:06 PM vertical integartion : MSE fluxes
11/01/2018 10:57:10 PM vertical integration : sensible fluxes
11/01/2018 10:57:13 PM vertical integration : latent fluxes
11/01/2018 10:57:17 PM vertical integration : nc potential fluxes
11/01/2018 10:57:20 PM vertical integration : kinetic energy fluxes
11/01/2018 10:57:24 PM vertical integration : Enthalpy 
11/01/2018 11:01:51 PM saved radiation
11/01/2018 11:02:37 PM saved t_surf
11/01/2018 11:03:21 PM saved flux_oceanq
11/01/2018 11:04:06 PM precipitation
11/01/2018 11:04:07 PM radiation-- I think its right now !
11/01/2018 11:04:08 PM calculated dh_by_dt
11/01/2018 11:04:08 PM loaded coordinates dictionary
11/01/2018 11:04:08 PM loaded MSE_flux dictionary
11/01/2018 11:04:08 PM loaded rad_dic dictionary
11/01/2018 11:04:09 PM successfully saved dictionaries in files
11/01/2018 11:04:09 PM Begins calculating TE, SE and MM fluxes ....
11/01/2018 11:04:10 PM calculated dh_by_dt dictionary
11/01/2018 11:06:24 PM loaded zonal decomposed fluxes dictionary
11/01/2018 11:06:24 PM loaded zonal decomposed fluxes without vertical avg dictionary
11/01/2018 11:06:25 PM loaded zonal radiation dictionary
11/01/2018 11:07:00 PM loaded MMC_thermo_dynamic dictionary
11/01/2018 11:07:00 PM loaded MMC_thermo_dynamic_vert dictionary
11/01/2018 11:07:07 PM ...........Extract_ncfile_save_fluxes_radiation.py.............3
11/01/2018 11:07:07 PM imported nc file
11/01/2018 11:08:33 PM imported coordinates
11/01/2018 11:10:49 PM imported pressure
11/01/2018 11:12:00 PM saved temp
11/01/2018 11:13:07 PM saved v_comp
11/01/2018 11:14:07 PM saved u_comp
11/01/2018 11:15:13 PM saved Z
11/01/2018 11:16:19 PM saved q
11/01/2018 11:16:59 PM saved EKE
11/01/2018 11:17:02 PM calculated KE
11/01/2018 11:17:08 PM calculated MSE fluxes
11/01/2018 11:17:20 PM saved raw data
11/01/2018 11:17:22 PM vertical integartion : MSE fluxes
11/01/2018 11:17:26 PM vertical integration : sensible fluxes
11/01/2018 11:17:29 PM vertical integration : latent fluxes
11/01/2018 11:17:33 PM vertical integration : nc potential fluxes
11/01/2018 11:17:36 PM vertical integration : kinetic energy fluxes
11/01/2018 11:17:40 PM vertical integration : Enthalpy 
11/01/2018 11:22:11 PM saved radiation
11/01/2018 11:22:53 PM saved t_surf
11/01/2018 11:23:37 PM saved flux_oceanq
11/01/2018 11:24:21 PM precipitation
11/01/2018 11:24:22 PM radiation-- I think its right now !
11/01/2018 11:24:23 PM calculated dh_by_dt
11/01/2018 11:24:23 PM loaded coordinates dictionary
11/01/2018 11:24:23 PM loaded MSE_flux dictionary
11/01/2018 11:24:23 PM loaded rad_dic dictionary
11/01/2018 11:24:24 PM successfully saved dictionaries in files
11/01/2018 11:24:24 PM Begins calculating TE, SE and MM fluxes ....
11/01/2018 11:24:26 PM calculated dh_by_dt dictionary
11/01/2018 11:26:42 PM loaded zonal decomposed fluxes dictionary
11/01/2018 11:26:42 PM loaded zonal decomposed fluxes without vertical avg dictionary
11/01/2018 11:26:43 PM loaded zonal radiation dictionary
11/01/2018 11:27:20 PM loaded MMC_thermo_dynamic dictionary
11/01/2018 11:27:20 PM loaded MMC_thermo_dynamic_vert dictionary
11/01/2018 11:27:26 PM ...........Extract_ncfile_save_fluxes_radiation.py.............4
11/01/2018 11:27:26 PM imported nc file
11/01/2018 11:28:58 PM imported coordinates
11/01/2018 11:31:12 PM imported pressure
11/01/2018 11:32:14 PM saved temp
11/01/2018 11:33:16 PM saved v_comp
11/01/2018 11:34:21 PM saved u_comp
11/01/2018 11:35:30 PM saved Z
11/01/2018 11:36:37 PM saved q
11/01/2018 11:37:19 PM saved EKE
11/01/2018 11:37:23 PM calculated KE
11/01/2018 11:37:29 PM calculated MSE fluxes
11/01/2018 11:37:40 PM saved raw data
11/01/2018 11:37:43 PM vertical integartion : MSE fluxes
11/01/2018 11:37:46 PM vertical integration : sensible fluxes
11/01/2018 11:37:50 PM vertical integration : latent fluxes
11/01/2018 11:37:54 PM vertical integration : nc potential fluxes
11/01/2018 11:37:57 PM vertical integration : kinetic energy fluxes
11/01/2018 11:38:01 PM vertical integration : Enthalpy 
11/01/2018 11:42:32 PM saved radiation
11/01/2018 11:43:18 PM saved t_surf
11/01/2018 11:44:03 PM saved flux_oceanq
11/01/2018 11:44:51 PM precipitation
11/01/2018 11:44:52 PM radiation-- I think its right now !
11/01/2018 11:44:53 PM calculated dh_by_dt
11/01/2018 11:44:53 PM loaded coordinates dictionary
11/01/2018 11:44:53 PM loaded MSE_flux dictionary
11/01/2018 11:44:53 PM loaded rad_dic dictionary
11/01/2018 11:44:54 PM successfully saved dictionaries in files
11/01/2018 11:44:54 PM Begins calculating TE, SE and MM fluxes ....
11/01/2018 11:44:56 PM calculated dh_by_dt dictionary
11/01/2018 11:47:06 PM loaded zonal decomposed fluxes dictionary
11/01/2018 11:47:06 PM loaded zonal decomposed fluxes without vertical avg dictionary
11/01/2018 11:47:06 PM loaded zonal radiation dictionary
11/01/2018 11:47:41 PM loaded MMC_thermo_dynamic dictionary
11/01/2018 11:47:41 PM loaded MMC_thermo_dynamic_vert dictionary
11/01/2018 11:47:45 PM ** INTERPOLATION ** 
11/01/2018 11:47:48 PM ----0----
11/01/2018 11:47:48 PM ----1----
11/01/2018 11:47:48 PM ----2----
11/01/2018 11:47:49 PM ----3----
11/01/2018 11:47:49 PM ----4----
11/01/2018 11:47:50 PM Calculated interpolation
11/01/2018 11:47:50 PM Calculated divergence
11/01/2018 11:47:50 PM Saved raw data interp dictionary
11/01/2018 11:47:50 PM Saved flux interp dictionary
11/01/2018 11:47:50 PM Saved flux divergence interp
11/01/2018 11:47:50 PM Saved flux vert dictionary
11/01/2018 11:47:51 PM Saved flux divergence vert interp
11/01/2018 11:47:51 PM Looks great !!
11/01/2018 11:47:51 PM ** INTERPOLATION ** 
11/01/2018 11:47:53 PM ----0----
11/01/2018 11:47:53 PM ----1----
11/01/2018 11:47:53 PM ----2----
11/01/2018 11:47:53 PM ----3----
11/01/2018 11:47:53 PM ----4----
11/01/2018 11:47:54 PM Calculated interpolation
11/01/2018 11:47:54 PM Saved decompose mmc dictionary
11/01/2018 11:47:54 PM Saved decompose mmc dictionary
11/01/2018 11:47:54 PM Looks great !!
11/02/2018 01:52:22 AM ** INTERPOLATION ** 
11/02/2018 01:52:31 AM ----0----
11/02/2018 01:52:32 AM ----1----
11/02/2018 01:52:32 AM ----2----
11/02/2018 01:52:32 AM ----3----
11/02/2018 01:52:32 AM ----4----
11/02/2018 01:52:35 AM Calculated interpolation
11/02/2018 01:52:35 AM Calculated divergence
11/02/2018 01:52:36 AM Saved raw data interp dictionary
11/02/2018 01:52:36 AM Saved flux interp dictionary
11/02/2018 01:52:36 AM Saved flux divergence interp
11/02/2018 01:52:36 AM Saved flux vert dictionary
11/02/2018 01:52:36 AM Saved flux divergence vert interp
11/02/2018 01:52:36 AM Looks great !!
04/10/2019 03:30:42 PM ...........Extract_ncfile_save_fluxes_radiation.py.............0
04/10/2019 03:30:42 PM imported nc file
04/10/2019 03:33:33 PM imported coordinates
04/10/2019 03:36:42 PM imported pressure
04/10/2019 03:38:11 PM saved temp
04/10/2019 03:39:36 PM saved v_comp
04/10/2019 03:40:51 PM saved u_comp
04/10/2019 03:42:10 PM saved Z
04/10/2019 03:43:22 PM saved q
04/10/2019 03:43:25 PM calculated KE
04/10/2019 03:43:28 PM calculated dh_by_dt dictionary
04/10/2019 03:43:35 PM ...........Extract_ncfile_save_fluxes_radiation.py.............1
04/10/2019 03:43:35 PM imported nc file
04/10/2019 03:45:15 PM imported coordinates
04/10/2019 03:47:55 PM imported pressure
04/10/2019 03:49:06 PM saved temp
04/10/2019 03:50:15 PM saved v_comp
04/10/2019 03:51:26 PM saved u_comp
04/10/2019 03:52:43 PM saved Z
04/10/2019 03:53:58 PM saved q
04/10/2019 03:54:01 PM calculated KE
04/10/2019 03:54:03 PM calculated dh_by_dt dictionary
04/10/2019 03:54:08 PM ...........Extract_ncfile_save_fluxes_radiation.py.............2
04/10/2019 03:54:08 PM imported nc file
04/10/2019 03:55:47 PM imported coordinates
04/10/2019 03:58:13 PM imported pressure
04/10/2019 03:59:28 PM saved temp
04/10/2019 04:01:13 PM ...........Extract_ncfile_save_fluxes_radiation.py.............0
04/10/2019 04:01:13 PM imported nc file
04/10/2019 04:02:55 PM imported coordinates
04/10/2019 04:06:07 PM ...........Extract_ncfile_save_fluxes_radiation.py.............0
04/10/2019 04:06:07 PM imported nc file
04/10/2019 04:09:11 PM imported coordinates
04/10/2019 04:12:18 PM imported pressure
04/10/2019 04:13:47 PM saved temp
04/10/2019 04:15:16 PM saved v_comp
04/10/2019 04:16:49 PM saved u_comp
04/10/2019 04:18:27 PM saved Z
04/10/2019 04:20:05 PM saved q
04/10/2019 04:20:09 PM calculated KE
04/10/2019 04:20:13 PM calculated dh_by_dt dictionary
04/10/2019 04:22:53 PM calculated dh_by_dt and individual tendency terms for sensible, moist and potential
04/10/2019 04:22:53 PM loaded tendency dictionary
04/10/2019 04:22:54 PM successfully saved dictionaries in files
04/10/2019 04:23:08 PM ...........Extract_ncfile_save_fluxes_radiation.py.............1
04/10/2019 04:23:08 PM imported nc file
04/10/2019 04:25:29 PM imported coordinates
04/10/2019 04:28:52 PM imported pressure
04/10/2019 04:30:26 PM saved temp
04/10/2019 04:32:10 PM saved v_comp
04/10/2019 04:33:50 PM saved u_comp
04/10/2019 04:35:38 PM saved Z
04/10/2019 04:37:23 PM saved q
04/10/2019 04:37:26 PM calculated KE
04/10/2019 04:37:28 PM calculated dh_by_dt dictionary
04/10/2019 04:40:09 PM calculated dh_by_dt and individual tendency terms for sensible, moist and potential
04/10/2019 04:40:09 PM loaded tendency dictionary
04/10/2019 04:40:10 PM successfully saved dictionaries in files
04/10/2019 04:40:21 PM ...........Extract_ncfile_save_fluxes_radiation.py.............2
04/10/2019 04:40:21 PM imported nc file
04/10/2019 04:43:05 PM imported coordinates
04/10/2019 04:46:37 PM imported pressure
04/10/2019 04:48:20 PM saved temp
04/10/2019 04:50:02 PM saved v_comp
04/10/2019 04:51:45 PM saved u_comp
04/10/2019 04:53:26 PM saved Z
04/10/2019 04:55:07 PM saved q
04/10/2019 04:55:10 PM calculated KE
04/10/2019 04:55:12 PM calculated dh_by_dt dictionary
04/10/2019 04:57:47 PM calculated dh_by_dt and individual tendency terms for sensible, moist and potential
04/10/2019 04:57:47 PM loaded tendency dictionary
04/10/2019 04:57:47 PM successfully saved dictionaries in files
04/10/2019 04:57:58 PM ...........Extract_ncfile_save_fluxes_radiation.py.............3
04/10/2019 04:57:58 PM imported nc file
04/10/2019 05:00:18 PM imported coordinates
04/10/2019 05:03:53 PM imported pressure
04/10/2019 05:05:31 PM saved temp
04/10/2019 05:07:09 PM saved v_comp
04/10/2019 05:08:50 PM saved u_comp
04/10/2019 05:10:26 PM saved Z
04/10/2019 05:12:04 PM saved q
04/10/2019 05:12:07 PM calculated KE
04/10/2019 05:12:09 PM calculated dh_by_dt dictionary
04/10/2019 05:14:45 PM calculated dh_by_dt and individual tendency terms for sensible, moist and potential
04/10/2019 05:14:45 PM loaded tendency dictionary
04/10/2019 05:14:45 PM successfully saved dictionaries in files
04/10/2019 05:14:55 PM ...........Extract_ncfile_save_fluxes_radiation.py.............4
04/10/2019 05:14:55 PM imported nc file
04/10/2019 05:17:11 PM imported coordinates
04/10/2019 05:20:54 PM imported pressure
04/10/2019 05:22:31 PM saved temp
04/10/2019 05:24:05 PM saved v_comp
04/10/2019 05:25:44 PM saved u_comp
04/10/2019 05:27:20 PM saved Z
04/10/2019 05:28:48 PM saved q
04/10/2019 05:28:51 PM calculated KE
04/10/2019 05:28:53 PM calculated dh_by_dt dictionary
04/10/2019 05:31:36 PM calculated dh_by_dt and individual tendency terms for sensible, moist and potential
04/10/2019 05:31:36 PM loaded tendency dictionary
04/10/2019 05:31:36 PM successfully saved dictionaries in files
04/10/2019 05:31:42 PM ...........Extract_ncfile_save_fluxes_radiation.py.............5
04/10/2019 05:31:42 PM imported nc file
04/10/2019 05:33:55 PM imported coordinates
04/10/2019 05:37:01 PM imported pressure
04/10/2019 05:38:38 PM saved temp
04/10/2019 05:40:25 PM saved v_comp
04/10/2019 05:42:07 PM saved u_comp
04/10/2019 05:43:44 PM saved Z
04/10/2019 05:45:22 PM saved q
04/10/2019 05:45:25 PM calculated KE
04/10/2019 05:45:27 PM calculated dh_by_dt dictionary
04/10/2019 05:48:05 PM calculated dh_by_dt and individual tendency terms for sensible, moist and potential
04/10/2019 05:48:05 PM loaded tendency dictionary
04/10/2019 05:48:05 PM successfully saved dictionaries in files
04/10/2019 05:48:14 PM ...........Extract_ncfile_save_fluxes_radiation.py.............6
04/10/2019 05:48:14 PM imported nc file
04/10/2019 05:50:43 PM imported coordinates
04/10/2019 05:54:00 PM imported pressure
04/10/2019 05:55:39 PM saved temp
04/10/2019 05:57:09 PM saved v_comp
04/10/2019 05:58:44 PM saved u_comp
04/10/2019 06:00:13 PM saved Z
04/10/2019 06:01:54 PM saved q
04/10/2019 06:01:57 PM calculated KE
04/10/2019 06:01:59 PM calculated dh_by_dt dictionary
04/10/2019 06:04:36 PM calculated dh_by_dt and individual tendency terms for sensible, moist and potential
04/10/2019 06:04:36 PM loaded tendency dictionary
04/10/2019 06:04:36 PM successfully saved dictionaries in files
04/10/2019 06:04:51 PM ...........Extract_ncfile_save_fluxes_radiation.py.............7
04/10/2019 06:04:51 PM imported nc file
04/10/2019 06:07:23 PM imported coordinates
04/10/2019 06:10:53 PM imported pressure
04/10/2019 06:12:31 PM saved temp
04/10/2019 06:14:11 PM saved v_comp
04/10/2019 06:16:03 PM saved u_comp
04/10/2019 06:17:55 PM saved Z
04/10/2019 06:19:32 PM saved q
04/10/2019 06:19:36 PM calculated KE
04/10/2019 06:19:38 PM calculated dh_by_dt dictionary
04/10/2019 06:22:11 PM calculated dh_by_dt and individual tendency terms for sensible, moist and potential
04/10/2019 06:22:11 PM loaded tendency dictionary
04/10/2019 06:22:12 PM successfully saved dictionaries in files
04/10/2019 06:22:28 PM ...........Extract_ncfile_save_fluxes_radiation.py.............8
04/10/2019 06:22:28 PM imported nc file
04/10/2019 06:24:51 PM imported coordinates
04/10/2019 06:28:03 PM imported pressure
04/10/2019 06:29:38 PM saved temp
04/10/2019 06:31:06 PM saved v_comp
04/10/2019 06:32:35 PM saved u_comp
04/10/2019 06:34:07 PM saved Z
04/10/2019 06:35:41 PM saved q
04/10/2019 06:35:45 PM calculated KE
04/10/2019 06:35:47 PM calculated dh_by_dt dictionary
04/10/2019 06:39:26 PM calculated dh_by_dt and individual tendency terms for sensible, moist and potential
04/10/2019 06:39:26 PM loaded tendency dictionary
04/10/2019 06:39:26 PM successfully saved dictionaries in files
04/10/2019 06:39:34 PM ...........Extract_ncfile_save_fluxes_radiation.py.............9
04/10/2019 06:39:34 PM imported nc file
04/10/2019 06:41:41 PM imported coordinates
04/10/2019 06:44:51 PM imported pressure
04/10/2019 06:46:30 PM saved temp
04/10/2019 06:48:22 PM saved v_comp
04/10/2019 06:50:11 PM saved u_comp
04/10/2019 06:52:15 PM saved Z
04/10/2019 06:54:09 PM saved q
04/10/2019 06:54:13 PM calculated KE
04/10/2019 06:54:15 PM calculated dh_by_dt dictionary
04/10/2019 06:56:59 PM calculated dh_by_dt and individual tendency terms for sensible, moist and potential
04/10/2019 06:56:59 PM loaded tendency dictionary
04/10/2019 06:56:59 PM successfully saved dictionaries in files
04/10/2019 06:57:02 PM ** INTERPOLATION ** 
04/10/2019 06:57:05 PM ----0----
04/10/2019 06:57:05 PM ----1----
04/10/2019 06:57:05 PM ----2----
04/10/2019 06:57:05 PM ----3----
04/10/2019 06:57:05 PM ----4----
04/10/2019 06:57:05 PM ----5----
04/10/2019 06:57:06 PM ----6----
04/10/2019 06:57:06 PM ----7----
04/10/2019 06:57:06 PM ----8----
04/10/2019 06:57:06 PM ----9----
04/10/2019 07:11:11 PM ** INTERPOLATION ** 
04/10/2019 07:11:13 PM ----0----
04/10/2019 07:11:13 PM ----1----
04/10/2019 07:11:13 PM ----2----
04/10/2019 07:11:13 PM ----3----
04/10/2019 07:11:13 PM ----4----
04/10/2019 07:11:13 PM ----5----
04/10/2019 07:11:13 PM ----6----
04/10/2019 07:11:13 PM ----7----
04/10/2019 07:11:13 PM ----8----
04/10/2019 07:11:13 PM ----9----
04/10/2019 07:14:18 PM ** INTERPOLATION ** 
04/10/2019 07:14:24 PM ----0----
04/10/2019 07:14:25 PM ----1----
04/10/2019 07:14:25 PM ----2----
04/10/2019 07:14:25 PM ----3----
04/10/2019 07:14:25 PM ----4----
04/10/2019 07:14:25 PM ----5----
04/10/2019 07:14:25 PM ----6----
04/10/2019 07:14:25 PM ----7----
04/10/2019 07:14:25 PM ----8----
04/10/2019 07:14:25 PM ----9----
04/10/2019 07:19:11 PM ** INTERPOLATION ** 
04/10/2019 07:19:14 PM ----0----
04/10/2019 07:19:14 PM ----1----
04/10/2019 07:19:14 PM ----2----
04/10/2019 07:19:14 PM ----3----
04/10/2019 07:19:14 PM ----4----
04/10/2019 07:19:14 PM ----5----
04/10/2019 07:19:14 PM ----6----
04/10/2019 07:19:14 PM ----7----
04/10/2019 07:19:14 PM ----8----
04/10/2019 07:19:14 PM ----9----
04/10/2019 07:31:20 PM ** INTERPOLATION ** 
04/10/2019 07:31:29 PM ----0----
04/10/2019 07:31:29 PM ----1----
04/10/2019 07:31:29 PM ----2----
04/10/2019 07:31:29 PM ----3----
04/10/2019 07:31:29 PM ----4----
04/10/2019 07:31:29 PM ----5----
04/10/2019 07:31:29 PM ----6----
04/10/2019 07:31:29 PM ----7----
04/10/2019 07:31:29 PM ----8----
04/10/2019 07:31:29 PM ----9----
04/10/2019 07:31:33 PM Calculated interpolation
04/10/2019 07:39:16 PM ** INTERPOLATION ** 
04/10/2019 07:39:20 PM ----0----
04/10/2019 07:39:20 PM ----1----
04/10/2019 07:39:20 PM ----2----
04/10/2019 07:39:20 PM ----3----
04/10/2019 07:39:20 PM ----4----
04/10/2019 07:39:20 PM ----5----
04/10/2019 07:39:20 PM ----6----
04/10/2019 07:39:20 PM ----7----
04/10/2019 07:39:20 PM ----8----
04/10/2019 07:39:20 PM ----9----
04/10/2019 07:39:24 PM Calculated interpolation
04/10/2019 07:39:24 PM Saved tendency interp dictionary
04/10/2019 07:39:24 PM Looks great !!
