11/26/2018 03:42:50 PM destination folder created !
11/26/2018 03:42:51 PM ...........Extract_ncfile_save_fluxes_radiation.py.............0
11/26/2018 03:42:51 PM imported nc file
11/26/2018 03:44:35 PM imported coordinates
11/26/2018 03:46:53 PM imported pressure
11/26/2018 03:48:22 PM saved temp
11/26/2018 03:49:35 PM saved v_comp
11/26/2018 03:50:46 PM saved u_comp
11/26/2018 03:52:02 PM saved Z
11/26/2018 03:53:06 PM saved q
11/26/2018 03:54:04 PM saved EKE
11/26/2018 03:54:08 PM calculated KE
11/26/2018 03:54:13 PM calculated MSE fluxes
11/26/2018 03:54:25 PM saved raw data
11/26/2018 03:54:28 PM vertical integartion : MSE fluxes
11/26/2018 03:54:31 PM vertical integration : sensible fluxes
11/26/2018 03:54:35 PM vertical integration : latent fluxes
11/26/2018 03:54:38 PM vertical integration : nc potential fluxes
11/26/2018 03:54:42 PM vertical integration : kinetic energy fluxes
11/26/2018 03:54:46 PM vertical integration : Enthalpy 
11/26/2018 04:00:40 PM saved radiation
11/26/2018 04:01:50 PM saved t_surf
11/26/2018 04:02:51 PM saved flux_oceanq
11/26/2018 04:03:45 PM precipitation
11/26/2018 04:03:47 PM radiation-- I think its right now !
11/26/2018 04:03:47 PM calculated dh_by_dt
11/26/2018 04:03:47 PM loaded coordinates dictionary
11/26/2018 04:03:47 PM loaded MSE_flux dictionary
11/26/2018 04:03:47 PM loaded rad_dic dictionary
11/26/2018 04:03:49 PM successfully saved dictionaries in files
11/26/2018 04:03:49 PM Begins calculating TE, SE and MM fluxes ....
11/26/2018 04:03:51 PM calculated dh_by_dt dictionary
11/26/2018 04:06:04 PM loaded zonal decomposed fluxes dictionary
11/26/2018 04:06:04 PM loaded zonal decomposed fluxes without vertical avg dictionary
11/26/2018 04:06:04 PM loaded zonal radiation dictionary
11/26/2018 04:06:39 PM loaded MMC_thermo_dynamic dictionary
11/26/2018 04:06:39 PM loaded MMC_thermo_dynamic_vert dictionary
11/26/2018 04:06:46 PM ...........Extract_ncfile_save_fluxes_radiation.py.............1
11/26/2018 04:06:46 PM imported nc file
11/26/2018 04:08:41 PM imported coordinates
11/26/2018 04:11:30 PM imported pressure
11/26/2018 04:13:01 PM saved temp
11/26/2018 04:14:14 PM saved v_comp
11/26/2018 04:15:24 PM saved u_comp
11/26/2018 04:16:46 PM saved Z
11/26/2018 04:17:58 PM saved q
11/26/2018 04:18:49 PM saved EKE
11/26/2018 04:18:52 PM calculated KE
11/26/2018 04:18:58 PM calculated MSE fluxes
11/26/2018 04:19:10 PM saved raw data
11/26/2018 04:19:12 PM vertical integartion : MSE fluxes
11/26/2018 04:19:16 PM vertical integration : sensible fluxes
11/26/2018 04:19:20 PM vertical integration : latent fluxes
11/26/2018 04:19:23 PM vertical integration : nc potential fluxes
11/26/2018 04:19:27 PM vertical integration : kinetic energy fluxes
11/26/2018 04:19:31 PM vertical integration : Enthalpy 
11/26/2018 04:25:01 PM saved radiation
11/26/2018 04:25:49 PM saved t_surf
11/26/2018 04:26:44 PM saved flux_oceanq
11/26/2018 04:27:35 PM precipitation
11/26/2018 04:27:36 PM radiation-- I think its right now !
11/26/2018 04:27:37 PM calculated dh_by_dt
11/26/2018 04:27:37 PM loaded coordinates dictionary
11/26/2018 04:27:37 PM loaded MSE_flux dictionary
11/26/2018 04:27:37 PM loaded rad_dic dictionary
11/26/2018 04:27:38 PM successfully saved dictionaries in files
11/26/2018 04:27:38 PM Begins calculating TE, SE and MM fluxes ....
11/26/2018 04:27:40 PM calculated dh_by_dt dictionary
11/26/2018 04:29:54 PM loaded zonal decomposed fluxes dictionary
11/26/2018 04:29:54 PM loaded zonal decomposed fluxes without vertical avg dictionary
11/26/2018 04:29:54 PM loaded zonal radiation dictionary
11/26/2018 04:30:29 PM loaded MMC_thermo_dynamic dictionary
11/26/2018 04:30:29 PM loaded MMC_thermo_dynamic_vert dictionary
11/26/2018 04:30:38 PM ...........Extract_ncfile_save_fluxes_radiation.py.............2
11/26/2018 04:30:38 PM imported nc file
11/26/2018 04:32:20 PM imported coordinates
11/26/2018 04:34:32 PM imported pressure
11/26/2018 04:35:31 PM saved temp
11/26/2018 04:36:32 PM saved v_comp
11/26/2018 04:37:33 PM saved u_comp
11/26/2018 04:38:34 PM saved Z
11/26/2018 04:39:34 PM saved q
11/26/2018 04:40:13 PM saved EKE
11/26/2018 04:40:16 PM calculated KE
11/26/2018 04:40:22 PM calculated MSE fluxes
11/26/2018 04:40:34 PM saved raw data
11/26/2018 04:40:36 PM vertical integartion : MSE fluxes
11/26/2018 04:40:40 PM vertical integration : sensible fluxes
11/26/2018 04:40:43 PM vertical integration : latent fluxes
11/26/2018 04:40:47 PM vertical integration : nc potential fluxes
11/26/2018 04:40:51 PM vertical integration : kinetic energy fluxes
11/26/2018 04:40:54 PM vertical integration : Enthalpy 
11/26/2018 04:42:33 PM saved radiation
11/26/2018 04:42:35 PM saved t_surf
11/26/2018 04:42:38 PM saved flux_oceanq
11/26/2018 04:42:40 PM precipitation
11/26/2018 04:42:41 PM radiation-- I think its right now !
11/26/2018 04:42:42 PM calculated dh_by_dt
11/26/2018 04:42:42 PM loaded coordinates dictionary
11/26/2018 04:42:42 PM loaded MSE_flux dictionary
11/26/2018 04:42:42 PM loaded rad_dic dictionary
11/26/2018 04:42:43 PM successfully saved dictionaries in files
11/26/2018 04:42:43 PM Begins calculating TE, SE and MM fluxes ....
11/26/2018 04:42:44 PM calculated dh_by_dt dictionary
11/26/2018 04:45:02 PM loaded zonal decomposed fluxes dictionary
11/26/2018 04:45:02 PM loaded zonal decomposed fluxes without vertical avg dictionary
11/26/2018 04:45:02 PM loaded zonal radiation dictionary
11/26/2018 04:45:40 PM loaded MMC_thermo_dynamic dictionary
11/26/2018 04:45:40 PM loaded MMC_thermo_dynamic_vert dictionary
11/26/2018 04:45:46 PM ...........Extract_ncfile_save_fluxes_radiation.py.............3
11/26/2018 04:45:46 PM imported nc file
11/26/2018 04:46:29 PM imported coordinates
11/26/2018 04:48:23 PM imported pressure
11/26/2018 04:49:17 PM saved temp
11/26/2018 04:49:38 PM saved v_comp
11/26/2018 04:49:56 PM saved u_comp
11/26/2018 04:50:50 PM saved Z
11/26/2018 04:51:45 PM saved q
11/26/2018 04:52:18 PM saved EKE
11/26/2018 04:52:22 PM calculated KE
11/26/2018 04:52:27 PM calculated MSE fluxes
11/26/2018 04:52:39 PM saved raw data
11/26/2018 04:52:41 PM vertical integartion : MSE fluxes
11/26/2018 04:52:45 PM vertical integration : sensible fluxes
11/26/2018 04:52:49 PM vertical integration : latent fluxes
11/26/2018 04:52:52 PM vertical integration : nc potential fluxes
11/26/2018 04:52:56 PM vertical integration : kinetic energy fluxes
11/26/2018 04:52:59 PM vertical integration : Enthalpy 
11/26/2018 04:56:11 PM saved radiation
11/26/2018 04:56:13 PM saved t_surf
11/26/2018 04:56:15 PM saved flux_oceanq
11/26/2018 04:56:17 PM precipitation
11/26/2018 04:56:18 PM radiation-- I think its right now !
11/26/2018 04:56:19 PM calculated dh_by_dt
11/26/2018 04:56:19 PM loaded coordinates dictionary
11/26/2018 04:56:19 PM loaded MSE_flux dictionary
11/26/2018 04:56:19 PM loaded rad_dic dictionary
11/26/2018 04:56:20 PM successfully saved dictionaries in files
11/26/2018 04:56:20 PM Begins calculating TE, SE and MM fluxes ....
11/26/2018 04:56:21 PM calculated dh_by_dt dictionary
11/26/2018 04:58:36 PM loaded zonal decomposed fluxes dictionary
11/26/2018 04:58:36 PM loaded zonal decomposed fluxes without vertical avg dictionary
11/26/2018 04:58:37 PM loaded zonal radiation dictionary
11/26/2018 04:59:12 PM loaded MMC_thermo_dynamic dictionary
11/26/2018 04:59:13 PM loaded MMC_thermo_dynamic_vert dictionary
11/26/2018 04:59:18 PM ...........Extract_ncfile_save_fluxes_radiation.py.............4
11/26/2018 04:59:18 PM imported nc file
11/26/2018 04:59:57 PM imported coordinates
11/26/2018 05:01:54 PM imported pressure
11/26/2018 05:02:52 PM saved temp
11/26/2018 05:03:45 PM saved v_comp
11/26/2018 05:04:45 PM saved u_comp
11/26/2018 05:05:41 PM saved Z
11/26/2018 05:06:35 PM saved q
11/26/2018 05:07:07 PM saved EKE
11/26/2018 05:07:11 PM calculated KE
11/26/2018 05:07:17 PM calculated MSE fluxes
11/26/2018 05:07:28 PM saved raw data
11/26/2018 05:07:31 PM vertical integartion : MSE fluxes
11/26/2018 05:07:34 PM vertical integration : sensible fluxes
11/26/2018 05:07:38 PM vertical integration : latent fluxes
11/26/2018 05:07:41 PM vertical integration : nc potential fluxes
11/26/2018 05:07:45 PM vertical integration : kinetic energy fluxes
11/26/2018 05:07:49 PM vertical integration : Enthalpy 
11/26/2018 05:11:20 PM saved radiation
11/26/2018 05:11:56 PM saved t_surf
11/26/2018 05:12:35 PM saved flux_oceanq
11/26/2018 05:13:11 PM precipitation
11/26/2018 05:13:12 PM radiation-- I think its right now !
11/26/2018 05:13:13 PM calculated dh_by_dt
11/26/2018 05:13:13 PM loaded coordinates dictionary
11/26/2018 05:13:13 PM loaded MSE_flux dictionary
11/26/2018 05:13:13 PM loaded rad_dic dictionary
11/26/2018 05:13:14 PM successfully saved dictionaries in files
11/26/2018 05:13:14 PM Begins calculating TE, SE and MM fluxes ....
11/26/2018 05:13:15 PM calculated dh_by_dt dictionary
11/26/2018 05:15:29 PM loaded zonal decomposed fluxes dictionary
11/26/2018 05:15:29 PM loaded zonal decomposed fluxes without vertical avg dictionary
11/26/2018 05:15:29 PM loaded zonal radiation dictionary
11/26/2018 05:16:05 PM loaded MMC_thermo_dynamic dictionary
11/26/2018 05:16:05 PM loaded MMC_thermo_dynamic_vert dictionary
11/26/2018 05:16:12 PM ...........Extract_ncfile_save_fluxes_radiation.py.............5
11/26/2018 05:16:12 PM imported nc file
11/26/2018 05:17:24 PM imported coordinates
11/26/2018 05:19:08 PM imported pressure
11/26/2018 05:20:01 PM saved temp
11/26/2018 05:21:01 PM saved v_comp
11/26/2018 05:21:55 PM saved u_comp
11/26/2018 05:22:50 PM saved Z
11/26/2018 05:23:44 PM saved q
11/26/2018 05:24:16 PM saved EKE
11/26/2018 05:24:20 PM calculated KE
11/26/2018 05:24:26 PM calculated MSE fluxes
11/26/2018 05:24:37 PM saved raw data
11/26/2018 05:24:40 PM vertical integartion : MSE fluxes
11/26/2018 05:24:43 PM vertical integration : sensible fluxes
11/26/2018 05:24:47 PM vertical integration : latent fluxes
11/26/2018 05:24:51 PM vertical integration : nc potential fluxes
11/26/2018 05:24:54 PM vertical integration : kinetic energy fluxes
11/26/2018 05:24:58 PM vertical integration : Enthalpy 
11/26/2018 05:28:36 PM saved radiation
11/26/2018 05:29:10 PM saved t_surf
11/26/2018 05:29:43 PM saved flux_oceanq
11/26/2018 05:30:17 PM precipitation
11/26/2018 05:30:18 PM radiation-- I think its right now !
11/26/2018 05:30:19 PM calculated dh_by_dt
11/26/2018 05:30:19 PM loaded coordinates dictionary
11/26/2018 05:30:19 PM loaded MSE_flux dictionary
11/26/2018 05:30:19 PM loaded rad_dic dictionary
11/26/2018 05:30:20 PM successfully saved dictionaries in files
11/26/2018 05:30:20 PM Begins calculating TE, SE and MM fluxes ....
11/26/2018 05:30:21 PM calculated dh_by_dt dictionary
11/26/2018 05:32:34 PM loaded zonal decomposed fluxes dictionary
11/26/2018 05:32:34 PM loaded zonal decomposed fluxes without vertical avg dictionary
11/26/2018 05:32:34 PM loaded zonal radiation dictionary
11/26/2018 05:33:09 PM loaded MMC_thermo_dynamic dictionary
11/26/2018 05:33:09 PM loaded MMC_thermo_dynamic_vert dictionary
11/26/2018 05:33:16 PM ...........Extract_ncfile_save_fluxes_radiation.py.............6
11/26/2018 05:33:16 PM imported nc file
11/26/2018 05:34:21 PM imported coordinates
11/26/2018 05:36:03 PM imported pressure
11/26/2018 05:36:51 PM saved temp
11/26/2018 05:37:42 PM saved v_comp
11/26/2018 05:38:32 PM saved u_comp
11/26/2018 05:39:25 PM saved Z
11/26/2018 05:40:13 PM saved q
11/26/2018 05:40:45 PM saved EKE
11/26/2018 05:40:49 PM calculated KE
11/26/2018 05:40:55 PM calculated MSE fluxes
11/26/2018 05:41:06 PM saved raw data
11/26/2018 05:41:09 PM vertical integartion : MSE fluxes
11/26/2018 05:41:12 PM vertical integration : sensible fluxes
11/26/2018 05:41:16 PM vertical integration : latent fluxes
11/26/2018 05:41:19 PM vertical integration : nc potential fluxes
11/26/2018 05:41:23 PM vertical integration : kinetic energy fluxes
11/26/2018 05:41:26 PM vertical integration : Enthalpy 
11/26/2018 05:44:54 PM saved radiation
11/26/2018 05:45:29 PM saved t_surf
11/26/2018 05:46:02 PM saved flux_oceanq
11/26/2018 05:46:35 PM precipitation
11/26/2018 05:46:36 PM radiation-- I think its right now !
11/26/2018 05:46:37 PM calculated dh_by_dt
11/26/2018 05:46:37 PM loaded coordinates dictionary
11/26/2018 05:46:37 PM loaded MSE_flux dictionary
11/26/2018 05:46:37 PM loaded rad_dic dictionary
11/26/2018 05:46:38 PM successfully saved dictionaries in files
11/26/2018 05:46:38 PM Begins calculating TE, SE and MM fluxes ....
11/26/2018 05:46:39 PM calculated dh_by_dt dictionary
11/26/2018 05:48:51 PM loaded zonal decomposed fluxes dictionary
11/26/2018 05:48:51 PM loaded zonal decomposed fluxes without vertical avg dictionary
11/26/2018 05:48:51 PM loaded zonal radiation dictionary
11/26/2018 05:49:26 PM loaded MMC_thermo_dynamic dictionary
11/26/2018 05:49:26 PM loaded MMC_thermo_dynamic_vert dictionary
11/26/2018 05:49:33 PM ...........Extract_ncfile_save_fluxes_radiation.py.............7
11/26/2018 05:49:33 PM imported nc file
11/26/2018 05:50:42 PM imported coordinates
11/26/2018 05:52:33 PM imported pressure
11/26/2018 05:53:27 PM saved temp
11/26/2018 05:54:25 PM saved v_comp
11/26/2018 05:55:17 PM saved u_comp
11/26/2018 05:56:11 PM saved Z
11/26/2018 05:57:04 PM saved q
11/26/2018 05:57:38 PM saved EKE
11/26/2018 05:57:41 PM calculated KE
11/26/2018 05:57:47 PM calculated MSE fluxes
11/26/2018 05:57:59 PM saved raw data
11/26/2018 05:58:01 PM vertical integartion : MSE fluxes
11/26/2018 05:58:05 PM vertical integration : sensible fluxes
11/26/2018 05:58:09 PM vertical integration : latent fluxes
11/26/2018 05:58:12 PM vertical integration : nc potential fluxes
11/26/2018 05:58:16 PM vertical integration : kinetic energy fluxes
11/26/2018 05:58:20 PM vertical integration : Enthalpy 
11/26/2018 05:59:20 PM saved radiation
11/26/2018 05:59:22 PM saved t_surf
11/26/2018 05:59:24 PM saved flux_oceanq
11/26/2018 05:59:26 PM precipitation
11/26/2018 05:59:27 PM radiation-- I think its right now !
11/26/2018 05:59:28 PM calculated dh_by_dt
11/26/2018 05:59:28 PM loaded coordinates dictionary
11/26/2018 05:59:28 PM loaded MSE_flux dictionary
11/26/2018 05:59:28 PM loaded rad_dic dictionary
11/26/2018 05:59:29 PM successfully saved dictionaries in files
11/26/2018 05:59:29 PM Begins calculating TE, SE and MM fluxes ....
11/26/2018 05:59:30 PM calculated dh_by_dt dictionary
11/26/2018 06:01:49 PM loaded zonal decomposed fluxes dictionary
11/26/2018 06:01:49 PM loaded zonal decomposed fluxes without vertical avg dictionary
11/26/2018 06:01:49 PM loaded zonal radiation dictionary
11/26/2018 06:02:26 PM loaded MMC_thermo_dynamic dictionary
11/26/2018 06:02:26 PM loaded MMC_thermo_dynamic_vert dictionary
11/26/2018 06:02:33 PM ...........Extract_ncfile_save_fluxes_radiation.py.............8
11/26/2018 06:02:33 PM imported nc file
11/26/2018 06:03:12 PM imported coordinates
11/26/2018 06:04:50 PM imported pressure
11/26/2018 06:05:43 PM saved temp
11/26/2018 06:06:03 PM saved v_comp
11/26/2018 06:06:22 PM saved u_comp
11/26/2018 06:07:57 PM saved Z
11/26/2018 06:09:00 PM saved q
11/26/2018 06:09:41 PM saved EKE
11/26/2018 06:09:44 PM calculated KE
11/26/2018 06:09:50 PM calculated MSE fluxes
11/26/2018 06:10:01 PM saved raw data
11/26/2018 06:10:04 PM vertical integartion : MSE fluxes
11/26/2018 06:10:07 PM vertical integration : sensible fluxes
11/26/2018 06:10:11 PM vertical integration : latent fluxes
11/26/2018 06:10:14 PM vertical integration : nc potential fluxes
11/26/2018 06:10:18 PM vertical integration : kinetic energy fluxes
11/26/2018 06:10:21 PM vertical integration : Enthalpy 
11/26/2018 06:14:37 PM saved radiation
11/26/2018 06:15:26 PM saved t_surf
11/26/2018 06:16:03 PM saved flux_oceanq
11/26/2018 06:16:07 PM precipitation
11/26/2018 06:16:08 PM radiation-- I think its right now !
11/26/2018 06:16:09 PM calculated dh_by_dt
11/26/2018 06:16:09 PM loaded coordinates dictionary
11/26/2018 06:16:09 PM loaded MSE_flux dictionary
11/26/2018 06:16:09 PM loaded rad_dic dictionary
11/26/2018 06:16:10 PM successfully saved dictionaries in files
11/26/2018 06:16:10 PM Begins calculating TE, SE and MM fluxes ....
11/26/2018 06:16:11 PM calculated dh_by_dt dictionary
11/26/2018 06:18:26 PM loaded zonal decomposed fluxes dictionary
11/26/2018 06:18:26 PM loaded zonal decomposed fluxes without vertical avg dictionary
11/26/2018 06:18:26 PM loaded zonal radiation dictionary
11/26/2018 06:19:01 PM loaded MMC_thermo_dynamic dictionary
11/26/2018 06:19:01 PM loaded MMC_thermo_dynamic_vert dictionary
11/26/2018 06:19:08 PM ...........Extract_ncfile_save_fluxes_radiation.py.............9
11/26/2018 06:19:08 PM imported nc file
11/26/2018 06:19:55 PM imported coordinates
11/26/2018 06:21:55 PM imported pressure
11/26/2018 06:22:52 PM saved temp
11/26/2018 06:23:56 PM saved v_comp
11/26/2018 06:25:01 PM saved u_comp
11/26/2018 06:26:01 PM saved Z
11/26/2018 06:26:59 PM saved q
11/26/2018 06:27:37 PM saved EKE
11/26/2018 06:27:41 PM calculated KE
11/26/2018 06:27:47 PM calculated MSE fluxes
11/26/2018 06:27:58 PM saved raw data
11/26/2018 06:28:01 PM vertical integartion : MSE fluxes
11/26/2018 06:28:05 PM vertical integration : sensible fluxes
11/26/2018 06:28:08 PM vertical integration : latent fluxes
11/26/2018 06:28:12 PM vertical integration : nc potential fluxes
11/26/2018 06:28:16 PM vertical integration : kinetic energy fluxes
11/26/2018 06:28:19 PM vertical integration : Enthalpy 
11/26/2018 06:32:53 PM saved radiation
11/26/2018 06:33:49 PM saved t_surf
11/26/2018 06:34:36 PM saved flux_oceanq
11/26/2018 06:35:30 PM precipitation
11/26/2018 06:35:32 PM radiation-- I think its right now !
11/26/2018 06:35:32 PM calculated dh_by_dt
11/26/2018 06:35:32 PM loaded coordinates dictionary
11/26/2018 06:35:32 PM loaded MSE_flux dictionary
11/26/2018 06:35:32 PM loaded rad_dic dictionary
11/26/2018 06:35:33 PM successfully saved dictionaries in files
11/26/2018 06:35:33 PM Begins calculating TE, SE and MM fluxes ....
11/26/2018 06:35:35 PM calculated dh_by_dt dictionary
11/26/2018 06:37:50 PM loaded zonal decomposed fluxes dictionary
11/26/2018 06:37:50 PM loaded zonal decomposed fluxes without vertical avg dictionary
11/26/2018 06:37:50 PM loaded zonal radiation dictionary
11/26/2018 06:38:26 PM loaded MMC_thermo_dynamic dictionary
11/26/2018 06:38:26 PM loaded MMC_thermo_dynamic_vert dictionary
11/26/2018 06:38:32 PM ** INTERPOLATION ** 
11/26/2018 06:38:35 PM ----0----
11/26/2018 06:38:35 PM ----1----
11/26/2018 06:38:35 PM ----2----
11/26/2018 06:38:35 PM ----3----
11/26/2018 06:38:35 PM ----4----
11/26/2018 06:38:36 PM ----5----
11/26/2018 06:38:36 PM ----6----
11/26/2018 06:38:36 PM ----7----
11/26/2018 06:38:36 PM ----8----
11/26/2018 06:38:36 PM ----9----
11/26/2018 06:38:37 PM Calculated interpolation
11/26/2018 06:38:37 PM Calculated divergence
11/26/2018 06:38:38 PM Saved raw data interp dictionary
11/26/2018 06:38:38 PM Saved flux interp dictionary
11/26/2018 06:38:38 PM Saved flux divergence interp
11/26/2018 06:38:38 PM Saved flux vert dictionary
11/26/2018 06:38:38 PM Saved flux divergence vert interp
11/26/2018 06:38:38 PM Looks great !!
11/26/2018 06:38:40 PM ** INTERPOLATION ** 
11/26/2018 06:38:41 PM ----0----
11/26/2018 06:38:41 PM ----1----
11/26/2018 06:38:41 PM ----2----
11/26/2018 06:38:41 PM ----3----
11/26/2018 06:38:41 PM ----4----
11/26/2018 06:38:41 PM ----5----
11/26/2018 06:38:42 PM ----6----
11/26/2018 06:38:42 PM ----7----
11/26/2018 06:38:42 PM ----8----
11/26/2018 06:38:42 PM ----9----
11/26/2018 06:38:42 PM Calculated interpolation
11/26/2018 06:38:42 PM Saved decompose mmc dictionary
11/26/2018 06:38:43 PM Saved decompose mmc dictionary
11/26/2018 06:38:43 PM Looks great !!
12/05/2018 02:04:41 AM ...........Extract_ncfile_save_fluxes_radiation.py.............6
12/05/2018 02:04:41 AM imported nc file
12/05/2018 02:05:17 AM imported coordinates
12/05/2018 02:06:56 AM ...........Extract_ncfile_save_fluxes_radiation.py.............6
12/05/2018 02:06:56 AM imported nc file
12/05/2018 02:07:16 AM imported coordinates
12/05/2018 02:08:44 AM imported pressure
12/05/2018 02:09:37 AM saved temp
12/05/2018 02:10:00 AM saved v_comp
12/05/2018 02:10:18 AM saved u_comp
12/05/2018 02:11:11 AM saved Z
12/05/2018 02:11:48 AM saved q
12/05/2018 02:12:23 AM saved EKE
12/05/2018 02:12:27 AM calculated KE
12/05/2018 02:12:34 AM calculated MSE fluxes
12/05/2018 02:12:47 AM saved raw data
12/05/2018 02:12:50 AM vertical integartion : MSE fluxes
12/05/2018 02:12:54 AM vertical integration : sensible fluxes
12/05/2018 02:12:58 AM vertical integration : latent fluxes
12/05/2018 02:13:02 AM vertical integration : nc potential fluxes
12/05/2018 02:13:06 AM vertical integration : kinetic energy fluxes
12/05/2018 02:13:10 AM vertical integration : Enthalpy 
12/05/2018 02:13:58 AM saved radiation
12/05/2018 02:13:58 AM saved t_surf
12/05/2018 02:13:59 AM saved flux_oceanq
12/05/2018 02:13:59 AM precipitation
12/05/2018 02:14:01 AM radiation-- I think its right now !
12/05/2018 02:14:01 AM calculated dh_by_dt
12/05/2018 02:14:01 AM loaded coordinates dictionary
12/05/2018 02:14:01 AM loaded MSE_flux dictionary
12/05/2018 02:14:01 AM loaded rad_dic dictionary
12/05/2018 02:14:02 AM successfully saved dictionaries in files
12/05/2018 02:14:02 AM Begins calculating TE, SE and MM fluxes ....
12/05/2018 02:14:06 AM calculated dh_by_dt dictionary
12/05/2018 02:16:33 AM loaded zonal decomposed fluxes dictionary
12/05/2018 02:16:33 AM loaded zonal decomposed fluxes without vertical avg dictionary
12/05/2018 02:16:34 AM loaded zonal radiation dictionary
12/05/2018 02:17:15 AM loaded MMC_thermo_dynamic dictionary
12/05/2018 02:17:15 AM loaded MMC_thermo_dynamic_vert dictionary
12/05/2018 02:18:51 AM ** INTERPOLATION ** 
12/05/2018 02:18:53 AM ----0----
12/05/2018 02:18:54 AM ----1----
12/05/2018 02:18:54 AM ----2----
12/05/2018 02:18:54 AM ----3----
12/05/2018 02:18:54 AM ----4----
12/05/2018 02:18:55 AM ----5----
12/05/2018 02:18:55 AM ----6----
12/05/2018 02:18:55 AM ----7----
12/05/2018 02:18:56 AM ----8----
12/05/2018 02:18:56 AM ----9----
12/05/2018 02:18:58 AM Calculated interpolation
12/05/2018 02:18:58 AM Calculated divergence
12/05/2018 02:18:58 AM Saved raw data interp dictionary
12/05/2018 02:18:59 AM Saved flux interp dictionary
12/05/2018 02:18:59 AM Saved flux divergence interp
12/05/2018 02:18:59 AM Saved flux vert dictionary
12/05/2018 02:18:59 AM Saved flux divergence vert interp
12/05/2018 02:18:59 AM Looks great !!
12/05/2018 02:19:00 AM ** INTERPOLATION ** 
12/05/2018 02:19:02 AM ----0----
12/05/2018 02:19:02 AM ----1----
12/05/2018 02:19:02 AM ----2----
12/05/2018 02:19:02 AM ----3----
12/05/2018 02:19:02 AM ----4----
12/05/2018 02:19:02 AM ----5----
12/05/2018 02:19:02 AM ----6----
12/05/2018 02:19:02 AM ----7----
12/05/2018 02:19:02 AM ----8----
12/05/2018 02:19:02 AM ----9----
12/05/2018 02:19:03 AM Calculated interpolation
12/05/2018 02:19:03 AM Saved decompose mmc dictionary
12/05/2018 02:19:04 AM Saved decompose mmc dictionary
12/05/2018 02:19:04 AM Looks great !!
12/05/2018 02:19:08 AM ** INTERPOLATION ** 
12/05/2018 02:19:09 AM ----0----
12/05/2018 02:19:09 AM ----1----
12/05/2018 02:19:09 AM ----2----
12/05/2018 02:19:09 AM ----3----
12/05/2018 02:19:09 AM ----4----
12/05/2018 02:19:09 AM ----5----
12/05/2018 02:19:09 AM ----6----
12/05/2018 02:19:09 AM ----7----
12/05/2018 02:19:09 AM ----8----
12/05/2018 02:19:09 AM ----9----
12/05/2018 02:19:10 AM Calculated interpolation
12/05/2018 02:19:10 AM Saved decompose mmc dictionary
12/05/2018 02:19:10 AM Saved decompose mmc dictionary
12/05/2018 02:19:10 AM Looks great !!
04/20/2019 03:42:11 PM ...........Extract_ncfile_save_fluxes_radiation.py.............0
04/20/2019 03:42:11 PM imported nc file
04/20/2019 03:43:40 PM imported coordinates
04/20/2019 03:45:34 PM imported pressure
04/20/2019 03:46:40 PM saved temp
04/20/2019 03:47:43 PM saved v_comp
04/20/2019 03:48:56 PM saved u_comp
04/20/2019 03:49:59 PM saved Z
04/20/2019 03:51:09 PM saved q
04/20/2019 03:51:13 PM calculated KE
04/20/2019 03:51:14 PM calculated dh_by_dt dictionary
04/20/2019 03:51:29 PM ...........Extract_ncfile_save_fluxes_radiation.py.............1
04/20/2019 03:51:29 PM imported nc file
04/20/2019 03:52:52 PM imported coordinates
04/20/2019 03:55:00 PM imported pressure
04/20/2019 03:56:01 PM saved temp
04/20/2019 03:57:13 PM saved v_comp
04/20/2019 03:58:14 PM saved u_comp
04/20/2019 03:59:13 PM saved Z
04/20/2019 04:00:15 PM saved q
04/20/2019 04:00:19 PM calculated KE
04/20/2019 04:00:20 PM calculated dh_by_dt dictionary
04/20/2019 04:00:34 PM ...........Extract_ncfile_save_fluxes_radiation.py.............2
04/20/2019 04:00:34 PM imported nc file
04/20/2019 04:02:09 PM imported coordinates
04/20/2019 04:04:02 PM imported pressure
04/20/2019 04:05:07 PM saved temp
04/20/2019 04:06:06 PM saved v_comp
04/20/2019 04:07:07 PM saved u_comp
04/20/2019 04:08:18 PM saved Z
04/20/2019 04:09:32 PM saved q
04/20/2019 04:09:36 PM calculated KE
04/20/2019 04:09:37 PM calculated dh_by_dt dictionary
04/20/2019 04:09:51 PM ...........Extract_ncfile_save_fluxes_radiation.py.............3
04/20/2019 04:09:51 PM imported nc file
04/20/2019 04:11:42 PM imported coordinates
04/20/2019 04:13:43 PM imported pressure
04/20/2019 04:14:57 PM saved temp
04/20/2019 04:16:05 PM saved v_comp
04/20/2019 04:17:16 PM saved u_comp
04/20/2019 04:18:18 PM saved Z
04/20/2019 04:19:14 PM saved q
04/20/2019 04:19:18 PM calculated KE
04/20/2019 04:19:19 PM calculated dh_by_dt dictionary
04/20/2019 04:19:35 PM ...........Extract_ncfile_save_fluxes_radiation.py.............4
04/20/2019 04:19:35 PM imported nc file
04/20/2019 04:20:58 PM imported coordinates
04/20/2019 04:23:20 PM imported pressure
04/20/2019 04:24:31 PM saved temp
04/20/2019 04:25:33 PM saved v_comp
04/20/2019 04:26:28 PM saved u_comp
04/20/2019 04:27:29 PM saved Z
04/20/2019 04:28:23 PM saved q
04/20/2019 04:28:27 PM calculated KE
04/20/2019 04:28:29 PM calculated dh_by_dt dictionary
04/20/2019 04:28:42 PM ...........Extract_ncfile_save_fluxes_radiation.py.............5
04/20/2019 04:28:42 PM imported nc file
04/20/2019 04:30:01 PM imported coordinates
04/20/2019 04:32:02 PM imported pressure
04/20/2019 04:33:09 PM saved temp
04/20/2019 04:34:15 PM saved v_comp
04/20/2019 04:35:16 PM saved u_comp
04/20/2019 04:36:20 PM saved Z
04/20/2019 04:37:19 PM saved q
04/20/2019 04:37:22 PM calculated KE
04/20/2019 04:37:23 PM calculated dh_by_dt dictionary
04/20/2019 04:37:37 PM ...........Extract_ncfile_save_fluxes_radiation.py.............6
04/20/2019 04:37:37 PM imported nc file
04/20/2019 04:39:08 PM imported coordinates
04/20/2019 04:41:27 PM imported pressure
04/20/2019 04:42:44 PM saved temp
04/20/2019 04:43:47 PM saved v_comp
04/20/2019 04:45:05 PM saved u_comp
04/20/2019 04:46:21 PM saved Z
04/20/2019 04:47:39 PM saved q
04/20/2019 04:47:42 PM calculated KE
04/20/2019 04:47:44 PM calculated dh_by_dt dictionary
04/20/2019 04:47:58 PM ...........Extract_ncfile_save_fluxes_radiation.py.............7
04/20/2019 04:47:58 PM imported nc file
04/20/2019 04:49:38 PM imported coordinates
04/20/2019 04:52:01 PM imported pressure
04/20/2019 04:53:08 PM saved temp
04/20/2019 04:54:11 PM saved v_comp
04/20/2019 04:55:14 PM saved u_comp
04/20/2019 04:56:18 PM saved Z
04/20/2019 04:57:21 PM saved q
04/20/2019 04:57:24 PM calculated KE
04/20/2019 04:57:25 PM calculated dh_by_dt dictionary
04/20/2019 04:57:38 PM ...........Extract_ncfile_save_fluxes_radiation.py.............8
04/20/2019 04:57:38 PM imported nc file
04/20/2019 04:59:08 PM imported coordinates
04/20/2019 05:01:10 PM imported pressure
04/20/2019 05:02:12 PM saved temp
04/20/2019 05:03:13 PM saved v_comp
04/20/2019 05:04:13 PM saved u_comp
04/20/2019 05:05:14 PM saved Z
04/20/2019 05:06:14 PM saved q
04/20/2019 05:06:17 PM calculated KE
04/20/2019 05:06:19 PM calculated dh_by_dt dictionary
04/20/2019 05:06:32 PM ...........Extract_ncfile_save_fluxes_radiation.py.............9
04/20/2019 05:06:32 PM imported nc file
04/20/2019 05:07:51 PM imported coordinates
04/20/2019 05:09:48 PM imported pressure
04/20/2019 05:10:46 PM saved temp
04/20/2019 05:11:43 PM saved v_comp
04/20/2019 05:12:40 PM saved u_comp
04/20/2019 05:13:39 PM saved Z
04/20/2019 05:14:40 PM saved q
04/20/2019 05:14:44 PM calculated KE
04/20/2019 05:14:45 PM calculated dh_by_dt dictionary
04/20/2019 05:14:57 PM ** INTERPOLATION ** 
