01/04/2019 01:58:26 AM ** INTERPOLATION ** 
01/04/2019 01:58:28 AM ** INTERPOLATION ** 
01/04/2019 03:39:18 AM ...........Extract_ncfile_save_fluxes_radiation.py.............0
01/04/2019 03:39:18 AM imported nc file
01/04/2019 03:39:46 AM imported coordinates
01/04/2019 03:40:30 AM imported pressure
01/04/2019 03:41:06 AM saved temp
01/04/2019 03:41:13 AM saved v_comp
01/04/2019 03:41:21 AM saved u_comp
01/04/2019 03:42:01 AM saved Z
01/04/2019 03:42:26 AM saved q
01/04/2019 03:42:49 AM saved EKE
01/04/2019 03:42:53 AM calculated KE
01/04/2019 03:42:59 AM calculated MSE fluxes
01/04/2019 03:43:10 AM saved raw data
01/04/2019 03:43:13 AM vertical integartion : MSE fluxes
01/04/2019 03:43:16 AM vertical integration : sensible fluxes
01/04/2019 03:43:20 AM vertical integration : latent fluxes
01/04/2019 03:43:23 AM vertical integration : nc potential fluxes
01/04/2019 03:43:27 AM vertical integration : kinetic energy fluxes
01/04/2019 03:43:30 AM vertical integration : Enthalpy 
01/04/2019 03:44:13 AM saved radiation
01/04/2019 03:44:15 AM saved t_surf
01/04/2019 03:44:17 AM saved flux_oceanq
01/04/2019 03:44:17 AM precipitation
01/04/2019 03:44:18 AM radiation-- I think its right now !
01/04/2019 03:44:19 AM calculated dh_by_dt
01/04/2019 03:44:19 AM loaded coordinates dictionary
01/04/2019 03:44:19 AM loaded MSE_flux dictionary
01/04/2019 03:44:19 AM loaded rad_dic dictionary
01/04/2019 03:44:19 AM successfully saved dictionaries in files
01/04/2019 03:44:19 AM Begins calculating TE, SE and MM fluxes ....
01/04/2019 03:44:21 AM calculated dh_by_dt dictionary
01/04/2019 03:46:30 AM loaded zonal decomposed fluxes dictionary
01/04/2019 03:46:30 AM loaded zonal decomposed fluxes without vertical avg dictionary
01/04/2019 03:46:30 AM loaded zonal radiation dictionary
01/04/2019 03:47:05 AM loaded MMC_thermo_dynamic dictionary
01/04/2019 03:47:05 AM loaded MMC_thermo_dynamic_vert dictionary
01/04/2019 03:47:12 AM ...........Extract_ncfile_save_fluxes_radiation.py.............1
01/04/2019 03:47:12 AM imported nc file
01/04/2019 03:47:36 AM imported coordinates
01/04/2019 03:48:23 AM imported pressure
01/04/2019 03:48:59 AM saved temp
01/04/2019 03:49:06 AM saved v_comp
01/04/2019 03:49:14 AM saved u_comp
01/04/2019 03:49:48 AM saved Z
01/04/2019 03:50:10 AM saved q
01/04/2019 03:50:33 AM saved EKE
01/04/2019 03:50:36 AM calculated KE
01/04/2019 03:50:42 AM calculated MSE fluxes
01/04/2019 03:50:54 AM saved raw data
01/04/2019 03:50:56 AM vertical integartion : MSE fluxes
01/04/2019 03:51:00 AM vertical integration : sensible fluxes
01/04/2019 03:51:04 AM vertical integration : latent fluxes
01/04/2019 03:51:07 AM vertical integration : nc potential fluxes
01/04/2019 03:51:11 AM vertical integration : kinetic energy fluxes
01/04/2019 03:51:15 AM vertical integration : Enthalpy 
01/04/2019 03:51:57 AM saved radiation
01/04/2019 03:51:58 AM saved t_surf
01/04/2019 03:52:00 AM saved flux_oceanq
01/04/2019 03:52:00 AM precipitation
01/04/2019 03:52:01 AM radiation-- I think its right now !
01/04/2019 03:52:02 AM calculated dh_by_dt
01/04/2019 03:52:02 AM loaded coordinates dictionary
01/04/2019 03:52:02 AM loaded MSE_flux dictionary
01/04/2019 03:52:02 AM loaded rad_dic dictionary
01/04/2019 03:52:03 AM successfully saved dictionaries in files
01/04/2019 03:52:03 AM Begins calculating TE, SE and MM fluxes ....
01/04/2019 03:52:04 AM calculated dh_by_dt dictionary
01/04/2019 03:54:18 AM loaded zonal decomposed fluxes dictionary
01/04/2019 03:54:18 AM loaded zonal decomposed fluxes without vertical avg dictionary
01/04/2019 03:54:18 AM loaded zonal radiation dictionary
01/04/2019 03:54:56 AM loaded MMC_thermo_dynamic dictionary
01/04/2019 03:54:56 AM loaded MMC_thermo_dynamic_vert dictionary
01/04/2019 03:55:00 AM ...........Extract_ncfile_save_fluxes_radiation.py.............2
01/04/2019 03:55:00 AM imported nc file
01/04/2019 03:55:04 AM imported coordinates
01/04/2019 03:56:08 AM imported pressure
01/04/2019 03:56:43 AM saved temp
01/04/2019 03:56:51 AM saved v_comp
01/04/2019 03:56:58 AM saved u_comp
01/04/2019 03:57:33 AM saved Z
01/04/2019 03:57:59 AM saved q
01/04/2019 03:58:22 AM saved EKE
01/04/2019 03:58:26 AM calculated KE
01/04/2019 03:58:32 AM calculated MSE fluxes
01/04/2019 03:58:43 AM saved raw data
01/04/2019 03:58:45 AM vertical integartion : MSE fluxes
01/04/2019 03:58:49 AM vertical integration : sensible fluxes
01/04/2019 03:58:52 AM vertical integration : latent fluxes
01/04/2019 03:58:56 AM vertical integration : nc potential fluxes
01/04/2019 03:58:59 AM vertical integration : kinetic energy fluxes
01/04/2019 03:59:03 AM vertical integration : Enthalpy 
01/04/2019 03:59:47 AM saved radiation
01/04/2019 03:59:48 AM saved t_surf
01/04/2019 03:59:50 AM saved flux_oceanq
01/04/2019 03:59:50 AM precipitation
01/04/2019 03:59:51 AM radiation-- I think its right now !
01/04/2019 03:59:52 AM calculated dh_by_dt
01/04/2019 03:59:52 AM loaded coordinates dictionary
01/04/2019 03:59:52 AM loaded MSE_flux dictionary
01/04/2019 03:59:52 AM loaded rad_dic dictionary
01/04/2019 03:59:53 AM successfully saved dictionaries in files
01/04/2019 03:59:53 AM Begins calculating TE, SE and MM fluxes ....
01/04/2019 03:59:54 AM calculated dh_by_dt dictionary
01/04/2019 04:02:08 AM loaded zonal decomposed fluxes dictionary
01/04/2019 04:02:08 AM loaded zonal decomposed fluxes without vertical avg dictionary
01/04/2019 04:02:08 AM loaded zonal radiation dictionary
01/04/2019 04:02:46 AM loaded MMC_thermo_dynamic dictionary
01/04/2019 04:02:46 AM loaded MMC_thermo_dynamic_vert dictionary
01/04/2019 04:02:51 AM ...........Extract_ncfile_save_fluxes_radiation.py.............3
01/04/2019 04:02:51 AM imported nc file
01/04/2019 04:02:54 AM imported coordinates
01/04/2019 04:04:06 AM imported pressure
01/04/2019 04:04:43 AM saved temp
01/04/2019 04:04:51 AM saved v_comp
01/04/2019 04:04:58 AM saved u_comp
01/04/2019 04:05:38 AM saved Z
01/04/2019 04:06:03 AM saved q
01/04/2019 04:06:27 AM saved EKE
01/04/2019 04:06:31 AM calculated KE
01/04/2019 04:06:37 AM calculated MSE fluxes
01/04/2019 04:06:48 AM saved raw data
01/04/2019 04:06:51 AM vertical integartion : MSE fluxes
01/04/2019 04:06:54 AM vertical integration : sensible fluxes
01/04/2019 04:06:58 AM vertical integration : latent fluxes
01/04/2019 04:07:02 AM vertical integration : nc potential fluxes
01/04/2019 04:07:05 AM vertical integration : kinetic energy fluxes
01/04/2019 04:07:09 AM vertical integration : Enthalpy 
01/04/2019 04:07:52 AM saved radiation
01/04/2019 04:07:54 AM saved t_surf
01/04/2019 04:07:55 AM saved flux_oceanq
01/04/2019 04:07:55 AM precipitation
01/04/2019 04:07:56 AM radiation-- I think its right now !
01/04/2019 04:07:57 AM calculated dh_by_dt
01/04/2019 04:07:57 AM loaded coordinates dictionary
01/04/2019 04:07:57 AM loaded MSE_flux dictionary
01/04/2019 04:07:57 AM loaded rad_dic dictionary
01/04/2019 04:07:58 AM successfully saved dictionaries in files
01/04/2019 04:07:58 AM Begins calculating TE, SE and MM fluxes ....
01/04/2019 04:07:59 AM calculated dh_by_dt dictionary
01/04/2019 04:10:13 AM loaded zonal decomposed fluxes dictionary
01/04/2019 04:10:13 AM loaded zonal decomposed fluxes without vertical avg dictionary
01/04/2019 04:10:13 AM loaded zonal radiation dictionary
01/04/2019 04:10:48 AM loaded MMC_thermo_dynamic dictionary
01/04/2019 04:10:48 AM loaded MMC_thermo_dynamic_vert dictionary
01/04/2019 04:10:53 AM ...........Extract_ncfile_save_fluxes_radiation.py.............4
01/04/2019 04:10:53 AM imported nc file
01/04/2019 04:10:58 AM imported coordinates
01/04/2019 04:12:15 AM imported pressure
01/04/2019 04:12:52 AM saved temp
01/04/2019 04:12:59 AM saved v_comp
01/04/2019 04:13:07 AM saved u_comp
01/04/2019 04:13:44 AM saved Z
01/04/2019 04:14:07 AM saved q
01/04/2019 04:14:30 AM saved EKE
01/04/2019 04:14:33 AM calculated KE
01/04/2019 04:14:39 AM calculated MSE fluxes
01/04/2019 04:14:50 AM saved raw data
01/04/2019 04:14:53 AM vertical integartion : MSE fluxes
01/04/2019 04:14:56 AM vertical integration : sensible fluxes
01/04/2019 04:15:00 AM vertical integration : latent fluxes
01/04/2019 04:15:03 AM vertical integration : nc potential fluxes
01/04/2019 04:15:07 AM vertical integration : kinetic energy fluxes
01/04/2019 04:15:10 AM vertical integration : Enthalpy 
01/04/2019 04:15:56 AM saved radiation
01/04/2019 04:15:57 AM saved t_surf
01/04/2019 04:15:59 AM saved flux_oceanq
01/04/2019 04:15:59 AM precipitation
01/04/2019 04:16:00 AM radiation-- I think its right now !
01/04/2019 04:16:01 AM calculated dh_by_dt
01/04/2019 04:16:01 AM loaded coordinates dictionary
01/04/2019 04:16:01 AM loaded MSE_flux dictionary
01/04/2019 04:16:01 AM loaded rad_dic dictionary
01/04/2019 04:16:02 AM successfully saved dictionaries in files
01/04/2019 04:16:02 AM Begins calculating TE, SE and MM fluxes ....
01/04/2019 04:16:03 AM calculated dh_by_dt dictionary
01/04/2019 04:18:13 AM loaded zonal decomposed fluxes dictionary
01/04/2019 04:18:13 AM loaded zonal decomposed fluxes without vertical avg dictionary
01/04/2019 04:18:13 AM loaded zonal radiation dictionary
01/04/2019 04:18:48 AM loaded MMC_thermo_dynamic dictionary
01/04/2019 04:18:48 AM loaded MMC_thermo_dynamic_vert dictionary
01/04/2019 04:18:53 AM ...........Extract_ncfile_save_fluxes_radiation.py.............5
01/04/2019 04:18:53 AM imported nc file
01/04/2019 04:19:07 AM imported coordinates
01/04/2019 04:20:20 AM imported pressure
01/04/2019 04:20:56 AM saved temp
01/04/2019 04:21:04 AM saved v_comp
01/04/2019 04:21:11 AM saved u_comp
01/04/2019 04:21:47 AM saved Z
01/04/2019 04:22:12 AM saved q
01/04/2019 04:22:38 AM saved EKE
01/04/2019 04:22:41 AM calculated KE
01/04/2019 04:22:47 AM calculated MSE fluxes
01/04/2019 04:22:58 AM saved raw data
01/04/2019 04:23:00 AM vertical integartion : MSE fluxes
01/04/2019 04:23:04 AM vertical integration : sensible fluxes
01/04/2019 04:23:07 AM vertical integration : latent fluxes
01/04/2019 04:23:11 AM vertical integration : nc potential fluxes
01/04/2019 04:23:14 AM vertical integration : kinetic energy fluxes
01/04/2019 04:23:18 AM vertical integration : Enthalpy 
01/04/2019 04:24:03 AM saved radiation
01/04/2019 04:24:04 AM saved t_surf
01/04/2019 04:24:06 AM saved flux_oceanq
01/04/2019 04:24:06 AM precipitation
01/04/2019 04:24:07 AM radiation-- I think its right now !
01/04/2019 04:24:08 AM calculated dh_by_dt
01/04/2019 04:24:08 AM loaded coordinates dictionary
01/04/2019 04:24:08 AM loaded MSE_flux dictionary
01/04/2019 04:24:08 AM loaded rad_dic dictionary
01/04/2019 04:24:09 AM successfully saved dictionaries in files
01/04/2019 04:24:09 AM Begins calculating TE, SE and MM fluxes ....
01/04/2019 04:24:10 AM calculated dh_by_dt dictionary
01/04/2019 04:26:21 AM loaded zonal decomposed fluxes dictionary
01/04/2019 04:26:21 AM loaded zonal decomposed fluxes without vertical avg dictionary
01/04/2019 04:26:21 AM loaded zonal radiation dictionary
01/04/2019 04:26:59 AM loaded MMC_thermo_dynamic dictionary
01/04/2019 04:27:00 AM loaded MMC_thermo_dynamic_vert dictionary
01/04/2019 04:27:05 AM ...........Extract_ncfile_save_fluxes_radiation.py.............6
01/04/2019 04:27:05 AM imported nc file
01/04/2019 04:27:10 AM imported coordinates
01/04/2019 04:28:31 AM imported pressure
01/04/2019 04:29:09 AM saved temp
01/04/2019 04:29:17 AM saved v_comp
01/04/2019 04:29:25 AM saved u_comp
01/04/2019 04:30:07 AM saved Z
01/04/2019 04:30:36 AM saved q
01/04/2019 04:31:01 AM saved EKE
01/04/2019 04:31:04 AM calculated KE
01/04/2019 04:31:10 AM calculated MSE fluxes
01/04/2019 04:31:22 AM saved raw data
01/04/2019 04:31:24 AM vertical integartion : MSE fluxes
01/04/2019 04:31:27 AM vertical integration : sensible fluxes
01/04/2019 04:31:31 AM vertical integration : latent fluxes
01/04/2019 04:31:34 AM vertical integration : nc potential fluxes
01/04/2019 04:31:38 AM vertical integration : kinetic energy fluxes
01/04/2019 04:31:41 AM vertical integration : Enthalpy 
01/04/2019 04:32:25 AM saved radiation
01/04/2019 04:32:27 AM saved t_surf
01/04/2019 04:32:29 AM saved flux_oceanq
01/04/2019 04:32:29 AM precipitation
01/04/2019 04:32:30 AM radiation-- I think its right now !
01/04/2019 04:32:31 AM calculated dh_by_dt
01/04/2019 04:32:31 AM loaded coordinates dictionary
01/04/2019 04:32:31 AM loaded MSE_flux dictionary
01/04/2019 04:32:31 AM loaded rad_dic dictionary
01/04/2019 04:32:31 AM successfully saved dictionaries in files
01/04/2019 04:32:31 AM Begins calculating TE, SE and MM fluxes ....
01/04/2019 04:32:33 AM calculated dh_by_dt dictionary
01/04/2019 04:34:43 AM loaded zonal decomposed fluxes dictionary
01/04/2019 04:34:43 AM loaded zonal decomposed fluxes without vertical avg dictionary
01/04/2019 04:34:44 AM loaded zonal radiation dictionary
01/04/2019 04:35:18 AM loaded MMC_thermo_dynamic dictionary
01/04/2019 04:35:18 AM loaded MMC_thermo_dynamic_vert dictionary
01/04/2019 04:35:23 AM ...........Extract_ncfile_save_fluxes_radiation.py.............7
01/04/2019 04:35:23 AM imported nc file
01/04/2019 04:35:28 AM imported coordinates
01/04/2019 04:36:44 AM imported pressure
01/04/2019 04:37:21 AM saved temp
01/04/2019 04:37:28 AM saved v_comp
01/04/2019 04:37:36 AM saved u_comp
01/04/2019 04:38:07 AM saved Z
01/04/2019 04:38:26 AM saved q
01/04/2019 04:38:49 AM saved EKE
01/04/2019 04:38:53 AM calculated KE
01/04/2019 04:38:58 AM calculated MSE fluxes
01/04/2019 04:39:10 AM saved raw data
01/04/2019 04:39:12 AM vertical integartion : MSE fluxes
01/04/2019 04:39:16 AM vertical integration : sensible fluxes
01/04/2019 04:39:20 AM vertical integration : latent fluxes
01/04/2019 04:39:23 AM vertical integration : nc potential fluxes
01/04/2019 04:39:27 AM vertical integration : kinetic energy fluxes
01/04/2019 04:39:30 AM vertical integration : Enthalpy 
01/04/2019 04:40:15 AM saved radiation
01/04/2019 04:40:17 AM saved t_surf
01/04/2019 04:40:19 AM saved flux_oceanq
01/04/2019 04:40:19 AM precipitation
01/04/2019 04:40:20 AM radiation-- I think its right now !
01/04/2019 04:40:21 AM calculated dh_by_dt
01/04/2019 04:40:21 AM loaded coordinates dictionary
01/04/2019 04:40:21 AM loaded MSE_flux dictionary
01/04/2019 04:40:21 AM loaded rad_dic dictionary
01/04/2019 04:40:21 AM successfully saved dictionaries in files
01/04/2019 04:40:21 AM Begins calculating TE, SE and MM fluxes ....
01/04/2019 04:40:22 AM calculated dh_by_dt dictionary
01/04/2019 04:42:36 AM loaded zonal decomposed fluxes dictionary
01/04/2019 04:42:36 AM loaded zonal decomposed fluxes without vertical avg dictionary
01/04/2019 04:42:36 AM loaded zonal radiation dictionary
01/04/2019 04:43:11 AM loaded MMC_thermo_dynamic dictionary
01/04/2019 04:43:11 AM loaded MMC_thermo_dynamic_vert dictionary
01/04/2019 04:43:16 AM ...........Extract_ncfile_save_fluxes_radiation.py.............8
01/04/2019 04:43:16 AM imported nc file
01/04/2019 04:43:46 AM imported coordinates
01/04/2019 04:45:01 AM imported pressure
01/04/2019 04:45:37 AM saved temp
01/04/2019 04:45:44 AM saved v_comp
01/04/2019 04:45:52 AM saved u_comp
01/04/2019 04:46:27 AM saved Z
01/04/2019 04:46:54 AM saved q
01/04/2019 04:47:20 AM saved EKE
01/04/2019 04:47:23 AM calculated KE
01/04/2019 04:47:29 AM calculated MSE fluxes
01/04/2019 04:47:40 AM saved raw data
01/04/2019 04:47:42 AM vertical integartion : MSE fluxes
01/04/2019 04:47:46 AM vertical integration : sensible fluxes
01/04/2019 04:47:49 AM vertical integration : latent fluxes
01/04/2019 04:47:53 AM vertical integration : nc potential fluxes
01/04/2019 04:47:56 AM vertical integration : kinetic energy fluxes
01/04/2019 04:48:00 AM vertical integration : Enthalpy 
01/04/2019 04:48:44 AM saved radiation
01/04/2019 04:48:45 AM saved t_surf
01/04/2019 04:48:47 AM saved flux_oceanq
01/04/2019 04:48:47 AM precipitation
01/04/2019 04:48:48 AM radiation-- I think its right now !
01/04/2019 04:48:49 AM calculated dh_by_dt
01/04/2019 04:48:49 AM loaded coordinates dictionary
01/04/2019 04:48:49 AM loaded MSE_flux dictionary
01/04/2019 04:48:49 AM loaded rad_dic dictionary
01/04/2019 04:48:50 AM successfully saved dictionaries in files
01/04/2019 04:48:50 AM Begins calculating TE, SE and MM fluxes ....
01/04/2019 04:48:51 AM calculated dh_by_dt dictionary
01/04/2019 04:51:08 AM loaded zonal decomposed fluxes dictionary
01/04/2019 04:51:08 AM loaded zonal decomposed fluxes without vertical avg dictionary
01/04/2019 04:51:08 AM loaded zonal radiation dictionary
01/04/2019 04:51:45 AM loaded MMC_thermo_dynamic dictionary
01/04/2019 04:51:45 AM loaded MMC_thermo_dynamic_vert dictionary
01/04/2019 04:51:49 AM ...........Extract_ncfile_save_fluxes_radiation.py.............9
01/04/2019 04:51:49 AM imported nc file
01/04/2019 04:51:52 AM imported coordinates
01/04/2019 04:52:51 AM imported pressure
01/04/2019 04:53:26 AM saved temp
01/04/2019 04:53:33 AM saved v_comp
01/04/2019 04:53:41 AM saved u_comp
01/04/2019 04:54:13 AM saved Z
01/04/2019 04:54:33 AM saved q
01/04/2019 04:54:58 AM saved EKE
01/04/2019 04:55:01 AM calculated KE
01/04/2019 04:55:07 AM calculated MSE fluxes
01/04/2019 04:55:18 AM saved raw data
01/04/2019 04:55:21 AM vertical integartion : MSE fluxes
01/04/2019 04:55:24 AM vertical integration : sensible fluxes
01/04/2019 04:55:28 AM vertical integration : latent fluxes
01/04/2019 04:55:31 AM vertical integration : nc potential fluxes
01/04/2019 04:55:35 AM vertical integration : kinetic energy fluxes
01/04/2019 04:55:39 AM vertical integration : Enthalpy 
01/04/2019 04:56:21 AM saved radiation
01/04/2019 04:56:22 AM saved t_surf
01/04/2019 04:56:24 AM saved flux_oceanq
01/04/2019 04:56:24 AM precipitation
01/04/2019 04:56:25 AM radiation-- I think its right now !
01/04/2019 04:56:26 AM calculated dh_by_dt
01/04/2019 04:56:26 AM loaded coordinates dictionary
01/04/2019 04:56:26 AM loaded MSE_flux dictionary
01/04/2019 04:56:26 AM loaded rad_dic dictionary
01/04/2019 04:56:26 AM successfully saved dictionaries in files
01/04/2019 04:56:26 AM Begins calculating TE, SE and MM fluxes ....
01/04/2019 04:56:28 AM calculated dh_by_dt dictionary
01/04/2019 04:58:45 AM loaded zonal decomposed fluxes dictionary
01/04/2019 04:58:45 AM loaded zonal decomposed fluxes without vertical avg dictionary
01/04/2019 04:58:45 AM loaded zonal radiation dictionary
01/04/2019 04:59:20 AM loaded MMC_thermo_dynamic dictionary
01/04/2019 04:59:20 AM loaded MMC_thermo_dynamic_vert dictionary
01/04/2019 04:59:23 AM ** INTERPOLATION ** 
01/04/2019 04:59:25 AM ----0----
01/04/2019 04:59:25 AM ----1----
01/04/2019 04:59:25 AM ----2----
01/04/2019 04:59:26 AM ----3----
01/04/2019 04:59:26 AM ----4----
01/04/2019 04:59:26 AM ----5----
01/04/2019 04:59:26 AM ----6----
01/04/2019 04:59:26 AM ----7----
01/04/2019 04:59:26 AM ----8----
01/04/2019 04:59:26 AM ----9----
01/04/2019 04:59:27 AM Calculated interpolation
01/04/2019 04:59:27 AM Calculated divergence
01/04/2019 04:59:28 AM Saved raw data interp dictionary
01/04/2019 04:59:28 AM Saved flux interp dictionary
01/04/2019 04:59:28 AM Saved flux divergence interp
01/04/2019 04:59:28 AM Saved flux vert dictionary
01/04/2019 04:59:28 AM Saved flux divergence vert interp
01/04/2019 04:59:28 AM Looks great !!
01/04/2019 04:59:29 AM ** INTERPOLATION ** 
01/04/2019 04:59:30 AM ----0----
01/04/2019 04:59:30 AM ----1----
01/04/2019 04:59:30 AM ----2----
01/04/2019 04:59:30 AM ----3----
01/04/2019 04:59:30 AM ----4----
01/04/2019 04:59:30 AM ----5----
01/04/2019 04:59:30 AM ----6----
01/04/2019 04:59:30 AM ----7----
01/04/2019 04:59:30 AM ----8----
01/04/2019 04:59:30 AM ----9----
01/04/2019 04:59:31 AM Calculated interpolation
01/04/2019 04:59:31 AM Saved decompose mmc dictionary
01/04/2019 04:59:31 AM Saved decompose mmc dictionary
01/04/2019 04:59:31 AM Looks great !!
04/20/2019 03:44:11 PM ...........Extract_ncfile_save_fluxes_radiation.py.............0
04/20/2019 03:44:11 PM imported nc file
04/20/2019 03:45:21 PM imported coordinates
04/20/2019 03:47:14 PM imported pressure
04/20/2019 03:48:21 PM saved temp
04/20/2019 03:49:18 PM saved v_comp
04/20/2019 03:50:12 PM saved u_comp
04/20/2019 03:51:16 PM saved Z
04/20/2019 03:52:13 PM saved q
04/20/2019 03:52:16 PM calculated KE
04/20/2019 03:52:18 PM calculated dh_by_dt dictionary
04/20/2019 03:55:01 PM calculated dh_by_dt and individual tendency terms for sensible, moist and potential
04/20/2019 03:55:01 PM loaded tendency dictionary
04/20/2019 03:55:01 PM successfully saved dictionaries in files
04/20/2019 03:55:07 PM ...........Extract_ncfile_save_fluxes_radiation.py.............1
04/20/2019 03:55:07 PM imported nc file
04/20/2019 03:56:34 PM imported coordinates
04/20/2019 03:58:26 PM imported pressure
04/20/2019 03:59:20 PM saved temp
04/20/2019 04:00:15 PM saved v_comp
04/20/2019 04:01:11 PM saved u_comp
04/20/2019 04:02:15 PM saved Z
04/20/2019 04:03:08 PM saved q
04/20/2019 04:03:11 PM calculated KE
04/20/2019 04:03:13 PM calculated dh_by_dt dictionary
04/20/2019 04:05:55 PM calculated dh_by_dt and individual tendency terms for sensible, moist and potential
04/20/2019 04:05:55 PM loaded tendency dictionary
04/20/2019 04:05:55 PM successfully saved dictionaries in files
04/20/2019 04:06:01 PM ...........Extract_ncfile_save_fluxes_radiation.py.............2
04/20/2019 04:06:01 PM imported nc file
04/20/2019 04:07:18 PM imported coordinates
04/20/2019 04:09:34 PM imported pressure
04/20/2019 04:10:44 PM saved temp
04/20/2019 04:11:53 PM saved v_comp
04/20/2019 04:12:45 PM saved u_comp
04/20/2019 04:13:41 PM saved Z
04/20/2019 04:14:49 PM saved q
04/20/2019 04:14:52 PM calculated KE
04/20/2019 04:14:53 PM calculated dh_by_dt dictionary
04/20/2019 04:17:40 PM calculated dh_by_dt and individual tendency terms for sensible, moist and potential
04/20/2019 04:17:40 PM loaded tendency dictionary
04/20/2019 04:17:40 PM successfully saved dictionaries in files
04/20/2019 04:17:47 PM ...........Extract_ncfile_save_fluxes_radiation.py.............3
04/20/2019 04:17:47 PM imported nc file
04/20/2019 04:18:26 PM imported coordinates
04/20/2019 04:20:12 PM imported pressure
04/20/2019 04:21:10 PM saved temp
04/20/2019 04:22:03 PM saved v_comp
04/20/2019 04:23:19 PM saved u_comp
04/20/2019 04:24:21 PM saved Z
04/20/2019 04:25:17 PM saved q
04/20/2019 04:25:20 PM calculated KE
04/20/2019 04:25:22 PM calculated dh_by_dt dictionary
04/20/2019 04:28:01 PM calculated dh_by_dt and individual tendency terms for sensible, moist and potential
04/20/2019 04:28:01 PM loaded tendency dictionary
04/20/2019 04:28:01 PM successfully saved dictionaries in files
04/20/2019 04:28:07 PM ...........Extract_ncfile_save_fluxes_radiation.py.............4
04/20/2019 04:28:07 PM imported nc file
04/20/2019 04:28:44 PM imported coordinates
04/20/2019 04:30:28 PM imported pressure
04/20/2019 04:31:23 PM saved temp
04/20/2019 04:32:19 PM saved v_comp
04/20/2019 04:33:22 PM saved u_comp
04/20/2019 04:34:17 PM saved Z
04/20/2019 04:35:13 PM saved q
04/20/2019 04:35:17 PM calculated KE
04/20/2019 04:35:18 PM calculated dh_by_dt dictionary
04/20/2019 04:37:55 PM calculated dh_by_dt and individual tendency terms for sensible, moist and potential
04/20/2019 04:37:55 PM loaded tendency dictionary
04/20/2019 04:37:55 PM successfully saved dictionaries in files
04/20/2019 04:38:00 PM ...........Extract_ncfile_save_fluxes_radiation.py.............5
04/20/2019 04:38:00 PM imported nc file
04/20/2019 04:39:21 PM imported coordinates
04/20/2019 04:41:31 PM imported pressure
04/20/2019 04:42:42 PM saved temp
04/20/2019 04:43:38 PM saved v_comp
04/20/2019 04:44:48 PM saved u_comp
04/20/2019 04:45:55 PM saved Z
04/20/2019 04:46:54 PM saved q
04/20/2019 04:46:58 PM calculated KE
04/20/2019 04:46:59 PM calculated dh_by_dt dictionary
04/20/2019 04:49:40 PM calculated dh_by_dt and individual tendency terms for sensible, moist and potential
04/20/2019 04:49:40 PM loaded tendency dictionary
04/20/2019 04:49:40 PM successfully saved dictionaries in files
04/20/2019 04:49:46 PM ...........Extract_ncfile_save_fluxes_radiation.py.............6
04/20/2019 04:49:46 PM imported nc file
04/20/2019 04:51:20 PM imported coordinates
04/20/2019 04:53:18 PM imported pressure
04/20/2019 04:54:15 PM saved temp
04/20/2019 04:55:11 PM saved v_comp
04/20/2019 04:56:09 PM saved u_comp
04/20/2019 04:57:06 PM saved Z
04/20/2019 04:58:00 PM saved q
04/20/2019 04:58:04 PM calculated KE
04/20/2019 04:58:05 PM calculated dh_by_dt dictionary
04/20/2019 05:00:41 PM calculated dh_by_dt and individual tendency terms for sensible, moist and potential
04/20/2019 05:00:41 PM loaded tendency dictionary
04/20/2019 05:00:41 PM successfully saved dictionaries in files
04/20/2019 05:00:47 PM ...........Extract_ncfile_save_fluxes_radiation.py.............7
04/20/2019 05:00:47 PM imported nc file
04/20/2019 05:02:02 PM imported coordinates
04/20/2019 05:03:54 PM imported pressure
04/20/2019 05:04:49 PM saved temp
04/20/2019 05:05:43 PM saved v_comp
04/20/2019 05:06:36 PM saved u_comp
04/20/2019 05:07:28 PM saved Z
04/20/2019 05:08:23 PM saved q
04/20/2019 05:08:26 PM calculated KE
04/20/2019 05:08:28 PM calculated dh_by_dt dictionary
04/20/2019 05:11:08 PM calculated dh_by_dt and individual tendency terms for sensible, moist and potential
04/20/2019 05:11:08 PM loaded tendency dictionary
04/20/2019 05:11:08 PM successfully saved dictionaries in files
04/20/2019 05:11:13 PM ...........Extract_ncfile_save_fluxes_radiation.py.............8
04/20/2019 05:11:13 PM imported nc file
04/20/2019 05:12:25 PM imported coordinates
04/20/2019 05:14:12 PM imported pressure
04/20/2019 05:15:01 PM saved temp
04/20/2019 05:15:50 PM saved v_comp
04/20/2019 05:16:31 PM saved u_comp
04/20/2019 05:17:21 PM saved Z
04/20/2019 05:18:11 PM saved q
04/20/2019 05:18:14 PM calculated KE
04/20/2019 05:18:16 PM calculated dh_by_dt dictionary
04/20/2019 05:20:52 PM calculated dh_by_dt and individual tendency terms for sensible, moist and potential
04/20/2019 05:20:52 PM loaded tendency dictionary
04/20/2019 05:20:52 PM successfully saved dictionaries in files
04/20/2019 05:20:59 PM ...........Extract_ncfile_save_fluxes_radiation.py.............9
04/20/2019 05:20:59 PM imported nc file
04/20/2019 05:21:41 PM imported coordinates
04/20/2019 05:23:18 PM imported pressure
04/20/2019 05:24:10 PM saved temp
04/20/2019 05:24:56 PM saved v_comp
04/20/2019 05:25:25 PM saved u_comp
04/20/2019 05:26:12 PM saved Z
04/20/2019 05:26:50 PM saved q
04/20/2019 05:26:54 PM calculated KE
04/20/2019 05:26:55 PM calculated dh_by_dt dictionary
04/20/2019 05:29:36 PM calculated dh_by_dt and individual tendency terms for sensible, moist and potential
04/20/2019 05:29:36 PM loaded tendency dictionary
04/20/2019 05:29:36 PM successfully saved dictionaries in files
04/20/2019 05:29:39 PM ** INTERPOLATION ** 
04/20/2019 05:29:41 PM ----0----
04/20/2019 05:29:41 PM ----1----
04/20/2019 05:29:41 PM ----2----
04/20/2019 05:29:41 PM ----3----
04/20/2019 05:29:41 PM ----4----
04/20/2019 05:29:41 PM ----5----
04/20/2019 05:29:41 PM ----6----
04/20/2019 05:29:41 PM ----7----
04/20/2019 05:29:41 PM ----8----
04/20/2019 05:29:41 PM ----9----
04/20/2019 05:29:43 PM Calculated interpolation
04/20/2019 05:29:43 PM Saved tendency interp dictionary
04/20/2019 05:29:43 PM Looks great !!
