10/31/2018 11:15:35 PM destination folder created !
10/31/2018 11:15:35 PM ...........Extract_ncfile_save_fluxes_radiation.py.............0
10/31/2018 11:15:35 PM imported nc file
10/31/2018 11:17:51 PM imported coordinates
10/31/2018 11:21:01 PM imported pressure
10/31/2018 11:22:35 PM saved temp
10/31/2018 11:24:10 PM saved v_comp
10/31/2018 11:25:42 PM saved u_comp
10/31/2018 11:27:18 PM saved Z
10/31/2018 11:28:52 PM saved q
10/31/2018 11:29:58 PM saved EKE
10/31/2018 11:30:02 PM calculated KE
10/31/2018 11:30:07 PM calculated MSE fluxes
10/31/2018 11:30:19 PM saved raw data
10/31/2018 11:30:22 PM vertical integartion : MSE fluxes
10/31/2018 11:30:25 PM vertical integration : sensible fluxes
10/31/2018 11:30:29 PM vertical integration : latent fluxes
10/31/2018 11:30:33 PM vertical integration : nc potential fluxes
10/31/2018 11:30:36 PM vertical integration : kinetic energy fluxes
10/31/2018 11:30:40 PM vertical integration : Enthalpy 
10/31/2018 11:37:08 PM saved radiation
10/31/2018 11:38:05 PM saved t_surf
10/31/2018 11:39:21 PM saved flux_oceanq
10/31/2018 11:40:33 PM precipitation
10/31/2018 11:40:34 PM radiation-- I think its right now !
10/31/2018 11:40:35 PM calculated dh_by_dt
10/31/2018 11:40:35 PM loaded coordinates dictionary
10/31/2018 11:40:35 PM loaded MSE_flux dictionary
10/31/2018 11:40:35 PM loaded rad_dic dictionary
10/31/2018 11:40:37 PM successfully saved dictionaries in files
10/31/2018 11:40:37 PM Begins calculating TE, SE and MM fluxes ....
10/31/2018 11:40:39 PM calculated dh_by_dt dictionary
10/31/2018 11:42:57 PM loaded zonal decomposed fluxes dictionary
10/31/2018 11:42:57 PM loaded zonal decomposed fluxes without vertical avg dictionary
10/31/2018 11:42:57 PM loaded zonal radiation dictionary
10/31/2018 11:43:34 PM loaded MMC_thermo_dynamic dictionary
10/31/2018 11:43:34 PM loaded MMC_thermo_dynamic_vert dictionary
10/31/2018 11:43:44 PM destination folder created !
10/31/2018 11:43:44 PM ...........Extract_ncfile_save_fluxes_radiation.py.............1
10/31/2018 11:43:44 PM imported nc file
10/31/2018 11:45:49 PM imported coordinates
10/31/2018 11:48:57 PM imported pressure
10/31/2018 11:50:34 PM saved temp
10/31/2018 11:52:08 PM saved v_comp
10/31/2018 11:53:56 PM saved u_comp
10/31/2018 11:55:52 PM saved Z
10/31/2018 11:57:55 PM saved q
10/31/2018 11:59:06 PM saved EKE
10/31/2018 11:59:10 PM calculated KE
10/31/2018 11:59:15 PM calculated MSE fluxes
10/31/2018 11:59:27 PM saved raw data
10/31/2018 11:59:30 PM vertical integartion : MSE fluxes
10/31/2018 11:59:33 PM vertical integration : sensible fluxes
10/31/2018 11:59:37 PM vertical integration : latent fluxes
10/31/2018 11:59:41 PM vertical integration : nc potential fluxes
10/31/2018 11:59:45 PM vertical integration : kinetic energy fluxes
10/31/2018 11:59:48 PM vertical integration : Enthalpy 
11/01/2018 12:06:04 AM saved radiation
11/01/2018 12:07:13 AM saved t_surf
11/01/2018 12:08:20 AM saved flux_oceanq
11/01/2018 12:09:34 AM precipitation
11/01/2018 12:09:35 AM radiation-- I think its right now !
11/01/2018 12:09:36 AM calculated dh_by_dt
11/01/2018 12:09:36 AM loaded coordinates dictionary
11/01/2018 12:09:36 AM loaded MSE_flux dictionary
11/01/2018 12:09:36 AM loaded rad_dic dictionary
11/01/2018 12:09:38 AM successfully saved dictionaries in files
11/01/2018 12:09:38 AM Begins calculating TE, SE and MM fluxes ....
11/01/2018 12:09:39 AM calculated dh_by_dt dictionary
11/01/2018 12:11:59 AM loaded zonal decomposed fluxes dictionary
11/01/2018 12:11:59 AM loaded zonal decomposed fluxes without vertical avg dictionary
11/01/2018 12:11:59 AM loaded zonal radiation dictionary
11/01/2018 12:12:35 AM loaded MMC_thermo_dynamic dictionary
11/01/2018 12:12:35 AM loaded MMC_thermo_dynamic_vert dictionary
11/01/2018 12:12:43 AM ...........Extract_ncfile_save_fluxes_radiation.py.............2
11/01/2018 12:12:43 AM imported nc file
11/01/2018 12:14:44 AM imported coordinates
11/01/2018 12:17:30 AM imported pressure
11/01/2018 12:18:53 AM saved temp
11/01/2018 12:20:07 AM saved v_comp
11/01/2018 12:21:23 AM saved u_comp
11/01/2018 12:22:36 AM saved Z
11/01/2018 12:23:51 AM saved q
11/01/2018 12:24:41 AM saved EKE
11/01/2018 12:24:45 AM calculated KE
11/01/2018 12:24:50 AM calculated MSE fluxes
11/01/2018 12:25:02 AM saved raw data
11/01/2018 12:25:04 AM vertical integartion : MSE fluxes
11/01/2018 12:25:08 AM vertical integration : sensible fluxes
11/01/2018 12:25:12 AM vertical integration : latent fluxes
11/01/2018 12:25:15 AM vertical integration : nc potential fluxes
11/01/2018 12:25:19 AM vertical integration : kinetic energy fluxes
11/01/2018 12:25:22 AM vertical integration : Enthalpy 
11/01/2018 12:30:42 AM saved radiation
11/01/2018 12:31:34 AM saved t_surf
11/01/2018 12:32:24 AM saved flux_oceanq
11/01/2018 12:33:20 AM precipitation
11/01/2018 12:33:21 AM radiation-- I think its right now !
11/01/2018 12:33:22 AM calculated dh_by_dt
11/01/2018 12:33:22 AM loaded coordinates dictionary
11/01/2018 12:33:22 AM loaded MSE_flux dictionary
11/01/2018 12:33:22 AM loaded rad_dic dictionary
11/01/2018 12:33:23 AM successfully saved dictionaries in files
11/01/2018 12:33:23 AM Begins calculating TE, SE and MM fluxes ....
11/01/2018 12:33:25 AM calculated dh_by_dt dictionary
11/01/2018 12:35:45 AM loaded zonal decomposed fluxes dictionary
11/01/2018 12:35:45 AM loaded zonal decomposed fluxes without vertical avg dictionary
11/01/2018 12:35:45 AM loaded zonal radiation dictionary
11/01/2018 12:36:20 AM loaded MMC_thermo_dynamic dictionary
11/01/2018 12:36:20 AM loaded MMC_thermo_dynamic_vert dictionary
11/01/2018 12:36:26 AM ...........Extract_ncfile_save_fluxes_radiation.py.............3
11/01/2018 12:36:26 AM imported nc file
11/01/2018 12:38:18 AM imported coordinates
11/01/2018 12:40:56 AM imported pressure
11/01/2018 12:42:21 AM saved temp
11/01/2018 12:43:43 AM saved v_comp
11/01/2018 12:45:00 AM saved u_comp
11/01/2018 12:46:22 AM saved Z
11/01/2018 12:47:34 AM saved q
11/01/2018 12:48:25 AM saved EKE
11/01/2018 12:48:29 AM calculated KE
11/01/2018 12:48:34 AM calculated MSE fluxes
11/01/2018 12:48:46 AM saved raw data
11/01/2018 12:48:48 AM vertical integartion : MSE fluxes
11/01/2018 12:48:52 AM vertical integration : sensible fluxes
11/01/2018 12:48:56 AM vertical integration : latent fluxes
11/01/2018 12:48:59 AM vertical integration : nc potential fluxes
11/01/2018 12:49:03 AM vertical integration : kinetic energy fluxes
11/01/2018 12:49:06 AM vertical integration : Enthalpy 
11/01/2018 12:54:08 AM saved radiation
11/01/2018 12:54:57 AM saved t_surf
11/01/2018 12:55:50 AM saved flux_oceanq
11/01/2018 12:56:44 AM precipitation
11/01/2018 12:56:45 AM radiation-- I think its right now !
11/01/2018 12:56:46 AM calculated dh_by_dt
11/01/2018 12:56:46 AM loaded coordinates dictionary
11/01/2018 12:56:46 AM loaded MSE_flux dictionary
11/01/2018 12:56:46 AM loaded rad_dic dictionary
11/01/2018 12:56:47 AM successfully saved dictionaries in files
11/01/2018 12:56:47 AM Begins calculating TE, SE and MM fluxes ....
11/01/2018 12:56:49 AM calculated dh_by_dt dictionary
11/01/2018 12:59:15 AM loaded zonal decomposed fluxes dictionary
11/01/2018 12:59:15 AM loaded zonal decomposed fluxes without vertical avg dictionary
11/01/2018 12:59:15 AM loaded zonal radiation dictionary
11/01/2018 12:59:52 AM loaded MMC_thermo_dynamic dictionary
11/01/2018 12:59:52 AM loaded MMC_thermo_dynamic_vert dictionary
11/01/2018 01:00:01 AM ...........Extract_ncfile_save_fluxes_radiation.py.............4
11/01/2018 01:00:01 AM imported nc file
11/01/2018 01:01:49 AM imported coordinates
11/01/2018 01:04:28 AM imported pressure
11/01/2018 01:05:43 AM saved temp
11/01/2018 01:07:03 AM saved v_comp
11/01/2018 01:08:12 AM saved u_comp
11/01/2018 01:09:22 AM saved Z
11/01/2018 01:10:32 AM saved q
11/01/2018 01:11:17 AM saved EKE
11/01/2018 01:11:21 AM calculated KE
11/01/2018 01:11:27 AM calculated MSE fluxes
11/01/2018 01:11:38 AM saved raw data
11/01/2018 01:11:41 AM vertical integartion : MSE fluxes
11/01/2018 01:11:45 AM vertical integration : sensible fluxes
11/01/2018 01:11:48 AM vertical integration : latent fluxes
11/01/2018 01:11:52 AM vertical integration : nc potential fluxes
11/01/2018 01:11:56 AM vertical integration : kinetic energy fluxes
11/01/2018 01:11:59 AM vertical integration : Enthalpy 
11/01/2018 01:17:14 AM saved radiation
11/01/2018 01:18:04 AM saved t_surf
11/01/2018 01:18:59 AM saved flux_oceanq
11/01/2018 01:19:57 AM precipitation
11/01/2018 01:19:58 AM radiation-- I think its right now !
11/01/2018 01:19:59 AM calculated dh_by_dt
11/01/2018 01:19:59 AM loaded coordinates dictionary
11/01/2018 01:19:59 AM loaded MSE_flux dictionary
11/01/2018 01:19:59 AM loaded rad_dic dictionary
11/01/2018 01:20:00 AM successfully saved dictionaries in files
11/01/2018 01:20:00 AM Begins calculating TE, SE and MM fluxes ....
11/01/2018 01:20:05 AM calculated dh_by_dt dictionary
11/01/2018 01:22:25 AM loaded zonal decomposed fluxes dictionary
11/01/2018 01:22:25 AM loaded zonal decomposed fluxes without vertical avg dictionary
11/01/2018 01:22:25 AM loaded zonal radiation dictionary
11/01/2018 01:23:01 AM loaded MMC_thermo_dynamic dictionary
11/01/2018 01:23:01 AM loaded MMC_thermo_dynamic_vert dictionary
11/01/2018 01:23:06 AM ** INTERPOLATION ** 
11/01/2018 01:23:09 AM ----0----
11/01/2018 01:23:09 AM ----1----
11/01/2018 01:23:09 AM ----2----
11/01/2018 01:23:09 AM ----3----
11/01/2018 01:23:09 AM ----4----
11/01/2018 01:23:11 AM Calculated interpolation
11/01/2018 01:23:11 AM Calculated divergence
11/01/2018 01:23:11 AM Saved raw data interp dictionary
11/01/2018 01:23:11 AM Saved flux interp dictionary
11/01/2018 01:23:11 AM Saved flux divergence interp
11/01/2018 01:23:11 AM Saved flux vert dictionary
11/01/2018 01:23:11 AM Saved flux divergence vert interp
11/01/2018 01:23:12 AM Looks great !!
11/01/2018 01:23:12 AM ** INTERPOLATION ** 
11/01/2018 01:23:14 AM ----0----
11/01/2018 01:23:14 AM ----1----
11/01/2018 01:23:14 AM ----2----
11/01/2018 01:23:14 AM ----3----
11/01/2018 01:23:14 AM ----4----
11/01/2018 02:55:24 PM ** INTERPOLATION ** 
11/01/2018 02:55:26 PM ----0----
11/01/2018 02:55:26 PM ----1----
11/01/2018 02:55:26 PM ----2----
11/01/2018 02:55:26 PM ----3----
11/01/2018 02:55:26 PM ----4----
11/01/2018 02:55:29 PM Calculated interpolation
11/01/2018 02:55:29 PM Saved decompose mmc dictionary
11/01/2018 02:55:29 PM Saved decompose mmc dictionary
11/01/2018 02:55:29 PM Looks great !!
11/02/2018 01:55:17 AM ** INTERPOLATION ** 
11/02/2018 01:55:19 AM ----0----
11/02/2018 01:55:19 AM ----1----
11/02/2018 01:55:19 AM ----2----
11/02/2018 01:55:19 AM ----3----
11/02/2018 01:55:20 AM ----4----
11/02/2018 01:55:22 AM Calculated interpolation
11/02/2018 01:55:22 AM Calculated divergence
11/02/2018 01:55:23 AM Saved raw data interp dictionary
11/02/2018 01:55:23 AM Saved flux interp dictionary
11/02/2018 01:55:23 AM Saved flux divergence interp
11/02/2018 01:55:23 AM Saved flux vert dictionary
11/02/2018 01:55:23 AM Saved flux divergence vert interp
11/02/2018 01:55:23 AM Looks great !!
