/tmp/slurmd/job45446922/slurm_script: line 12: 36989 Killed                  python $spring18/codes/python_scripts/Extract_ncfile_save_fluxes_radiation.py $1 $2 $i
Traceback (most recent call last):
  File "/project2/tas1/pragallva/Spring_quarter_2018//codes/python_scripts/Extract_ncfile_save_fluxes_radiation.py", line 254, in <module>
    ps=reshape_pres(pres_half)
  File "/project2/tas1/pragallva/Spring_quarter_2018//codes/python_scripts/Extract_ncfile_save_fluxes_radiation.py", line 251, in reshape_pres
    y1=y.reshape((1,30,4,len(sigma_half),len(lat),len(lon)))
ValueError: total size of new array must be unchanged
Traceback (most recent call last):
  File "/project2/tas1/pragallva/Spring_quarter_2018//codes/python_scripts/Extract_ncfile_save_fluxes_radiation.py", line 254, in <module>
    ps=reshape_pres(pres_half)
  File "/project2/tas1/pragallva/Spring_quarter_2018//codes/python_scripts/Extract_ncfile_save_fluxes_radiation.py", line 251, in reshape_pres
    y1=y.reshape((1,30,4,len(sigma_half),len(lat),len(lon)))
ValueError: total size of new array must be unchanged
Traceback (most recent call last):
  File "/project2/tas1/pragallva/Spring_quarter_2018//codes/python_scripts/Extract_ncfile_save_fluxes_radiation.py", line 254, in <module>
    ps=reshape_pres(pres_half)
  File "/project2/tas1/pragallva/Spring_quarter_2018//codes/python_scripts/Extract_ncfile_save_fluxes_radiation.py", line 251, in reshape_pres
    y1=y.reshape((1,30,4,len(sigma_half),len(lat),len(lon)))
ValueError: total size of new array must be unchanged
Traceback (most recent call last):
  File "/project2/tas1/pragallva/Spring_quarter_2018//codes/python_scripts/Extract_ncfile_save_fluxes_radiation.py", line 254, in <module>
    ps=reshape_pres(pres_half)
  File "/project2/tas1/pragallva/Spring_quarter_2018//codes/python_scripts/Extract_ncfile_save_fluxes_radiation.py", line 251, in reshape_pres
    y1=y.reshape((1,30,4,len(sigma_half),len(lat),len(lon)))
ValueError: total size of new array must be unchanged
Traceback (most recent call last):
  File "/project2/tas1/pragallva/Spring_quarter_2018//codes/python_scripts/Reload_save_interpolated.py", line 56, in <module>
    source='/project2/tas1/pragallva/Spring_quarter_2018/post_process_data/'+dirc[1]+'_'+dirc[2]+str(i)+'/'
NameError: name 'i' is not defined
Traceback (most recent call last):
  File "/project2/tas1/pragallva/Spring_quarter_2018//codes/python_scripts/plot_and_save_div_MSE.py", line 72, in <module>
    div=load(source+"div_flux_dict.hkl")
  File "/project2/tas1/pragallva/Spring_quarter_2018//codes/python_scripts/plot_and_save_div_MSE.py", line 34, in load
    dictionary = hkl.load(filename)
  File "/home/pragallva/Project1/lib/python2.7/site-packages/hickle.py", line 616, in load
    h5f = file_opener(fileobj)
  File "/home/pragallva/Project1/lib/python2.7/site-packages/hickle.py", line 154, in file_opener
    h5f = h5.File(filename, mode)
  File "/home/pragallva/Project1/lib/python2.7/site-packages/h5py/_hl/files.py", line 271, in __init__
    fid = make_fid(name, mode, userblock_size, fapl, swmr=swmr)
  File "/home/pragallva/Project1/lib/python2.7/site-packages/h5py/_hl/files.py", line 101, in make_fid
    fid = h5f.open(name, flags, fapl=fapl)
  File "h5py/_objects.pyx", line 54, in h5py._objects.with_phil.wrapper (/home/vagrant/pisi/tmp/h5py-2.7.0-1/work/h5py-2.7.0/h5py/_objects.c:2846)
  File "h5py/_objects.pyx", line 55, in h5py._objects.with_phil.wrapper (/home/vagrant/pisi/tmp/h5py-2.7.0-1/work/h5py-2.7.0/h5py/_objects.c:2804)
  File "h5py/h5f.pyx", line 78, in h5py.h5f.open (/home/vagrant/pisi/tmp/h5py-2.7.0-1/work/h5py-2.7.0/h5py/h5f.c:2123)
IOError: Unable to open file (Unable to open file: name = '/project2/tas1/pragallva/fall_quarter_2017/post_process_data/aqua_isca5m/div_flux_dict.hkl', errno = 2, error message = 'no such file or directory', flags = 0, o_flags = 0)
slurmstepd-midway783: error: Detected 1 oom-kill event(s) in step 45446922.batch cgroup.
