11/05/2018 12:45:35 PM ** INTERPOLATION ** 
11/05/2018 01:03:48 PM ...........Calculate EKE.............0
11/05/2018 01:03:48 PM imported nc file
11/05/2018 01:06:45 PM imported coordinates
11/05/2018 01:11:01 PM imported pressure
11/05/2018 01:13:02 PM saved v_comp
11/05/2018 01:15:04 PM saved u_comp
11/05/2018 01:15:04 PM Filtering signal now
11/05/2018 01:15:11 PM Filtering u and v at plevel 0.9731199465677635
11/05/2018 01:15:15 PM Filtering u and v at plevel 0.9210435734946946
11/05/2018 01:15:19 PM Filtering u and v at plevel 0.8717540125826787
11/05/2018 01:15:23 PM Filtering u and v at plevel 0.8251018703001956
11/05/2018 01:15:28 PM Filtering u and v at plevel 0.7809450914447958
11/05/2018 01:15:32 PM Filtering u and v at plevel 0.7391477498279747
11/05/2018 01:15:37 PM Filtering u and v at plevel 0.6995784804292889
11/05/2018 01:15:41 PM Filtering u and v at plevel 0.6621085665908767
11/05/2018 01:15:45 PM Filtering u and v at plevel 0.6266097287784145
11/05/2018 01:15:50 PM Filtering u and v at plevel 0.592951685476526
11/05/2018 01:15:54 PM Filtering u and v at plevel 0.5609995761404118
11/05/2018 01:15:58 PM Filtering u and v at plevel 0.5306113557418541
11/05/2018 01:16:02 PM Filtering u and v at plevel 0.5016352961682442
11/05/2018 01:16:06 PM Filtering u and v at plevel 0.4739077683307861
11/05/2018 01:16:11 PM Filtering u and v at plevel 0.44725153763167325
11/05/2018 01:16:15 PM Filtering u and v at plevel 0.4214748913644697
11/05/2018 01:16:19 PM Filtering u and v at plevel 0.3963720342166585
11/05/2018 01:16:23 PM Filtering u and v at plevel 0.371725335892926
11/05/2018 01:16:28 PM Filtering u and v at plevel 0.34731017971440126
11/05/2018 01:16:32 PM Filtering u and v at plevel 0.32290330906438663
11/05/2018 01:16:36 PM Filtering u and v at plevel 0.29829563412593546
11/05/2018 01:16:40 PM Filtering u and v at plevel 0.27331033560806184
11/05/2018 01:16:44 PM Filtering u and v at plevel 0.2478266277557821
11/05/2018 01:16:49 PM Filtering u and v at plevel 0.22180852820217098
11/05/2018 01:16:53 PM Filtering u and v at plevel 0.19533625519570888
11/05/2018 01:16:57 PM Filtering u and v at plevel 0.1686353994868007
11/05/2018 01:17:01 PM Filtering u and v at plevel 0.1420960968927281
11/05/2018 01:17:06 PM Filtering u and v at plevel 0.1162719225588613
11/05/2018 01:17:10 PM Filtering u and v at plevel 0.0918477093601027
11/05/2018 01:17:14 PM Filtering u and v at plevel 0.06956901941712679
11/05/2018 01:17:18 PM Filtering u and v at plevel 0.050135221379808886
11/05/2018 01:17:22 PM Filtering u and v at plevel 0.03407262549982947
11/05/2018 01:17:27 PM Filtering u and v at plevel 0.021619597882391442
11/05/2018 01:17:31 PM Filtering u and v at plevel 0.012663559404899662
11/05/2018 01:17:35 PM Filtering u and v at plevel 0.006761046642395754
11/05/2018 01:17:39 PM Filtering u and v at plevel 0.003243806249843405
11/05/2018 01:17:43 PM Filtering u and v at plevel 0.0013766083204391473
11/05/2018 01:17:48 PM Filtering u and v at plevel 0.0005077583032093046
11/05/2018 01:17:52 PM Filtering u and v at plevel 0.00015964567384570998
11/05/2018 01:17:56 PM Filtering u and v at plevel 2.710462927265426e-05
11/05/2018 01:18:01 PM calculated EKE
11/05/2018 01:18:09 PM saved EKE data
11/05/2018 01:18:09 PM EKE calculated !! Great !!
11/05/2018 01:18:18 PM ...........Calculate EKE.............1
11/05/2018 01:18:18 PM imported nc file
11/05/2018 01:21:22 PM imported coordinates
11/05/2018 01:25:32 PM imported pressure
11/05/2018 01:27:35 PM saved v_comp
11/05/2018 01:29:30 PM saved u_comp
11/05/2018 01:29:30 PM Filtering signal now
11/05/2018 01:29:36 PM Filtering u and v at plevel 0.9731199465677635
11/05/2018 01:29:40 PM Filtering u and v at plevel 0.9210435734946946
11/05/2018 01:29:44 PM Filtering u and v at plevel 0.8717540125826787
11/05/2018 01:29:49 PM Filtering u and v at plevel 0.8251018703001956
11/05/2018 01:29:53 PM Filtering u and v at plevel 0.7809450914447958
11/05/2018 01:29:57 PM Filtering u and v at plevel 0.7391477498279747
11/05/2018 01:30:02 PM Filtering u and v at plevel 0.6995784804292889
11/05/2018 01:30:06 PM Filtering u and v at plevel 0.6621085665908767
11/05/2018 01:30:10 PM Filtering u and v at plevel 0.6266097287784145
11/05/2018 01:30:15 PM Filtering u and v at plevel 0.592951685476526
11/05/2018 01:30:19 PM Filtering u and v at plevel 0.5609995761404118
11/05/2018 01:30:23 PM Filtering u and v at plevel 0.5306113557418541
11/05/2018 01:30:27 PM Filtering u and v at plevel 0.5016352961682442
11/05/2018 01:30:32 PM Filtering u and v at plevel 0.4739077683307861
11/05/2018 01:30:36 PM Filtering u and v at plevel 0.44725153763167325
11/05/2018 01:30:40 PM Filtering u and v at plevel 0.4214748913644697
11/05/2018 01:30:45 PM Filtering u and v at plevel 0.3963720342166585
11/05/2018 01:30:49 PM Filtering u and v at plevel 0.371725335892926
11/05/2018 01:30:53 PM Filtering u and v at plevel 0.34731017971440126
11/05/2018 01:30:58 PM Filtering u and v at plevel 0.32290330906438663
11/05/2018 01:31:02 PM Filtering u and v at plevel 0.29829563412593546
11/05/2018 01:31:06 PM Filtering u and v at plevel 0.27331033560806184
11/05/2018 01:31:10 PM Filtering u and v at plevel 0.2478266277557821
11/05/2018 01:31:15 PM Filtering u and v at plevel 0.22180852820217098
11/05/2018 01:31:19 PM Filtering u and v at plevel 0.19533625519570888
11/05/2018 01:31:23 PM Filtering u and v at plevel 0.1686353994868007
11/05/2018 01:31:28 PM Filtering u and v at plevel 0.1420960968927281
11/05/2018 01:31:32 PM Filtering u and v at plevel 0.1162719225588613
11/05/2018 01:31:36 PM Filtering u and v at plevel 0.0918477093601027
11/05/2018 01:31:40 PM Filtering u and v at plevel 0.06956901941712679
11/05/2018 01:31:45 PM Filtering u and v at plevel 0.050135221379808886
11/05/2018 01:31:49 PM Filtering u and v at plevel 0.03407262549982947
11/05/2018 01:31:53 PM Filtering u and v at plevel 0.021619597882391442
11/05/2018 01:31:58 PM Filtering u and v at plevel 0.012663559404899662
11/05/2018 01:32:02 PM Filtering u and v at plevel 0.006761046642395754
11/05/2018 01:32:06 PM Filtering u and v at plevel 0.003243806249843405
11/05/2018 01:32:11 PM Filtering u and v at plevel 0.0013766083204391473
11/05/2018 01:32:15 PM Filtering u and v at plevel 0.0005077583032093046
11/05/2018 01:32:19 PM Filtering u and v at plevel 0.00015964567384570998
11/05/2018 01:32:23 PM Filtering u and v at plevel 2.710462927265426e-05
11/05/2018 01:32:28 PM calculated EKE
11/05/2018 01:32:36 PM saved EKE data
11/05/2018 01:32:36 PM EKE calculated !! Great !!
11/05/2018 01:32:43 PM ...........Calculate EKE.............2
11/05/2018 01:32:43 PM imported nc file
11/05/2018 01:35:32 PM imported coordinates
11/05/2018 01:40:03 PM imported pressure
11/05/2018 01:42:23 PM saved v_comp
11/05/2018 01:44:38 PM saved u_comp
11/05/2018 01:44:38 PM Filtering signal now
11/05/2018 01:44:45 PM Filtering u and v at plevel 0.9731199465677635
11/05/2018 01:44:49 PM Filtering u and v at plevel 0.9210435734946946
11/05/2018 01:44:53 PM Filtering u and v at plevel 0.8717540125826787
11/05/2018 01:44:58 PM Filtering u and v at plevel 0.8251018703001956
11/05/2018 01:45:02 PM Filtering u and v at plevel 0.7809450914447958
11/05/2018 01:45:06 PM Filtering u and v at plevel 0.7391477498279747
11/05/2018 01:45:11 PM Filtering u and v at plevel 0.6995784804292889
11/05/2018 01:45:15 PM Filtering u and v at plevel 0.6621085665908767
11/05/2018 01:45:19 PM Filtering u and v at plevel 0.6266097287784145
11/05/2018 01:45:24 PM Filtering u and v at plevel 0.592951685476526
11/05/2018 01:45:28 PM Filtering u and v at plevel 0.5609995761404118
11/05/2018 01:45:32 PM Filtering u and v at plevel 0.5306113557418541
11/05/2018 01:45:37 PM Filtering u and v at plevel 0.5016352961682442
11/05/2018 01:45:41 PM Filtering u and v at plevel 0.4739077683307861
11/05/2018 01:45:45 PM Filtering u and v at plevel 0.44725153763167325
11/05/2018 01:45:50 PM Filtering u and v at plevel 0.4214748913644697
11/05/2018 01:45:54 PM Filtering u and v at plevel 0.3963720342166585
11/05/2018 01:45:58 PM Filtering u and v at plevel 0.371725335892926
11/05/2018 01:46:03 PM Filtering u and v at plevel 0.34731017971440126
11/05/2018 01:46:07 PM Filtering u and v at plevel 0.32290330906438663
11/05/2018 01:46:11 PM Filtering u and v at plevel 0.29829563412593546
11/05/2018 01:46:16 PM Filtering u and v at plevel 0.27331033560806184
11/05/2018 01:46:20 PM Filtering u and v at plevel 0.2478266277557821
11/05/2018 01:46:24 PM Filtering u and v at plevel 0.22180852820217098
11/05/2018 01:46:29 PM Filtering u and v at plevel 0.19533625519570888
11/05/2018 01:46:33 PM Filtering u and v at plevel 0.1686353994868007
11/05/2018 01:46:37 PM Filtering u and v at plevel 0.1420960968927281
11/05/2018 01:46:42 PM Filtering u and v at plevel 0.1162719225588613
11/05/2018 01:46:46 PM Filtering u and v at plevel 0.0918477093601027
11/05/2018 01:46:50 PM Filtering u and v at plevel 0.06956901941712679
11/05/2018 01:46:55 PM Filtering u and v at plevel 0.050135221379808886
11/05/2018 01:46:59 PM Filtering u and v at plevel 0.03407262549982947
11/05/2018 01:47:03 PM Filtering u and v at plevel 0.021619597882391442
11/05/2018 01:47:08 PM Filtering u and v at plevel 0.012663559404899662
11/05/2018 01:47:12 PM Filtering u and v at plevel 0.006761046642395754
11/05/2018 01:47:16 PM Filtering u and v at plevel 0.003243806249843405
11/05/2018 01:47:21 PM Filtering u and v at plevel 0.0013766083204391473
11/05/2018 01:47:25 PM Filtering u and v at plevel 0.0005077583032093046
11/05/2018 01:47:29 PM Filtering u and v at plevel 0.00015964567384570998
11/05/2018 01:47:33 PM Filtering u and v at plevel 2.710462927265426e-05
11/05/2018 01:47:38 PM calculated EKE
11/05/2018 01:47:46 PM saved EKE data
11/05/2018 01:47:46 PM EKE calculated !! Great !!
11/05/2018 01:47:52 PM ...........Calculate EKE.............3
11/05/2018 01:47:52 PM imported nc file
11/05/2018 01:51:15 PM imported coordinates
11/05/2018 01:56:25 PM imported pressure
11/05/2018 01:59:11 PM saved v_comp
11/05/2018 02:01:42 PM saved u_comp
11/05/2018 02:01:42 PM Filtering signal now
11/05/2018 02:01:48 PM Filtering u and v at plevel 0.9731199465677635
11/05/2018 02:01:53 PM Filtering u and v at plevel 0.9210435734946946
11/05/2018 02:01:57 PM Filtering u and v at plevel 0.8717540125826787
11/05/2018 02:02:02 PM Filtering u and v at plevel 0.8251018703001956
11/05/2018 02:02:06 PM Filtering u and v at plevel 0.7809450914447958
11/05/2018 02:02:11 PM Filtering u and v at plevel 0.7391477498279747
11/05/2018 02:02:15 PM Filtering u and v at plevel 0.6995784804292889
11/05/2018 02:02:20 PM Filtering u and v at plevel 0.6621085665908767
11/05/2018 02:02:24 PM Filtering u and v at plevel 0.6266097287784145
11/05/2018 02:02:29 PM Filtering u and v at plevel 0.592951685476526
11/05/2018 02:02:33 PM Filtering u and v at plevel 0.5609995761404118
11/05/2018 02:02:37 PM Filtering u and v at plevel 0.5306113557418541
11/05/2018 02:02:42 PM Filtering u and v at plevel 0.5016352961682442
11/05/2018 02:02:46 PM Filtering u and v at plevel 0.4739077683307861
11/05/2018 02:02:51 PM Filtering u and v at plevel 0.44725153763167325
11/05/2018 02:02:55 PM Filtering u and v at plevel 0.4214748913644697
11/05/2018 02:03:00 PM Filtering u and v at plevel 0.3963720342166585
11/05/2018 02:03:04 PM Filtering u and v at plevel 0.371725335892926
11/05/2018 02:03:09 PM Filtering u and v at plevel 0.34731017971440126
11/05/2018 02:03:13 PM Filtering u and v at plevel 0.32290330906438663
11/05/2018 02:03:17 PM Filtering u and v at plevel 0.29829563412593546
11/05/2018 02:03:22 PM Filtering u and v at plevel 0.27331033560806184
11/05/2018 02:03:26 PM Filtering u and v at plevel 0.2478266277557821
11/05/2018 02:03:31 PM Filtering u and v at plevel 0.22180852820217098
11/05/2018 02:03:35 PM Filtering u and v at plevel 0.19533625519570888
11/05/2018 02:03:40 PM Filtering u and v at plevel 0.1686353994868007
11/05/2018 02:03:44 PM Filtering u and v at plevel 0.1420960968927281
11/05/2018 02:03:49 PM Filtering u and v at plevel 0.1162719225588613
11/05/2018 02:03:53 PM Filtering u and v at plevel 0.0918477093601027
11/05/2018 02:03:58 PM Filtering u and v at plevel 0.06956901941712679
11/05/2018 02:04:02 PM Filtering u and v at plevel 0.050135221379808886
11/05/2018 02:04:06 PM Filtering u and v at plevel 0.03407262549982947
11/05/2018 02:04:11 PM Filtering u and v at plevel 0.021619597882391442
11/05/2018 02:04:15 PM Filtering u and v at plevel 0.012663559404899662
11/05/2018 02:04:20 PM Filtering u and v at plevel 0.006761046642395754
11/05/2018 02:04:24 PM Filtering u and v at plevel 0.003243806249843405
11/05/2018 02:04:29 PM Filtering u and v at plevel 0.0013766083204391473
11/05/2018 02:04:33 PM Filtering u and v at plevel 0.0005077583032093046
11/05/2018 02:04:38 PM Filtering u and v at plevel 0.00015964567384570998
11/05/2018 02:04:42 PM Filtering u and v at plevel 2.710462927265426e-05
11/05/2018 02:04:46 PM calculated EKE
11/05/2018 02:04:54 PM saved EKE data
11/05/2018 02:04:55 PM EKE calculated !! Great !!
11/05/2018 02:05:03 PM ...........Calculate EKE.............4
11/05/2018 02:05:03 PM imported nc file
11/05/2018 02:08:48 PM imported coordinates
11/05/2018 02:13:30 PM imported pressure
11/05/2018 02:15:56 PM saved v_comp
11/05/2018 02:18:30 PM saved u_comp
11/05/2018 02:18:30 PM Filtering signal now
11/05/2018 02:18:37 PM Filtering u and v at plevel 0.9731199465677635
11/05/2018 02:18:42 PM Filtering u and v at plevel 0.9210435734946946
11/05/2018 02:18:47 PM Filtering u and v at plevel 0.8717540125826787
11/05/2018 02:18:52 PM Filtering u and v at plevel 0.8251018703001956
11/05/2018 02:18:57 PM Filtering u and v at plevel 0.7809450914447958
11/05/2018 02:19:02 PM Filtering u and v at plevel 0.7391477498279747
11/05/2018 02:19:06 PM Filtering u and v at plevel 0.6995784804292889
11/05/2018 02:19:11 PM Filtering u and v at plevel 0.6621085665908767
11/05/2018 02:19:16 PM Filtering u and v at plevel 0.6266097287784145
11/05/2018 02:19:21 PM Filtering u and v at plevel 0.592951685476526
11/05/2018 02:19:26 PM Filtering u and v at plevel 0.5609995761404118
11/05/2018 02:19:31 PM Filtering u and v at plevel 0.5306113557418541
11/05/2018 02:19:36 PM Filtering u and v at plevel 0.5016352961682442
11/05/2018 02:19:41 PM Filtering u and v at plevel 0.4739077683307861
11/05/2018 02:19:45 PM Filtering u and v at plevel 0.44725153763167325
11/05/2018 02:19:50 PM Filtering u and v at plevel 0.4214748913644697
11/05/2018 02:19:55 PM Filtering u and v at plevel 0.3963720342166585
11/05/2018 02:20:00 PM Filtering u and v at plevel 0.371725335892926
11/05/2018 02:20:05 PM Filtering u and v at plevel 0.34731017971440126
11/05/2018 02:20:10 PM Filtering u and v at plevel 0.32290330906438663
11/05/2018 02:20:15 PM Filtering u and v at plevel 0.29829563412593546
11/05/2018 02:20:19 PM Filtering u and v at plevel 0.27331033560806184
11/05/2018 02:20:24 PM Filtering u and v at plevel 0.2478266277557821
11/05/2018 02:20:29 PM Filtering u and v at plevel 0.22180852820217098
11/05/2018 02:20:34 PM Filtering u and v at plevel 0.19533625519570888
11/05/2018 02:20:39 PM Filtering u and v at plevel 0.1686353994868007
11/05/2018 02:20:44 PM Filtering u and v at plevel 0.1420960968927281
11/05/2018 02:20:49 PM Filtering u and v at plevel 0.1162719225588613
11/05/2018 02:20:54 PM Filtering u and v at plevel 0.0918477093601027
11/05/2018 02:20:58 PM Filtering u and v at plevel 0.06956901941712679
11/05/2018 02:21:03 PM Filtering u and v at plevel 0.050135221379808886
11/05/2018 02:21:08 PM Filtering u and v at plevel 0.03407262549982947
11/05/2018 02:21:13 PM Filtering u and v at plevel 0.021619597882391442
11/05/2018 02:21:18 PM Filtering u and v at plevel 0.012663559404899662
11/05/2018 02:21:23 PM Filtering u and v at plevel 0.006761046642395754
11/05/2018 02:21:28 PM Filtering u and v at plevel 0.003243806249843405
11/05/2018 02:21:32 PM Filtering u and v at plevel 0.0013766083204391473
11/05/2018 02:21:37 PM Filtering u and v at plevel 0.0005077583032093046
11/05/2018 02:21:42 PM Filtering u and v at plevel 0.00015964567384570998
11/05/2018 02:21:47 PM Filtering u and v at plevel 2.710462927265426e-05
11/05/2018 02:21:51 PM calculated EKE
11/05/2018 02:22:00 PM saved EKE data
11/05/2018 02:22:00 PM EKE calculated !! Great !!
11/05/2018 02:22:08 PM ...........Calculate EKE.............5
11/05/2018 02:22:08 PM imported nc file
11/05/2018 02:23:54 PM imported coordinates
11/05/2018 02:26:31 PM imported pressure
11/05/2018 02:27:47 PM saved v_comp
11/05/2018 02:29:12 PM saved u_comp
11/05/2018 02:29:12 PM Filtering signal now
11/05/2018 02:29:19 PM Filtering u and v at plevel 0.9731199465677635
11/05/2018 02:29:24 PM Filtering u and v at plevel 0.9210435734946946
11/05/2018 02:29:29 PM Filtering u and v at plevel 0.8717540125826787
11/05/2018 02:29:34 PM Filtering u and v at plevel 0.8251018703001956
11/05/2018 02:29:39 PM Filtering u and v at plevel 0.7809450914447958
11/05/2018 02:29:44 PM Filtering u and v at plevel 0.7391477498279747
11/05/2018 02:29:49 PM Filtering u and v at plevel 0.6995784804292889
11/05/2018 02:29:54 PM Filtering u and v at plevel 0.6621085665908767
11/05/2018 02:29:59 PM Filtering u and v at plevel 0.6266097287784145
11/05/2018 02:30:04 PM Filtering u and v at plevel 0.592951685476526
11/05/2018 02:30:09 PM Filtering u and v at plevel 0.5609995761404118
11/05/2018 02:30:14 PM Filtering u and v at plevel 0.5306113557418541
11/05/2018 02:30:19 PM Filtering u and v at plevel 0.5016352961682442
11/05/2018 02:30:24 PM Filtering u and v at plevel 0.4739077683307861
11/05/2018 02:30:29 PM Filtering u and v at plevel 0.44725153763167325
11/05/2018 02:30:34 PM Filtering u and v at plevel 0.4214748913644697
11/05/2018 02:30:39 PM Filtering u and v at plevel 0.3963720342166585
11/05/2018 02:30:44 PM Filtering u and v at plevel 0.371725335892926
11/05/2018 02:30:49 PM Filtering u and v at plevel 0.34731017971440126
11/05/2018 02:30:54 PM Filtering u and v at plevel 0.32290330906438663
11/05/2018 02:30:59 PM Filtering u and v at plevel 0.29829563412593546
11/05/2018 02:31:04 PM Filtering u and v at plevel 0.27331033560806184
11/05/2018 02:31:09 PM Filtering u and v at plevel 0.2478266277557821
11/05/2018 02:31:14 PM Filtering u and v at plevel 0.22180852820217098
11/05/2018 02:31:19 PM Filtering u and v at plevel 0.19533625519570888
11/05/2018 02:31:24 PM Filtering u and v at plevel 0.1686353994868007
11/05/2018 02:31:29 PM Filtering u and v at plevel 0.1420960968927281
11/05/2018 02:31:34 PM Filtering u and v at plevel 0.1162719225588613
11/05/2018 02:31:39 PM Filtering u and v at plevel 0.0918477093601027
11/05/2018 02:31:44 PM Filtering u and v at plevel 0.06956901941712679
11/05/2018 02:31:49 PM Filtering u and v at plevel 0.050135221379808886
11/05/2018 02:31:54 PM Filtering u and v at plevel 0.03407262549982947
11/05/2018 02:31:59 PM Filtering u and v at plevel 0.021619597882391442
11/05/2018 02:32:04 PM Filtering u and v at plevel 0.012663559404899662
11/05/2018 02:32:09 PM Filtering u and v at plevel 0.006761046642395754
11/05/2018 02:32:14 PM Filtering u and v at plevel 0.003243806249843405
11/05/2018 02:32:19 PM Filtering u and v at plevel 0.0013766083204391473
11/05/2018 02:32:24 PM Filtering u and v at plevel 0.0005077583032093046
11/05/2018 02:32:29 PM Filtering u and v at plevel 0.00015964567384570998
11/05/2018 02:32:34 PM Filtering u and v at plevel 2.710462927265426e-05
11/05/2018 02:32:38 PM calculated EKE
11/05/2018 02:32:46 PM saved EKE data
11/05/2018 02:32:46 PM EKE calculated !! Great !!
11/05/2018 02:32:54 PM ...........Calculate EKE.............6
11/05/2018 02:32:54 PM imported nc file
11/05/2018 02:34:46 PM imported coordinates
11/05/2018 02:37:34 PM imported pressure
11/05/2018 02:38:52 PM saved v_comp
11/05/2018 02:40:10 PM saved u_comp
11/05/2018 02:40:10 PM Filtering signal now
11/05/2018 02:40:17 PM Filtering u and v at plevel 0.9731199465677635
11/05/2018 02:40:21 PM Filtering u and v at plevel 0.9210435734946946
11/05/2018 02:40:25 PM Filtering u and v at plevel 0.8717540125826787
11/05/2018 02:40:30 PM Filtering u and v at plevel 0.8251018703001956
11/05/2018 02:40:34 PM Filtering u and v at plevel 0.7809450914447958
11/05/2018 02:40:39 PM Filtering u and v at plevel 0.7391477498279747
11/05/2018 02:40:43 PM Filtering u and v at plevel 0.6995784804292889
11/05/2018 02:40:47 PM Filtering u and v at plevel 0.6621085665908767
11/05/2018 02:40:52 PM Filtering u and v at plevel 0.6266097287784145
11/05/2018 02:40:56 PM Filtering u and v at plevel 0.592951685476526
11/05/2018 02:41:01 PM Filtering u and v at plevel 0.5609995761404118
11/05/2018 02:41:05 PM Filtering u and v at plevel 0.5306113557418541
11/05/2018 02:41:09 PM Filtering u and v at plevel 0.5016352961682442
11/05/2018 02:41:14 PM Filtering u and v at plevel 0.4739077683307861
11/05/2018 02:41:18 PM Filtering u and v at plevel 0.44725153763167325
11/05/2018 02:41:22 PM Filtering u and v at plevel 0.4214748913644697
11/05/2018 02:41:27 PM Filtering u and v at plevel 0.3963720342166585
11/05/2018 02:41:31 PM Filtering u and v at plevel 0.371725335892926
11/05/2018 02:41:36 PM Filtering u and v at plevel 0.34731017971440126
11/05/2018 02:41:40 PM Filtering u and v at plevel 0.32290330906438663
11/05/2018 02:41:44 PM Filtering u and v at plevel 0.29829563412593546
11/05/2018 02:41:49 PM Filtering u and v at plevel 0.27331033560806184
11/05/2018 02:41:53 PM Filtering u and v at plevel 0.2478266277557821
11/05/2018 02:41:57 PM Filtering u and v at plevel 0.22180852820217098
11/05/2018 02:42:02 PM Filtering u and v at plevel 0.19533625519570888
11/05/2018 02:42:06 PM Filtering u and v at plevel 0.1686353994868007
11/05/2018 02:42:10 PM Filtering u and v at plevel 0.1420960968927281
11/05/2018 02:42:15 PM Filtering u and v at plevel 0.1162719225588613
11/05/2018 02:42:19 PM Filtering u and v at plevel 0.0918477093601027
11/05/2018 02:42:24 PM Filtering u and v at plevel 0.06956901941712679
11/05/2018 02:42:28 PM Filtering u and v at plevel 0.050135221379808886
11/05/2018 02:42:32 PM Filtering u and v at plevel 0.03407262549982947
11/05/2018 02:42:37 PM Filtering u and v at plevel 0.021619597882391442
11/05/2018 02:42:41 PM Filtering u and v at plevel 0.012663559404899662
11/05/2018 02:42:46 PM Filtering u and v at plevel 0.006761046642395754
11/05/2018 02:42:50 PM Filtering u and v at plevel 0.003243806249843405
11/05/2018 02:42:54 PM Filtering u and v at plevel 0.0013766083204391473
11/05/2018 02:42:59 PM Filtering u and v at plevel 0.0005077583032093046
11/05/2018 02:43:03 PM Filtering u and v at plevel 0.00015964567384570998
11/05/2018 02:43:07 PM Filtering u and v at plevel 2.710462927265426e-05
11/05/2018 02:43:12 PM calculated EKE
11/05/2018 02:43:20 PM saved EKE data
11/05/2018 02:43:20 PM EKE calculated !! Great !!
11/05/2018 02:43:28 PM ...........Calculate EKE.............7
11/05/2018 02:43:28 PM imported nc file
11/05/2018 02:45:09 PM imported coordinates
11/05/2018 02:47:35 PM imported pressure
11/05/2018 02:48:38 PM saved v_comp
11/05/2018 02:49:45 PM saved u_comp
11/05/2018 02:49:45 PM Filtering signal now
11/05/2018 02:49:52 PM Filtering u and v at plevel 0.9731199465677635
11/05/2018 02:49:56 PM Filtering u and v at plevel 0.9210435734946946
11/05/2018 02:50:01 PM Filtering u and v at plevel 0.8717540125826787
11/05/2018 02:50:05 PM Filtering u and v at plevel 0.8251018703001956
11/05/2018 02:50:09 PM Filtering u and v at plevel 0.7809450914447958
11/05/2018 02:50:14 PM Filtering u and v at plevel 0.7391477498279747
11/05/2018 02:50:18 PM Filtering u and v at plevel 0.6995784804292889
11/05/2018 02:50:23 PM Filtering u and v at plevel 0.6621085665908767
11/05/2018 02:50:27 PM Filtering u and v at plevel 0.6266097287784145
11/05/2018 02:50:31 PM Filtering u and v at plevel 0.592951685476526
11/05/2018 02:50:36 PM Filtering u and v at plevel 0.5609995761404118
11/05/2018 02:50:40 PM Filtering u and v at plevel 0.5306113557418541
11/05/2018 02:50:45 PM Filtering u and v at plevel 0.5016352961682442
11/05/2018 02:50:49 PM Filtering u and v at plevel 0.4739077683307861
11/05/2018 02:50:53 PM Filtering u and v at plevel 0.44725153763167325
11/05/2018 02:50:58 PM Filtering u and v at plevel 0.4214748913644697
11/05/2018 02:51:02 PM Filtering u and v at plevel 0.3963720342166585
11/05/2018 02:51:07 PM Filtering u and v at plevel 0.371725335892926
11/05/2018 02:51:11 PM Filtering u and v at plevel 0.34731017971440126
11/05/2018 02:51:15 PM Filtering u and v at plevel 0.32290330906438663
11/05/2018 02:51:20 PM Filtering u and v at plevel 0.29829563412593546
11/05/2018 02:51:24 PM Filtering u and v at plevel 0.27331033560806184
11/05/2018 02:51:29 PM Filtering u and v at plevel 0.2478266277557821
11/05/2018 02:51:33 PM Filtering u and v at plevel 0.22180852820217098
11/05/2018 02:51:37 PM Filtering u and v at plevel 0.19533625519570888
11/05/2018 02:51:42 PM Filtering u and v at plevel 0.1686353994868007
11/05/2018 02:51:46 PM Filtering u and v at plevel 0.1420960968927281
11/05/2018 02:51:51 PM Filtering u and v at plevel 0.1162719225588613
11/05/2018 02:51:55 PM Filtering u and v at plevel 0.0918477093601027
11/05/2018 02:51:59 PM Filtering u and v at plevel 0.06956901941712679
11/05/2018 02:52:04 PM Filtering u and v at plevel 0.050135221379808886
11/05/2018 02:52:09 PM Filtering u and v at plevel 0.03407262549982947
11/05/2018 02:52:13 PM Filtering u and v at plevel 0.021619597882391442
11/05/2018 02:52:18 PM Filtering u and v at plevel 0.012663559404899662
11/05/2018 02:52:22 PM Filtering u and v at plevel 0.006761046642395754
11/05/2018 02:52:27 PM Filtering u and v at plevel 0.003243806249843405
11/05/2018 02:52:31 PM Filtering u and v at plevel 0.0013766083204391473
11/05/2018 02:52:35 PM Filtering u and v at plevel 0.0005077583032093046
11/05/2018 02:52:40 PM Filtering u and v at plevel 0.00015964567384570998
11/05/2018 02:52:44 PM Filtering u and v at plevel 2.710462927265426e-05
11/05/2018 02:52:49 PM calculated EKE
11/05/2018 02:52:57 PM saved EKE data
11/05/2018 02:52:57 PM EKE calculated !! Great !!
11/05/2018 02:53:02 PM ...........Calculate EKE.............8
11/05/2018 02:53:02 PM imported nc file
11/05/2018 02:54:41 PM imported coordinates
11/05/2018 02:57:04 PM imported pressure
11/05/2018 02:58:17 PM saved v_comp
11/05/2018 02:59:30 PM saved u_comp
11/05/2018 02:59:30 PM Filtering signal now
11/05/2018 02:59:36 PM Filtering u and v at plevel 0.9731199465677635
11/05/2018 02:59:40 PM Filtering u and v at plevel 0.9210435734946946
11/05/2018 02:59:45 PM Filtering u and v at plevel 0.8717540125826787
11/05/2018 02:59:49 PM Filtering u and v at plevel 0.8251018703001956
11/05/2018 02:59:53 PM Filtering u and v at plevel 0.7809450914447958
11/05/2018 02:59:57 PM Filtering u and v at plevel 0.7391477498279747
11/05/2018 03:00:02 PM Filtering u and v at plevel 0.6995784804292889
11/05/2018 03:00:06 PM Filtering u and v at plevel 0.6621085665908767
11/05/2018 03:00:10 PM Filtering u and v at plevel 0.6266097287784145
11/05/2018 03:00:15 PM Filtering u and v at plevel 0.592951685476526
11/05/2018 03:00:19 PM Filtering u and v at plevel 0.5609995761404118
11/05/2018 03:00:23 PM Filtering u and v at plevel 0.5306113557418541
11/05/2018 03:00:27 PM Filtering u and v at plevel 0.5016352961682442
11/05/2018 03:00:32 PM Filtering u and v at plevel 0.4739077683307861
11/05/2018 03:00:36 PM Filtering u and v at plevel 0.44725153763167325
11/05/2018 03:00:40 PM Filtering u and v at plevel 0.4214748913644697
11/05/2018 03:00:45 PM Filtering u and v at plevel 0.3963720342166585
11/05/2018 03:00:49 PM Filtering u and v at plevel 0.371725335892926
11/05/2018 03:00:53 PM Filtering u and v at plevel 0.34731017971440126
11/05/2018 03:00:57 PM Filtering u and v at plevel 0.32290330906438663
11/05/2018 03:01:02 PM Filtering u and v at plevel 0.29829563412593546
11/05/2018 03:01:06 PM Filtering u and v at plevel 0.27331033560806184
11/05/2018 03:01:10 PM Filtering u and v at plevel 0.2478266277557821
11/05/2018 03:01:14 PM Filtering u and v at plevel 0.22180852820217098
11/05/2018 03:01:19 PM Filtering u and v at plevel 0.19533625519570888
11/05/2018 03:01:23 PM Filtering u and v at plevel 0.1686353994868007
11/05/2018 03:01:27 PM Filtering u and v at plevel 0.1420960968927281
11/05/2018 03:01:32 PM Filtering u and v at plevel 0.1162719225588613
11/05/2018 03:01:36 PM Filtering u and v at plevel 0.0918477093601027
11/05/2018 03:01:40 PM Filtering u and v at plevel 0.06956901941712679
11/05/2018 03:01:44 PM Filtering u and v at plevel 0.050135221379808886
11/05/2018 03:01:49 PM Filtering u and v at plevel 0.03407262549982947
11/05/2018 03:01:53 PM Filtering u and v at plevel 0.021619597882391442
11/05/2018 03:01:57 PM Filtering u and v at plevel 0.012663559404899662
11/05/2018 03:02:02 PM Filtering u and v at plevel 0.006761046642395754
11/05/2018 03:02:06 PM Filtering u and v at plevel 0.003243806249843405
11/05/2018 03:02:10 PM Filtering u and v at plevel 0.0013766083204391473
11/05/2018 03:02:14 PM Filtering u and v at plevel 0.0005077583032093046
11/05/2018 03:02:19 PM Filtering u and v at plevel 0.00015964567384570998
11/05/2018 03:02:23 PM Filtering u and v at plevel 2.710462927265426e-05
11/05/2018 03:02:27 PM calculated EKE
11/05/2018 03:02:36 PM saved EKE data
11/05/2018 03:02:36 PM EKE calculated !! Great !!
11/05/2018 03:02:41 PM ...........Calculate EKE.............9
11/05/2018 03:02:41 PM imported nc file
11/05/2018 03:04:26 PM imported coordinates
11/05/2018 03:06:47 PM imported pressure
11/05/2018 03:08:05 PM saved v_comp
11/05/2018 03:09:21 PM saved u_comp
11/05/2018 03:09:21 PM Filtering signal now
11/05/2018 03:09:28 PM Filtering u and v at plevel 0.9731199465677635
11/05/2018 03:09:32 PM Filtering u and v at plevel 0.9210435734946946
11/05/2018 03:09:37 PM Filtering u and v at plevel 0.8717540125826787
11/05/2018 03:09:42 PM Filtering u and v at plevel 0.8251018703001956
11/05/2018 03:09:46 PM Filtering u and v at plevel 0.7809450914447958
11/05/2018 03:09:51 PM Filtering u and v at plevel 0.7391477498279747
11/05/2018 03:09:56 PM Filtering u and v at plevel 0.6995784804292889
11/05/2018 03:10:00 PM Filtering u and v at plevel 0.6621085665908767
11/05/2018 03:10:05 PM Filtering u and v at plevel 0.6266097287784145
11/05/2018 03:10:10 PM Filtering u and v at plevel 0.592951685476526
11/05/2018 03:10:14 PM Filtering u and v at plevel 0.5609995761404118
11/05/2018 03:10:19 PM Filtering u and v at plevel 0.5306113557418541
11/05/2018 03:10:23 PM Filtering u and v at plevel 0.5016352961682442
11/05/2018 03:10:28 PM Filtering u and v at plevel 0.4739077683307861
11/05/2018 03:10:33 PM Filtering u and v at plevel 0.44725153763167325
11/05/2018 03:10:37 PM Filtering u and v at plevel 0.4214748913644697
11/05/2018 03:10:42 PM Filtering u and v at plevel 0.3963720342166585
11/05/2018 03:10:47 PM Filtering u and v at plevel 0.371725335892926
11/05/2018 03:10:51 PM Filtering u and v at plevel 0.34731017971440126
11/05/2018 03:10:56 PM Filtering u and v at plevel 0.32290330906438663
11/05/2018 03:11:01 PM Filtering u and v at plevel 0.29829563412593546
11/05/2018 03:11:05 PM Filtering u and v at plevel 0.27331033560806184
11/05/2018 03:11:10 PM Filtering u and v at plevel 0.2478266277557821
11/05/2018 03:11:15 PM Filtering u and v at plevel 0.22180852820217098
11/05/2018 03:11:19 PM Filtering u and v at plevel 0.19533625519570888
11/05/2018 03:11:24 PM Filtering u and v at plevel 0.1686353994868007
11/05/2018 03:11:29 PM Filtering u and v at plevel 0.1420960968927281
11/05/2018 03:11:33 PM Filtering u and v at plevel 0.1162719225588613
11/05/2018 03:11:38 PM Filtering u and v at plevel 0.0918477093601027
11/05/2018 03:11:43 PM Filtering u and v at plevel 0.06956901941712679
11/05/2018 03:11:47 PM Filtering u and v at plevel 0.050135221379808886
11/05/2018 03:11:52 PM Filtering u and v at plevel 0.03407262549982947
11/05/2018 03:11:56 PM Filtering u and v at plevel 0.021619597882391442
11/05/2018 03:12:01 PM Filtering u and v at plevel 0.012663559404899662
11/05/2018 03:12:06 PM Filtering u and v at plevel 0.006761046642395754
11/05/2018 03:12:10 PM Filtering u and v at plevel 0.003243806249843405
11/05/2018 03:12:15 PM Filtering u and v at plevel 0.0013766083204391473
11/05/2018 03:12:20 PM Filtering u and v at plevel 0.0005077583032093046
11/05/2018 03:12:24 PM Filtering u and v at plevel 0.00015964567384570998
11/05/2018 03:12:29 PM Filtering u and v at plevel 2.710462927265426e-05
11/05/2018 03:12:33 PM calculated EKE
11/05/2018 03:12:41 PM saved EKE data
11/05/2018 03:12:42 PM EKE calculated !! Great !!
11/05/2018 03:12:44 PM ** INTERPOLATION ** 
11/05/2018 03:12:46 PM ----0----
11/05/2018 03:12:46 PM ----1----
11/05/2018 03:12:46 PM ----2----
11/05/2018 03:12:46 PM ----3----
11/05/2018 03:12:46 PM ----4----
11/05/2018 03:12:46 PM ----5----
11/05/2018 03:12:46 PM ----6----
11/05/2018 03:12:46 PM ----7----
11/05/2018 03:12:46 PM ----8----
11/05/2018 03:12:46 PM ----9----
11/05/2018 03:12:49 PM Calculated interpolation
11/05/2018 03:12:49 PM Saved raw data interp dictionary
11/05/2018 03:12:49 PM Looks great !!
