11/05/2018 12:44:11 PM destination folder created !
11/05/2018 12:44:13 PM destination folder created !
11/05/2018 12:44:16 PM destination folder created !
11/05/2018 12:44:18 PM destination folder created !
11/05/2018 12:44:20 PM destination folder created !
11/05/2018 12:44:22 PM destination folder created !
11/05/2018 12:44:24 PM destination folder created !
11/05/2018 12:44:26 PM destination folder created !
11/05/2018 12:44:28 PM destination folder created !
11/05/2018 12:44:31 PM destination folder created !
11/05/2018 12:44:31 PM ** INTERPOLATION ** 
11/05/2018 12:44:33 PM destination folder created !
11/05/2018 12:44:34 PM ** INTERPOLATION ** 
11/05/2018 01:02:20 PM ...........Extract_ncfile_save_fluxes_radiation.py.............0
11/05/2018 01:02:20 PM imported nc file
11/05/2018 01:05:15 PM imported coordinates
11/05/2018 01:09:30 PM imported pressure
11/05/2018 01:11:23 PM saved temp
11/05/2018 01:13:14 PM saved v_comp
11/05/2018 01:15:16 PM saved u_comp
11/05/2018 01:17:24 PM saved Z
11/05/2018 01:19:30 PM saved q
11/05/2018 01:21:01 PM saved EKE
11/05/2018 01:21:04 PM calculated KE
11/05/2018 01:21:10 PM calculated MSE fluxes
11/05/2018 01:21:22 PM saved raw data
11/05/2018 01:21:25 PM vertical integartion : MSE fluxes
11/05/2018 01:21:28 PM vertical integration : sensible fluxes
11/05/2018 01:21:32 PM vertical integration : latent fluxes
11/05/2018 01:21:36 PM vertical integration : nc potential fluxes
11/05/2018 01:21:39 PM vertical integration : kinetic energy fluxes
11/05/2018 01:21:43 PM vertical integration : Enthalpy 
11/05/2018 01:30:36 PM saved radiation
11/05/2018 01:32:01 PM saved t_surf
11/05/2018 01:33:28 PM saved flux_oceanq
11/05/2018 01:34:55 PM precipitation
11/05/2018 01:34:56 PM radiation-- I think its right now !
11/05/2018 01:34:57 PM calculated dh_by_dt
11/05/2018 01:34:57 PM loaded coordinates dictionary
11/05/2018 01:34:57 PM loaded MSE_flux dictionary
11/05/2018 01:34:57 PM loaded rad_dic dictionary
11/05/2018 01:34:59 PM successfully saved dictionaries in files
11/05/2018 01:34:59 PM Begins calculating TE, SE and MM fluxes ....
11/05/2018 01:35:01 PM calculated dh_by_dt dictionary
11/05/2018 01:37:16 PM loaded zonal decomposed fluxes dictionary
11/05/2018 01:37:16 PM loaded zonal decomposed fluxes without vertical avg dictionary
11/05/2018 01:37:17 PM loaded zonal radiation dictionary
11/05/2018 01:37:52 PM loaded MMC_thermo_dynamic dictionary
11/05/2018 01:37:52 PM loaded MMC_thermo_dynamic_vert dictionary
11/05/2018 01:37:59 PM ...........Extract_ncfile_save_fluxes_radiation.py.............1
11/05/2018 01:37:59 PM imported nc file
11/05/2018 01:41:38 PM imported coordinates
11/05/2018 01:46:20 PM imported pressure
11/05/2018 01:48:24 PM saved temp
11/05/2018 01:50:44 PM saved v_comp
11/05/2018 01:53:09 PM saved u_comp
11/05/2018 01:55:51 PM saved Z
11/05/2018 01:58:35 PM saved q
11/05/2018 02:00:35 PM saved EKE
11/05/2018 02:00:38 PM calculated KE
11/05/2018 02:00:44 PM calculated MSE fluxes
11/05/2018 02:00:54 PM saved raw data
11/05/2018 02:00:57 PM vertical integartion : MSE fluxes
11/05/2018 02:01:00 PM vertical integration : sensible fluxes
11/05/2018 02:01:03 PM vertical integration : latent fluxes
11/05/2018 02:01:07 PM vertical integration : nc potential fluxes
11/05/2018 02:01:10 PM vertical integration : kinetic energy fluxes
11/05/2018 02:01:14 PM vertical integration : Enthalpy 
11/05/2018 02:12:16 PM saved radiation
11/05/2018 02:13:48 PM saved t_surf
11/05/2018 02:15:36 PM saved flux_oceanq
11/05/2018 02:17:48 PM precipitation
11/05/2018 02:17:49 PM radiation-- I think its right now !
11/05/2018 02:17:50 PM calculated dh_by_dt
11/05/2018 02:17:50 PM loaded coordinates dictionary
11/05/2018 02:17:50 PM loaded MSE_flux dictionary
11/05/2018 02:17:50 PM loaded rad_dic dictionary
11/05/2018 02:17:53 PM successfully saved dictionaries in files
11/05/2018 02:17:53 PM Begins calculating TE, SE and MM fluxes ....
11/05/2018 02:17:55 PM calculated dh_by_dt dictionary
11/05/2018 02:20:13 PM loaded zonal decomposed fluxes dictionary
11/05/2018 02:20:13 PM loaded zonal decomposed fluxes without vertical avg dictionary
11/05/2018 02:20:13 PM loaded zonal radiation dictionary
11/05/2018 02:20:49 PM loaded MMC_thermo_dynamic dictionary
11/05/2018 02:20:49 PM loaded MMC_thermo_dynamic_vert dictionary
11/05/2018 02:20:56 PM ...........Extract_ncfile_save_fluxes_radiation.py.............2
11/05/2018 02:20:56 PM imported nc file
11/05/2018 02:22:56 PM imported coordinates
11/05/2018 02:25:30 PM imported pressure
11/05/2018 02:26:47 PM saved temp
11/05/2018 02:28:03 PM saved v_comp
11/05/2018 02:29:28 PM saved u_comp
11/05/2018 02:30:40 PM saved Z
11/05/2018 02:32:07 PM saved q
11/05/2018 02:33:04 PM saved EKE
11/05/2018 02:33:08 PM calculated KE
11/05/2018 02:33:14 PM calculated MSE fluxes
11/05/2018 02:33:26 PM saved raw data
11/05/2018 02:33:28 PM vertical integartion : MSE fluxes
11/05/2018 02:33:32 PM vertical integration : sensible fluxes
11/05/2018 02:33:36 PM vertical integration : latent fluxes
11/05/2018 02:33:39 PM vertical integration : nc potential fluxes
11/05/2018 02:33:43 PM vertical integration : kinetic energy fluxes
11/05/2018 02:33:47 PM vertical integration : Enthalpy 
11/05/2018 02:39:29 PM saved radiation
11/05/2018 02:40:29 PM saved t_surf
11/05/2018 02:41:17 PM saved flux_oceanq
11/05/2018 02:42:07 PM precipitation
11/05/2018 02:42:08 PM radiation-- I think its right now !
11/05/2018 02:42:09 PM calculated dh_by_dt
11/05/2018 02:42:09 PM loaded coordinates dictionary
11/05/2018 02:42:09 PM loaded MSE_flux dictionary
11/05/2018 02:42:09 PM loaded rad_dic dictionary
11/05/2018 02:42:10 PM successfully saved dictionaries in files
11/05/2018 02:42:10 PM Begins calculating TE, SE and MM fluxes ....
11/05/2018 02:42:12 PM calculated dh_by_dt dictionary
11/05/2018 02:44:34 PM loaded zonal decomposed fluxes dictionary
11/05/2018 02:44:34 PM loaded zonal decomposed fluxes without vertical avg dictionary
11/05/2018 02:44:34 PM loaded zonal radiation dictionary
11/05/2018 02:45:12 PM loaded MMC_thermo_dynamic dictionary
11/05/2018 02:45:12 PM loaded MMC_thermo_dynamic_vert dictionary
11/05/2018 02:45:19 PM ...........Extract_ncfile_save_fluxes_radiation.py.............3
11/05/2018 02:45:19 PM imported nc file
11/05/2018 02:46:59 PM imported coordinates
11/05/2018 02:49:13 PM imported pressure
11/05/2018 02:50:16 PM saved temp
11/05/2018 02:51:19 PM saved v_comp
11/05/2018 02:52:37 PM saved u_comp
11/05/2018 02:53:51 PM saved Z
11/05/2018 02:54:59 PM saved q
11/05/2018 02:55:52 PM saved EKE
11/05/2018 02:55:55 PM calculated KE
11/05/2018 02:56:01 PM calculated MSE fluxes
11/05/2018 02:56:13 PM saved raw data
11/05/2018 02:56:15 PM vertical integartion : MSE fluxes
11/05/2018 02:56:19 PM vertical integration : sensible fluxes
11/05/2018 02:56:23 PM vertical integration : latent fluxes
11/05/2018 02:56:26 PM vertical integration : nc potential fluxes
11/05/2018 02:56:30 PM vertical integration : kinetic energy fluxes
11/05/2018 02:56:34 PM vertical integration : Enthalpy 
11/05/2018 03:01:43 PM saved radiation
11/05/2018 03:02:36 PM saved t_surf
11/05/2018 03:03:27 PM saved flux_oceanq
11/05/2018 03:04:25 PM precipitation
11/05/2018 03:04:26 PM radiation-- I think its right now !
11/05/2018 03:04:27 PM calculated dh_by_dt
11/05/2018 03:04:27 PM loaded coordinates dictionary
11/05/2018 03:04:27 PM loaded MSE_flux dictionary
11/05/2018 03:04:27 PM loaded rad_dic dictionary
11/05/2018 03:04:28 PM successfully saved dictionaries in files
11/05/2018 03:04:28 PM Begins calculating TE, SE and MM fluxes ....
11/05/2018 03:04:29 PM calculated dh_by_dt dictionary
11/05/2018 03:06:46 PM loaded zonal decomposed fluxes dictionary
11/05/2018 03:06:46 PM loaded zonal decomposed fluxes without vertical avg dictionary
11/05/2018 03:06:46 PM loaded zonal radiation dictionary
11/05/2018 03:07:22 PM loaded MMC_thermo_dynamic dictionary
11/05/2018 03:07:22 PM loaded MMC_thermo_dynamic_vert dictionary
11/05/2018 03:07:30 PM ...........Extract_ncfile_save_fluxes_radiation.py.............4
11/05/2018 03:07:30 PM imported nc file
11/05/2018 03:09:21 PM imported coordinates
11/05/2018 03:12:06 PM imported pressure
11/05/2018 03:13:26 PM saved temp
11/05/2018 03:14:46 PM saved v_comp
11/05/2018 03:16:08 PM saved u_comp
11/05/2018 03:17:33 PM saved Z
11/05/2018 03:18:57 PM saved q
11/05/2018 03:20:06 PM saved EKE
11/05/2018 03:20:09 PM calculated KE
11/05/2018 03:20:15 PM calculated MSE fluxes
11/05/2018 03:20:27 PM saved raw data
11/05/2018 03:20:30 PM vertical integartion : MSE fluxes
11/05/2018 03:20:33 PM vertical integration : sensible fluxes
11/05/2018 03:20:37 PM vertical integration : latent fluxes
11/05/2018 03:20:41 PM vertical integration : nc potential fluxes
11/05/2018 03:20:44 PM vertical integration : kinetic energy fluxes
11/05/2018 03:20:48 PM vertical integration : Enthalpy 
11/05/2018 03:28:04 PM saved radiation
11/05/2018 03:29:33 PM saved t_surf
11/05/2018 03:30:46 PM saved flux_oceanq
11/05/2018 03:32:09 PM precipitation
11/05/2018 03:32:10 PM radiation-- I think its right now !
11/05/2018 03:32:11 PM calculated dh_by_dt
11/05/2018 03:32:11 PM loaded coordinates dictionary
11/05/2018 03:32:11 PM loaded MSE_flux dictionary
11/05/2018 03:32:11 PM loaded rad_dic dictionary
11/05/2018 03:32:13 PM successfully saved dictionaries in files
11/05/2018 03:32:13 PM Begins calculating TE, SE and MM fluxes ....
11/05/2018 03:32:18 PM calculated dh_by_dt dictionary
11/05/2018 03:34:34 PM loaded zonal decomposed fluxes dictionary
11/05/2018 03:34:34 PM loaded zonal decomposed fluxes without vertical avg dictionary
11/05/2018 03:34:34 PM loaded zonal radiation dictionary
11/05/2018 03:35:10 PM loaded MMC_thermo_dynamic dictionary
11/05/2018 03:35:10 PM loaded MMC_thermo_dynamic_vert dictionary
11/05/2018 03:35:25 PM ...........Extract_ncfile_save_fluxes_radiation.py.............5
11/05/2018 03:35:25 PM imported nc file
11/05/2018 03:38:10 PM imported coordinates
11/05/2018 03:42:08 PM imported pressure
11/05/2018 03:44:15 PM saved temp
11/05/2018 03:46:16 PM saved v_comp
11/05/2018 03:48:36 PM saved u_comp
11/05/2018 03:50:48 PM saved Z
11/05/2018 03:53:17 PM saved q
11/05/2018 03:55:00 PM saved EKE
11/05/2018 03:55:03 PM calculated KE
11/05/2018 03:55:09 PM calculated MSE fluxes
11/05/2018 03:55:20 PM saved raw data
11/05/2018 03:55:23 PM vertical integartion : MSE fluxes
11/05/2018 03:55:27 PM vertical integration : sensible fluxes
11/05/2018 03:55:30 PM vertical integration : latent fluxes
11/05/2018 03:55:34 PM vertical integration : nc potential fluxes
11/05/2018 03:55:37 PM vertical integration : kinetic energy fluxes
11/05/2018 03:55:41 PM vertical integration : Enthalpy 
11/05/2018 04:02:40 PM saved radiation
11/05/2018 04:03:30 PM saved t_surf
11/05/2018 04:04:24 PM saved flux_oceanq
11/05/2018 04:05:19 PM precipitation
11/05/2018 04:05:20 PM radiation-- I think its right now !
11/05/2018 04:05:21 PM calculated dh_by_dt
11/05/2018 04:05:21 PM loaded coordinates dictionary
11/05/2018 04:05:21 PM loaded MSE_flux dictionary
11/05/2018 04:05:21 PM loaded rad_dic dictionary
11/05/2018 04:05:23 PM successfully saved dictionaries in files
11/05/2018 04:05:23 PM Begins calculating TE, SE and MM fluxes ....
11/05/2018 04:05:27 PM calculated dh_by_dt dictionary
11/05/2018 04:07:45 PM loaded zonal decomposed fluxes dictionary
11/05/2018 04:07:45 PM loaded zonal decomposed fluxes without vertical avg dictionary
11/05/2018 04:07:45 PM loaded zonal radiation dictionary
11/05/2018 04:08:23 PM loaded MMC_thermo_dynamic dictionary
11/05/2018 04:08:23 PM loaded MMC_thermo_dynamic_vert dictionary
11/05/2018 04:08:46 PM ...........Extract_ncfile_save_fluxes_radiation.py.............6
11/05/2018 04:08:46 PM imported nc file
11/05/2018 04:10:26 PM imported coordinates
11/05/2018 04:12:55 PM imported pressure
11/05/2018 04:14:12 PM saved temp
11/05/2018 04:15:26 PM saved v_comp
11/05/2018 04:16:42 PM saved u_comp
11/05/2018 04:18:00 PM saved Z
11/05/2018 04:19:09 PM saved q
11/05/2018 04:20:03 PM saved EKE
11/05/2018 04:20:06 PM calculated KE
11/05/2018 04:20:12 PM calculated MSE fluxes
11/05/2018 04:20:24 PM saved raw data
11/05/2018 04:20:26 PM vertical integartion : MSE fluxes
11/05/2018 04:20:30 PM vertical integration : sensible fluxes
11/05/2018 04:20:33 PM vertical integration : latent fluxes
11/05/2018 04:20:37 PM vertical integration : nc potential fluxes
11/05/2018 04:20:40 PM vertical integration : kinetic energy fluxes
11/05/2018 04:20:44 PM vertical integration : Enthalpy 
11/05/2018 04:26:11 PM saved radiation
11/05/2018 04:26:59 PM saved t_surf
11/05/2018 04:27:56 PM saved flux_oceanq
11/05/2018 04:29:04 PM precipitation
11/05/2018 04:29:06 PM radiation-- I think its right now !
11/05/2018 04:29:06 PM calculated dh_by_dt
11/05/2018 04:29:06 PM loaded coordinates dictionary
11/05/2018 04:29:06 PM loaded MSE_flux dictionary
11/05/2018 04:29:06 PM loaded rad_dic dictionary
11/05/2018 04:29:07 PM successfully saved dictionaries in files
11/05/2018 04:29:07 PM Begins calculating TE, SE and MM fluxes ....
11/05/2018 04:29:12 PM calculated dh_by_dt dictionary
11/05/2018 04:31:26 PM loaded zonal decomposed fluxes dictionary
11/05/2018 04:31:27 PM loaded zonal decomposed fluxes without vertical avg dictionary
11/05/2018 04:31:27 PM loaded zonal radiation dictionary
11/05/2018 04:32:02 PM loaded MMC_thermo_dynamic dictionary
11/05/2018 04:32:02 PM loaded MMC_thermo_dynamic_vert dictionary
11/05/2018 04:32:35 PM ...........Extract_ncfile_save_fluxes_radiation.py.............7
11/05/2018 04:32:35 PM imported nc file
11/05/2018 04:35:02 PM imported coordinates
11/05/2018 04:38:33 PM imported pressure
11/05/2018 04:40:10 PM saved temp
11/05/2018 04:41:56 PM saved v_comp
11/05/2018 04:43:24 PM saved u_comp
11/05/2018 04:44:54 PM saved Z
11/05/2018 04:46:19 PM saved q
11/05/2018 04:47:19 PM saved EKE
11/05/2018 04:47:23 PM calculated KE
11/05/2018 04:47:29 PM calculated MSE fluxes
11/05/2018 04:47:40 PM saved raw data
11/05/2018 04:47:43 PM vertical integartion : MSE fluxes
11/05/2018 04:47:46 PM vertical integration : sensible fluxes
11/05/2018 04:47:50 PM vertical integration : latent fluxes
11/05/2018 04:47:53 PM vertical integration : nc potential fluxes
11/05/2018 04:47:57 PM vertical integration : kinetic energy fluxes
11/05/2018 04:48:01 PM vertical integration : Enthalpy 
11/05/2018 04:54:09 PM saved radiation
11/05/2018 04:55:05 PM saved t_surf
11/05/2018 04:56:01 PM saved flux_oceanq
11/05/2018 04:57:00 PM precipitation
11/05/2018 04:57:01 PM radiation-- I think its right now !
11/05/2018 04:57:02 PM calculated dh_by_dt
11/05/2018 04:57:02 PM loaded coordinates dictionary
11/05/2018 04:57:02 PM loaded MSE_flux dictionary
11/05/2018 04:57:02 PM loaded rad_dic dictionary
11/05/2018 04:57:03 PM successfully saved dictionaries in files
11/05/2018 04:57:03 PM Begins calculating TE, SE and MM fluxes ....
11/05/2018 04:57:04 PM calculated dh_by_dt dictionary
11/05/2018 04:59:17 PM loaded zonal decomposed fluxes dictionary
11/05/2018 04:59:17 PM loaded zonal decomposed fluxes without vertical avg dictionary
11/05/2018 04:59:18 PM loaded zonal radiation dictionary
11/05/2018 04:59:54 PM loaded MMC_thermo_dynamic dictionary
11/05/2018 04:59:54 PM loaded MMC_thermo_dynamic_vert dictionary
11/05/2018 05:00:01 PM ...........Extract_ncfile_save_fluxes_radiation.py.............8
11/05/2018 05:00:01 PM imported nc file
11/05/2018 05:02:12 PM imported coordinates
11/05/2018 05:05:34 PM imported pressure
11/05/2018 05:06:58 PM saved temp
11/05/2018 05:08:35 PM saved v_comp
11/05/2018 05:10:21 PM saved u_comp
11/05/2018 05:12:14 PM saved Z
11/05/2018 05:14:12 PM saved q
11/05/2018 05:15:49 PM saved EKE
11/05/2018 05:15:52 PM calculated KE
11/05/2018 05:15:58 PM calculated MSE fluxes
11/05/2018 05:16:10 PM saved raw data
11/05/2018 05:16:12 PM vertical integartion : MSE fluxes
11/05/2018 05:16:16 PM vertical integration : sensible fluxes
11/05/2018 05:16:19 PM vertical integration : latent fluxes
11/05/2018 05:16:22 PM vertical integration : nc potential fluxes
11/05/2018 05:16:26 PM vertical integration : kinetic energy fluxes
11/05/2018 05:16:29 PM vertical integration : Enthalpy 
11/05/2018 05:27:36 PM saved radiation
11/05/2018 05:29:10 PM saved t_surf
11/05/2018 05:30:38 PM saved flux_oceanq
11/05/2018 05:32:10 PM precipitation
11/05/2018 05:32:11 PM radiation-- I think its right now !
11/05/2018 05:32:12 PM calculated dh_by_dt
11/05/2018 05:32:12 PM loaded coordinates dictionary
11/05/2018 05:32:12 PM loaded MSE_flux dictionary
11/05/2018 05:32:12 PM loaded rad_dic dictionary
11/05/2018 05:32:15 PM successfully saved dictionaries in files
11/05/2018 05:32:15 PM Begins calculating TE, SE and MM fluxes ....
11/05/2018 05:32:16 PM calculated dh_by_dt dictionary
11/05/2018 05:34:35 PM loaded zonal decomposed fluxes dictionary
11/05/2018 05:34:35 PM loaded zonal decomposed fluxes without vertical avg dictionary
11/05/2018 05:34:35 PM loaded zonal radiation dictionary
11/05/2018 05:35:13 PM loaded MMC_thermo_dynamic dictionary
11/05/2018 05:35:13 PM loaded MMC_thermo_dynamic_vert dictionary
11/05/2018 05:35:23 PM ...........Extract_ncfile_save_fluxes_radiation.py.............9
11/05/2018 05:35:23 PM imported nc file
11/05/2018 05:39:08 PM imported coordinates
11/05/2018 05:43:55 PM imported pressure
11/05/2018 05:45:45 PM saved temp
11/05/2018 05:47:32 PM saved v_comp
11/05/2018 05:49:13 PM saved u_comp
11/05/2018 05:51:04 PM saved Z
11/05/2018 05:52:50 PM saved q
11/05/2018 05:54:08 PM saved EKE
11/05/2018 05:54:12 PM calculated KE
11/05/2018 05:54:18 PM calculated MSE fluxes
11/05/2018 05:54:29 PM saved raw data
11/05/2018 05:54:32 PM vertical integartion : MSE fluxes
11/05/2018 05:54:36 PM vertical integration : sensible fluxes
11/05/2018 05:54:39 PM vertical integration : latent fluxes
11/05/2018 05:54:43 PM vertical integration : nc potential fluxes
11/05/2018 05:54:47 PM vertical integration : kinetic energy fluxes
11/05/2018 05:54:51 PM vertical integration : Enthalpy 
11/05/2018 06:02:16 PM saved radiation
11/05/2018 06:03:31 PM saved t_surf
11/05/2018 06:04:44 PM saved flux_oceanq
11/05/2018 06:05:57 PM precipitation
11/05/2018 06:05:58 PM radiation-- I think its right now !
11/05/2018 06:05:59 PM calculated dh_by_dt
11/05/2018 06:05:59 PM loaded coordinates dictionary
11/05/2018 06:05:59 PM loaded MSE_flux dictionary
11/05/2018 06:05:59 PM loaded rad_dic dictionary
11/05/2018 06:06:01 PM successfully saved dictionaries in files
11/05/2018 06:06:01 PM Begins calculating TE, SE and MM fluxes ....
11/05/2018 06:06:03 PM calculated dh_by_dt dictionary
11/05/2018 06:08:26 PM loaded zonal decomposed fluxes dictionary
11/05/2018 06:08:26 PM loaded zonal decomposed fluxes without vertical avg dictionary
11/05/2018 06:08:26 PM loaded zonal radiation dictionary
11/05/2018 06:09:05 PM loaded MMC_thermo_dynamic dictionary
11/05/2018 06:09:05 PM loaded MMC_thermo_dynamic_vert dictionary
11/05/2018 06:09:12 PM ** INTERPOLATION ** 
11/05/2018 06:09:17 PM ----0----
11/05/2018 06:09:18 PM ----1----
11/05/2018 06:09:18 PM ----2----
11/05/2018 06:09:19 PM ----3----
11/05/2018 06:09:19 PM ----4----
11/05/2018 06:09:19 PM ----5----
11/05/2018 06:09:20 PM ----6----
11/05/2018 06:09:20 PM ----7----
11/05/2018 06:09:21 PM ----8----
11/05/2018 06:09:21 PM ----9----
11/05/2018 06:09:23 PM Calculated interpolation
11/05/2018 06:09:23 PM Calculated divergence
11/05/2018 06:09:24 PM Saved raw data interp dictionary
11/05/2018 06:09:24 PM Saved flux interp dictionary
11/05/2018 06:09:24 PM Saved flux divergence interp
11/05/2018 06:09:24 PM Saved flux vert dictionary
11/05/2018 06:09:24 PM Saved flux divergence vert interp
11/05/2018 06:09:24 PM Looks great !!
11/05/2018 06:09:25 PM ** INTERPOLATION ** 
11/05/2018 06:09:26 PM ----0----
11/05/2018 06:09:27 PM ----1----
11/05/2018 06:09:27 PM ----2----
11/05/2018 06:09:27 PM ----3----
11/05/2018 06:09:27 PM ----4----
11/05/2018 06:09:27 PM ----5----
11/05/2018 06:09:27 PM ----6----
11/05/2018 06:09:27 PM ----7----
11/05/2018 06:09:27 PM ----8----
11/05/2018 06:09:28 PM ----9----
11/05/2018 06:09:28 PM Calculated interpolation
11/05/2018 06:09:28 PM Saved decompose mmc dictionary
11/05/2018 06:09:29 PM Saved decompose mmc dictionary
11/05/2018 06:09:29 PM Looks great !!
