11/05/2018 12:44:20 PM destination folder created !
11/05/2018 12:44:22 PM destination folder created !
11/05/2018 12:44:24 PM destination folder created !
11/05/2018 12:44:26 PM destination folder created !
11/05/2018 12:44:28 PM destination folder created !
11/05/2018 12:44:30 PM destination folder created !
11/05/2018 12:44:32 PM destination folder created !
11/05/2018 12:44:34 PM destination folder created !
11/05/2018 12:44:36 PM destination folder created !
11/05/2018 12:44:38 PM destination folder created !
11/05/2018 12:44:38 PM ** INTERPOLATION ** 
11/05/2018 12:44:40 PM destination folder created !
11/05/2018 12:44:40 PM ** INTERPOLATION ** 
11/05/2018 01:02:20 PM ...........Extract_ncfile_save_fluxes_radiation.py.............0
11/05/2018 01:02:20 PM imported nc file
11/05/2018 01:05:13 PM imported coordinates
11/05/2018 01:09:25 PM imported pressure
11/05/2018 01:11:24 PM saved temp
11/05/2018 01:13:27 PM saved v_comp
11/05/2018 01:15:30 PM saved u_comp
11/05/2018 01:17:34 PM saved Z
11/05/2018 01:19:37 PM saved q
11/05/2018 01:21:08 PM saved EKE
11/05/2018 01:21:11 PM calculated KE
11/05/2018 01:21:17 PM calculated MSE fluxes
11/05/2018 01:21:28 PM saved raw data
11/05/2018 01:21:31 PM vertical integartion : MSE fluxes
11/05/2018 01:21:34 PM vertical integration : sensible fluxes
11/05/2018 01:21:38 PM vertical integration : latent fluxes
11/05/2018 01:21:41 PM vertical integration : nc potential fluxes
11/05/2018 01:21:45 PM vertical integration : kinetic energy fluxes
11/05/2018 01:21:48 PM vertical integration : Enthalpy 
11/05/2018 01:30:42 PM saved radiation
11/05/2018 01:32:03 PM saved t_surf
11/05/2018 01:33:33 PM saved flux_oceanq
11/05/2018 01:34:58 PM precipitation
11/05/2018 01:34:59 PM radiation-- I think its right now !
11/05/2018 01:35:00 PM calculated dh_by_dt
11/05/2018 01:35:00 PM loaded coordinates dictionary
11/05/2018 01:35:00 PM loaded MSE_flux dictionary
11/05/2018 01:35:00 PM loaded rad_dic dictionary
11/05/2018 01:35:03 PM successfully saved dictionaries in files
11/05/2018 01:35:03 PM Begins calculating TE, SE and MM fluxes ....
11/05/2018 01:35:04 PM calculated dh_by_dt dictionary
11/05/2018 01:37:22 PM loaded zonal decomposed fluxes dictionary
11/05/2018 01:37:22 PM loaded zonal decomposed fluxes without vertical avg dictionary
11/05/2018 01:37:22 PM loaded zonal radiation dictionary
11/05/2018 01:37:59 PM loaded MMC_thermo_dynamic dictionary
11/05/2018 01:37:59 PM loaded MMC_thermo_dynamic_vert dictionary
11/05/2018 01:38:10 PM ...........Extract_ncfile_save_fluxes_radiation.py.............1
11/05/2018 01:38:10 PM imported nc file
11/05/2018 01:41:47 PM imported coordinates
11/05/2018 01:46:27 PM imported pressure
11/05/2018 01:48:31 PM saved temp
11/05/2018 01:50:53 PM saved v_comp
11/05/2018 01:53:18 PM saved u_comp
11/05/2018 01:55:59 PM saved Z
11/05/2018 01:58:45 PM saved q
11/05/2018 02:00:40 PM saved EKE
11/05/2018 02:00:44 PM calculated KE
11/05/2018 02:00:50 PM calculated MSE fluxes
11/05/2018 02:01:01 PM saved raw data
11/05/2018 02:01:04 PM vertical integartion : MSE fluxes
11/05/2018 02:01:08 PM vertical integration : sensible fluxes
11/05/2018 02:01:12 PM vertical integration : latent fluxes
11/05/2018 02:01:15 PM vertical integration : nc potential fluxes
11/05/2018 02:01:19 PM vertical integration : kinetic energy fluxes
11/05/2018 02:01:23 PM vertical integration : Enthalpy 
11/05/2018 02:12:23 PM saved radiation
11/05/2018 02:13:53 PM saved t_surf
11/05/2018 02:15:49 PM saved flux_oceanq
11/05/2018 02:17:53 PM precipitation
11/05/2018 02:17:54 PM radiation-- I think its right now !
11/05/2018 02:17:55 PM calculated dh_by_dt
11/05/2018 02:17:55 PM loaded coordinates dictionary
11/05/2018 02:17:55 PM loaded MSE_flux dictionary
11/05/2018 02:17:55 PM loaded rad_dic dictionary
11/05/2018 02:17:58 PM successfully saved dictionaries in files
11/05/2018 02:17:58 PM Begins calculating TE, SE and MM fluxes ....
11/05/2018 02:18:00 PM calculated dh_by_dt dictionary
11/05/2018 02:20:16 PM loaded zonal decomposed fluxes dictionary
11/05/2018 02:20:16 PM loaded zonal decomposed fluxes without vertical avg dictionary
11/05/2018 02:20:17 PM loaded zonal radiation dictionary
11/05/2018 02:20:53 PM loaded MMC_thermo_dynamic dictionary
11/05/2018 02:20:53 PM loaded MMC_thermo_dynamic_vert dictionary
11/05/2018 02:21:02 PM ...........Extract_ncfile_save_fluxes_radiation.py.............2
11/05/2018 02:21:02 PM imported nc file
11/05/2018 02:23:00 PM imported coordinates
11/05/2018 02:25:34 PM imported pressure
11/05/2018 02:26:52 PM saved temp
11/05/2018 02:28:12 PM saved v_comp
11/05/2018 02:29:34 PM saved u_comp
11/05/2018 02:30:45 PM saved Z
11/05/2018 02:32:13 PM saved q
11/05/2018 02:33:10 PM saved EKE
11/05/2018 02:33:13 PM calculated KE
11/05/2018 02:33:19 PM calculated MSE fluxes
11/05/2018 02:33:30 PM saved raw data
11/05/2018 02:33:33 PM vertical integartion : MSE fluxes
11/05/2018 02:33:37 PM vertical integration : sensible fluxes
11/05/2018 02:33:40 PM vertical integration : latent fluxes
11/05/2018 02:33:44 PM vertical integration : nc potential fluxes
11/05/2018 02:33:48 PM vertical integration : kinetic energy fluxes
11/05/2018 02:33:51 PM vertical integration : Enthalpy 
11/05/2018 02:39:41 PM saved radiation
11/05/2018 02:40:38 PM saved t_surf
11/05/2018 02:41:28 PM saved flux_oceanq
11/05/2018 02:42:18 PM precipitation
11/05/2018 02:42:19 PM radiation-- I think its right now !
11/05/2018 02:42:20 PM calculated dh_by_dt
11/05/2018 02:42:20 PM loaded coordinates dictionary
11/05/2018 02:42:20 PM loaded MSE_flux dictionary
11/05/2018 02:42:20 PM loaded rad_dic dictionary
11/05/2018 02:42:21 PM successfully saved dictionaries in files
11/05/2018 02:42:21 PM Begins calculating TE, SE and MM fluxes ....
11/05/2018 02:42:22 PM calculated dh_by_dt dictionary
11/05/2018 02:44:35 PM loaded zonal decomposed fluxes dictionary
11/05/2018 02:44:35 PM loaded zonal decomposed fluxes without vertical avg dictionary
11/05/2018 02:44:35 PM loaded zonal radiation dictionary
11/05/2018 02:45:10 PM loaded MMC_thermo_dynamic dictionary
11/05/2018 02:45:10 PM loaded MMC_thermo_dynamic_vert dictionary
11/05/2018 02:45:18 PM ...........Extract_ncfile_save_fluxes_radiation.py.............3
11/05/2018 02:45:18 PM imported nc file
11/05/2018 02:46:59 PM imported coordinates
11/05/2018 02:49:11 PM imported pressure
11/05/2018 02:50:15 PM saved temp
11/05/2018 02:51:20 PM saved v_comp
11/05/2018 02:52:37 PM saved u_comp
11/05/2018 02:53:50 PM saved Z
11/05/2018 02:54:58 PM saved q
11/05/2018 02:55:50 PM saved EKE
11/05/2018 02:55:53 PM calculated KE
11/05/2018 02:55:59 PM calculated MSE fluxes
11/05/2018 02:56:11 PM saved raw data
11/05/2018 02:56:13 PM vertical integartion : MSE fluxes
11/05/2018 02:56:17 PM vertical integration : sensible fluxes
11/05/2018 02:56:21 PM vertical integration : latent fluxes
11/05/2018 02:56:24 PM vertical integration : nc potential fluxes
11/05/2018 02:56:28 PM vertical integration : kinetic energy fluxes
11/05/2018 02:56:32 PM vertical integration : Enthalpy 
11/05/2018 03:01:41 PM saved radiation
11/05/2018 03:02:34 PM saved t_surf
11/05/2018 03:03:24 PM saved flux_oceanq
11/05/2018 03:04:19 PM precipitation
11/05/2018 03:04:20 PM radiation-- I think its right now !
11/05/2018 03:04:21 PM calculated dh_by_dt
11/05/2018 03:04:21 PM loaded coordinates dictionary
11/05/2018 03:04:21 PM loaded MSE_flux dictionary
11/05/2018 03:04:21 PM loaded rad_dic dictionary
11/05/2018 03:04:23 PM successfully saved dictionaries in files
11/05/2018 03:04:23 PM Begins calculating TE, SE and MM fluxes ....
11/05/2018 03:04:25 PM calculated dh_by_dt dictionary
11/05/2018 03:06:40 PM loaded zonal decomposed fluxes dictionary
11/05/2018 03:06:40 PM loaded zonal decomposed fluxes without vertical avg dictionary
11/05/2018 03:06:40 PM loaded zonal radiation dictionary
11/05/2018 03:07:16 PM loaded MMC_thermo_dynamic dictionary
11/05/2018 03:07:16 PM loaded MMC_thermo_dynamic_vert dictionary
11/05/2018 03:07:30 PM ...........Extract_ncfile_save_fluxes_radiation.py.............4
11/05/2018 03:07:30 PM imported nc file
11/05/2018 03:09:20 PM imported coordinates
11/05/2018 03:12:06 PM imported pressure
11/05/2018 03:13:28 PM saved temp
11/05/2018 03:14:48 PM saved v_comp
11/05/2018 03:16:10 PM saved u_comp
11/05/2018 03:17:36 PM saved Z
11/05/2018 03:19:01 PM saved q
11/05/2018 03:20:09 PM saved EKE
11/05/2018 03:20:12 PM calculated KE
11/05/2018 03:20:18 PM calculated MSE fluxes
11/05/2018 03:20:30 PM saved raw data
11/05/2018 03:20:32 PM vertical integartion : MSE fluxes
11/05/2018 03:20:36 PM vertical integration : sensible fluxes
11/05/2018 03:20:39 PM vertical integration : latent fluxes
11/05/2018 03:20:43 PM vertical integration : nc potential fluxes
11/05/2018 03:20:46 PM vertical integration : kinetic energy fluxes
11/05/2018 03:20:50 PM vertical integration : Enthalpy 
11/05/2018 03:28:04 PM saved radiation
11/05/2018 03:29:35 PM saved t_surf
11/05/2018 03:30:47 PM saved flux_oceanq
11/05/2018 03:32:12 PM precipitation
11/05/2018 03:32:13 PM radiation-- I think its right now !
11/05/2018 03:32:14 PM calculated dh_by_dt
11/05/2018 03:32:14 PM loaded coordinates dictionary
11/05/2018 03:32:14 PM loaded MSE_flux dictionary
11/05/2018 03:32:14 PM loaded rad_dic dictionary
11/05/2018 03:32:16 PM successfully saved dictionaries in files
11/05/2018 03:32:16 PM Begins calculating TE, SE and MM fluxes ....
11/05/2018 03:32:18 PM calculated dh_by_dt dictionary
11/05/2018 03:34:36 PM loaded zonal decomposed fluxes dictionary
11/05/2018 03:34:36 PM loaded zonal decomposed fluxes without vertical avg dictionary
11/05/2018 03:34:36 PM loaded zonal radiation dictionary
11/05/2018 03:35:14 PM loaded MMC_thermo_dynamic dictionary
11/05/2018 03:35:14 PM loaded MMC_thermo_dynamic_vert dictionary
11/05/2018 03:35:25 PM ...........Extract_ncfile_save_fluxes_radiation.py.............5
11/05/2018 03:35:25 PM imported nc file
11/05/2018 03:38:14 PM imported coordinates
11/05/2018 03:42:16 PM imported pressure
11/05/2018 03:44:23 PM saved temp
11/05/2018 03:46:25 PM saved v_comp
11/05/2018 03:48:41 PM saved u_comp
11/05/2018 03:50:53 PM saved Z
11/05/2018 03:53:22 PM saved q
11/05/2018 03:55:05 PM saved EKE
11/05/2018 03:55:08 PM calculated KE
11/05/2018 03:55:15 PM calculated MSE fluxes
11/05/2018 03:55:26 PM saved raw data
11/05/2018 03:55:29 PM vertical integartion : MSE fluxes
11/05/2018 03:55:32 PM vertical integration : sensible fluxes
11/05/2018 03:55:36 PM vertical integration : latent fluxes
11/05/2018 03:55:40 PM vertical integration : nc potential fluxes
11/05/2018 03:55:44 PM vertical integration : kinetic energy fluxes
11/05/2018 03:55:47 PM vertical integration : Enthalpy 
11/05/2018 04:02:46 PM saved radiation
11/05/2018 04:03:36 PM saved t_surf
11/05/2018 04:04:31 PM saved flux_oceanq
11/05/2018 04:05:24 PM precipitation
11/05/2018 04:05:25 PM radiation-- I think its right now !
11/05/2018 04:05:26 PM calculated dh_by_dt
11/05/2018 04:05:26 PM loaded coordinates dictionary
11/05/2018 04:05:26 PM loaded MSE_flux dictionary
11/05/2018 04:05:26 PM loaded rad_dic dictionary
11/05/2018 04:05:27 PM successfully saved dictionaries in files
11/05/2018 04:05:27 PM Begins calculating TE, SE and MM fluxes ....
11/05/2018 04:05:28 PM calculated dh_by_dt dictionary
11/05/2018 04:07:45 PM loaded zonal decomposed fluxes dictionary
11/05/2018 04:07:45 PM loaded zonal decomposed fluxes without vertical avg dictionary
11/05/2018 04:07:45 PM loaded zonal radiation dictionary
11/05/2018 04:08:22 PM loaded MMC_thermo_dynamic dictionary
11/05/2018 04:08:22 PM loaded MMC_thermo_dynamic_vert dictionary
11/05/2018 04:08:46 PM ...........Extract_ncfile_save_fluxes_radiation.py.............6
11/05/2018 04:08:46 PM imported nc file
11/05/2018 04:10:27 PM imported coordinates
11/05/2018 04:12:56 PM imported pressure
11/05/2018 04:14:13 PM saved temp
11/05/2018 04:15:26 PM saved v_comp
11/05/2018 04:16:42 PM saved u_comp
11/05/2018 04:18:00 PM saved Z
11/05/2018 04:19:10 PM saved q
11/05/2018 04:20:05 PM saved EKE
11/05/2018 04:20:09 PM calculated KE
11/05/2018 04:20:15 PM calculated MSE fluxes
11/05/2018 04:20:26 PM saved raw data
11/05/2018 04:20:29 PM vertical integartion : MSE fluxes
11/05/2018 04:20:32 PM vertical integration : sensible fluxes
11/05/2018 04:20:36 PM vertical integration : latent fluxes
11/05/2018 04:20:40 PM vertical integration : nc potential fluxes
11/05/2018 04:20:43 PM vertical integration : kinetic energy fluxes
11/05/2018 04:20:47 PM vertical integration : Enthalpy 
11/05/2018 04:26:13 PM saved radiation
11/05/2018 04:27:02 PM saved t_surf
11/05/2018 04:27:58 PM saved flux_oceanq
11/05/2018 04:29:06 PM precipitation
11/05/2018 04:29:07 PM radiation-- I think its right now !
11/05/2018 04:29:08 PM calculated dh_by_dt
11/05/2018 04:29:08 PM loaded coordinates dictionary
11/05/2018 04:29:08 PM loaded MSE_flux dictionary
11/05/2018 04:29:08 PM loaded rad_dic dictionary
11/05/2018 04:29:09 PM successfully saved dictionaries in files
11/05/2018 04:29:09 PM Begins calculating TE, SE and MM fluxes ....
11/05/2018 04:29:12 PM calculated dh_by_dt dictionary
11/05/2018 04:31:26 PM loaded zonal decomposed fluxes dictionary
11/05/2018 04:31:26 PM loaded zonal decomposed fluxes without vertical avg dictionary
11/05/2018 04:31:26 PM loaded zonal radiation dictionary
11/05/2018 04:32:02 PM loaded MMC_thermo_dynamic dictionary
11/05/2018 04:32:02 PM loaded MMC_thermo_dynamic_vert dictionary
11/05/2018 04:32:35 PM ...........Extract_ncfile_save_fluxes_radiation.py.............7
11/05/2018 04:32:35 PM imported nc file
11/05/2018 04:35:02 PM imported coordinates
11/05/2018 04:38:36 PM imported pressure
11/05/2018 04:40:11 PM saved temp
11/05/2018 04:41:55 PM saved v_comp
11/05/2018 04:43:24 PM saved u_comp
11/05/2018 04:44:53 PM saved Z
11/05/2018 04:46:21 PM saved q
11/05/2018 04:47:23 PM saved EKE
11/05/2018 04:47:26 PM calculated KE
11/05/2018 04:47:33 PM calculated MSE fluxes
11/05/2018 04:47:44 PM saved raw data
11/05/2018 04:47:47 PM vertical integartion : MSE fluxes
11/05/2018 04:47:51 PM vertical integration : sensible fluxes
11/05/2018 04:47:54 PM vertical integration : latent fluxes
11/05/2018 04:47:58 PM vertical integration : nc potential fluxes
11/05/2018 04:48:02 PM vertical integration : kinetic energy fluxes
11/05/2018 04:48:05 PM vertical integration : Enthalpy 
11/05/2018 04:54:19 PM saved radiation
11/05/2018 04:55:14 PM saved t_surf
11/05/2018 04:56:15 PM saved flux_oceanq
11/05/2018 04:57:10 PM precipitation
11/05/2018 04:57:12 PM radiation-- I think its right now !
11/05/2018 04:57:12 PM calculated dh_by_dt
11/05/2018 04:57:12 PM loaded coordinates dictionary
11/05/2018 04:57:12 PM loaded MSE_flux dictionary
11/05/2018 04:57:12 PM loaded rad_dic dictionary
11/05/2018 04:57:13 PM successfully saved dictionaries in files
11/05/2018 04:57:13 PM Begins calculating TE, SE and MM fluxes ....
11/05/2018 04:57:15 PM calculated dh_by_dt dictionary
11/05/2018 04:59:30 PM loaded zonal decomposed fluxes dictionary
11/05/2018 04:59:30 PM loaded zonal decomposed fluxes without vertical avg dictionary
11/05/2018 04:59:30 PM loaded zonal radiation dictionary
11/05/2018 05:00:06 PM loaded MMC_thermo_dynamic dictionary
11/05/2018 05:00:06 PM loaded MMC_thermo_dynamic_vert dictionary
11/05/2018 05:00:14 PM ...........Extract_ncfile_save_fluxes_radiation.py.............8
11/05/2018 05:00:14 PM imported nc file
11/05/2018 05:02:26 PM imported coordinates
11/05/2018 05:05:46 PM imported pressure
11/05/2018 05:07:12 PM saved temp
11/05/2018 05:08:53 PM saved v_comp
11/05/2018 05:10:43 PM saved u_comp
11/05/2018 05:12:38 PM saved Z
11/05/2018 05:14:42 PM saved q
11/05/2018 05:16:10 PM saved EKE
11/05/2018 05:16:14 PM calculated KE
11/05/2018 05:16:20 PM calculated MSE fluxes
11/05/2018 05:16:31 PM saved raw data
11/05/2018 05:16:34 PM vertical integartion : MSE fluxes
11/05/2018 05:16:37 PM vertical integration : sensible fluxes
11/05/2018 05:16:41 PM vertical integration : latent fluxes
11/05/2018 05:16:45 PM vertical integration : nc potential fluxes
11/05/2018 05:16:49 PM vertical integration : kinetic energy fluxes
11/05/2018 05:16:52 PM vertical integration : Enthalpy 
11/05/2018 05:28:01 PM saved radiation
11/05/2018 05:29:39 PM saved t_surf
11/05/2018 05:31:01 PM saved flux_oceanq
11/05/2018 05:32:37 PM precipitation
11/05/2018 05:32:38 PM radiation-- I think its right now !
11/05/2018 05:32:39 PM calculated dh_by_dt
11/05/2018 05:32:39 PM loaded coordinates dictionary
11/05/2018 05:32:39 PM loaded MSE_flux dictionary
11/05/2018 05:32:39 PM loaded rad_dic dictionary
11/05/2018 05:32:40 PM successfully saved dictionaries in files
11/05/2018 05:32:40 PM Begins calculating TE, SE and MM fluxes ....
11/05/2018 05:32:42 PM calculated dh_by_dt dictionary
11/05/2018 05:34:57 PM loaded zonal decomposed fluxes dictionary
11/05/2018 05:34:57 PM loaded zonal decomposed fluxes without vertical avg dictionary
11/05/2018 05:34:58 PM loaded zonal radiation dictionary
11/05/2018 05:35:34 PM loaded MMC_thermo_dynamic dictionary
11/05/2018 05:35:34 PM loaded MMC_thermo_dynamic_vert dictionary
11/05/2018 05:35:43 PM ...........Extract_ncfile_save_fluxes_radiation.py.............9
11/05/2018 05:35:43 PM imported nc file
11/05/2018 05:39:39 PM imported coordinates
11/05/2018 05:44:24 PM imported pressure
11/05/2018 05:46:04 PM saved temp
11/05/2018 05:47:51 PM saved v_comp
11/05/2018 05:49:29 PM saved u_comp
11/05/2018 05:51:21 PM saved Z
11/05/2018 05:53:05 PM saved q
11/05/2018 05:54:22 PM saved EKE
11/05/2018 05:54:25 PM calculated KE
11/05/2018 05:54:31 PM calculated MSE fluxes
11/05/2018 05:54:43 PM saved raw data
11/05/2018 05:54:45 PM vertical integartion : MSE fluxes
11/05/2018 05:54:49 PM vertical integration : sensible fluxes
11/05/2018 05:54:52 PM vertical integration : latent fluxes
11/05/2018 05:54:56 PM vertical integration : nc potential fluxes
11/05/2018 05:54:59 PM vertical integration : kinetic energy fluxes
11/05/2018 05:55:03 PM vertical integration : Enthalpy 
11/05/2018 06:02:45 PM saved radiation
11/05/2018 06:03:58 PM saved t_surf
11/05/2018 06:05:10 PM saved flux_oceanq
11/05/2018 06:06:24 PM precipitation
11/05/2018 06:06:25 PM radiation-- I think its right now !
11/05/2018 06:06:26 PM calculated dh_by_dt
11/05/2018 06:06:26 PM loaded coordinates dictionary
11/05/2018 06:06:26 PM loaded MSE_flux dictionary
11/05/2018 06:06:26 PM loaded rad_dic dictionary
11/05/2018 06:06:27 PM successfully saved dictionaries in files
11/05/2018 06:06:27 PM Begins calculating TE, SE and MM fluxes ....
11/05/2018 06:06:29 PM calculated dh_by_dt dictionary
11/05/2018 06:08:44 PM loaded zonal decomposed fluxes dictionary
11/05/2018 06:08:44 PM loaded zonal decomposed fluxes without vertical avg dictionary
11/05/2018 06:08:44 PM loaded zonal radiation dictionary
11/05/2018 06:09:19 PM loaded MMC_thermo_dynamic dictionary
11/05/2018 06:09:19 PM loaded MMC_thermo_dynamic_vert dictionary
11/05/2018 06:09:24 PM ** INTERPOLATION ** 
11/05/2018 06:09:28 PM ----0----
11/05/2018 06:09:28 PM ----1----
11/05/2018 06:09:29 PM ----2----
11/05/2018 06:09:29 PM ----3----
11/05/2018 06:09:29 PM ----4----
11/05/2018 06:09:29 PM ----5----
11/05/2018 06:09:30 PM ----6----
11/05/2018 06:09:30 PM ----7----
11/05/2018 06:09:30 PM ----8----
11/05/2018 06:09:30 PM ----9----
11/05/2018 06:09:31 PM Calculated interpolation
11/05/2018 06:09:31 PM Calculated divergence
11/05/2018 06:09:32 PM Saved raw data interp dictionary
11/05/2018 06:09:32 PM Saved flux interp dictionary
11/05/2018 06:09:32 PM Saved flux divergence interp
11/05/2018 06:09:32 PM Saved flux vert dictionary
11/05/2018 06:09:32 PM Saved flux divergence vert interp
11/05/2018 06:09:32 PM Looks great !!
11/05/2018 06:09:33 PM ** INTERPOLATION ** 
11/05/2018 06:09:34 PM ----0----
11/05/2018 06:09:34 PM ----1----
11/05/2018 06:09:35 PM ----2----
11/05/2018 06:09:35 PM ----3----
11/05/2018 06:09:35 PM ----4----
11/05/2018 06:09:35 PM ----5----
11/05/2018 06:09:35 PM ----6----
11/05/2018 06:09:35 PM ----7----
11/05/2018 06:09:35 PM ----8----
11/05/2018 06:09:35 PM ----9----
11/05/2018 06:09:36 PM Calculated interpolation
11/05/2018 06:09:36 PM Saved decompose mmc dictionary
11/05/2018 06:09:36 PM Saved decompose mmc dictionary
11/05/2018 06:09:36 PM Looks great !!
