04/27/2018 09:40:48 AM ** INTERPOLATION ** 
04/27/2018 12:21:27 PM destination folder created !
04/27/2018 12:21:28 PM ...........Extract_ncfile_save_fluxes_radiation.py.............1
04/27/2018 12:21:28 PM imported nc file
04/27/2018 12:23:39 PM imported coordinates
04/27/2018 12:27:23 PM imported pressure
04/27/2018 12:29:05 PM saved temp
04/27/2018 12:30:33 PM saved v_comp
04/27/2018 12:32:06 PM saved u_comp
04/27/2018 12:33:38 PM saved Z
04/27/2018 12:35:23 PM saved q
04/27/2018 12:36:23 PM saved EKE
04/27/2018 12:36:31 PM calculated KE
04/27/2018 12:36:46 PM calculated MSE fluxes
04/27/2018 12:36:58 PM vertical integartion : MSE fluxes
04/27/2018 12:37:11 PM destination folder created !
04/27/2018 12:37:11 PM ...........Extract_ncfile_save_fluxes_radiation.py.............2
04/27/2018 12:37:11 PM imported nc file
04/27/2018 12:37:43 PM imported coordinates
04/27/2018 12:39:31 PM imported pressure
04/27/2018 12:40:17 PM saved temp
04/27/2018 12:41:05 PM saved v_comp
04/27/2018 12:41:52 PM saved u_comp
04/27/2018 12:42:42 PM saved Z
04/27/2018 12:43:34 PM saved q
04/27/2018 12:44:06 PM saved EKE
04/27/2018 12:44:11 PM calculated KE
04/27/2018 12:44:18 PM calculated MSE fluxes
04/27/2018 12:44:24 PM vertical integartion : MSE fluxes
04/27/2018 12:44:31 PM vertical integration : sensible fluxes
04/27/2018 12:44:38 PM vertical integration : latent fluxes
04/27/2018 12:44:45 PM vertical integration : nc potential fluxes
04/27/2018 12:44:52 PM vertical integration : kinetic energy fluxes
04/27/2018 12:44:59 PM vertical integration : Enthalpy 
04/27/2018 12:45:49 PM saved radiation
04/27/2018 12:45:52 PM saved t_surf
04/27/2018 12:45:54 PM saved flux_oceanq
04/27/2018 12:45:55 PM radiation-- I think its right now !
04/27/2018 12:45:56 PM calculated dh_by_dt
04/27/2018 12:45:56 PM loaded coordinates dictionary
04/27/2018 12:45:56 PM loaded MSE_flux dictionary
04/27/2018 12:45:56 PM loaded rad_dic dictionary
04/27/2018 12:45:57 PM successfully saved dictionaries in files
04/27/2018 12:45:57 PM Begins calculating TE, SE and MM fluxes ....
04/27/2018 12:46:02 PM destination folder created !
04/27/2018 12:46:02 PM ...........Extract_ncfile_save_fluxes_radiation.py.............3
04/27/2018 12:46:02 PM imported nc file
04/27/2018 12:46:33 PM imported coordinates
04/27/2018 12:48:02 PM imported pressure
04/27/2018 12:48:49 PM saved temp
04/27/2018 12:49:34 PM saved v_comp
04/27/2018 12:50:21 PM saved u_comp
04/27/2018 12:51:04 PM saved Z
04/27/2018 12:51:49 PM saved q
04/27/2018 12:52:18 PM saved EKE
04/27/2018 12:52:22 PM calculated KE
04/27/2018 12:52:30 PM calculated MSE fluxes
04/27/2018 12:52:36 PM vertical integartion : MSE fluxes
04/27/2018 12:52:43 PM vertical integration : sensible fluxes
04/27/2018 12:52:50 PM vertical integration : latent fluxes
04/27/2018 12:52:57 PM vertical integration : nc potential fluxes
04/27/2018 12:53:04 PM vertical integration : kinetic energy fluxes
04/27/2018 12:53:11 PM vertical integration : Enthalpy 
04/27/2018 12:54:00 PM saved radiation
04/27/2018 12:54:02 PM saved t_surf
04/27/2018 12:54:03 PM saved flux_oceanq
04/27/2018 12:54:05 PM radiation-- I think its right now !
04/27/2018 12:54:05 PM calculated dh_by_dt
04/27/2018 12:54:05 PM loaded coordinates dictionary
04/27/2018 12:54:05 PM loaded MSE_flux dictionary
04/27/2018 12:54:05 PM loaded rad_dic dictionary
04/27/2018 12:54:07 PM successfully saved dictionaries in files
04/27/2018 12:54:07 PM Begins calculating TE, SE and MM fluxes ....
04/27/2018 12:54:11 PM destination folder created !
04/27/2018 12:54:12 PM ...........Extract_ncfile_save_fluxes_radiation.py.............4
04/27/2018 12:54:12 PM imported nc file
04/27/2018 12:54:41 PM imported coordinates
04/27/2018 12:56:03 PM imported pressure
04/27/2018 12:56:46 PM saved temp
04/27/2018 12:57:05 PM saved v_comp
04/27/2018 12:57:21 PM saved u_comp
04/27/2018 12:58:10 PM saved Z
04/27/2018 12:58:55 PM saved q
04/27/2018 12:59:26 PM saved EKE
04/27/2018 12:59:30 PM calculated KE
04/27/2018 12:59:38 PM calculated MSE fluxes
04/27/2018 12:59:43 PM vertical integartion : MSE fluxes
04/27/2018 12:59:50 PM vertical integration : sensible fluxes
04/27/2018 12:59:57 PM vertical integration : latent fluxes
04/27/2018 01:00:04 PM vertical integration : nc potential fluxes
04/27/2018 01:00:11 PM vertical integration : kinetic energy fluxes
04/27/2018 01:00:18 PM vertical integration : Enthalpy 
04/27/2018 01:01:11 PM saved radiation
04/27/2018 01:01:12 PM saved t_surf
04/27/2018 01:01:14 PM saved flux_oceanq
04/27/2018 01:01:16 PM radiation-- I think its right now !
04/27/2018 01:01:16 PM calculated dh_by_dt
04/27/2018 01:01:16 PM loaded coordinates dictionary
04/27/2018 01:01:16 PM loaded MSE_flux dictionary
04/27/2018 01:01:16 PM loaded rad_dic dictionary
04/27/2018 01:01:18 PM successfully saved dictionaries in files
04/27/2018 01:01:18 PM Begins calculating TE, SE and MM fluxes ....
04/27/2018 01:01:22 PM destination folder created !
04/27/2018 01:01:23 PM ...........Extract_ncfile_save_fluxes_radiation.py.............5
04/27/2018 01:01:23 PM imported nc file
04/27/2018 01:01:56 PM imported coordinates
04/27/2018 01:03:38 PM imported pressure
04/27/2018 01:04:25 PM saved temp
04/27/2018 01:05:11 PM saved v_comp
04/27/2018 01:05:58 PM saved u_comp
04/27/2018 01:06:41 PM saved Z
04/27/2018 01:07:18 PM saved q
04/27/2018 01:07:47 PM saved EKE
04/27/2018 01:07:51 PM calculated KE
04/27/2018 01:07:59 PM calculated MSE fluxes
04/27/2018 01:08:05 PM vertical integartion : MSE fluxes
04/27/2018 01:08:12 PM vertical integration : sensible fluxes
04/27/2018 01:08:19 PM vertical integration : latent fluxes
04/27/2018 01:08:26 PM vertical integration : nc potential fluxes
04/27/2018 01:08:33 PM vertical integration : kinetic energy fluxes
04/27/2018 01:08:40 PM vertical integration : Enthalpy 
04/27/2018 01:09:29 PM saved radiation
04/27/2018 01:09:31 PM saved t_surf
04/27/2018 01:09:32 PM saved flux_oceanq
04/27/2018 01:09:34 PM radiation-- I think its right now !
04/27/2018 01:09:34 PM calculated dh_by_dt
04/27/2018 01:09:34 PM loaded coordinates dictionary
04/27/2018 01:09:34 PM loaded MSE_flux dictionary
04/27/2018 01:09:34 PM loaded rad_dic dictionary
04/27/2018 01:09:35 PM successfully saved dictionaries in files
04/27/2018 01:09:35 PM Begins calculating TE, SE and MM fluxes ....
04/27/2018 01:09:39 PM ** INTERPOLATION ** 
04/28/2018 05:54:26 PM ...........Extract_ncfile_save_fluxes_radiation.py.............1
04/28/2018 05:54:26 PM imported nc file
04/28/2018 05:54:55 PM imported coordinates
04/28/2018 05:56:34 PM imported pressure
04/28/2018 05:57:19 PM saved temp
04/28/2018 05:58:03 PM saved v_comp
04/28/2018 05:58:51 PM saved u_comp
04/28/2018 05:59:39 PM saved Z
04/28/2018 06:00:21 PM saved q
04/28/2018 06:00:48 PM saved EKE
04/28/2018 06:00:53 PM calculated KE
04/28/2018 06:01:00 PM calculated MSE fluxes
04/28/2018 06:01:06 PM vertical integartion : MSE fluxes
04/28/2018 06:01:14 PM vertical integration : sensible fluxes
04/28/2018 06:01:21 PM vertical integration : latent fluxes
04/28/2018 06:01:28 PM vertical integration : nc potential fluxes
04/28/2018 06:01:35 PM vertical integration : kinetic energy fluxes
04/28/2018 06:01:42 PM vertical integration : Enthalpy 
04/28/2018 06:02:32 PM saved radiation
04/28/2018 06:02:34 PM saved t_surf
04/28/2018 06:02:35 PM saved flux_oceanq
04/28/2018 06:02:37 PM radiation-- I think its right now !
04/28/2018 06:02:37 PM calculated dh_by_dt
04/28/2018 06:02:37 PM loaded coordinates dictionary
04/28/2018 06:02:37 PM loaded MSE_flux dictionary
04/28/2018 06:02:37 PM loaded rad_dic dictionary
04/28/2018 06:02:39 PM successfully saved dictionaries in files
04/28/2018 06:02:39 PM Begins calculating TE, SE and MM fluxes ....
04/28/2018 06:02:41 PM calculated dh_by_dt dictionary
04/28/2018 06:04:15 PM loaded zonal decomposed fluxes dictionary
04/28/2018 06:04:15 PM loaded zonal radiation dictionary
04/28/2018 06:04:20 PM ...........Extract_ncfile_save_fluxes_radiation.py.............2
04/28/2018 06:04:20 PM imported nc file
04/28/2018 06:04:52 PM imported coordinates
04/28/2018 06:06:17 PM imported pressure
04/28/2018 06:07:00 PM saved temp
04/28/2018 06:07:47 PM saved v_comp
04/28/2018 06:08:34 PM saved u_comp
04/28/2018 06:09:18 PM saved Z
04/28/2018 06:10:02 PM saved q
04/28/2018 06:10:31 PM saved EKE
04/28/2018 06:10:36 PM calculated KE
04/28/2018 06:10:43 PM calculated MSE fluxes
04/28/2018 06:10:49 PM vertical integartion : MSE fluxes
04/28/2018 06:10:56 PM vertical integration : sensible fluxes
04/28/2018 06:11:02 PM vertical integration : latent fluxes
04/28/2018 06:11:09 PM vertical integration : nc potential fluxes
04/28/2018 06:11:16 PM vertical integration : kinetic energy fluxes
04/28/2018 06:11:23 PM vertical integration : Enthalpy 
04/28/2018 06:13:29 PM saved radiation
04/28/2018 06:13:31 PM saved t_surf
04/28/2018 06:13:33 PM saved flux_oceanq
04/28/2018 06:13:34 PM radiation-- I think its right now !
04/28/2018 06:13:35 PM calculated dh_by_dt
04/28/2018 06:13:35 PM loaded coordinates dictionary
04/28/2018 06:13:35 PM loaded MSE_flux dictionary
04/28/2018 06:13:35 PM loaded rad_dic dictionary
04/28/2018 06:13:36 PM successfully saved dictionaries in files
04/28/2018 06:13:36 PM Begins calculating TE, SE and MM fluxes ....
04/28/2018 06:13:38 PM calculated dh_by_dt dictionary
04/28/2018 06:15:13 PM loaded zonal decomposed fluxes dictionary
04/28/2018 06:15:13 PM loaded zonal radiation dictionary
04/28/2018 06:15:18 PM ...........Extract_ncfile_save_fluxes_radiation.py.............3
04/28/2018 06:15:18 PM imported nc file
04/28/2018 06:15:52 PM imported coordinates
04/28/2018 06:17:22 PM imported pressure
04/28/2018 06:18:07 PM saved temp
04/28/2018 06:18:51 PM saved v_comp
04/28/2018 06:19:36 PM saved u_comp
04/28/2018 06:20:24 PM saved Z
04/28/2018 06:21:11 PM saved q
04/28/2018 06:21:39 PM saved EKE
04/28/2018 06:21:44 PM calculated KE
04/28/2018 06:21:51 PM calculated MSE fluxes
04/28/2018 06:21:57 PM vertical integartion : MSE fluxes
04/28/2018 06:22:04 PM vertical integration : sensible fluxes
04/28/2018 06:22:11 PM vertical integration : latent fluxes
04/28/2018 06:22:19 PM vertical integration : nc potential fluxes
04/28/2018 06:22:26 PM vertical integration : kinetic energy fluxes
04/28/2018 06:22:33 PM vertical integration : Enthalpy 
04/28/2018 06:24:30 PM saved radiation
04/28/2018 06:24:32 PM saved t_surf
04/28/2018 06:24:34 PM saved flux_oceanq
04/28/2018 06:24:35 PM radiation-- I think its right now !
04/28/2018 06:24:36 PM calculated dh_by_dt
04/28/2018 06:24:36 PM loaded coordinates dictionary
04/28/2018 06:24:36 PM loaded MSE_flux dictionary
04/28/2018 06:24:36 PM loaded rad_dic dictionary
04/28/2018 06:24:37 PM successfully saved dictionaries in files
04/28/2018 06:24:37 PM Begins calculating TE, SE and MM fluxes ....
04/28/2018 06:24:39 PM calculated dh_by_dt dictionary
04/28/2018 06:26:14 PM loaded zonal decomposed fluxes dictionary
04/28/2018 06:26:14 PM loaded zonal radiation dictionary
04/28/2018 06:26:19 PM ...........Extract_ncfile_save_fluxes_radiation.py.............4
04/28/2018 06:26:19 PM imported nc file
04/28/2018 06:26:54 PM imported coordinates
04/28/2018 06:28:19 PM imported pressure
04/28/2018 06:29:06 PM saved temp
04/28/2018 06:29:54 PM saved v_comp
04/28/2018 06:30:42 PM saved u_comp
04/28/2018 06:31:30 PM saved Z
04/28/2018 06:32:16 PM saved q
04/28/2018 06:32:47 PM saved EKE
04/28/2018 06:32:51 PM calculated KE
04/28/2018 06:32:58 PM calculated MSE fluxes
04/28/2018 06:33:04 PM vertical integartion : MSE fluxes
04/28/2018 06:33:11 PM vertical integration : sensible fluxes
04/28/2018 06:33:18 PM vertical integration : latent fluxes
04/28/2018 06:33:25 PM vertical integration : nc potential fluxes
04/28/2018 06:33:31 PM vertical integration : kinetic energy fluxes
04/28/2018 06:33:38 PM vertical integration : Enthalpy 
04/28/2018 06:34:27 PM saved radiation
04/28/2018 06:34:29 PM saved t_surf
04/28/2018 06:34:31 PM saved flux_oceanq
04/28/2018 06:34:32 PM radiation-- I think its right now !
04/28/2018 06:34:33 PM calculated dh_by_dt
04/28/2018 06:34:33 PM loaded coordinates dictionary
04/28/2018 06:34:33 PM loaded MSE_flux dictionary
04/28/2018 06:34:33 PM loaded rad_dic dictionary
04/28/2018 06:34:34 PM successfully saved dictionaries in files
04/28/2018 06:34:34 PM Begins calculating TE, SE and MM fluxes ....
04/28/2018 06:34:36 PM calculated dh_by_dt dictionary
04/28/2018 06:36:10 PM loaded zonal decomposed fluxes dictionary
04/28/2018 06:36:10 PM loaded zonal radiation dictionary
04/28/2018 06:36:15 PM ...........Extract_ncfile_save_fluxes_radiation.py.............5
04/28/2018 06:36:15 PM imported nc file
04/28/2018 06:36:45 PM imported coordinates
04/28/2018 06:38:11 PM imported pressure
04/28/2018 06:38:57 PM saved temp
04/28/2018 06:39:41 PM saved v_comp
04/28/2018 06:40:26 PM saved u_comp
04/28/2018 06:41:17 PM saved Z
04/28/2018 06:42:08 PM saved q
04/28/2018 06:42:36 PM saved EKE
04/28/2018 06:42:40 PM calculated KE
04/28/2018 06:42:47 PM calculated MSE fluxes
04/28/2018 06:42:53 PM vertical integartion : MSE fluxes
04/28/2018 06:43:00 PM vertical integration : sensible fluxes
04/28/2018 06:43:07 PM vertical integration : latent fluxes
04/28/2018 06:43:13 PM vertical integration : nc potential fluxes
04/28/2018 06:43:20 PM vertical integration : kinetic energy fluxes
04/28/2018 06:43:27 PM vertical integration : Enthalpy 
04/28/2018 06:44:17 PM saved radiation
04/28/2018 06:44:19 PM saved t_surf
04/28/2018 06:44:21 PM saved flux_oceanq
04/28/2018 06:44:22 PM radiation-- I think its right now !
04/28/2018 06:44:23 PM calculated dh_by_dt
04/28/2018 06:44:23 PM loaded coordinates dictionary
04/28/2018 06:44:23 PM loaded MSE_flux dictionary
04/28/2018 06:44:23 PM loaded rad_dic dictionary
04/28/2018 06:44:24 PM successfully saved dictionaries in files
04/28/2018 06:44:24 PM Begins calculating TE, SE and MM fluxes ....
04/28/2018 06:44:26 PM calculated dh_by_dt dictionary
04/28/2018 06:46:02 PM loaded zonal decomposed fluxes dictionary
04/28/2018 06:46:02 PM loaded zonal radiation dictionary
04/28/2018 06:46:06 PM ** INTERPOLATION ** 
04/28/2018 08:06:46 PM ...........Extract_ncfile_save_fluxes_radiation.py.............1
04/28/2018 08:06:46 PM imported nc file
04/28/2018 08:07:15 PM imported coordinates
04/28/2018 08:08:42 PM imported pressure
04/28/2018 08:09:28 PM saved temp
04/28/2018 08:10:11 PM saved v_comp
04/28/2018 08:10:42 PM saved u_comp
04/28/2018 08:11:24 PM saved Z
04/28/2018 08:12:10 PM saved q
04/28/2018 08:12:38 PM saved EKE
04/28/2018 08:12:42 PM calculated KE
04/28/2018 08:12:49 PM calculated MSE fluxes
04/28/2018 08:12:55 PM vertical integartion : MSE fluxes
04/28/2018 08:13:02 PM vertical integration : sensible fluxes
04/28/2018 08:13:09 PM vertical integration : latent fluxes
04/28/2018 08:13:16 PM vertical integration : nc potential fluxes
04/28/2018 08:13:23 PM vertical integration : kinetic energy fluxes
04/28/2018 08:13:29 PM vertical integration : Enthalpy 
04/28/2018 08:14:18 PM saved radiation
04/28/2018 08:14:20 PM saved t_surf
04/28/2018 08:14:22 PM saved flux_oceanq
04/28/2018 08:14:23 PM radiation-- I think its right now !
04/28/2018 08:14:24 PM calculated dh_by_dt
04/28/2018 08:14:24 PM loaded coordinates dictionary
04/28/2018 08:14:24 PM loaded MSE_flux dictionary
04/28/2018 08:14:24 PM loaded rad_dic dictionary
04/28/2018 08:14:25 PM successfully saved dictionaries in files
04/28/2018 08:14:25 PM Begins calculating TE, SE and MM fluxes ....
04/28/2018 08:14:28 PM calculated dh_by_dt dictionary
04/28/2018 08:16:05 PM loaded zonal decomposed fluxes dictionary
04/28/2018 08:16:05 PM loaded zonal radiation dictionary
04/28/2018 08:16:11 PM ...........Extract_ncfile_save_fluxes_radiation.py.............2
04/28/2018 08:16:11 PM imported nc file
04/28/2018 08:16:54 PM imported coordinates
04/28/2018 08:18:28 PM imported pressure
04/28/2018 08:19:10 PM saved temp
04/28/2018 08:19:26 PM saved v_comp
04/28/2018 08:19:41 PM saved u_comp
04/28/2018 08:20:23 PM saved Z
04/28/2018 08:20:53 PM saved q
04/28/2018 08:21:21 PM saved EKE
04/28/2018 08:21:26 PM calculated KE
04/28/2018 08:21:34 PM calculated MSE fluxes
04/28/2018 08:21:39 PM vertical integartion : MSE fluxes
04/28/2018 08:21:46 PM vertical integration : sensible fluxes
04/28/2018 08:21:53 PM vertical integration : latent fluxes
04/28/2018 08:22:00 PM vertical integration : nc potential fluxes
04/28/2018 08:22:08 PM vertical integration : kinetic energy fluxes
04/28/2018 08:22:14 PM vertical integration : Enthalpy 
04/28/2018 08:23:02 PM saved radiation
04/28/2018 08:23:03 PM saved t_surf
04/28/2018 08:23:05 PM saved flux_oceanq
04/28/2018 08:23:07 PM radiation-- I think its right now !
04/28/2018 08:23:07 PM calculated dh_by_dt
04/28/2018 08:23:07 PM loaded coordinates dictionary
04/28/2018 08:23:07 PM loaded MSE_flux dictionary
04/28/2018 08:23:07 PM loaded rad_dic dictionary
04/28/2018 08:23:08 PM successfully saved dictionaries in files
04/28/2018 08:23:08 PM Begins calculating TE, SE and MM fluxes ....
04/28/2018 08:23:10 PM calculated dh_by_dt dictionary
04/28/2018 08:24:45 PM loaded zonal decomposed fluxes dictionary
04/28/2018 08:24:45 PM loaded zonal radiation dictionary
04/28/2018 08:24:51 PM ...........Extract_ncfile_save_fluxes_radiation.py.............3
04/28/2018 08:24:51 PM imported nc file
04/28/2018 08:25:19 PM imported coordinates
04/28/2018 08:26:39 PM imported pressure
04/28/2018 08:27:24 PM saved temp
04/28/2018 08:28:07 PM saved v_comp
04/28/2018 08:28:49 PM saved u_comp
04/28/2018 08:29:31 PM saved Z
04/28/2018 08:30:16 PM saved q
04/28/2018 08:30:44 PM saved EKE
04/28/2018 08:30:48 PM calculated KE
04/28/2018 08:30:56 PM calculated MSE fluxes
04/28/2018 08:31:01 PM vertical integartion : MSE fluxes
04/28/2018 08:31:08 PM vertical integration : sensible fluxes
04/28/2018 08:31:15 PM vertical integration : latent fluxes
04/28/2018 08:31:22 PM vertical integration : nc potential fluxes
04/28/2018 08:31:29 PM vertical integration : kinetic energy fluxes
04/28/2018 08:31:36 PM vertical integration : Enthalpy 
04/28/2018 08:32:23 PM saved radiation
04/28/2018 08:32:26 PM saved t_surf
04/28/2018 08:32:28 PM saved flux_oceanq
04/28/2018 08:32:29 PM radiation-- I think its right now !
04/28/2018 08:32:30 PM calculated dh_by_dt
04/28/2018 08:32:30 PM loaded coordinates dictionary
04/28/2018 08:32:30 PM loaded MSE_flux dictionary
04/28/2018 08:32:30 PM loaded rad_dic dictionary
04/28/2018 08:32:31 PM successfully saved dictionaries in files
04/28/2018 08:32:31 PM Begins calculating TE, SE and MM fluxes ....
04/28/2018 08:32:33 PM calculated dh_by_dt dictionary
04/28/2018 08:34:04 PM loaded zonal decomposed fluxes dictionary
04/28/2018 08:34:04 PM loaded zonal radiation dictionary
04/28/2018 08:34:10 PM ...........Extract_ncfile_save_fluxes_radiation.py.............4
04/28/2018 08:34:10 PM imported nc file
04/28/2018 08:34:39 PM imported coordinates
04/28/2018 08:36:06 PM imported pressure
04/28/2018 08:36:51 PM saved temp
04/28/2018 08:37:32 PM saved v_comp
04/28/2018 08:38:15 PM saved u_comp
04/28/2018 08:38:59 PM saved Z
04/28/2018 08:39:44 PM saved q
04/28/2018 08:40:10 PM saved EKE
04/28/2018 08:40:14 PM calculated KE
04/28/2018 08:40:22 PM calculated MSE fluxes
04/28/2018 08:40:28 PM vertical integartion : MSE fluxes
04/28/2018 08:40:35 PM vertical integration : sensible fluxes
04/28/2018 08:40:42 PM vertical integration : latent fluxes
04/28/2018 08:40:49 PM vertical integration : nc potential fluxes
04/28/2018 08:40:56 PM vertical integration : kinetic energy fluxes
04/28/2018 08:41:03 PM vertical integration : Enthalpy 
04/28/2018 08:41:54 PM saved radiation
04/28/2018 08:41:55 PM saved t_surf
04/28/2018 08:41:57 PM saved flux_oceanq
04/28/2018 08:41:58 PM radiation-- I think its right now !
04/28/2018 08:41:59 PM calculated dh_by_dt
04/28/2018 08:41:59 PM loaded coordinates dictionary
04/28/2018 08:41:59 PM loaded MSE_flux dictionary
04/28/2018 08:41:59 PM loaded rad_dic dictionary
04/28/2018 08:42:00 PM successfully saved dictionaries in files
04/28/2018 08:42:00 PM Begins calculating TE, SE and MM fluxes ....
04/28/2018 08:42:02 PM calculated dh_by_dt dictionary
04/28/2018 08:43:37 PM loaded zonal decomposed fluxes dictionary
04/28/2018 08:43:37 PM loaded zonal radiation dictionary
04/28/2018 08:43:42 PM ...........Extract_ncfile_save_fluxes_radiation.py.............5
04/28/2018 08:43:42 PM imported nc file
04/28/2018 08:44:12 PM imported coordinates
04/28/2018 08:45:43 PM imported pressure
04/28/2018 08:46:26 PM saved temp
04/28/2018 08:47:08 PM saved v_comp
04/28/2018 08:47:54 PM saved u_comp
04/28/2018 08:48:39 PM saved Z
04/28/2018 08:49:21 PM saved q
04/28/2018 08:49:48 PM saved EKE
04/28/2018 08:49:52 PM calculated KE
04/28/2018 08:50:00 PM calculated MSE fluxes
04/28/2018 08:50:06 PM vertical integartion : MSE fluxes
04/28/2018 08:50:13 PM vertical integration : sensible fluxes
04/28/2018 08:50:20 PM vertical integration : latent fluxes
04/28/2018 08:50:27 PM vertical integration : nc potential fluxes
04/28/2018 08:50:34 PM vertical integration : kinetic energy fluxes
04/28/2018 08:50:41 PM vertical integration : Enthalpy 
04/28/2018 08:51:37 PM saved radiation
04/28/2018 08:51:39 PM saved t_surf
04/28/2018 08:51:41 PM saved flux_oceanq
04/28/2018 08:51:42 PM radiation-- I think its right now !
04/28/2018 08:51:43 PM calculated dh_by_dt
04/28/2018 08:51:43 PM loaded coordinates dictionary
04/28/2018 08:51:43 PM loaded MSE_flux dictionary
04/28/2018 08:51:43 PM loaded rad_dic dictionary
04/28/2018 08:51:44 PM successfully saved dictionaries in files
04/28/2018 08:51:44 PM Begins calculating TE, SE and MM fluxes ....
04/28/2018 08:51:46 PM calculated dh_by_dt dictionary
04/28/2018 08:53:18 PM loaded zonal decomposed fluxes dictionary
04/28/2018 08:53:18 PM loaded zonal radiation dictionary
04/28/2018 08:53:21 PM ** INTERPOLATION ** 
04/28/2018 08:53:23 PM destination folder created !
04/28/2018 08:53:23 PM ----1----
04/28/2018 08:53:23 PM ----2----
04/28/2018 08:53:23 PM ----3----
04/28/2018 08:53:23 PM ----4----
04/28/2018 08:53:23 PM ----5----
04/28/2018 09:43:45 PM ** INTERPOLATION ** 
04/28/2018 09:43:46 PM ----1----
04/28/2018 09:43:46 PM ----2----
04/28/2018 09:43:46 PM ----3----
04/28/2018 09:43:46 PM ----4----
04/28/2018 09:43:46 PM ----5----
04/28/2018 09:52:45 PM ** INTERPOLATION ** 
04/28/2018 09:52:53 PM ----1----
04/28/2018 09:52:53 PM ----2----
04/28/2018 09:52:54 PM ----3----
04/28/2018 09:52:54 PM ----4----
04/28/2018 09:52:54 PM ----5----
04/28/2018 09:52:55 PM Calculated interpolation
04/28/2018 09:52:55 PM Calculated divergence
04/28/2018 09:52:55 PM Saved flux interp dictionary
04/28/2018 09:52:55 PM Saved flux divergence interp
04/28/2018 09:52:55 PM Looks great !!
04/28/2018 09:57:58 PM ** INTERPOLATION ** 
04/28/2018 09:58:00 PM ----1----
04/28/2018 09:58:00 PM ----2----
04/28/2018 09:58:00 PM ----3----
04/28/2018 09:58:00 PM ----4----
04/28/2018 09:58:00 PM ----5----
04/28/2018 09:58:00 PM Calculated interpolation
04/28/2018 09:58:00 PM Calculated divergence
04/28/2018 09:58:00 PM Saved flux interp dictionary
04/28/2018 09:58:00 PM Saved flux divergence interp
04/28/2018 09:58:00 PM Looks great !!
04/28/2018 10:03:15 PM ** INTERPOLATION ** 
04/28/2018 10:03:17 PM ----1----
04/28/2018 10:03:17 PM ----2----
04/28/2018 10:03:17 PM ----3----
04/28/2018 10:03:17 PM ----4----
04/28/2018 10:03:17 PM ----5----
04/28/2018 10:03:17 PM Calculated interpolation
04/28/2018 10:03:17 PM Calculated divergence
04/28/2018 10:03:17 PM Saved flux interp dictionary
04/28/2018 10:03:17 PM Saved flux divergence interp
04/28/2018 10:03:17 PM Looks great !!
04/28/2018 10:03:18 PM ...........plot_and_save_div_MSE.py.............
04/28/2018 10:24:18 PM ** INTERPOLATION ** 
04/28/2018 10:24:21 PM ----1----
04/28/2018 10:24:21 PM ----2----
04/28/2018 10:24:21 PM ----3----
04/28/2018 10:24:21 PM ----4----
04/28/2018 10:24:21 PM ----5----
04/28/2018 10:24:24 PM Calculated interpolation
04/28/2018 10:24:24 PM Calculated divergence
04/28/2018 10:24:24 PM Saved flux interp dictionary
04/28/2018 10:24:24 PM Saved flux divergence interp
04/28/2018 10:24:24 PM Looks great !!
04/28/2018 10:24:26 PM ...........plot_and_save_div_MSE.py.............
05/03/2018 01:48:02 PM ...........Extract_ncfile_save_fluxes_radiation.py.............1
05/03/2018 01:48:02 PM imported nc file
05/03/2018 01:48:34 PM imported coordinates
05/03/2018 01:49:59 PM imported pressure
05/03/2018 01:50:49 PM saved temp
05/03/2018 01:51:06 PM saved v_comp
05/03/2018 01:51:23 PM saved u_comp
05/03/2018 01:52:09 PM saved Z
05/03/2018 01:52:40 PM saved q
05/03/2018 01:53:09 PM saved EKE
05/03/2018 01:53:13 PM calculated KE
05/03/2018 01:53:21 PM calculated MSE fluxes
05/03/2018 01:53:27 PM vertical integartion : MSE fluxes
05/03/2018 01:53:34 PM vertical integration : sensible fluxes
05/03/2018 01:53:41 PM vertical integration : latent fluxes
05/03/2018 01:53:48 PM vertical integration : nc potential fluxes
05/03/2018 01:53:55 PM vertical integration : kinetic energy fluxes
05/03/2018 01:54:03 PM vertical integration : Enthalpy 
05/03/2018 01:54:53 PM saved radiation
05/03/2018 01:54:55 PM saved t_surf
05/03/2018 01:54:57 PM saved flux_oceanq
05/03/2018 01:54:58 PM radiation-- I think its right now !
05/03/2018 01:54:59 PM calculated dh_by_dt
05/03/2018 01:54:59 PM loaded coordinates dictionary
05/03/2018 01:54:59 PM loaded MSE_flux dictionary
05/03/2018 01:54:59 PM loaded rad_dic dictionary
05/03/2018 01:55:00 PM successfully saved dictionaries in files
05/03/2018 01:55:00 PM Begins calculating TE, SE and MM fluxes ....
05/03/2018 01:55:02 PM calculated dh_by_dt dictionary
05/03/2018 01:56:36 PM loaded zonal decomposed fluxes dictionary
05/03/2018 01:56:36 PM loaded zonal radiation dictionary
05/03/2018 01:56:43 PM ...........Extract_ncfile_save_fluxes_radiation.py.............2
05/03/2018 01:56:43 PM imported nc file
05/03/2018 01:57:18 PM imported coordinates
05/03/2018 01:58:39 PM imported pressure
05/03/2018 01:59:31 PM saved temp
05/03/2018 01:59:54 PM saved v_comp
05/03/2018 02:00:13 PM saved u_comp
05/03/2018 02:01:01 PM saved Z
05/03/2018 02:01:32 PM saved q
05/03/2018 02:02:00 PM saved EKE
05/03/2018 02:02:04 PM calculated KE
05/03/2018 02:02:11 PM calculated MSE fluxes
05/03/2018 02:02:17 PM vertical integartion : MSE fluxes
05/03/2018 02:02:24 PM vertical integration : sensible fluxes
05/03/2018 02:02:32 PM vertical integration : latent fluxes
05/03/2018 02:02:39 PM vertical integration : nc potential fluxes
05/03/2018 02:02:46 PM vertical integration : kinetic energy fluxes
05/03/2018 02:02:53 PM vertical integration : Enthalpy 
05/03/2018 02:03:44 PM saved radiation
05/03/2018 02:03:46 PM saved t_surf
05/03/2018 02:03:48 PM saved flux_oceanq
05/03/2018 02:03:50 PM radiation-- I think its right now !
05/03/2018 02:03:50 PM calculated dh_by_dt
05/03/2018 02:03:50 PM loaded coordinates dictionary
05/03/2018 02:03:50 PM loaded MSE_flux dictionary
05/03/2018 02:03:50 PM loaded rad_dic dictionary
05/03/2018 02:03:51 PM successfully saved dictionaries in files
05/03/2018 02:03:51 PM Begins calculating TE, SE and MM fluxes ....
05/03/2018 02:03:53 PM calculated dh_by_dt dictionary
05/03/2018 02:05:29 PM loaded zonal decomposed fluxes dictionary
05/03/2018 02:05:29 PM loaded zonal radiation dictionary
05/03/2018 02:05:35 PM ...........Extract_ncfile_save_fluxes_radiation.py.............3
05/03/2018 02:05:35 PM imported nc file
05/03/2018 02:06:10 PM imported coordinates
05/03/2018 02:08:12 PM imported pressure
05/03/2018 02:09:15 PM saved temp
05/03/2018 02:10:11 PM saved v_comp
05/03/2018 02:11:15 PM saved u_comp
05/03/2018 02:12:28 PM saved Z
05/03/2018 02:13:31 PM saved q
05/03/2018 02:14:10 PM saved EKE
05/03/2018 02:14:15 PM calculated KE
05/03/2018 02:14:23 PM calculated MSE fluxes
05/03/2018 02:14:29 PM vertical integartion : MSE fluxes
05/03/2018 02:14:36 PM vertical integration : sensible fluxes
05/03/2018 02:14:43 PM vertical integration : latent fluxes
05/03/2018 02:14:50 PM vertical integration : nc potential fluxes
05/03/2018 02:14:57 PM vertical integration : kinetic energy fluxes
05/03/2018 02:15:04 PM vertical integration : Enthalpy 
05/03/2018 02:17:41 PM saved radiation
05/03/2018 02:17:44 PM saved t_surf
05/03/2018 02:17:46 PM saved flux_oceanq
05/03/2018 02:17:47 PM radiation-- I think its right now !
05/03/2018 02:17:48 PM calculated dh_by_dt
05/03/2018 02:17:48 PM loaded coordinates dictionary
05/03/2018 02:17:48 PM loaded MSE_flux dictionary
05/03/2018 02:17:48 PM loaded rad_dic dictionary
05/03/2018 02:17:49 PM successfully saved dictionaries in files
05/03/2018 02:17:49 PM Begins calculating TE, SE and MM fluxes ....
05/03/2018 02:17:51 PM calculated dh_by_dt dictionary
05/03/2018 02:19:25 PM loaded zonal decomposed fluxes dictionary
05/03/2018 02:19:25 PM loaded zonal radiation dictionary
05/03/2018 02:19:32 PM ...........Extract_ncfile_save_fluxes_radiation.py.............4
05/03/2018 02:19:32 PM imported nc file
05/03/2018 02:20:53 PM imported coordinates
05/03/2018 02:23:01 PM imported pressure
05/03/2018 02:24:03 PM saved temp
05/03/2018 02:25:06 PM saved v_comp
05/03/2018 02:26:06 PM saved u_comp
05/03/2018 02:27:03 PM saved Z
05/03/2018 02:27:59 PM saved q
05/03/2018 02:28:31 PM saved EKE
05/03/2018 02:28:35 PM calculated KE
05/03/2018 02:28:43 PM calculated MSE fluxes
05/03/2018 02:28:48 PM vertical integartion : MSE fluxes
05/03/2018 02:28:55 PM vertical integration : sensible fluxes
05/03/2018 02:29:02 PM vertical integration : latent fluxes
05/03/2018 02:29:09 PM vertical integration : nc potential fluxes
05/03/2018 02:29:16 PM vertical integration : kinetic energy fluxes
05/03/2018 02:29:22 PM vertical integration : Enthalpy 
05/03/2018 02:32:21 PM saved radiation
05/03/2018 02:32:24 PM saved t_surf
05/03/2018 02:32:26 PM saved flux_oceanq
05/03/2018 02:32:27 PM radiation-- I think its right now !
05/03/2018 02:32:28 PM calculated dh_by_dt
05/03/2018 02:32:28 PM loaded coordinates dictionary
05/03/2018 02:32:28 PM loaded MSE_flux dictionary
05/03/2018 02:32:28 PM loaded rad_dic dictionary
05/03/2018 02:32:29 PM successfully saved dictionaries in files
05/03/2018 02:32:29 PM Begins calculating TE, SE and MM fluxes ....
05/03/2018 02:32:31 PM calculated dh_by_dt dictionary
05/03/2018 02:34:04 PM loaded zonal decomposed fluxes dictionary
05/03/2018 02:34:04 PM loaded zonal radiation dictionary
05/03/2018 02:34:09 PM ...........Extract_ncfile_save_fluxes_radiation.py.............5
05/03/2018 02:34:09 PM imported nc file
05/03/2018 02:34:41 PM imported coordinates
05/03/2018 02:36:17 PM imported pressure
05/03/2018 02:37:01 PM saved temp
05/03/2018 02:37:46 PM saved v_comp
05/03/2018 02:38:38 PM saved u_comp
05/03/2018 02:39:32 PM saved Z
05/03/2018 02:40:32 PM saved q
05/03/2018 02:41:03 PM saved EKE
05/03/2018 02:41:08 PM calculated KE
05/03/2018 02:41:16 PM calculated MSE fluxes
05/03/2018 02:41:21 PM vertical integartion : MSE fluxes
05/03/2018 02:41:28 PM vertical integration : sensible fluxes
05/03/2018 02:41:35 PM vertical integration : latent fluxes
05/03/2018 02:41:42 PM vertical integration : nc potential fluxes
05/03/2018 02:41:49 PM vertical integration : kinetic energy fluxes
05/03/2018 02:41:56 PM vertical integration : Enthalpy 
05/03/2018 02:42:49 PM saved radiation
05/03/2018 02:42:51 PM saved t_surf
05/03/2018 02:42:53 PM saved flux_oceanq
05/03/2018 02:42:54 PM radiation-- I think its right now !
05/03/2018 02:42:55 PM calculated dh_by_dt
05/03/2018 02:42:55 PM loaded coordinates dictionary
05/03/2018 02:42:55 PM loaded MSE_flux dictionary
05/03/2018 02:42:55 PM loaded rad_dic dictionary
05/03/2018 02:42:56 PM successfully saved dictionaries in files
05/03/2018 02:42:56 PM Begins calculating TE, SE and MM fluxes ....
05/03/2018 02:42:58 PM calculated dh_by_dt dictionary
05/03/2018 02:44:32 PM loaded zonal decomposed fluxes dictionary
05/03/2018 02:44:32 PM loaded zonal radiation dictionary
05/03/2018 02:44:36 PM ...........plot_and_save_div_MSE.py.............
05/03/2018 04:11:15 PM ...........plot_and_save_div_MSE.py.............
05/03/2018 04:15:01 PM ** INTERPOLATION ** 
05/03/2018 04:15:02 PM ----1----
05/03/2018 04:15:02 PM ----2----
05/03/2018 04:15:02 PM ----3----
05/03/2018 04:15:03 PM ----4----
05/03/2018 04:15:03 PM ----5----
05/03/2018 04:15:05 PM Calculated interpolation
05/03/2018 04:15:05 PM Calculated divergence
05/03/2018 04:15:07 PM ...........plot_and_save_div_MSE.py.............
05/03/2018 04:23:58 PM ** INTERPOLATION ** 
05/03/2018 04:24:00 PM ----1----
05/03/2018 04:24:00 PM ----2----
05/03/2018 04:24:00 PM ----3----
05/03/2018 04:24:00 PM ----4----
05/03/2018 04:24:00 PM ----5----
05/03/2018 04:24:00 PM Calculated interpolation
05/03/2018 04:24:00 PM Calculated divergence
05/03/2018 04:24:00 PM Saved flux interp dictionary
05/03/2018 04:24:00 PM Saved flux divergence interp
05/03/2018 04:24:00 PM Looks great !!
05/03/2018 04:24:02 PM ...........plot_and_save_div_MSE.py.............
05/16/2018 04:59:02 AM ...........Extract_ncfile_save_fluxes_radiation.py.............1
05/16/2018 04:59:02 AM imported nc file
05/16/2018 04:59:37 AM ...........Extract_ncfile_save_fluxes_radiation.py.............2
05/16/2018 04:59:37 AM imported nc file
05/16/2018 05:04:32 AM ...........Extract_ncfile_save_fluxes_radiation.py.............1
05/16/2018 05:04:32 AM imported nc file
05/16/2018 05:05:05 AM ...........Extract_ncfile_save_fluxes_radiation.py.............2
05/16/2018 05:05:05 AM imported nc file
05/16/2018 05:05:39 AM ...........Extract_ncfile_save_fluxes_radiation.py.............3
05/16/2018 05:05:39 AM imported nc file
05/16/2018 05:06:12 AM ...........Extract_ncfile_save_fluxes_radiation.py.............4
05/16/2018 05:06:12 AM imported nc file
05/16/2018 05:06:45 AM ...........Extract_ncfile_save_fluxes_radiation.py.............5
05/16/2018 05:06:45 AM imported nc file
05/16/2018 05:07:22 AM ** INTERPOLATION ** 
05/16/2018 05:11:33 AM ...........Extract_ncfile_save_fluxes_radiation.py.............1
05/16/2018 05:11:33 AM imported nc file
05/16/2018 05:12:42 AM saved temp
05/16/2018 05:12:44 AM loaded temp dictionary
05/16/2018 05:12:47 AM ...........Extract_ncfile_save_fluxes_radiation.py.............2
05/16/2018 05:12:47 AM imported nc file
05/16/2018 05:14:38 AM ...........Extract_ncfile_save_fluxes_radiation.py.............1
05/16/2018 05:14:38 AM imported nc file
05/16/2018 05:14:52 AM saved temp
05/16/2018 05:14:53 AM loaded temp dictionary
05/16/2018 05:14:55 AM ...........Extract_ncfile_save_fluxes_radiation.py.............2
05/16/2018 05:14:55 AM imported nc file
05/16/2018 05:16:19 AM saved temp
05/16/2018 05:16:19 AM loaded temp dictionary
05/16/2018 05:16:22 AM ...........Extract_ncfile_save_fluxes_radiation.py.............3
05/16/2018 05:16:22 AM imported nc file
05/16/2018 05:18:07 AM saved temp
05/16/2018 05:18:07 AM loaded temp dictionary
05/16/2018 05:18:11 AM ...........Extract_ncfile_save_fluxes_radiation.py.............4
05/16/2018 05:18:11 AM imported nc file
05/16/2018 05:19:41 AM saved temp
05/16/2018 05:19:42 AM loaded temp dictionary
05/16/2018 05:19:44 AM ...........Extract_ncfile_save_fluxes_radiation.py.............5
05/16/2018 05:19:44 AM imported nc file
05/16/2018 05:21:13 AM saved temp
05/16/2018 05:21:13 AM loaded temp dictionary
05/16/2018 05:21:14 AM ** INTERPOLATION ** 
05/16/2018 05:21:16 AM ----1----
05/16/2018 05:21:17 AM ----2----
05/16/2018 05:21:17 AM ----3----
05/16/2018 05:21:17 AM ----4----
05/16/2018 05:21:17 AM ----5----
05/16/2018 05:21:17 AM Looks great !!
05/16/2018 06:13:20 AM ** INTERPOLATION ** 
05/16/2018 06:13:22 AM ----1----
05/16/2018 06:13:22 AM ----2----
05/16/2018 06:13:22 AM ----3----
05/16/2018 06:13:22 AM ----4----
05/16/2018 06:13:23 AM ----5----
05/16/2018 06:13:23 AM Looks great !!
05/31/2018 05:26:34 PM destination folder created !
05/31/2018 05:26:34 PM ...........Extract_ncfile_save_fluxes_radiation.py.............0
05/31/2018 05:26:34 PM imported nc file
05/31/2018 05:28:14 PM imported coordinates
05/31/2018 05:30:33 PM imported pressure
05/31/2018 05:31:44 PM saved temp
05/31/2018 05:32:51 PM saved v_comp
05/31/2018 05:33:50 PM saved u_comp
05/31/2018 05:35:00 PM saved Z
05/31/2018 05:36:05 PM saved q
05/31/2018 05:36:44 PM saved EKE
05/31/2018 05:36:48 PM calculated KE
05/31/2018 05:36:56 PM calculated MSE fluxes
05/31/2018 05:37:08 PM saved raw data
05/31/2018 05:37:15 PM vertical integartion : MSE fluxes
05/31/2018 05:37:22 PM vertical integration : sensible fluxes
05/31/2018 05:37:29 PM vertical integration : latent fluxes
05/31/2018 05:37:36 PM vertical integration : nc potential fluxes
05/31/2018 05:37:43 PM vertical integration : kinetic energy fluxes
05/31/2018 05:37:51 PM vertical integration : Enthalpy 
05/31/2018 05:42:50 PM saved radiation
05/31/2018 05:43:24 PM saved t_surf
05/31/2018 05:44:05 PM saved flux_oceanq
05/31/2018 05:44:07 PM radiation-- I think its right now !
05/31/2018 05:44:07 PM calculated dh_by_dt
05/31/2018 05:44:07 PM loaded coordinates dictionary
05/31/2018 05:44:07 PM loaded MSE_flux dictionary
05/31/2018 05:44:07 PM loaded rad_dic dictionary
05/31/2018 05:44:08 PM successfully saved dictionaries in files
05/31/2018 05:44:08 PM Begins calculating TE, SE and MM fluxes ....
05/31/2018 05:44:10 PM calculated dh_by_dt dictionary
05/31/2018 05:45:44 PM loaded zonal decomposed fluxes dictionary
05/31/2018 05:45:44 PM loaded zonal radiation dictionary
05/31/2018 05:45:50 PM ...........Extract_ncfile_save_fluxes_radiation.py.............1
05/31/2018 05:45:50 PM imported nc file
05/31/2018 05:47:26 PM imported coordinates
05/31/2018 05:49:37 PM imported pressure
05/31/2018 05:50:55 PM saved temp
05/31/2018 05:52:14 PM saved v_comp
05/31/2018 05:53:19 PM saved u_comp
05/31/2018 05:54:45 PM saved Z
05/31/2018 05:56:00 PM saved q
05/31/2018 05:56:49 PM saved EKE
05/31/2018 05:56:54 PM calculated KE
05/31/2018 05:57:02 PM calculated MSE fluxes
05/31/2018 05:57:13 PM saved raw data
05/31/2018 05:57:20 PM vertical integartion : MSE fluxes
05/31/2018 05:57:27 PM vertical integration : sensible fluxes
05/31/2018 05:57:34 PM vertical integration : latent fluxes
05/31/2018 05:57:41 PM vertical integration : nc potential fluxes
05/31/2018 05:57:48 PM vertical integration : kinetic energy fluxes
05/31/2018 05:57:55 PM vertical integration : Enthalpy 
05/31/2018 06:03:09 PM saved radiation
05/31/2018 06:03:59 PM saved t_surf
05/31/2018 06:04:49 PM saved flux_oceanq
05/31/2018 06:04:51 PM radiation-- I think its right now !
05/31/2018 06:04:51 PM calculated dh_by_dt
05/31/2018 06:04:51 PM loaded coordinates dictionary
05/31/2018 06:04:51 PM loaded MSE_flux dictionary
05/31/2018 06:04:51 PM loaded rad_dic dictionary
05/31/2018 06:04:52 PM successfully saved dictionaries in files
05/31/2018 06:04:52 PM Begins calculating TE, SE and MM fluxes ....
05/31/2018 06:04:54 PM calculated dh_by_dt dictionary
05/31/2018 06:06:28 PM loaded zonal decomposed fluxes dictionary
05/31/2018 06:06:28 PM loaded zonal radiation dictionary
05/31/2018 06:06:34 PM ...........Extract_ncfile_save_fluxes_radiation.py.............2
05/31/2018 06:06:34 PM imported nc file
05/31/2018 06:08:03 PM imported coordinates
05/31/2018 06:10:22 PM imported pressure
05/31/2018 06:11:28 PM saved temp
05/31/2018 06:12:37 PM saved v_comp
05/31/2018 06:13:51 PM saved u_comp
05/31/2018 06:15:02 PM saved Z
05/31/2018 06:16:07 PM saved q
05/31/2018 06:16:49 PM saved EKE
05/31/2018 06:16:53 PM calculated KE
05/31/2018 06:17:01 PM calculated MSE fluxes
05/31/2018 06:17:13 PM saved raw data
05/31/2018 06:17:19 PM vertical integartion : MSE fluxes
05/31/2018 06:17:26 PM vertical integration : sensible fluxes
05/31/2018 06:17:34 PM vertical integration : latent fluxes
05/31/2018 06:17:41 PM vertical integration : nc potential fluxes
05/31/2018 06:17:48 PM vertical integration : kinetic energy fluxes
05/31/2018 06:17:55 PM vertical integration : Enthalpy 
05/31/2018 06:22:46 PM saved radiation
05/31/2018 06:23:27 PM saved t_surf
05/31/2018 06:24:11 PM saved flux_oceanq
05/31/2018 06:24:12 PM radiation-- I think its right now !
05/31/2018 06:24:13 PM calculated dh_by_dt
05/31/2018 06:24:13 PM loaded coordinates dictionary
05/31/2018 06:24:13 PM loaded MSE_flux dictionary
05/31/2018 06:24:13 PM loaded rad_dic dictionary
05/31/2018 06:24:14 PM successfully saved dictionaries in files
05/31/2018 06:24:14 PM Begins calculating TE, SE and MM fluxes ....
05/31/2018 06:24:17 PM calculated dh_by_dt dictionary
05/31/2018 06:25:50 PM loaded zonal decomposed fluxes dictionary
05/31/2018 06:25:50 PM loaded zonal radiation dictionary
05/31/2018 06:25:57 PM ...........Extract_ncfile_save_fluxes_radiation.py.............3
05/31/2018 06:25:57 PM imported nc file
05/31/2018 06:27:28 PM imported coordinates
05/31/2018 06:29:46 PM imported pressure
05/31/2018 06:31:04 PM saved temp
05/31/2018 06:32:15 PM saved v_comp
05/31/2018 06:33:38 PM saved u_comp
05/31/2018 06:35:02 PM saved Z
05/31/2018 06:36:07 PM saved q
05/31/2018 06:36:59 PM saved EKE
05/31/2018 06:37:03 PM calculated KE
05/31/2018 06:37:11 PM calculated MSE fluxes
05/31/2018 06:37:22 PM saved raw data
05/31/2018 06:37:29 PM vertical integartion : MSE fluxes
05/31/2018 06:37:36 PM vertical integration : sensible fluxes
05/31/2018 06:37:43 PM vertical integration : latent fluxes
05/31/2018 06:37:50 PM vertical integration : nc potential fluxes
05/31/2018 06:37:57 PM vertical integration : kinetic energy fluxes
05/31/2018 06:38:04 PM vertical integration : Enthalpy 
05/31/2018 06:42:50 PM saved radiation
05/31/2018 06:43:27 PM saved t_surf
05/31/2018 06:44:20 PM saved flux_oceanq
05/31/2018 06:44:21 PM radiation-- I think its right now !
05/31/2018 06:44:22 PM calculated dh_by_dt
05/31/2018 06:44:22 PM loaded coordinates dictionary
05/31/2018 06:44:22 PM loaded MSE_flux dictionary
05/31/2018 06:44:22 PM loaded rad_dic dictionary
05/31/2018 06:44:23 PM successfully saved dictionaries in files
05/31/2018 06:44:23 PM Begins calculating TE, SE and MM fluxes ....
05/31/2018 06:44:25 PM calculated dh_by_dt dictionary
05/31/2018 06:45:58 PM loaded zonal decomposed fluxes dictionary
05/31/2018 06:45:58 PM loaded zonal radiation dictionary
05/31/2018 06:46:04 PM ...........Extract_ncfile_save_fluxes_radiation.py.............4
05/31/2018 06:46:04 PM imported nc file
05/31/2018 06:47:40 PM imported coordinates
05/31/2018 06:50:04 PM imported pressure
05/31/2018 06:51:10 PM saved temp
05/31/2018 06:52:25 PM saved v_comp
05/31/2018 06:53:37 PM saved u_comp
05/31/2018 06:54:47 PM saved Z
05/31/2018 06:56:02 PM saved q
05/31/2018 06:56:57 PM saved EKE
05/31/2018 06:57:02 PM calculated KE
05/31/2018 06:57:09 PM calculated MSE fluxes
05/31/2018 06:57:21 PM saved raw data
05/31/2018 06:57:28 PM vertical integartion : MSE fluxes
05/31/2018 06:57:35 PM vertical integration : sensible fluxes
05/31/2018 06:57:42 PM vertical integration : latent fluxes
05/31/2018 06:57:49 PM vertical integration : nc potential fluxes
05/31/2018 06:57:56 PM vertical integration : kinetic energy fluxes
05/31/2018 06:58:03 PM vertical integration : Enthalpy 
05/31/2018 07:03:29 PM saved radiation
05/31/2018 07:04:06 PM saved t_surf
05/31/2018 07:04:53 PM saved flux_oceanq
05/31/2018 07:04:54 PM radiation-- I think its right now !
05/31/2018 07:04:55 PM calculated dh_by_dt
05/31/2018 07:04:55 PM loaded coordinates dictionary
05/31/2018 07:04:55 PM loaded MSE_flux dictionary
05/31/2018 07:04:55 PM loaded rad_dic dictionary
05/31/2018 07:04:56 PM successfully saved dictionaries in files
05/31/2018 07:04:56 PM Begins calculating TE, SE and MM fluxes ....
05/31/2018 07:04:58 PM calculated dh_by_dt dictionary
05/31/2018 07:06:33 PM loaded zonal decomposed fluxes dictionary
05/31/2018 07:06:33 PM loaded zonal radiation dictionary
05/31/2018 07:06:40 PM ...........Extract_ncfile_save_fluxes_radiation.py.............5
05/31/2018 07:06:40 PM imported nc file
05/31/2018 07:08:16 PM imported coordinates
05/31/2018 07:10:50 PM imported pressure
05/31/2018 07:12:14 PM saved temp
05/31/2018 07:13:20 PM saved v_comp
05/31/2018 07:14:34 PM saved u_comp
05/31/2018 07:15:56 PM saved Z
05/31/2018 07:17:08 PM saved q
05/31/2018 07:17:58 PM saved EKE
05/31/2018 07:18:03 PM calculated KE
05/31/2018 07:18:10 PM calculated MSE fluxes
05/31/2018 07:18:22 PM saved raw data
05/31/2018 07:18:28 PM vertical integartion : MSE fluxes
05/31/2018 07:18:35 PM vertical integration : sensible fluxes
05/31/2018 07:18:42 PM vertical integration : latent fluxes
05/31/2018 07:18:50 PM vertical integration : nc potential fluxes
05/31/2018 07:18:57 PM vertical integration : kinetic energy fluxes
05/31/2018 07:19:04 PM vertical integration : Enthalpy 
05/31/2018 07:25:07 PM saved radiation
05/31/2018 07:26:01 PM saved t_surf
05/31/2018 07:26:56 PM saved flux_oceanq
05/31/2018 07:26:57 PM radiation-- I think its right now !
05/31/2018 07:26:58 PM calculated dh_by_dt
05/31/2018 07:26:58 PM loaded coordinates dictionary
05/31/2018 07:26:58 PM loaded MSE_flux dictionary
05/31/2018 07:26:58 PM loaded rad_dic dictionary
05/31/2018 07:27:00 PM successfully saved dictionaries in files
05/31/2018 07:27:00 PM Begins calculating TE, SE and MM fluxes ....
05/31/2018 07:27:03 PM calculated dh_by_dt dictionary
05/31/2018 07:28:39 PM loaded zonal decomposed fluxes dictionary
05/31/2018 07:28:39 PM loaded zonal radiation dictionary
05/31/2018 07:28:45 PM destination folder created !
05/31/2018 07:28:46 PM ...........Extract_ncfile_save_fluxes_radiation.py.............6
05/31/2018 07:28:46 PM imported nc file
05/31/2018 07:31:15 PM imported coordinates
05/31/2018 07:34:27 PM imported pressure
05/31/2018 07:36:04 PM saved temp
05/31/2018 07:37:38 PM saved v_comp
05/31/2018 07:38:52 PM saved u_comp
05/31/2018 07:40:29 PM saved Z
05/31/2018 07:41:49 PM saved q
05/31/2018 07:42:31 PM saved EKE
05/31/2018 07:42:35 PM calculated KE
05/31/2018 07:42:43 PM calculated MSE fluxes
05/31/2018 07:42:55 PM saved raw data
05/31/2018 07:43:01 PM vertical integartion : MSE fluxes
05/31/2018 07:43:08 PM vertical integration : sensible fluxes
05/31/2018 07:43:15 PM vertical integration : latent fluxes
05/31/2018 07:43:21 PM vertical integration : nc potential fluxes
05/31/2018 07:43:28 PM vertical integration : kinetic energy fluxes
05/31/2018 07:43:35 PM vertical integration : Enthalpy 
05/31/2018 07:49:23 PM saved radiation
05/31/2018 07:50:25 PM saved t_surf
05/31/2018 07:51:15 PM saved flux_oceanq
05/31/2018 07:51:16 PM radiation-- I think its right now !
05/31/2018 07:51:17 PM calculated dh_by_dt
05/31/2018 07:51:17 PM loaded coordinates dictionary
05/31/2018 07:51:17 PM loaded MSE_flux dictionary
05/31/2018 07:51:17 PM loaded rad_dic dictionary
05/31/2018 07:51:18 PM successfully saved dictionaries in files
05/31/2018 07:51:18 PM Begins calculating TE, SE and MM fluxes ....
05/31/2018 07:51:20 PM calculated dh_by_dt dictionary
05/31/2018 07:52:54 PM loaded zonal decomposed fluxes dictionary
05/31/2018 07:52:54 PM loaded zonal radiation dictionary
05/31/2018 07:52:59 PM destination folder created !
05/31/2018 07:53:00 PM ...........Extract_ncfile_save_fluxes_radiation.py.............7
05/31/2018 07:53:00 PM imported nc file
05/31/2018 07:54:46 PM imported coordinates
05/31/2018 07:56:58 PM imported pressure
05/31/2018 07:58:17 PM saved temp
05/31/2018 07:59:27 PM saved v_comp
05/31/2018 08:00:33 PM saved u_comp
05/31/2018 08:01:43 PM saved Z
05/31/2018 08:02:54 PM saved q
05/31/2018 08:03:43 PM saved EKE
05/31/2018 08:03:47 PM calculated KE
05/31/2018 08:03:55 PM calculated MSE fluxes
05/31/2018 08:04:06 PM saved raw data
05/31/2018 08:04:13 PM vertical integartion : MSE fluxes
05/31/2018 08:04:20 PM vertical integration : sensible fluxes
05/31/2018 08:04:27 PM vertical integration : latent fluxes
05/31/2018 08:04:34 PM vertical integration : nc potential fluxes
05/31/2018 08:04:41 PM vertical integration : kinetic energy fluxes
05/31/2018 08:04:48 PM vertical integration : Enthalpy 
05/31/2018 08:09:47 PM saved radiation
05/31/2018 08:10:43 PM saved t_surf
05/31/2018 08:11:40 PM saved flux_oceanq
05/31/2018 08:11:41 PM radiation-- I think its right now !
05/31/2018 08:11:42 PM calculated dh_by_dt
05/31/2018 08:11:42 PM loaded coordinates dictionary
05/31/2018 08:11:42 PM loaded MSE_flux dictionary
05/31/2018 08:11:42 PM loaded rad_dic dictionary
05/31/2018 08:11:43 PM successfully saved dictionaries in files
05/31/2018 08:11:43 PM Begins calculating TE, SE and MM fluxes ....
05/31/2018 08:11:45 PM calculated dh_by_dt dictionary
05/31/2018 08:13:17 PM loaded zonal decomposed fluxes dictionary
05/31/2018 08:13:18 PM loaded zonal radiation dictionary
05/31/2018 08:13:23 PM destination folder created !
05/31/2018 08:13:23 PM ...........Extract_ncfile_save_fluxes_radiation.py.............8
05/31/2018 08:13:23 PM imported nc file
05/31/2018 08:15:03 PM imported coordinates
05/31/2018 08:17:19 PM imported pressure
05/31/2018 08:18:31 PM saved temp
05/31/2018 08:19:39 PM saved v_comp
05/31/2018 08:20:50 PM saved u_comp
05/31/2018 08:21:50 PM saved Z
05/31/2018 08:22:53 PM saved q
05/31/2018 08:23:25 PM saved EKE
05/31/2018 08:23:30 PM calculated KE
05/31/2018 08:23:37 PM calculated MSE fluxes
05/31/2018 08:23:49 PM saved raw data
05/31/2018 08:23:55 PM vertical integartion : MSE fluxes
05/31/2018 08:24:02 PM vertical integration : sensible fluxes
05/31/2018 08:24:09 PM vertical integration : latent fluxes
05/31/2018 08:24:16 PM vertical integration : nc potential fluxes
05/31/2018 08:24:23 PM vertical integration : kinetic energy fluxes
05/31/2018 08:24:30 PM vertical integration : Enthalpy 
05/31/2018 08:29:20 PM saved radiation
05/31/2018 08:30:04 PM saved t_surf
05/31/2018 08:30:58 PM saved flux_oceanq
05/31/2018 08:30:59 PM radiation-- I think its right now !
05/31/2018 08:31:00 PM calculated dh_by_dt
05/31/2018 08:31:00 PM loaded coordinates dictionary
05/31/2018 08:31:00 PM loaded MSE_flux dictionary
05/31/2018 08:31:00 PM loaded rad_dic dictionary
05/31/2018 08:31:02 PM successfully saved dictionaries in files
05/31/2018 08:31:02 PM Begins calculating TE, SE and MM fluxes ....
05/31/2018 08:31:04 PM calculated dh_by_dt dictionary
05/31/2018 08:32:38 PM loaded zonal decomposed fluxes dictionary
05/31/2018 08:32:38 PM loaded zonal radiation dictionary
05/31/2018 08:32:44 PM destination folder created !
05/31/2018 08:32:44 PM ...........Extract_ncfile_save_fluxes_radiation.py.............9
05/31/2018 08:32:44 PM imported nc file
05/31/2018 08:34:12 PM imported coordinates
05/31/2018 08:36:34 PM imported pressure
05/31/2018 08:37:24 PM saved temp
05/31/2018 08:38:27 PM saved v_comp
05/31/2018 08:39:39 PM saved u_comp
05/31/2018 08:40:43 PM saved Z
05/31/2018 08:41:46 PM saved q
05/31/2018 08:42:22 PM saved EKE
05/31/2018 08:42:26 PM calculated KE
05/31/2018 08:42:34 PM calculated MSE fluxes
05/31/2018 08:42:45 PM saved raw data
05/31/2018 08:42:52 PM vertical integartion : MSE fluxes
05/31/2018 08:42:59 PM vertical integration : sensible fluxes
05/31/2018 08:43:06 PM vertical integration : latent fluxes
05/31/2018 08:43:13 PM vertical integration : nc potential fluxes
05/31/2018 08:43:20 PM vertical integration : kinetic energy fluxes
05/31/2018 08:43:26 PM vertical integration : Enthalpy 
05/31/2018 08:48:19 PM saved radiation
05/31/2018 08:49:17 PM saved t_surf
05/31/2018 08:50:05 PM saved flux_oceanq
05/31/2018 08:50:07 PM radiation-- I think its right now !
05/31/2018 08:50:08 PM calculated dh_by_dt
05/31/2018 08:50:08 PM loaded coordinates dictionary
05/31/2018 08:50:08 PM loaded MSE_flux dictionary
05/31/2018 08:50:08 PM loaded rad_dic dictionary
05/31/2018 08:50:08 PM successfully saved dictionaries in files
05/31/2018 08:50:08 PM Begins calculating TE, SE and MM fluxes ....
05/31/2018 08:50:10 PM calculated dh_by_dt dictionary
05/31/2018 08:51:48 PM loaded zonal decomposed fluxes dictionary
05/31/2018 08:51:49 PM loaded zonal radiation dictionary
05/31/2018 08:51:55 PM destination folder created !
05/31/2018 08:51:55 PM ...........Extract_ncfile_save_fluxes_radiation.py.............10
05/31/2018 08:51:55 PM imported nc file
05/31/2018 08:53:35 PM imported coordinates
05/31/2018 08:55:42 PM imported pressure
05/31/2018 08:56:52 PM saved temp
05/31/2018 08:58:01 PM saved v_comp
05/31/2018 08:59:07 PM saved u_comp
05/31/2018 09:00:17 PM saved Z
05/31/2018 09:01:24 PM saved q
05/31/2018 09:02:04 PM saved EKE
05/31/2018 09:02:08 PM calculated KE
05/31/2018 09:02:16 PM calculated MSE fluxes
05/31/2018 09:02:27 PM saved raw data
05/31/2018 09:02:33 PM vertical integartion : MSE fluxes
05/31/2018 09:02:40 PM vertical integration : sensible fluxes
05/31/2018 09:02:47 PM vertical integration : latent fluxes
05/31/2018 09:02:54 PM vertical integration : nc potential fluxes
05/31/2018 09:03:01 PM vertical integration : kinetic energy fluxes
05/31/2018 09:03:08 PM vertical integration : Enthalpy 
05/31/2018 09:07:36 PM saved radiation
05/31/2018 09:08:23 PM saved t_surf
05/31/2018 09:09:06 PM saved flux_oceanq
05/31/2018 09:09:07 PM radiation-- I think its right now !
05/31/2018 09:09:08 PM calculated dh_by_dt
05/31/2018 09:09:08 PM loaded coordinates dictionary
05/31/2018 09:09:08 PM loaded MSE_flux dictionary
05/31/2018 09:09:08 PM loaded rad_dic dictionary
05/31/2018 09:09:09 PM successfully saved dictionaries in files
05/31/2018 09:09:09 PM Begins calculating TE, SE and MM fluxes ....
05/31/2018 09:09:11 PM calculated dh_by_dt dictionary
05/31/2018 09:10:42 PM loaded zonal decomposed fluxes dictionary
05/31/2018 09:10:42 PM loaded zonal radiation dictionary
05/31/2018 09:10:48 PM destination folder created !
05/31/2018 09:10:48 PM ...........Extract_ncfile_save_fluxes_radiation.py.............11
05/31/2018 09:10:48 PM imported nc file
05/31/2018 09:12:22 PM imported coordinates
05/31/2018 09:14:29 PM imported pressure
05/31/2018 09:15:33 PM saved temp
05/31/2018 09:17:00 PM saved v_comp
05/31/2018 09:18:10 PM saved u_comp
05/31/2018 09:19:20 PM saved Z
05/31/2018 09:20:21 PM saved q
05/31/2018 09:21:02 PM saved EKE
05/31/2018 09:21:06 PM calculated KE
05/31/2018 09:21:14 PM calculated MSE fluxes
05/31/2018 09:21:25 PM saved raw data
05/31/2018 09:21:31 PM vertical integartion : MSE fluxes
05/31/2018 09:21:38 PM vertical integration : sensible fluxes
05/31/2018 09:21:45 PM vertical integration : latent fluxes
05/31/2018 09:21:52 PM vertical integration : nc potential fluxes
05/31/2018 09:21:59 PM vertical integration : kinetic energy fluxes
05/31/2018 09:22:05 PM vertical integration : Enthalpy 
05/31/2018 09:26:33 PM saved radiation
05/31/2018 09:27:24 PM saved t_surf
05/31/2018 09:28:20 PM saved flux_oceanq
05/31/2018 09:28:21 PM radiation-- I think its right now !
05/31/2018 09:28:22 PM calculated dh_by_dt
05/31/2018 09:28:22 PM loaded coordinates dictionary
05/31/2018 09:28:22 PM loaded MSE_flux dictionary
05/31/2018 09:28:22 PM loaded rad_dic dictionary
05/31/2018 09:28:22 PM successfully saved dictionaries in files
05/31/2018 09:28:22 PM Begins calculating TE, SE and MM fluxes ....
05/31/2018 09:28:25 PM calculated dh_by_dt dictionary
05/31/2018 09:30:00 PM loaded zonal decomposed fluxes dictionary
05/31/2018 09:30:00 PM loaded zonal radiation dictionary
05/31/2018 09:30:08 PM destination folder created !
05/31/2018 09:30:08 PM ...........Extract_ncfile_save_fluxes_radiation.py.............12
05/31/2018 09:30:08 PM imported nc file
05/31/2018 09:31:49 PM imported coordinates
05/31/2018 09:33:53 PM imported pressure
05/31/2018 09:34:49 PM saved temp
05/31/2018 09:35:40 PM saved v_comp
05/31/2018 09:36:39 PM saved u_comp
05/31/2018 09:37:47 PM saved Z
05/31/2018 09:38:44 PM saved q
05/31/2018 09:39:23 PM saved EKE
05/31/2018 09:39:27 PM calculated KE
05/31/2018 09:39:34 PM calculated MSE fluxes
05/31/2018 09:39:46 PM saved raw data
05/31/2018 09:39:52 PM vertical integartion : MSE fluxes
05/31/2018 09:39:59 PM vertical integration : sensible fluxes
05/31/2018 09:40:06 PM vertical integration : latent fluxes
05/31/2018 09:40:13 PM vertical integration : nc potential fluxes
05/31/2018 09:40:20 PM vertical integration : kinetic energy fluxes
05/31/2018 09:40:27 PM vertical integration : Enthalpy 
05/31/2018 09:44:33 PM saved radiation
05/31/2018 09:45:10 PM saved t_surf
05/31/2018 09:45:53 PM saved flux_oceanq
05/31/2018 09:45:55 PM radiation-- I think its right now !
05/31/2018 09:45:55 PM calculated dh_by_dt
05/31/2018 09:45:55 PM loaded coordinates dictionary
05/31/2018 09:45:55 PM loaded MSE_flux dictionary
05/31/2018 09:45:55 PM loaded rad_dic dictionary
05/31/2018 09:45:56 PM successfully saved dictionaries in files
05/31/2018 09:45:56 PM Begins calculating TE, SE and MM fluxes ....
05/31/2018 09:45:58 PM calculated dh_by_dt dictionary
05/31/2018 09:47:30 PM loaded zonal decomposed fluxes dictionary
05/31/2018 09:47:30 PM loaded zonal radiation dictionary
05/31/2018 09:47:35 PM destination folder created !
05/31/2018 09:47:35 PM ...........Extract_ncfile_save_fluxes_radiation.py.............13
05/31/2018 09:47:35 PM imported nc file
05/31/2018 09:49:06 PM imported coordinates
05/31/2018 09:51:12 PM imported pressure
05/31/2018 09:52:05 PM saved temp
05/31/2018 09:53:06 PM saved v_comp
05/31/2018 09:54:08 PM saved u_comp
05/31/2018 09:55:16 PM saved Z
05/31/2018 09:56:11 PM saved q
05/31/2018 09:56:59 PM saved EKE
05/31/2018 09:57:04 PM calculated KE
05/31/2018 09:57:11 PM calculated MSE fluxes
05/31/2018 09:57:23 PM saved raw data
05/31/2018 09:57:30 PM vertical integartion : MSE fluxes
05/31/2018 09:57:37 PM vertical integration : sensible fluxes
05/31/2018 09:57:44 PM vertical integration : latent fluxes
05/31/2018 09:57:51 PM vertical integration : nc potential fluxes
05/31/2018 09:57:58 PM vertical integration : kinetic energy fluxes
05/31/2018 09:58:05 PM vertical integration : Enthalpy 
05/31/2018 10:02:20 PM saved radiation
05/31/2018 10:03:05 PM saved t_surf
05/31/2018 10:03:43 PM saved flux_oceanq
05/31/2018 10:03:44 PM radiation-- I think its right now !
05/31/2018 10:03:45 PM calculated dh_by_dt
05/31/2018 10:03:45 PM loaded coordinates dictionary
05/31/2018 10:03:45 PM loaded MSE_flux dictionary
05/31/2018 10:03:45 PM loaded rad_dic dictionary
05/31/2018 10:03:46 PM successfully saved dictionaries in files
05/31/2018 10:03:46 PM Begins calculating TE, SE and MM fluxes ....
05/31/2018 10:03:48 PM calculated dh_by_dt dictionary
05/31/2018 10:05:24 PM loaded zonal decomposed fluxes dictionary
05/31/2018 10:05:25 PM loaded zonal radiation dictionary
05/31/2018 10:05:30 PM destination folder created !
05/31/2018 10:05:30 PM ...........Extract_ncfile_save_fluxes_radiation.py.............14
05/31/2018 10:05:30 PM imported nc file
05/31/2018 10:06:58 PM imported coordinates
05/31/2018 10:08:56 PM imported pressure
05/31/2018 10:10:06 PM saved temp
05/31/2018 10:11:22 PM saved v_comp
05/31/2018 10:12:25 PM saved u_comp
05/31/2018 10:13:41 PM saved Z
05/31/2018 10:14:41 PM saved q
05/31/2018 10:15:22 PM saved EKE
05/31/2018 10:15:26 PM calculated KE
05/31/2018 10:15:33 PM calculated MSE fluxes
05/31/2018 10:15:45 PM saved raw data
05/31/2018 10:15:51 PM vertical integartion : MSE fluxes
05/31/2018 10:15:59 PM vertical integration : sensible fluxes
05/31/2018 10:16:06 PM vertical integration : latent fluxes
05/31/2018 10:16:13 PM vertical integration : nc potential fluxes
05/31/2018 10:16:20 PM vertical integration : kinetic energy fluxes
05/31/2018 10:16:27 PM vertical integration : Enthalpy 
05/31/2018 10:20:55 PM saved radiation
05/31/2018 10:21:33 PM saved t_surf
05/31/2018 10:22:25 PM saved flux_oceanq
05/31/2018 10:22:26 PM radiation-- I think its right now !
05/31/2018 10:22:27 PM calculated dh_by_dt
05/31/2018 10:22:27 PM loaded coordinates dictionary
05/31/2018 10:22:27 PM loaded MSE_flux dictionary
05/31/2018 10:22:27 PM loaded rad_dic dictionary
05/31/2018 10:22:28 PM successfully saved dictionaries in files
05/31/2018 10:22:28 PM Begins calculating TE, SE and MM fluxes ....
05/31/2018 10:22:30 PM calculated dh_by_dt dictionary
05/31/2018 10:24:04 PM loaded zonal decomposed fluxes dictionary
05/31/2018 10:24:04 PM loaded zonal radiation dictionary
05/31/2018 10:24:10 PM destination folder created !
05/31/2018 10:24:10 PM ...........Extract_ncfile_save_fluxes_radiation.py.............15
05/31/2018 10:24:10 PM imported nc file
05/31/2018 10:25:40 PM imported coordinates
05/31/2018 10:27:50 PM imported pressure
05/31/2018 10:28:54 PM saved temp
05/31/2018 10:29:49 PM saved v_comp
05/31/2018 10:30:46 PM saved u_comp
05/31/2018 10:31:51 PM saved Z
05/31/2018 10:32:55 PM saved q
05/31/2018 10:33:26 PM saved EKE
05/31/2018 10:33:30 PM calculated KE
05/31/2018 10:33:38 PM calculated MSE fluxes
05/31/2018 10:33:50 PM saved raw data
05/31/2018 10:33:56 PM vertical integartion : MSE fluxes
05/31/2018 10:34:03 PM vertical integration : sensible fluxes
05/31/2018 10:34:10 PM vertical integration : latent fluxes
05/31/2018 10:34:17 PM vertical integration : nc potential fluxes
05/31/2018 10:34:24 PM vertical integration : kinetic energy fluxes
05/31/2018 10:34:31 PM vertical integration : Enthalpy 
05/31/2018 10:38:18 PM saved radiation
05/31/2018 10:38:52 PM saved t_surf
05/31/2018 10:39:33 PM saved flux_oceanq
05/31/2018 10:39:35 PM radiation-- I think its right now !
05/31/2018 10:39:35 PM calculated dh_by_dt
05/31/2018 10:39:35 PM loaded coordinates dictionary
05/31/2018 10:39:35 PM loaded MSE_flux dictionary
05/31/2018 10:39:35 PM loaded rad_dic dictionary
05/31/2018 10:39:36 PM successfully saved dictionaries in files
05/31/2018 10:39:36 PM Begins calculating TE, SE and MM fluxes ....
05/31/2018 10:39:38 PM calculated dh_by_dt dictionary
05/31/2018 10:41:13 PM loaded zonal decomposed fluxes dictionary
05/31/2018 10:41:13 PM loaded zonal radiation dictionary
05/31/2018 10:41:18 PM destination folder created !
05/31/2018 10:41:18 PM ...........Extract_ncfile_save_fluxes_radiation.py.............16
05/31/2018 10:41:18 PM imported nc file
05/31/2018 10:42:32 PM imported coordinates
05/31/2018 10:44:33 PM imported pressure
05/31/2018 10:45:20 PM saved temp
05/31/2018 10:46:13 PM saved v_comp
05/31/2018 10:47:05 PM saved u_comp
05/31/2018 10:47:57 PM saved Z
05/31/2018 10:48:45 PM saved q
05/31/2018 10:49:24 PM saved EKE
05/31/2018 10:49:28 PM calculated KE
05/31/2018 10:49:36 PM calculated MSE fluxes
05/31/2018 10:49:47 PM saved raw data
05/31/2018 10:49:54 PM vertical integartion : MSE fluxes
05/31/2018 10:50:01 PM vertical integration : sensible fluxes
05/31/2018 10:50:08 PM vertical integration : latent fluxes
05/31/2018 10:50:15 PM vertical integration : nc potential fluxes
05/31/2018 10:50:23 PM vertical integration : kinetic energy fluxes
05/31/2018 10:50:30 PM vertical integration : Enthalpy 
05/31/2018 10:54:33 PM saved radiation
05/31/2018 10:55:15 PM saved t_surf
05/31/2018 10:55:50 PM saved flux_oceanq
05/31/2018 10:55:52 PM radiation-- I think its right now !
05/31/2018 10:55:52 PM calculated dh_by_dt
05/31/2018 10:55:52 PM loaded coordinates dictionary
05/31/2018 10:55:52 PM loaded MSE_flux dictionary
05/31/2018 10:55:52 PM loaded rad_dic dictionary
05/31/2018 10:55:53 PM successfully saved dictionaries in files
05/31/2018 10:55:53 PM Begins calculating TE, SE and MM fluxes ....
05/31/2018 10:55:55 PM calculated dh_by_dt dictionary
05/31/2018 10:57:29 PM loaded zonal decomposed fluxes dictionary
05/31/2018 10:57:29 PM loaded zonal radiation dictionary
05/31/2018 10:57:34 PM destination folder created !
05/31/2018 10:57:35 PM ...........Extract_ncfile_save_fluxes_radiation.py.............17
05/31/2018 10:57:35 PM imported nc file
05/31/2018 10:58:43 PM imported coordinates
05/31/2018 11:00:38 PM imported pressure
05/31/2018 11:01:35 PM saved temp
05/31/2018 11:02:23 PM saved v_comp
05/31/2018 11:03:10 PM saved u_comp
05/31/2018 11:04:15 PM saved Z
05/31/2018 11:05:16 PM saved q
05/31/2018 11:06:00 PM saved EKE
05/31/2018 11:06:04 PM calculated KE
05/31/2018 11:06:12 PM calculated MSE fluxes
05/31/2018 11:06:23 PM saved raw data
05/31/2018 11:06:30 PM vertical integartion : MSE fluxes
05/31/2018 11:06:37 PM vertical integration : sensible fluxes
05/31/2018 11:06:44 PM vertical integration : latent fluxes
05/31/2018 11:06:51 PM vertical integration : nc potential fluxes
05/31/2018 11:06:58 PM vertical integration : kinetic energy fluxes
05/31/2018 11:07:05 PM vertical integration : Enthalpy 
05/31/2018 11:11:17 PM saved radiation
05/31/2018 11:11:59 PM saved t_surf
05/31/2018 11:12:37 PM saved flux_oceanq
05/31/2018 11:12:38 PM radiation-- I think its right now !
05/31/2018 11:12:39 PM calculated dh_by_dt
05/31/2018 11:12:39 PM loaded coordinates dictionary
05/31/2018 11:12:39 PM loaded MSE_flux dictionary
05/31/2018 11:12:39 PM loaded rad_dic dictionary
05/31/2018 11:12:39 PM successfully saved dictionaries in files
05/31/2018 11:12:39 PM Begins calculating TE, SE and MM fluxes ....
05/31/2018 11:12:42 PM calculated dh_by_dt dictionary
05/31/2018 11:14:16 PM loaded zonal decomposed fluxes dictionary
05/31/2018 11:14:16 PM loaded zonal radiation dictionary
05/31/2018 11:14:22 PM destination folder created !
05/31/2018 11:14:22 PM ...........Extract_ncfile_save_fluxes_radiation.py.............18
05/31/2018 11:14:22 PM imported nc file
05/31/2018 11:15:48 PM imported coordinates
05/31/2018 11:18:04 PM imported pressure
05/31/2018 11:19:12 PM saved temp
05/31/2018 11:20:25 PM saved v_comp
05/31/2018 11:21:38 PM saved u_comp
05/31/2018 11:22:55 PM saved Z
05/31/2018 11:24:05 PM saved q
05/31/2018 11:24:48 PM saved EKE
05/31/2018 11:24:53 PM calculated KE
05/31/2018 11:25:00 PM calculated MSE fluxes
05/31/2018 11:25:12 PM saved raw data
05/31/2018 11:25:18 PM vertical integartion : MSE fluxes
05/31/2018 11:25:25 PM vertical integration : sensible fluxes
05/31/2018 11:25:32 PM vertical integration : latent fluxes
05/31/2018 11:25:39 PM vertical integration : nc potential fluxes
05/31/2018 11:25:46 PM vertical integration : kinetic energy fluxes
05/31/2018 11:25:53 PM vertical integration : Enthalpy 
05/31/2018 11:31:21 PM saved radiation
05/31/2018 11:32:19 PM saved t_surf
05/31/2018 11:33:18 PM saved flux_oceanq
05/31/2018 11:33:19 PM radiation-- I think its right now !
05/31/2018 11:33:20 PM calculated dh_by_dt
05/31/2018 11:33:20 PM loaded coordinates dictionary
05/31/2018 11:33:20 PM loaded MSE_flux dictionary
05/31/2018 11:33:20 PM loaded rad_dic dictionary
05/31/2018 11:33:21 PM successfully saved dictionaries in files
05/31/2018 11:33:21 PM Begins calculating TE, SE and MM fluxes ....
05/31/2018 11:33:23 PM calculated dh_by_dt dictionary
05/31/2018 11:34:59 PM loaded zonal decomposed fluxes dictionary
05/31/2018 11:34:59 PM loaded zonal radiation dictionary
05/31/2018 11:35:05 PM destination folder created !
05/31/2018 11:35:05 PM ...........Extract_ncfile_save_fluxes_radiation.py.............19
05/31/2018 11:35:05 PM imported nc file
05/31/2018 11:36:58 PM imported coordinates
05/31/2018 11:39:30 PM imported pressure
05/31/2018 11:40:43 PM saved temp
05/31/2018 11:41:55 PM saved v_comp
05/31/2018 11:43:20 PM saved u_comp
05/31/2018 11:44:38 PM saved Z
05/31/2018 11:46:00 PM saved q
05/31/2018 11:46:56 PM saved EKE
05/31/2018 11:47:00 PM calculated KE
05/31/2018 11:47:08 PM calculated MSE fluxes
05/31/2018 11:47:20 PM saved raw data
05/31/2018 11:47:26 PM vertical integartion : MSE fluxes
05/31/2018 11:47:33 PM vertical integration : sensible fluxes
05/31/2018 11:47:40 PM vertical integration : latent fluxes
05/31/2018 11:47:47 PM vertical integration : nc potential fluxes
05/31/2018 11:47:54 PM vertical integration : kinetic energy fluxes
05/31/2018 11:48:01 PM vertical integration : Enthalpy 
05/31/2018 11:53:22 PM saved radiation
05/31/2018 11:54:05 PM saved t_surf
05/31/2018 11:55:01 PM saved flux_oceanq
05/31/2018 11:55:02 PM radiation-- I think its right now !
05/31/2018 11:55:03 PM calculated dh_by_dt
05/31/2018 11:55:03 PM loaded coordinates dictionary
05/31/2018 11:55:03 PM loaded MSE_flux dictionary
05/31/2018 11:55:03 PM loaded rad_dic dictionary
05/31/2018 11:55:04 PM successfully saved dictionaries in files
05/31/2018 11:55:04 PM Begins calculating TE, SE and MM fluxes ....
05/31/2018 11:55:06 PM calculated dh_by_dt dictionary
05/31/2018 11:56:39 PM loaded zonal decomposed fluxes dictionary
05/31/2018 11:56:39 PM loaded zonal radiation dictionary
05/31/2018 11:56:45 PM destination folder created !
05/31/2018 11:56:45 PM ...........Extract_ncfile_save_fluxes_radiation.py.............20
05/31/2018 11:56:45 PM imported nc file
05/31/2018 11:57:48 PM imported coordinates
05/31/2018 11:59:23 PM imported pressure
06/01/2018 12:00:06 AM saved temp
06/01/2018 12:00:30 AM saved v_comp
06/01/2018 12:00:47 AM saved u_comp
06/01/2018 12:01:31 AM saved Z
06/01/2018 12:02:18 AM saved q
06/01/2018 12:02:47 AM saved EKE
06/01/2018 12:02:51 AM calculated KE
06/01/2018 12:02:59 AM calculated MSE fluxes
06/01/2018 12:03:11 AM saved raw data
06/01/2018 12:03:17 AM vertical integartion : MSE fluxes
06/01/2018 12:03:24 AM vertical integration : sensible fluxes
06/01/2018 12:03:31 AM vertical integration : latent fluxes
06/01/2018 12:03:38 AM vertical integration : nc potential fluxes
06/01/2018 12:03:45 AM vertical integration : kinetic energy fluxes
06/01/2018 12:03:52 AM vertical integration : Enthalpy 
06/01/2018 12:04:58 AM saved radiation
06/01/2018 12:04:59 AM saved t_surf
06/01/2018 12:05:01 AM saved flux_oceanq
06/01/2018 12:05:02 AM radiation-- I think its right now !
06/01/2018 12:05:03 AM calculated dh_by_dt
06/01/2018 12:05:03 AM loaded coordinates dictionary
06/01/2018 12:05:03 AM loaded MSE_flux dictionary
06/01/2018 12:05:03 AM loaded rad_dic dictionary
06/01/2018 12:05:04 AM successfully saved dictionaries in files
06/01/2018 12:05:04 AM Begins calculating TE, SE and MM fluxes ....
06/01/2018 12:05:07 AM calculated dh_by_dt dictionary
06/01/2018 12:06:42 AM loaded zonal decomposed fluxes dictionary
06/01/2018 12:06:43 AM loaded zonal radiation dictionary
06/01/2018 12:06:48 AM destination folder created !
06/01/2018 12:06:48 AM ...........Extract_ncfile_save_fluxes_radiation.py.............21
06/01/2018 12:06:48 AM imported nc file
06/01/2018 12:07:19 AM imported coordinates
06/01/2018 12:08:49 AM imported pressure
06/01/2018 12:09:32 AM saved temp
06/01/2018 12:10:18 AM saved v_comp
06/01/2018 12:11:03 AM saved u_comp
06/01/2018 12:11:48 AM saved Z
06/01/2018 12:12:36 AM saved q
06/01/2018 12:13:09 AM saved EKE
06/01/2018 12:13:13 AM calculated KE
06/01/2018 12:13:20 AM calculated MSE fluxes
06/01/2018 12:13:32 AM saved raw data
06/01/2018 12:13:38 AM vertical integartion : MSE fluxes
06/01/2018 12:13:46 AM vertical integration : sensible fluxes
06/01/2018 12:13:53 AM vertical integration : latent fluxes
06/01/2018 12:14:00 AM vertical integration : nc potential fluxes
06/01/2018 12:14:07 AM vertical integration : kinetic energy fluxes
06/01/2018 12:14:14 AM vertical integration : Enthalpy 
06/01/2018 12:17:42 AM saved radiation
06/01/2018 12:18:14 AM saved t_surf
06/01/2018 12:18:35 AM saved flux_oceanq
06/01/2018 12:18:36 AM radiation-- I think its right now !
06/01/2018 12:18:37 AM calculated dh_by_dt
06/01/2018 12:18:37 AM loaded coordinates dictionary
06/01/2018 12:18:37 AM loaded MSE_flux dictionary
06/01/2018 12:18:37 AM loaded rad_dic dictionary
06/01/2018 12:18:38 AM successfully saved dictionaries in files
06/01/2018 12:18:38 AM Begins calculating TE, SE and MM fluxes ....
06/01/2018 12:18:40 AM calculated dh_by_dt dictionary
06/01/2018 12:20:16 AM loaded zonal decomposed fluxes dictionary
06/01/2018 12:20:16 AM loaded zonal radiation dictionary
06/01/2018 12:20:22 AM destination folder created !
06/01/2018 12:20:22 AM ...........Extract_ncfile_save_fluxes_radiation.py.............22
06/01/2018 12:20:22 AM imported nc file
06/01/2018 12:21:01 AM imported coordinates
06/01/2018 12:22:42 AM imported pressure
06/01/2018 12:23:35 AM saved temp
06/01/2018 12:24:24 AM saved v_comp
06/01/2018 12:25:13 AM saved u_comp
06/01/2018 12:26:04 AM saved Z
06/01/2018 12:26:48 AM saved q
06/01/2018 12:27:15 AM saved EKE
06/01/2018 12:27:19 AM calculated KE
06/01/2018 12:27:27 AM calculated MSE fluxes
06/01/2018 12:27:39 AM saved raw data
06/01/2018 12:27:45 AM vertical integartion : MSE fluxes
06/01/2018 12:27:52 AM vertical integration : sensible fluxes
06/01/2018 12:28:00 AM vertical integration : latent fluxes
06/01/2018 12:28:07 AM vertical integration : nc potential fluxes
06/01/2018 12:28:14 AM vertical integration : kinetic energy fluxes
06/01/2018 12:28:21 AM vertical integration : Enthalpy 
06/01/2018 12:29:10 AM saved radiation
06/01/2018 12:29:13 AM saved t_surf
06/01/2018 12:29:15 AM saved flux_oceanq
06/01/2018 12:29:16 AM radiation-- I think its right now !
06/01/2018 12:29:17 AM calculated dh_by_dt
06/01/2018 12:29:17 AM loaded coordinates dictionary
06/01/2018 12:29:17 AM loaded MSE_flux dictionary
06/01/2018 12:29:17 AM loaded rad_dic dictionary
06/01/2018 12:29:17 AM successfully saved dictionaries in files
06/01/2018 12:29:17 AM Begins calculating TE, SE and MM fluxes ....
06/01/2018 12:29:20 AM calculated dh_by_dt dictionary
06/01/2018 12:30:54 AM loaded zonal decomposed fluxes dictionary
06/01/2018 12:30:54 AM loaded zonal radiation dictionary
06/01/2018 12:30:59 AM destination folder created !
06/01/2018 12:30:59 AM ...........Extract_ncfile_save_fluxes_radiation.py.............23
06/01/2018 12:30:59 AM imported nc file
06/01/2018 12:31:27 AM imported coordinates
06/01/2018 12:32:46 AM imported pressure
06/01/2018 12:33:28 AM saved temp
06/01/2018 12:34:13 AM saved v_comp
06/01/2018 12:35:01 AM saved u_comp
06/01/2018 12:35:48 AM saved Z
06/01/2018 12:36:37 AM saved q
06/01/2018 12:37:07 AM saved EKE
06/01/2018 12:37:12 AM calculated KE
06/01/2018 12:37:19 AM calculated MSE fluxes
06/01/2018 12:37:31 AM saved raw data
06/01/2018 12:37:37 AM vertical integartion : MSE fluxes
06/01/2018 12:37:44 AM vertical integration : sensible fluxes
06/01/2018 12:37:51 AM vertical integration : latent fluxes
06/01/2018 12:37:58 AM vertical integration : nc potential fluxes
06/01/2018 12:38:05 AM vertical integration : kinetic energy fluxes
06/01/2018 12:38:12 AM vertical integration : Enthalpy 
06/01/2018 12:39:07 AM saved radiation
06/01/2018 12:39:09 AM saved t_surf
06/01/2018 12:39:11 AM saved flux_oceanq
06/01/2018 12:39:12 AM radiation-- I think its right now !
06/01/2018 12:39:13 AM calculated dh_by_dt
06/01/2018 12:39:13 AM loaded coordinates dictionary
06/01/2018 12:39:13 AM loaded MSE_flux dictionary
06/01/2018 12:39:13 AM loaded rad_dic dictionary
06/01/2018 12:39:13 AM successfully saved dictionaries in files
06/01/2018 12:39:13 AM Begins calculating TE, SE and MM fluxes ....
06/01/2018 12:39:15 AM calculated dh_by_dt dictionary
06/01/2018 12:40:51 AM loaded zonal decomposed fluxes dictionary
06/01/2018 12:40:51 AM loaded zonal radiation dictionary
06/01/2018 12:40:56 AM destination folder created !
06/01/2018 12:40:56 AM ...........Extract_ncfile_save_fluxes_radiation.py.............24
06/01/2018 12:40:56 AM imported nc file
06/01/2018 12:41:27 AM imported coordinates
06/01/2018 12:42:45 AM imported pressure
06/01/2018 12:43:28 AM saved temp
06/01/2018 12:43:46 AM saved v_comp
06/01/2018 12:44:01 AM saved u_comp
06/01/2018 12:44:46 AM saved Z
06/01/2018 12:45:13 AM saved q
06/01/2018 12:45:41 AM saved EKE
06/01/2018 12:45:45 AM calculated KE
06/01/2018 12:45:53 AM calculated MSE fluxes
06/01/2018 12:46:04 AM saved raw data
06/01/2018 12:46:11 AM vertical integartion : MSE fluxes
06/01/2018 12:46:18 AM vertical integration : sensible fluxes
06/01/2018 12:46:25 AM vertical integration : latent fluxes
06/01/2018 12:46:32 AM vertical integration : nc potential fluxes
06/01/2018 12:46:39 AM vertical integration : kinetic energy fluxes
06/01/2018 12:46:46 AM vertical integration : Enthalpy 
06/01/2018 12:47:36 AM saved radiation
06/01/2018 12:47:38 AM saved t_surf
06/01/2018 12:47:40 AM saved flux_oceanq
06/01/2018 12:47:41 AM radiation-- I think its right now !
06/01/2018 12:47:42 AM calculated dh_by_dt
06/01/2018 12:47:42 AM loaded coordinates dictionary
06/01/2018 12:47:42 AM loaded MSE_flux dictionary
06/01/2018 12:47:42 AM loaded rad_dic dictionary
06/01/2018 12:47:42 AM successfully saved dictionaries in files
06/01/2018 12:47:42 AM Begins calculating TE, SE and MM fluxes ....
06/01/2018 12:47:45 AM calculated dh_by_dt dictionary
06/01/2018 12:49:22 AM loaded zonal decomposed fluxes dictionary
06/01/2018 12:49:22 AM loaded zonal radiation dictionary
06/01/2018 12:49:28 AM destination folder created !
06/01/2018 12:49:28 AM ...........Extract_ncfile_save_fluxes_radiation.py.............25
06/01/2018 12:49:28 AM imported nc file
06/01/2018 12:49:58 AM imported coordinates
06/01/2018 12:51:18 AM imported pressure
06/01/2018 12:51:58 AM saved temp
06/01/2018 12:52:14 AM saved v_comp
06/01/2018 12:52:29 AM saved u_comp
06/01/2018 12:53:13 AM saved Z
06/01/2018 12:53:40 AM saved q
06/01/2018 12:54:06 AM saved EKE
06/01/2018 12:54:11 AM calculated KE
06/01/2018 12:54:19 AM calculated MSE fluxes
06/01/2018 12:54:30 AM saved raw data
06/01/2018 12:54:37 AM vertical integartion : MSE fluxes
06/01/2018 12:54:44 AM vertical integration : sensible fluxes
06/01/2018 12:54:51 AM vertical integration : latent fluxes
06/01/2018 12:54:58 AM vertical integration : nc potential fluxes
06/01/2018 12:55:06 AM vertical integration : kinetic energy fluxes
06/01/2018 12:55:13 AM vertical integration : Enthalpy 
06/01/2018 12:56:00 AM saved radiation
06/01/2018 12:56:02 AM saved t_surf
06/01/2018 12:56:04 AM saved flux_oceanq
06/01/2018 12:56:05 AM radiation-- I think its right now !
06/01/2018 12:56:06 AM calculated dh_by_dt
06/01/2018 12:56:06 AM loaded coordinates dictionary
06/01/2018 12:56:06 AM loaded MSE_flux dictionary
06/01/2018 12:56:06 AM loaded rad_dic dictionary
06/01/2018 12:56:07 AM successfully saved dictionaries in files
06/01/2018 12:56:07 AM Begins calculating TE, SE and MM fluxes ....
06/01/2018 12:56:09 AM calculated dh_by_dt dictionary
06/01/2018 12:57:43 AM loaded zonal decomposed fluxes dictionary
06/01/2018 12:57:43 AM loaded zonal radiation dictionary
06/01/2018 12:57:49 AM destination folder created !
06/01/2018 12:57:49 AM ...........Extract_ncfile_save_fluxes_radiation.py.............26
06/01/2018 12:57:49 AM imported nc file
06/01/2018 12:58:17 AM imported coordinates
06/01/2018 12:59:38 AM imported pressure
06/01/2018 01:00:17 AM saved temp
06/01/2018 01:00:32 AM saved v_comp
06/01/2018 01:00:47 AM saved u_comp
06/01/2018 01:01:27 AM saved Z
06/01/2018 01:01:57 AM saved q
06/01/2018 01:02:25 AM saved EKE
06/01/2018 01:02:30 AM calculated KE
06/01/2018 01:02:37 AM calculated MSE fluxes
06/01/2018 01:02:49 AM saved raw data
06/01/2018 01:02:56 AM vertical integartion : MSE fluxes
06/01/2018 01:03:03 AM vertical integration : sensible fluxes
06/01/2018 01:03:10 AM vertical integration : latent fluxes
06/01/2018 01:03:17 AM vertical integration : nc potential fluxes
06/01/2018 01:03:24 AM vertical integration : kinetic energy fluxes
06/01/2018 01:03:32 AM vertical integration : Enthalpy 
06/01/2018 01:04:17 AM saved radiation
06/01/2018 01:04:19 AM saved t_surf
06/01/2018 01:04:21 AM saved flux_oceanq
06/01/2018 01:04:22 AM radiation-- I think its right now !
06/01/2018 01:04:23 AM calculated dh_by_dt
06/01/2018 01:04:23 AM loaded coordinates dictionary
06/01/2018 01:04:23 AM loaded MSE_flux dictionary
06/01/2018 01:04:23 AM loaded rad_dic dictionary
06/01/2018 01:04:23 AM successfully saved dictionaries in files
06/01/2018 01:04:23 AM Begins calculating TE, SE and MM fluxes ....
06/01/2018 01:04:26 AM calculated dh_by_dt dictionary
06/01/2018 01:06:02 AM loaded zonal decomposed fluxes dictionary
06/01/2018 01:06:02 AM loaded zonal radiation dictionary
06/01/2018 01:06:07 AM destination folder created !
06/01/2018 01:06:07 AM ...........Extract_ncfile_save_fluxes_radiation.py.............27
06/01/2018 01:06:07 AM imported nc file
06/01/2018 01:06:36 AM imported coordinates
06/01/2018 01:07:52 AM imported pressure
06/01/2018 01:08:35 AM saved temp
06/01/2018 01:08:51 AM saved v_comp
06/01/2018 01:09:07 AM saved u_comp
06/01/2018 01:09:48 AM saved Z
06/01/2018 01:10:16 AM saved q
06/01/2018 01:10:44 AM saved EKE
06/01/2018 01:10:48 AM calculated KE
06/01/2018 01:10:56 AM calculated MSE fluxes
06/01/2018 01:11:07 AM saved raw data
06/01/2018 01:11:14 AM vertical integartion : MSE fluxes
06/01/2018 01:11:22 AM vertical integration : sensible fluxes
06/01/2018 01:11:29 AM vertical integration : latent fluxes
06/01/2018 01:11:36 AM vertical integration : nc potential fluxes
06/01/2018 01:11:44 AM vertical integration : kinetic energy fluxes
06/01/2018 01:11:51 AM vertical integration : Enthalpy 
06/01/2018 01:12:37 AM saved radiation
06/01/2018 01:12:38 AM saved t_surf
06/01/2018 01:12:40 AM saved flux_oceanq
06/01/2018 01:12:41 AM radiation-- I think its right now !
06/01/2018 01:12:42 AM calculated dh_by_dt
06/01/2018 01:12:42 AM loaded coordinates dictionary
06/01/2018 01:12:42 AM loaded MSE_flux dictionary
06/01/2018 01:12:42 AM loaded rad_dic dictionary
06/01/2018 01:12:43 AM successfully saved dictionaries in files
06/01/2018 01:12:43 AM Begins calculating TE, SE and MM fluxes ....
06/01/2018 01:12:45 AM calculated dh_by_dt dictionary
06/01/2018 01:14:16 AM loaded zonal decomposed fluxes dictionary
06/01/2018 01:14:17 AM loaded zonal radiation dictionary
06/01/2018 01:14:23 AM destination folder created !
06/01/2018 01:14:23 AM ...........Extract_ncfile_save_fluxes_radiation.py.............28
06/01/2018 01:14:23 AM imported nc file
06/01/2018 01:14:53 AM imported coordinates
06/01/2018 01:16:08 AM imported pressure
06/01/2018 01:16:48 AM saved temp
06/01/2018 01:17:07 AM saved v_comp
06/01/2018 01:17:22 AM saved u_comp
06/01/2018 01:18:03 AM saved Z
06/01/2018 01:18:30 AM saved q
06/01/2018 01:18:56 AM saved EKE
06/01/2018 01:19:00 AM calculated KE
06/01/2018 01:19:08 AM calculated MSE fluxes
06/01/2018 01:19:20 AM saved raw data
06/01/2018 01:19:26 AM vertical integartion : MSE fluxes
06/01/2018 01:19:33 AM vertical integration : sensible fluxes
06/01/2018 01:19:40 AM vertical integration : latent fluxes
06/01/2018 01:19:47 AM vertical integration : nc potential fluxes
06/01/2018 01:19:54 AM vertical integration : kinetic energy fluxes
06/01/2018 01:20:01 AM vertical integration : Enthalpy 
06/01/2018 01:20:50 AM saved radiation
06/01/2018 01:20:52 AM saved t_surf
06/01/2018 01:20:53 AM saved flux_oceanq
06/01/2018 01:20:55 AM radiation-- I think its right now !
06/01/2018 01:20:55 AM calculated dh_by_dt
06/01/2018 01:20:55 AM loaded coordinates dictionary
06/01/2018 01:20:55 AM loaded MSE_flux dictionary
06/01/2018 01:20:55 AM loaded rad_dic dictionary
06/01/2018 01:20:56 AM successfully saved dictionaries in files
06/01/2018 01:20:56 AM Begins calculating TE, SE and MM fluxes ....
06/01/2018 01:20:58 AM calculated dh_by_dt dictionary
06/01/2018 01:22:32 AM loaded zonal decomposed fluxes dictionary
06/01/2018 01:22:32 AM loaded zonal radiation dictionary
06/01/2018 01:22:37 AM destination folder created !
06/01/2018 01:22:37 AM ...........Extract_ncfile_save_fluxes_radiation.py.............29
06/01/2018 01:22:37 AM imported nc file
06/01/2018 01:23:08 AM imported coordinates
06/01/2018 01:24:23 AM imported pressure
06/01/2018 01:25:03 AM saved temp
06/01/2018 01:25:18 AM saved v_comp
06/01/2018 01:25:34 AM saved u_comp
06/01/2018 06:18:46 AM destination folder created !
06/01/2018 06:18:47 AM ** INTERPOLATION ** 
06/01/2018 06:18:48 AM ----0----
06/01/2018 06:18:49 AM ----1----
06/01/2018 06:18:49 AM ----2----
06/01/2018 06:18:49 AM ----3----
06/01/2018 06:18:49 AM ----4----
06/01/2018 06:18:49 AM ----5----
06/01/2018 06:18:49 AM ----6----
06/01/2018 06:18:49 AM ----7----
06/01/2018 06:18:50 AM ----8----
06/01/2018 06:18:50 AM ----9----
06/01/2018 06:18:50 AM ----10----
06/01/2018 06:18:50 AM ----11----
06/01/2018 06:18:50 AM ----12----
06/01/2018 06:18:50 AM ----13----
06/01/2018 06:18:50 AM ----14----
06/01/2018 06:18:51 AM ----15----
06/01/2018 06:18:51 AM ----16----
06/01/2018 06:18:51 AM ----17----
06/01/2018 06:18:51 AM ----18----
06/01/2018 06:18:51 AM ----19----
06/01/2018 06:18:51 AM ----20----
06/01/2018 06:18:52 AM ----21----
06/01/2018 06:18:52 AM ----22----
06/01/2018 06:18:52 AM ----23----
06/01/2018 06:18:52 AM ----24----
06/01/2018 06:18:52 AM ----25----
06/01/2018 06:18:52 AM ----26----
06/01/2018 06:18:52 AM ----27----
06/01/2018 06:18:53 AM ----28----
06/01/2018 06:18:54 AM ...........plot_and_save_div_MSE.py.............
06/01/2018 07:41:44 AM ...........Extract_ncfile_save_fluxes_radiation.py.............29
06/01/2018 07:41:44 AM imported nc file
06/01/2018 07:42:12 AM imported coordinates
06/01/2018 07:43:27 AM imported pressure
06/01/2018 07:44:09 AM saved temp
06/01/2018 07:44:25 AM saved v_comp
06/01/2018 07:44:40 AM saved u_comp
06/01/2018 07:45:19 AM saved Z
06/01/2018 07:45:46 AM saved q
06/01/2018 07:46:11 AM saved EKE
06/01/2018 07:46:16 AM calculated KE
06/01/2018 07:46:23 AM calculated MSE fluxes
06/01/2018 07:46:35 AM saved raw data
06/01/2018 07:46:42 AM vertical integartion : MSE fluxes
06/01/2018 07:46:48 AM vertical integration : sensible fluxes
06/01/2018 07:46:55 AM vertical integration : latent fluxes
06/01/2018 07:47:02 AM vertical integration : nc potential fluxes
06/01/2018 07:47:09 AM vertical integration : kinetic energy fluxes
06/01/2018 07:47:16 AM vertical integration : Enthalpy 
06/01/2018 07:48:01 AM saved radiation
06/01/2018 07:48:02 AM saved t_surf
06/01/2018 07:48:04 AM saved flux_oceanq
06/01/2018 07:48:06 AM radiation-- I think its right now !
06/01/2018 07:48:06 AM calculated dh_by_dt
06/01/2018 07:48:06 AM loaded coordinates dictionary
06/01/2018 07:48:06 AM loaded MSE_flux dictionary
06/01/2018 07:48:06 AM loaded rad_dic dictionary
06/01/2018 07:48:07 AM successfully saved dictionaries in files
06/01/2018 07:48:07 AM Begins calculating TE, SE and MM fluxes ....
06/01/2018 07:48:09 AM calculated dh_by_dt dictionary
06/01/2018 07:49:44 AM loaded zonal decomposed fluxes dictionary
06/01/2018 07:49:44 AM loaded zonal radiation dictionary
06/01/2018 07:49:48 AM ** INTERPOLATION ** 
06/01/2018 07:49:49 AM ----0----
06/01/2018 07:49:49 AM ----1----
06/01/2018 07:49:50 AM ----2----
06/01/2018 07:49:50 AM ----3----
06/01/2018 07:49:50 AM ----4----
06/01/2018 07:49:50 AM ----5----
06/01/2018 07:49:50 AM ----6----
06/01/2018 07:49:50 AM ----7----
06/01/2018 07:49:50 AM ----8----
06/01/2018 07:49:50 AM ----9----
06/01/2018 07:49:50 AM ----10----
06/01/2018 07:49:51 AM ----11----
06/01/2018 07:49:51 AM ----12----
06/01/2018 07:49:51 AM ----13----
06/01/2018 07:49:51 AM ----14----
06/01/2018 07:49:51 AM ----15----
06/01/2018 07:49:51 AM ----16----
06/01/2018 07:49:51 AM ----17----
06/01/2018 07:49:51 AM ----18----
06/01/2018 07:49:51 AM ----19----
06/01/2018 07:49:52 AM ----20----
06/01/2018 07:49:52 AM ----21----
06/01/2018 07:49:52 AM ----22----
06/01/2018 07:49:52 AM ----23----
06/01/2018 07:49:52 AM ----24----
06/01/2018 07:49:52 AM ----25----
06/01/2018 07:49:52 AM ----26----
06/01/2018 07:49:52 AM ----27----
06/01/2018 07:49:52 AM ----28----
06/01/2018 07:49:53 AM ----29----
06/01/2018 07:49:54 AM Calculated interpolation
06/01/2018 07:49:54 AM Calculated divergence
06/01/2018 07:49:55 AM Saved raw data interp dictionary
06/01/2018 07:49:55 AM Saved flux interp dictionary
06/01/2018 07:49:55 AM Saved flux divergence interp
06/01/2018 07:49:55 AM Looks great !!
06/01/2018 07:49:56 AM ...........plot_and_save_div_MSE.py.............
06/05/2018 04:54:01 PM ** INTERPOLATION ** 
06/05/2018 04:54:07 PM ...........plot_and_save_div_MSE.py.............
06/05/2018 04:56:55 PM ** INTERPOLATION ** 
06/05/2018 04:56:57 PM ----0----
06/05/2018 04:56:57 PM ----1----
06/05/2018 04:56:57 PM ----2----
06/05/2018 04:56:57 PM ----3----
06/05/2018 04:56:57 PM ----4----
06/05/2018 04:56:57 PM ----5----
06/05/2018 04:56:57 PM ----6----
06/05/2018 04:56:58 PM ----7----
06/05/2018 04:56:58 PM ----8----
06/05/2018 04:56:58 PM ----9----
06/05/2018 04:56:58 PM ----10----
06/05/2018 04:56:58 PM ----11----
06/05/2018 04:56:58 PM ----12----
06/05/2018 04:56:59 PM ----13----
06/05/2018 04:56:59 PM ----14----
06/05/2018 04:56:59 PM ----15----
06/05/2018 04:56:59 PM ----16----
06/05/2018 04:56:59 PM ----17----
06/05/2018 04:57:00 PM ----18----
06/05/2018 04:57:00 PM ----19----
06/05/2018 04:57:00 PM ----20----
06/05/2018 04:57:00 PM ----21----
06/05/2018 04:57:00 PM ----22----
06/05/2018 04:57:00 PM ----23----
06/05/2018 04:57:01 PM ----24----
06/05/2018 04:57:01 PM ----25----
06/05/2018 04:57:01 PM ----26----
06/05/2018 04:57:01 PM ----27----
06/05/2018 04:57:01 PM ----28----
06/05/2018 04:57:01 PM ----29----
06/05/2018 04:57:04 PM Calculated interpolation
06/05/2018 04:57:04 PM Calculated divergence
06/05/2018 04:57:04 PM Saved raw data interp dictionary
06/05/2018 04:57:04 PM Saved flux interp dictionary
06/05/2018 04:57:04 PM Saved flux divergence interp
06/05/2018 04:57:04 PM Looks great !!
06/05/2018 04:57:06 PM ...........plot_and_save_div_MSE.py.............
