10/14/2019 04:26:15 AM 59...........interpolation_from_pres_to_isentrope_coord.py.............
10/14/2019 04:26:15 AM 59imported nc file
10/14/2019 04:26:28 AM 59imported coordinates
10/14/2019 04:26:46 AM 59imported temp
10/14/2019 04:27:03 AM 59calculated term1
10/14/2019 04:27:08 AM 59calculated dtheta_dp
10/14/2019 04:27:15 AM 59calculated dtheta_dx
10/14/2019 04:27:22 AM 59calculated dtheta_dy
10/14/2019 04:27:56 AM 59calculated u
10/14/2019 04:28:29 AM 59calculated v
10/14/2019 04:29:01 AM 59calculated w
10/14/2019 04:29:05 AM 59calculated term 2,3,4
10/14/2019 04:29:13 AM 59calculated theta_dot
10/14/2019 04:29:13 AM Interpolating ------> theta_dot<------ to isentropic coordinates
10/14/2019 04:41:07 AM 59interpolation done
10/14/2019 04:41:07 AM Calculation successful: shape (365, 20, 96, 192)
10/14/2019 04:41:07 AM 59Create variables
10/14/2019 04:41:10 AM 59assigned theta_dot dataset
10/14/2019 04:41:10 AM 59Program ends
10/14/2019 04:41:10 AM 59Total time taken - 897.227428913
10/14/2019 04:41:10 AM 59------------------------
