10/14/2019 03:30:11 AM 57...........interpolation_from_pres_to_isentrope_coord.py.............
10/14/2019 03:30:11 AM 57imported nc file
10/14/2019 03:30:22 AM 57imported coordinates
10/14/2019 03:30:43 AM 57imported temp
10/14/2019 03:31:00 AM 57calculated term1
10/14/2019 03:31:05 AM 57calculated dtheta_dp
10/14/2019 03:31:12 AM 57calculated dtheta_dx
10/14/2019 03:31:19 AM 57calculated dtheta_dy
10/14/2019 03:31:56 AM 57calculated u
10/14/2019 03:32:24 AM 57calculated v
10/14/2019 03:32:56 AM 57calculated w
10/14/2019 03:32:59 AM 57calculated term 2,3,4
10/14/2019 03:33:07 AM 57calculated theta_dot
10/14/2019 03:33:07 AM Interpolating ------> theta_dot<------ to isentropic coordinates
10/14/2019 03:43:17 AM 57interpolation done
10/14/2019 03:43:17 AM Calculation successful: shape (365, 20, 96, 192)
10/14/2019 03:43:17 AM 57Create variables
10/14/2019 03:43:20 AM 57assigned theta_dot dataset
10/14/2019 03:43:20 AM 57Program ends
10/14/2019 03:43:20 AM 57Total time taken - 792.501574039
10/14/2019 03:43:20 AM 57------------------------
