10/14/2019 04:55:15 AM destination folder created !
10/14/2019 04:55:15 AM ....Extract ncfile save MSE and momentum fluxes and radiation....59 averaged over 30
10/14/2019 04:55:15 AM imported nc file
10/14/2019 04:55:15 AM imported coordinates
10/14/2019 04:55:19 AM imported pressure
10/14/2019 04:55:21 AM saved temp
10/14/2019 04:55:23 AM saved v_comp
10/14/2019 04:55:26 AM saved u_comp
10/14/2019 04:55:28 AM saved omega
10/14/2019 04:55:30 AM saved Z
10/14/2019 04:55:32 AM saved q
10/14/2019 04:55:35 AM saved theta_dot
10/14/2019 04:55:37 AM saved dtheta_dp
10/14/2019 04:55:40 AM saved deltheta_delt
10/14/2019 04:55:53 AM calculated KE
10/14/2019 04:55:55 AM calculated MSE fluxes
10/14/2019 04:55:55 AM loaded coordinates dictionary
10/14/2019 04:55:56 AM defined functions
10/14/2019 04:56:20 AM calculated tendency dictionary
10/14/2019 04:56:24 AM defined divergence functions
10/14/2019 04:56:45 AM Total fluxes v
10/14/2019 04:57:13 AM TE fluxes v
10/14/2019 04:57:30 AM SE fluxes v
10/14/2019 04:57:46 AM MM fluxes v
10/14/2019 04:57:46 AM v flux dictionary
10/14/2019 04:58:07 AM Total fluxes w
10/14/2019 04:58:36 AM TE fluxes w
10/14/2019 04:58:53 AM SE fluxes w
10/14/2019 04:59:09 AM MM fluxes w
10/14/2019 04:59:09 AM w flux dictionary
10/14/2019 04:59:09 AM Div v
10/14/2019 04:59:09 AM Div v dictionary
10/14/2019 04:59:09 AM Div w
10/14/2019 04:59:09 AM Div w dictionary
10/14/2019 04:59:09 AM calculated tendencies
10/14/2019 04:59:22 AM loaded fluxes_PW dictionary
10/14/2019 04:59:22 AM loaded fluxes_Wm2 dictionary
10/14/2019 04:59:22 AM loaded tendency terms dictionary
10/14/2019 04:59:22 AM loaded raw data dictionary
10/14/2019 04:59:22 AM Time taken --> 251.851264
10/14/2019 04:59:22 AM Awesome! complete!
10/14/2019 04:59:22 AM -------------------------------
