11/05/2018 12:44:45 PM ** INTERPOLATION ** 
11/05/2018 01:02:20 PM ...........Calculate EKE.............0
11/05/2018 01:02:20 PM imported nc file
11/05/2018 01:05:15 PM imported coordinates
11/05/2018 01:09:30 PM imported pressure
11/05/2018 01:11:22 PM saved v_comp
11/05/2018 01:13:14 PM saved u_comp
11/05/2018 01:13:14 PM Filtering signal now
11/05/2018 01:13:21 PM Filtering u and v at plevel 0.9731199465677635
11/05/2018 01:13:25 PM Filtering u and v at plevel 0.9210435734946946
11/05/2018 01:13:30 PM Filtering u and v at plevel 0.8717540125826787
11/05/2018 01:13:35 PM Filtering u and v at plevel 0.8251018703001956
11/05/2018 01:13:40 PM Filtering u and v at plevel 0.7809450914447958
11/05/2018 01:13:44 PM Filtering u and v at plevel 0.7391477498279747
11/05/2018 01:13:49 PM Filtering u and v at plevel 0.6995784804292889
11/05/2018 01:13:54 PM Filtering u and v at plevel 0.6621085665908767
11/05/2018 01:13:59 PM Filtering u and v at plevel 0.6266097287784145
11/05/2018 01:14:03 PM Filtering u and v at plevel 0.592951685476526
11/05/2018 01:14:08 PM Filtering u and v at plevel 0.5609995761404118
11/05/2018 01:14:13 PM Filtering u and v at plevel 0.5306113557418541
11/05/2018 01:14:18 PM Filtering u and v at plevel 0.5016352961682442
11/05/2018 01:14:22 PM Filtering u and v at plevel 0.4739077683307861
11/05/2018 01:14:27 PM Filtering u and v at plevel 0.44725153763167325
11/05/2018 01:14:32 PM Filtering u and v at plevel 0.4214748913644697
11/05/2018 01:14:37 PM Filtering u and v at plevel 0.3963720342166585
11/05/2018 01:14:41 PM Filtering u and v at plevel 0.371725335892926
11/05/2018 01:14:46 PM Filtering u and v at plevel 0.34731017971440126
11/05/2018 01:14:51 PM Filtering u and v at plevel 0.32290330906438663
11/05/2018 01:14:56 PM Filtering u and v at plevel 0.29829563412593546
11/05/2018 01:15:00 PM Filtering u and v at plevel 0.27331033560806184
11/05/2018 01:15:05 PM Filtering u and v at plevel 0.2478266277557821
11/05/2018 01:15:10 PM Filtering u and v at plevel 0.22180852820217098
11/05/2018 01:15:15 PM Filtering u and v at plevel 0.19533625519570888
11/05/2018 01:15:19 PM Filtering u and v at plevel 0.1686353994868007
11/05/2018 01:15:24 PM Filtering u and v at plevel 0.1420960968927281
11/05/2018 01:15:29 PM Filtering u and v at plevel 0.1162719225588613
11/05/2018 01:15:34 PM Filtering u and v at plevel 0.0918477093601027
11/05/2018 01:15:38 PM Filtering u and v at plevel 0.06956901941712679
11/05/2018 01:15:43 PM Filtering u and v at plevel 0.050135221379808886
11/05/2018 01:15:48 PM Filtering u and v at plevel 0.03407262549982947
11/05/2018 01:15:53 PM Filtering u and v at plevel 0.021619597882391442
11/05/2018 01:15:57 PM Filtering u and v at plevel 0.012663559404899662
11/05/2018 01:16:02 PM Filtering u and v at plevel 0.006761046642395754
11/05/2018 01:16:07 PM Filtering u and v at plevel 0.003243806249843405
11/05/2018 01:16:12 PM Filtering u and v at plevel 0.0013766083204391473
11/05/2018 01:16:16 PM Filtering u and v at plevel 0.0005077583032093046
11/05/2018 01:16:21 PM Filtering u and v at plevel 0.00015964567384570998
11/05/2018 01:16:26 PM Filtering u and v at plevel 2.710462927265426e-05
11/05/2018 01:16:30 PM calculated EKE
11/05/2018 01:16:39 PM saved EKE data
11/05/2018 01:16:39 PM EKE calculated !! Great !!
11/05/2018 01:16:45 PM ...........Calculate EKE.............1
11/05/2018 01:16:45 PM imported nc file
11/05/2018 01:19:48 PM imported coordinates
11/05/2018 01:24:01 PM imported pressure
11/05/2018 01:26:06 PM saved v_comp
11/05/2018 01:28:12 PM saved u_comp
11/05/2018 01:28:12 PM Filtering signal now
11/05/2018 01:28:18 PM Filtering u and v at plevel 0.9731199465677635
11/05/2018 01:28:22 PM Filtering u and v at plevel 0.9210435734946946
11/05/2018 01:28:27 PM Filtering u and v at plevel 0.8717540125826787
11/05/2018 01:28:31 PM Filtering u and v at plevel 0.8251018703001956
11/05/2018 01:28:35 PM Filtering u and v at plevel 0.7809450914447958
11/05/2018 01:28:40 PM Filtering u and v at plevel 0.7391477498279747
11/05/2018 01:28:44 PM Filtering u and v at plevel 0.6995784804292889
11/05/2018 01:28:49 PM Filtering u and v at plevel 0.6621085665908767
11/05/2018 01:28:53 PM Filtering u and v at plevel 0.6266097287784145
11/05/2018 01:28:57 PM Filtering u and v at plevel 0.592951685476526
11/05/2018 01:29:02 PM Filtering u and v at plevel 0.5609995761404118
11/05/2018 01:29:06 PM Filtering u and v at plevel 0.5306113557418541
11/05/2018 01:29:10 PM Filtering u and v at plevel 0.5016352961682442
11/05/2018 01:29:15 PM Filtering u and v at plevel 0.4739077683307861
11/05/2018 01:29:19 PM Filtering u and v at plevel 0.44725153763167325
11/05/2018 01:29:23 PM Filtering u and v at plevel 0.4214748913644697
11/05/2018 01:29:28 PM Filtering u and v at plevel 0.3963720342166585
11/05/2018 01:29:32 PM Filtering u and v at plevel 0.371725335892926
11/05/2018 01:29:36 PM Filtering u and v at plevel 0.34731017971440126
11/05/2018 01:29:41 PM Filtering u and v at plevel 0.32290330906438663
11/05/2018 01:29:45 PM Filtering u and v at plevel 0.29829563412593546
11/05/2018 01:29:49 PM Filtering u and v at plevel 0.27331033560806184
11/05/2018 01:29:54 PM Filtering u and v at plevel 0.2478266277557821
11/05/2018 01:29:58 PM Filtering u and v at plevel 0.22180852820217098
11/05/2018 01:30:03 PM Filtering u and v at plevel 0.19533625519570888
11/05/2018 01:30:07 PM Filtering u and v at plevel 0.1686353994868007
11/05/2018 01:30:11 PM Filtering u and v at plevel 0.1420960968927281
11/05/2018 01:30:16 PM Filtering u and v at plevel 0.1162719225588613
11/05/2018 01:30:20 PM Filtering u and v at plevel 0.0918477093601027
11/05/2018 01:30:24 PM Filtering u and v at plevel 0.06956901941712679
11/05/2018 01:30:29 PM Filtering u and v at plevel 0.050135221379808886
11/05/2018 01:30:33 PM Filtering u and v at plevel 0.03407262549982947
11/05/2018 01:30:37 PM Filtering u and v at plevel 0.021619597882391442
11/05/2018 01:30:42 PM Filtering u and v at plevel 0.012663559404899662
11/05/2018 01:30:46 PM Filtering u and v at plevel 0.006761046642395754
11/05/2018 01:30:50 PM Filtering u and v at plevel 0.003243806249843405
11/05/2018 01:30:55 PM Filtering u and v at plevel 0.0013766083204391473
11/05/2018 01:30:59 PM Filtering u and v at plevel 0.0005077583032093046
11/05/2018 01:31:03 PM Filtering u and v at plevel 0.00015964567384570998
11/05/2018 01:31:08 PM Filtering u and v at plevel 2.710462927265426e-05
11/05/2018 01:31:12 PM calculated EKE
11/05/2018 01:31:20 PM saved EKE data
11/05/2018 01:31:20 PM EKE calculated !! Great !!
11/05/2018 01:31:28 PM ...........Calculate EKE.............2
11/05/2018 01:31:28 PM imported nc file
11/05/2018 01:34:16 PM imported coordinates
11/05/2018 01:38:17 PM imported pressure
11/05/2018 01:40:46 PM saved v_comp
11/05/2018 01:43:09 PM saved u_comp
11/05/2018 01:43:09 PM Filtering signal now
11/05/2018 01:43:16 PM Filtering u and v at plevel 0.9731199465677635
11/05/2018 01:43:20 PM Filtering u and v at plevel 0.9210435734946946
11/05/2018 01:43:25 PM Filtering u and v at plevel 0.8717540125826787
11/05/2018 01:43:29 PM Filtering u and v at plevel 0.8251018703001956
11/05/2018 01:43:34 PM Filtering u and v at plevel 0.7809450914447958
11/05/2018 01:43:38 PM Filtering u and v at plevel 0.7391477498279747
11/05/2018 01:43:43 PM Filtering u and v at plevel 0.6995784804292889
11/05/2018 01:43:47 PM Filtering u and v at plevel 0.6621085665908767
11/05/2018 01:43:52 PM Filtering u and v at plevel 0.6266097287784145
11/05/2018 01:43:56 PM Filtering u and v at plevel 0.592951685476526
11/05/2018 01:44:01 PM Filtering u and v at plevel 0.5609995761404118
11/05/2018 01:44:05 PM Filtering u and v at plevel 0.5306113557418541
11/05/2018 01:44:10 PM Filtering u and v at plevel 0.5016352961682442
11/05/2018 01:44:14 PM Filtering u and v at plevel 0.4739077683307861
11/05/2018 01:44:19 PM Filtering u and v at plevel 0.44725153763167325
11/05/2018 01:44:23 PM Filtering u and v at plevel 0.4214748913644697
11/05/2018 01:44:28 PM Filtering u and v at plevel 0.3963720342166585
11/05/2018 01:44:32 PM Filtering u and v at plevel 0.371725335892926
11/05/2018 01:44:37 PM Filtering u and v at plevel 0.34731017971440126
11/05/2018 01:44:42 PM Filtering u and v at plevel 0.32290330906438663
11/05/2018 01:44:46 PM Filtering u and v at plevel 0.29829563412593546
11/05/2018 01:44:51 PM Filtering u and v at plevel 0.27331033560806184
11/05/2018 01:44:55 PM Filtering u and v at plevel 0.2478266277557821
11/05/2018 01:45:00 PM Filtering u and v at plevel 0.22180852820217098
11/05/2018 01:45:04 PM Filtering u and v at plevel 0.19533625519570888
11/05/2018 01:45:09 PM Filtering u and v at plevel 0.1686353994868007
11/05/2018 01:45:13 PM Filtering u and v at plevel 0.1420960968927281
11/05/2018 01:45:18 PM Filtering u and v at plevel 0.1162719225588613
11/05/2018 01:45:22 PM Filtering u and v at plevel 0.0918477093601027
11/05/2018 01:45:27 PM Filtering u and v at plevel 0.06956901941712679
11/05/2018 01:45:31 PM Filtering u and v at plevel 0.050135221379808886
11/05/2018 01:45:36 PM Filtering u and v at plevel 0.03407262549982947
11/05/2018 01:45:40 PM Filtering u and v at plevel 0.021619597882391442
11/05/2018 01:45:45 PM Filtering u and v at plevel 0.012663559404899662
11/05/2018 01:45:49 PM Filtering u and v at plevel 0.006761046642395754
11/05/2018 01:45:54 PM Filtering u and v at plevel 0.003243806249843405
11/05/2018 01:45:58 PM Filtering u and v at plevel 0.0013766083204391473
11/05/2018 01:46:03 PM Filtering u and v at plevel 0.0005077583032093046
11/05/2018 01:46:07 PM Filtering u and v at plevel 0.00015964567384570998
11/05/2018 01:46:12 PM Filtering u and v at plevel 2.710462927265426e-05
11/05/2018 01:46:16 PM calculated EKE
11/05/2018 01:46:24 PM saved EKE data
11/05/2018 01:46:24 PM EKE calculated !! Great !!
11/05/2018 01:46:31 PM ...........Calculate EKE.............3
11/05/2018 01:46:31 PM imported nc file
11/05/2018 01:49:38 PM imported coordinates
11/05/2018 01:54:29 PM imported pressure
11/05/2018 01:57:22 PM saved v_comp
11/05/2018 02:00:07 PM saved u_comp
11/05/2018 02:00:07 PM Filtering signal now
11/05/2018 02:00:13 PM Filtering u and v at plevel 0.9731199465677635
11/05/2018 02:00:18 PM Filtering u and v at plevel 0.9210435734946946
11/05/2018 02:00:22 PM Filtering u and v at plevel 0.8717540125826787
11/05/2018 02:00:27 PM Filtering u and v at plevel 0.8251018703001956
11/05/2018 02:00:31 PM Filtering u and v at plevel 0.7809450914447958
11/05/2018 02:00:35 PM Filtering u and v at plevel 0.7391477498279747
11/05/2018 02:00:40 PM Filtering u and v at plevel 0.6995784804292889
11/05/2018 02:00:44 PM Filtering u and v at plevel 0.6621085665908767
11/05/2018 02:00:48 PM Filtering u and v at plevel 0.6266097287784145
11/05/2018 02:00:53 PM Filtering u and v at plevel 0.592951685476526
11/05/2018 02:00:57 PM Filtering u and v at plevel 0.5609995761404118
11/05/2018 02:01:01 PM Filtering u and v at plevel 0.5306113557418541
11/05/2018 02:01:06 PM Filtering u and v at plevel 0.5016352961682442
11/05/2018 02:01:10 PM Filtering u and v at plevel 0.4739077683307861
11/05/2018 02:01:14 PM Filtering u and v at plevel 0.44725153763167325
11/05/2018 02:01:19 PM Filtering u and v at plevel 0.4214748913644697
11/05/2018 02:01:23 PM Filtering u and v at plevel 0.3963720342166585
11/05/2018 02:01:27 PM Filtering u and v at plevel 0.371725335892926
11/05/2018 02:01:32 PM Filtering u and v at plevel 0.34731017971440126
11/05/2018 02:01:36 PM Filtering u and v at plevel 0.32290330906438663
11/05/2018 02:01:41 PM Filtering u and v at plevel 0.29829563412593546
11/05/2018 02:01:45 PM Filtering u and v at plevel 0.27331033560806184
11/05/2018 02:01:49 PM Filtering u and v at plevel 0.2478266277557821
11/05/2018 02:01:54 PM Filtering u and v at plevel 0.22180852820217098
11/05/2018 02:01:58 PM Filtering u and v at plevel 0.19533625519570888
11/05/2018 02:02:02 PM Filtering u and v at plevel 0.1686353994868007
11/05/2018 02:02:07 PM Filtering u and v at plevel 0.1420960968927281
11/05/2018 02:02:11 PM Filtering u and v at plevel 0.1162719225588613
11/05/2018 02:02:15 PM Filtering u and v at plevel 0.0918477093601027
11/05/2018 02:02:20 PM Filtering u and v at plevel 0.06956901941712679
11/05/2018 02:02:24 PM Filtering u and v at plevel 0.050135221379808886
11/05/2018 02:02:29 PM Filtering u and v at plevel 0.03407262549982947
11/05/2018 02:02:33 PM Filtering u and v at plevel 0.021619597882391442
11/05/2018 02:02:37 PM Filtering u and v at plevel 0.012663559404899662
11/05/2018 02:02:42 PM Filtering u and v at plevel 0.006761046642395754
11/05/2018 02:02:46 PM Filtering u and v at plevel 0.003243806249843405
11/05/2018 02:02:50 PM Filtering u and v at plevel 0.0013766083204391473
11/05/2018 02:02:55 PM Filtering u and v at plevel 0.0005077583032093046
11/05/2018 02:02:59 PM Filtering u and v at plevel 0.00015964567384570998
11/05/2018 02:03:03 PM Filtering u and v at plevel 2.710462927265426e-05
11/05/2018 02:03:08 PM calculated EKE
11/05/2018 02:03:16 PM saved EKE data
11/05/2018 02:03:16 PM EKE calculated !! Great !!
11/05/2018 02:03:26 PM ...........Calculate EKE.............4
11/05/2018 02:03:26 PM imported nc file
11/05/2018 02:07:18 PM imported coordinates
11/05/2018 02:12:13 PM imported pressure
11/05/2018 02:14:13 PM saved v_comp
11/05/2018 02:17:04 PM saved u_comp
11/05/2018 02:17:04 PM Filtering signal now
11/05/2018 02:17:10 PM Filtering u and v at plevel 0.9731199465677635
11/05/2018 02:17:14 PM Filtering u and v at plevel 0.9210435734946946
11/05/2018 02:17:19 PM Filtering u and v at plevel 0.8717540125826787
11/05/2018 02:17:23 PM Filtering u and v at plevel 0.8251018703001956
11/05/2018 02:17:27 PM Filtering u and v at plevel 0.7809450914447958
11/05/2018 02:17:32 PM Filtering u and v at plevel 0.7391477498279747
11/05/2018 02:17:36 PM Filtering u and v at plevel 0.6995784804292889
11/05/2018 02:17:40 PM Filtering u and v at plevel 0.6621085665908767
11/05/2018 02:17:45 PM Filtering u and v at plevel 0.6266097287784145
11/05/2018 02:17:49 PM Filtering u and v at plevel 0.592951685476526
11/05/2018 02:17:53 PM Filtering u and v at plevel 0.5609995761404118
11/05/2018 02:17:58 PM Filtering u and v at plevel 0.5306113557418541
11/05/2018 02:18:02 PM Filtering u and v at plevel 0.5016352961682442
11/05/2018 02:18:06 PM Filtering u and v at plevel 0.4739077683307861
11/05/2018 02:18:11 PM Filtering u and v at plevel 0.44725153763167325
11/05/2018 02:18:15 PM Filtering u and v at plevel 0.4214748913644697
11/05/2018 02:18:19 PM Filtering u and v at plevel 0.3963720342166585
11/05/2018 02:18:24 PM Filtering u and v at plevel 0.371725335892926
11/05/2018 02:18:28 PM Filtering u and v at plevel 0.34731017971440126
11/05/2018 02:18:32 PM Filtering u and v at plevel 0.32290330906438663
11/05/2018 02:18:37 PM Filtering u and v at plevel 0.29829563412593546
11/05/2018 02:18:41 PM Filtering u and v at plevel 0.27331033560806184
11/05/2018 02:18:45 PM Filtering u and v at plevel 0.2478266277557821
11/05/2018 02:18:50 PM Filtering u and v at plevel 0.22180852820217098
11/05/2018 02:18:54 PM Filtering u and v at plevel 0.19533625519570888
11/05/2018 02:18:58 PM Filtering u and v at plevel 0.1686353994868007
11/05/2018 02:19:03 PM Filtering u and v at plevel 0.1420960968927281
11/05/2018 02:19:07 PM Filtering u and v at plevel 0.1162719225588613
11/05/2018 02:19:11 PM Filtering u and v at plevel 0.0918477093601027
11/05/2018 02:19:16 PM Filtering u and v at plevel 0.06956901941712679
11/05/2018 02:19:20 PM Filtering u and v at plevel 0.050135221379808886
11/05/2018 02:19:24 PM Filtering u and v at plevel 0.03407262549982947
11/05/2018 02:19:29 PM Filtering u and v at plevel 0.021619597882391442
11/05/2018 02:19:33 PM Filtering u and v at plevel 0.012663559404899662
11/05/2018 02:19:37 PM Filtering u and v at plevel 0.006761046642395754
11/05/2018 02:19:42 PM Filtering u and v at plevel 0.003243806249843405
11/05/2018 02:19:46 PM Filtering u and v at plevel 0.0013766083204391473
11/05/2018 02:19:50 PM Filtering u and v at plevel 0.0005077583032093046
11/05/2018 02:19:55 PM Filtering u and v at plevel 0.00015964567384570998
11/05/2018 02:19:59 PM Filtering u and v at plevel 2.710462927265426e-05
11/05/2018 02:20:03 PM calculated EKE
11/05/2018 02:20:12 PM saved EKE data
11/05/2018 02:20:12 PM EKE calculated !! Great !!
11/05/2018 02:20:22 PM ...........Calculate EKE.............5
11/05/2018 02:20:22 PM imported nc file
11/05/2018 02:22:26 PM imported coordinates
11/05/2018 02:24:59 PM imported pressure
11/05/2018 02:26:17 PM saved v_comp
11/05/2018 02:27:34 PM saved u_comp
11/05/2018 02:27:34 PM Filtering signal now
11/05/2018 02:27:40 PM Filtering u and v at plevel 0.9731199465677635
11/05/2018 02:27:45 PM Filtering u and v at plevel 0.9210435734946946
11/05/2018 02:27:49 PM Filtering u and v at plevel 0.8717540125826787
11/05/2018 02:27:54 PM Filtering u and v at plevel 0.8251018703001956
11/05/2018 02:27:58 PM Filtering u and v at plevel 0.7809450914447958
11/05/2018 02:28:03 PM Filtering u and v at plevel 0.7391477498279747
11/05/2018 02:28:07 PM Filtering u and v at plevel 0.6995784804292889
11/05/2018 02:28:12 PM Filtering u and v at plevel 0.6621085665908767
11/05/2018 02:28:16 PM Filtering u and v at plevel 0.6266097287784145
11/05/2018 02:28:20 PM Filtering u and v at plevel 0.592951685476526
11/05/2018 02:28:25 PM Filtering u and v at plevel 0.5609995761404118
11/05/2018 02:28:29 PM Filtering u and v at plevel 0.5306113557418541
11/05/2018 02:28:34 PM Filtering u and v at plevel 0.5016352961682442
11/05/2018 02:28:38 PM Filtering u and v at plevel 0.4739077683307861
11/05/2018 02:28:43 PM Filtering u and v at plevel 0.44725153763167325
11/05/2018 02:28:47 PM Filtering u and v at plevel 0.4214748913644697
11/05/2018 02:28:52 PM Filtering u and v at plevel 0.3963720342166585
11/05/2018 02:28:56 PM Filtering u and v at plevel 0.371725335892926
11/05/2018 02:29:01 PM Filtering u and v at plevel 0.34731017971440126
11/05/2018 02:29:05 PM Filtering u and v at plevel 0.32290330906438663
11/05/2018 02:29:10 PM Filtering u and v at plevel 0.29829563412593546
11/05/2018 02:29:14 PM Filtering u and v at plevel 0.27331033560806184
11/05/2018 02:29:19 PM Filtering u and v at plevel 0.2478266277557821
11/05/2018 02:29:23 PM Filtering u and v at plevel 0.22180852820217098
11/05/2018 02:29:27 PM Filtering u and v at plevel 0.19533625519570888
11/05/2018 02:29:32 PM Filtering u and v at plevel 0.1686353994868007
11/05/2018 02:29:36 PM Filtering u and v at plevel 0.1420960968927281
11/05/2018 02:29:41 PM Filtering u and v at plevel 0.1162719225588613
11/05/2018 02:29:45 PM Filtering u and v at plevel 0.0918477093601027
11/05/2018 02:29:50 PM Filtering u and v at plevel 0.06956901941712679
11/05/2018 02:29:54 PM Filtering u and v at plevel 0.050135221379808886
11/05/2018 02:29:59 PM Filtering u and v at plevel 0.03407262549982947
11/05/2018 02:30:03 PM Filtering u and v at plevel 0.021619597882391442
11/05/2018 02:30:08 PM Filtering u and v at plevel 0.012663559404899662
11/05/2018 02:30:12 PM Filtering u and v at plevel 0.006761046642395754
11/05/2018 02:30:17 PM Filtering u and v at plevel 0.003243806249843405
11/05/2018 02:30:21 PM Filtering u and v at plevel 0.0013766083204391473
11/05/2018 02:30:26 PM Filtering u and v at plevel 0.0005077583032093046
11/05/2018 02:30:30 PM Filtering u and v at plevel 0.00015964567384570998
11/05/2018 02:30:34 PM Filtering u and v at plevel 2.710462927265426e-05
11/05/2018 02:30:39 PM calculated EKE
11/05/2018 02:30:47 PM saved EKE data
11/05/2018 02:30:47 PM EKE calculated !! Great !!
11/05/2018 02:30:57 PM ...........Calculate EKE.............6
11/05/2018 02:30:57 PM imported nc file
11/05/2018 02:32:58 PM imported coordinates
11/05/2018 02:35:40 PM imported pressure
11/05/2018 02:37:01 PM saved v_comp
11/05/2018 02:38:22 PM saved u_comp
11/05/2018 02:38:22 PM Filtering signal now
11/05/2018 02:38:30 PM Filtering u and v at plevel 0.9731199465677635
11/05/2018 02:38:35 PM Filtering u and v at plevel 0.9210435734946946
11/05/2018 02:38:40 PM Filtering u and v at plevel 0.8717540125826787
11/05/2018 02:38:45 PM Filtering u and v at plevel 0.8251018703001956
11/05/2018 02:38:50 PM Filtering u and v at plevel 0.7809450914447958
11/05/2018 02:38:55 PM Filtering u and v at plevel 0.7391477498279747
11/05/2018 02:39:00 PM Filtering u and v at plevel 0.6995784804292889
11/05/2018 02:39:05 PM Filtering u and v at plevel 0.6621085665908767
11/05/2018 02:39:10 PM Filtering u and v at plevel 0.6266097287784145
11/05/2018 02:39:15 PM Filtering u and v at plevel 0.592951685476526
11/05/2018 02:39:20 PM Filtering u and v at plevel 0.5609995761404118
11/05/2018 02:39:25 PM Filtering u and v at plevel 0.5306113557418541
11/05/2018 02:39:30 PM Filtering u and v at plevel 0.5016352961682442
11/05/2018 02:39:35 PM Filtering u and v at plevel 0.4739077683307861
11/05/2018 02:39:40 PM Filtering u and v at plevel 0.44725153763167325
11/05/2018 02:39:45 PM Filtering u and v at plevel 0.4214748913644697
11/05/2018 02:39:50 PM Filtering u and v at plevel 0.3963720342166585
11/05/2018 02:39:55 PM Filtering u and v at plevel 0.371725335892926
11/05/2018 02:40:01 PM Filtering u and v at plevel 0.34731017971440126
11/05/2018 02:40:06 PM Filtering u and v at plevel 0.32290330906438663
11/05/2018 02:40:11 PM Filtering u and v at plevel 0.29829563412593546
11/05/2018 02:40:16 PM Filtering u and v at plevel 0.27331033560806184
11/05/2018 02:40:21 PM Filtering u and v at plevel 0.2478266277557821
11/05/2018 02:40:26 PM Filtering u and v at plevel 0.22180852820217098
11/05/2018 02:40:31 PM Filtering u and v at plevel 0.19533625519570888
11/05/2018 02:40:36 PM Filtering u and v at plevel 0.1686353994868007
11/05/2018 02:40:41 PM Filtering u and v at plevel 0.1420960968927281
11/05/2018 02:40:46 PM Filtering u and v at plevel 0.1162719225588613
11/05/2018 02:40:51 PM Filtering u and v at plevel 0.0918477093601027
11/05/2018 02:40:56 PM Filtering u and v at plevel 0.06956901941712679
11/05/2018 02:41:01 PM Filtering u and v at plevel 0.050135221379808886
11/05/2018 02:41:06 PM Filtering u and v at plevel 0.03407262549982947
11/05/2018 02:41:11 PM Filtering u and v at plevel 0.021619597882391442
11/05/2018 02:41:16 PM Filtering u and v at plevel 0.012663559404899662
11/05/2018 02:41:21 PM Filtering u and v at plevel 0.006761046642395754
11/05/2018 02:41:26 PM Filtering u and v at plevel 0.003243806249843405
11/05/2018 02:41:31 PM Filtering u and v at plevel 0.0013766083204391473
11/05/2018 02:41:36 PM Filtering u and v at plevel 0.0005077583032093046
11/05/2018 02:41:42 PM Filtering u and v at plevel 0.00015964567384570998
11/05/2018 02:41:47 PM Filtering u and v at plevel 2.710462927265426e-05
11/05/2018 02:41:51 PM calculated EKE
11/05/2018 02:41:59 PM saved EKE data
11/05/2018 02:41:59 PM EKE calculated !! Great !!
11/05/2018 02:42:08 PM ...........Calculate EKE.............7
11/05/2018 02:42:08 PM imported nc file
11/05/2018 02:43:55 PM imported coordinates
11/05/2018 02:46:29 PM imported pressure
11/05/2018 02:47:31 PM saved v_comp
11/05/2018 02:48:34 PM saved u_comp
11/05/2018 02:48:34 PM Filtering signal now
11/05/2018 02:48:41 PM Filtering u and v at plevel 0.9731199465677635
11/05/2018 02:48:45 PM Filtering u and v at plevel 0.9210435734946946
11/05/2018 02:48:49 PM Filtering u and v at plevel 0.8717540125826787
11/05/2018 02:48:54 PM Filtering u and v at plevel 0.8251018703001956
11/05/2018 02:48:58 PM Filtering u and v at plevel 0.7809450914447958
11/05/2018 02:49:02 PM Filtering u and v at plevel 0.7391477498279747
11/05/2018 02:49:07 PM Filtering u and v at plevel 0.6995784804292889
11/05/2018 02:49:11 PM Filtering u and v at plevel 0.6621085665908767
11/05/2018 02:49:15 PM Filtering u and v at plevel 0.6266097287784145
11/05/2018 02:49:20 PM Filtering u and v at plevel 0.592951685476526
11/05/2018 02:49:24 PM Filtering u and v at plevel 0.5609995761404118
11/05/2018 02:49:28 PM Filtering u and v at plevel 0.5306113557418541
11/05/2018 02:49:32 PM Filtering u and v at plevel 0.5016352961682442
11/05/2018 02:49:37 PM Filtering u and v at plevel 0.4739077683307861
11/05/2018 02:49:41 PM Filtering u and v at plevel 0.44725153763167325
11/05/2018 02:49:45 PM Filtering u and v at plevel 0.4214748913644697
11/05/2018 02:49:50 PM Filtering u and v at plevel 0.3963720342166585
11/05/2018 02:49:54 PM Filtering u and v at plevel 0.371725335892926
11/05/2018 02:49:58 PM Filtering u and v at plevel 0.34731017971440126
11/05/2018 02:50:03 PM Filtering u and v at plevel 0.32290330906438663
11/05/2018 02:50:07 PM Filtering u and v at plevel 0.29829563412593546
11/05/2018 02:50:11 PM Filtering u and v at plevel 0.27331033560806184
11/05/2018 02:50:16 PM Filtering u and v at plevel 0.2478266277557821
11/05/2018 02:50:20 PM Filtering u and v at plevel 0.22180852820217098
11/05/2018 02:50:24 PM Filtering u and v at plevel 0.19533625519570888
11/05/2018 02:50:29 PM Filtering u and v at plevel 0.1686353994868007
11/05/2018 02:50:33 PM Filtering u and v at plevel 0.1420960968927281
11/05/2018 02:50:37 PM Filtering u and v at plevel 0.1162719225588613
11/05/2018 02:50:42 PM Filtering u and v at plevel 0.0918477093601027
11/05/2018 02:50:46 PM Filtering u and v at plevel 0.06956901941712679
11/05/2018 02:50:50 PM Filtering u and v at plevel 0.050135221379808886
11/05/2018 02:50:55 PM Filtering u and v at plevel 0.03407262549982947
11/05/2018 02:50:59 PM Filtering u and v at plevel 0.021619597882391442
11/05/2018 02:51:03 PM Filtering u and v at plevel 0.012663559404899662
11/05/2018 02:51:08 PM Filtering u and v at plevel 0.006761046642395754
11/05/2018 02:51:12 PM Filtering u and v at plevel 0.003243806249843405
11/05/2018 02:51:16 PM Filtering u and v at plevel 0.0013766083204391473
11/05/2018 02:51:20 PM Filtering u and v at plevel 0.0005077583032093046
11/05/2018 02:51:25 PM Filtering u and v at plevel 0.00015964567384570998
11/05/2018 02:51:29 PM Filtering u and v at plevel 2.710462927265426e-05
11/05/2018 02:51:34 PM calculated EKE
11/05/2018 02:51:42 PM saved EKE data
11/05/2018 02:51:46 PM EKE calculated !! Great !!
11/05/2018 02:51:52 PM ...........Calculate EKE.............8
11/05/2018 02:51:52 PM imported nc file
11/05/2018 02:53:41 PM imported coordinates
11/05/2018 02:56:04 PM imported pressure
11/05/2018 02:57:12 PM saved v_comp
11/05/2018 02:58:28 PM saved u_comp
11/05/2018 02:58:28 PM Filtering signal now
11/05/2018 02:58:35 PM Filtering u and v at plevel 0.9731199465677635
11/05/2018 02:58:39 PM Filtering u and v at plevel 0.9210435734946946
11/05/2018 02:58:44 PM Filtering u and v at plevel 0.8717540125826787
11/05/2018 02:58:48 PM Filtering u and v at plevel 0.8251018703001956
11/05/2018 02:58:53 PM Filtering u and v at plevel 0.7809450914447958
11/05/2018 02:58:57 PM Filtering u and v at plevel 0.7391477498279747
11/05/2018 02:59:02 PM Filtering u and v at plevel 0.6995784804292889
11/05/2018 02:59:06 PM Filtering u and v at plevel 0.6621085665908767
11/05/2018 02:59:11 PM Filtering u and v at plevel 0.6266097287784145
11/05/2018 02:59:15 PM Filtering u and v at plevel 0.592951685476526
11/05/2018 02:59:20 PM Filtering u and v at plevel 0.5609995761404118
11/05/2018 02:59:24 PM Filtering u and v at plevel 0.5306113557418541
11/05/2018 02:59:29 PM Filtering u and v at plevel 0.5016352961682442
11/05/2018 02:59:33 PM Filtering u and v at plevel 0.4739077683307861
11/05/2018 02:59:38 PM Filtering u and v at plevel 0.44725153763167325
11/05/2018 02:59:42 PM Filtering u and v at plevel 0.4214748913644697
11/05/2018 02:59:47 PM Filtering u and v at plevel 0.3963720342166585
11/05/2018 02:59:51 PM Filtering u and v at plevel 0.371725335892926
11/05/2018 02:59:56 PM Filtering u and v at plevel 0.34731017971440126
11/05/2018 03:00:00 PM Filtering u and v at plevel 0.32290330906438663
11/05/2018 03:00:05 PM Filtering u and v at plevel 0.29829563412593546
11/05/2018 03:00:09 PM Filtering u and v at plevel 0.27331033560806184
11/05/2018 03:00:14 PM Filtering u and v at plevel 0.2478266277557821
11/05/2018 03:00:18 PM Filtering u and v at plevel 0.22180852820217098
11/05/2018 03:00:23 PM Filtering u and v at plevel 0.19533625519570888
11/05/2018 03:00:27 PM Filtering u and v at plevel 0.1686353994868007
11/05/2018 03:00:32 PM Filtering u and v at plevel 0.1420960968927281
11/05/2018 03:00:36 PM Filtering u and v at plevel 0.1162719225588613
11/05/2018 03:00:41 PM Filtering u and v at plevel 0.0918477093601027
11/05/2018 03:00:45 PM Filtering u and v at plevel 0.06956901941712679
11/05/2018 03:00:50 PM Filtering u and v at plevel 0.050135221379808886
11/05/2018 03:00:54 PM Filtering u and v at plevel 0.03407262549982947
11/05/2018 03:00:59 PM Filtering u and v at plevel 0.021619597882391442
11/05/2018 03:01:03 PM Filtering u and v at plevel 0.012663559404899662
11/05/2018 03:01:08 PM Filtering u and v at plevel 0.006761046642395754
11/05/2018 03:01:12 PM Filtering u and v at plevel 0.003243806249843405
11/05/2018 03:01:17 PM Filtering u and v at plevel 0.0013766083204391473
11/05/2018 03:01:21 PM Filtering u and v at plevel 0.0005077583032093046
11/05/2018 03:01:26 PM Filtering u and v at plevel 0.00015964567384570998
11/05/2018 03:01:30 PM Filtering u and v at plevel 2.710462927265426e-05
11/05/2018 03:01:35 PM calculated EKE
11/05/2018 03:01:43 PM saved EKE data
11/05/2018 03:01:43 PM EKE calculated !! Great !!
11/05/2018 03:01:49 PM ...........Calculate EKE.............9
11/05/2018 03:01:49 PM imported nc file
11/05/2018 03:03:29 PM imported coordinates
11/05/2018 03:06:00 PM imported pressure
11/05/2018 03:07:09 PM saved v_comp
11/05/2018 03:08:30 PM saved u_comp
11/05/2018 03:08:30 PM Filtering signal now
11/05/2018 03:08:37 PM Filtering u and v at plevel 0.9731199465677635
11/05/2018 03:08:42 PM Filtering u and v at plevel 0.9210435734946946
11/05/2018 03:08:47 PM Filtering u and v at plevel 0.8717540125826787
11/05/2018 03:08:51 PM Filtering u and v at plevel 0.8251018703001956
11/05/2018 03:08:56 PM Filtering u and v at plevel 0.7809450914447958
11/05/2018 03:09:01 PM Filtering u and v at plevel 0.7391477498279747
11/05/2018 03:09:06 PM Filtering u and v at plevel 0.6995784804292889
11/05/2018 03:09:10 PM Filtering u and v at plevel 0.6621085665908767
11/05/2018 03:09:15 PM Filtering u and v at plevel 0.6266097287784145
11/05/2018 03:09:20 PM Filtering u and v at plevel 0.592951685476526
11/05/2018 03:09:25 PM Filtering u and v at plevel 0.5609995761404118
11/05/2018 03:09:29 PM Filtering u and v at plevel 0.5306113557418541
11/05/2018 03:09:34 PM Filtering u and v at plevel 0.5016352961682442
11/05/2018 03:09:39 PM Filtering u and v at plevel 0.4739077683307861
11/05/2018 03:09:44 PM Filtering u and v at plevel 0.44725153763167325
11/05/2018 03:09:48 PM Filtering u and v at plevel 0.4214748913644697
11/05/2018 03:09:53 PM Filtering u and v at plevel 0.3963720342166585
11/05/2018 03:09:58 PM Filtering u and v at plevel 0.371725335892926
11/05/2018 03:10:03 PM Filtering u and v at plevel 0.34731017971440126
11/05/2018 03:10:07 PM Filtering u and v at plevel 0.32290330906438663
11/05/2018 03:10:12 PM Filtering u and v at plevel 0.29829563412593546
11/05/2018 03:10:17 PM Filtering u and v at plevel 0.27331033560806184
11/05/2018 03:10:22 PM Filtering u and v at plevel 0.2478266277557821
11/05/2018 03:10:26 PM Filtering u and v at plevel 0.22180852820217098
11/05/2018 03:10:31 PM Filtering u and v at plevel 0.19533625519570888
11/05/2018 03:10:36 PM Filtering u and v at plevel 0.1686353994868007
11/05/2018 03:10:40 PM Filtering u and v at plevel 0.1420960968927281
11/05/2018 03:10:45 PM Filtering u and v at plevel 0.1162719225588613
11/05/2018 03:10:50 PM Filtering u and v at plevel 0.0918477093601027
11/05/2018 03:10:55 PM Filtering u and v at plevel 0.06956901941712679
11/05/2018 03:10:59 PM Filtering u and v at plevel 0.050135221379808886
11/05/2018 03:11:04 PM Filtering u and v at plevel 0.03407262549982947
11/05/2018 03:11:09 PM Filtering u and v at plevel 0.021619597882391442
11/05/2018 03:11:14 PM Filtering u and v at plevel 0.012663559404899662
11/05/2018 03:11:18 PM Filtering u and v at plevel 0.006761046642395754
11/05/2018 03:11:23 PM Filtering u and v at plevel 0.003243806249843405
11/05/2018 03:11:28 PM Filtering u and v at plevel 0.0013766083204391473
11/05/2018 03:11:33 PM Filtering u and v at plevel 0.0005077583032093046
11/05/2018 03:11:37 PM Filtering u and v at plevel 0.00015964567384570998
11/05/2018 03:11:42 PM Filtering u and v at plevel 2.710462927265426e-05
11/05/2018 03:11:47 PM calculated EKE
11/05/2018 03:11:55 PM saved EKE data
11/05/2018 03:11:55 PM EKE calculated !! Great !!
11/05/2018 03:11:57 PM ** INTERPOLATION ** 
11/05/2018 03:11:59 PM ----0----
11/05/2018 03:11:59 PM ----1----
11/05/2018 03:11:59 PM ----2----
11/05/2018 03:11:59 PM ----3----
11/05/2018 03:11:59 PM ----4----
11/05/2018 03:11:59 PM ----5----
11/05/2018 03:11:59 PM ----6----
11/05/2018 03:11:59 PM ----7----
11/05/2018 03:11:59 PM ----8----
11/05/2018 03:11:59 PM ----9----
11/05/2018 03:12:02 PM Calculated interpolation
11/05/2018 03:12:02 PM Saved raw data interp dictionary
11/05/2018 03:12:02 PM Looks great !!
