12/24/2018 04:45:42 PM ...........Calculate EKE.............0
12/24/2018 04:45:42 PM imported nc file
12/24/2018 04:46:13 PM imported coordinates
12/24/2018 04:47:32 PM imported pressure
12/24/2018 04:48:08 PM saved v_comp
12/24/2018 04:48:21 PM saved u_comp
12/24/2018 04:48:29 PM Filtering signal now
12/24/2018 04:48:39 PM Filtering u and v at plevel 0.9731199465677635
12/24/2018 04:48:46 PM Filtering u and v at plevel 0.9210435734946946
12/24/2018 04:48:53 PM Filtering u and v at plevel 0.8717540125826787
12/24/2018 04:49:00 PM Filtering u and v at plevel 0.8251018703001956
12/24/2018 04:49:07 PM Filtering u and v at plevel 0.7809450914447958
12/24/2018 04:49:14 PM Filtering u and v at plevel 0.7391477498279747
12/24/2018 04:49:21 PM Filtering u and v at plevel 0.6995784804292889
12/24/2018 04:49:28 PM Filtering u and v at plevel 0.6621085665908767
12/24/2018 04:49:36 PM Filtering u and v at plevel 0.6266097287784145
12/24/2018 04:49:43 PM Filtering u and v at plevel 0.592951685476526
12/24/2018 04:49:50 PM Filtering u and v at plevel 0.5609995761404118
12/24/2018 04:49:57 PM Filtering u and v at plevel 0.5306113557418541
12/24/2018 04:50:04 PM Filtering u and v at plevel 0.5016352961682442
12/24/2018 04:50:11 PM Filtering u and v at plevel 0.4739077683307861
12/24/2018 04:50:18 PM Filtering u and v at plevel 0.44725153763167325
12/24/2018 04:50:25 PM Filtering u and v at plevel 0.4214748913644697
12/24/2018 04:50:32 PM Filtering u and v at plevel 0.3963720342166585
12/24/2018 04:50:39 PM Filtering u and v at plevel 0.371725335892926
12/24/2018 04:50:46 PM Filtering u and v at plevel 0.34731017971440126
12/24/2018 04:50:53 PM Filtering u and v at plevel 0.32290330906438663
12/24/2018 04:51:00 PM Filtering u and v at plevel 0.29829563412593546
12/24/2018 04:51:07 PM Filtering u and v at plevel 0.27331033560806184
12/24/2018 04:51:14 PM Filtering u and v at plevel 0.2478266277557821
12/24/2018 04:51:21 PM Filtering u and v at plevel 0.22180852820217098
12/24/2018 04:51:28 PM Filtering u and v at plevel 0.19533625519570888
12/24/2018 04:51:35 PM Filtering u and v at plevel 0.1686353994868007
12/24/2018 04:51:42 PM Filtering u and v at plevel 0.1420960968927281
12/24/2018 04:51:49 PM Filtering u and v at plevel 0.1162719225588613
12/24/2018 04:51:56 PM Filtering u and v at plevel 0.0918477093601027
12/24/2018 04:52:03 PM Filtering u and v at plevel 0.06956901941712679
12/24/2018 04:52:10 PM Filtering u and v at plevel 0.050135221379808886
12/24/2018 04:52:17 PM Filtering u and v at plevel 0.03407262549982947
12/24/2018 04:52:24 PM Filtering u and v at plevel 0.021619597882391442
12/24/2018 04:52:31 PM Filtering u and v at plevel 0.012663559404899662
12/24/2018 04:52:38 PM Filtering u and v at plevel 0.006761046642395754
12/24/2018 04:52:45 PM Filtering u and v at plevel 0.003243806249843405
12/24/2018 04:52:52 PM Filtering u and v at plevel 0.0013766083204391473
12/24/2018 04:52:59 PM Filtering u and v at plevel 0.0005077583032093046
12/24/2018 04:53:06 PM Filtering u and v at plevel 0.00015964567384570998
12/24/2018 04:53:13 PM Filtering u and v at plevel 2.710462927265426e-05
12/24/2018 04:53:19 PM calculated EKE
12/24/2018 04:53:30 PM saved EKE data
12/24/2018 04:53:30 PM EKE calculated !! Great !!
12/24/2018 04:53:36 PM ...........Calculate EKE.............1
12/24/2018 04:53:36 PM imported nc file
12/24/2018 04:53:41 PM imported coordinates
12/24/2018 04:54:27 PM imported pressure
12/24/2018 04:55:08 PM saved v_comp
12/24/2018 04:55:25 PM saved u_comp
12/24/2018 04:56:07 PM Filtering signal now
12/24/2018 04:56:17 PM Filtering u and v at plevel 0.9731199465677635
12/24/2018 04:56:24 PM Filtering u and v at plevel 0.9210435734946946
12/24/2018 04:56:31 PM Filtering u and v at plevel 0.8717540125826787
12/24/2018 04:56:38 PM Filtering u and v at plevel 0.8251018703001956
12/24/2018 04:56:45 PM Filtering u and v at plevel 0.7809450914447958
12/24/2018 04:56:51 PM Filtering u and v at plevel 0.7391477498279747
12/24/2018 04:56:58 PM Filtering u and v at plevel 0.6995784804292889
12/24/2018 04:57:05 PM Filtering u and v at plevel 0.6621085665908767
12/24/2018 04:57:12 PM Filtering u and v at plevel 0.6266097287784145
12/24/2018 04:57:19 PM Filtering u and v at plevel 0.592951685476526
12/24/2018 04:57:25 PM Filtering u and v at plevel 0.5609995761404118
12/24/2018 04:57:32 PM Filtering u and v at plevel 0.5306113557418541
12/24/2018 04:57:39 PM Filtering u and v at plevel 0.5016352961682442
12/24/2018 04:57:46 PM Filtering u and v at plevel 0.4739077683307861
12/24/2018 04:57:53 PM Filtering u and v at plevel 0.44725153763167325
12/24/2018 04:58:00 PM Filtering u and v at plevel 0.4214748913644697
12/24/2018 04:58:06 PM Filtering u and v at plevel 0.3963720342166585
12/24/2018 04:58:13 PM Filtering u and v at plevel 0.371725335892926
12/24/2018 04:58:20 PM Filtering u and v at plevel 0.34731017971440126
12/24/2018 04:58:27 PM Filtering u and v at plevel 0.32290330906438663
12/24/2018 04:58:34 PM Filtering u and v at plevel 0.29829563412593546
12/24/2018 04:58:41 PM Filtering u and v at plevel 0.27331033560806184
12/24/2018 04:58:47 PM Filtering u and v at plevel 0.2478266277557821
12/24/2018 04:58:54 PM Filtering u and v at plevel 0.22180852820217098
12/24/2018 04:59:01 PM Filtering u and v at plevel 0.19533625519570888
12/24/2018 04:59:08 PM Filtering u and v at plevel 0.1686353994868007
12/24/2018 04:59:15 PM Filtering u and v at plevel 0.1420960968927281
12/24/2018 04:59:22 PM Filtering u and v at plevel 0.1162719225588613
12/24/2018 04:59:28 PM Filtering u and v at plevel 0.0918477093601027
12/24/2018 04:59:35 PM Filtering u and v at plevel 0.06956901941712679
12/24/2018 04:59:42 PM Filtering u and v at plevel 0.050135221379808886
12/24/2018 04:59:49 PM Filtering u and v at plevel 0.03407262549982947
12/24/2018 04:59:56 PM Filtering u and v at plevel 0.021619597882391442
12/24/2018 05:00:03 PM Filtering u and v at plevel 0.012663559404899662
12/24/2018 05:00:10 PM Filtering u and v at plevel 0.006761046642395754
12/24/2018 05:00:16 PM Filtering u and v at plevel 0.003243806249843405
12/24/2018 05:00:23 PM Filtering u and v at plevel 0.0013766083204391473
12/24/2018 05:00:30 PM Filtering u and v at plevel 0.0005077583032093046
12/24/2018 05:00:37 PM Filtering u and v at plevel 0.00015964567384570998
12/24/2018 05:00:44 PM Filtering u and v at plevel 2.710462927265426e-05
12/24/2018 05:00:49 PM calculated EKE
12/24/2018 05:01:01 PM saved EKE data
12/24/2018 05:01:01 PM EKE calculated !! Great !!
12/24/2018 05:01:08 PM ...........Calculate EKE.............2
12/24/2018 05:01:08 PM imported nc file
12/24/2018 05:01:41 PM imported coordinates
12/24/2018 05:02:49 PM imported pressure
12/24/2018 05:03:28 PM saved v_comp
12/24/2018 05:03:40 PM saved u_comp
12/24/2018 05:04:23 PM Filtering signal now
12/24/2018 05:04:34 PM Filtering u and v at plevel 0.9731199465677635
12/24/2018 05:04:41 PM Filtering u and v at plevel 0.9210435734946946
12/24/2018 05:04:48 PM Filtering u and v at plevel 0.8717540125826787
12/24/2018 05:04:55 PM Filtering u and v at plevel 0.8251018703001956
12/24/2018 05:05:02 PM Filtering u and v at plevel 0.7809450914447958
12/24/2018 05:05:09 PM Filtering u and v at plevel 0.7391477498279747
12/24/2018 05:05:16 PM Filtering u and v at plevel 0.6995784804292889
12/24/2018 05:05:23 PM Filtering u and v at plevel 0.6621085665908767
12/24/2018 05:05:30 PM Filtering u and v at plevel 0.6266097287784145
12/24/2018 05:05:37 PM Filtering u and v at plevel 0.592951685476526
12/24/2018 05:05:45 PM Filtering u and v at plevel 0.5609995761404118
12/24/2018 05:05:52 PM Filtering u and v at plevel 0.5306113557418541
12/24/2018 05:05:59 PM Filtering u and v at plevel 0.5016352961682442
12/24/2018 05:06:06 PM Filtering u and v at plevel 0.4739077683307861
12/24/2018 05:06:13 PM Filtering u and v at plevel 0.44725153763167325
12/24/2018 05:06:20 PM Filtering u and v at plevel 0.4214748913644697
12/24/2018 05:06:27 PM Filtering u and v at plevel 0.3963720342166585
12/24/2018 05:06:34 PM Filtering u and v at plevel 0.371725335892926
12/24/2018 05:06:41 PM Filtering u and v at plevel 0.34731017971440126
12/24/2018 05:06:48 PM Filtering u and v at plevel 0.32290330906438663
12/24/2018 05:06:55 PM Filtering u and v at plevel 0.29829563412593546
12/24/2018 05:07:03 PM Filtering u and v at plevel 0.27331033560806184
12/24/2018 05:07:10 PM Filtering u and v at plevel 0.2478266277557821
12/24/2018 05:07:17 PM Filtering u and v at plevel 0.22180852820217098
12/24/2018 05:07:24 PM Filtering u and v at plevel 0.19533625519570888
12/24/2018 05:07:31 PM Filtering u and v at plevel 0.1686353994868007
12/24/2018 05:07:38 PM Filtering u and v at plevel 0.1420960968927281
12/24/2018 05:07:45 PM Filtering u and v at plevel 0.1162719225588613
12/24/2018 05:07:52 PM Filtering u and v at plevel 0.0918477093601027
12/24/2018 05:07:59 PM Filtering u and v at plevel 0.06956901941712679
12/24/2018 05:08:06 PM Filtering u and v at plevel 0.050135221379808886
12/24/2018 05:08:13 PM Filtering u and v at plevel 0.03407262549982947
12/24/2018 05:08:20 PM Filtering u and v at plevel 0.021619597882391442
12/24/2018 05:08:28 PM Filtering u and v at plevel 0.012663559404899662
12/24/2018 05:08:35 PM Filtering u and v at plevel 0.006761046642395754
12/24/2018 05:08:42 PM Filtering u and v at plevel 0.003243806249843405
12/24/2018 05:08:49 PM Filtering u and v at plevel 0.0013766083204391473
12/24/2018 05:08:56 PM Filtering u and v at plevel 0.0005077583032093046
12/24/2018 05:09:03 PM Filtering u and v at plevel 0.00015964567384570998
12/24/2018 05:09:10 PM Filtering u and v at plevel 2.710462927265426e-05
12/24/2018 05:09:16 PM calculated EKE
12/24/2018 05:09:27 PM saved EKE data
12/24/2018 05:09:27 PM EKE calculated !! Great !!
12/24/2018 05:09:34 PM ...........Calculate EKE.............3
12/24/2018 05:09:34 PM imported nc file
12/24/2018 05:09:49 PM imported coordinates
12/24/2018 05:10:56 PM imported pressure
12/24/2018 05:11:36 PM saved v_comp
12/24/2018 05:11:49 PM saved u_comp
12/24/2018 05:12:32 PM Filtering signal now
12/24/2018 05:12:42 PM Filtering u and v at plevel 0.9731199465677635
12/24/2018 05:12:49 PM Filtering u and v at plevel 0.9210435734946946
12/24/2018 05:12:55 PM Filtering u and v at plevel 0.8717540125826787
12/24/2018 05:13:02 PM Filtering u and v at plevel 0.8251018703001956
12/24/2018 05:13:09 PM Filtering u and v at plevel 0.7809450914447958
12/24/2018 05:13:15 PM Filtering u and v at plevel 0.7391477498279747
12/24/2018 05:13:22 PM Filtering u and v at plevel 0.6995784804292889
12/24/2018 05:13:28 PM Filtering u and v at plevel 0.6621085665908767
12/24/2018 05:13:35 PM Filtering u and v at plevel 0.6266097287784145
12/24/2018 05:13:41 PM Filtering u and v at plevel 0.592951685476526
12/24/2018 05:13:48 PM Filtering u and v at plevel 0.5609995761404118
12/24/2018 05:13:54 PM Filtering u and v at plevel 0.5306113557418541
12/24/2018 05:14:01 PM Filtering u and v at plevel 0.5016352961682442
12/24/2018 05:14:08 PM Filtering u and v at plevel 0.4739077683307861
12/24/2018 05:14:14 PM Filtering u and v at plevel 0.44725153763167325
12/24/2018 05:14:21 PM Filtering u and v at plevel 0.4214748913644697
12/24/2018 05:14:27 PM Filtering u and v at plevel 0.3963720342166585
12/24/2018 05:14:34 PM Filtering u and v at plevel 0.371725335892926
12/24/2018 05:14:40 PM Filtering u and v at plevel 0.34731017971440126
12/24/2018 05:14:47 PM Filtering u and v at plevel 0.32290330906438663
12/24/2018 05:14:53 PM Filtering u and v at plevel 0.29829563412593546
12/24/2018 05:15:00 PM Filtering u and v at plevel 0.27331033560806184
12/24/2018 05:15:07 PM Filtering u and v at plevel 0.2478266277557821
12/24/2018 05:15:13 PM Filtering u and v at plevel 0.22180852820217098
12/24/2018 05:15:20 PM Filtering u and v at plevel 0.19533625519570888
12/24/2018 05:15:26 PM Filtering u and v at plevel 0.1686353994868007
12/24/2018 05:15:33 PM Filtering u and v at plevel 0.1420960968927281
12/24/2018 05:15:39 PM Filtering u and v at plevel 0.1162719225588613
12/24/2018 05:15:46 PM Filtering u and v at plevel 0.0918477093601027
12/24/2018 05:15:52 PM Filtering u and v at plevel 0.06956901941712679
12/24/2018 05:15:59 PM Filtering u and v at plevel 0.050135221379808886
12/24/2018 05:16:06 PM Filtering u and v at plevel 0.03407262549982947
12/24/2018 05:16:12 PM Filtering u and v at plevel 0.021619597882391442
12/24/2018 05:16:19 PM Filtering u and v at plevel 0.012663559404899662
12/24/2018 05:16:25 PM Filtering u and v at plevel 0.006761046642395754
12/24/2018 05:16:32 PM Filtering u and v at plevel 0.003243806249843405
12/24/2018 05:16:38 PM Filtering u and v at plevel 0.0013766083204391473
12/24/2018 05:16:45 PM Filtering u and v at plevel 0.0005077583032093046
12/24/2018 05:16:51 PM Filtering u and v at plevel 0.00015964567384570998
12/24/2018 05:16:58 PM Filtering u and v at plevel 2.710462927265426e-05
12/24/2018 05:17:03 PM calculated EKE
12/24/2018 05:17:15 PM saved EKE data
12/24/2018 05:17:15 PM EKE calculated !! Great !!
12/24/2018 05:17:19 PM ...........Calculate EKE.............4
12/24/2018 05:17:19 PM imported nc file
12/24/2018 05:17:25 PM imported coordinates
12/24/2018 05:18:45 PM imported pressure
12/24/2018 05:19:30 PM saved v_comp
12/24/2018 05:20:17 PM saved u_comp
12/24/2018 05:21:06 PM Filtering signal now
12/24/2018 05:21:16 PM Filtering u and v at plevel 0.9731199465677635
12/24/2018 05:21:23 PM Filtering u and v at plevel 0.9210435734946946
12/24/2018 05:21:30 PM Filtering u and v at plevel 0.8717540125826787
12/24/2018 05:21:36 PM Filtering u and v at plevel 0.8251018703001956
12/24/2018 05:21:43 PM Filtering u and v at plevel 0.7809450914447958
12/24/2018 05:21:50 PM Filtering u and v at plevel 0.7391477498279747
12/24/2018 05:21:57 PM Filtering u and v at plevel 0.6995784804292889
12/24/2018 05:22:04 PM Filtering u and v at plevel 0.6621085665908767
12/24/2018 05:22:11 PM Filtering u and v at plevel 0.6266097287784145
12/24/2018 05:22:18 PM Filtering u and v at plevel 0.592951685476526
12/24/2018 05:22:25 PM Filtering u and v at plevel 0.5609995761404118
12/24/2018 05:22:32 PM Filtering u and v at plevel 0.5306113557418541
12/24/2018 05:22:39 PM Filtering u and v at plevel 0.5016352961682442
12/24/2018 05:22:46 PM Filtering u and v at plevel 0.4739077683307861
12/24/2018 05:22:53 PM Filtering u and v at plevel 0.44725153763167325
12/24/2018 05:23:00 PM Filtering u and v at plevel 0.4214748913644697
12/24/2018 05:23:07 PM Filtering u and v at plevel 0.3963720342166585
12/24/2018 05:23:14 PM Filtering u and v at plevel 0.371725335892926
12/24/2018 05:23:20 PM Filtering u and v at plevel 0.34731017971440126
12/24/2018 05:23:27 PM Filtering u and v at plevel 0.32290330906438663
12/24/2018 05:23:34 PM Filtering u and v at plevel 0.29829563412593546
12/24/2018 05:23:41 PM Filtering u and v at plevel 0.27331033560806184
12/24/2018 05:23:48 PM Filtering u and v at plevel 0.2478266277557821
12/24/2018 05:23:55 PM Filtering u and v at plevel 0.22180852820217098
12/24/2018 05:24:02 PM Filtering u and v at plevel 0.19533625519570888
12/24/2018 05:24:09 PM Filtering u and v at plevel 0.1686353994868007
12/24/2018 05:24:16 PM Filtering u and v at plevel 0.1420960968927281
12/24/2018 05:24:23 PM Filtering u and v at plevel 0.1162719225588613
12/24/2018 05:24:30 PM Filtering u and v at plevel 0.0918477093601027
12/24/2018 05:24:37 PM Filtering u and v at plevel 0.06956901941712679
12/24/2018 05:24:44 PM Filtering u and v at plevel 0.050135221379808886
12/24/2018 05:24:51 PM Filtering u and v at plevel 0.03407262549982947
12/24/2018 05:24:58 PM Filtering u and v at plevel 0.021619597882391442
12/24/2018 05:25:04 PM Filtering u and v at plevel 0.012663559404899662
12/24/2018 05:25:11 PM Filtering u and v at plevel 0.006761046642395754
12/24/2018 05:25:18 PM Filtering u and v at plevel 0.003243806249843405
12/24/2018 05:25:25 PM Filtering u and v at plevel 0.0013766083204391473
12/24/2018 05:25:32 PM Filtering u and v at plevel 0.0005077583032093046
12/24/2018 05:25:39 PM Filtering u and v at plevel 0.00015964567384570998
12/24/2018 05:25:46 PM Filtering u and v at plevel 2.710462927265426e-05
12/24/2018 05:25:51 PM calculated EKE
12/24/2018 05:26:03 PM saved EKE data
12/24/2018 05:26:03 PM EKE calculated !! Great !!
12/24/2018 05:26:07 PM ...........Calculate EKE.............5
12/24/2018 05:26:07 PM imported nc file
12/24/2018 05:26:40 PM imported coordinates
12/24/2018 05:28:12 PM imported pressure
12/24/2018 05:28:55 PM saved v_comp
12/24/2018 05:29:11 PM saved u_comp
12/24/2018 05:29:53 PM Filtering signal now
12/24/2018 05:30:03 PM Filtering u and v at plevel 0.9731199465677635
12/24/2018 05:30:10 PM Filtering u and v at plevel 0.9210435734946946
12/24/2018 05:30:17 PM Filtering u and v at plevel 0.8717540125826787
12/24/2018 05:30:23 PM Filtering u and v at plevel 0.8251018703001956
12/24/2018 05:30:30 PM Filtering u and v at plevel 0.7809450914447958
12/24/2018 05:30:37 PM Filtering u and v at plevel 0.7391477498279747
12/24/2018 05:30:44 PM Filtering u and v at plevel 0.6995784804292889
12/24/2018 05:30:51 PM Filtering u and v at plevel 0.6621085665908767
12/24/2018 05:30:57 PM Filtering u and v at plevel 0.6266097287784145
12/24/2018 05:31:04 PM Filtering u and v at plevel 0.592951685476526
12/24/2018 05:31:11 PM Filtering u and v at plevel 0.5609995761404118
12/24/2018 05:31:18 PM Filtering u and v at plevel 0.5306113557418541
12/24/2018 05:31:24 PM Filtering u and v at plevel 0.5016352961682442
12/24/2018 05:31:31 PM Filtering u and v at plevel 0.4739077683307861
12/24/2018 05:31:38 PM Filtering u and v at plevel 0.44725153763167325
12/24/2018 05:31:45 PM Filtering u and v at plevel 0.4214748913644697
12/24/2018 05:31:52 PM Filtering u and v at plevel 0.3963720342166585
12/24/2018 05:31:58 PM Filtering u and v at plevel 0.371725335892926
12/24/2018 05:32:05 PM Filtering u and v at plevel 0.34731017971440126
12/24/2018 05:32:12 PM Filtering u and v at plevel 0.32290330906438663
12/24/2018 05:32:19 PM Filtering u and v at plevel 0.29829563412593546
12/24/2018 05:32:25 PM Filtering u and v at plevel 0.27331033560806184
12/24/2018 05:32:32 PM Filtering u and v at plevel 0.2478266277557821
12/24/2018 05:32:39 PM Filtering u and v at plevel 0.22180852820217098
12/24/2018 05:32:46 PM Filtering u and v at plevel 0.19533625519570888
12/24/2018 05:32:52 PM Filtering u and v at plevel 0.1686353994868007
12/24/2018 05:32:59 PM Filtering u and v at plevel 0.1420960968927281
12/24/2018 05:33:06 PM Filtering u and v at plevel 0.1162719225588613
12/24/2018 05:33:13 PM Filtering u and v at plevel 0.0918477093601027
12/24/2018 05:33:19 PM Filtering u and v at plevel 0.06956901941712679
12/24/2018 05:33:26 PM Filtering u and v at plevel 0.050135221379808886
12/24/2018 05:33:33 PM Filtering u and v at plevel 0.03407262549982947
12/24/2018 05:33:40 PM Filtering u and v at plevel 0.021619597882391442
12/24/2018 05:33:47 PM Filtering u and v at plevel 0.012663559404899662
12/24/2018 05:33:53 PM Filtering u and v at plevel 0.006761046642395754
12/24/2018 05:34:00 PM Filtering u and v at plevel 0.003243806249843405
12/24/2018 05:34:07 PM Filtering u and v at plevel 0.0013766083204391473
12/24/2018 05:34:14 PM Filtering u and v at plevel 0.0005077583032093046
12/24/2018 05:34:20 PM Filtering u and v at plevel 0.00015964567384570998
12/24/2018 05:34:27 PM Filtering u and v at plevel 2.710462927265426e-05
12/24/2018 05:34:33 PM calculated EKE
12/24/2018 05:34:44 PM saved EKE data
12/24/2018 05:34:44 PM EKE calculated !! Great !!
12/24/2018 05:34:49 PM ...........Calculate EKE.............6
12/24/2018 05:34:49 PM imported nc file
12/24/2018 05:34:54 PM imported coordinates
12/24/2018 05:36:12 PM imported pressure
12/24/2018 05:36:51 PM saved v_comp
12/24/2018 05:37:03 PM saved u_comp
12/24/2018 05:37:48 PM Filtering signal now
12/24/2018 05:37:57 PM Filtering u and v at plevel 0.9731199465677635
12/24/2018 05:38:04 PM Filtering u and v at plevel 0.9210435734946946
12/24/2018 05:38:11 PM Filtering u and v at plevel 0.8717540125826787
12/24/2018 05:38:18 PM Filtering u and v at plevel 0.8251018703001956
12/24/2018 05:38:25 PM Filtering u and v at plevel 0.7809450914447958
12/24/2018 05:38:31 PM Filtering u and v at plevel 0.7391477498279747
12/24/2018 05:38:38 PM Filtering u and v at plevel 0.6995784804292889
12/24/2018 05:38:45 PM Filtering u and v at plevel 0.6621085665908767
12/24/2018 05:38:52 PM Filtering u and v at plevel 0.6266097287784145
12/24/2018 05:38:59 PM Filtering u and v at plevel 0.592951685476526
12/24/2018 05:39:05 PM Filtering u and v at plevel 0.5609995761404118
12/24/2018 05:39:12 PM Filtering u and v at plevel 0.5306113557418541
12/24/2018 05:39:19 PM Filtering u and v at plevel 0.5016352961682442
12/24/2018 05:39:26 PM Filtering u and v at plevel 0.4739077683307861
12/24/2018 05:39:33 PM Filtering u and v at plevel 0.44725153763167325
12/24/2018 05:39:39 PM Filtering u and v at plevel 0.4214748913644697
12/24/2018 05:39:46 PM Filtering u and v at plevel 0.3963720342166585
12/24/2018 05:39:53 PM Filtering u and v at plevel 0.371725335892926
12/24/2018 05:40:00 PM Filtering u and v at plevel 0.34731017971440126
12/24/2018 05:40:07 PM Filtering u and v at plevel 0.32290330906438663
12/24/2018 05:40:13 PM Filtering u and v at plevel 0.29829563412593546
12/24/2018 05:40:20 PM Filtering u and v at plevel 0.27331033560806184
12/24/2018 05:40:27 PM Filtering u and v at plevel 0.2478266277557821
12/24/2018 05:40:34 PM Filtering u and v at plevel 0.22180852820217098
12/24/2018 05:40:40 PM Filtering u and v at plevel 0.19533625519570888
12/24/2018 05:40:47 PM Filtering u and v at plevel 0.1686353994868007
12/24/2018 05:40:54 PM Filtering u and v at plevel 0.1420960968927281
12/24/2018 05:41:01 PM Filtering u and v at plevel 0.1162719225588613
12/24/2018 05:41:08 PM Filtering u and v at plevel 0.0918477093601027
12/24/2018 05:41:14 PM Filtering u and v at plevel 0.06956901941712679
12/24/2018 05:41:21 PM Filtering u and v at plevel 0.050135221379808886
12/24/2018 05:41:28 PM Filtering u and v at plevel 0.03407262549982947
12/24/2018 05:41:35 PM Filtering u and v at plevel 0.021619597882391442
12/24/2018 05:41:42 PM Filtering u and v at plevel 0.012663559404899662
12/24/2018 05:41:48 PM Filtering u and v at plevel 0.006761046642395754
12/24/2018 05:41:55 PM Filtering u and v at plevel 0.003243806249843405
12/24/2018 05:42:02 PM Filtering u and v at plevel 0.0013766083204391473
12/24/2018 05:42:09 PM Filtering u and v at plevel 0.0005077583032093046
12/24/2018 05:42:15 PM Filtering u and v at plevel 0.00015964567384570998
12/24/2018 05:42:22 PM Filtering u and v at plevel 2.710462927265426e-05
12/24/2018 05:42:28 PM calculated EKE
12/24/2018 05:42:39 PM saved EKE data
12/24/2018 05:42:39 PM EKE calculated !! Great !!
12/24/2018 05:42:43 PM ...........Calculate EKE.............7
12/24/2018 05:42:43 PM imported nc file
12/24/2018 05:42:58 PM imported coordinates
12/24/2018 05:44:21 PM imported pressure
12/24/2018 05:45:00 PM saved v_comp
12/24/2018 05:45:15 PM saved u_comp
12/24/2018 05:45:58 PM Filtering signal now
12/24/2018 05:46:07 PM Filtering u and v at plevel 0.9731199465677635
12/24/2018 05:46:14 PM Filtering u and v at plevel 0.9210435734946946
12/24/2018 05:46:20 PM Filtering u and v at plevel 0.8717540125826787
12/24/2018 05:46:26 PM Filtering u and v at plevel 0.8251018703001956
12/24/2018 05:46:33 PM Filtering u and v at plevel 0.7809450914447958
12/24/2018 05:46:39 PM Filtering u and v at plevel 0.7391477498279747
12/24/2018 05:46:45 PM Filtering u and v at plevel 0.6995784804292889
12/24/2018 05:46:52 PM Filtering u and v at plevel 0.6621085665908767
12/24/2018 05:46:58 PM Filtering u and v at plevel 0.6266097287784145
12/24/2018 05:47:04 PM Filtering u and v at plevel 0.592951685476526
12/24/2018 05:47:10 PM Filtering u and v at plevel 0.5609995761404118
12/24/2018 05:47:17 PM Filtering u and v at plevel 0.5306113557418541
12/24/2018 05:47:23 PM Filtering u and v at plevel 0.5016352961682442
12/24/2018 05:47:29 PM Filtering u and v at plevel 0.4739077683307861
12/24/2018 05:47:36 PM Filtering u and v at plevel 0.44725153763167325
12/24/2018 05:47:42 PM Filtering u and v at plevel 0.4214748913644697
12/24/2018 05:47:48 PM Filtering u and v at plevel 0.3963720342166585
12/24/2018 05:47:55 PM Filtering u and v at plevel 0.371725335892926
12/24/2018 05:48:01 PM Filtering u and v at plevel 0.34731017971440126
12/24/2018 05:48:07 PM Filtering u and v at plevel 0.32290330906438663
12/24/2018 05:48:14 PM Filtering u and v at plevel 0.29829563412593546
12/24/2018 05:48:20 PM Filtering u and v at plevel 0.27331033560806184
12/24/2018 05:48:26 PM Filtering u and v at plevel 0.2478266277557821
12/24/2018 05:48:32 PM Filtering u and v at plevel 0.22180852820217098
12/24/2018 05:48:39 PM Filtering u and v at plevel 0.19533625519570888
12/24/2018 05:48:45 PM Filtering u and v at plevel 0.1686353994868007
12/24/2018 05:48:51 PM Filtering u and v at plevel 0.1420960968927281
12/24/2018 05:48:58 PM Filtering u and v at plevel 0.1162719225588613
12/24/2018 05:49:04 PM Filtering u and v at plevel 0.0918477093601027
12/24/2018 05:49:10 PM Filtering u and v at plevel 0.06956901941712679
12/24/2018 05:49:17 PM Filtering u and v at plevel 0.050135221379808886
12/24/2018 05:49:23 PM Filtering u and v at plevel 0.03407262549982947
12/24/2018 05:49:29 PM Filtering u and v at plevel 0.021619597882391442
12/24/2018 05:49:36 PM Filtering u and v at plevel 0.012663559404899662
12/24/2018 05:49:42 PM Filtering u and v at plevel 0.006761046642395754
12/24/2018 05:49:48 PM Filtering u and v at plevel 0.003243806249843405
12/24/2018 05:49:54 PM Filtering u and v at plevel 0.0013766083204391473
12/24/2018 05:50:01 PM Filtering u and v at plevel 0.0005077583032093046
12/24/2018 05:50:07 PM Filtering u and v at plevel 0.00015964567384570998
12/24/2018 05:50:13 PM Filtering u and v at plevel 2.710462927265426e-05
12/24/2018 05:50:19 PM calculated EKE
12/24/2018 05:50:30 PM saved EKE data
12/24/2018 05:50:30 PM EKE calculated !! Great !!
12/24/2018 05:50:35 PM ...........Calculate EKE.............8
12/24/2018 05:50:35 PM imported nc file
12/24/2018 05:51:04 PM imported coordinates
12/24/2018 05:52:26 PM imported pressure
12/24/2018 05:53:02 PM saved v_comp
12/24/2018 05:53:11 PM saved u_comp
12/24/2018 05:53:51 PM Filtering signal now
12/24/2018 05:54:02 PM Filtering u and v at plevel 0.9731199465677635
12/24/2018 05:54:09 PM Filtering u and v at plevel 0.9210435734946946
12/24/2018 05:54:16 PM Filtering u and v at plevel 0.8717540125826787
12/24/2018 05:54:23 PM Filtering u and v at plevel 0.8251018703001956
12/24/2018 05:54:30 PM Filtering u and v at plevel 0.7809450914447958
12/24/2018 05:54:37 PM Filtering u and v at plevel 0.7391477498279747
12/24/2018 05:54:44 PM Filtering u and v at plevel 0.6995784804292889
12/24/2018 05:54:51 PM Filtering u and v at plevel 0.6621085665908767
12/24/2018 05:54:58 PM Filtering u and v at plevel 0.6266097287784145
12/24/2018 05:55:05 PM Filtering u and v at plevel 0.592951685476526
12/24/2018 05:55:12 PM Filtering u and v at plevel 0.5609995761404118
12/24/2018 05:55:19 PM Filtering u and v at plevel 0.5306113557418541
12/24/2018 05:55:26 PM Filtering u and v at plevel 0.5016352961682442
12/24/2018 05:55:33 PM Filtering u and v at plevel 0.4739077683307861
12/24/2018 05:55:41 PM Filtering u and v at plevel 0.44725153763167325
12/24/2018 05:55:48 PM Filtering u and v at plevel 0.4214748913644697
12/24/2018 05:55:55 PM Filtering u and v at plevel 0.3963720342166585
12/24/2018 05:56:02 PM Filtering u and v at plevel 0.371725335892926
12/24/2018 05:56:09 PM Filtering u and v at plevel 0.34731017971440126
12/24/2018 05:56:16 PM Filtering u and v at plevel 0.32290330906438663
12/24/2018 05:56:23 PM Filtering u and v at plevel 0.29829563412593546
12/24/2018 05:56:30 PM Filtering u and v at plevel 0.27331033560806184
12/24/2018 05:56:37 PM Filtering u and v at plevel 0.2478266277557821
12/24/2018 05:56:44 PM Filtering u and v at plevel 0.22180852820217098
12/24/2018 05:56:51 PM Filtering u and v at plevel 0.19533625519570888
12/24/2018 05:56:58 PM Filtering u and v at plevel 0.1686353994868007
12/24/2018 05:57:05 PM Filtering u and v at plevel 0.1420960968927281
12/24/2018 05:57:12 PM Filtering u and v at plevel 0.1162719225588613
12/24/2018 05:57:20 PM Filtering u and v at plevel 0.0918477093601027
12/24/2018 05:57:27 PM Filtering u and v at plevel 0.06956901941712679
12/24/2018 05:57:34 PM Filtering u and v at plevel 0.050135221379808886
12/24/2018 05:57:41 PM Filtering u and v at plevel 0.03407262549982947
12/24/2018 05:57:48 PM Filtering u and v at plevel 0.021619597882391442
12/24/2018 05:57:55 PM Filtering u and v at plevel 0.012663559404899662
12/24/2018 05:58:02 PM Filtering u and v at plevel 0.006761046642395754
12/24/2018 05:58:09 PM Filtering u and v at plevel 0.003243806249843405
12/24/2018 05:58:16 PM Filtering u and v at plevel 0.0013766083204391473
12/24/2018 05:58:23 PM Filtering u and v at plevel 0.0005077583032093046
12/24/2018 05:58:30 PM Filtering u and v at plevel 0.00015964567384570998
12/24/2018 05:58:37 PM Filtering u and v at plevel 2.710462927265426e-05
12/24/2018 05:58:43 PM calculated EKE
12/24/2018 05:58:54 PM saved EKE data
12/24/2018 05:58:54 PM EKE calculated !! Great !!
12/24/2018 05:58:58 PM ...........Calculate EKE.............9
12/24/2018 05:58:58 PM imported nc file
12/24/2018 05:59:31 PM imported coordinates
12/24/2018 06:00:50 PM imported pressure
12/24/2018 06:01:22 PM saved v_comp
12/24/2018 06:01:33 PM saved u_comp
12/24/2018 06:02:12 PM Filtering signal now
12/24/2018 06:02:23 PM Filtering u and v at plevel 0.9731199465677635
12/24/2018 06:02:30 PM Filtering u and v at plevel 0.9210435734946946
12/24/2018 06:02:37 PM Filtering u and v at plevel 0.8717540125826787
12/24/2018 06:02:45 PM Filtering u and v at plevel 0.8251018703001956
12/24/2018 06:02:52 PM Filtering u and v at plevel 0.7809450914447958
12/24/2018 06:02:59 PM Filtering u and v at plevel 0.7391477498279747
12/24/2018 06:03:07 PM Filtering u and v at plevel 0.6995784804292889
12/24/2018 06:03:14 PM Filtering u and v at plevel 0.6621085665908767
12/24/2018 06:03:21 PM Filtering u and v at plevel 0.6266097287784145
12/24/2018 06:03:28 PM Filtering u and v at plevel 0.592951685476526
12/24/2018 06:03:36 PM Filtering u and v at plevel 0.5609995761404118
12/24/2018 06:03:43 PM Filtering u and v at plevel 0.5306113557418541
12/24/2018 06:03:50 PM Filtering u and v at plevel 0.5016352961682442
12/24/2018 06:03:58 PM Filtering u and v at plevel 0.4739077683307861
12/24/2018 06:04:05 PM Filtering u and v at plevel 0.44725153763167325
12/24/2018 06:04:12 PM Filtering u and v at plevel 0.4214748913644697
12/24/2018 06:04:20 PM Filtering u and v at plevel 0.3963720342166585
12/24/2018 06:04:27 PM Filtering u and v at plevel 0.371725335892926
12/24/2018 06:04:34 PM Filtering u and v at plevel 0.34731017971440126
12/24/2018 06:04:42 PM Filtering u and v at plevel 0.32290330906438663
12/24/2018 06:04:49 PM Filtering u and v at plevel 0.29829563412593546
12/24/2018 06:04:56 PM Filtering u and v at plevel 0.27331033560806184
12/24/2018 06:05:04 PM Filtering u and v at plevel 0.2478266277557821
12/24/2018 06:05:11 PM Filtering u and v at plevel 0.22180852820217098
12/24/2018 06:05:18 PM Filtering u and v at plevel 0.19533625519570888
12/24/2018 06:05:25 PM Filtering u and v at plevel 0.1686353994868007
12/24/2018 06:05:33 PM Filtering u and v at plevel 0.1420960968927281
12/24/2018 06:05:40 PM Filtering u and v at plevel 0.1162719225588613
12/24/2018 06:05:47 PM Filtering u and v at plevel 0.0918477093601027
12/24/2018 06:05:55 PM Filtering u and v at plevel 0.06956901941712679
12/24/2018 06:06:02 PM Filtering u and v at plevel 0.050135221379808886
12/24/2018 06:06:09 PM Filtering u and v at plevel 0.03407262549982947
12/24/2018 06:06:17 PM Filtering u and v at plevel 0.021619597882391442
12/24/2018 06:06:24 PM Filtering u and v at plevel 0.012663559404899662
12/24/2018 06:06:31 PM Filtering u and v at plevel 0.006761046642395754
12/24/2018 06:06:39 PM Filtering u and v at plevel 0.003243806249843405
12/24/2018 06:06:46 PM Filtering u and v at plevel 0.0013766083204391473
12/24/2018 06:06:53 PM Filtering u and v at plevel 0.0005077583032093046
12/24/2018 06:07:00 PM Filtering u and v at plevel 0.00015964567384570998
12/24/2018 06:07:08 PM Filtering u and v at plevel 2.710462927265426e-05
12/24/2018 06:07:13 PM calculated EKE
12/24/2018 06:07:25 PM saved EKE data
12/24/2018 06:07:25 PM EKE calculated !! Great !!
