03/12/2019 02:27:51 PM ......7.......interpolation_from_sigma_to_pres_coord.py........7.........
03/12/2019 02:27:51 PM imported nc file
03/12/2019 02:29:02 PM imported coordinates, height
03/12/2019 02:30:09 PM imported u
03/12/2019 02:31:18 PM imported v
03/12/2019 02:32:29 PM imported ht
03/12/2019 02:33:39 PM imported temp
03/12/2019 02:34:43 PM imported sphum
03/12/2019 02:35:54 PM imported pressure
03/12/2019 02:39:49 PM interpolation done
03/12/2019 02:41:18 PM internal extraction after interpolation
03/12/2019 02:41:40 PM saved raw coordinates dictionary
03/12/2019 02:41:44 PM Trying `CDLL(libgeos_c.so.1)`
03/12/2019 02:41:44 PM Library path: 'libgeos_c.so.1'
03/12/2019 02:41:44 PM DLL: <CDLL 'libgeos_c.so.1', handle 3366700 at 7f3edbe6d610>
03/12/2019 02:41:44 PM Trying `CDLL(libc.so.6)`
03/12/2019 02:41:44 PM Library path: 'libc.so.6'
03/12/2019 02:41:44 PM DLL: <CDLL 'libc.so.6', handle 7f3ee64cb990 at 7f3e8a7360d0>
03/12/2019 02:41:52 PM reordering uwind and vwind
03/12/2019 02:41:57 PM Create a VectorWind instance
03/12/2019 02:42:57 PM VectorWind recovered
03/12/2019 02:42:57 PM Masked the data
03/12/2019 02:43:03 PM saved stream function dictionary
03/12/2019 03:31:01 PM ......7.......interpolation_from_sigma_to_pres_coord.py........7.........
03/12/2019 03:31:01 PM imported nc file
03/12/2019 03:31:01 PM imported coordinates, height
