03/12/2019 02:43:02 PM ......8.......interpolation_from_sigma_to_pres_coord.py........8.........
03/12/2019 02:43:02 PM imported nc file
03/12/2019 02:44:11 PM imported coordinates, height
03/12/2019 02:45:20 PM imported u
03/12/2019 02:46:31 PM imported v
03/12/2019 02:47:36 PM imported ht
03/12/2019 02:48:55 PM imported temp
03/12/2019 02:50:04 PM imported sphum
03/12/2019 02:51:11 PM imported pressure
03/12/2019 02:55:00 PM interpolation done
03/12/2019 02:56:29 PM internal extraction after interpolation
03/12/2019 02:56:54 PM saved raw coordinates dictionary
03/12/2019 02:56:58 PM Trying `CDLL(libgeos_c.so.1)`
03/12/2019 02:56:58 PM Library path: 'libgeos_c.so.1'
03/12/2019 02:56:58 PM DLL: <CDLL 'libgeos_c.so.1', handle 3c87840 at 7facd3524ed0>
03/12/2019 02:56:59 PM Trying `CDLL(libc.so.6)`
03/12/2019 02:56:59 PM Library path: 'libc.so.6'
03/12/2019 02:56:59 PM DLL: <CDLL 'libc.so.6', handle 7facdda0d990 at 7fac81c770d0>
03/12/2019 02:57:07 PM reordering uwind and vwind
03/12/2019 02:57:12 PM Create a VectorWind instance
03/12/2019 02:58:11 PM VectorWind recovered
03/12/2019 02:58:11 PM Masked the data
03/12/2019 02:58:18 PM saved stream function dictionary
03/12/2019 03:31:01 PM ......8.......interpolation_from_sigma_to_pres_coord.py........8.........
03/12/2019 03:31:01 PM imported nc file
03/12/2019 03:31:01 PM imported coordinates, height
