03/12/2019 12:40:18 PM ......0.......interpolation_from_sigma_to_pres_coord.py........0.........
03/12/2019 12:40:18 PM imported nc file
03/12/2019 12:41:32 PM imported coordinates, height
03/12/2019 12:42:47 PM imported u
03/12/2019 12:43:59 PM imported v
03/12/2019 12:45:16 PM imported ht
03/12/2019 12:46:22 PM imported temp
03/12/2019 12:47:26 PM imported sphum
03/12/2019 12:48:40 PM imported pressure
03/12/2019 12:52:31 PM interpolation done
03/12/2019 12:53:59 PM internal extraction after interpolation
03/12/2019 12:54:23 PM saved raw coordinates dictionary
03/12/2019 12:54:30 PM Trying `CDLL(libgeos_c.so.1)`
03/12/2019 12:54:31 PM Library path: 'libgeos_c.so.1'
03/12/2019 12:54:31 PM DLL: <CDLL 'libgeos_c.so.1', handle 3365500 at 7f404e661e10>
03/12/2019 12:54:31 PM Trying `CDLL(libc.so.6)`
03/12/2019 12:54:31 PM Library path: 'libc.so.6'
03/12/2019 12:54:31 PM DLL: <CDLL 'libc.so.6', handle 7f426f0c3990 at 7f4264a65610>
03/12/2019 12:54:40 PM reordering uwind and vwind
03/12/2019 12:54:45 PM Create a VectorWind instance
03/12/2019 12:55:45 PM VectorWind recovered
03/12/2019 12:55:45 PM Masked the data
03/12/2019 12:55:51 PM saved stream function dictionary
03/12/2019 03:22:44 PM ......0.......interpolation_from_sigma_to_pres_coord.py........0.........
03/12/2019 03:22:44 PM imported nc file
03/12/2019 03:24:40 PM ......0.......interpolation_from_sigma_to_pres_coord.py........0.........
03/12/2019 03:24:40 PM imported nc file
03/12/2019 03:26:06 PM imported coordinates, height
