03/12/2019 12:56:06 PM ......1.......interpolation_from_sigma_to_pres_coord.py........1.........
03/12/2019 12:56:06 PM imported nc file
03/12/2019 12:57:16 PM imported coordinates, height
03/12/2019 12:58:24 PM imported u
03/12/2019 12:59:34 PM imported v
03/12/2019 01:00:46 PM imported ht
03/12/2019 01:01:52 PM imported temp
03/12/2019 01:03:05 PM imported sphum
03/12/2019 01:04:15 PM imported pressure
03/12/2019 01:08:12 PM interpolation done
03/12/2019 01:09:41 PM internal extraction after interpolation
03/12/2019 01:10:05 PM saved raw coordinates dictionary
03/12/2019 01:10:09 PM Trying `CDLL(libgeos_c.so.1)`
03/12/2019 01:10:09 PM Library path: 'libgeos_c.so.1'
03/12/2019 01:10:09 PM DLL: <CDLL 'libgeos_c.so.1', handle 3eeb7d0 at 7f454b571610>
03/12/2019 01:10:10 PM Trying `CDLL(libc.so.6)`
03/12/2019 01:10:10 PM Library path: 'libc.so.6'
03/12/2019 01:10:10 PM DLL: <CDLL 'libc.so.6', handle 7f4555bcf990 at 7f44f9d9e0d0>
03/12/2019 01:10:17 PM reordering uwind and vwind
03/12/2019 01:10:22 PM Create a VectorWind instance
03/12/2019 01:11:22 PM VectorWind recovered
03/12/2019 01:11:22 PM Masked the data
03/12/2019 01:11:28 PM saved stream function dictionary
03/12/2019 03:26:12 PM ......1.......interpolation_from_sigma_to_pres_coord.py........1.........
03/12/2019 03:26:12 PM imported nc file
03/12/2019 03:27:35 PM imported coordinates, height
