03/12/2019 01:11:38 PM ......2.......interpolation_from_sigma_to_pres_coord.py........2.........
03/12/2019 01:11:38 PM imported nc file
03/12/2019 01:12:47 PM imported coordinates, height
03/12/2019 01:13:54 PM imported u
03/12/2019 01:15:07 PM imported v
03/12/2019 01:16:13 PM imported ht
03/12/2019 01:17:18 PM imported temp
03/12/2019 01:18:30 PM imported sphum
03/12/2019 01:19:41 PM imported pressure
03/12/2019 01:23:34 PM interpolation done
03/12/2019 01:25:04 PM internal extraction after interpolation
03/12/2019 01:25:28 PM saved raw coordinates dictionary
03/12/2019 01:25:31 PM Trying `CDLL(libgeos_c.so.1)`
03/12/2019 01:25:31 PM Library path: 'libgeos_c.so.1'
03/12/2019 01:25:31 PM DLL: <CDLL 'libgeos_c.so.1', handle 3791a30 at 7f173cccb610>
03/12/2019 01:25:32 PM Trying `CDLL(libc.so.6)`
03/12/2019 01:25:32 PM Library path: 'libc.so.6'
03/12/2019 01:25:32 PM DLL: <CDLL 'libc.so.6', handle 7f1747329990 at 7f16eb5940d0>
03/12/2019 01:25:40 PM reordering uwind and vwind
03/12/2019 01:25:45 PM Create a VectorWind instance
03/12/2019 01:26:44 PM VectorWind recovered
03/12/2019 01:26:44 PM Masked the data
03/12/2019 01:26:50 PM saved stream function dictionary
03/12/2019 03:27:45 PM ......2.......interpolation_from_sigma_to_pres_coord.py........2.........
03/12/2019 03:27:45 PM imported nc file
03/12/2019 03:29:02 PM imported coordinates, height
