03/12/2019 01:27:03 PM ......3.......interpolation_from_sigma_to_pres_coord.py........3.........
03/12/2019 01:27:03 PM imported nc file
03/12/2019 01:28:09 PM imported coordinates, height
03/12/2019 01:29:15 PM imported u
03/12/2019 01:30:29 PM imported v
03/12/2019 01:31:39 PM imported ht
03/12/2019 01:32:45 PM imported temp
03/12/2019 01:33:58 PM imported sphum
03/12/2019 01:35:09 PM imported pressure
03/12/2019 01:39:01 PM interpolation done
03/12/2019 01:40:30 PM internal extraction after interpolation
03/12/2019 01:40:54 PM saved raw coordinates dictionary
03/12/2019 01:40:57 PM Trying `CDLL(libgeos_c.so.1)`
03/12/2019 01:40:57 PM Library path: 'libgeos_c.so.1'
03/12/2019 01:40:57 PM DLL: <CDLL 'libgeos_c.so.1', handle 3a36870 at 7fa21f34f610>
03/12/2019 01:40:58 PM Trying `CDLL(libc.so.6)`
03/12/2019 01:40:58 PM Library path: 'libc.so.6'
03/12/2019 01:40:58 PM DLL: <CDLL 'libc.so.6', handle 7fa2299ad990 at 7fa1cdc980d0>
03/12/2019 01:41:06 PM reordering uwind and vwind
03/12/2019 01:41:11 PM Create a VectorWind instance
03/12/2019 01:42:11 PM VectorWind recovered
03/12/2019 01:42:11 PM Masked the data
03/12/2019 01:42:17 PM saved stream function dictionary
03/12/2019 03:29:10 PM ......3.......interpolation_from_sigma_to_pres_coord.py........3.........
03/12/2019 03:29:10 PM imported nc file
03/12/2019 03:30:38 PM imported coordinates, height
