12/24/2018 04:15:19 PM destination folder created !
12/24/2018 04:15:19 PM ** INTERPOLATION ** 
12/24/2018 04:15:21 PM destination folder created !
12/24/2018 04:15:21 PM ** INTERPOLATION ** 
12/24/2018 04:30:20 PM destination folder created !
12/24/2018 04:30:20 PM ...........Extract_ncfile_save_fluxes_radiation.py.............0
12/24/2018 04:30:20 PM imported nc file
12/24/2018 04:30:51 PM imported coordinates
12/24/2018 04:32:08 PM imported pressure
12/24/2018 04:32:49 PM saved temp
12/24/2018 04:33:04 PM saved v_comp
12/24/2018 04:33:13 PM saved u_comp
12/24/2018 04:33:54 PM saved Z
12/24/2018 04:34:18 PM saved q
12/24/2018 04:34:43 PM saved EKE
12/24/2018 04:34:46 PM calculated KE
12/24/2018 04:34:52 PM calculated MSE fluxes
12/24/2018 04:35:04 PM saved raw data
12/24/2018 04:35:07 PM vertical integartion : MSE fluxes
12/24/2018 04:35:11 PM vertical integration : sensible fluxes
12/24/2018 04:35:14 PM vertical integration : latent fluxes
12/24/2018 04:35:18 PM vertical integration : nc potential fluxes
12/24/2018 04:35:22 PM vertical integration : kinetic energy fluxes
12/24/2018 04:35:26 PM vertical integration : Enthalpy 
12/24/2018 04:36:20 PM saved radiation
12/24/2018 04:36:22 PM saved t_surf
12/24/2018 04:36:24 PM saved flux_oceanq
12/24/2018 04:36:26 PM precipitation
12/24/2018 04:36:28 PM radiation-- I think its right now !
12/24/2018 04:36:28 PM calculated dh_by_dt
12/24/2018 04:36:28 PM loaded coordinates dictionary
12/24/2018 04:36:28 PM loaded MSE_flux dictionary
12/24/2018 04:36:28 PM loaded rad_dic dictionary
12/24/2018 04:36:29 PM successfully saved dictionaries in files
12/24/2018 04:36:29 PM Begins calculating TE, SE and MM fluxes ....
12/24/2018 04:36:32 PM calculated dh_by_dt dictionary
12/24/2018 04:38:48 PM loaded zonal decomposed fluxes dictionary
12/24/2018 04:38:48 PM loaded zonal decomposed fluxes without vertical avg dictionary
12/24/2018 04:38:48 PM loaded zonal radiation dictionary
12/24/2018 04:39:24 PM loaded MMC_thermo_dynamic dictionary
12/24/2018 04:39:24 PM loaded MMC_thermo_dynamic_vert dictionary
12/24/2018 04:39:35 PM destination folder created !
12/24/2018 04:39:36 PM ...........Extract_ncfile_save_fluxes_radiation.py.............1
12/24/2018 04:39:36 PM imported nc file
12/24/2018 04:40:05 PM imported coordinates
12/24/2018 04:41:22 PM imported pressure
12/24/2018 04:42:03 PM saved temp
12/24/2018 04:42:18 PM saved v_comp
12/24/2018 04:42:26 PM saved u_comp
12/24/2018 04:43:09 PM saved Z
12/24/2018 04:43:34 PM saved q
12/24/2018 04:44:00 PM saved EKE
12/24/2018 04:44:04 PM calculated KE
12/24/2018 04:44:10 PM calculated MSE fluxes
12/24/2018 04:44:21 PM saved raw data
12/24/2018 04:44:24 PM vertical integartion : MSE fluxes
12/24/2018 04:44:27 PM vertical integration : sensible fluxes
12/24/2018 04:44:31 PM vertical integration : latent fluxes
12/24/2018 04:44:35 PM vertical integration : nc potential fluxes
12/24/2018 04:44:38 PM vertical integration : kinetic energy fluxes
12/24/2018 04:44:42 PM vertical integration : Enthalpy 
12/24/2018 04:45:29 PM saved radiation
12/24/2018 04:45:31 PM saved t_surf
12/24/2018 04:45:33 PM saved flux_oceanq
12/24/2018 04:45:36 PM precipitation
12/24/2018 04:45:37 PM radiation-- I think its right now !
12/24/2018 04:45:37 PM calculated dh_by_dt
12/24/2018 04:45:37 PM loaded coordinates dictionary
12/24/2018 04:45:37 PM loaded MSE_flux dictionary
12/24/2018 04:45:37 PM loaded rad_dic dictionary
12/24/2018 04:45:38 PM successfully saved dictionaries in files
12/24/2018 04:45:38 PM Begins calculating TE, SE and MM fluxes ....
12/24/2018 04:45:40 PM calculated dh_by_dt dictionary
12/24/2018 04:47:53 PM loaded zonal decomposed fluxes dictionary
12/24/2018 04:47:53 PM loaded zonal decomposed fluxes without vertical avg dictionary
12/24/2018 04:47:53 PM loaded zonal radiation dictionary
12/24/2018 04:48:29 PM loaded MMC_thermo_dynamic dictionary
12/24/2018 04:48:29 PM loaded MMC_thermo_dynamic_vert dictionary
12/24/2018 04:48:36 PM destination folder created !
12/24/2018 04:48:36 PM ...........Extract_ncfile_save_fluxes_radiation.py.............2
12/24/2018 04:48:36 PM imported nc file
12/24/2018 04:49:07 PM imported coordinates
12/24/2018 04:50:24 PM imported pressure
12/24/2018 04:51:05 PM saved temp
12/24/2018 04:51:19 PM saved v_comp
12/24/2018 04:51:27 PM saved u_comp
12/24/2018 04:52:09 PM saved Z
12/24/2018 04:52:31 PM saved q
12/24/2018 04:52:56 PM saved EKE
12/24/2018 04:52:59 PM calculated KE
12/24/2018 04:53:05 PM calculated MSE fluxes
12/24/2018 04:53:17 PM saved raw data
12/24/2018 04:53:19 PM vertical integartion : MSE fluxes
12/24/2018 04:53:23 PM vertical integration : sensible fluxes
12/24/2018 04:53:27 PM vertical integration : latent fluxes
12/24/2018 04:53:31 PM vertical integration : nc potential fluxes
12/24/2018 04:53:34 PM vertical integration : kinetic energy fluxes
12/24/2018 04:53:38 PM vertical integration : Enthalpy 
12/24/2018 04:54:27 PM saved radiation
12/24/2018 04:54:29 PM saved t_surf
12/24/2018 04:54:31 PM saved flux_oceanq
12/24/2018 04:54:33 PM precipitation
12/24/2018 04:54:34 PM radiation-- I think its right now !
12/24/2018 04:54:35 PM calculated dh_by_dt
12/24/2018 04:54:35 PM loaded coordinates dictionary
12/24/2018 04:54:35 PM loaded MSE_flux dictionary
12/24/2018 04:54:35 PM loaded rad_dic dictionary
12/24/2018 04:54:35 PM successfully saved dictionaries in files
12/24/2018 04:54:35 PM Begins calculating TE, SE and MM fluxes ....
12/24/2018 04:54:37 PM calculated dh_by_dt dictionary
12/24/2018 04:56:52 PM loaded zonal decomposed fluxes dictionary
12/24/2018 04:56:52 PM loaded zonal decomposed fluxes without vertical avg dictionary
12/24/2018 04:56:52 PM loaded zonal radiation dictionary
12/24/2018 04:57:28 PM loaded MMC_thermo_dynamic dictionary
12/24/2018 04:57:28 PM loaded MMC_thermo_dynamic_vert dictionary
12/24/2018 04:57:34 PM destination folder created !
12/24/2018 04:57:34 PM ...........Extract_ncfile_save_fluxes_radiation.py.............3
12/24/2018 04:57:34 PM imported nc file
12/24/2018 04:58:05 PM imported coordinates
12/24/2018 04:59:26 PM imported pressure
12/24/2018 05:00:08 PM saved temp
12/24/2018 05:00:23 PM saved v_comp
12/24/2018 05:00:38 PM saved u_comp
12/24/2018 05:01:23 PM saved Z
12/24/2018 05:01:55 PM saved q
12/24/2018 05:02:21 PM saved EKE
12/24/2018 05:02:25 PM calculated KE
12/24/2018 05:02:30 PM calculated MSE fluxes
12/24/2018 05:02:42 PM saved raw data
12/24/2018 05:02:45 PM vertical integartion : MSE fluxes
12/24/2018 05:02:48 PM vertical integration : sensible fluxes
12/24/2018 05:02:52 PM vertical integration : latent fluxes
12/24/2018 05:02:56 PM vertical integration : nc potential fluxes
12/24/2018 05:02:59 PM vertical integration : kinetic energy fluxes
12/24/2018 05:03:03 PM vertical integration : Enthalpy 
12/24/2018 05:03:51 PM saved radiation
12/24/2018 05:03:53 PM saved t_surf
12/24/2018 05:03:55 PM saved flux_oceanq
12/24/2018 05:03:57 PM precipitation
12/24/2018 05:03:58 PM radiation-- I think its right now !
12/24/2018 05:03:59 PM calculated dh_by_dt
12/24/2018 05:03:59 PM loaded coordinates dictionary
12/24/2018 05:03:59 PM loaded MSE_flux dictionary
12/24/2018 05:03:59 PM loaded rad_dic dictionary
12/24/2018 05:03:59 PM successfully saved dictionaries in files
12/24/2018 05:03:59 PM Begins calculating TE, SE and MM fluxes ....
12/24/2018 05:04:01 PM calculated dh_by_dt dictionary
12/24/2018 05:06:17 PM loaded zonal decomposed fluxes dictionary
12/24/2018 05:06:17 PM loaded zonal decomposed fluxes without vertical avg dictionary
12/24/2018 05:06:17 PM loaded zonal radiation dictionary
12/24/2018 05:06:54 PM loaded MMC_thermo_dynamic dictionary
12/24/2018 05:06:54 PM loaded MMC_thermo_dynamic_vert dictionary
12/24/2018 05:07:01 PM destination folder created !
12/24/2018 05:07:01 PM ...........Extract_ncfile_save_fluxes_radiation.py.............4
12/24/2018 05:07:01 PM imported nc file
12/24/2018 05:07:31 PM imported coordinates
12/24/2018 05:08:50 PM imported pressure
12/24/2018 05:09:31 PM saved temp
12/24/2018 05:09:45 PM saved v_comp
12/24/2018 05:09:55 PM saved u_comp
12/24/2018 05:10:37 PM saved Z
12/24/2018 05:11:03 PM saved q
12/24/2018 05:11:30 PM saved EKE
12/24/2018 05:11:33 PM calculated KE
12/24/2018 05:11:40 PM calculated MSE fluxes
12/24/2018 05:11:51 PM saved raw data
12/24/2018 05:11:54 PM vertical integartion : MSE fluxes
12/24/2018 05:11:57 PM vertical integration : sensible fluxes
12/24/2018 05:12:01 PM vertical integration : latent fluxes
12/24/2018 05:12:05 PM vertical integration : nc potential fluxes
12/24/2018 05:12:08 PM vertical integration : kinetic energy fluxes
12/24/2018 05:12:12 PM vertical integration : Enthalpy 
12/24/2018 05:13:00 PM saved radiation
12/24/2018 05:13:03 PM saved t_surf
12/24/2018 05:13:05 PM saved flux_oceanq
12/24/2018 05:13:07 PM precipitation
12/24/2018 05:13:08 PM radiation-- I think its right now !
12/24/2018 05:13:09 PM calculated dh_by_dt
12/24/2018 05:13:09 PM loaded coordinates dictionary
12/24/2018 05:13:09 PM loaded MSE_flux dictionary
12/24/2018 05:13:09 PM loaded rad_dic dictionary
12/24/2018 05:13:09 PM successfully saved dictionaries in files
12/24/2018 05:13:09 PM Begins calculating TE, SE and MM fluxes ....
12/24/2018 05:13:11 PM calculated dh_by_dt dictionary
12/24/2018 05:15:24 PM loaded zonal decomposed fluxes dictionary
12/24/2018 05:15:24 PM loaded zonal decomposed fluxes without vertical avg dictionary
12/24/2018 05:15:25 PM loaded zonal radiation dictionary
12/24/2018 05:16:00 PM loaded MMC_thermo_dynamic dictionary
12/24/2018 05:16:00 PM loaded MMC_thermo_dynamic_vert dictionary
12/24/2018 05:16:06 PM destination folder created !
12/24/2018 05:16:06 PM ...........Extract_ncfile_save_fluxes_radiation.py.............5
12/24/2018 05:16:06 PM imported nc file
12/24/2018 05:16:35 PM imported coordinates
12/24/2018 05:17:54 PM imported pressure
12/24/2018 05:18:33 PM saved temp
12/24/2018 05:18:47 PM saved v_comp
12/24/2018 05:19:03 PM saved u_comp
12/24/2018 05:19:51 PM saved Z
12/24/2018 05:20:39 PM saved q
12/24/2018 05:21:10 PM saved EKE
12/24/2018 05:21:13 PM calculated KE
12/24/2018 05:21:19 PM calculated MSE fluxes
12/24/2018 05:21:31 PM saved raw data
12/24/2018 05:21:33 PM vertical integartion : MSE fluxes
12/24/2018 05:21:37 PM vertical integration : sensible fluxes
12/24/2018 05:21:41 PM vertical integration : latent fluxes
12/24/2018 05:21:44 PM vertical integration : nc potential fluxes
12/24/2018 05:21:48 PM vertical integration : kinetic energy fluxes
12/24/2018 05:21:52 PM vertical integration : Enthalpy 
12/24/2018 05:22:40 PM saved radiation
12/24/2018 05:22:42 PM saved t_surf
12/24/2018 05:22:44 PM saved flux_oceanq
12/24/2018 05:22:46 PM precipitation
12/24/2018 05:22:47 PM radiation-- I think its right now !
12/24/2018 05:22:48 PM calculated dh_by_dt
12/24/2018 05:22:48 PM loaded coordinates dictionary
12/24/2018 05:22:48 PM loaded MSE_flux dictionary
12/24/2018 05:22:48 PM loaded rad_dic dictionary
12/24/2018 05:22:49 PM successfully saved dictionaries in files
12/24/2018 05:22:49 PM Begins calculating TE, SE and MM fluxes ....
12/24/2018 05:22:50 PM calculated dh_by_dt dictionary
12/24/2018 05:25:05 PM loaded zonal decomposed fluxes dictionary
12/24/2018 05:25:05 PM loaded zonal decomposed fluxes without vertical avg dictionary
12/24/2018 05:25:05 PM loaded zonal radiation dictionary
12/24/2018 05:25:42 PM loaded MMC_thermo_dynamic dictionary
12/24/2018 05:25:42 PM loaded MMC_thermo_dynamic_vert dictionary
12/24/2018 05:25:48 PM destination folder created !
12/24/2018 05:25:48 PM ...........Extract_ncfile_save_fluxes_radiation.py.............6
12/24/2018 05:25:48 PM imported nc file
12/24/2018 05:26:13 PM imported coordinates
12/24/2018 05:27:08 PM imported pressure
12/24/2018 05:27:52 PM saved temp
12/24/2018 05:28:09 PM saved v_comp
12/24/2018 05:28:26 PM saved u_comp
12/24/2018 05:29:10 PM saved Z
12/24/2018 05:29:38 PM saved q
12/24/2018 05:30:06 PM saved EKE
12/24/2018 05:30:09 PM calculated KE
12/24/2018 05:30:15 PM calculated MSE fluxes
12/24/2018 05:30:27 PM saved raw data
12/24/2018 05:30:29 PM vertical integartion : MSE fluxes
12/24/2018 05:30:33 PM vertical integration : sensible fluxes
12/24/2018 05:30:37 PM vertical integration : latent fluxes
12/24/2018 05:30:40 PM vertical integration : nc potential fluxes
12/24/2018 05:30:44 PM vertical integration : kinetic energy fluxes
12/24/2018 05:30:47 PM vertical integration : Enthalpy 
12/24/2018 05:31:39 PM saved radiation
12/24/2018 05:31:41 PM saved t_surf
12/24/2018 05:31:43 PM saved flux_oceanq
12/24/2018 05:31:45 PM precipitation
12/24/2018 05:31:46 PM radiation-- I think its right now !
12/24/2018 05:31:47 PM calculated dh_by_dt
12/24/2018 05:31:47 PM loaded coordinates dictionary
12/24/2018 05:31:47 PM loaded MSE_flux dictionary
12/24/2018 05:31:47 PM loaded rad_dic dictionary
12/24/2018 05:31:47 PM successfully saved dictionaries in files
12/24/2018 05:31:47 PM Begins calculating TE, SE and MM fluxes ....
12/24/2018 05:31:49 PM calculated dh_by_dt dictionary
12/24/2018 05:34:03 PM loaded zonal decomposed fluxes dictionary
12/24/2018 05:34:03 PM loaded zonal decomposed fluxes without vertical avg dictionary
12/24/2018 05:34:03 PM loaded zonal radiation dictionary
12/24/2018 05:34:39 PM loaded MMC_thermo_dynamic dictionary
12/24/2018 05:34:39 PM loaded MMC_thermo_dynamic_vert dictionary
12/24/2018 05:34:44 PM destination folder created !
12/24/2018 05:34:44 PM ...........Extract_ncfile_save_fluxes_radiation.py.............7
12/24/2018 05:34:44 PM imported nc file
12/24/2018 05:35:14 PM imported coordinates
12/24/2018 05:36:32 PM imported pressure
12/24/2018 05:37:14 PM saved temp
12/24/2018 05:37:29 PM saved v_comp
12/24/2018 05:37:46 PM saved u_comp
12/24/2018 05:38:28 PM saved Z
12/24/2018 05:38:57 PM saved q
12/24/2018 05:39:24 PM saved EKE
12/24/2018 05:39:28 PM calculated KE
12/24/2018 05:39:33 PM calculated MSE fluxes
12/24/2018 05:39:45 PM saved raw data
12/24/2018 05:39:47 PM vertical integartion : MSE fluxes
12/24/2018 05:39:51 PM vertical integration : sensible fluxes
12/24/2018 05:39:55 PM vertical integration : latent fluxes
12/24/2018 05:39:59 PM vertical integration : nc potential fluxes
12/24/2018 05:40:02 PM vertical integration : kinetic energy fluxes
12/24/2018 05:40:06 PM vertical integration : Enthalpy 
12/24/2018 05:40:54 PM saved radiation
12/24/2018 05:40:57 PM saved t_surf
12/24/2018 05:40:58 PM saved flux_oceanq
12/24/2018 05:41:00 PM precipitation
12/24/2018 05:41:02 PM radiation-- I think its right now !
12/24/2018 05:41:02 PM calculated dh_by_dt
12/24/2018 05:41:02 PM loaded coordinates dictionary
12/24/2018 05:41:02 PM loaded MSE_flux dictionary
12/24/2018 05:41:02 PM loaded rad_dic dictionary
12/24/2018 05:41:03 PM successfully saved dictionaries in files
12/24/2018 05:41:03 PM Begins calculating TE, SE and MM fluxes ....
12/24/2018 05:41:04 PM calculated dh_by_dt dictionary
12/24/2018 05:43:19 PM loaded zonal decomposed fluxes dictionary
12/24/2018 05:43:19 PM loaded zonal decomposed fluxes without vertical avg dictionary
12/24/2018 05:43:19 PM loaded zonal radiation dictionary
12/24/2018 05:43:55 PM loaded MMC_thermo_dynamic dictionary
12/24/2018 05:43:55 PM loaded MMC_thermo_dynamic_vert dictionary
12/24/2018 05:44:00 PM destination folder created !
12/24/2018 05:44:00 PM ...........Extract_ncfile_save_fluxes_radiation.py.............8
12/24/2018 05:44:00 PM imported nc file
12/24/2018 05:44:32 PM imported coordinates
12/24/2018 05:45:52 PM imported pressure
12/24/2018 05:46:33 PM saved temp
12/24/2018 05:46:48 PM saved v_comp
12/24/2018 05:47:11 PM saved u_comp
12/24/2018 05:47:52 PM saved Z
12/24/2018 05:48:20 PM saved q
12/24/2018 05:48:51 PM saved EKE
12/24/2018 05:48:55 PM calculated KE
12/24/2018 05:49:01 PM calculated MSE fluxes
12/24/2018 05:49:12 PM saved raw data
12/24/2018 05:49:15 PM vertical integartion : MSE fluxes
12/24/2018 05:49:19 PM vertical integration : sensible fluxes
12/24/2018 05:49:22 PM vertical integration : latent fluxes
12/24/2018 05:49:26 PM vertical integration : nc potential fluxes
12/24/2018 05:49:30 PM vertical integration : kinetic energy fluxes
12/24/2018 05:49:33 PM vertical integration : Enthalpy 
12/24/2018 05:50:25 PM saved radiation
12/24/2018 05:50:27 PM saved t_surf
12/24/2018 05:50:29 PM saved flux_oceanq
12/24/2018 05:50:31 PM precipitation
12/24/2018 05:50:32 PM radiation-- I think its right now !
12/24/2018 05:50:33 PM calculated dh_by_dt
12/24/2018 05:50:33 PM loaded coordinates dictionary
12/24/2018 05:50:33 PM loaded MSE_flux dictionary
12/24/2018 05:50:33 PM loaded rad_dic dictionary
12/24/2018 05:50:33 PM successfully saved dictionaries in files
12/24/2018 05:50:33 PM Begins calculating TE, SE and MM fluxes ....
12/24/2018 05:50:35 PM calculated dh_by_dt dictionary
12/24/2018 05:52:53 PM loaded zonal decomposed fluxes dictionary
12/24/2018 05:52:53 PM loaded zonal decomposed fluxes without vertical avg dictionary
12/24/2018 05:52:53 PM loaded zonal radiation dictionary
12/24/2018 05:53:31 PM loaded MMC_thermo_dynamic dictionary
12/24/2018 05:53:31 PM loaded MMC_thermo_dynamic_vert dictionary
12/24/2018 05:53:35 PM destination folder created !
12/24/2018 05:53:35 PM ...........Extract_ncfile_save_fluxes_radiation.py.............9
12/24/2018 05:53:35 PM imported nc file
12/24/2018 05:54:04 PM imported coordinates
12/24/2018 05:55:25 PM imported pressure
12/24/2018 05:56:07 PM saved temp
12/24/2018 05:56:24 PM saved v_comp
12/24/2018 05:56:39 PM saved u_comp
12/24/2018 05:57:21 PM saved Z
12/24/2018 05:57:49 PM saved q
12/24/2018 05:58:19 PM saved EKE
12/24/2018 05:58:23 PM calculated KE
12/24/2018 05:58:29 PM calculated MSE fluxes
12/24/2018 05:58:40 PM saved raw data
12/24/2018 05:58:42 PM vertical integartion : MSE fluxes
12/24/2018 05:58:46 PM vertical integration : sensible fluxes
12/24/2018 05:58:49 PM vertical integration : latent fluxes
12/24/2018 05:58:53 PM vertical integration : nc potential fluxes
12/24/2018 05:58:57 PM vertical integration : kinetic energy fluxes
12/24/2018 05:59:00 PM vertical integration : Enthalpy 
12/24/2018 05:59:53 PM saved radiation
12/24/2018 05:59:55 PM saved t_surf
12/24/2018 05:59:57 PM saved flux_oceanq
12/24/2018 05:59:59 PM precipitation
12/24/2018 06:00:00 PM radiation-- I think its right now !
12/24/2018 06:00:01 PM calculated dh_by_dt
12/24/2018 06:00:01 PM loaded coordinates dictionary
12/24/2018 06:00:01 PM loaded MSE_flux dictionary
12/24/2018 06:00:01 PM loaded rad_dic dictionary
12/24/2018 06:00:01 PM successfully saved dictionaries in files
12/24/2018 06:00:01 PM Begins calculating TE, SE and MM fluxes ....
12/24/2018 06:00:03 PM calculated dh_by_dt dictionary
12/24/2018 06:02:19 PM loaded zonal decomposed fluxes dictionary
12/24/2018 06:02:19 PM loaded zonal decomposed fluxes without vertical avg dictionary
12/24/2018 06:02:19 PM loaded zonal radiation dictionary
12/24/2018 06:02:55 PM loaded MMC_thermo_dynamic dictionary
12/24/2018 06:02:55 PM loaded MMC_thermo_dynamic_vert dictionary
12/24/2018 06:02:58 PM ** INTERPOLATION ** 
12/24/2018 06:03:00 PM ----0----
12/24/2018 06:03:00 PM ----1----
12/24/2018 06:03:00 PM ----2----
12/24/2018 06:03:00 PM ----3----
12/24/2018 06:03:01 PM ----4----
12/24/2018 06:03:01 PM ----5----
12/24/2018 06:03:01 PM ----6----
12/24/2018 06:03:01 PM ----7----
12/24/2018 06:03:01 PM ----8----
12/24/2018 06:03:01 PM ----9----
12/24/2018 06:03:02 PM Calculated interpolation
12/24/2018 06:03:02 PM Calculated divergence
12/24/2018 06:03:02 PM Saved raw data interp dictionary
12/24/2018 06:03:03 PM Saved flux interp dictionary
12/24/2018 06:03:03 PM Saved flux divergence interp
12/24/2018 06:03:03 PM Saved flux vert dictionary
12/24/2018 06:03:03 PM Saved flux divergence vert interp
12/24/2018 06:03:03 PM Looks great !!
12/24/2018 06:03:03 PM ** INTERPOLATION ** 
12/24/2018 06:03:04 PM ----0----
12/24/2018 06:03:04 PM ----1----
12/24/2018 06:03:04 PM ----2----
12/24/2018 06:03:05 PM ----3----
12/24/2018 06:03:05 PM ----4----
12/24/2018 06:03:05 PM ----5----
12/24/2018 06:03:05 PM ----6----
12/24/2018 06:03:05 PM ----7----
12/24/2018 06:03:05 PM ----8----
12/24/2018 06:03:05 PM ----9----
12/24/2018 06:03:06 PM Calculated interpolation
12/24/2018 06:03:06 PM Saved decompose mmc dictionary
12/24/2018 06:03:06 PM Saved decompose mmc dictionary
12/24/2018 06:03:06 PM Looks great !!
12/24/2018 06:12:41 PM ** INTERPOLATION ** 
12/24/2018 06:12:43 PM ----0----
12/24/2018 06:12:43 PM ----1----
12/24/2018 06:12:43 PM ----2----
12/24/2018 06:12:43 PM ----3----
12/24/2018 06:12:43 PM ----4----
12/24/2018 06:12:43 PM ----5----
12/24/2018 06:12:43 PM ----6----
12/24/2018 06:12:43 PM ----7----
12/24/2018 06:12:43 PM ----8----
12/24/2018 06:12:43 PM ----9----
